# JRE version: OpenJDK Runtime Environment (8.0_232-b09) (build 1.8.0_232-b09)
# Java VM: OpenJDK 64-Bit Server VM (25.232-b09 mixed mode windows-amd64 compressed oops)
Heap:
 PSYoungGen      total 147456K, used 96143K [0x00000000eab00000, 0x00000000f5f00000, 0x0000000100000000)
  eden space 125440K, 71% used [0x00000000eab00000,0x00000000f0292d30,0x00000000f2580000)
  from space 22016K, 29% used [0x00000000f2580000,0x00000000f2bd1230,0x00000000f3b00000)
  to   space 20992K, 0% used [0x00000000f4a80000,0x00000000f4a80000,0x00000000f5f00000)
 ParOldGen       total 169984K, used 53707K [0x00000000c0000000, 0x00000000ca600000, 0x00000000eab00000)
  object space 169984K, 31% used [0x00000000c0000000,0x00000000c3472e30,0x00000000ca600000)
 Metaspace       used 47645K, capacity 48618K, committed 48856K, reserved 1091584K
  class space    used 6510K, capacity 6844K, committed 6912K, reserved 1048576K
GC Heap History (10 events):
Event: 20.773 GC heap before
{Heap before GC invocations=16 (full 3):
 PSYoungGen      total 107520K, used 19425K [0x00000000eab00000, 0x00000000f4500000, 0x0000000100000000)
  eden space 87552K, 0% used [0x00000000eab00000,0x00000000eab00000,0x00000000f0080000)
  from space 19968K, 97% used [0x00000000f0080000,0x00000000f1378730,0x00000000f1400000)
  to   space 22528K, 0% used [0x00000000f2f00000,0x00000000f2f00000,0x00000000f4500000)
 ParOldGen       total 89088K, used 68022K [0x00000000c0000000, 0x00000000c5700000, 0x00000000eab00000)
  object space 89088K, 76% used [0x00000000c0000000,0x00000000c426d930,0x00000000c5700000)
 Metaspace       used 42666K, capacity 43500K, committed 43736K, reserved 1087488K
  class space    used 5821K, capacity 6102K, committed 6144K, reserved 1048576K
Event: 20.986 GC heap after
Heap after GC invocations=16 (full 3):
 PSYoungGen      total 107520K, used 0K [0x00000000eab00000, 0x00000000f4500000, 0x0000000100000000)
  eden space 87552K, 0% used [0x00000000eab00000,0x00000000eab00000,0x00000000f0080000)
  from space 19968K, 0% used [0x00000000f0080000,0x00000000f0080000,0x00000000f1400000)
  to   space 22528K, 0% used [0x00000000f2f00000,0x00000000f2f00000,0x00000000f4500000)
 ParOldGen       total 169984K, used 53675K [0x00000000c0000000, 0x00000000ca600000, 0x00000000eab00000)
  object space 169984K, 31% used [0x00000000c0000000,0x00000000c346ae30,0x00000000ca600000)
 Metaspace       used 42666K, capacity 43500K, committed 43736K, reserved 1087488K
  class space    used 5821K, capacity 6102K, committed 6144K, reserved 1048576K
}
Event: 21.587 GC heap before
{Heap before GC invocations=17 (full 3):
 PSYoungGen      total 107520K, used 87552K [0x00000000eab00000, 0x00000000f4500000, 0x0000000100000000)
  eden space 87552K, 100% used [0x00000000eab00000,0x00000000f0080000,0x00000000f0080000)
  from space 19968K, 0% used [0x00000000f0080000,0x00000000f0080000,0x00000000f1400000)
  to   space 22528K, 0% used [0x00000000f2f00000,0x00000000f2f00000,0x00000000f4500000)
 ParOldGen       total 169984K, used 53675K [0x00000000c0000000, 0x00000000ca600000, 0x00000000eab00000)
  object space 169984K, 31% used [0x00000000c0000000,0x00000000c346ae30,0x00000000ca600000)
 Metaspace       used 44700K, capacity 45710K, committed 45912K, reserved 1089536K
  class space    used 6141K, capacity 6433K, committed 6528K, reserved 1048576K
Event: 21.591 GC heap after
Heap after GC invocations=17 (full 3):
 PSYoungGen      total 123904K, used 1613K [0x00000000eab00000, 0x00000000f4000000, 0x0000000100000000)
  eden space 106496K, 0% used [0x00000000eab00000,0x00000000eab00000,0x00000000f1300000)
  from space 17408K, 9% used [0x00000000f2f00000,0x00000000f30935f8,0x00000000f4000000)
  to   space 23040K, 0% used [0x00000000f1300000,0x00000000f1300000,0x00000000f2980000)
 ParOldGen       total 169984K, used 53683K [0x00000000c0000000, 0x00000000ca600000, 0x00000000eab00000)
  object space 169984K, 31% used [0x00000000c0000000,0x00000000c346ce30,0x00000000ca600000)
 Metaspace       used 44700K, capacity 45710K, committed 45912K, reserved 1089536K
  class space    used 6141K, capacity 6433K, committed 6528K, reserved 1048576K
}
Event: 71.199 GC heap before
{Heap before GC invocations=18 (full 3):
 PSYoungGen      total 123904K, used 101217K [0x00000000eab00000, 0x00000000f4000000, 0x0000000100000000)
  eden space 106496K, 93% used [0x00000000eab00000,0x00000000f0c45038,0x00000000f1300000)
  from space 17408K, 9% used [0x00000000f2f00000,0x00000000f30935f8,0x00000000f4000000)
  to   space 23040K, 0% used [0x00000000f1300000,0x00000000f1300000,0x00000000f2980000)
 ParOldGen       total 169984K, used 53683K [0x00000000c0000000, 0x00000000ca600000, 0x00000000eab00000)
  object space 169984K, 31% used [0x00000000c0000000,0x00000000c346ce30,0x00000000ca600000)
 Metaspace       used 45493K, capacity 46480K, committed 46680K, reserved 1089536K
  class space    used 6210K, capacity 6518K, committed 6528K, reserved 1048576K
Event: 71.217 GC heap after
Heap after GC invocations=18 (full 3):
 PSYoungGen      total 129536K, used 10721K [0x00000000eab00000, 0x00000000f5080000, 0x0000000100000000)
  eden space 106496K, 0% used [0x00000000eab00000,0x00000000eab00000,0x00000000f1300000)
  from space 23040K, 46% used [0x00000000f1300000,0x00000000f1d78500,0x00000000f2980000)
  to   space 22016K, 0% used [0x00000000f3b00000,0x00000000f3b00000,0x00000000f5080000)
 ParOldGen       total 169984K, used 53691K [0x00000000c0000000, 0x00000000ca600000, 0x00000000eab00000)
  object space 169984K, 31% used [0x00000000c0000000,0x00000000c346ee30,0x00000000ca600000)
 Metaspace       used 45493K, capacity 46480K, committed 46680K, reserved 1089536K
  class space    used 6210K, capacity 6518K, committed 6528K, reserved 1048576K
}
Event: 71.905 GC heap before
{Heap before GC invocations=19 (full 3):
 PSYoungGen      total 129536K, used 117217K [0x00000000eab00000, 0x00000000f5080000, 0x0000000100000000)
  eden space 106496K, 100% used [0x00000000eab00000,0x00000000f1300000,0x00000000f1300000)
  from space 23040K, 46% used [0x00000000f1300000,0x00000000f1d78500,0x00000000f2980000)
  to   space 22016K, 0% used [0x00000000f3b00000,0x00000000f3b00000,0x00000000f5080000)
 ParOldGen       total 169984K, used 53691K [0x00000000c0000000, 0x00000000ca600000, 0x00000000eab00000)
  object space 169984K, 31% used [0x00000000c0000000,0x00000000c346ee30,0x00000000ca600000)
 Metaspace       used 46544K, capacity 47510K, committed 47576K, reserved 1089536K
  class space    used 6362K, capacity 6648K, committed 6656K, reserved 1048576K
Event: 71.911 GC heap after
Heap after GC invocations=19 (full 3):
 PSYoungGen      total 147456K, used 2706K [0x00000000eab00000, 0x00000000f5280000, 0x0000000100000000)
  eden space 125440K, 0% used [0x00000000eab00000,0x00000000eab00000,0x00000000f2580000)
  from space 22016K, 12% used [0x00000000f3b00000,0x00000000f3da4b10,0x00000000f5080000)
  to   space 22016K, 0% used [0x00000000f2580000,0x00000000f2580000,0x00000000f3b00000)
 ParOldGen       total 169984K, used 53699K [0x00000000c0000000, 0x00000000ca600000, 0x00000000eab00000)
  object space 169984K, 31% used [0x00000000c0000000,0x00000000c3470e30,0x00000000ca600000)
 Metaspace       used 46544K, capacity 47510K, committed 47576K, reserved 1089536K
  class space    used 6362K, capacity 6648K, committed 6656K, reserved 1048576K
}
Event: 74.234 GC heap before
{Heap before GC invocations=20 (full 3):
 PSYoungGen      total 147456K, used 128099K [0x00000000eab00000, 0x00000000f5280000, 0x0000000100000000)
  eden space 125440K, 99% used [0x00000000eab00000,0x00000000f2574458,0x00000000f2580000)
  from space 22016K, 12% used [0x00000000f3b00000,0x00000000f3da4b10,0x00000000f5080000)
  to   space 22016K, 0% used [0x00000000f2580000,0x00000000f2580000,0x00000000f3b00000)
 ParOldGen       total 169984K, used 53699K [0x00000000c0000000, 0x00000000ca600000, 0x00000000eab00000)
  object space 169984K, 31% used [0x00000000c0000000,0x00000000c3470e30,0x00000000ca600000)
 Metaspace       used 47456K, capacity 48490K, committed 48856K, reserved 1091584K
  class space    used 6501K, capacity 6844K, committed 6912K, reserved 1048576K
Event: 74.253 GC heap after
Heap after GC invocations=20 (full 3):
 PSYoungGen      total 147456K, used 6468K [0x00000000eab00000, 0x00000000f5f00000, 0x0000000100000000)
  eden space 125440K, 0% used [0x00000000eab00000,0x00000000eab00000,0x00000000f2580000)
  from space 22016K, 29% used [0x00000000f2580000,0x00000000f2bd1230,0x00000000f3b00000)
  to   space 20992K, 0% used [0x00000000f4a80000,0x00000000f4a80000,0x00000000f5f00000)
 ParOldGen       total 169984K, used 53707K [0x00000000c0000000, 0x00000000ca600000, 0x00000000eab00000)
  object space 169984K, 31% used [0x00000000c0000000,0x00000000c3472e30,0x00000000ca600000)
 Metaspace       used 47456K, capacity 48490K, committed 48856K, reserved 1091584K
  class space    used 6501K, capacity 6844K, committed 6912K, reserved 1048576K
}

