# JRE version: OpenJDK Runtime Environment (8.0_232-b09) (build 1.8.0_232-b09)
# Java VM: OpenJDK 64-Bit Server VM (25.232-b09 mixed mode windows-amd64 compressed oops)
Heap:
 PSYoungGen      total 144384K, used 67500K [0x00000000eab00000, 0x00000000f7f00000, 0x0000000100000000)
  eden space 111616K, 31% used [0x00000000eab00000,0x00000000eccee070,0x00000000f1800000)
  from space 32768K, 99% used [0x00000000f1800000,0x00000000f37fd050,0x00000000f3800000)
  to   space 39936K, 0% used [0x00000000f5800000,0x00000000f5800000,0x00000000f7f00000)
 ParOldGen       total 99840K, used 69043K [0x00000000c0000000, 0x00000000c6180000, 0x00000000eab00000)
  object space 99840K, 69% used [0x00000000c0000000,0x00000000c436ccc0,0x00000000c6180000)
 Metaspace       used 53060K, capacity 54123K, committed 54232K, reserved 1095680K
  class space    used 7008K, capacity 7324K, committed 7424K, reserved 1048576K
GC Heap History (10 events):
Event: 31.938 GC heap before
{Heap before GC invocations=15 (full 2):
 PSYoungGen      total 112128K, used 112122K [0x00000000eab00000, 0x00000000f3a80000, 0x0000000100000000)
  eden space 100864K, 100% used [0x00000000eab00000,0x00000000f0d80000,0x00000000f0d80000)
  from space 11264K, 99% used [0x00000000f2100000,0x00000000f2bfeb30,0x00000000f2c00000)
  to   space 19968K, 0% used [0x00000000f0d80000,0x00000000f0d80000,0x00000000f2100000)
 ParOldGen       total 99840K, used 36997K [0x00000000c0000000, 0x00000000c6180000, 0x00000000eab00000)
  object space 99840K, 37% used [0x00000000c0000000,0x00000000c2421420,0x00000000c6180000)
 Metaspace       used 43911K, capacity 44999K, committed 45272K, reserved 1087488K
  class space    used 6004K, capacity 6320K, committed 6400K, reserved 1048576K
Event: 31.979 GC heap after
Heap after GC invocations=15 (full 2):
 PSYoungGen      total 120832K, used 6896K [0x00000000eab00000, 0x00000000f4b00000, 0x0000000100000000)
  eden space 100864K, 0% used [0x00000000eab00000,0x00000000eab00000,0x00000000f0d80000)
  from space 19968K, 34% used [0x00000000f0d80000,0x00000000f143c060,0x00000000f2100000)
  to   space 19456K, 0% used [0x00000000f3800000,0x00000000f3800000,0x00000000f4b00000)
 ParOldGen       total 99840K, used 36997K [0x00000000c0000000, 0x00000000c6180000, 0x00000000eab00000)
  object space 99840K, 37% used [0x00000000c0000000,0x00000000c2421420,0x00000000c6180000)
 Metaspace       used 43911K, capacity 44999K, committed 45272K, reserved 1087488K
  class space    used 6004K, capacity 6320K, committed 6400K, reserved 1048576K
}
Event: 33.722 GC heap before
{Heap before GC invocations=16 (full 2):
 PSYoungGen      total 120832K, used 106644K [0x00000000eab00000, 0x00000000f4b00000, 0x0000000100000000)
  eden space 100864K, 98% used [0x00000000eab00000,0x00000000f0c69368,0x00000000f0d80000)
  from space 19968K, 34% used [0x00000000f0d80000,0x00000000f143c060,0x00000000f2100000)
  to   space 19456K, 0% used [0x00000000f3800000,0x00000000f3800000,0x00000000f4b00000)
 ParOldGen       total 99840K, used 36997K [0x00000000c0000000, 0x00000000c6180000, 0x00000000eab00000)
  object space 99840K, 37% used [0x00000000c0000000,0x00000000c2421420,0x00000000c6180000)
 Metaspace       used 45714K, capacity 46739K, committed 47064K, reserved 1089536K
  class space    used 6274K, capacity 6579K, committed 6656K, reserved 1048576K
Event: 33.740 GC heap after
Heap after GC invocations=16 (full 2):
 PSYoungGen      total 141824K, used 19153K [0x00000000eab00000, 0x00000000f5080000, 0x0000000100000000)
  eden space 122368K, 0% used [0x00000000eab00000,0x00000000eab00000,0x00000000f2280000)
  from space 19456K, 98% used [0x00000000f3800000,0x00000000f4ab4560,0x00000000f4b00000)
  to   space 22016K, 0% used [0x00000000f2280000,0x00000000f2280000,0x00000000f3800000)
 ParOldGen       total 99840K, used 39053K [0x00000000c0000000, 0x00000000c6180000, 0x00000000eab00000)
  object space 99840K, 39% used [0x00000000c0000000,0x00000000c2623430,0x00000000c6180000)
 Metaspace       used 45714K, capacity 46739K, committed 47064K, reserved 1089536K
  class space    used 6274K, capacity 6579K, committed 6656K, reserved 1048576K
}
Event: 37.418 GC heap before
{Heap before GC invocations=17 (full 2):
 PSYoungGen      total 141824K, used 141521K [0x00000000eab00000, 0x00000000f5080000, 0x0000000100000000)
  eden space 122368K, 100% used [0x00000000eab00000,0x00000000f2280000,0x00000000f2280000)
  from space 19456K, 98% used [0x00000000f3800000,0x00000000f4ab4560,0x00000000f4b00000)
  to   space 22016K, 0% used [0x00000000f2280000,0x00000000f2280000,0x00000000f3800000)
 ParOldGen       total 99840K, used 39053K [0x00000000c0000000, 0x00000000c6180000, 0x00000000eab00000)
  object space 99840K, 39% used [0x00000000c0000000,0x00000000c2623430,0x00000000c6180000)
 Metaspace       used 47498K, capacity 48619K, committed 48856K, reserved 1091584K
  class space    used 6506K, capacity 6812K, committed 6912K, reserved 1048576K
Event: 37.478 GC heap after
Heap after GC invocations=17 (full 2):
 PSYoungGen      total 144384K, used 10859K [0x00000000eab00000, 0x00000000f5080000, 0x0000000100000000)
  eden space 122368K, 0% used [0x00000000eab00000,0x00000000eab00000,0x00000000f2280000)
  from space 22016K, 49% used [0x00000000f2280000,0x00000000f2d1ae80,0x00000000f3800000)
  to   space 19456K, 0% used [0x00000000f3800000,0x00000000f3800000,0x00000000f4b00000)
 ParOldGen       total 99840K, used 39061K [0x00000000c0000000, 0x00000000c6180000, 0x00000000eab00000)
  object space 99840K, 39% used [0x00000000c0000000,0x00000000c2625430,0x00000000c6180000)
 Metaspace       used 47498K, capacity 48619K, committed 48856K, reserved 1091584K
  class space    used 6506K, capacity 6812K, committed 6912K, reserved 1048576K
}
Event: 42.157 GC heap before
{Heap before GC invocations=18 (full 2):
 PSYoungGen      total 144384K, used 133227K [0x00000000eab00000, 0x00000000f5080000, 0x0000000100000000)
  eden space 122368K, 100% used [0x00000000eab00000,0x00000000f2280000,0x00000000f2280000)
  from space 22016K, 49% used [0x00000000f2280000,0x00000000f2d1ae80,0x00000000f3800000)
  to   space 19456K, 0% used [0x00000000f3800000,0x00000000f3800000,0x00000000f4b00000)
 ParOldGen       total 99840K, used 39061K [0x00000000c0000000, 0x00000000c6180000, 0x00000000eab00000)
  object space 99840K, 39% used [0x00000000c0000000,0x00000000c2625430,0x00000000c6180000)
 Metaspace       used 51311K, capacity 52395K, committed 52568K, reserved 1095680K
  class space    used 6890K, capacity 7196K, committed 7296K, reserved 1048576K
Event: 42.299 GC heap after
Heap after GC invocations=18 (full 2):
 PSYoungGen      total 131072K, used 19442K [0x00000000eab00000, 0x00000000f8880000, 0x0000000100000000)
  eden space 111616K, 0% used [0x00000000eab00000,0x00000000eab00000,0x00000000f1800000)
  from space 19456K, 99% used [0x00000000f3800000,0x00000000f4afcbf0,0x00000000f4b00000)
  to   space 32768K, 0% used [0x00000000f1800000,0x00000000f1800000,0x00000000f3800000)
 ParOldGen       total 99840K, used 64133K [0x00000000c0000000, 0x00000000c6180000, 0x00000000eab00000)
  object space 99840K, 64% used [0x00000000c0000000,0x00000000c3ea1410,0x00000000c6180000)
 Metaspace       used 51311K, capacity 52395K, committed 52568K, reserved 1095680K
  class space    used 6890K, capacity 7196K, committed 7296K, reserved 1048576K
}
Event: 51.055 GC heap before
{Heap before GC invocations=19 (full 2):
 PSYoungGen      total 131072K, used 131058K [0x00000000eab00000, 0x00000000f8880000, 0x0000000100000000)
  eden space 111616K, 100% used [0x00000000eab00000,0x00000000f1800000,0x00000000f1800000)
  from space 19456K, 99% used [0x00000000f3800000,0x00000000f4afcbf0,0x00000000f4b00000)
  to   space 32768K, 0% used [0x00000000f1800000,0x00000000f1800000,0x00000000f3800000)
 ParOldGen       total 99840K, used 64133K [0x00000000c0000000, 0x00000000c6180000, 0x00000000eab00000)
  object space 99840K, 64% used [0x00000000c0000000,0x00000000c3ea1410,0x00000000c6180000)
 Metaspace       used 52935K, capacity 53995K, committed 54232K, reserved 1095680K
  class space    used 7008K, capacity 7324K, committed 7424K, reserved 1048576K
Event: 51.289 GC heap after
Heap after GC invocations=19 (full 2):
 PSYoungGen      total 144384K, used 32756K [0x00000000eab00000, 0x00000000f7f00000, 0x0000000100000000)
  eden space 111616K, 0% used [0x00000000eab00000,0x00000000eab00000,0x00000000f1800000)
  from space 32768K, 99% used [0x00000000f1800000,0x00000000f37fd050,0x00000000f3800000)
  to   space 39936K, 0% used [0x00000000f5800000,0x00000000f5800000,0x00000000f7f00000)
 ParOldGen       total 99840K, used 69043K [0x00000000c0000000, 0x00000000c6180000, 0x00000000eab00000)
  object space 99840K, 69% used [0x00000000c0000000,0x00000000c436ccc0,0x00000000c6180000)
 Metaspace       used 52935K, capacity 53995K, committed 54232K, reserved 1095680K
  class space    used 7008K, capacity 7324K, committed 7424K, reserved 1048576K
}

