# JRE version: OpenJDK Runtime Environment (8.0_232-b09) (build 1.8.0_232-b09)
# Java VM: OpenJDK 64-Bit Server VM (25.232-b09 mixed mode windows-amd64 compressed oops)
Heap:
 PSYoungGen      total 44032K, used 5880K [0x00000000eab00000, 0x00000000ef400000, 0x0000000100000000)
  eden space 32768K, 1% used [0x00000000eab00000,0x00000000eab95280,0x00000000ecb00000)
  from space 11264K, 46% used [0x00000000ecb00000,0x00000000ed029048,0x00000000ed600000)
  to   space 10752K, 0% used [0x00000000ee980000,0x00000000ee980000,0x00000000ef400000)
 ParOldGen       total 64000K, used 9538K [0x00000000c0000000, 0x00000000c3e80000, 0x00000000eab00000)
  object space 64000K, 14% used [0x00000000c0000000,0x00000000c0950b30,0x00000000c3e80000)
 Metaspace       used 27056K, capacity 27442K, committed 27776K, reserved 1073152K
  class space    used 3692K, capacity 3848K, committed 3968K, reserved 1048576K
GC Heap History (10 events):
Event: 8.802 GC heap before
{Heap before GC invocations=4 (full 0):
 PSYoungGen      total 38400K, used 38388K [0x00000000eab00000, 0x00000000ed580000, 0x0000000100000000)
  eden space 33280K, 100% used [0x00000000eab00000,0x00000000ecb80000,0x00000000ecb80000)
  from space 5120K, 99% used [0x00000000ecb80000,0x00000000ed07d1f0,0x00000000ed080000)
  to   space 5120K, 0% used [0x00000000ed080000,0x00000000ed080000,0x00000000ed580000)
 ParOldGen       total 87552K, used 2049K [0x00000000c0000000, 0x00000000c5580000, 0x00000000eab00000)
  object space 87552K, 2% used [0x00000000c0000000,0x00000000c02006e0,0x00000000c5580000)
 Metaspace       used 16492K, capacity 16826K, committed 16896K, reserved 1062912K
  class space    used 2363K, capacity 2513K, committed 2560K, reserved 1048576K
Event: 8.816 GC heap after
Heap after GC invocations=4 (full 0):
 PSYoungGen      total 38400K, used 5104K [0x00000000eab00000, 0x00000000ed580000, 0x0000000100000000)
  eden space 33280K, 0% used [0x00000000eab00000,0x00000000eab00000,0x00000000ecb80000)
  from space 5120K, 99% used [0x00000000ed080000,0x00000000ed57c030,0x00000000ed580000)
  to   space 5120K, 0% used [0x00000000ecb80000,0x00000000ecb80000,0x00000000ed080000)
 ParOldGen       total 87552K, used 5057K [0x00000000c0000000, 0x00000000c5580000, 0x00000000eab00000)
  object space 87552K, 5% used [0x00000000c0000000,0x00000000c04f05c8,0x00000000c5580000)
 Metaspace       used 16492K, capacity 16826K, committed 16896K, reserved 1062912K
  class space    used 2363K, capacity 2513K, committed 2560K, reserved 1048576K
}
Event: 9.898 GC heap before
{Heap before GC invocations=5 (full 0):
 PSYoungGen      total 38400K, used 35498K [0x00000000eab00000, 0x00000000ed580000, 0x0000000100000000)
  eden space 33280K, 91% used [0x00000000eab00000,0x00000000ec8aeba8,0x00000000ecb80000)
  from space 5120K, 99% used [0x00000000ed080000,0x00000000ed57c030,0x00000000ed580000)
  to   space 5120K, 0% used [0x00000000ecb80000,0x00000000ecb80000,0x00000000ed080000)
 ParOldGen       total 87552K, used 5057K [0x00000000c0000000, 0x00000000c5580000, 0x00000000eab00000)
  object space 87552K, 5% used [0x00000000c0000000,0x00000000c04f05c8,0x00000000c5580000)
 Metaspace       used 20907K, capacity 21222K, committed 21248K, reserved 1067008K
  class space    used 2922K, capacity 3060K, committed 3072K, reserved 1048576K
Event: 9.914 GC heap after
Heap after GC invocations=5 (full 0):
 PSYoungGen      total 37888K, used 5092K [0x00000000eab00000, 0x00000000ee100000, 0x0000000100000000)
  eden space 32768K, 0% used [0x00000000eab00000,0x00000000eab00000,0x00000000ecb00000)
  from space 5120K, 99% used [0x00000000ecb80000,0x00000000ed079070,0x00000000ed080000)
  to   space 11264K, 0% used [0x00000000ed600000,0x00000000ed600000,0x00000000ee100000)
 ParOldGen       total 87552K, used 9383K [0x00000000c0000000, 0x00000000c5580000, 0x00000000eab00000)
  object space 87552K, 10% used [0x00000000c0000000,0x00000000c0929d78,0x00000000c5580000)
 Metaspace       used 20907K, capacity 21222K, committed 21248K, reserved 1067008K
  class space    used 2922K, capacity 3060K, committed 3072K, reserved 1048576K
}
Event: 9.914 GC heap before
{Heap before GC invocations=6 (full 1):
 PSYoungGen      total 37888K, used 5092K [0x00000000eab00000, 0x00000000ee100000, 0x0000000100000000)
  eden space 32768K, 0% used [0x00000000eab00000,0x00000000eab00000,0x00000000ecb00000)
  from space 5120K, 99% used [0x00000000ecb80000,0x00000000ed079070,0x00000000ed080000)
  to   space 11264K, 0% used [0x00000000ed600000,0x00000000ed600000,0x00000000ee100000)
 ParOldGen       total 87552K, used 9383K [0x00000000c0000000, 0x00000000c5580000, 0x00000000eab00000)
  object space 87552K, 10% used [0x00000000c0000000,0x00000000c0929d78,0x00000000c5580000)
 Metaspace       used 20907K, capacity 21222K, committed 21248K, reserved 1067008K
  class space    used 2922K, capacity 3060K, committed 3072K, reserved 1048576K
Event: 9.977 GC heap after
Heap after GC invocations=6 (full 1):
 PSYoungGen      total 37888K, used 0K [0x00000000eab00000, 0x00000000ee100000, 0x0000000100000000)
  eden space 32768K, 0% used [0x00000000eab00000,0x00000000eab00000,0x00000000ecb00000)
  from space 5120K, 0% used [0x00000000ecb80000,0x00000000ecb80000,0x00000000ed080000)
  to   space 11264K, 0% used [0x00000000ed600000,0x00000000ed600000,0x00000000ee100000)
 ParOldGen       total 64000K, used 9522K [0x00000000c0000000, 0x00000000c3e80000, 0x00000000eab00000)
  object space 64000K, 14% used [0x00000000c0000000,0x00000000c094cb30,0x00000000c3e80000)
 Metaspace       used 20907K, capacity 21222K, committed 21248K, reserved 1067008K
  class space    used 2922K, capacity 3060K, committed 3072K, reserved 1048576K
}
Event: 10.989 GC heap before
{Heap before GC invocations=7 (full 1):
 PSYoungGen      total 37888K, used 32768K [0x00000000eab00000, 0x00000000ee100000, 0x0000000100000000)
  eden space 32768K, 100% used [0x00000000eab00000,0x00000000ecb00000,0x00000000ecb00000)
  from space 5120K, 0% used [0x00000000ecb80000,0x00000000ecb80000,0x00000000ed080000)
  to   space 11264K, 0% used [0x00000000ed600000,0x00000000ed600000,0x00000000ee100000)
 ParOldGen       total 64000K, used 9522K [0x00000000c0000000, 0x00000000c3e80000, 0x00000000eab00000)
  object space 64000K, 14% used [0x00000000c0000000,0x00000000c094cb30,0x00000000c3e80000)
 Metaspace       used 24496K, capacity 24846K, committed 25088K, reserved 1071104K
  class space    used 3336K, capacity 3517K, committed 3584K, reserved 1048576K
Event: 10.998 GC heap after
Heap after GC invocations=7 (full 1):
 PSYoungGen      total 44032K, used 3988K [0x00000000eab00000, 0x00000000ef280000, 0x0000000100000000)
  eden space 32768K, 0% used [0x00000000eab00000,0x00000000eab00000,0x00000000ecb00000)
  from space 11264K, 35% used [0x00000000ed600000,0x00000000ed9e51d8,0x00000000ee100000)
  to   space 11264K, 0% used [0x00000000ecb00000,0x00000000ecb00000,0x00000000ed600000)
 ParOldGen       total 64000K, used 9530K [0x00000000c0000000, 0x00000000c3e80000, 0x00000000eab00000)
  object space 64000K, 14% used [0x00000000c0000000,0x00000000c094eb30,0x00000000c3e80000)
 Metaspace       used 24496K, capacity 24846K, committed 25088K, reserved 1071104K
  class space    used 3336K, capacity 3517K, committed 3584K, reserved 1048576K
}
Event: 11.883 GC heap before
{Heap before GC invocations=8 (full 1):
 PSYoungGen      total 44032K, used 36756K [0x00000000eab00000, 0x00000000ef280000, 0x0000000100000000)
  eden space 32768K, 100% used [0x00000000eab00000,0x00000000ecb00000,0x00000000ecb00000)
  from space 11264K, 35% used [0x00000000ed600000,0x00000000ed9e51d8,0x00000000ee100000)
  to   space 11264K, 0% used [0x00000000ecb00000,0x00000000ecb00000,0x00000000ed600000)
 ParOldGen       total 64000K, used 9530K [0x00000000c0000000, 0x00000000c3e80000, 0x00000000eab00000)
  object space 64000K, 14% used [0x00000000c0000000,0x00000000c094eb30,0x00000000c3e80000)
 Metaspace       used 27033K, capacity 27442K, committed 27776K, reserved 1073152K
  class space    used 3686K, capacity 3848K, committed 3968K, reserved 1048576K
Event: 11.900 GC heap after
Heap after GC invocations=8 (full 1):
 PSYoungGen      total 44032K, used 5284K [0x00000000eab00000, 0x00000000ef400000, 0x0000000100000000)
  eden space 32768K, 0% used [0x00000000eab00000,0x00000000eab00000,0x00000000ecb00000)
  from space 11264K, 46% used [0x00000000ecb00000,0x00000000ed029048,0x00000000ed600000)
  to   space 10752K, 0% used [0x00000000ee980000,0x00000000ee980000,0x00000000ef400000)
 ParOldGen       total 64000K, used 9538K [0x00000000c0000000, 0x00000000c3e80000, 0x00000000eab00000)
  object space 64000K, 14% used [0x00000000c0000000,0x00000000c0950b30,0x00000000c3e80000)
 Metaspace       used 27033K, capacity 27442K, committed 27776K, reserved 1073152K
  class space    used 3686K, capacity 3848K, committed 3968K, reserved 1048576K
}

