# JRE version: OpenJDK Runtime Environment (8.0_232-b09) (build 1.8.0_232-b09)
# Java VM: OpenJDK 64-Bit Server VM (25.232-b09 mixed mode windows-amd64 compressed oops)
Heap:
 PSYoungGen      total 261632K, used 139408K [0x00000000eab00000, 0x0000000100000000, 0x0000000100000000)
  eden space 196608K, 38% used [0x00000000eab00000,0x00000000ef40e9e0,0x00000000f6b00000)
  from space 65024K, 99% used [0x00000000f6b00000,0x00000000faa159a0,0x00000000faa80000)
  to   space 84992K, 0% used [0x00000000fad00000,0x00000000fad00000,0x0000000100000000)
 ParOldGen       total 386048K, used 231115K [0x00000000c0000000, 0x00000000d7900000, 0x00000000eab00000)
  object space 386048K, 59% used [0x00000000c0000000,0x00000000ce1b2db8,0x00000000d7900000)
 Metaspace       used 55679K, capacity 56750K, committed 56920K, reserved 1099776K
  class space    used 7192K, capacity 7523K, committed 7552K, reserved 1048576K
GC Heap History (10 events):
Event: 80.332 GC heap before
{Heap before GC invocations=33 (full 4):
 PSYoungGen      total 278016K, used 240082K [0x00000000eab00000, 0x00000000ff480000, 0x0000000100000000)
  eden space 219648K, 100% used [0x00000000eab00000,0x00000000f8180000,0x00000000f8180000)
  from space 58368K, 35% used [0x00000000fbb80000,0x00000000fcf74a30,0x00000000ff480000)
  to   space 58880K, 0% used [0x00000000f8180000,0x00000000f8180000,0x00000000fbb00000)
 ParOldGen       total 386048K, used 220368K [0x00000000c0000000, 0x00000000d7900000, 0x00000000eab00000)
  object space 386048K, 57% used [0x00000000c0000000,0x00000000cd734050,0x00000000d7900000)
 Metaspace       used 54859K, capacity 55836K, committed 56152K, reserved 1097728K
  class space    used 7117K, capacity 7456K, committed 7552K, reserved 1048576K
Event: 80.380 GC heap after
Heap after GC invocations=33 (full 4):
 PSYoungGen      total 278528K, used 25695K [0x00000000eab00000, 0x00000000ffd80000, 0x0000000100000000)
  eden space 219648K, 0% used [0x00000000eab00000,0x00000000eab00000,0x00000000f8180000)
  from space 58880K, 43% used [0x00000000f8180000,0x00000000f9a97d78,0x00000000fbb00000)
  to   space 57344K, 0% used [0x00000000fc580000,0x00000000fc580000,0x00000000ffd80000)
 ParOldGen       total 386048K, used 220376K [0x00000000c0000000, 0x00000000d7900000, 0x00000000eab00000)
  object space 386048K, 57% used [0x00000000c0000000,0x00000000cd736050,0x00000000d7900000)
 Metaspace       used 54859K, capacity 55836K, committed 56152K, reserved 1097728K
  class space    used 7117K, capacity 7456K, committed 7552K, reserved 1048576K
}
Event: 82.845 GC heap before
{Heap before GC invocations=34 (full 4):
 PSYoungGen      total 278528K, used 245343K [0x00000000eab00000, 0x00000000ffd80000, 0x0000000100000000)
  eden space 219648K, 100% used [0x00000000eab00000,0x00000000f8180000,0x00000000f8180000)
  from space 58880K, 43% used [0x00000000f8180000,0x00000000f9a97d78,0x00000000fbb00000)
  to   space 57344K, 0% used [0x00000000fc580000,0x00000000fc580000,0x00000000ffd80000)
 ParOldGen       total 386048K, used 220376K [0x00000000c0000000, 0x00000000d7900000, 0x00000000eab00000)
  object space 386048K, 57% used [0x00000000c0000000,0x00000000cd736050,0x00000000d7900000)
 Metaspace       used 54871K, capacity 55836K, committed 56152K, reserved 1097728K
  class space    used 7117K, capacity 7456K, committed 7552K, reserved 1048576K
Event: 82.896 GC heap after
Heap after GC invocations=34 (full 4):
 PSYoungGen      total 288768K, used 30645K [0x00000000eab00000, 0x00000000fff80000, 0x0000000100000000)
  eden space 231424K, 0% used [0x00000000eab00000,0x00000000eab00000,0x00000000f8d00000)
  from space 57344K, 53% used [0x00000000fc580000,0x00000000fe36d650,0x00000000ffd80000)
  to   space 57856K, 0% used [0x00000000f8d00000,0x00000000f8d00000,0x00000000fc580000)
 ParOldGen       total 386048K, used 220376K [0x00000000c0000000, 0x00000000d7900000, 0x00000000eab00000)
  object space 386048K, 57% used [0x00000000c0000000,0x00000000cd736050,0x00000000d7900000)
 Metaspace       used 54871K, capacity 55836K, committed 56152K, reserved 1097728K
  class space    used 7117K, capacity 7456K, committed 7552K, reserved 1048576K
}
Event: 85.522 GC heap before
{Heap before GC invocations=35 (full 4):
 PSYoungGen      total 288768K, used 262069K [0x00000000eab00000, 0x00000000fff80000, 0x0000000100000000)
  eden space 231424K, 100% used [0x00000000eab00000,0x00000000f8d00000,0x00000000f8d00000)
  from space 57344K, 53% used [0x00000000fc580000,0x00000000fe36d650,0x00000000ffd80000)
  to   space 57856K, 0% used [0x00000000f8d00000,0x00000000f8d00000,0x00000000fc580000)
 ParOldGen       total 386048K, used 220376K [0x00000000c0000000, 0x00000000d7900000, 0x00000000eab00000)
  object space 386048K, 57% used [0x00000000c0000000,0x00000000cd736050,0x00000000d7900000)
 Metaspace       used 55058K, capacity 56124K, committed 56408K, reserved 1097728K
  class space    used 7139K, capacity 7488K, committed 7552K, reserved 1048576K
Event: 85.613 GC heap after
Heap after GC invocations=35 (full 4):
 PSYoungGen      total 277504K, used 45608K [0x00000000eab00000, 0x0000000100000000, 0x0000000100000000)
  eden space 231424K, 0% used [0x00000000eab00000,0x00000000eab00000,0x00000000f8d00000)
  from space 46080K, 98% used [0x00000000f8d00000,0x00000000fb98a090,0x00000000fba00000)
  to   space 62976K, 0% used [0x00000000fc280000,0x00000000fc280000,0x0000000100000000)
 ParOldGen       total 386048K, used 220384K [0x00000000c0000000, 0x00000000d7900000, 0x00000000eab00000)
  object space 386048K, 57% used [0x00000000c0000000,0x00000000cd738050,0x00000000d7900000)
 Metaspace       used 55058K, capacity 56124K, committed 56408K, reserved 1097728K
  class space    used 7139K, capacity 7488K, committed 7552K, reserved 1048576K
}
Event: 99.204 GC heap before
{Heap before GC invocations=36 (full 4):
 PSYoungGen      total 277504K, used 277032K [0x00000000eab00000, 0x0000000100000000, 0x0000000100000000)
  eden space 231424K, 100% used [0x00000000eab00000,0x00000000f8d00000,0x00000000f8d00000)
  from space 46080K, 98% used [0x00000000f8d00000,0x00000000fb98a090,0x00000000fba00000)
  to   space 62976K, 0% used [0x00000000fc280000,0x00000000fc280000,0x0000000100000000)
 ParOldGen       total 386048K, used 220384K [0x00000000c0000000, 0x00000000d7900000, 0x00000000eab00000)
  object space 386048K, 57% used [0x00000000c0000000,0x00000000cd738050,0x00000000d7900000)
 Metaspace       used 55409K, capacity 56546K, committed 56920K, reserved 1099776K
  class space    used 7167K, capacity 7521K, committed 7552K, reserved 1048576K
Event: 99.305 GC heap after
Heap after GC invocations=36 (full 4):
 PSYoungGen      total 259584K, used 62949K [0x00000000eab00000, 0x0000000100000000, 0x0000000100000000)
  eden space 196608K, 0% used [0x00000000eab00000,0x00000000eab00000,0x00000000f6b00000)
  from space 62976K, 99% used [0x00000000fc280000,0x00000000ffff94f0,0x0000000100000000)
  to   space 76288K, 0% used [0x00000000f6b00000,0x00000000f6b00000,0x00000000fb580000)
 ParOldGen       total 386048K, used 226768K [0x00000000c0000000, 0x00000000d7900000, 0x00000000eab00000)
  object space 386048K, 58% used [0x00000000c0000000,0x00000000cdd741e0,0x00000000d7900000)
 Metaspace       used 55409K, capacity 56546K, committed 56920K, reserved 1099776K
  class space    used 7167K, capacity 7521K, committed 7552K, reserved 1048576K
}
Event: 124.555 GC heap before
{Heap before GC invocations=37 (full 4):
 PSYoungGen      total 259584K, used 259557K [0x00000000eab00000, 0x0000000100000000, 0x0000000100000000)
  eden space 196608K, 100% used [0x00000000eab00000,0x00000000f6b00000,0x00000000f6b00000)
  from space 62976K, 99% used [0x00000000fc280000,0x00000000ffff94f0,0x0000000100000000)
  to   space 76288K, 0% used [0x00000000f6b00000,0x00000000f6b00000,0x00000000fb580000)
 ParOldGen       total 386048K, used 226768K [0x00000000c0000000, 0x00000000d7900000, 0x00000000eab00000)
  object space 386048K, 58% used [0x00000000c0000000,0x00000000cdd741e0,0x00000000d7900000)
 Metaspace       used 55427K, capacity 56558K, committed 56920K, reserved 1099776K
  class space    used 7168K, capacity 7523K, committed 7552K, reserved 1048576K
Event: 124.660 GC heap after
Heap after GC invocations=37 (full 4):
 PSYoungGen      total 261632K, used 64598K [0x00000000eab00000, 0x0000000100000000, 0x0000000100000000)
  eden space 196608K, 0% used [0x00000000eab00000,0x00000000eab00000,0x00000000f6b00000)
  from space 65024K, 99% used [0x00000000f6b00000,0x00000000faa159a0,0x00000000faa80000)
  to   space 84992K, 0% used [0x00000000fad00000,0x00000000fad00000,0x0000000100000000)
 ParOldGen       total 386048K, used 231115K [0x00000000c0000000, 0x00000000d7900000, 0x00000000eab00000)
  object space 386048K, 59% used [0x00000000c0000000,0x00000000ce1b2db8,0x00000000d7900000)
 Metaspace       used 55427K, capacity 56558K, committed 56920K, reserved 1099776K
  class space    used 7168K, capacity 7523K, committed 7552K, reserved 1048576K
}

