# JRE version: OpenJDK Runtime Environment (8.0_232-b09) (build 1.8.0_232-b09)
# Java VM: OpenJDK 64-Bit Server VM (25.232-b09 mixed mode windows-amd64 compressed oops)
Heap:
 PSYoungGen      total 73216K, used 2337K [0x00000000eab00000, 0x00000000f0c80000, 0x0000000100000000)
  eden space 62464K, 3% used [0x00000000eab00000,0x00000000ead48520,0x00000000ee800000)
  from space 10752K, 0% used [0x00000000ee800000,0x00000000ee800000,0x00000000ef280000)
  to   space 11776K, 0% used [0x00000000f0100000,0x00000000f0100000,0x00000000f0c80000)
 ParOldGen       total 109056K, used 16020K [0x00000000c0000000, 0x00000000c6a80000, 0x00000000eab00000)
  object space 109056K, 14% used [0x00000000c0000000,0x00000000c0fa5358,0x00000000c6a80000)
 Metaspace       used 34892K, capacity 35466K, committed 35672K, reserved 1079296K
  class space    used 4755K, capacity 4977K, committed 4992K, reserved 1048576K
GC Heap History (10 events):
Event: 7.530 GC heap before
{Heap before GC invocations=7 (full 1):
 PSYoungGen      total 38400K, used 33280K [0x00000000eab00000, 0x00000000f0200000, 0x0000000100000000)
  eden space 33280K, 100% used [0x00000000eab00000,0x00000000ecb80000,0x00000000ecb80000)
  from space 5120K, 0% used [0x00000000ecb80000,0x00000000ecb80000,0x00000000ed080000)
  to   space 11264K, 0% used [0x00000000ef700000,0x00000000ef700000,0x00000000f0200000)
 ParOldGen       total 68608K, used 9457K [0x00000000c0000000, 0x00000000c4300000, 0x00000000eab00000)
  object space 68608K, 13% used [0x00000000c0000000,0x00000000c093c798,0x00000000c4300000)
 Metaspace       used 24482K, capacity 24828K, committed 25088K, reserved 1071104K
  class space    used 3335K, capacity 3491K, committed 3584K, reserved 1048576K
Event: 7.537 GC heap after
Heap after GC invocations=7 (full 1):
 PSYoungGen      total 49664K, used 3959K [0x00000000eab00000, 0x00000000efb00000, 0x0000000100000000)
  eden space 45568K, 0% used [0x00000000eab00000,0x00000000eab00000,0x00000000ed780000)
  from space 4096K, 96% used [0x00000000ef700000,0x00000000efaddd88,0x00000000efb00000)
  to   space 11264K, 0% used [0x00000000ee500000,0x00000000ee500000,0x00000000ef000000)
 ParOldGen       total 68608K, used 9465K [0x00000000c0000000, 0x00000000c4300000, 0x00000000eab00000)
  object space 68608K, 13% used [0x00000000c0000000,0x00000000c093e798,0x00000000c4300000)
 Metaspace       used 24482K, capacity 24828K, committed 25088K, reserved 1071104K
  class space    used 3335K, capacity 3491K, committed 3584K, reserved 1048576K
}
Event: 8.321 GC heap before
{Heap before GC invocations=8 (full 1):
 PSYoungGen      total 49664K, used 49527K [0x00000000eab00000, 0x00000000efb00000, 0x0000000100000000)
  eden space 45568K, 100% used [0x00000000eab00000,0x00000000ed780000,0x00000000ed780000)
  from space 4096K, 96% used [0x00000000ef700000,0x00000000efaddd88,0x00000000efb00000)
  to   space 11264K, 0% used [0x00000000ee500000,0x00000000ee500000,0x00000000ef000000)
 ParOldGen       total 68608K, used 9465K [0x00000000c0000000, 0x00000000c4300000, 0x00000000eab00000)
  object space 68608K, 13% used [0x00000000c0000000,0x00000000c093e798,0x00000000c4300000)
 Metaspace       used 27395K, capacity 27904K, committed 28032K, reserved 1073152K
  class space    used 3748K, capacity 3918K, committed 3968K, reserved 1048576K
Event: 8.335 GC heap after
Heap after GC invocations=8 (full 1):
 PSYoungGen      total 70656K, used 6222K [0x00000000eab00000, 0x00000000efc80000, 0x0000000100000000)
  eden space 59392K, 0% used [0x00000000eab00000,0x00000000eab00000,0x00000000ee500000)
  from space 11264K, 55% used [0x00000000ee500000,0x00000000eeb13848,0x00000000ef000000)
  to   space 10240K, 0% used [0x00000000ef280000,0x00000000ef280000,0x00000000efc80000)
 ParOldGen       total 68608K, used 9473K [0x00000000c0000000, 0x00000000c4300000, 0x00000000eab00000)
  object space 68608K, 13% used [0x00000000c0000000,0x00000000c0940798,0x00000000c4300000)
 Metaspace       used 27395K, capacity 27904K, committed 28032K, reserved 1073152K
  class space    used 3748K, capacity 3918K, committed 3968K, reserved 1048576K
}
Event: 9.291 GC heap before
{Heap before GC invocations=9 (full 1):
 PSYoungGen      total 70656K, used 65614K [0x00000000eab00000, 0x00000000efc80000, 0x0000000100000000)
  eden space 59392K, 100% used [0x00000000eab00000,0x00000000ee500000,0x00000000ee500000)
  from space 11264K, 55% used [0x00000000ee500000,0x00000000eeb13848,0x00000000ef000000)
  to   space 10240K, 0% used [0x00000000ef280000,0x00000000ef280000,0x00000000efc80000)
 ParOldGen       total 68608K, used 9473K [0x00000000c0000000, 0x00000000c4300000, 0x00000000eab00000)
  object space 68608K, 13% used [0x00000000c0000000,0x00000000c0940798,0x00000000c4300000)
 Metaspace       used 30336K, capacity 30822K, committed 31104K, reserved 1075200K
  class space    used 4227K, capacity 4399K, committed 4480K, reserved 1048576K
Event: 9.305 GC heap after
Heap after GC invocations=9 (full 1):
 PSYoungGen      total 72704K, used 8471K [0x00000000eab00000, 0x00000000f1000000, 0x0000000100000000)
  eden space 62464K, 0% used [0x00000000eab00000,0x00000000eab00000,0x00000000ee800000)
  from space 10240K, 82% used [0x00000000ef280000,0x00000000efac5d20,0x00000000efc80000)
  to   space 10752K, 0% used [0x00000000ee800000,0x00000000ee800000,0x00000000ef280000)
 ParOldGen       total 68608K, used 9481K [0x00000000c0000000, 0x00000000c4300000, 0x00000000eab00000)
  object space 68608K, 13% used [0x00000000c0000000,0x00000000c0942798,0x00000000c4300000)
 Metaspace       used 30336K, capacity 30822K, committed 31104K, reserved 1075200K
  class space    used 4227K, capacity 4399K, committed 4480K, reserved 1048576K
}
Event: 11.071 GC heap before
{Heap before GC invocations=10 (full 1):
 PSYoungGen      total 72704K, used 34419K [0x00000000eab00000, 0x00000000f1000000, 0x0000000100000000)
  eden space 62464K, 41% used [0x00000000eab00000,0x00000000ec456fd8,0x00000000ee800000)
  from space 10240K, 82% used [0x00000000ef280000,0x00000000efac5d20,0x00000000efc80000)
  to   space 10752K, 0% used [0x00000000ee800000,0x00000000ee800000,0x00000000ef280000)
 ParOldGen       total 68608K, used 9481K [0x00000000c0000000, 0x00000000c4300000, 0x00000000eab00000)
  object space 68608K, 13% used [0x00000000c0000000,0x00000000c0942798,0x00000000c4300000)
 Metaspace       used 34808K, capacity 35398K, committed 35416K, reserved 1079296K
  class space    used 4737K, capacity 4977K, committed 4992K, reserved 1048576K
Event: 11.087 GC heap after
Heap after GC invocations=10 (full 1):
 PSYoungGen      total 73216K, used 9412K [0x00000000eab00000, 0x00000000f0c80000, 0x0000000100000000)
  eden space 62464K, 0% used [0x00000000eab00000,0x00000000eab00000,0x00000000ee800000)
  from space 10752K, 87% used [0x00000000ee800000,0x00000000ef131060,0x00000000ef280000)
  to   space 11776K, 0% used [0x00000000f0100000,0x00000000f0100000,0x00000000f0c80000)
 ParOldGen       total 68608K, used 9489K [0x00000000c0000000, 0x00000000c4300000, 0x00000000eab00000)
  object space 68608K, 13% used [0x00000000c0000000,0x00000000c0944798,0x00000000c4300000)
 Metaspace       used 34808K, capacity 35398K, committed 35416K, reserved 1079296K
  class space    used 4737K, capacity 4977K, committed 4992K, reserved 1048576K
}
Event: 11.087 GC heap before
{Heap before GC invocations=11 (full 2):
 PSYoungGen      total 73216K, used 9412K [0x00000000eab00000, 0x00000000f0c80000, 0x0000000100000000)
  eden space 62464K, 0% used [0x00000000eab00000,0x00000000eab00000,0x00000000ee800000)
  from space 10752K, 87% used [0x00000000ee800000,0x00000000ef131060,0x00000000ef280000)
  to   space 11776K, 0% used [0x00000000f0100000,0x00000000f0100000,0x00000000f0c80000)
 ParOldGen       total 68608K, used 9489K [0x00000000c0000000, 0x00000000c4300000, 0x00000000eab00000)
  object space 68608K, 13% used [0x00000000c0000000,0x00000000c0944798,0x00000000c4300000)
 Metaspace       used 34808K, capacity 35398K, committed 35416K, reserved 1079296K
  class space    used 4737K, capacity 4977K, committed 4992K, reserved 1048576K
Event: 11.184 GC heap after
Heap after GC invocations=11 (full 2):
 PSYoungGen      total 73216K, used 0K [0x00000000eab00000, 0x00000000f0c80000, 0x0000000100000000)
  eden space 62464K, 0% used [0x00000000eab00000,0x00000000eab00000,0x00000000ee800000)
  from space 10752K, 0% used [0x00000000ee800000,0x00000000ee800000,0x00000000ef280000)
  to   space 11776K, 0% used [0x00000000f0100000,0x00000000f0100000,0x00000000f0c80000)
 ParOldGen       total 109056K, used 16020K [0x00000000c0000000, 0x00000000c6a80000, 0x00000000eab00000)
  object space 109056K, 14% used [0x00000000c0000000,0x00000000c0fa5358,0x00000000c6a80000)
 Metaspace       used 34808K, capacity 35398K, committed 35416K, reserved 1079296K
  class space    used 4737K, capacity 4977K, committed 4992K, reserved 1048576K
}

