# JRE version: OpenJDK Runtime Environment (8.0_232-b09) (build 1.8.0_232-b09)
# Java VM: OpenJDK 64-Bit Server VM (25.232-b09 mixed mode windows-amd64 compressed oops)
Heap:
 PSYoungGen      total 70656K, used 66385K [0x00000000eab00000, 0x00000000f1780000, 0x0000000100000000)
  eden space 59392K, 100% used [0x00000000eab00000,0x00000000ee500000,0x00000000ee500000)
  from space 11264K, 62% used [0x00000000ee500000,0x00000000eebd4578,0x00000000ef000000)
  to   space 10752K, 0% used [0x00000000f0d00000,0x00000000f0d00000,0x00000000f1780000)
 ParOldGen       total 60928K, used 9474K [0x00000000c0000000, 0x00000000c3b80000, 0x00000000eab00000)
  object space 60928K, 15% used [0x00000000c0000000,0x00000000c0940a28,0x00000000c3b80000)
 Metaspace       used 31734K, capacity 32306K, committed 32640K, reserved 1077248K
  class space    used 4415K, capacity 4639K, committed 4736K, reserved 1048576K
GC Heap History (10 events):
Event: 4.884 GC heap before
{Heap before GC invocations=4 (full 0):
 PSYoungGen      total 38400K, used 38384K [0x00000000eab00000, 0x00000000ed580000, 0x0000000100000000)
  eden space 33280K, 100% used [0x00000000eab00000,0x00000000ecb80000,0x00000000ecb80000)
  from space 5120K, 99% used [0x00000000ecb80000,0x00000000ed07c010,0x00000000ed080000)
  to   space 5120K, 0% used [0x00000000ed080000,0x00000000ed080000,0x00000000ed580000)
 ParOldGen       total 87552K, used 2093K [0x00000000c0000000, 0x00000000c5580000, 0x00000000eab00000)
  object space 87552K, 2% used [0x00000000c0000000,0x00000000c020b690,0x00000000c5580000)
 Metaspace       used 16533K, capacity 16826K, committed 16896K, reserved 1062912K
  class space    used 2371K, capacity 2513K, committed 2560K, reserved 1048576K
Event: 4.904 GC heap after
Heap after GC invocations=4 (full 0):
 PSYoungGen      total 38400K, used 5088K [0x00000000eab00000, 0x00000000ef600000, 0x0000000100000000)
  eden space 33280K, 0% used [0x00000000eab00000,0x00000000eab00000,0x00000000ecb80000)
  from space 5120K, 99% used [0x00000000ed080000,0x00000000ed578040,0x00000000ed580000)
  to   space 5120K, 0% used [0x00000000ecb80000,0x00000000ecb80000,0x00000000ed080000)
 ParOldGen       total 87552K, used 5115K [0x00000000c0000000, 0x00000000c5580000, 0x00000000eab00000)
  object space 87552K, 5% used [0x00000000c0000000,0x00000000c04fed70,0x00000000c5580000)
 Metaspace       used 16533K, capacity 16826K, committed 16896K, reserved 1062912K
  class space    used 2371K, capacity 2513K, committed 2560K, reserved 1048576K
}
Event: 5.655 GC heap before
{Heap before GC invocations=5 (full 0):
 PSYoungGen      total 38400K, used 34703K [0x00000000eab00000, 0x00000000ef600000, 0x0000000100000000)
  eden space 33280K, 88% used [0x00000000eab00000,0x00000000ec7ebda8,0x00000000ecb80000)
  from space 5120K, 99% used [0x00000000ed080000,0x00000000ed578040,0x00000000ed580000)
  to   space 5120K, 0% used [0x00000000ecb80000,0x00000000ecb80000,0x00000000ed080000)
 ParOldGen       total 87552K, used 5115K [0x00000000c0000000, 0x00000000c5580000, 0x00000000eab00000)
  object space 87552K, 5% used [0x00000000c0000000,0x00000000c04fed70,0x00000000c5580000)
 Metaspace       used 20913K, capacity 21222K, committed 21248K, reserved 1067008K
  class space    used 2928K, capacity 3060K, committed 3072K, reserved 1048576K
Event: 5.670 GC heap after
Heap after GC invocations=5 (full 0):
 PSYoungGen      total 38400K, used 5110K [0x00000000eab00000, 0x00000000f0200000, 0x0000000100000000)
  eden space 33280K, 0% used [0x00000000eab00000,0x00000000eab00000,0x00000000ecb80000)
  from space 5120K, 99% used [0x00000000ecb80000,0x00000000ed07d848,0x00000000ed080000)
  to   space 11264K, 0% used [0x00000000ef700000,0x00000000ef700000,0x00000000f0200000)
 ParOldGen       total 87552K, used 9316K [0x00000000c0000000, 0x00000000c5580000, 0x00000000eab00000)
  object space 87552K, 10% used [0x00000000c0000000,0x00000000c0919368,0x00000000c5580000)
 Metaspace       used 20913K, capacity 21222K, committed 21248K, reserved 1067008K
  class space    used 2928K, capacity 3060K, committed 3072K, reserved 1048576K
}
Event: 5.670 GC heap before
{Heap before GC invocations=6 (full 1):
 PSYoungGen      total 38400K, used 5110K [0x00000000eab00000, 0x00000000f0200000, 0x0000000100000000)
  eden space 33280K, 0% used [0x00000000eab00000,0x00000000eab00000,0x00000000ecb80000)
  from space 5120K, 99% used [0x00000000ecb80000,0x00000000ed07d848,0x00000000ed080000)
  to   space 11264K, 0% used [0x00000000ef700000,0x00000000ef700000,0x00000000f0200000)
 ParOldGen       total 87552K, used 9316K [0x00000000c0000000, 0x00000000c5580000, 0x00000000eab00000)
  object space 87552K, 10% used [0x00000000c0000000,0x00000000c0919368,0x00000000c5580000)
 Metaspace       used 20913K, capacity 21222K, committed 21248K, reserved 1067008K
  class space    used 2928K, capacity 3060K, committed 3072K, reserved 1048576K
Event: 5.713 GC heap after
Heap after GC invocations=6 (full 1):
 PSYoungGen      total 38400K, used 0K [0x00000000eab00000, 0x00000000f0200000, 0x0000000100000000)
  eden space 33280K, 0% used [0x00000000eab00000,0x00000000eab00000,0x00000000ecb80000)
  from space 5120K, 0% used [0x00000000ecb80000,0x00000000ecb80000,0x00000000ed080000)
  to   space 11264K, 0% used [0x00000000ef700000,0x00000000ef700000,0x00000000f0200000)
 ParOldGen       total 60928K, used 9458K [0x00000000c0000000, 0x00000000c3b80000, 0x00000000eab00000)
  object space 60928K, 15% used [0x00000000c0000000,0x00000000c093ca28,0x00000000c3b80000)
 Metaspace       used 20913K, capacity 21222K, committed 21248K, reserved 1067008K
  class space    used 2928K, capacity 3060K, committed 3072K, reserved 1048576K
}
Event: 6.515 GC heap before
{Heap before GC invocations=7 (full 1):
 PSYoungGen      total 38400K, used 33280K [0x00000000eab00000, 0x00000000f0200000, 0x0000000100000000)
  eden space 33280K, 100% used [0x00000000eab00000,0x00000000ecb80000,0x00000000ecb80000)
  from space 5120K, 0% used [0x00000000ecb80000,0x00000000ecb80000,0x00000000ed080000)
  to   space 11264K, 0% used [0x00000000ef700000,0x00000000ef700000,0x00000000f0200000)
 ParOldGen       total 60928K, used 9458K [0x00000000c0000000, 0x00000000c3b80000, 0x00000000eab00000)
  object space 60928K, 15% used [0x00000000c0000000,0x00000000c093ca28,0x00000000c3b80000)
 Metaspace       used 24494K, capacity 24928K, committed 25088K, reserved 1071104K
  class space    used 3337K, capacity 3523K, committed 3584K, reserved 1048576K
Event: 6.528 GC heap after
Heap after GC invocations=7 (full 1):
 PSYoungGen      total 58880K, used 3995K [0x00000000eab00000, 0x00000000efb00000, 0x0000000100000000)
  eden space 54784K, 0% used [0x00000000eab00000,0x00000000eab00000,0x00000000ee080000)
  from space 4096K, 97% used [0x00000000ef700000,0x00000000efae6d30,0x00000000efb00000)
  to   space 11264K, 0% used [0x00000000ee500000,0x00000000ee500000,0x00000000ef000000)
 ParOldGen       total 60928K, used 9466K [0x00000000c0000000, 0x00000000c3b80000, 0x00000000eab00000)
  object space 60928K, 15% used [0x00000000c0000000,0x00000000c093ea28,0x00000000c3b80000)
 Metaspace       used 24494K, capacity 24928K, committed 25088K, reserved 1071104K
  class space    used 3337K, capacity 3523K, committed 3584K, reserved 1048576K
}
Event: 7.314 GC heap before
{Heap before GC invocations=8 (full 1):
 PSYoungGen      total 58880K, used 58779K [0x00000000eab00000, 0x00000000efb00000, 0x0000000100000000)
  eden space 54784K, 100% used [0x00000000eab00000,0x00000000ee080000,0x00000000ee080000)
  from space 4096K, 97% used [0x00000000ef700000,0x00000000efae6d30,0x00000000efb00000)
  to   space 11264K, 0% used [0x00000000ee500000,0x00000000ee500000,0x00000000ef000000)
 ParOldGen       total 60928K, used 9466K [0x00000000c0000000, 0x00000000c3b80000, 0x00000000eab00000)
  object space 60928K, 15% used [0x00000000c0000000,0x00000000c093ea28,0x00000000c3b80000)
 Metaspace       used 27828K, capacity 28324K, committed 28416K, reserved 1073152K
  class space    used 3822K, capacity 4014K, committed 4096K, reserved 1048576K
Event: 7.324 GC heap after
Heap after GC invocations=8 (full 1):
 PSYoungGen      total 70656K, used 6993K [0x00000000eab00000, 0x00000000f1780000, 0x0000000100000000)
  eden space 59392K, 0% used [0x00000000eab00000,0x00000000eab00000,0x00000000ee500000)
  from space 11264K, 62% used [0x00000000ee500000,0x00000000eebd4578,0x00000000ef000000)
  to   space 10752K, 0% used [0x00000000f0d00000,0x00000000f0d00000,0x00000000f1780000)
 ParOldGen       total 60928K, used 9474K [0x00000000c0000000, 0x00000000c3b80000, 0x00000000eab00000)
  object space 60928K, 15% used [0x00000000c0000000,0x00000000c0940a28,0x00000000c3b80000)
 Metaspace       used 27828K, capacity 28324K, committed 28416K, reserved 1073152K
  class space    used 3822K, capacity 4014K, committed 4096K, reserved 1048576K
}

