# JRE version: Java(TM) SE Runtime Environment (8.0_51-b16) (build 1.8.0_51-b16)
# Java VM: Java HotSpot(TM) 64-Bit Server VM (25.51-b03 mixed mode windows-amd64 compressed oops)
Heap:
 PSYoungGen      total 591872K, used 548116K [0x00000000d5f00000, 0x0000000100000000, 0x0000000100000000)
  eden space 557056K, 98% used [0x00000000d5f00000,0x00000000f7645308,0x00000000f7f00000)
  from space 34816K, 0% used [0x00000000fde00000,0x00000000fde00000,0x0000000100000000)
  to   space 66048K, 0% used [0x00000000f7f00000,0x00000000f7f00000,0x00000000fbf80000)
 ParOldGen       total 352768K, used 352765K [0x0000000081c00000, 0x0000000097480000, 0x00000000d5f00000)
  object space 352768K, 99% used [0x0000000081c00000,0x000000009747f568,0x0000000097480000)
 Metaspace       used 96319K, capacity 108764K, committed 109056K, reserved 1140736K
  class space    used 14792K, capacity 18068K, committed 18176K, reserved 1048576K
GC Heap History (10 events):
Event: 152.405 GC heap after
Heap after GC invocations=156 (full 10):
 PSYoungGen      total 591872K, used 0K [0x00000000d5f00000, 0x0000000100000000, 0x0000000100000000)
  eden space 557056K, 0% used [0x00000000d5f00000,0x00000000d5f00000,0x00000000f7f00000)
  from space 34816K, 0% used [0x00000000fde00000,0x00000000fde00000,0x0000000100000000)
  to   space 66048K, 0% used [0x00000000f7f00000,0x00000000f7f00000,0x00000000fbf80000)
 ParOldGen       total 352768K, used 337549K [0x0000000081c00000, 0x0000000097480000, 0x00000000d5f00000)
  object space 352768K, 95% used [0x0000000081c00000,0x00000000965a3568,0x0000000097480000)
 Metaspace       used 82114K, capacity 91936K, committed 92032K, reserved 1126400K
  class space    used 12848K, capacity 15673K, committed 15744K, reserved 1048576K
}
Event: 157.101 GC heap before
{Heap before GC invocations=157 (full 11):
 PSYoungGen      total 591872K, used 557056K [0x00000000d5f00000, 0x0000000100000000, 0x0000000100000000)
  eden space 557056K, 100% used [0x00000000d5f00000,0x00000000f7f00000,0x00000000f7f00000)
  from space 34816K, 0% used [0x00000000fde00000,0x00000000fde00000,0x0000000100000000)
  to   space 66048K, 0% used [0x00000000f7f00000,0x00000000f7f00000,0x00000000fbf80000)
 ParOldGen       total 352768K, used 337549K [0x0000000081c00000, 0x0000000097480000, 0x00000000d5f00000)
  object space 352768K, 95% used [0x0000000081c00000,0x00000000965a3568,0x0000000097480000)
 Metaspace       used 84018K, capacity 94282K, committed 94464K, reserved 1128448K
  class space    used 13143K, capacity 16052K, committed 16128K, reserved 1048576K
Event: 159.652 GC heap after
Heap after GC invocations=157 (full 11):
 PSYoungGen      total 591872K, used 162952K [0x00000000d5f00000, 0x0000000100000000, 0x0000000100000000)
  eden space 557056K, 29% used [0x00000000d5f00000,0x00000000dfe223f0,0x00000000f7f00000)
  from space 34816K, 0% used [0x00000000fde00000,0x00000000fde00000,0x0000000100000000)
  to   space 66048K, 0% used [0x00000000f7f00000,0x00000000f7f00000,0x00000000fbf80000)
 ParOldGen       total 352768K, used 352748K [0x0000000081c00000, 0x0000000097480000, 0x00000000d5f00000)
  object space 352768K, 99% used [0x0000000081c00000,0x000000009747b1a8,0x0000000097480000)
 Metaspace       used 84018K, capacity 94282K, committed 94464K, reserved 1128448K
  class space    used 13143K, capacity 16052K, committed 16128K, reserved 1048576K
}
Event: 161.773 GC heap before
{Heap before GC invocations=158 (full 12):
 PSYoungGen      total 591872K, used 557056K [0x00000000d5f00000, 0x0000000100000000, 0x0000000100000000)
  eden space 557056K, 100% used [0x00000000d5f00000,0x00000000f7f00000,0x00000000f7f00000)
  from space 34816K, 0% used [0x00000000fde00000,0x00000000fde00000,0x0000000100000000)
  to   space 66048K, 0% used [0x00000000f7f00000,0x00000000f7f00000,0x00000000fbf80000)
 ParOldGen       total 352768K, used 352748K [0x0000000081c00000, 0x0000000097480000, 0x00000000d5f00000)
  object space 352768K, 99% used [0x0000000081c00000,0x000000009747b1a8,0x0000000097480000)
 Metaspace       used 86177K, capacity 96922K, committed 97152K, reserved 1130496K
  class space    used 13433K, capacity 16387K, committed 16512K, reserved 1048576K
Event: 163.828 GC heap after
Heap after GC invocations=158 (full 12):
 PSYoungGen      total 591872K, used 115603K [0x00000000d5f00000, 0x0000000100000000, 0x0000000100000000)
  eden space 557056K, 20% used [0x00000000d5f00000,0x00000000dcfe4ef8,0x00000000f7f00000)
  from space 34816K, 0% used [0x00000000fde00000,0x00000000fde00000,0x0000000100000000)
  to   space 66048K, 0% used [0x00000000f7f00000,0x00000000f7f00000,0x00000000fbf80000)
 ParOldGen       total 352768K, used 352628K [0x0000000081c00000, 0x0000000097480000, 0x00000000d5f00000)
  object space 352768K, 99% used [0x0000000081c00000,0x000000009745d238,0x0000000097480000)
 Metaspace       used 86177K, capacity 96922K, committed 97152K, reserved 1130496K
  class space    used 13433K, capacity 16387K, committed 16512K, reserved 1048576K
}
Event: 170.791 GC heap before
{Heap before GC invocations=159 (full 13):
 PSYoungGen      total 591872K, used 557056K [0x00000000d5f00000, 0x0000000100000000, 0x0000000100000000)
  eden space 557056K, 100% used [0x00000000d5f00000,0x00000000f7f00000,0x00000000f7f00000)
  from space 34816K, 0% used [0x00000000fde00000,0x00000000fde00000,0x0000000100000000)
  to   space 66048K, 0% used [0x00000000f7f00000,0x00000000f7f00000,0x00000000fbf80000)
 ParOldGen       total 352768K, used 352628K [0x0000000081c00000, 0x0000000097480000, 0x00000000d5f00000)
  object space 352768K, 99% used [0x0000000081c00000,0x000000009745d238,0x0000000097480000)
 Metaspace       used 92699K, capacity 104212K, committed 104448K, reserved 1136640K
  class space    used 14261K, capacity 17336K, committed 17408K, reserved 1048576K
Event: 173.543 GC heap after
Heap after GC invocations=159 (full 13):
 PSYoungGen      total 591872K, used 120261K [0x00000000d5f00000, 0x0000000100000000, 0x0000000100000000)
  eden space 557056K, 21% used [0x00000000d5f00000,0x00000000dd471410,0x00000000f7f00000)
  from space 34816K, 0% used [0x00000000fde00000,0x00000000fde00000,0x0000000100000000)
  to   space 66048K, 0% used [0x00000000f7f00000,0x00000000f7f00000,0x00000000fbf80000)
 ParOldGen       total 352768K, used 352462K [0x0000000081c00000, 0x0000000097480000, 0x00000000d5f00000)
  object space 352768K, 99% used [0x0000000081c00000,0x0000000097433a40,0x0000000097480000)
 Metaspace       used 92699K, capacity 104212K, committed 104448K, reserved 1136640K
  class space    used 14261K, capacity 17336K, committed 17408K, reserved 1048576K
}
Event: 175.993 GC heap before
{Heap before GC invocations=160 (full 14):
 PSYoungGen      total 591872K, used 557056K [0x00000000d5f00000, 0x0000000100000000, 0x0000000100000000)
  eden space 557056K, 100% used [0x00000000d5f00000,0x00000000f7f00000,0x00000000f7f00000)
  from space 34816K, 0% used [0x00000000fde00000,0x00000000fde00000,0x0000000100000000)
  to   space 66048K, 0% used [0x00000000f7f00000,0x00000000f7f00000,0x00000000fbf80000)
 ParOldGen       total 352768K, used 352462K [0x0000000081c00000, 0x0000000097480000, 0x00000000d5f00000)
  object space 352768K, 99% used [0x0000000081c00000,0x0000000097433a40,0x0000000097480000)
 Metaspace       used 95089K, capacity 107170K, committed 107264K, reserved 1138688K
  class space    used 14657K, capacity 17847K, committed 17920K, reserved 1048576K
Event: 178.461 GC heap after
Heap after GC invocations=160 (full 14):
 PSYoungGen      total 591872K, used 223075K [0x00000000d5f00000, 0x0000000100000000, 0x0000000100000000)
  eden space 557056K, 40% used [0x00000000d5f00000,0x00000000e38d8c98,0x00000000f7f00000)
  from space 34816K, 0% used [0x00000000fde00000,0x00000000fde00000,0x0000000100000000)
  to   space 66048K, 0% used [0x00000000f7f00000,0x00000000f7f00000,0x00000000fbf80000)
 ParOldGen       total 352768K, used 352765K [0x0000000081c00000, 0x0000000097480000, 0x00000000d5f00000)
  object space 352768K, 99% used [0x0000000081c00000,0x000000009747f568,0x0000000097480000)
 Metaspace       used 95089K, capacity 107170K, committed 107264K, reserved 1138688K
  class space    used 14657K, capacity 17847K, committed 17920K, reserved 1048576K
}
Event: 182.408 GC heap before
{Heap before GC invocations=161 (full 15):
 PSYoungGen      total 591872K, used 548116K [0x00000000d5f00000, 0x0000000100000000, 0x0000000100000000)
  eden space 557056K, 98% used [0x00000000d5f00000,0x00000000f7645308,0x00000000f7f00000)
  from space 34816K, 0% used [0x00000000fde00000,0x00000000fde00000,0x0000000100000000)
  to   space 66048K, 0% used [0x00000000f7f00000,0x00000000f7f00000,0x00000000fbf80000)
 ParOldGen       total 352768K, used 352765K [0x0000000081c00000, 0x0000000097480000, 0x00000000d5f00000)
  object space 352768K, 99% used [0x0000000081c00000,0x000000009747f568,0x0000000097480000)
 Metaspace       used 96319K, capacity 108764K, committed 109056K, reserved 1140736K
  class space    used 14792K, capacity 18068K, committed 18176K, reserved 1048576K

