# JRE version: Java(TM) SE Runtime Environment (8.0_51-b16) (build 1.8.0_51-b16)
# Java VM: Java HotSpot(TM) 64-Bit Server VM (25.51-b03 mixed mode windows-amd64 compressed oops)
Heap:
 PSYoungGen      total 601088K, used 553490K [0x00000000d5f00000, 0x0000000100000000, 0x0000000100000000)
  eden space 570368K, 97% used [0x00000000d5f00000,0x00000000f7b84b00,0x00000000f8c00000)
  from space 30720K, 0% used [0x00000000fe100000,0x00000000fe100000,0x00000000fff00000)
  to   space 59392K, 0% used [0x00000000f8c00000,0x00000000f8c00000,0x00000000fc600000)
 ParOldGen       total 388608K, used 348536K [0x0000000081c00000, 0x0000000099780000, 0x00000000d5f00000)
  object space 388608K, 89% used [0x0000000081c00000,0x000000009705e290,0x0000000099780000)
 Metaspace       used 78396K, capacity 86762K, committed 87040K, reserved 1122304K
  class space    used 12139K, capacity 14556K, committed 14592K, reserved 1048576K
GC Heap History (10 events):
Event: 117.698 GC heap before
{Heap before GC invocations=149 (full 6):
 PSYoungGen      total 657920K, used 633617K [0x00000000d5f00000, 0x0000000100000000, 0x0000000100000000)
  eden space 627712K, 100% used [0x00000000d5f00000,0x00000000fc400000,0x00000000fc400000)
  from space 30208K, 19% used [0x00000000fe200000,0x00000000fe7c4688,0x00000000fff80000)
  to   space 30720K, 0% used [0x00000000fc400000,0x00000000fc400000,0x00000000fe200000)
 ParOldGen       total 330752K, used 323560K [0x0000000081c00000, 0x0000000095f00000, 0x00000000d5f00000)
  object space 330752K, 97% used [0x0000000081c00000,0x00000000957fa240,0x0000000095f00000)
 Metaspace       used 76182K, capacity 84134K, committed 84352K, reserved 1120256K
  class space    used 11818K, capacity 14180K, committed 14208K, reserved 1048576K
Event: 117.712 GC heap after
Heap after GC invocations=149 (full 6):
 PSYoungGen      total 633344K, used 5216K [0x00000000d5f00000, 0x0000000100000000, 0x0000000100000000)
  eden space 627712K, 0% used [0x00000000d5f00000,0x00000000d5f00000,0x00000000fc400000)
  from space 5632K, 92% used [0x00000000fc400000,0x00000000fc918050,0x00000000fc980000)
  to   space 31232K, 0% used [0x00000000fe180000,0x00000000fe180000,0x0000000100000000)
 ParOldGen       total 330752K, used 323824K [0x0000000081c00000, 0x0000000095f00000, 0x00000000d5f00000)
  object space 330752K, 97% used [0x0000000081c00000,0x000000009583c240,0x0000000095f00000)
 Metaspace       used 76182K, capacity 84134K, committed 84352K, reserved 1120256K
  class space    used 11818K, capacity 14180K, committed 14208K, reserved 1048576K
}
Event: 118.991 GC heap before
{Heap before GC invocations=150 (full 6):
 PSYoungGen      total 633344K, used 632928K [0x00000000d5f00000, 0x0000000100000000, 0x0000000100000000)
  eden space 627712K, 100% used [0x00000000d5f00000,0x00000000fc400000,0x00000000fc400000)
  from space 5632K, 92% used [0x00000000fc400000,0x00000000fc918050,0x00000000fc980000)
  to   space 31232K, 0% used [0x00000000fe180000,0x00000000fe180000,0x0000000100000000)
 ParOldGen       total 330752K, used 323824K [0x0000000081c00000, 0x0000000095f00000, 0x00000000d5f00000)
  object space 330752K, 97% used [0x0000000081c00000,0x000000009583c240,0x0000000095f00000)
 Metaspace       used 76182K, capacity 84134K, committed 84352K, reserved 1120256K
  class space    used 11818K, capacity 14180K, committed 14208K, reserved 1048576K
Event: 119.008 GC heap after
Heap after GC invocations=150 (full 6):
 PSYoungGen      total 657920K, used 5504K [0x00000000d5f00000, 0x0000000100000000, 0x0000000100000000)
  eden space 626688K, 0% used [0x00000000d5f00000,0x00000000d5f00000,0x00000000fc300000)
  from space 31232K, 17% used [0x00000000fe180000,0x00000000fe6e0030,0x0000000100000000)
  to   space 31232K, 0% used [0x00000000fc300000,0x00000000fc300000,0x00000000fe180000)
 ParOldGen       total 330752K, used 324096K [0x0000000081c00000, 0x0000000095f00000, 0x00000000d5f00000)
  object space 330752K, 97% used [0x0000000081c00000,0x0000000095880240,0x0000000095f00000)
 Metaspace       used 76182K, capacity 84134K, committed 84352K, reserved 1120256K
  class space    used 11818K, capacity 14180K, committed 14208K, reserved 1048576K
}
Event: 120.322 GC heap before
{Heap before GC invocations=151 (full 6):
 PSYoungGen      total 657920K, used 632192K [0x00000000d5f00000, 0x0000000100000000, 0x0000000100000000)
  eden space 626688K, 100% used [0x00000000d5f00000,0x00000000fc300000,0x00000000fc300000)
  from space 31232K, 17% used [0x00000000fe180000,0x00000000fe6e0030,0x0000000100000000)
  to   space 31232K, 0% used [0x00000000fc300000,0x00000000fc300000,0x00000000fe180000)
 ParOldGen       total 330752K, used 324261K [0x0000000081c00000, 0x0000000095f00000, 0x00000000d5f00000)
  object space 330752K, 98% used [0x0000000081c00000,0x00000000958a9710,0x0000000095f00000)
 Metaspace       used 76182K, capacity 84134K, committed 84352K, reserved 1120256K
  class space    used 11818K, capacity 14180K, committed 14208K, reserved 1048576K
Event: 120.426 GC heap after
Heap after GC invocations=151 (full 6):
 PSYoungGen      total 632832K, used 5728K [0x00000000d5f00000, 0x00000000fff00000, 0x0000000100000000)
  eden space 626688K, 0% used [0x00000000d5f00000,0x00000000d5f00000,0x00000000fc300000)
  from space 6144K, 93% used [0x00000000fc300000,0x00000000fc898050,0x00000000fc900000)
  to   space 30720K, 0% used [0x00000000fe100000,0x00000000fe100000,0x00000000fff00000)
 ParOldGen       total 330752K, used 324661K [0x0000000081c00000, 0x0000000095f00000, 0x00000000d5f00000)
  object space 330752K, 98% used [0x0000000081c00000,0x000000009590d710,0x0000000095f00000)
 Metaspace       used 76182K, capacity 84134K, committed 84352K, reserved 1120256K
  class space    used 11818K, capacity 14180K, committed 14208K, reserved 1048576K
}
Event: 124.948 GC heap before
{Heap before GC invocations=152 (full 6):
 PSYoungGen      total 632832K, used 632416K [0x00000000d5f00000, 0x00000000fff00000, 0x0000000100000000)
  eden space 626688K, 100% used [0x00000000d5f00000,0x00000000fc300000,0x00000000fc300000)
  from space 6144K, 93% used [0x00000000fc300000,0x00000000fc898050,0x00000000fc900000)
  to   space 30720K, 0% used [0x00000000fe100000,0x00000000fe100000,0x00000000fff00000)
 ParOldGen       total 330752K, used 324663K [0x0000000081c00000, 0x0000000095f00000, 0x00000000d5f00000)
  object space 330752K, 98% used [0x0000000081c00000,0x000000009590ddb8,0x0000000095f00000)
 Metaspace       used 77547K, capacity 85724K, committed 85888K, reserved 1120256K
  class space    used 12011K, capacity 14433K, committed 14464K, reserved 1048576K
Event: 125.229 GC heap after
Heap after GC invocations=152 (full 6):
 PSYoungGen      total 601088K, used 30690K [0x00000000d5f00000, 0x0000000100000000, 0x0000000100000000)
  eden space 570368K, 0% used [0x00000000d5f00000,0x00000000d5f00000,0x00000000f8c00000)
  from space 30720K, 99% used [0x00000000fe100000,0x00000000ffef8898,0x00000000fff00000)
  to   space 59392K, 0% used [0x00000000f8c00000,0x00000000f8c00000,0x00000000fc600000)
 ParOldGen       total 388608K, used 388369K [0x0000000081c00000, 0x0000000099780000, 0x00000000d5f00000)
  object space 388608K, 99% used [0x0000000081c00000,0x00000000997447f0,0x0000000099780000)
 Metaspace       used 77547K, capacity 85724K, committed 85888K, reserved 1120256K
  class space    used 12011K, capacity 14433K, committed 14464K, reserved 1048576K
}
Event: 125.229 GC heap before
{Heap before GC invocations=153 (full 7):
 PSYoungGen      total 601088K, used 30690K [0x00000000d5f00000, 0x0000000100000000, 0x0000000100000000)
  eden space 570368K, 0% used [0x00000000d5f00000,0x00000000d5f00000,0x00000000f8c00000)
  from space 30720K, 99% used [0x00000000fe100000,0x00000000ffef8898,0x00000000fff00000)
  to   space 59392K, 0% used [0x00000000f8c00000,0x00000000f8c00000,0x00000000fc600000)
 ParOldGen       total 388608K, used 388369K [0x0000000081c00000, 0x0000000099780000, 0x00000000d5f00000)
  object space 388608K, 99% used [0x0000000081c00000,0x00000000997447f0,0x0000000099780000)
 Metaspace       used 77547K, capacity 85724K, committed 85888K, reserved 1120256K
  class space    used 12011K, capacity 14433K, committed 14464K, reserved 1048576K
Event: 126.668 GC heap after
Heap after GC invocations=153 (full 7):
 PSYoungGen      total 601088K, used 0K [0x00000000d5f00000, 0x0000000100000000, 0x0000000100000000)
  eden space 570368K, 0% used [0x00000000d5f00000,0x00000000d5f00000,0x00000000f8c00000)
  from space 30720K, 0% used [0x00000000fe100000,0x00000000fe100000,0x00000000fff00000)
  to   space 59392K, 0% used [0x00000000f8c00000,0x00000000f8c00000,0x00000000fc600000)
 ParOldGen       total 388608K, used 348536K [0x0000000081c00000, 0x0000000099780000, 0x00000000d5f00000)
  object space 388608K, 89% used [0x0000000081c00000,0x000000009705e290,0x0000000099780000)
 Metaspace       used 77545K, capacity 85718K, committed 85888K, reserved 1120256K
  class space    used 12010K, capacity 14432K, committed 14464K, reserved 1048576K
}

