# JRE version: Java(TM) SE Runtime Environment (8.0_51-b16) (build 1.8.0_51-b16)
# Java VM: Java HotSpot(TM) 64-Bit Server VM (25.51-b03 mixed mode windows-amd64 compressed oops)
Heap:
 PSYoungGen      total 283136K, used 35513K [0x00000000d5f00000, 0x00000000ed800000, 0x0000000100000000)
  eden space 198656K, 17% used [0x00000000d5f00000,0x00000000d81ae6b0,0x00000000e2100000)
  from space 84480K, 0% used [0x00000000e2100000,0x00000000e2100000,0x00000000e7380000)
  to   space 67072K, 47% used [0x00000000e7380000,0x00000000e9256f58,0x00000000eb500000)
 ParOldGen       total 150016K, used 149772K [0x0000000081c00000, 0x000000008ae80000, 0x00000000d5f00000)
  object space 150016K, 99% used [0x0000000081c00000,0x000000008ae432f0,0x000000008ae80000)
 Metaspace       used 44377K, capacity 47354K, committed 47488K, reserved 1089536K
  class space    used 5853K, capacity 6696K, committed 6784K, reserved 1048576K
GC Heap History (10 events):
Event: 25.278 GC heap before
{Heap before GC invocations=23 (full 5):
 PSYoungGen      total 283136K, used 248812K [0x00000000d5f00000, 0x00000000ed800000, 0x0000000100000000)
  eden space 198656K, 100% used [0x00000000d5f00000,0x00000000e2100000,0x00000000e2100000)
  from space 84480K, 59% used [0x00000000e2100000,0x00000000e51fb338,0x00000000e7380000)
  to   space 67072K, 0% used [0x00000000e7380000,0x00000000e7380000,0x00000000eb500000)
 ParOldGen       total 142336K, used 107911K [0x0000000081c00000, 0x000000008a700000, 0x00000000d5f00000)
  object space 142336K, 75% used [0x0000000081c00000,0x0000000088561da0,0x000000008a700000)
 Metaspace       used 41494K, capacity 43933K, committed 44160K, reserved 1087488K
  class space    used 5466K, capacity 6229K, committed 6272K, reserved 1048576K
Event: 25.354 GC heap after
Heap after GC invocations=23 (full 5):
 PSYoungGen      total 265728K, used 32001K [0x00000000d5f00000, 0x00000000ed800000, 0x0000000100000000)
  eden space 198656K, 0% used [0x00000000d5f00000,0x00000000d5f00000,0x00000000e2100000)
  from space 67072K, 47% used [0x00000000e7380000,0x00000000e92c0518,0x00000000eb500000)
  to   space 84480K, 0% used [0x00000000e2100000,0x00000000e2100000,0x00000000e7380000)
 ParOldGen       total 142336K, used 120026K [0x0000000081c00000, 0x000000008a700000, 0x00000000d5f00000)
  object space 142336K, 84% used [0x0000000081c00000,0x0000000089136a50,0x000000008a700000)
 Metaspace       used 41494K, capacity 43933K, committed 44160K, reserved 1087488K
  class space    used 5466K, capacity 6229K, committed 6272K, reserved 1048576K
}
Event: 25.354 GC heap before
{Heap before GC invocations=24 (full 6):
 PSYoungGen      total 265728K, used 32001K [0x00000000d5f00000, 0x00000000ed800000, 0x0000000100000000)
  eden space 198656K, 0% used [0x00000000d5f00000,0x00000000d5f00000,0x00000000e2100000)
  from space 67072K, 47% used [0x00000000e7380000,0x00000000e92c0518,0x00000000eb500000)
  to   space 84480K, 0% used [0x00000000e2100000,0x00000000e2100000,0x00000000e7380000)
 ParOldGen       total 142336K, used 120026K [0x0000000081c00000, 0x000000008a700000, 0x00000000d5f00000)
  object space 142336K, 84% used [0x0000000081c00000,0x0000000089136a50,0x000000008a700000)
 Metaspace       used 41494K, capacity 43933K, committed 44160K, reserved 1087488K
  class space    used 5466K, capacity 6229K, committed 6272K, reserved 1048576K
Event: 25.750 GC heap after
Heap after GC invocations=24 (full 6):
 PSYoungGen      total 265728K, used 0K [0x00000000d5f00000, 0x00000000ed800000, 0x0000000100000000)
  eden space 198656K, 0% used [0x00000000d5f00000,0x00000000d5f00000,0x00000000e2100000)
  from space 67072K, 0% used [0x00000000e7380000,0x00000000e7380000,0x00000000eb500000)
  to   space 84480K, 0% used [0x00000000e2100000,0x00000000e2100000,0x00000000e7380000)
 ParOldGen       total 142336K, used 88120K [0x0000000081c00000, 0x000000008a700000, 0x00000000d5f00000)
  object space 142336K, 61% used [0x0000000081c00000,0x000000008720e350,0x000000008a700000)
 Metaspace       used 41494K, capacity 43933K, committed 44160K, reserved 1087488K
  class space    used 5466K, capacity 6229K, committed 6272K, reserved 1048576K
}
Event: 26.640 GC heap before
{Heap before GC invocations=25 (full 6):
 PSYoungGen      total 265728K, used 198656K [0x00000000d5f00000, 0x00000000ed800000, 0x0000000100000000)
  eden space 198656K, 100% used [0x00000000d5f00000,0x00000000e2100000,0x00000000e2100000)
  from space 67072K, 0% used [0x00000000e7380000,0x00000000e7380000,0x00000000eb500000)
  to   space 84480K, 0% used [0x00000000e2100000,0x00000000e2100000,0x00000000e7380000)
 ParOldGen       total 142336K, used 88120K [0x0000000081c00000, 0x000000008a700000, 0x00000000d5f00000)
  object space 142336K, 61% used [0x0000000081c00000,0x000000008720e350,0x000000008a700000)
 Metaspace       used 42155K, capacity 44661K, committed 44800K, reserved 1087488K
  class space    used 5575K, capacity 6333K, committed 6400K, reserved 1048576K
Event: 26.839 GC heap after
Heap after GC invocations=25 (full 6):
 PSYoungGen      total 283136K, used 84465K [0x00000000d5f00000, 0x00000000ed800000, 0x0000000100000000)
  eden space 198656K, 0% used [0x00000000d5f00000,0x00000000d5f00000,0x00000000e2100000)
  from space 84480K, 99% used [0x00000000e2100000,0x00000000e737c7a0,0x00000000e7380000)
  to   space 67072K, 0% used [0x00000000e7380000,0x00000000e7380000,0x00000000eb500000)
 ParOldGen       total 142336K, used 103311K [0x0000000081c00000, 0x000000008a700000, 0x00000000d5f00000)
  object space 142336K, 72% used [0x0000000081c00000,0x00000000880e3f08,0x000000008a700000)
 Metaspace       used 42155K, capacity 44661K, committed 44800K, reserved 1087488K
  class space    used 5575K, capacity 6333K, committed 6400K, reserved 1048576K
}
Event: 27.837 GC heap before
{Heap before GC invocations=26 (full 6):
 PSYoungGen      total 283136K, used 283121K [0x00000000d5f00000, 0x00000000ed800000, 0x0000000100000000)
  eden space 198656K, 100% used [0x00000000d5f00000,0x00000000e2100000,0x00000000e2100000)
  from space 84480K, 99% used [0x00000000e2100000,0x00000000e737c7a0,0x00000000e7380000)
  to   space 67072K, 0% used [0x00000000e7380000,0x00000000e7380000,0x00000000eb500000)
 ParOldGen       total 142336K, used 103311K [0x0000000081c00000, 0x000000008a700000, 0x00000000d5f00000)
  object space 142336K, 72% used [0x0000000081c00000,0x00000000880e3f08,0x000000008a700000)
 Metaspace       used 44196K, capacity 47180K, committed 47488K, reserved 1089536K
  class space    used 5832K, capacity 6681K, committed 6784K, reserved 1048576K
Event: 28.117 GC heap after
Heap after GC invocations=26 (full 6):
 PSYoungGen      total 283136K, used 283121K [0x00000000d5f00000, 0x00000000ed800000, 0x0000000100000000)
  eden space 198656K, 100% used [0x00000000d5f00000,0x00000000e2100000,0x00000000e2100000)
  from space 84480K, 99% used [0x00000000e2100000,0x00000000e737c7a0,0x00000000e7380000)
  to   space 67072K, 99% used [0x00000000e7380000,0x00000000eb4fc8b0,0x00000000eb500000)
 ParOldGen       total 150016K, used 150014K [0x0000000081c00000, 0x000000008ae80000, 0x00000000d5f00000)
  object space 150016K, 99% used [0x0000000081c00000,0x000000008ae7fb58,0x000000008ae80000)
 Metaspace       used 44196K, capacity 47180K, committed 47488K, reserved 1089536K
  class space    used 5832K, capacity 6681K, committed 6784K, reserved 1048576K
}
Event: 28.117 GC heap before
{Heap before GC invocations=27 (full 7):
 PSYoungGen      total 283136K, used 283121K [0x00000000d5f00000, 0x00000000ed800000, 0x0000000100000000)
  eden space 198656K, 100% used [0x00000000d5f00000,0x00000000e2100000,0x00000000e2100000)
  from space 84480K, 99% used [0x00000000e2100000,0x00000000e737c7a0,0x00000000e7380000)
  to   space 67072K, 99% used [0x00000000e7380000,0x00000000eb4fc8b0,0x00000000eb500000)
 ParOldGen       total 150016K, used 150014K [0x0000000081c00000, 0x000000008ae80000, 0x00000000d5f00000)
  object space 150016K, 99% used [0x0000000081c00000,0x000000008ae7fb58,0x000000008ae80000)
 Metaspace       used 44196K, capacity 47180K, committed 47488K, reserved 1089536K
  class space    used 5832K, capacity 6681K, committed 6784K, reserved 1048576K
Event: 28.675 GC heap after
Heap after GC invocations=27 (full 7):
 PSYoungGen      total 283136K, used 0K [0x00000000d5f00000, 0x00000000ed800000, 0x0000000100000000)
  eden space 198656K, 0% used [0x00000000d5f00000,0x00000000d5f00000,0x00000000e2100000)
  from space 84480K, 0% used [0x00000000e2100000,0x00000000e2100000,0x00000000e7380000)
  to   space 67072K, 47% used [0x00000000e7380000,0x00000000e9256f58,0x00000000eb500000)
 ParOldGen       total 150016K, used 149772K [0x0000000081c00000, 0x000000008ae80000, 0x00000000d5f00000)
  object space 150016K, 99% used [0x0000000081c00000,0x000000008ae432f0,0x000000008ae80000)
 Metaspace       used 44196K, capacity 47180K, committed 47488K, reserved 1089536K
  class space    used 5832K, capacity 6681K, committed 6784K, reserved 1048576K
}

