# JRE version: Java(TM) SE Runtime Environment (8.0_51-b16) (build 1.8.0_51-b16)
# Java VM: Java HotSpot(TM) 64-Bit Server VM (25.51-b03 mixed mode windows-amd64 compressed oops)
Heap:
 PSYoungGen      total 491008K, used 300032K [0x00000000d5f00000, 0x0000000100000000, 0x0000000100000000)
  eden space 300032K, 100% used [0x00000000d5f00000,0x00000000e8400000,0x00000000e8400000)
  from space 190976K, 0% used [0x00000000f4580000,0x00000000f4580000,0x0000000100000000)
  to   space 194560K, 0% used [0x00000000e8400000,0x00000000e8400000,0x00000000f4200000)
 ParOldGen       total 847872K, used 847689K [0x0000000081c00000, 0x00000000b5800000, 0x00000000d5f00000)
  object space 847872K, 99% used [0x0000000081c00000,0x00000000b57d24b8,0x00000000b5800000)
 Metaspace       used 97841K, capacity 110798K, committed 110848K, reserved 1142784K
  class space    used 15028K, capacity 18423K, committed 18432K, reserved 1048576K
GC Heap History (10 events):
Event: 197.552 GC heap after
Heap after GC invocations=195 (full 17):
 PSYoungGen      total 491008K, used 46301K [0x00000000d5f00000, 0x0000000100000000, 0x0000000100000000)
  eden space 300032K, 15% used [0x00000000d5f00000,0x00000000d8c37770,0x00000000e8400000)
  from space 190976K, 0% used [0x00000000f4580000,0x00000000f4580000,0x0000000100000000)
  to   space 194560K, 0% used [0x00000000e8400000,0x00000000e8400000,0x00000000f4200000)
 ParOldGen       total 847872K, used 847693K [0x0000000081c00000, 0x00000000b5800000, 0x00000000d5f00000)
  object space 847872K, 99% used [0x0000000081c00000,0x00000000b57d3760,0x00000000b5800000)
 Metaspace       used 97744K, capacity 110670K, committed 110848K, reserved 1142784K
  class space    used 15026K, capacity 18423K, committed 18432K, reserved 1048576K
}
Event: 199.375 GC heap before
{Heap before GC invocations=196 (full 18):
 PSYoungGen      total 491008K, used 300032K [0x00000000d5f00000, 0x0000000100000000, 0x0000000100000000)
  eden space 300032K, 100% used [0x00000000d5f00000,0x00000000e8400000,0x00000000e8400000)
  from space 190976K, 0% used [0x00000000f4580000,0x00000000f4580000,0x0000000100000000)
  to   space 194560K, 0% used [0x00000000e8400000,0x00000000e8400000,0x00000000f4200000)
 ParOldGen       total 847872K, used 847693K [0x0000000081c00000, 0x00000000b5800000, 0x00000000d5f00000)
  object space 847872K, 99% used [0x0000000081c00000,0x00000000b57d3760,0x00000000b5800000)
 Metaspace       used 97778K, capacity 110694K, committed 110848K, reserved 1142784K
  class space    used 15026K, capacity 18423K, committed 18432K, reserved 1048576K
Event: 200.371 GC heap after
Heap after GC invocations=196 (full 18):
 PSYoungGen      total 491008K, used 49545K [0x00000000d5f00000, 0x0000000100000000, 0x0000000100000000)
  eden space 300032K, 16% used [0x00000000d5f00000,0x00000000d8f625d8,0x00000000e8400000)
  from space 190976K, 0% used [0x00000000f4580000,0x00000000f4580000,0x0000000100000000)
  to   space 194560K, 0% used [0x00000000e8400000,0x00000000e8400000,0x00000000f4200000)
 ParOldGen       total 847872K, used 847693K [0x0000000081c00000, 0x00000000b5800000, 0x00000000d5f00000)
  object space 847872K, 99% used [0x0000000081c00000,0x00000000b57d3760,0x00000000b5800000)
 Metaspace       used 97778K, capacity 110694K, committed 110848K, reserved 1142784K
  class space    used 15026K, capacity 18423K, committed 18432K, reserved 1048576K
}
Event: 201.978 GC heap before
{Heap before GC invocations=197 (full 19):
 PSYoungGen      total 491008K, used 300032K [0x00000000d5f00000, 0x0000000100000000, 0x0000000100000000)
  eden space 300032K, 100% used [0x00000000d5f00000,0x00000000e8400000,0x00000000e8400000)
  from space 190976K, 0% used [0x00000000f4580000,0x00000000f4580000,0x0000000100000000)
  to   space 194560K, 0% used [0x00000000e8400000,0x00000000e8400000,0x00000000f4200000)
 ParOldGen       total 847872K, used 847693K [0x0000000081c00000, 0x00000000b5800000, 0x00000000d5f00000)
  object space 847872K, 99% used [0x0000000081c00000,0x00000000b57d3760,0x00000000b5800000)
 Metaspace       used 97803K, capacity 110710K, committed 110848K, reserved 1142784K
  class space    used 15026K, capacity 18423K, committed 18432K, reserved 1048576K
Event: 202.994 GC heap after
Heap after GC invocations=197 (full 19):
 PSYoungGen      total 491008K, used 47754K [0x00000000d5f00000, 0x0000000100000000, 0x0000000100000000)
  eden space 300032K, 15% used [0x00000000d5f00000,0x00000000d8da2a08,0x00000000e8400000)
  from space 190976K, 0% used [0x00000000f4580000,0x00000000f4580000,0x0000000100000000)
  to   space 194560K, 0% used [0x00000000e8400000,0x00000000e8400000,0x00000000f4200000)
 ParOldGen       total 847872K, used 847693K [0x0000000081c00000, 0x00000000b5800000, 0x00000000d5f00000)
  object space 847872K, 99% used [0x0000000081c00000,0x00000000b57d3760,0x00000000b5800000)
 Metaspace       used 97803K, capacity 110710K, committed 110848K, reserved 1142784K
  class space    used 15026K, capacity 18423K, committed 18432K, reserved 1048576K
}
Event: 204.442 GC heap before
{Heap before GC invocations=198 (full 20):
 PSYoungGen      total 491008K, used 300032K [0x00000000d5f00000, 0x0000000100000000, 0x0000000100000000)
  eden space 300032K, 100% used [0x00000000d5f00000,0x00000000e8400000,0x00000000e8400000)
  from space 190976K, 0% used [0x00000000f4580000,0x00000000f4580000,0x0000000100000000)
  to   space 194560K, 0% used [0x00000000e8400000,0x00000000e8400000,0x00000000f4200000)
 ParOldGen       total 847872K, used 847693K [0x0000000081c00000, 0x00000000b5800000, 0x00000000d5f00000)
  object space 847872K, 99% used [0x0000000081c00000,0x00000000b57d3760,0x00000000b5800000)
 Metaspace       used 97818K, capacity 110790K, committed 110848K, reserved 1142784K
  class space    used 15026K, capacity 18423K, committed 18432K, reserved 1048576K
Event: 205.444 GC heap after
Heap after GC invocations=198 (full 20):
 PSYoungGen      total 491008K, used 48199K [0x00000000d5f00000, 0x0000000100000000, 0x0000000100000000)
  eden space 300032K, 16% used [0x00000000d5f00000,0x00000000d8e11c70,0x00000000e8400000)
  from space 190976K, 0% used [0x00000000f4580000,0x00000000f4580000,0x0000000100000000)
  to   space 194560K, 0% used [0x00000000e8400000,0x00000000e8400000,0x00000000f4200000)
 ParOldGen       total 847872K, used 847692K [0x0000000081c00000, 0x00000000b5800000, 0x00000000d5f00000)
  object space 847872K, 99% used [0x0000000081c00000,0x00000000b57d32e0,0x00000000b5800000)
 Metaspace       used 97818K, capacity 110790K, committed 110848K, reserved 1142784K
  class space    used 15026K, capacity 18423K, committed 18432K, reserved 1048576K
}
Event: 207.017 GC heap before
{Heap before GC invocations=199 (full 21):
 PSYoungGen      total 491008K, used 300032K [0x00000000d5f00000, 0x0000000100000000, 0x0000000100000000)
  eden space 300032K, 100% used [0x00000000d5f00000,0x00000000e8400000,0x00000000e8400000)
  from space 190976K, 0% used [0x00000000f4580000,0x00000000f4580000,0x0000000100000000)
  to   space 194560K, 0% used [0x00000000e8400000,0x00000000e8400000,0x00000000f4200000)
 ParOldGen       total 847872K, used 847692K [0x0000000081c00000, 0x00000000b5800000, 0x00000000d5f00000)
  object space 847872K, 99% used [0x0000000081c00000,0x00000000b57d32e0,0x00000000b5800000)
 Metaspace       used 97832K, capacity 110790K, committed 110848K, reserved 1142784K
  class space    used 15028K, capacity 18423K, committed 18432K, reserved 1048576K
Event: 208.769 GC heap after
Heap after GC invocations=199 (full 21):
 PSYoungGen      total 491008K, used 48922K [0x00000000d5f00000, 0x0000000100000000, 0x0000000100000000)
  eden space 300032K, 16% used [0x00000000d5f00000,0x00000000d8ec6960,0x00000000e8400000)
  from space 190976K, 0% used [0x00000000f4580000,0x00000000f4580000,0x0000000100000000)
  to   space 194560K, 0% used [0x00000000e8400000,0x00000000e8400000,0x00000000f4200000)
 ParOldGen       total 847872K, used 847689K [0x0000000081c00000, 0x00000000b5800000, 0x00000000d5f00000)
  object space 847872K, 99% used [0x0000000081c00000,0x00000000b57d24b8,0x00000000b5800000)
 Metaspace       used 97832K, capacity 110790K, committed 110848K, reserved 1142784K
  class space    used 15028K, capacity 18423K, committed 18432K, reserved 1048576K
}
Event: 210.291 GC heap before
{Heap before GC invocations=200 (full 22):
 PSYoungGen      total 491008K, used 300032K [0x00000000d5f00000, 0x0000000100000000, 0x0000000100000000)
  eden space 300032K, 100% used [0x00000000d5f00000,0x00000000e8400000,0x00000000e8400000)
  from space 190976K, 0% used [0x00000000f4580000,0x00000000f4580000,0x0000000100000000)
  to   space 194560K, 0% used [0x00000000e8400000,0x00000000e8400000,0x00000000f4200000)
 ParOldGen       total 847872K, used 847689K [0x0000000081c00000, 0x00000000b5800000, 0x00000000d5f00000)
  object space 847872K, 99% used [0x0000000081c00000,0x00000000b57d24b8,0x00000000b5800000)
 Metaspace       used 97841K, capacity 110798K, committed 110848K, reserved 1142784K
  class space    used 15028K, capacity 18423K, committed 18432K, reserved 1048576K

