# JRE version: Java(TM) SE Runtime Environment (8.0_51-b16) (build 1.8.0_51-b16)
# Java VM: Java HotSpot(TM) 64-Bit Server VM (25.51-b03 mixed mode windows-amd64 compressed oops)
Heap:
 PSYoungGen      total 434176K, used 312399K [0x00000000d5f00000, 0x0000000100000000, 0x0000000100000000)
  eden space 238592K, 53% used [0x00000000d5f00000,0x00000000ddc64940,0x00000000e4800000)
  from space 195584K, 94% used [0x00000000f4100000,0x00000000ff4af478,0x0000000100000000)
  to   space 225280K, 0% used [0x00000000e4800000,0x00000000e4800000,0x00000000f2400000)
 ParOldGen       total 721408K, used 509210K [0x0000000081c00000, 0x00000000adc80000, 0x00000000d5f00000)
  object space 721408K, 70% used [0x0000000081c00000,0x00000000a0d46890,0x00000000adc80000)
 Metaspace       used 93061K, capacity 105332K, committed 105600K, reserved 1136640K
  class space    used 15000K, capacity 18466K, committed 18560K, reserved 1048576K
GC Heap History (10 events):
Event: 168.150 GC heap before
{Heap before GC invocations=158 (full 7):
 PSYoungGen      total 498176K, used 497838K [0x00000000d5f00000, 0x0000000100000000, 0x0000000100000000)
  eden space 420864K, 100% used [0x00000000d5f00000,0x00000000efa00000,0x00000000efa00000)
  from space 77312K, 99% used [0x00000000efa00000,0x00000000f452bb40,0x00000000f4580000)
  to   space 137216K, 0% used [0x00000000f7a00000,0x00000000f7a00000,0x0000000100000000)
 ParOldGen       total 721408K, used 480478K [0x0000000081c00000, 0x00000000adc80000, 0x00000000d5f00000)
  object space 721408K, 66% used [0x0000000081c00000,0x000000009f137ba0,0x00000000adc80000)
 Metaspace       used 85972K, capacity 96356K, committed 96640K, reserved 1128448K
  class space    used 14026K, capacity 17187K, committed 17280K, reserved 1048576K
Event: 168.177 GC heap after
Heap after GC invocations=158 (full 7):
 PSYoungGen      total 555520K, used 17668K [0x00000000d5f00000, 0x0000000100000000, 0x0000000100000000)
  eden space 418304K, 0% used [0x00000000d5f00000,0x00000000d5f00000,0x00000000ef780000)
  from space 137216K, 12% used [0x00000000f7a00000,0x00000000f8b41328,0x0000000100000000)
  to   space 133632K, 0% used [0x00000000ef780000,0x00000000ef780000,0x00000000f7a00000)
 ParOldGen       total 721408K, used 480478K [0x0000000081c00000, 0x00000000adc80000, 0x00000000d5f00000)
  object space 721408K, 66% used [0x0000000081c00000,0x000000009f137ba0,0x00000000adc80000)
 Metaspace       used 85972K, capacity 96356K, committed 96640K, reserved 1128448K
  class space    used 14026K, capacity 17187K, committed 17280K, reserved 1048576K
}
Event: 177.446 GC heap before
{Heap before GC invocations=159 (full 7):
 PSYoungGen      total 555520K, used 435972K [0x00000000d5f00000, 0x0000000100000000, 0x0000000100000000)
  eden space 418304K, 100% used [0x00000000d5f00000,0x00000000ef780000,0x00000000ef780000)
  from space 137216K, 12% used [0x00000000f7a00000,0x00000000f8b41328,0x0000000100000000)
  to   space 133632K, 0% used [0x00000000ef780000,0x00000000ef780000,0x00000000f7a00000)
 ParOldGen       total 721408K, used 480478K [0x0000000081c00000, 0x00000000adc80000, 0x00000000d5f00000)
  object space 721408K, 66% used [0x0000000081c00000,0x000000009f137ba0,0x00000000adc80000)
 Metaspace       used 86832K, capacity 97466K, committed 97792K, reserved 1130496K
  class space    used 14140K, capacity 17354K, committed 17408K, reserved 1048576K
Event: 177.582 GC heap after
Heap after GC invocations=159 (full 7):
 PSYoungGen      total 507904K, used 89407K [0x00000000d5f00000, 0x0000000100000000, 0x0000000100000000)
  eden space 418304K, 0% used [0x00000000d5f00000,0x00000000d5f00000,0x00000000ef780000)
  from space 89600K, 99% used [0x00000000ef780000,0x00000000f4ecfd68,0x00000000f4f00000)
  to   space 140800K, 0% used [0x00000000f7680000,0x00000000f7680000,0x0000000100000000)
 ParOldGen       total 721408K, used 480486K [0x0000000081c00000, 0x00000000adc80000, 0x00000000d5f00000)
  object space 721408K, 66% used [0x0000000081c00000,0x000000009f139ba0,0x00000000adc80000)
 Metaspace       used 86832K, capacity 97466K, committed 97792K, reserved 1130496K
  class space    used 14140K, capacity 17354K, committed 17408K, reserved 1048576K
}
Event: 181.249 GC heap before
{Heap before GC invocations=160 (full 7):
 PSYoungGen      total 507904K, used 507711K [0x00000000d5f00000, 0x0000000100000000, 0x0000000100000000)
  eden space 418304K, 100% used [0x00000000d5f00000,0x00000000ef780000,0x00000000ef780000)
  from space 89600K, 99% used [0x00000000ef780000,0x00000000f4ecfd68,0x00000000f4f00000)
  to   space 140800K, 0% used [0x00000000f7680000,0x00000000f7680000,0x0000000100000000)
 ParOldGen       total 721408K, used 480486K [0x0000000081c00000, 0x00000000adc80000, 0x00000000d5f00000)
  object space 721408K, 66% used [0x0000000081c00000,0x000000009f139ba0,0x00000000adc80000)
 Metaspace       used 88230K, capacity 99244K, committed 99456K, reserved 1130496K
  class space    used 14379K, capacity 17679K, committed 17792K, reserved 1048576K
Event: 181.549 GC heap after
Heap after GC invocations=160 (full 7):
 PSYoungGen      total 477696K, used 140773K [0x00000000d5f00000, 0x0000000100000000, 0x0000000100000000)
  eden space 336896K, 0% used [0x00000000d5f00000,0x00000000d5f00000,0x00000000ea800000)
  from space 140800K, 99% used [0x00000000f7680000,0x00000000ffff9788,0x0000000100000000)
  to   space 176128K, 0% used [0x00000000ea800000,0x00000000ea800000,0x00000000f5400000)
 ParOldGen       total 721408K, used 509194K [0x0000000081c00000, 0x00000000adc80000, 0x00000000d5f00000)
  object space 721408K, 70% used [0x0000000081c00000,0x00000000a0d42890,0x00000000adc80000)
 Metaspace       used 88230K, capacity 99244K, committed 99456K, reserved 1130496K
  class space    used 14379K, capacity 17679K, committed 17792K, reserved 1048576K
}
Event: 183.785 GC heap before
{Heap before GC invocations=161 (full 7):
 PSYoungGen      total 477696K, used 477669K [0x00000000d5f00000, 0x0000000100000000, 0x0000000100000000)
  eden space 336896K, 100% used [0x00000000d5f00000,0x00000000ea800000,0x00000000ea800000)
  from space 140800K, 99% used [0x00000000f7680000,0x00000000ffff9788,0x0000000100000000)
  to   space 176128K, 0% used [0x00000000ea800000,0x00000000ea800000,0x00000000f5400000)
 ParOldGen       total 721408K, used 509194K [0x0000000081c00000, 0x00000000adc80000, 0x00000000d5f00000)
  object space 721408K, 70% used [0x0000000081c00000,0x00000000a0d42890,0x00000000adc80000)
 Metaspace       used 90103K, capacity 101552K, committed 101760K, reserved 1132544K
  class space    used 14630K, capacity 17974K, committed 18048K, reserved 1048576K
Event: 184.158 GC heap after
Heap after GC invocations=161 (full 7):
 PSYoungGen      total 482816K, used 145613K [0x00000000d5f00000, 0x0000000100000000, 0x0000000100000000)
  eden space 336896K, 0% used [0x00000000d5f00000,0x00000000d5f00000,0x00000000ea800000)
  from space 145920K, 99% used [0x00000000ea800000,0x00000000f3633798,0x00000000f3680000)
  to   space 195584K, 0% used [0x00000000f4100000,0x00000000f4100000,0x0000000100000000)
 ParOldGen       total 721408K, used 509202K [0x0000000081c00000, 0x00000000adc80000, 0x00000000d5f00000)
  object space 721408K, 70% used [0x0000000081c00000,0x00000000a0d44890,0x00000000adc80000)
 Metaspace       used 90103K, capacity 101552K, committed 101760K, reserved 1132544K
  class space    used 14630K, capacity 17974K, committed 18048K, reserved 1048576K
}
Event: 187.966 GC heap before
{Heap before GC invocations=162 (full 7):
 PSYoungGen      total 482816K, used 482509K [0x00000000d5f00000, 0x0000000100000000, 0x0000000100000000)
  eden space 336896K, 100% used [0x00000000d5f00000,0x00000000ea800000,0x00000000ea800000)
  from space 145920K, 99% used [0x00000000ea800000,0x00000000f3633798,0x00000000f3680000)
  to   space 195584K, 0% used [0x00000000f4100000,0x00000000f4100000,0x0000000100000000)
 ParOldGen       total 721408K, used 509202K [0x0000000081c00000, 0x00000000adc80000, 0x00000000d5f00000)
  object space 721408K, 70% used [0x0000000081c00000,0x00000000a0d44890,0x00000000adc80000)
 Metaspace       used 92294K, capacity 104418K, committed 104704K, reserved 1136640K
  class space    used 14907K, capacity 18351K, committed 18432K, reserved 1048576K
Event: 188.263 GC heap after
Heap after GC invocations=162 (full 7):
 PSYoungGen      total 434176K, used 183997K [0x00000000d5f00000, 0x0000000100000000, 0x0000000100000000)
  eden space 238592K, 0% used [0x00000000d5f00000,0x00000000d5f00000,0x00000000e4800000)
  from space 195584K, 94% used [0x00000000f4100000,0x00000000ff4af478,0x0000000100000000)
  to   space 225280K, 0% used [0x00000000e4800000,0x00000000e4800000,0x00000000f2400000)
 ParOldGen       total 721408K, used 509210K [0x0000000081c00000, 0x00000000adc80000, 0x00000000d5f00000)
  object space 721408K, 70% used [0x0000000081c00000,0x00000000a0d46890,0x00000000adc80000)
 Metaspace       used 92294K, capacity 104418K, committed 104704K, reserved 1136640K
  class space    used 14907K, capacity 18351K, committed 18432K, reserved 1048576K
}

