# JRE version: Java(TM) SE Runtime Environment (8.0_51-b16) (build 1.8.0_51-b16)
# Java VM: Java HotSpot(TM) 64-Bit Server VM (25.51-b03 mixed mode windows-amd64 compressed oops)
Heap:
 PSYoungGen      total 612864K, used 149418K [0x00000000d5f00000, 0x0000000100000000, 0x0000000100000000)
  eden space 536064K, 27% used [0x00000000d5f00000,0x00000000ded83f90,0x00000000f6a80000)
  from space 76800K, 4% used [0x00000000fb500000,0x00000000fb866b78,0x0000000100000000)
  to   space 76288K, 0% used [0x00000000f6a80000,0x00000000f6a80000,0x00000000fb500000)
 ParOldGen       total 318976K, used 246561K [0x0000000081c00000, 0x0000000095380000, 0x00000000d5f00000)
  object space 318976K, 77% used [0x0000000081c00000,0x0000000090cc8770,0x0000000095380000)
 Metaspace       used 67932K, capacity 74298K, committed 74368K, reserved 1112064K
  class space    used 10486K, capacity 12402K, committed 12416K, reserved 1048576K
GC Heap History (10 events):
Event: 70.828 GC heap before
{Heap before GC invocations=81 (full 5):
 PSYoungGen      total 579584K, used 579112K [0x00000000d5f00000, 0x0000000100000000, 0x0000000100000000)
  eden space 531456K, 100% used [0x00000000d5f00000,0x00000000f6600000,0x00000000f6600000)
  from space 48128K, 99% used [0x00000000f6600000,0x00000000f948a2f8,0x00000000f9500000)
  to   space 79360K, 0% used [0x00000000fb280000,0x00000000fb280000,0x0000000100000000)
 ParOldGen       total 318976K, used 237056K [0x0000000081c00000, 0x0000000095380000, 0x00000000d5f00000)
  object space 318976K, 74% used [0x0000000081c00000,0x0000000090380368,0x0000000095380000)
 Metaspace       used 67456K, capacity 73592K, committed 73728K, reserved 1110016K
  class space    used 10401K, capacity 12251K, committed 12288K, reserved 1048576K
Event: 70.922 GC heap after
Heap after GC invocations=81 (full 5):
 PSYoungGen      total 613888K, used 35536K [0x00000000d5f00000, 0x0000000100000000, 0x0000000100000000)
  eden space 534528K, 0% used [0x00000000d5f00000,0x00000000d5f00000,0x00000000f6900000)
  from space 79360K, 44% used [0x00000000fb280000,0x00000000fd5340e0,0x0000000100000000)
  to   space 75264K, 0% used [0x00000000f6900000,0x00000000f6900000,0x00000000fb280000)
 ParOldGen       total 318976K, used 238712K [0x0000000081c00000, 0x0000000095380000, 0x00000000d5f00000)
  object space 318976K, 74% used [0x0000000081c00000,0x000000009051e378,0x0000000095380000)
 Metaspace       used 67456K, capacity 73592K, committed 73728K, reserved 1110016K
  class space    used 10401K, capacity 12251K, committed 12288K, reserved 1048576K
}
Event: 72.367 GC heap before
{Heap before GC invocations=82 (full 5):
 PSYoungGen      total 613888K, used 570064K [0x00000000d5f00000, 0x0000000100000000, 0x0000000100000000)
  eden space 534528K, 100% used [0x00000000d5f00000,0x00000000f6900000,0x00000000f6900000)
  from space 79360K, 44% used [0x00000000fb280000,0x00000000fd5340e0,0x0000000100000000)
  to   space 75264K, 0% used [0x00000000f6900000,0x00000000f6900000,0x00000000fb280000)
 ParOldGen       total 318976K, used 238712K [0x0000000081c00000, 0x0000000095380000, 0x00000000d5f00000)
  object space 318976K, 74% used [0x0000000081c00000,0x000000009051e378,0x0000000095380000)
 Metaspace       used 67610K, capacity 73758K, committed 74112K, reserved 1112064K
  class space    used 10439K, capacity 12298K, committed 12416K, reserved 1048576K
Event: 72.416 GC heap after
Heap after GC invocations=82 (full 5):
 PSYoungGen      total 555520K, used 20866K [0x00000000d5f00000, 0x00000000ff900000, 0x0000000100000000)
  eden space 534528K, 0% used [0x00000000d5f00000,0x00000000d5f00000,0x00000000f6900000)
  from space 20992K, 99% used [0x00000000f6900000,0x00000000f7d60ba8,0x00000000f7d80000)
  to   space 73728K, 0% used [0x00000000fb100000,0x00000000fb100000,0x00000000ff900000)
 ParOldGen       total 318976K, used 239575K [0x0000000081c00000, 0x0000000095380000, 0x00000000d5f00000)
  object space 318976K, 75% used [0x0000000081c00000,0x00000000905f5ca0,0x0000000095380000)
 Metaspace       used 67610K, capacity 73758K, committed 74112K, reserved 1112064K
  class space    used 10439K, capacity 12298K, committed 12416K, reserved 1048576K
}
Event: 73.483 GC heap before
{Heap before GC invocations=83 (full 5):
 PSYoungGen      total 555520K, used 555394K [0x00000000d5f00000, 0x00000000ff900000, 0x0000000100000000)
  eden space 534528K, 100% used [0x00000000d5f00000,0x00000000f6900000,0x00000000f6900000)
  from space 20992K, 99% used [0x00000000f6900000,0x00000000f7d60ba8,0x00000000f7d80000)
  to   space 73728K, 0% used [0x00000000fb100000,0x00000000fb100000,0x00000000ff900000)
 ParOldGen       total 318976K, used 239828K [0x0000000081c00000, 0x0000000095380000, 0x00000000d5f00000)
  object space 318976K, 75% used [0x0000000081c00000,0x00000000906351b0,0x0000000095380000)
 Metaspace       used 67638K, capacity 73806K, committed 74112K, reserved 1112064K
  class space    used 10439K, capacity 12298K, committed 12416K, reserved 1048576K
Event: 73.498 GC heap after
Heap after GC invocations=83 (full 5):
 PSYoungGen      total 606208K, used 384K [0x00000000d5f00000, 0x0000000100000000, 0x0000000100000000)
  eden space 532480K, 0% used [0x00000000d5f00000,0x00000000d5f00000,0x00000000f6700000)
  from space 73728K, 0% used [0x00000000fb100000,0x00000000fb160000,0x00000000ff900000)
  to   space 75776K, 0% used [0x00000000f6700000,0x00000000f6700000,0x00000000fb100000)
 ParOldGen       total 318976K, used 245380K [0x0000000081c00000, 0x0000000095380000, 0x00000000d5f00000)
  object space 318976K, 76% used [0x0000000081c00000,0x0000000090ba11c0,0x0000000095380000)
 Metaspace       used 67638K, capacity 73806K, committed 74112K, reserved 1112064K
  class space    used 10439K, capacity 12298K, committed 12416K, reserved 1048576K
}
Event: 74.383 GC heap before
{Heap before GC invocations=84 (full 5):
 PSYoungGen      total 606208K, used 532864K [0x00000000d5f00000, 0x0000000100000000, 0x0000000100000000)
  eden space 532480K, 100% used [0x00000000d5f00000,0x00000000f6700000,0x00000000f6700000)
  from space 73728K, 0% used [0x00000000fb100000,0x00000000fb160000,0x00000000ff900000)
  to   space 75776K, 0% used [0x00000000f6700000,0x00000000f6700000,0x00000000fb100000)
 ParOldGen       total 318976K, used 245416K [0x0000000081c00000, 0x0000000095380000, 0x00000000d5f00000)
  object space 318976K, 76% used [0x0000000081c00000,0x0000000090baa078,0x0000000095380000)
 Metaspace       used 67660K, capacity 73906K, committed 74112K, reserved 1112064K
  class space    used 10439K, capacity 12298K, committed 12416K, reserved 1048576K
Event: 74.387 GC heap after
Heap after GC invocations=84 (full 5):
 PSYoungGen      total 608256K, used 448K [0x00000000d5f00000, 0x0000000100000000, 0x0000000100000000)
  eden space 532480K, 0% used [0x00000000d5f00000,0x00000000d5f00000,0x00000000f6700000)
  from space 75776K, 0% used [0x00000000f6700000,0x00000000f6770000,0x00000000fb100000)
  to   space 76800K, 0% used [0x00000000fb500000,0x00000000fb500000,0x0000000100000000)
 ParOldGen       total 318976K, used 245720K [0x0000000081c00000, 0x0000000095380000, 0x00000000d5f00000)
  object space 318976K, 77% used [0x0000000081c00000,0x0000000090bf6078,0x0000000095380000)
 Metaspace       used 67660K, capacity 73906K, committed 74112K, reserved 1112064K
  class space    used 10439K, capacity 12298K, committed 12416K, reserved 1048576K
}
Event: 75.454 GC heap before
{Heap before GC invocations=85 (full 5):
 PSYoungGen      total 608256K, used 532928K [0x00000000d5f00000, 0x0000000100000000, 0x0000000100000000)
  eden space 532480K, 100% used [0x00000000d5f00000,0x00000000f6700000,0x00000000f6700000)
  from space 75776K, 0% used [0x00000000f6700000,0x00000000f6770000,0x00000000fb100000)
  to   space 76800K, 0% used [0x00000000fb500000,0x00000000fb500000,0x0000000100000000)
 ParOldGen       total 318976K, used 246169K [0x0000000081c00000, 0x0000000095380000, 0x00000000d5f00000)
  object space 318976K, 77% used [0x0000000081c00000,0x0000000090c66770,0x0000000095380000)
 Metaspace       used 67683K, capacity 73934K, committed 74112K, reserved 1112064K
  class space    used 10442K, capacity 12298K, committed 12416K, reserved 1048576K
Event: 75.463 GC heap after
Heap after GC invocations=85 (full 5):
 PSYoungGen      total 612864K, used 3482K [0x00000000d5f00000, 0x0000000100000000, 0x0000000100000000)
  eden space 536064K, 0% used [0x00000000d5f00000,0x00000000d5f00000,0x00000000f6a80000)
  from space 76800K, 4% used [0x00000000fb500000,0x00000000fb866b78,0x0000000100000000)
  to   space 76288K, 0% used [0x00000000f6a80000,0x00000000f6a80000,0x00000000fb500000)
 ParOldGen       total 318976K, used 246561K [0x0000000081c00000, 0x0000000095380000, 0x00000000d5f00000)
  object space 318976K, 77% used [0x0000000081c00000,0x0000000090cc8770,0x0000000095380000)
 Metaspace       used 67683K, capacity 73934K, committed 74112K, reserved 1112064K
  class space    used 10442K, capacity 12298K, committed 12416K, reserved 1048576K
}

