# JRE version: Java(TM) SE Runtime Environment (8.0_51-b16) (build 1.8.0_51-b16)
# Java VM: Java HotSpot(TM) 64-Bit Server VM (25.51-b03 mixed mode windows-amd64 compressed oops)
Heap:
 PSYoungGen      total 657920K, used 318636K [0x00000000d5f00000, 0x00000000fff00000, 0x0000000100000000)
  eden space 628736K, 50% used [0x00000000d5f00000,0x00000000e962b038,0x00000000fc500000)
  from space 29184K, 0% used [0x00000000fe280000,0x00000000fe280000,0x00000000fff00000)
  to   space 29696K, 0% used [0x00000000fc500000,0x00000000fc500000,0x00000000fe200000)
 ParOldGen       total 391680K, used 364666K [0x0000000081c00000, 0x0000000099a80000, 0x00000000d5f00000)
  object space 391680K, 93% used [0x0000000081c00000,0x000000009801e888,0x0000000099a80000)
 Metaspace       used 77767K, capacity 85956K, committed 86144K, reserved 1120256K
  class space    used 12042K, capacity 14415K, committed 14464K, reserved 1048576K
GC Heap History (10 events):
Event: 110.008 GC heap before
{Heap before GC invocations=153 (full 5):
 PSYoungGen      total 658944K, used 634721K [0x00000000d5f00000, 0x0000000100000000, 0x0000000100000000)
  eden space 628736K, 100% used [0x00000000d5f00000,0x00000000fc500000,0x00000000fc500000)
  from space 30208K, 19% used [0x00000000fc500000,0x00000000fcad86c8,0x00000000fe280000)
  to   space 30208K, 0% used [0x00000000fe280000,0x00000000fe280000,0x0000000100000000)
 ParOldGen       total 342528K, used 329545K [0x0000000081c00000, 0x0000000096a80000, 0x00000000d5f00000)
  object space 342528K, 96% used [0x0000000081c00000,0x0000000095dd2578,0x0000000096a80000)
 Metaspace       used 76227K, capacity 84156K, committed 84352K, reserved 1120256K
  class space    used 11821K, capacity 14149K, committed 14208K, reserved 1048576K
Event: 110.020 GC heap after
Heap after GC invocations=153 (full 5):
 PSYoungGen      total 658944K, used 5248K [0x00000000d5f00000, 0x0000000100000000, 0x0000000100000000)
  eden space 628736K, 0% used [0x00000000d5f00000,0x00000000d5f00000,0x00000000fc500000)
  from space 30208K, 17% used [0x00000000fe280000,0x00000000fe7a0080,0x0000000100000000)
  to   space 30208K, 0% used [0x00000000fc500000,0x00000000fc500000,0x00000000fe280000)
 ParOldGen       total 342528K, used 329825K [0x0000000081c00000, 0x0000000096a80000, 0x00000000d5f00000)
  object space 342528K, 96% used [0x0000000081c00000,0x0000000095e18578,0x0000000096a80000)
 Metaspace       used 76227K, capacity 84156K, committed 84352K, reserved 1120256K
  class space    used 11821K, capacity 14149K, committed 14208K, reserved 1048576K
}
Event: 111.236 GC heap before
{Heap before GC invocations=154 (full 5):
 PSYoungGen      total 658944K, used 633984K [0x00000000d5f00000, 0x0000000100000000, 0x0000000100000000)
  eden space 628736K, 100% used [0x00000000d5f00000,0x00000000fc500000,0x00000000fc500000)
  from space 30208K, 17% used [0x00000000fe280000,0x00000000fe7a0080,0x0000000100000000)
  to   space 30208K, 0% used [0x00000000fc500000,0x00000000fc500000,0x00000000fe280000)
 ParOldGen       total 342528K, used 329825K [0x0000000081c00000, 0x0000000096a80000, 0x00000000d5f00000)
  object space 342528K, 96% used [0x0000000081c00000,0x0000000095e18578,0x0000000096a80000)
 Metaspace       used 76227K, capacity 84156K, committed 84352K, reserved 1120256K
  class space    used 11821K, capacity 14149K, committed 14208K, reserved 1048576K
Event: 111.249 GC heap after
Heap after GC invocations=154 (full 5):
 PSYoungGen      total 658944K, used 5552K [0x00000000d5f00000, 0x0000000100000000, 0x0000000100000000)
  eden space 628736K, 0% used [0x00000000d5f00000,0x00000000d5f00000,0x00000000fc500000)
  from space 30208K, 18% used [0x00000000fc500000,0x00000000fca6c070,0x00000000fe280000)
  to   space 30208K, 0% used [0x00000000fe280000,0x00000000fe280000,0x0000000100000000)
 ParOldGen       total 342528K, used 330105K [0x0000000081c00000, 0x0000000096a80000, 0x00000000d5f00000)
  object space 342528K, 96% used [0x0000000081c00000,0x0000000095e5e578,0x0000000096a80000)
 Metaspace       used 76227K, capacity 84156K, committed 84352K, reserved 1120256K
  class space    used 11821K, capacity 14149K, committed 14208K, reserved 1048576K
}
Event: 112.605 GC heap before
{Heap before GC invocations=155 (full 5):
 PSYoungGen      total 658944K, used 634288K [0x00000000d5f00000, 0x0000000100000000, 0x0000000100000000)
  eden space 628736K, 100% used [0x00000000d5f00000,0x00000000fc500000,0x00000000fc500000)
  from space 30208K, 18% used [0x00000000fc500000,0x00000000fca6c070,0x00000000fe280000)
  to   space 30208K, 0% used [0x00000000fe280000,0x00000000fe280000,0x0000000100000000)
 ParOldGen       total 342528K, used 330108K [0x0000000081c00000, 0x0000000096a80000, 0x00000000d5f00000)
  object space 342528K, 96% used [0x0000000081c00000,0x0000000095e5f158,0x0000000096a80000)
 Metaspace       used 76227K, capacity 84156K, committed 84352K, reserved 1120256K
  class space    used 11821K, capacity 14149K, committed 14208K, reserved 1048576K
Event: 112.619 GC heap after
Heap after GC invocations=155 (full 5):
 PSYoungGen      total 657920K, used 5344K [0x00000000d5f00000, 0x00000000fff00000, 0x0000000100000000)
  eden space 628736K, 0% used [0x00000000d5f00000,0x00000000d5f00000,0x00000000fc500000)
  from space 29184K, 18% used [0x00000000fe280000,0x00000000fe7b8080,0x00000000fff00000)
  to   space 29696K, 0% used [0x00000000fc500000,0x00000000fc500000,0x00000000fe200000)
 ParOldGen       total 342528K, used 330484K [0x0000000081c00000, 0x0000000096a80000, 0x00000000d5f00000)
  object space 342528K, 96% used [0x0000000081c00000,0x0000000095ebd158,0x0000000096a80000)
 Metaspace       used 76227K, capacity 84156K, committed 84352K, reserved 1120256K
  class space    used 11821K, capacity 14149K, committed 14208K, reserved 1048576K
}
Event: 116.837 GC heap before
{Heap before GC invocations=156 (full 5):
 PSYoungGen      total 657920K, used 634080K [0x00000000d5f00000, 0x00000000fff00000, 0x0000000100000000)
  eden space 628736K, 100% used [0x00000000d5f00000,0x00000000fc500000,0x00000000fc500000)
  from space 29184K, 18% used [0x00000000fe280000,0x00000000fe7b8080,0x00000000fff00000)
  to   space 29696K, 0% used [0x00000000fc500000,0x00000000fc500000,0x00000000fe200000)
 ParOldGen       total 342528K, used 330486K [0x0000000081c00000, 0x0000000096a80000, 0x00000000d5f00000)
  object space 342528K, 96% used [0x0000000081c00000,0x0000000095ebda90,0x0000000096a80000)
 Metaspace       used 77597K, capacity 85682K, committed 85888K, reserved 1120256K
  class space    used 12016K, capacity 14402K, committed 14464K, reserved 1048576K
Event: 117.363 GC heap after
Heap after GC invocations=156 (full 5):
 PSYoungGen      total 657920K, used 634080K [0x00000000d5f00000, 0x00000000fff00000, 0x0000000100000000)
  eden space 628736K, 100% used [0x00000000d5f00000,0x00000000fc500000,0x00000000fc500000)
  from space 29184K, 18% used [0x00000000fe280000,0x00000000fe7b8080,0x00000000fff00000)
  to   space 29696K, 99% used [0x00000000fc500000,0x00000000fe1f8188,0x00000000fe200000)
 ParOldGen       total 391680K, used 391679K [0x0000000081c00000, 0x0000000099a80000, 0x00000000d5f00000)
  object space 391680K, 99% used [0x0000000081c00000,0x0000000099a7fcd8,0x0000000099a80000)
 Metaspace       used 77597K, capacity 85682K, committed 85888K, reserved 1120256K
  class space    used 12016K, capacity 14402K, committed 14464K, reserved 1048576K
}
Event: 117.363 GC heap before
{Heap before GC invocations=157 (full 6):
 PSYoungGen      total 657920K, used 634080K [0x00000000d5f00000, 0x00000000fff00000, 0x0000000100000000)
  eden space 628736K, 100% used [0x00000000d5f00000,0x00000000fc500000,0x00000000fc500000)
  from space 29184K, 18% used [0x00000000fe280000,0x00000000fe7b8080,0x00000000fff00000)
  to   space 29696K, 99% used [0x00000000fc500000,0x00000000fe1f8188,0x00000000fe200000)
 ParOldGen       total 391680K, used 391679K [0x0000000081c00000, 0x0000000099a80000, 0x00000000d5f00000)
  object space 391680K, 99% used [0x0000000081c00000,0x0000000099a7fcd8,0x0000000099a80000)
 Metaspace       used 77597K, capacity 85682K, committed 85888K, reserved 1120256K
  class space    used 12016K, capacity 14402K, committed 14464K, reserved 1048576K
Event: 119.163 GC heap after
Heap after GC invocations=157 (full 6):
 PSYoungGen      total 657920K, used 0K [0x00000000d5f00000, 0x00000000fff00000, 0x0000000100000000)
  eden space 628736K, 0% used [0x00000000d5f00000,0x00000000d5f00000,0x00000000fc500000)
  from space 29184K, 0% used [0x00000000fe280000,0x00000000fe280000,0x00000000fff00000)
  to   space 29696K, 0% used [0x00000000fc500000,0x00000000fc500000,0x00000000fe200000)
 ParOldGen       total 391680K, used 364666K [0x0000000081c00000, 0x0000000099a80000, 0x00000000d5f00000)
  object space 391680K, 93% used [0x0000000081c00000,0x000000009801e888,0x0000000099a80000)
 Metaspace       used 77597K, capacity 85682K, committed 85888K, reserved 1120256K
  class space    used 12016K, capacity 14402K, committed 14464K, reserved 1048576K
}

