# JRE version: Java(TM) SE Runtime Environment (8.0_51-b16) (build 1.8.0_51-b16)
# Java VM: Java HotSpot(TM) 64-Bit Server VM (25.51-b03 mixed mode windows-amd64 compressed oops)
Heap:
 PSYoungGen      total 500224K, used 198868K [0x00000000d5f00000, 0x0000000100000000, 0x0000000100000000)
  eden space 365056K, 21% used [0x00000000d5f00000,0x00000000daab92d0,0x00000000ec380000)
  from space 135168K, 89% used [0x00000000f5900000,0x00000000fcf7bd78,0x00000000fdd00000)
  to   space 153088K, 0% used [0x00000000ec380000,0x00000000ec380000,0x00000000f5900000)
 ParOldGen       total 228864K, used 146006K [0x0000000081c00000, 0x000000008fb80000, 0x00000000d5f00000)
  object space 228864K, 63% used [0x0000000081c00000,0x000000008aa95988,0x000000008fb80000)
 Metaspace       used 39678K, capacity 41911K, committed 41984K, reserved 1085440K
  class space    used 5196K, capacity 5884K, committed 5888K, reserved 1048576K
GC Heap History (10 events):
Event: 16.226 GC heap before
{Heap before GC invocations=15 (full 2):
 PSYoungGen      total 254464K, used 254443K [0x00000000d5f00000, 0x00000000ec980000, 0x0000000100000000)
  eden space 187904K, 100% used [0x00000000d5f00000,0x00000000e1680000,0x00000000e1680000)
  from space 66560K, 99% used [0x00000000e6700000,0x00000000ea7fae78,0x00000000ea800000)
  to   space 82432K, 0% used [0x00000000e1680000,0x00000000e1680000,0x00000000e6700000)
 ParOldGen       total 138240K, used 100899K [0x0000000081c00000, 0x000000008a300000, 0x00000000d5f00000)
  object space 138240K, 72% used [0x0000000081c00000,0x0000000087e88f48,0x000000008a300000)
 Metaspace       used 35097K, capacity 36993K, committed 37248K, reserved 1081344K
  class space    used 4305K, capacity 4886K, committed 4992K, reserved 1048576K
Event: 16.481 GC heap after
Heap after GC invocations=15 (full 2):
 PSYoungGen      total 270336K, used 82407K [0x00000000d5f00000, 0x00000000f3e00000, 0x0000000100000000)
  eden space 187904K, 0% used [0x00000000d5f00000,0x00000000d5f00000,0x00000000e1680000)
  from space 82432K, 99% used [0x00000000e1680000,0x00000000e66f9c20,0x00000000e6700000)
  to   space 107008K, 0% used [0x00000000ed580000,0x00000000ed580000,0x00000000f3e00000)
 ParOldGen       total 138240K, used 129888K [0x0000000081c00000, 0x000000008a300000, 0x00000000d5f00000)
  object space 138240K, 93% used [0x0000000081c00000,0x0000000089ad82a0,0x000000008a300000)
 Metaspace       used 35097K, capacity 36993K, committed 37248K, reserved 1081344K
  class space    used 4305K, capacity 4886K, committed 4992K, reserved 1048576K
}
Event: 16.481 GC heap before
{Heap before GC invocations=16 (full 3):
 PSYoungGen      total 270336K, used 82407K [0x00000000d5f00000, 0x00000000f3e00000, 0x0000000100000000)
  eden space 187904K, 0% used [0x00000000d5f00000,0x00000000d5f00000,0x00000000e1680000)
  from space 82432K, 99% used [0x00000000e1680000,0x00000000e66f9c20,0x00000000e6700000)
  to   space 107008K, 0% used [0x00000000ed580000,0x00000000ed580000,0x00000000f3e00000)
 ParOldGen       total 138240K, used 129888K [0x0000000081c00000, 0x000000008a300000, 0x00000000d5f00000)
  object space 138240K, 93% used [0x0000000081c00000,0x0000000089ad82a0,0x000000008a300000)
 Metaspace       used 35097K, capacity 36993K, committed 37248K, reserved 1081344K
  class space    used 4305K, capacity 4886K, committed 4992K, reserved 1048576K
Event: 16.998 GC heap after
Heap after GC invocations=16 (full 3):
 PSYoungGen      total 270336K, used 3536K [0x00000000d5f00000, 0x00000000f3e00000, 0x0000000100000000)
  eden space 187904K, 0% used [0x00000000d5f00000,0x00000000d5f00000,0x00000000e1680000)
  from space 82432K, 4% used [0x00000000e1680000,0x00000000e19f4358,0x00000000e6700000)
  to   space 107008K, 0% used [0x00000000ed580000,0x00000000ed580000,0x00000000f3e00000)
 ParOldGen       total 228864K, used 138123K [0x0000000081c00000, 0x000000008fb80000, 0x00000000d5f00000)
  object space 228864K, 60% used [0x0000000081c00000,0x000000008a2e2f78,0x000000008fb80000)
 Metaspace       used 35097K, capacity 36993K, committed 37248K, reserved 1081344K
  class space    used 4305K, capacity 4886K, committed 4992K, reserved 1048576K
}
Event: 18.667 GC heap before
{Heap before GC invocations=17 (full 3):
 PSYoungGen      total 270336K, used 191440K [0x00000000d5f00000, 0x00000000f3e00000, 0x0000000100000000)
  eden space 187904K, 100% used [0x00000000d5f00000,0x00000000e1680000,0x00000000e1680000)
  from space 82432K, 4% used [0x00000000e1680000,0x00000000e19f4358,0x00000000e6700000)
  to   space 107008K, 0% used [0x00000000ed580000,0x00000000ed580000,0x00000000f3e00000)
 ParOldGen       total 228864K, used 138123K [0x0000000081c00000, 0x000000008fb80000, 0x00000000d5f00000)
  object space 228864K, 60% used [0x0000000081c00000,0x000000008a2e2f78,0x000000008fb80000)
 Metaspace       used 36839K, capacity 38905K, committed 39040K, reserved 1083392K
  class space    used 4525K, capacity 5148K, committed 5248K, reserved 1048576K
Event: 18.956 GC heap after
Heap after GC invocations=17 (full 3):
 PSYoungGen      total 374272K, used 81693K [0x00000000d5f00000, 0x00000000f4800000, 0x0000000100000000)
  eden space 267264K, 0% used [0x00000000d5f00000,0x00000000d5f00000,0x00000000e6400000)
  from space 107008K, 76% used [0x00000000ed580000,0x00000000f2547520,0x00000000f3e00000)
  to   space 116224K, 0% used [0x00000000e6400000,0x00000000e6400000,0x00000000ed580000)
 ParOldGen       total 228864K, used 141693K [0x0000000081c00000, 0x000000008fb80000, 0x00000000d5f00000)
  object space 228864K, 61% used [0x0000000081c00000,0x000000008a65f498,0x000000008fb80000)
 Metaspace       used 36839K, capacity 38905K, committed 39040K, reserved 1083392K
  class space    used 4525K, capacity 5148K, committed 5248K, reserved 1048576K
}
Event: 20.603 GC heap before
{Heap before GC invocations=18 (full 3):
 PSYoungGen      total 374272K, used 348957K [0x00000000d5f00000, 0x00000000f4800000, 0x0000000100000000)
  eden space 267264K, 100% used [0x00000000d5f00000,0x00000000e6400000,0x00000000e6400000)
  from space 107008K, 76% used [0x00000000ed580000,0x00000000f2547520,0x00000000f3e00000)
  to   space 116224K, 0% used [0x00000000e6400000,0x00000000e6400000,0x00000000ed580000)
 ParOldGen       total 228864K, used 141693K [0x0000000081c00000, 0x000000008fb80000, 0x00000000d5f00000)
  object space 228864K, 61% used [0x0000000081c00000,0x000000008a65f498,0x000000008fb80000)
 Metaspace       used 38248K, capacity 40405K, committed 40576K, reserved 1085440K
  class space    used 4844K, capacity 5488K, committed 5504K, reserved 1048576K
Event: 20.950 GC heap after
Heap after GC invocations=18 (full 3):
 PSYoungGen      total 383488K, used 113141K [0x00000000d5f00000, 0x00000000fdd00000, 0x0000000100000000)
  eden space 267264K, 0% used [0x00000000d5f00000,0x00000000d5f00000,0x00000000e6400000)
  from space 116224K, 97% used [0x00000000e6400000,0x00000000ed27d6c0,0x00000000ed580000)
  to   space 135168K, 0% used [0x00000000f5900000,0x00000000f5900000,0x00000000fdd00000)
 ParOldGen       total 228864K, used 143569K [0x0000000081c00000, 0x000000008fb80000, 0x00000000d5f00000)
  object space 228864K, 62% used [0x0000000081c00000,0x000000008a834770,0x000000008fb80000)
 Metaspace       used 38248K, capacity 40405K, committed 40576K, reserved 1085440K
  class space    used 4844K, capacity 5488K, committed 5504K, reserved 1048576K
}
Event: 22.400 GC heap before
{Heap before GC invocations=19 (full 3):
 PSYoungGen      total 383488K, used 380405K [0x00000000d5f00000, 0x00000000fdd00000, 0x0000000100000000)
  eden space 267264K, 100% used [0x00000000d5f00000,0x00000000e6400000,0x00000000e6400000)
  from space 116224K, 97% used [0x00000000e6400000,0x00000000ed27d6c0,0x00000000ed580000)
  to   space 135168K, 0% used [0x00000000f5900000,0x00000000f5900000,0x00000000fdd00000)
 ParOldGen       total 228864K, used 143590K [0x0000000081c00000, 0x000000008fb80000, 0x00000000d5f00000)
  object space 228864K, 62% used [0x0000000081c00000,0x000000008a839958,0x000000008fb80000)
 Metaspace       used 39526K, capacity 41751K, committed 41984K, reserved 1085440K
  class space    used 5170K, capacity 5852K, committed 5888K, reserved 1048576K
Event: 22.775 GC heap after
Heap after GC invocations=19 (full 3):
 PSYoungGen      total 500224K, used 121327K [0x00000000d5f00000, 0x0000000100000000, 0x0000000100000000)
  eden space 365056K, 0% used [0x00000000d5f00000,0x00000000d5f00000,0x00000000ec380000)
  from space 135168K, 89% used [0x00000000f5900000,0x00000000fcf7bd78,0x00000000fdd00000)
  to   space 153088K, 0% used [0x00000000ec380000,0x00000000ec380000,0x00000000f5900000)
 ParOldGen       total 228864K, used 146006K [0x0000000081c00000, 0x000000008fb80000, 0x00000000d5f00000)
  object space 228864K, 63% used [0x0000000081c00000,0x000000008aa95988,0x000000008fb80000)
 Metaspace       used 39526K, capacity 41751K, committed 41984K, reserved 1085440K
  class space    used 5170K, capacity 5852K, committed 5888K, reserved 1048576K
}

