# JRE version: Java(TM) SE Runtime Environment (8.0_51-b16) (build 1.8.0_51-b16)
# Java VM: Java HotSpot(TM) 64-Bit Server VM (25.51-b03 mixed mode windows-amd64 compressed oops)
Heap:
 PSYoungGen      total 384512K, used 190184K [0x00000000d5f00000, 0x0000000100000000, 0x0000000100000000)
  eden space 237568K, 18% used [0x00000000d5f00000,0x00000000d8984a88,0x00000000e4700000)
  from space 146944K, 99% used [0x00000000e4700000,0x00000000ed6357c0,0x00000000ed680000)
  to   space 229376K, 0% used [0x00000000f2000000,0x00000000f2000000,0x0000000100000000)
 ParOldGen       total 766464K, used 530932K [0x0000000081c00000, 0x00000000b0880000, 0x00000000d5f00000)
  object space 766464K, 69% used [0x0000000081c00000,0x00000000a227d030,0x00000000b0880000)
 Metaspace       used 97805K, capacity 110376K, committed 110592K, reserved 1140736K
  class space    used 15575K, capacity 19088K, committed 19200K, reserved 1048576K
GC Heap History (10 events):
Event: 152.643 GC heap before
{Heap before GC invocations=161 (full 8):
 PSYoungGen      total 550912K, used 449028K [0x00000000d5f00000, 0x00000000ff800000, 0x0000000100000000)
  eden space 430080K, 100% used [0x00000000d5f00000,0x00000000f0300000,0x00000000f0300000)
  from space 120832K, 15% used [0x00000000f8200000,0x00000000f9481328,0x00000000ff800000)
  to   space 125440K, 0% used [0x00000000f0300000,0x00000000f0300000,0x00000000f7d80000)
 ParOldGen       total 766464K, used 491183K [0x0000000081c00000, 0x00000000b0880000, 0x00000000d5f00000)
  object space 766464K, 64% used [0x0000000081c00000,0x000000009fbabe78,0x00000000b0880000)
 Metaspace       used 86758K, capacity 97316K, committed 97536K, reserved 1130496K
  class space    used 14132K, capacity 17345K, committed 17408K, reserved 1048576K
Event: 152.829 GC heap after
Heap after GC invocations=161 (full 8):
 PSYoungGen      total 522752K, used 92489K [0x00000000d5f00000, 0x0000000100000000, 0x0000000100000000)
  eden space 430080K, 0% used [0x00000000d5f00000,0x00000000d5f00000,0x00000000f0300000)
  from space 92672K, 99% used [0x00000000f0300000,0x00000000f5d526f0,0x00000000f5d80000)
  to   space 135168K, 0% used [0x00000000f7c00000,0x00000000f7c00000,0x0000000100000000)
 ParOldGen       total 766464K, used 491191K [0x0000000081c00000, 0x00000000b0880000, 0x00000000d5f00000)
  object space 766464K, 64% used [0x0000000081c00000,0x000000009fbade78,0x00000000b0880000)
 Metaspace       used 86758K, capacity 97316K, committed 97536K, reserved 1130496K
  class space    used 14132K, capacity 17345K, committed 17408K, reserved 1048576K
}
Event: 156.814 GC heap before
{Heap before GC invocations=162 (full 8):
 PSYoungGen      total 522752K, used 522569K [0x00000000d5f00000, 0x0000000100000000, 0x0000000100000000)
  eden space 430080K, 100% used [0x00000000d5f00000,0x00000000f0300000,0x00000000f0300000)
  from space 92672K, 99% used [0x00000000f0300000,0x00000000f5d526f0,0x00000000f5d80000)
  to   space 135168K, 0% used [0x00000000f7c00000,0x00000000f7c00000,0x0000000100000000)
 ParOldGen       total 766464K, used 491191K [0x0000000081c00000, 0x00000000b0880000, 0x00000000d5f00000)
  object space 766464K, 64% used [0x0000000081c00000,0x000000009fbade78,0x00000000b0880000)
 Metaspace       used 88181K, capacity 99244K, committed 99456K, reserved 1130496K
  class space    used 14375K, capacity 17675K, committed 17792K, reserved 1048576K
Event: 157.299 GC heap after
Heap after GC invocations=162 (full 8):
 PSYoungGen      total 478208K, used 135154K [0x00000000d5f00000, 0x0000000100000000, 0x0000000100000000)
  eden space 343040K, 0% used [0x00000000d5f00000,0x00000000d5f00000,0x00000000eae00000)
  from space 135168K, 99% used [0x00000000f7c00000,0x00000000ffffcba0,0x0000000100000000)
  to   space 173056K, 0% used [0x00000000eae00000,0x00000000eae00000,0x00000000f5700000)
 ParOldGen       total 766464K, used 529997K [0x0000000081c00000, 0x00000000b0880000, 0x00000000d5f00000)
  object space 766464K, 69% used [0x0000000081c00000,0x00000000a2193658,0x00000000b0880000)
 Metaspace       used 88181K, capacity 99244K, committed 99456K, reserved 1130496K
  class space    used 14375K, capacity 17675K, committed 17792K, reserved 1048576K
}
Event: 159.578 GC heap before
{Heap before GC invocations=163 (full 8):
 PSYoungGen      total 478208K, used 478194K [0x00000000d5f00000, 0x0000000100000000, 0x0000000100000000)
  eden space 343040K, 100% used [0x00000000d5f00000,0x00000000eae00000,0x00000000eae00000)
  from space 135168K, 99% used [0x00000000f7c00000,0x00000000ffffcba0,0x0000000100000000)
  to   space 173056K, 0% used [0x00000000eae00000,0x00000000eae00000,0x00000000f5700000)
 ParOldGen       total 766464K, used 529997K [0x0000000081c00000, 0x00000000b0880000, 0x00000000d5f00000)
  object space 766464K, 69% used [0x0000000081c00000,0x00000000a2193658,0x00000000b0880000)
 Metaspace       used 90523K, capacity 102114K, committed 102272K, reserved 1134592K
  class space    used 14690K, capacity 18039K, committed 18048K, reserved 1048576K
Event: 159.820 GC heap after
Heap after GC invocations=163 (full 8):
 PSYoungGen      total 516096K, used 173042K [0x00000000d5f00000, 0x0000000100000000, 0x0000000100000000)
  eden space 343040K, 0% used [0x00000000d5f00000,0x00000000d5f00000,0x00000000eae00000)
  from space 173056K, 99% used [0x00000000eae00000,0x00000000f56fcbb8,0x00000000f5700000)
  to   space 173056K, 0% used [0x00000000f5700000,0x00000000f5700000,0x0000000100000000)
 ParOldGen       total 766464K, used 530767K [0x0000000081c00000, 0x00000000b0880000, 0x00000000d5f00000)
  object space 766464K, 69% used [0x0000000081c00000,0x00000000a2253cb0,0x00000000b0880000)
 Metaspace       used 90523K, capacity 102114K, committed 102272K, reserved 1134592K
  class space    used 14690K, capacity 18039K, committed 18048K, reserved 1048576K
}
Event: 163.560 GC heap before
{Heap before GC invocations=164 (full 8):
 PSYoungGen      total 516096K, used 516082K [0x00000000d5f00000, 0x0000000100000000, 0x0000000100000000)
  eden space 343040K, 100% used [0x00000000d5f00000,0x00000000eae00000,0x00000000eae00000)
  from space 173056K, 99% used [0x00000000eae00000,0x00000000f56fcbb8,0x00000000f5700000)
  to   space 173056K, 0% used [0x00000000f5700000,0x00000000f5700000,0x0000000100000000)
 ParOldGen       total 766464K, used 530914K [0x0000000081c00000, 0x00000000b0880000, 0x00000000d5f00000)
  object space 766464K, 69% used [0x0000000081c00000,0x00000000a2278a38,0x00000000b0880000)
 Metaspace       used 92697K, capacity 104816K, committed 104960K, reserved 1136640K
  class space    used 14948K, capacity 18404K, committed 18432K, reserved 1048576K
Event: 163.765 GC heap after
Heap after GC invocations=164 (full 8):
 PSYoungGen      total 410624K, used 167923K [0x00000000d5f00000, 0x0000000100000000, 0x0000000100000000)
  eden space 237568K, 0% used [0x00000000d5f00000,0x00000000d5f00000,0x00000000e4700000)
  from space 173056K, 97% used [0x00000000f5700000,0x00000000ffafceb0,0x0000000100000000)
  to   space 225792K, 0% used [0x00000000e4700000,0x00000000e4700000,0x00000000f2380000)
 ParOldGen       total 766464K, used 530922K [0x0000000081c00000, 0x00000000b0880000, 0x00000000d5f00000)
  object space 766464K, 69% used [0x0000000081c00000,0x00000000a227aa38,0x00000000b0880000)
 Metaspace       used 92697K, capacity 104816K, committed 104960K, reserved 1136640K
  class space    used 14948K, capacity 18404K, committed 18432K, reserved 1048576K
}
Event: 168.215 GC heap before
{Heap before GC invocations=165 (full 8):
 PSYoungGen      total 410624K, used 405491K [0x00000000d5f00000, 0x0000000100000000, 0x0000000100000000)
  eden space 237568K, 100% used [0x00000000d5f00000,0x00000000e4700000,0x00000000e4700000)
  from space 173056K, 97% used [0x00000000f5700000,0x00000000ffafceb0,0x0000000100000000)
  to   space 225792K, 0% used [0x00000000e4700000,0x00000000e4700000,0x00000000f2380000)
 ParOldGen       total 766464K, used 530924K [0x0000000081c00000, 0x00000000b0880000, 0x00000000d5f00000)
  object space 766464K, 69% used [0x0000000081c00000,0x00000000a227b030,0x00000000b0880000)
 Metaspace       used 97122K, capacity 109646K, committed 109952K, reserved 1140736K
  class space    used 15480K, capacity 19017K, committed 19072K, reserved 1048576K
Event: 168.512 GC heap after
Heap after GC invocations=165 (full 8):
 PSYoungGen      total 384512K, used 146645K [0x00000000d5f00000, 0x0000000100000000, 0x0000000100000000)
  eden space 237568K, 0% used [0x00000000d5f00000,0x00000000d5f00000,0x00000000e4700000)
  from space 146944K, 99% used [0x00000000e4700000,0x00000000ed6357c0,0x00000000ed680000)
  to   space 229376K, 0% used [0x00000000f2000000,0x00000000f2000000,0x0000000100000000)
 ParOldGen       total 766464K, used 530932K [0x0000000081c00000, 0x00000000b0880000, 0x00000000d5f00000)
  object space 766464K, 69% used [0x0000000081c00000,0x00000000a227d030,0x00000000b0880000)
 Metaspace       used 97122K, capacity 109646K, committed 109952K, reserved 1140736K
  class space    used 15480K, capacity 19017K, committed 19072K, reserved 1048576K
}

