# JRE version: Java(TM) SE Runtime Environment (8.0_51-b16) (build 1.8.0_51-b16)
# Java VM: Java HotSpot(TM) 64-Bit Server VM (25.51-b03 mixed mode windows-amd64 compressed oops)
Heap:
 PSYoungGen      total 459776K, used 306915K [0x00000000d5f00000, 0x0000000100000000, 0x0000000100000000)
  eden space 230400K, 93% used [0x00000000d5f00000,0x00000000e3274718,0x00000000e4000000)
  from space 229376K, 39% used [0x00000000e4000000,0x00000000e9844620,0x00000000f2000000)
  to   space 229376K, 0% used [0x00000000f2000000,0x00000000f2000000,0x0000000100000000)
 ParOldGen       total 643584K, used 495699K [0x0000000081c00000, 0x00000000a9080000, 0x00000000d5f00000)
  object space 643584K, 77% used [0x0000000081c00000,0x00000000a0014cb0,0x00000000a9080000)
 Metaspace       used 90323K, capacity 100718K, committed 100864K, reserved 1134592K
  class space    used 13613K, capacity 16357K, committed 16384K, reserved 1048576K
GC Heap History (10 events):
Event: 135.294 GC heap before
{Heap before GC invocations=96 (full 7):
 PSYoungGen      total 481792K, used 365788K [0x00000000d5f00000, 0x0000000100000000, 0x0000000100000000)
  eden space 269824K, 100% used [0x00000000d5f00000,0x00000000e6680000,0x00000000e6680000)
  from space 211968K, 45% used [0x00000000f3100000,0x00000000f8eb7380,0x0000000100000000)
  to   space 207360K, 0% used [0x00000000e6680000,0x00000000e6680000,0x00000000f3100000)
 ParOldGen       total 643584K, used 439276K [0x0000000081c00000, 0x00000000a9080000, 0x00000000d5f00000)
  object space 643584K, 68% used [0x0000000081c00000,0x000000009c8fb068,0x00000000a9080000)
 Metaspace       used 80319K, capacity 89194K, committed 89216K, reserved 1124352K
  class space    used 12274K, capacity 14719K, committed 14720K, reserved 1048576K
Event: 135.518 GC heap after
Heap after GC invocations=96 (full 7):
 PSYoungGen      total 434176K, used 164112K [0x00000000d5f00000, 0x0000000100000000, 0x0000000100000000)
  eden space 269824K, 0% used [0x00000000d5f00000,0x00000000d5f00000,0x00000000e6680000)
  from space 164352K, 99% used [0x00000000e6680000,0x00000000f06c41d0,0x00000000f0700000)
  to   space 227840K, 0% used [0x00000000f2180000,0x00000000f2180000,0x0000000100000000)
 ParOldGen       total 643584K, used 439284K [0x0000000081c00000, 0x00000000a9080000, 0x00000000d5f00000)
  object space 643584K, 68% used [0x0000000081c00000,0x000000009c8fd068,0x00000000a9080000)
 Metaspace       used 80319K, capacity 89194K, committed 89216K, reserved 1124352K
  class space    used 12274K, capacity 14719K, committed 14720K, reserved 1048576K
}
Event: 137.957 GC heap before
{Heap before GC invocations=97 (full 7):
 PSYoungGen      total 434176K, used 433936K [0x00000000d5f00000, 0x0000000100000000, 0x0000000100000000)
  eden space 269824K, 100% used [0x00000000d5f00000,0x00000000e6680000,0x00000000e6680000)
  from space 164352K, 99% used [0x00000000e6680000,0x00000000f06c41d0,0x00000000f0700000)
  to   space 227840K, 0% used [0x00000000f2180000,0x00000000f2180000,0x0000000100000000)
 ParOldGen       total 643584K, used 439631K [0x0000000081c00000, 0x00000000a9080000, 0x00000000d5f00000)
  object space 643584K, 68% used [0x0000000081c00000,0x000000009c953d00,0x00000000a9080000)
 Metaspace       used 81893K, capacity 91200K, committed 91264K, reserved 1126400K
  class space    used 12458K, capacity 14954K, committed 14976K, reserved 1048576K
Event: 138.118 GC heap after
Heap after GC invocations=97 (full 7):
 PSYoungGen      total 458240K, used 149756K [0x00000000d5f00000, 0x0000000100000000, 0x0000000100000000)
  eden space 230400K, 0% used [0x00000000d5f00000,0x00000000d5f00000,0x00000000e4000000)
  from space 227840K, 65% used [0x00000000f2180000,0x00000000fb3bf110,0x0000000100000000)
  to   space 229376K, 0% used [0x00000000e4000000,0x00000000e4000000,0x00000000f2000000)
 ParOldGen       total 643584K, used 439639K [0x0000000081c00000, 0x00000000a9080000, 0x00000000d5f00000)
  object space 643584K, 68% used [0x0000000081c00000,0x000000009c955d00,0x00000000a9080000)
 Metaspace       used 81893K, capacity 91200K, committed 91264K, reserved 1126400K
  class space    used 12458K, capacity 14954K, committed 14976K, reserved 1048576K
}
Event: 142.340 GC heap before
{Heap before GC invocations=98 (full 7):
 PSYoungGen      total 458240K, used 380156K [0x00000000d5f00000, 0x0000000100000000, 0x0000000100000000)
  eden space 230400K, 100% used [0x00000000d5f00000,0x00000000e4000000,0x00000000e4000000)
  from space 227840K, 65% used [0x00000000f2180000,0x00000000fb3bf110,0x0000000100000000)
  to   space 229376K, 0% used [0x00000000e4000000,0x00000000e4000000,0x00000000f2000000)
 ParOldGen       total 643584K, used 439641K [0x0000000081c00000, 0x00000000a9080000, 0x00000000d5f00000)
  object space 643584K, 68% used [0x0000000081c00000,0x000000009c956720,0x00000000a9080000)
 Metaspace       used 86846K, capacity 96500K, committed 96640K, reserved 1130496K
  class space    used 13083K, capacity 15640K, committed 15744K, reserved 1048576K
Event: 142.495 GC heap after
Heap after GC invocations=98 (full 7):
 PSYoungGen      total 459776K, used 125499K [0x00000000d5f00000, 0x0000000100000000, 0x0000000100000000)
  eden space 230400K, 0% used [0x00000000d5f00000,0x00000000d5f00000,0x00000000e4000000)
  from space 229376K, 54% used [0x00000000e4000000,0x00000000eba8ec68,0x00000000f2000000)
  to   space 229376K, 0% used [0x00000000f2000000,0x00000000f2000000,0x0000000100000000)
 ParOldGen       total 643584K, used 452133K [0x0000000081c00000, 0x00000000a9080000, 0x00000000d5f00000)
  object space 643584K, 70% used [0x0000000081c00000,0x000000009d589770,0x00000000a9080000)
 Metaspace       used 86846K, capacity 96500K, committed 96640K, reserved 1130496K
  class space    used 13083K, capacity 15640K, committed 15744K, reserved 1048576K
}
Event: 144.517 GC heap before
{Heap before GC invocations=99 (full 7):
 PSYoungGen      total 459776K, used 355899K [0x00000000d5f00000, 0x0000000100000000, 0x0000000100000000)
  eden space 230400K, 100% used [0x00000000d5f00000,0x00000000e4000000,0x00000000e4000000)
  from space 229376K, 54% used [0x00000000e4000000,0x00000000eba8ec68,0x00000000f2000000)
  to   space 229376K, 0% used [0x00000000f2000000,0x00000000f2000000,0x0000000100000000)
 ParOldGen       total 643584K, used 452133K [0x0000000081c00000, 0x00000000a9080000, 0x00000000d5f00000)
  object space 643584K, 70% used [0x0000000081c00000,0x000000009d589770,0x00000000a9080000)
 Metaspace       used 87818K, capacity 97608K, committed 97920K, reserved 1130496K
  class space    used 13260K, capacity 15890K, committed 16000K, reserved 1048576K
Event: 144.732 GC heap after
Heap after GC invocations=99 (full 7):
 PSYoungGen      total 459776K, used 154435K [0x00000000d5f00000, 0x0000000100000000, 0x0000000100000000)
  eden space 230400K, 0% used [0x00000000d5f00000,0x00000000d5f00000,0x00000000e4000000)
  from space 229376K, 67% used [0x00000000f2000000,0x00000000fb6d0f20,0x0000000100000000)
  to   space 229376K, 0% used [0x00000000e4000000,0x00000000e4000000,0x00000000f2000000)
 ParOldGen       total 643584K, used 458647K [0x0000000081c00000, 0x00000000a9080000, 0x00000000d5f00000)
  object space 643584K, 71% used [0x0000000081c00000,0x000000009dbe5ce8,0x00000000a9080000)
 Metaspace       used 87818K, capacity 97608K, committed 97920K, reserved 1130496K
  class space    used 13260K, capacity 15890K, committed 16000K, reserved 1048576K
}
Event: 146.367 GC heap before
{Heap before GC invocations=100 (full 7):
 PSYoungGen      total 459776K, used 384835K [0x00000000d5f00000, 0x0000000100000000, 0x0000000100000000)
  eden space 230400K, 100% used [0x00000000d5f00000,0x00000000e4000000,0x00000000e4000000)
  from space 229376K, 67% used [0x00000000f2000000,0x00000000fb6d0f20,0x0000000100000000)
  to   space 229376K, 0% used [0x00000000e4000000,0x00000000e4000000,0x00000000f2000000)
 ParOldGen       total 643584K, used 458647K [0x0000000081c00000, 0x00000000a9080000, 0x00000000d5f00000)
  object space 643584K, 71% used [0x0000000081c00000,0x000000009dbe5ce8,0x00000000a9080000)
 Metaspace       used 89011K, capacity 99060K, committed 99328K, reserved 1132544K
  class space    used 13441K, capacity 16108K, committed 16128K, reserved 1048576K
Event: 146.522 GC heap after
Heap after GC invocations=100 (full 7):
 PSYoungGen      total 459776K, used 90385K [0x00000000d5f00000, 0x0000000100000000, 0x0000000100000000)
  eden space 230400K, 0% used [0x00000000d5f00000,0x00000000d5f00000,0x00000000e4000000)
  from space 229376K, 39% used [0x00000000e4000000,0x00000000e9844620,0x00000000f2000000)
  to   space 229376K, 0% used [0x00000000f2000000,0x00000000f2000000,0x0000000100000000)
 ParOldGen       total 643584K, used 495699K [0x0000000081c00000, 0x00000000a9080000, 0x00000000d5f00000)
  object space 643584K, 77% used [0x0000000081c00000,0x00000000a0014cb0,0x00000000a9080000)
 Metaspace       used 89011K, capacity 99060K, committed 99328K, reserved 1132544K
  class space    used 13441K, capacity 16108K, committed 16128K, reserved 1048576K
}

