# JRE version: Java(TM) SE Runtime Environment (8.0_51-b16) (build 1.8.0_51-b16)
# Java VM: Java HotSpot(TM) 64-Bit Server VM (25.51-b03 mixed mode windows-amd64 compressed oops)
Heap:
 PSYoungGen      total 453632K, used 91109K [0x00000000d5f00000, 0x00000000f9600000, 0x0000000100000000)
  eden space 354816K, 19% used [0x00000000d5f00000,0x00000000da145b28,0x00000000eb980000)
  from space 98816K, 23% used [0x00000000f1780000,0x00000000f2e33a88,0x00000000f7800000)
  to   space 96256K, 0% used [0x00000000eb980000,0x00000000eb980000,0x00000000f1780000)
 ParOldGen       total 341504K, used 227590K [0x0000000081c00000, 0x0000000096980000, 0x00000000d5f00000)
  object space 341504K, 66% used [0x0000000081c00000,0x000000008fa41b30,0x0000000096980000)
 Metaspace       used 52476K, capacity 56826K, committed 57088K, reserved 1097728K
  class space    used 7638K, capacity 8834K, committed 8960K, reserved 1048576K
GC Heap History (10 events):
Event: 45.199 GC heap before
{Heap before GC invocations=42 (full 6):
 PSYoungGen      total 413184K, used 324675K [0x00000000d5f00000, 0x00000000f5f80000, 0x0000000100000000)
  eden space 303104K, 100% used [0x00000000d5f00000,0x00000000e8700000,0x00000000e8700000)
  from space 110080K, 19% used [0x00000000e8700000,0x00000000e9c10da8,0x00000000ef280000)
  to   space 101888K, 0% used [0x00000000ef280000,0x00000000ef280000,0x00000000f5600000)
 ParOldGen       total 341504K, used 223072K [0x0000000081c00000, 0x0000000096980000, 0x00000000d5f00000)
  object space 341504K, 65% used [0x0000000081c00000,0x000000008f5d81c0,0x0000000096980000)
 Metaspace       used 51804K, capacity 56078K, committed 56320K, reserved 1097728K
  class space    used 7491K, capacity 8626K, committed 8704K, reserved 1048576K
Event: 45.254 GC heap after
Heap after GC invocations=42 (full 6):
 PSYoungGen      total 404992K, used 38945K [0x00000000d5f00000, 0x00000000f5f80000, 0x0000000100000000)
  eden space 303104K, 0% used [0x00000000d5f00000,0x00000000d5f00000,0x00000000e8700000)
  from space 101888K, 38% used [0x00000000ef280000,0x00000000f1888640,0x00000000f5600000)
  to   space 110080K, 0% used [0x00000000e8700000,0x00000000e8700000,0x00000000ef280000)
 ParOldGen       total 341504K, used 223408K [0x0000000081c00000, 0x0000000096980000, 0x00000000d5f00000)
  object space 341504K, 65% used [0x0000000081c00000,0x000000008f62c1d0,0x0000000096980000)
 Metaspace       used 51804K, capacity 56078K, committed 56320K, reserved 1097728K
  class space    used 7491K, capacity 8626K, committed 8704K, reserved 1048576K
}
Event: 45.506 GC heap before
{Heap before GC invocations=43 (full 6):
 PSYoungGen      total 404992K, used 342049K [0x00000000d5f00000, 0x00000000f5f80000, 0x0000000100000000)
  eden space 303104K, 100% used [0x00000000d5f00000,0x00000000e8700000,0x00000000e8700000)
  from space 101888K, 38% used [0x00000000ef280000,0x00000000f1888640,0x00000000f5600000)
  to   space 110080K, 0% used [0x00000000e8700000,0x00000000e8700000,0x00000000ef280000)
 ParOldGen       total 341504K, used 223408K [0x0000000081c00000, 0x0000000096980000, 0x00000000d5f00000)
  object space 341504K, 65% used [0x0000000081c00000,0x000000008f62c1d0,0x0000000096980000)
 Metaspace       used 52023K, capacity 56380K, committed 56704K, reserved 1097728K
  class space    used 7546K, capacity 8723K, committed 8832K, reserved 1048576K
Event: 45.544 GC heap after
Heap after GC invocations=43 (full 6):
 PSYoungGen      total 413184K, used 25964K [0x00000000d5f00000, 0x00000000f8280000, 0x0000000100000000)
  eden space 303104K, 0% used [0x00000000d5f00000,0x00000000d5f00000,0x00000000e8700000)
  from space 110080K, 23% used [0x00000000e8700000,0x00000000ea05b160,0x00000000ef280000)
  to   space 109568K, 0% used [0x00000000f1780000,0x00000000f1780000,0x00000000f8280000)
 ParOldGen       total 341504K, used 224602K [0x0000000081c00000, 0x0000000096980000, 0x00000000d5f00000)
  object space 341504K, 65% used [0x0000000081c00000,0x000000008f756838,0x0000000096980000)
 Metaspace       used 52023K, capacity 56380K, committed 56704K, reserved 1097728K
  class space    used 7546K, capacity 8723K, committed 8832K, reserved 1048576K
}
Event: 45.799 GC heap before
{Heap before GC invocations=44 (full 6):
 PSYoungGen      total 413184K, used 329068K [0x00000000d5f00000, 0x00000000f8280000, 0x0000000100000000)
  eden space 303104K, 100% used [0x00000000d5f00000,0x00000000e8700000,0x00000000e8700000)
  from space 110080K, 23% used [0x00000000e8700000,0x00000000ea05b160,0x00000000ef280000)
  to   space 109568K, 0% used [0x00000000f1780000,0x00000000f1780000,0x00000000f8280000)
 ParOldGen       total 341504K, used 224602K [0x0000000081c00000, 0x0000000096980000, 0x00000000d5f00000)
  object space 341504K, 65% used [0x0000000081c00000,0x000000008f756838,0x0000000096980000)
 Metaspace       used 52146K, capacity 56444K, committed 56704K, reserved 1097728K
  class space    used 7573K, capacity 8723K, committed 8832K, reserved 1048576K
Event: 45.842 GC heap after
Heap after GC invocations=44 (full 6):
 PSYoungGen      total 440832K, used 29098K [0x00000000d5f00000, 0x00000000f7800000, 0x0000000100000000)
  eden space 342016K, 0% used [0x00000000d5f00000,0x00000000d5f00000,0x00000000ead00000)
  from space 98816K, 29% used [0x00000000f1780000,0x00000000f33eaa10,0x00000000f7800000)
  to   space 103936K, 0% used [0x00000000ead00000,0x00000000ead00000,0x00000000f1280000)
 ParOldGen       total 341504K, used 225763K [0x0000000081c00000, 0x0000000096980000, 0x00000000d5f00000)
  object space 341504K, 66% used [0x0000000081c00000,0x000000008f878e90,0x0000000096980000)
 Metaspace       used 52146K, capacity 56444K, committed 56704K, reserved 1097728K
  class space    used 7573K, capacity 8723K, committed 8832K, reserved 1048576K
}
Event: 45.989 GC heap before
{Heap before GC invocations=45 (full 6):
 PSYoungGen      total 440832K, used 371114K [0x00000000d5f00000, 0x00000000f7800000, 0x0000000100000000)
  eden space 342016K, 100% used [0x00000000d5f00000,0x00000000ead00000,0x00000000ead00000)
  from space 98816K, 29% used [0x00000000f1780000,0x00000000f33eaa10,0x00000000f7800000)
  to   space 103936K, 0% used [0x00000000ead00000,0x00000000ead00000,0x00000000f1280000)
 ParOldGen       total 341504K, used 225763K [0x0000000081c00000, 0x0000000096980000, 0x00000000d5f00000)
  object space 341504K, 66% used [0x0000000081c00000,0x000000008f878e90,0x0000000096980000)
 Metaspace       used 52222K, capacity 56540K, committed 56704K, reserved 1097728K
  class space    used 7591K, capacity 8755K, committed 8832K, reserved 1048576K
Event: 46.029 GC heap after
Heap after GC invocations=45 (full 6):
 PSYoungGen      total 445952K, used 17941K [0x00000000d5f00000, 0x00000000f7800000, 0x0000000100000000)
  eden space 342016K, 0% used [0x00000000d5f00000,0x00000000d5f00000,0x00000000ead00000)
  from space 103936K, 17% used [0x00000000ead00000,0x00000000ebe857a8,0x00000000f1280000)
  to   space 98816K, 0% used [0x00000000f1780000,0x00000000f1780000,0x00000000f7800000)
 ParOldGen       total 341504K, used 226301K [0x0000000081c00000, 0x0000000096980000, 0x00000000d5f00000)
  object space 341504K, 66% used [0x0000000081c00000,0x000000008f8ff4d8,0x0000000096980000)
 Metaspace       used 52222K, capacity 56540K, committed 56704K, reserved 1097728K
  class space    used 7591K, capacity 8755K, committed 8832K, reserved 1048576K
}
Event: 46.280 GC heap before
{Heap before GC invocations=46 (full 6):
 PSYoungGen      total 445952K, used 359957K [0x00000000d5f00000, 0x00000000f7800000, 0x0000000100000000)
  eden space 342016K, 100% used [0x00000000d5f00000,0x00000000ead00000,0x00000000ead00000)
  from space 103936K, 17% used [0x00000000ead00000,0x00000000ebe857a8,0x00000000f1280000)
  to   space 98816K, 0% used [0x00000000f1780000,0x00000000f1780000,0x00000000f7800000)
 ParOldGen       total 341504K, used 226301K [0x0000000081c00000, 0x0000000096980000, 0x00000000d5f00000)
  object space 341504K, 66% used [0x0000000081c00000,0x000000008f8ff4d8,0x0000000096980000)
 Metaspace       used 52423K, capacity 56796K, committed 56960K, reserved 1097728K
  class space    used 7624K, capacity 8819K, committed 8832K, reserved 1048576K
Event: 46.315 GC heap after
Heap after GC invocations=46 (full 6):
 PSYoungGen      total 453632K, used 23246K [0x00000000d5f00000, 0x00000000f9600000, 0x0000000100000000)
  eden space 354816K, 0% used [0x00000000d5f00000,0x00000000d5f00000,0x00000000eb980000)
  from space 98816K, 23% used [0x00000000f1780000,0x00000000f2e33a88,0x00000000f7800000)
  to   space 96256K, 0% used [0x00000000eb980000,0x00000000eb980000,0x00000000f1780000)
 ParOldGen       total 341504K, used 227590K [0x0000000081c00000, 0x0000000096980000, 0x00000000d5f00000)
  object space 341504K, 66% used [0x0000000081c00000,0x000000008fa41b30,0x0000000096980000)
 Metaspace       used 52423K, capacity 56796K, committed 56960K, reserved 1097728K
  class space    used 7624K, capacity 8819K, committed 8832K, reserved 1048576K
}

