# JRE version: Java(TM) SE Runtime Environment (8.0_51-b16) (build 1.8.0_51-b16)
# Java VM: Java HotSpot(TM) 64-Bit Server VM (25.51-b03 mixed mode windows-amd64 compressed oops)
Heap:
 PSYoungGen      total 168448K, used 144123K [0x00000000d5f00000, 0x00000000e2d80000, 0x0000000100000000)
  eden space 133120K, 81% used [0x00000000d5f00000,0x00000000dc946630,0x00000000de100000)
  from space 35328K, 99% used [0x00000000e0b00000,0x00000000e2d78630,0x00000000e2d80000)
  to   space 5120K, 0% used [0x00000000de100000,0x00000000de100000,0x00000000de600000)
 ParOldGen       total 179712K, used 111858K [0x0000000081c00000, 0x000000008cb80000, 0x00000000d5f00000)
  object space 179712K, 62% used [0x0000000081c00000,0x000000008893c840,0x000000008cb80000)
 Metaspace       used 36241K, capacity 38343K, committed 38656K, reserved 1083392K
  class space    used 4448K, capacity 5055K, committed 5120K, reserved 1048576K
GC Heap History (10 events):
Event: 7.329 GC heap before
{Heap before GC invocations=7 (full 2):
 PSYoungGen      total 138240K, used 5091K [0x00000000d5f00000, 0x00000000e2d80000, 0x0000000100000000)
  eden space 133120K, 0% used [0x00000000d5f00000,0x00000000d5f00000,0x00000000de100000)
  from space 5120K, 99% used [0x00000000de100000,0x00000000de5f8e48,0x00000000de600000)
  to   space 35328K, 0% used [0x00000000e0b00000,0x00000000e0b00000,0x00000000e2d80000)
 ParOldGen       total 71680K, used 55637K [0x0000000081c00000, 0x0000000086200000, 0x00000000d5f00000)
  object space 71680K, 77% used [0x0000000081c00000,0x0000000085255540,0x0000000086200000)
 Metaspace       used 31019K, capacity 32779K, committed 32896K, reserved 1077248K
  class space    used 3884K, capacity 4423K, committed 4480K, reserved 1048576K
Event: 7.568 GC heap after
Heap after GC invocations=7 (full 2):
 PSYoungGen      total 138240K, used 0K [0x00000000d5f00000, 0x00000000e2d80000, 0x0000000100000000)
  eden space 133120K, 0% used [0x00000000d5f00000,0x00000000d5f00000,0x00000000de100000)
  from space 5120K, 0% used [0x00000000de100000,0x00000000de100000,0x00000000de600000)
  to   space 35328K, 0% used [0x00000000e0b00000,0x00000000e0b00000,0x00000000e2d80000)
 ParOldGen       total 179712K, used 56790K [0x0000000081c00000, 0x000000008cb80000, 0x00000000d5f00000)
  object space 179712K, 31% used [0x0000000081c00000,0x0000000085375ba0,0x000000008cb80000)
 Metaspace       used 31019K, capacity 32779K, committed 32896K, reserved 1077248K
  class space    used 3884K, capacity 4423K, committed 4480K, reserved 1048576K
}
Event: 8.639 GC heap before
{Heap before GC invocations=8 (full 2):
 PSYoungGen      total 138240K, used 133120K [0x00000000d5f00000, 0x00000000e2d80000, 0x0000000100000000)
  eden space 133120K, 100% used [0x00000000d5f00000,0x00000000de100000,0x00000000de100000)
  from space 5120K, 0% used [0x00000000de100000,0x00000000de100000,0x00000000de600000)
  to   space 35328K, 0% used [0x00000000e0b00000,0x00000000e0b00000,0x00000000e2d80000)
 ParOldGen       total 179712K, used 56790K [0x0000000081c00000, 0x000000008cb80000, 0x00000000d5f00000)
  object space 179712K, 31% used [0x0000000081c00000,0x0000000085375ba0,0x000000008cb80000)
 Metaspace       used 32293K, capacity 34091K, committed 34304K, reserved 1079296K
  class space    used 3976K, capacity 4529K, committed 4608K, reserved 1048576K
Event: 8.855 GC heap after
Heap after GC invocations=8 (full 2):
 PSYoungGen      total 168448K, used 35327K [0x00000000d5f00000, 0x00000000e2d80000, 0x0000000100000000)
  eden space 133120K, 0% used [0x00000000d5f00000,0x00000000d5f00000,0x00000000de100000)
  from space 35328K, 99% used [0x00000000e0b00000,0x00000000e2d7fd58,0x00000000e2d80000)
  to   space 5120K, 0% used [0x00000000de100000,0x00000000de100000,0x00000000de600000)
 ParOldGen       total 179712K, used 90766K [0x0000000081c00000, 0x000000008cb80000, 0x00000000d5f00000)
  object space 179712K, 50% used [0x0000000081c00000,0x00000000874a3940,0x000000008cb80000)
 Metaspace       used 32293K, capacity 34091K, committed 34304K, reserved 1079296K
  class space    used 3976K, capacity 4529K, committed 4608K, reserved 1048576K
}
Event: 9.869 GC heap before
{Heap before GC invocations=9 (full 2):
 PSYoungGen      total 168448K, used 168447K [0x00000000d5f00000, 0x00000000e2d80000, 0x0000000100000000)
  eden space 133120K, 100% used [0x00000000d5f00000,0x00000000de100000,0x00000000de100000)
  from space 35328K, 99% used [0x00000000e0b00000,0x00000000e2d7fd58,0x00000000e2d80000)
  to   space 5120K, 0% used [0x00000000de100000,0x00000000de100000,0x00000000de600000)
 ParOldGen       total 179712K, used 90766K [0x0000000081c00000, 0x000000008cb80000, 0x00000000d5f00000)
  object space 179712K, 50% used [0x0000000081c00000,0x00000000874a3940,0x000000008cb80000)
 Metaspace       used 33922K, capacity 35767K, committed 36096K, reserved 1081344K
  class space    used 4181K, capacity 4755K, committed 4864K, reserved 1048576K
Event: 10.009 GC heap after
Heap after GC invocations=9 (full 2):
 PSYoungGen      total 138240K, used 5107K [0x00000000d5f00000, 0x00000000e2d80000, 0x0000000100000000)
  eden space 133120K, 0% used [0x00000000d5f00000,0x00000000d5f00000,0x00000000de100000)
  from space 5120K, 99% used [0x00000000de100000,0x00000000de5fcd80,0x00000000de600000)
  to   space 35328K, 0% used [0x00000000e0b00000,0x00000000e0b00000,0x00000000e2d80000)
 ParOldGen       total 179712K, used 141327K [0x0000000081c00000, 0x000000008cb80000, 0x00000000d5f00000)
  object space 179712K, 78% used [0x0000000081c00000,0x000000008a603d38,0x000000008cb80000)
 Metaspace       used 33922K, capacity 35767K, committed 36096K, reserved 1081344K
  class space    used 4181K, capacity 4755K, committed 4864K, reserved 1048576K
}
Event: 10.009 GC heap before
{Heap before GC invocations=10 (full 3):
 PSYoungGen      total 138240K, used 5107K [0x00000000d5f00000, 0x00000000e2d80000, 0x0000000100000000)
  eden space 133120K, 0% used [0x00000000d5f00000,0x00000000d5f00000,0x00000000de100000)
  from space 5120K, 99% used [0x00000000de100000,0x00000000de5fcd80,0x00000000de600000)
  to   space 35328K, 0% used [0x00000000e0b00000,0x00000000e0b00000,0x00000000e2d80000)
 ParOldGen       total 179712K, used 141327K [0x0000000081c00000, 0x000000008cb80000, 0x00000000d5f00000)
  object space 179712K, 78% used [0x0000000081c00000,0x000000008a603d38,0x000000008cb80000)
 Metaspace       used 33922K, capacity 35767K, committed 36096K, reserved 1081344K
  class space    used 4181K, capacity 4755K, committed 4864K, reserved 1048576K
Event: 10.242 GC heap after
Heap after GC invocations=10 (full 3):
 PSYoungGen      total 138240K, used 0K [0x00000000d5f00000, 0x00000000e2d80000, 0x0000000100000000)
  eden space 133120K, 0% used [0x00000000d5f00000,0x00000000d5f00000,0x00000000de100000)
  from space 5120K, 0% used [0x00000000de100000,0x00000000de100000,0x00000000de600000)
  to   space 35328K, 0% used [0x00000000e0b00000,0x00000000e0b00000,0x00000000e2d80000)
 ParOldGen       total 179712K, used 74990K [0x0000000081c00000, 0x000000008cb80000, 0x00000000d5f00000)
  object space 179712K, 41% used [0x0000000081c00000,0x000000008653bb80,0x000000008cb80000)
 Metaspace       used 33922K, capacity 35767K, committed 36096K, reserved 1081344K
  class space    used 4181K, capacity 4755K, committed 4864K, reserved 1048576K
}
Event: 11.550 GC heap before
{Heap before GC invocations=11 (full 3):
 PSYoungGen      total 138240K, used 133076K [0x00000000d5f00000, 0x00000000e2d80000, 0x0000000100000000)
  eden space 133120K, 99% used [0x00000000d5f00000,0x00000000de0f53f8,0x00000000de100000)
  from space 5120K, 0% used [0x00000000de100000,0x00000000de100000,0x00000000de600000)
  to   space 35328K, 0% used [0x00000000e0b00000,0x00000000e0b00000,0x00000000e2d80000)
 ParOldGen       total 179712K, used 74990K [0x0000000081c00000, 0x000000008cb80000, 0x00000000d5f00000)
  object space 179712K, 41% used [0x0000000081c00000,0x000000008653bb80,0x000000008cb80000)
 Metaspace       used 34807K, capacity 36757K, committed 36864K, reserved 1081344K
  class space    used 4266K, capacity 4858K, committed 4864K, reserved 1048576K
Event: 11.748 GC heap after
Heap after GC invocations=11 (full 3):
 PSYoungGen      total 168448K, used 35297K [0x00000000d5f00000, 0x00000000e2d80000, 0x0000000100000000)
  eden space 133120K, 0% used [0x00000000d5f00000,0x00000000d5f00000,0x00000000de100000)
  from space 35328K, 99% used [0x00000000e0b00000,0x00000000e2d78630,0x00000000e2d80000)
  to   space 5120K, 0% used [0x00000000de100000,0x00000000de100000,0x00000000de600000)
 ParOldGen       total 179712K, used 111858K [0x0000000081c00000, 0x000000008cb80000, 0x00000000d5f00000)
  object space 179712K, 62% used [0x0000000081c00000,0x000000008893c840,0x000000008cb80000)
 Metaspace       used 34807K, capacity 36757K, committed 36864K, reserved 1081344K
  class space    used 4266K, capacity 4858K, committed 4864K, reserved 1048576K
}

