# JRE version: Java(TM) SE Runtime Environment (8.0_51-b16) (build 1.8.0_51-b16)
# Java VM: Java HotSpot(TM) 64-Bit Server VM (25.51-b03 mixed mode windows-amd64 compressed oops)
Heap:
 PSYoungGen      total 624640K, used 104898K [0x00000000d5f00000, 0x0000000100000000, 0x0000000100000000)
  eden space 559616K, 10% used [0x00000000d5f00000,0x00000000d96fc368,0x00000000f8180000)
  from space 65024K, 73% used [0x00000000fc080000,0x00000000feef44c8,0x0000000100000000)
  to   space 64512K, 0% used [0x00000000f8180000,0x00000000f8180000,0x00000000fc080000)
 ParOldGen       total 680448K, used 572605K [0x0000000081c00000, 0x00000000ab480000, 0x00000000d5f00000)
  object space 680448K, 84% used [0x0000000081c00000,0x00000000a4b2f7c8,0x00000000ab480000)
 Metaspace       used 96491K, capacity 108742K, committed 109056K, reserved 1140736K
  class space    used 14125K, capacity 17045K, committed 17152K, reserved 1048576K
GC Heap History (10 events):
Event: 1696.334 GC heap before
{Heap before GC invocations=379 (full 9):
 PSYoungGen      total 625152K, used 600026K [0x00000000d5f00000, 0x00000000ffd80000, 0x0000000100000000)
  eden space 565760K, 100% used [0x00000000d5f00000,0x00000000f8780000,0x00000000f8780000)
  from space 59392K, 57% used [0x00000000f8780000,0x00000000fa8f6af8,0x00000000fc180000)
  to   space 57856K, 0% used [0x00000000fc500000,0x00000000fc500000,0x00000000ffd80000)
 ParOldGen       total 680448K, used 559084K [0x0000000081c00000, 0x00000000ab480000, 0x00000000d5f00000)
  object space 680448K, 82% used [0x0000000081c00000,0x00000000a3dfb2d8,0x00000000ab480000)
 Metaspace       used 96480K, capacity 108726K, committed 109056K, reserved 1140736K
  class space    used 14124K, capacity 17043K, committed 17152K, reserved 1048576K
Event: 1696.350 GC heap after
Heap after GC invocations=379 (full 9):
 PSYoungGen      total 628736K, used 34508K [0x00000000d5f00000, 0x00000000ffc80000, 0x0000000100000000)
  eden space 571904K, 0% used [0x00000000d5f00000,0x00000000d5f00000,0x00000000f8d80000)
  from space 56832K, 60% used [0x00000000fc500000,0x00000000fe6b30e0,0x00000000ffc80000)
  to   space 56832K, 0% used [0x00000000f8d80000,0x00000000f8d80000,0x00000000fc500000)
 ParOldGen       total 680448K, used 561021K [0x0000000081c00000, 0x00000000ab480000, 0x00000000d5f00000)
  object space 680448K, 82% used [0x0000000081c00000,0x00000000a3fdf440,0x00000000ab480000)
 Metaspace       used 96480K, capacity 108726K, committed 109056K, reserved 1140736K
  class space    used 14124K, capacity 17043K, committed 17152K, reserved 1048576K
}
Event: 1701.572 GC heap before
{Heap before GC invocations=380 (full 9):
 PSYoungGen      total 628736K, used 606412K [0x00000000d5f00000, 0x00000000ffc80000, 0x0000000100000000)
  eden space 571904K, 100% used [0x00000000d5f00000,0x00000000f8d80000,0x00000000f8d80000)
  from space 56832K, 60% used [0x00000000fc500000,0x00000000fe6b30e0,0x00000000ffc80000)
  to   space 56832K, 0% used [0x00000000f8d80000,0x00000000f8d80000,0x00000000fc500000)
 ParOldGen       total 680448K, used 561021K [0x0000000081c00000, 0x00000000ab480000, 0x00000000d5f00000)
  object space 680448K, 82% used [0x0000000081c00000,0x00000000a3fdf440,0x00000000ab480000)
 Metaspace       used 96486K, capacity 108738K, committed 109056K, reserved 1140736K
  class space    used 14125K, capacity 17045K, committed 17152K, reserved 1048576K
Event: 1701.602 GC heap after
Heap after GC invocations=380 (full 9):
 PSYoungGen      total 628736K, used 56806K [0x00000000d5f00000, 0x0000000100000000, 0x0000000100000000)
  eden space 571904K, 0% used [0x00000000d5f00000,0x00000000d5f00000,0x00000000f8d80000)
  from space 56832K, 99% used [0x00000000f8d80000,0x00000000fc4f9a08,0x00000000fc500000)
  to   space 60416K, 0% used [0x00000000fc500000,0x00000000fc500000,0x0000000100000000)
 ParOldGen       total 680448K, used 564174K [0x0000000081c00000, 0x00000000ab480000, 0x00000000d5f00000)
  object space 680448K, 82% used [0x0000000081c00000,0x00000000a42f3a18,0x00000000ab480000)
 Metaspace       used 96486K, capacity 108738K, committed 109056K, reserved 1140736K
  class space    used 14125K, capacity 17045K, committed 17152K, reserved 1048576K
}
Event: 1706.458 GC heap before
{Heap before GC invocations=381 (full 9):
 PSYoungGen      total 628736K, used 628710K [0x00000000d5f00000, 0x0000000100000000, 0x0000000100000000)
  eden space 571904K, 100% used [0x00000000d5f00000,0x00000000f8d80000,0x00000000f8d80000)
  from space 56832K, 99% used [0x00000000f8d80000,0x00000000fc4f9a08,0x00000000fc500000)
  to   space 60416K, 0% used [0x00000000fc500000,0x00000000fc500000,0x0000000100000000)
 ParOldGen       total 680448K, used 564174K [0x0000000081c00000, 0x00000000ab480000, 0x00000000d5f00000)
  object space 680448K, 82% used [0x0000000081c00000,0x00000000a42f3a18,0x00000000ab480000)
 Metaspace       used 96489K, capacity 108742K, committed 109056K, reserved 1140736K
  class space    used 14125K, capacity 17045K, committed 17152K, reserved 1048576K
Event: 1706.492 GC heap after
Heap after GC invocations=381 (full 9):
 PSYoungGen      total 621568K, used 48297K [0x00000000d5f00000, 0x0000000100000000, 0x0000000100000000)
  eden space 561152K, 0% used [0x00000000d5f00000,0x00000000d5f00000,0x00000000f8300000)
  from space 60416K, 79% used [0x00000000fc500000,0x00000000ff42a5c0,0x0000000100000000)
  to   space 64000K, 0% used [0x00000000f8300000,0x00000000f8300000,0x00000000fc180000)
 ParOldGen       total 680448K, used 569957K [0x0000000081c00000, 0x00000000ab480000, 0x00000000d5f00000)
  object space 680448K, 83% used [0x0000000081c00000,0x00000000a4899698,0x00000000ab480000)
 Metaspace       used 96489K, capacity 108742K, committed 109056K, reserved 1140736K
  class space    used 14125K, capacity 17045K, committed 17152K, reserved 1048576K
}
Event: 1710.316 GC heap before
{Heap before GC invocations=382 (full 9):
 PSYoungGen      total 621568K, used 609449K [0x00000000d5f00000, 0x0000000100000000, 0x0000000100000000)
  eden space 561152K, 100% used [0x00000000d5f00000,0x00000000f8300000,0x00000000f8300000)
  from space 60416K, 79% used [0x00000000fc500000,0x00000000ff42a5c0,0x0000000100000000)
  to   space 64000K, 0% used [0x00000000f8300000,0x00000000f8300000,0x00000000fc180000)
 ParOldGen       total 680448K, used 569957K [0x0000000081c00000, 0x00000000ab480000, 0x00000000d5f00000)
  object space 680448K, 83% used [0x0000000081c00000,0x00000000a4899698,0x00000000ab480000)
 Metaspace       used 96489K, capacity 108742K, committed 109056K, reserved 1140736K
  class space    used 14125K, capacity 17045K, committed 17152K, reserved 1048576K
Event: 1710.334 GC heap after
Heap after GC invocations=382 (full 9):
 PSYoungGen      total 610816K, used 49369K [0x00000000d5f00000, 0x0000000100000000, 0x0000000100000000)
  eden space 561152K, 0% used [0x00000000d5f00000,0x00000000d5f00000,0x00000000f8300000)
  from space 49664K, 99% used [0x00000000f8300000,0x00000000fb3367f8,0x00000000fb380000)
  to   space 65024K, 0% used [0x00000000fc080000,0x00000000fc080000,0x0000000100000000)
 ParOldGen       total 680448K, used 569957K [0x0000000081c00000, 0x00000000ab480000, 0x00000000d5f00000)
  object space 680448K, 83% used [0x0000000081c00000,0x00000000a4899698,0x00000000ab480000)
 Metaspace       used 96489K, capacity 108742K, committed 109056K, reserved 1140736K
  class space    used 14125K, capacity 17045K, committed 17152K, reserved 1048576K
}
Event: 1718.387 GC heap before
{Heap before GC invocations=383 (full 9):
 PSYoungGen      total 610816K, used 610521K [0x00000000d5f00000, 0x0000000100000000, 0x0000000100000000)
  eden space 561152K, 100% used [0x00000000d5f00000,0x00000000f8300000,0x00000000f8300000)
  from space 49664K, 99% used [0x00000000f8300000,0x00000000fb3367f8,0x00000000fb380000)
  to   space 65024K, 0% used [0x00000000fc080000,0x00000000fc080000,0x0000000100000000)
 ParOldGen       total 680448K, used 569957K [0x0000000081c00000, 0x00000000ab480000, 0x00000000d5f00000)
  object space 680448K, 83% used [0x0000000081c00000,0x00000000a4899698,0x00000000ab480000)
 Metaspace       used 96491K, capacity 108742K, committed 109056K, reserved 1140736K
  class space    used 14125K, capacity 17045K, committed 17152K, reserved 1048576K
Event: 1718.417 GC heap after
Heap after GC invocations=383 (full 9):
 PSYoungGen      total 624640K, used 47569K [0x00000000d5f00000, 0x0000000100000000, 0x0000000100000000)
  eden space 559616K, 0% used [0x00000000d5f00000,0x00000000d5f00000,0x00000000f8180000)
  from space 65024K, 73% used [0x00000000fc080000,0x00000000feef44c8,0x0000000100000000)
  to   space 64512K, 0% used [0x00000000f8180000,0x00000000f8180000,0x00000000fc080000)
 ParOldGen       total 680448K, used 572605K [0x0000000081c00000, 0x00000000ab480000, 0x00000000d5f00000)
  object space 680448K, 84% used [0x0000000081c00000,0x00000000a4b2f7c8,0x00000000ab480000)
 Metaspace       used 96491K, capacity 108742K, committed 109056K, reserved 1140736K
  class space    used 14125K, capacity 17045K, committed 17152K, reserved 1048576K
}

