# JRE version: Java(TM) SE Runtime Environment (8.0_51-b16) (build 1.8.0_51-b16)
# Java VM: Java HotSpot(TM) 64-Bit Server VM (25.51-b03 mixed mode windows-amd64 compressed oops)
Heap:
 PSYoungGen      total 628224K, used 59406K [0x00000000d5f00000, 0x00000000ffd80000, 0x0000000100000000)
  eden space 568320K, 7% used [0x00000000d5f00000,0x00000000d8b37b18,0x00000000f8a00000)
  from space 59904K, 23% used [0x00000000f8a00000,0x00000000f97cbdb0,0x00000000fc480000)
  to   space 58368K, 0% used [0x00000000fc480000,0x00000000fc480000,0x00000000ffd80000)
 ParOldGen       total 404992K, used 278649K [0x0000000081c00000, 0x000000009a780000, 0x00000000d5f00000)
  object space 404992K, 68% used [0x0000000081c00000,0x0000000092c1e618,0x000000009a780000)
 Metaspace       used 81307K, capacity 89474K, committed 89728K, reserved 1122304K
  class space    used 13206K, capacity 15936K, committed 16000K, reserved 1048576K
GC Heap History (10 events):
Event: 100.359 GC heap after
Heap after GC invocations=124 (full 6):
 PSYoungGen      total 624128K, used 29452K [0x00000000d5f00000, 0x0000000100000000, 0x0000000100000000)
  eden space 564736K, 0% used [0x00000000d5f00000,0x00000000d5f00000,0x00000000f8680000)
  from space 59392K, 49% used [0x00000000fbe00000,0x00000000fdac3180,0x00000000ff800000)
  to   space 56832K, 0% used [0x00000000f8680000,0x00000000f8680000,0x00000000fbe00000)
 ParOldGen       total 404992K, used 274202K [0x0000000081c00000, 0x000000009a780000, 0x00000000d5f00000)
  object space 404992K, 67% used [0x0000000081c00000,0x00000000927c6930,0x000000009a780000)
 Metaspace       used 78358K, capacity 86286K, committed 86400K, reserved 1120256K
  class space    used 12750K, capacity 15384K, committed 15488K, reserved 1048576K
}
Event: 100.920 GC heap before
{Heap before GC invocations=125 (full 6):
 PSYoungGen      total 624128K, used 594188K [0x00000000d5f00000, 0x0000000100000000, 0x0000000100000000)
  eden space 564736K, 100% used [0x00000000d5f00000,0x00000000f8680000,0x00000000f8680000)
  from space 59392K, 49% used [0x00000000fbe00000,0x00000000fdac3180,0x00000000ff800000)
  to   space 56832K, 0% used [0x00000000f8680000,0x00000000f8680000,0x00000000fbe00000)
 ParOldGen       total 404992K, used 274202K [0x0000000081c00000, 0x000000009a780000, 0x00000000d5f00000)
  object space 404992K, 67% used [0x0000000081c00000,0x00000000927c6930,0x000000009a780000)
 Metaspace       used 78911K, capacity 86876K, committed 87040K, reserved 1120256K
  class space    used 12842K, capacity 15503K, committed 15616K, reserved 1048576K
Event: 100.990 GC heap after
Heap after GC invocations=125 (full 6):
 PSYoungGen      total 621568K, used 42187K [0x00000000d5f00000, 0x0000000100000000, 0x0000000100000000)
  eden space 564736K, 0% used [0x00000000d5f00000,0x00000000d5f00000,0x00000000f8680000)
  from space 56832K, 74% used [0x00000000f8680000,0x00000000fafb2d50,0x00000000fbe00000)
  to   space 58880K, 0% used [0x00000000fc680000,0x00000000fc680000,0x0000000100000000)
 ParOldGen       total 404992K, used 274972K [0x0000000081c00000, 0x000000009a780000, 0x00000000d5f00000)
  object space 404992K, 67% used [0x0000000081c00000,0x0000000092887350,0x000000009a780000)
 Metaspace       used 78911K, capacity 86876K, committed 87040K, reserved 1120256K
  class space    used 12842K, capacity 15503K, committed 15616K, reserved 1048576K
}
Event: 102.400 GC heap before
{Heap before GC invocations=126 (full 6):
 PSYoungGen      total 621568K, used 606923K [0x00000000d5f00000, 0x0000000100000000, 0x0000000100000000)
  eden space 564736K, 100% used [0x00000000d5f00000,0x00000000f8680000,0x00000000f8680000)
  from space 56832K, 74% used [0x00000000f8680000,0x00000000fafb2d50,0x00000000fbe00000)
  to   space 58880K, 0% used [0x00000000fc680000,0x00000000fc680000,0x0000000100000000)
 ParOldGen       total 404992K, used 274972K [0x0000000081c00000, 0x000000009a780000, 0x00000000d5f00000)
  object space 404992K, 67% used [0x0000000081c00000,0x0000000092887350,0x000000009a780000)
 Metaspace       used 80152K, capacity 88150K, committed 88448K, reserved 1122304K
  class space    used 12978K, capacity 15644K, committed 15744K, reserved 1048576K
Event: 102.424 GC heap after
Heap after GC invocations=126 (full 6):
 PSYoungGen      total 627200K, used 6137K [0x00000000d5f00000, 0x0000000100000000, 0x0000000100000000)
  eden space 568320K, 0% used [0x00000000d5f00000,0x00000000d5f00000,0x00000000f8a00000)
  from space 58880K, 10% used [0x00000000fc680000,0x00000000fcc7e7c0,0x0000000100000000)
  to   space 60416K, 0% used [0x00000000f8a00000,0x00000000f8a00000,0x00000000fc500000)
 ParOldGen       total 404992K, used 276519K [0x0000000081c00000, 0x000000009a780000, 0x00000000d5f00000)
  object space 404992K, 68% used [0x0000000081c00000,0x0000000092a09d60,0x000000009a780000)
 Metaspace       used 80152K, capacity 88150K, committed 88448K, reserved 1122304K
  class space    used 12978K, capacity 15644K, committed 15744K, reserved 1048576K
}
Event: 102.868 GC heap before
{Heap before GC invocations=127 (full 6):
 PSYoungGen      total 627200K, used 574457K [0x00000000d5f00000, 0x0000000100000000, 0x0000000100000000)
  eden space 568320K, 100% used [0x00000000d5f00000,0x00000000f8a00000,0x00000000f8a00000)
  from space 58880K, 10% used [0x00000000fc680000,0x00000000fcc7e7c0,0x0000000100000000)
  to   space 60416K, 0% used [0x00000000f8a00000,0x00000000f8a00000,0x00000000fc500000)
 ParOldGen       total 404992K, used 276519K [0x0000000081c00000, 0x000000009a780000, 0x00000000d5f00000)
  object space 404992K, 68% used [0x0000000081c00000,0x0000000092a09d60,0x000000009a780000)
 Metaspace       used 80446K, capacity 88430K, committed 88704K, reserved 1122304K
  class space    used 13022K, capacity 15682K, committed 15744K, reserved 1048576K
Event: 102.889 GC heap after
Heap after GC invocations=127 (full 6):
 PSYoungGen      total 628736K, used 11932K [0x00000000d5f00000, 0x0000000100000000, 0x0000000100000000)
  eden space 568320K, 0% used [0x00000000d5f00000,0x00000000d5f00000,0x00000000f8a00000)
  from space 60416K, 19% used [0x00000000f8a00000,0x00000000f95a7260,0x00000000fc500000)
  to   space 60416K, 0% used [0x00000000fc500000,0x00000000fc500000,0x0000000100000000)
 ParOldGen       total 404992K, used 278641K [0x0000000081c00000, 0x000000009a780000, 0x00000000d5f00000)
  object space 404992K, 68% used [0x0000000081c00000,0x0000000092c1c618,0x000000009a780000)
 Metaspace       used 80446K, capacity 88430K, committed 88704K, reserved 1122304K
  class space    used 13022K, capacity 15682K, committed 15744K, reserved 1048576K
}
Event: 103.613 GC heap before
{Heap before GC invocations=128 (full 6):
 PSYoungGen      total 628736K, used 580252K [0x00000000d5f00000, 0x0000000100000000, 0x0000000100000000)
  eden space 568320K, 100% used [0x00000000d5f00000,0x00000000f8a00000,0x00000000f8a00000)
  from space 60416K, 19% used [0x00000000f8a00000,0x00000000f95a7260,0x00000000fc500000)
  to   space 60416K, 0% used [0x00000000fc500000,0x00000000fc500000,0x0000000100000000)
 ParOldGen       total 404992K, used 278641K [0x0000000081c00000, 0x000000009a780000, 0x00000000d5f00000)
  object space 404992K, 68% used [0x0000000081c00000,0x0000000092c1c618,0x000000009a780000)
 Metaspace       used 81118K, capacity 89326K, committed 89472K, reserved 1122304K
  class space    used 13171K, capacity 15926K, committed 16000K, reserved 1048576K
Event: 103.653 GC heap after
Heap after GC invocations=128 (full 6):
 PSYoungGen      total 627712K, used 11804K [0x00000000d5f00000, 0x00000000fff00000, 0x0000000100000000)
  eden space 568320K, 0% used [0x00000000d5f00000,0x00000000d5f00000,0x00000000f8a00000)
  from space 59392K, 19% used [0x00000000fc500000,0x00000000fd087268,0x00000000fff00000)
  to   space 59904K, 0% used [0x00000000f8a00000,0x00000000f8a00000,0x00000000fc480000)
 ParOldGen       total 404992K, used 278641K [0x0000000081c00000, 0x000000009a780000, 0x00000000d5f00000)
  object space 404992K, 68% used [0x0000000081c00000,0x0000000092c1c618,0x000000009a780000)
 Metaspace       used 81118K, capacity 89326K, committed 89472K, reserved 1122304K
  class space    used 13171K, capacity 15926K, committed 16000K, reserved 1048576K
}
Event: 104.121 GC heap before
{Heap before GC invocations=129 (full 6):
 PSYoungGen      total 627712K, used 580124K [0x00000000d5f00000, 0x00000000fff00000, 0x0000000100000000)
  eden space 568320K, 100% used [0x00000000d5f00000,0x00000000f8a00000,0x00000000f8a00000)
  from space 59392K, 19% used [0x00000000fc500000,0x00000000fd087268,0x00000000fff00000)
  to   space 59904K, 0% used [0x00000000f8a00000,0x00000000f8a00000,0x00000000fc480000)
 ParOldGen       total 404992K, used 278641K [0x0000000081c00000, 0x000000009a780000, 0x00000000d5f00000)
  object space 404992K, 68% used [0x0000000081c00000,0x0000000092c1c618,0x000000009a780000)
 Metaspace       used 81290K, capacity 89474K, committed 89728K, reserved 1122304K
  class space    used 13201K, capacity 15936K, committed 16000K, reserved 1048576K

