# JRE version: Java(TM) SE Runtime Environment (8.0_51-b16) (build 1.8.0_51-b16)
# Java VM: Java HotSpot(TM) 64-Bit Server VM (25.51-b03 mixed mode windows-amd64 compressed oops)
Heap:
 PSYoungGen      total 459776K, used 169089K [0x00000000d5f00000, 0x0000000100000000, 0x0000000100000000)
  eden space 230400K, 11% used [0x00000000d5f00000,0x00000000d78ee0e8,0x00000000e4000000)
  from space 229376K, 62% used [0x00000000f2000000,0x00000000fab32418,0x0000000100000000)
  to   space 229376K, 0% used [0x00000000e4000000,0x00000000e4000000,0x00000000f2000000)
 ParOldGen       total 674304K, used 564353K [0x0000000081c00000, 0x00000000aae80000, 0x00000000d5f00000)
  object space 674304K, 83% used [0x0000000081c00000,0x00000000a43206c0,0x00000000aae80000)
 Metaspace       used 95474K, capacity 107654K, committed 107776K, reserved 1138688K
  class space    used 14645K, capacity 17873K, committed 17920K, reserved 1048576K
GC Heap History (10 events):
Event: 243.333 GC heap before
{Heap before GC invocations=158 (full 8):
 PSYoungGen      total 458240K, used 458224K [0x00000000d5f00000, 0x0000000100000000, 0x0000000100000000)
  eden space 282624K, 100% used [0x00000000d5f00000,0x00000000e7300000,0x00000000e7300000)
  from space 175616K, 99% used [0x00000000e7300000,0x00000000f1e7c3d8,0x00000000f1e80000)
  to   space 229376K, 0% used [0x00000000f2000000,0x00000000f2000000,0x0000000100000000)
 ParOldGen       total 674304K, used 536681K [0x0000000081c00000, 0x00000000aae80000, 0x00000000d5f00000)
  object space 674304K, 79% used [0x0000000081c00000,0x00000000a281a4a0,0x00000000aae80000)
 Metaspace       used 90402K, capacity 101886K, committed 102144K, reserved 1134592K
  class space    used 13965K, capacity 17057K, committed 17152K, reserved 1048576K
Event: 243.554 GC heap after
Heap after GC invocations=158 (full 8):
 PSYoungGen      total 459776K, used 151740K [0x00000000d5f00000, 0x0000000100000000, 0x0000000100000000)
  eden space 230400K, 0% used [0x00000000d5f00000,0x00000000d5f00000,0x00000000e4000000)
  from space 229376K, 66% used [0x00000000f2000000,0x00000000fb42f168,0x0000000100000000)
  to   space 229376K, 0% used [0x00000000e4000000,0x00000000e4000000,0x00000000f2000000)
 ParOldGen       total 674304K, used 536689K [0x0000000081c00000, 0x00000000aae80000, 0x00000000d5f00000)
  object space 674304K, 79% used [0x0000000081c00000,0x00000000a281c4a0,0x00000000aae80000)
 Metaspace       used 90402K, capacity 101886K, committed 102144K, reserved 1134592K
  class space    used 13965K, capacity 17057K, committed 17152K, reserved 1048576K
}
Event: 248.465 GC heap before
{Heap before GC invocations=159 (full 8):
 PSYoungGen      total 459776K, used 382140K [0x00000000d5f00000, 0x0000000100000000, 0x0000000100000000)
  eden space 230400K, 100% used [0x00000000d5f00000,0x00000000e4000000,0x00000000e4000000)
  from space 229376K, 66% used [0x00000000f2000000,0x00000000fb42f168,0x0000000100000000)
  to   space 229376K, 0% used [0x00000000e4000000,0x00000000e4000000,0x00000000f2000000)
 ParOldGen       total 674304K, used 536689K [0x0000000081c00000, 0x00000000aae80000, 0x00000000d5f00000)
  object space 674304K, 79% used [0x0000000081c00000,0x00000000a281c4a0,0x00000000aae80000)
 Metaspace       used 92082K, capacity 103678K, committed 103808K, reserved 1136640K
  class space    used 14141K, capacity 17249K, committed 17280K, reserved 1048576K
Event: 248.582 GC heap after
Heap after GC invocations=159 (full 8):
 PSYoungGen      total 459776K, used 103149K [0x00000000d5f00000, 0x0000000100000000, 0x0000000100000000)
  eden space 230400K, 0% used [0x00000000d5f00000,0x00000000d5f00000,0x00000000e4000000)
  from space 229376K, 44% used [0x00000000e4000000,0x00000000ea4bb550,0x00000000f2000000)
  to   space 229376K, 0% used [0x00000000f2000000,0x00000000f2000000,0x0000000100000000)
 ParOldGen       total 674304K, used 536697K [0x0000000081c00000, 0x00000000aae80000, 0x00000000d5f00000)
  object space 674304K, 79% used [0x0000000081c00000,0x00000000a281e4a0,0x00000000aae80000)
 Metaspace       used 92082K, capacity 103678K, committed 103808K, reserved 1136640K
  class space    used 14141K, capacity 17249K, committed 17280K, reserved 1048576K
}
Event: 250.543 GC heap before
{Heap before GC invocations=160 (full 8):
 PSYoungGen      total 459776K, used 333549K [0x00000000d5f00000, 0x0000000100000000, 0x0000000100000000)
  eden space 230400K, 100% used [0x00000000d5f00000,0x00000000e4000000,0x00000000e4000000)
  from space 229376K, 44% used [0x00000000e4000000,0x00000000ea4bb550,0x00000000f2000000)
  to   space 229376K, 0% used [0x00000000f2000000,0x00000000f2000000,0x0000000100000000)
 ParOldGen       total 674304K, used 536697K [0x0000000081c00000, 0x00000000aae80000, 0x00000000d5f00000)
  object space 674304K, 79% used [0x0000000081c00000,0x00000000a281e4a0,0x00000000aae80000)
 Metaspace       used 93296K, capacity 105018K, committed 105344K, reserved 1136640K
  class space    used 14320K, capacity 17427K, committed 17536K, reserved 1048576K
Event: 250.766 GC heap after
Heap after GC invocations=160 (full 8):
 PSYoungGen      total 459776K, used 147392K [0x00000000d5f00000, 0x0000000100000000, 0x0000000100000000)
  eden space 230400K, 0% used [0x00000000d5f00000,0x00000000d5f00000,0x00000000e4000000)
  from space 229376K, 64% used [0x00000000f2000000,0x00000000faff0340,0x0000000100000000)
  to   space 229376K, 0% used [0x00000000e4000000,0x00000000e4000000,0x00000000f2000000)
 ParOldGen       total 674304K, used 536705K [0x0000000081c00000, 0x00000000aae80000, 0x00000000d5f00000)
  object space 674304K, 79% used [0x0000000081c00000,0x00000000a28204a0,0x00000000aae80000)
 Metaspace       used 93296K, capacity 105018K, committed 105344K, reserved 1136640K
  class space    used 14320K, capacity 17427K, committed 17536K, reserved 1048576K
}
Event: 251.788 GC heap before
{Heap before GC invocations=161 (full 8):
 PSYoungGen      total 459776K, used 377792K [0x00000000d5f00000, 0x0000000100000000, 0x0000000100000000)
  eden space 230400K, 100% used [0x00000000d5f00000,0x00000000e4000000,0x00000000e4000000)
  from space 229376K, 64% used [0x00000000f2000000,0x00000000faff0340,0x0000000100000000)
  to   space 229376K, 0% used [0x00000000e4000000,0x00000000e4000000,0x00000000f2000000)
 ParOldGen       total 674304K, used 536705K [0x0000000081c00000, 0x00000000aae80000, 0x00000000d5f00000)
  object space 674304K, 79% used [0x0000000081c00000,0x00000000a28204a0,0x00000000aae80000)
 Metaspace       used 93847K, capacity 105620K, committed 105728K, reserved 1136640K
  class space    used 14442K, capacity 17596K, committed 17664K, reserved 1048576K
Event: 252.097 GC heap after
Heap after GC invocations=161 (full 8):
 PSYoungGen      total 459776K, used 175985K [0x00000000d5f00000, 0x0000000100000000, 0x0000000100000000)
  eden space 230400K, 0% used [0x00000000d5f00000,0x00000000d5f00000,0x00000000e4000000)
  from space 229376K, 76% used [0x00000000e4000000,0x00000000eebdc668,0x00000000f2000000)
  to   space 229376K, 0% used [0x00000000f2000000,0x00000000f2000000,0x0000000100000000)
 ParOldGen       total 674304K, used 549902K [0x0000000081c00000, 0x00000000aae80000, 0x00000000d5f00000)
  object space 674304K, 81% used [0x0000000081c00000,0x00000000a3503ac8,0x00000000aae80000)
 Metaspace       used 93847K, capacity 105620K, committed 105728K, reserved 1136640K
  class space    used 14442K, capacity 17596K, committed 17664K, reserved 1048576K
}
Event: 253.994 GC heap before
{Heap before GC invocations=162 (full 8):
 PSYoungGen      total 459776K, used 406385K [0x00000000d5f00000, 0x0000000100000000, 0x0000000100000000)
  eden space 230400K, 100% used [0x00000000d5f00000,0x00000000e4000000,0x00000000e4000000)
  from space 229376K, 76% used [0x00000000e4000000,0x00000000eebdc668,0x00000000f2000000)
  to   space 229376K, 0% used [0x00000000f2000000,0x00000000f2000000,0x0000000100000000)
 ParOldGen       total 674304K, used 549902K [0x0000000081c00000, 0x00000000aae80000, 0x00000000d5f00000)
  object space 674304K, 81% used [0x0000000081c00000,0x00000000a3503ac8,0x00000000aae80000)
 Metaspace       used 95295K, capacity 107332K, committed 107520K, reserved 1138688K
  class space    used 14621K, capacity 17844K, committed 17920K, reserved 1048576K
Event: 254.202 GC heap after
Heap after GC invocations=162 (full 8):
 PSYoungGen      total 459776K, used 142537K [0x00000000d5f00000, 0x0000000100000000, 0x0000000100000000)
  eden space 230400K, 0% used [0x00000000d5f00000,0x00000000d5f00000,0x00000000e4000000)
  from space 229376K, 62% used [0x00000000f2000000,0x00000000fab32418,0x0000000100000000)
  to   space 229376K, 0% used [0x00000000e4000000,0x00000000e4000000,0x00000000f2000000)
 ParOldGen       total 674304K, used 564353K [0x0000000081c00000, 0x00000000aae80000, 0x00000000d5f00000)
  object space 674304K, 83% used [0x0000000081c00000,0x00000000a43206c0,0x00000000aae80000)
 Metaspace       used 95295K, capacity 107332K, committed 107520K, reserved 1138688K
  class space    used 14621K, capacity 17844K, committed 17920K, reserved 1048576K
}

