# JRE version: Java(TM) SE Runtime Environment (8.0_51-b16) (build 1.8.0_51-b16)
# Java VM: Java HotSpot(TM) 64-Bit Server VM (25.51-b03 mixed mode windows-amd64 compressed oops)
Heap:
 PSYoungGen      total 459776K, used 202626K [0x00000000d5f00000, 0x0000000100000000, 0x0000000100000000)
  eden space 230400K, 72% used [0x00000000d5f00000,0x00000000e01466a8,0x00000000e4000000)
  from space 229376K, 15% used [0x00000000e4000000,0x00000000e639a258,0x00000000f2000000)
  to   space 229376K, 0% used [0x00000000f2000000,0x00000000f2000000,0x0000000100000000)
 ParOldGen       total 913920K, used 618566K [0x0000000081c00000, 0x00000000b9880000, 0x00000000d5f00000)
  object space 913920K, 67% used [0x0000000081c00000,0x00000000a7811bc0,0x00000000b9880000)
 Metaspace       used 96917K, capacity 109418K, committed 109696K, reserved 1140736K
  class space    used 14904K, capacity 18249K, committed 18304K, reserved 1048576K
GC Heap History (10 events):
Event: 180.924 GC heap before
{Heap before GC invocations=174 (full 8):
 PSYoungGen      total 459776K, used 440224K [0x00000000d5f00000, 0x0000000100000000, 0x0000000100000000)
  eden space 230400K, 99% used [0x00000000d5f00000,0x00000000e3fc27b8,0x00000000e4000000)
  from space 229376K, 91% used [0x00000000e4000000,0x00000000f0d25a58,0x00000000f2000000)
  to   space 229376K, 0% used [0x00000000f2000000,0x00000000f2000000,0x0000000100000000)
 ParOldGen       total 777216K, used 538118K [0x0000000081c00000, 0x00000000b1300000, 0x00000000d5f00000)
  object space 777216K, 69% used [0x0000000081c00000,0x00000000a2981808,0x00000000b1300000)
 Metaspace       used 96812K, capacity 109338K, committed 109440K, reserved 1140736K
  class space    used 14904K, capacity 18249K, committed 18304K, reserved 1048576K
Event: 181.083 GC heap after
Heap after GC invocations=174 (full 8):
 PSYoungGen      total 459776K, used 136008K [0x00000000d5f00000, 0x0000000100000000, 0x0000000100000000)
  eden space 230400K, 0% used [0x00000000d5f00000,0x00000000d5f00000,0x00000000e4000000)
  from space 229376K, 59% used [0x00000000f2000000,0x00000000fa4d2268,0x0000000100000000)
  to   space 229376K, 0% used [0x00000000e4000000,0x00000000e4000000,0x00000000f2000000)
 ParOldGen       total 777216K, used 634578K [0x0000000081c00000, 0x00000000b1300000, 0x00000000d5f00000)
  object space 777216K, 81% used [0x0000000081c00000,0x00000000a87b4aa8,0x00000000b1300000)
 Metaspace       used 96812K, capacity 109338K, committed 109440K, reserved 1140736K
  class space    used 14904K, capacity 18249K, committed 18304K, reserved 1048576K
}
Event: 181.921 GC heap before
{Heap before GC invocations=175 (full 8):
 PSYoungGen      total 459776K, used 366408K [0x00000000d5f00000, 0x0000000100000000, 0x0000000100000000)
  eden space 230400K, 100% used [0x00000000d5f00000,0x00000000e4000000,0x00000000e4000000)
  from space 229376K, 59% used [0x00000000f2000000,0x00000000fa4d2268,0x0000000100000000)
  to   space 229376K, 0% used [0x00000000e4000000,0x00000000e4000000,0x00000000f2000000)
 ParOldGen       total 777216K, used 634578K [0x0000000081c00000, 0x00000000b1300000, 0x00000000d5f00000)
  object space 777216K, 81% used [0x0000000081c00000,0x00000000a87b4aa8,0x00000000b1300000)
 Metaspace       used 96835K, capacity 109342K, committed 109440K, reserved 1140736K
  class space    used 14904K, capacity 18249K, committed 18304K, reserved 1048576K
Event: 182.071 GC heap after
Heap after GC invocations=175 (full 8):
 PSYoungGen      total 459776K, used 119218K [0x00000000d5f00000, 0x0000000100000000, 0x0000000100000000)
  eden space 230400K, 0% used [0x00000000d5f00000,0x00000000d5f00000,0x00000000e4000000)
  from space 229376K, 51% used [0x00000000e4000000,0x00000000eb46ca68,0x00000000f2000000)
  to   space 229376K, 0% used [0x00000000f2000000,0x00000000f2000000,0x0000000100000000)
 ParOldGen       total 777216K, used 677560K [0x0000000081c00000, 0x00000000b1300000, 0x00000000d5f00000)
  object space 777216K, 87% used [0x0000000081c00000,0x00000000ab1ae2b8,0x00000000b1300000)
 Metaspace       used 96835K, capacity 109342K, committed 109440K, reserved 1140736K
  class space    used 14904K, capacity 18249K, committed 18304K, reserved 1048576K
}
Event: 186.287 GC heap before
{Heap before GC invocations=176 (full 8):
 PSYoungGen      total 459776K, used 349618K [0x00000000d5f00000, 0x0000000100000000, 0x0000000100000000)
  eden space 230400K, 100% used [0x00000000d5f00000,0x00000000e4000000,0x00000000e4000000)
  from space 229376K, 51% used [0x00000000e4000000,0x00000000eb46ca68,0x00000000f2000000)
  to   space 229376K, 0% used [0x00000000f2000000,0x00000000f2000000,0x0000000100000000)
 ParOldGen       total 777216K, used 677560K [0x0000000081c00000, 0x00000000b1300000, 0x00000000d5f00000)
  object space 777216K, 87% used [0x0000000081c00000,0x00000000ab1ae2b8,0x00000000b1300000)
 Metaspace       used 96904K, capacity 109414K, committed 109696K, reserved 1140736K
  class space    used 14904K, capacity 18249K, committed 18304K, reserved 1048576K
Event: 186.425 GC heap after
Heap after GC invocations=176 (full 8):
 PSYoungGen      total 459776K, used 78668K [0x00000000d5f00000, 0x0000000100000000, 0x0000000100000000)
  eden space 230400K, 0% used [0x00000000d5f00000,0x00000000d5f00000,0x00000000e4000000)
  from space 229376K, 34% used [0x00000000f2000000,0x00000000f6cd3360,0x0000000100000000)
  to   space 229376K, 0% used [0x00000000e4000000,0x00000000e4000000,0x00000000f2000000)
 ParOldGen       total 777216K, used 742834K [0x0000000081c00000, 0x00000000b1300000, 0x00000000d5f00000)
  object space 777216K, 95% used [0x0000000081c00000,0x00000000af16cac8,0x00000000b1300000)
 Metaspace       used 96904K, capacity 109414K, committed 109696K, reserved 1140736K
  class space    used 14904K, capacity 18249K, committed 18304K, reserved 1048576K
}
Event: 186.425 GC heap before
{Heap before GC invocations=177 (full 9):
 PSYoungGen      total 459776K, used 78668K [0x00000000d5f00000, 0x0000000100000000, 0x0000000100000000)
  eden space 230400K, 0% used [0x00000000d5f00000,0x00000000d5f00000,0x00000000e4000000)
  from space 229376K, 34% used [0x00000000f2000000,0x00000000f6cd3360,0x0000000100000000)
  to   space 229376K, 0% used [0x00000000e4000000,0x00000000e4000000,0x00000000f2000000)
 ParOldGen       total 777216K, used 742834K [0x0000000081c00000, 0x00000000b1300000, 0x00000000d5f00000)
  object space 777216K, 95% used [0x0000000081c00000,0x00000000af16cac8,0x00000000b1300000)
 Metaspace       used 96904K, capacity 109414K, committed 109696K, reserved 1140736K
  class space    used 14904K, capacity 18249K, committed 18304K, reserved 1048576K
Event: 188.183 GC heap after
Heap after GC invocations=177 (full 9):
 PSYoungGen      total 459776K, used 0K [0x00000000d5f00000, 0x0000000100000000, 0x0000000100000000)
  eden space 230400K, 0% used [0x00000000d5f00000,0x00000000d5f00000,0x00000000e4000000)
  from space 229376K, 0% used [0x00000000f2000000,0x00000000f2000000,0x0000000100000000)
  to   space 229376K, 0% used [0x00000000e4000000,0x00000000e4000000,0x00000000f2000000)
 ParOldGen       total 913920K, used 618566K [0x0000000081c00000, 0x00000000b9880000, 0x00000000d5f00000)
  object space 913920K, 67% used [0x0000000081c00000,0x00000000a7811bc0,0x00000000b9880000)
 Metaspace       used 96904K, capacity 109414K, committed 109696K, reserved 1140736K
  class space    used 14904K, capacity 18249K, committed 18304K, reserved 1048576K
}
Event: 188.862 GC heap before
{Heap before GC invocations=178 (full 9):
 PSYoungGen      total 459776K, used 230400K [0x00000000d5f00000, 0x0000000100000000, 0x0000000100000000)
  eden space 230400K, 100% used [0x00000000d5f00000,0x00000000e4000000,0x00000000e4000000)
  from space 229376K, 0% used [0x00000000f2000000,0x00000000f2000000,0x0000000100000000)
  to   space 229376K, 0% used [0x00000000e4000000,0x00000000e4000000,0x00000000f2000000)
 ParOldGen       total 913920K, used 618566K [0x0000000081c00000, 0x00000000b9880000, 0x00000000d5f00000)
  object space 913920K, 67% used [0x0000000081c00000,0x00000000a7811bc0,0x00000000b9880000)
 Metaspace       used 96913K, capacity 109414K, committed 109696K, reserved 1140736K
  class space    used 14904K, capacity 18249K, committed 18304K, reserved 1048576K
Event: 188.882 GC heap after
Heap after GC invocations=178 (full 9):
 PSYoungGen      total 459776K, used 36456K [0x00000000d5f00000, 0x0000000100000000, 0x0000000100000000)
  eden space 230400K, 0% used [0x00000000d5f00000,0x00000000d5f00000,0x00000000e4000000)
  from space 229376K, 15% used [0x00000000e4000000,0x00000000e639a258,0x00000000f2000000)
  to   space 229376K, 0% used [0x00000000f2000000,0x00000000f2000000,0x0000000100000000)
 ParOldGen       total 913920K, used 618566K [0x0000000081c00000, 0x00000000b9880000, 0x00000000d5f00000)
  object space 913920K, 67% used [0x0000000081c00000,0x00000000a7811bc0,0x00000000b9880000)
 Metaspace       used 96913K, capacity 109414K, committed 109696K, reserved 1140736K
  class space    used 14904K, capacity 18249K, committed 18304K, reserved 1048576K
}

