# JRE version: Java(TM) SE Runtime Environment (8.0_51-b16) (build 1.8.0_51-b16)
# Java VM: Java HotSpot(TM) 64-Bit Server VM (25.51-b03 mixed mode windows-amd64 compressed oops)
Heap:
 PSYoungGen      total 655360K, used 274538K [0x00000000d5f00000, 0x0000000100000000, 0x0000000100000000)
  eden space 621056K, 43% used [0x00000000d5f00000,0x00000000e6436200,0x00000000fbd80000)
  from space 34304K, 20% used [0x00000000fde80000,0x00000000fe5646f8,0x0000000100000000)
  to   space 33792K, 0% used [0x00000000fbd80000,0x00000000fbd80000,0x00000000fde80000)
 ParOldGen       total 375808K, used 310422K [0x0000000081c00000, 0x0000000098b00000, 0x00000000d5f00000)
  object space 375808K, 82% used [0x0000000081c00000,0x0000000094b25b10,0x0000000098b00000)
 Metaspace       used 76884K, capacity 85076K, committed 85248K, reserved 1120256K
  class space    used 12074K, capacity 14539K, committed 14592K, reserved 1048576K
GC Heap History (10 events):
Event: 101.694 GC heap before
{Heap before GC invocations=145 (full 5):
 PSYoungGen      total 652288K, used 632657K [0x00000000d5f00000, 0x00000000ffe80000, 0x0000000100000000)
  eden space 618496K, 100% used [0x00000000d5f00000,0x00000000fbb00000,0x00000000fbb00000)
  from space 33792K, 41% used [0x00000000fbb00000,0x00000000fc8d46c8,0x00000000fdc00000)
  to   space 33280K, 0% used [0x00000000fde00000,0x00000000fde00000,0x00000000ffe80000)
 ParOldGen       total 375808K, used 300030K [0x0000000081c00000, 0x0000000098b00000, 0x00000000d5f00000)
  object space 375808K, 79% used [0x0000000081c00000,0x00000000940ff848,0x0000000098b00000)
 Metaspace       used 76814K, capacity 84896K, committed 84992K, reserved 1120256K
  class space    used 12071K, capacity 14535K, committed 14592K, reserved 1048576K
Event: 101.722 GC heap after
Heap after GC invocations=145 (full 5):
 PSYoungGen      total 654336K, used 13136K [0x00000000d5f00000, 0x00000000fff80000, 0x0000000100000000)
  eden space 621056K, 0% used [0x00000000d5f00000,0x00000000d5f00000,0x00000000fbd80000)
  from space 33280K, 39% used [0x00000000fde00000,0x00000000fead4080,0x00000000ffe80000)
  to   space 33280K, 0% used [0x00000000fbd80000,0x00000000fbd80000,0x00000000fde00000)
 ParOldGen       total 375808K, used 300318K [0x0000000081c00000, 0x0000000098b00000, 0x00000000d5f00000)
  object space 375808K, 79% used [0x0000000081c00000,0x0000000094147848,0x0000000098b00000)
 Metaspace       used 76814K, capacity 84896K, committed 84992K, reserved 1120256K
  class space    used 12071K, capacity 14535K, committed 14592K, reserved 1048576K
}
Event: 102.719 GC heap before
{Heap before GC invocations=146 (full 5):
 PSYoungGen      total 654336K, used 634192K [0x00000000d5f00000, 0x00000000fff80000, 0x0000000100000000)
  eden space 621056K, 100% used [0x00000000d5f00000,0x00000000fbd80000,0x00000000fbd80000)
  from space 33280K, 39% used [0x00000000fde00000,0x00000000fead4080,0x00000000ffe80000)
  to   space 33280K, 0% used [0x00000000fbd80000,0x00000000fbd80000,0x00000000fde00000)
 ParOldGen       total 375808K, used 301150K [0x0000000081c00000, 0x0000000098b00000, 0x00000000d5f00000)
  object space 375808K, 80% used [0x0000000081c00000,0x0000000094217820,0x0000000098b00000)
 Metaspace       used 76819K, capacity 84968K, committed 85248K, reserved 1120256K
  class space    used 12071K, capacity 14535K, committed 14592K, reserved 1048576K
Event: 102.743 GC heap after
Heap after GC invocations=146 (full 5):
 PSYoungGen      total 654336K, used 11200K [0x00000000d5f00000, 0x0000000100000000, 0x0000000100000000)
  eden space 621056K, 0% used [0x00000000d5f00000,0x00000000d5f00000,0x00000000fbd80000)
  from space 33280K, 33% used [0x00000000fbd80000,0x00000000fc870070,0x00000000fde00000)
  to   space 33280K, 0% used [0x00000000fdf80000,0x00000000fdf80000,0x0000000100000000)
 ParOldGen       total 375808K, used 303454K [0x0000000081c00000, 0x0000000098b00000, 0x00000000d5f00000)
  object space 375808K, 80% used [0x0000000081c00000,0x0000000094457830,0x0000000098b00000)
 Metaspace       used 76819K, capacity 84968K, committed 85248K, reserved 1120256K
  class space    used 12071K, capacity 14535K, committed 14592K, reserved 1048576K
}
Event: 103.854 GC heap before
{Heap before GC invocations=147 (full 5):
 PSYoungGen      total 654336K, used 632256K [0x00000000d5f00000, 0x0000000100000000, 0x0000000100000000)
  eden space 621056K, 100% used [0x00000000d5f00000,0x00000000fbd80000,0x00000000fbd80000)
  from space 33280K, 33% used [0x00000000fbd80000,0x00000000fc870070,0x00000000fde00000)
  to   space 33280K, 0% used [0x00000000fdf80000,0x00000000fdf80000,0x0000000100000000)
 ParOldGen       total 375808K, used 303454K [0x0000000081c00000, 0x0000000098b00000, 0x00000000d5f00000)
  object space 375808K, 80% used [0x0000000081c00000,0x0000000094457b10,0x0000000098b00000)
 Metaspace       used 76820K, capacity 84968K, committed 85248K, reserved 1120256K
  class space    used 12071K, capacity 14535K, committed 14592K, reserved 1048576K
Event: 103.877 GC heap after
Heap after GC invocations=147 (full 5):
 PSYoungGen      total 654848K, used 5456K [0x00000000d5f00000, 0x0000000100000000, 0x0000000100000000)
  eden space 621568K, 0% used [0x00000000d5f00000,0x00000000d5f00000,0x00000000fbe00000)
  from space 33280K, 16% used [0x00000000fdf80000,0x00000000fe4d4080,0x0000000100000000)
  to   space 33792K, 0% used [0x00000000fbe00000,0x00000000fbe00000,0x00000000fdf00000)
 ParOldGen       total 375808K, used 309494K [0x0000000081c00000, 0x0000000098b00000, 0x00000000d5f00000)
  object space 375808K, 82% used [0x0000000081c00000,0x0000000094a3db10,0x0000000098b00000)
 Metaspace       used 76820K, capacity 84968K, committed 85248K, reserved 1120256K
  class space    used 12071K, capacity 14535K, committed 14592K, reserved 1048576K
}
Event: 105.028 GC heap before
{Heap before GC invocations=148 (full 5):
 PSYoungGen      total 654848K, used 627024K [0x00000000d5f00000, 0x0000000100000000, 0x0000000100000000)
  eden space 621568K, 100% used [0x00000000d5f00000,0x00000000fbe00000,0x00000000fbe00000)
  from space 33280K, 16% used [0x00000000fdf80000,0x00000000fe4d4080,0x0000000100000000)
  to   space 33792K, 0% used [0x00000000fbe00000,0x00000000fbe00000,0x00000000fdf00000)
 ParOldGen       total 375808K, used 309494K [0x0000000081c00000, 0x0000000098b00000, 0x00000000d5f00000)
  object space 375808K, 82% used [0x0000000081c00000,0x0000000094a3db10,0x0000000098b00000)
 Metaspace       used 76824K, capacity 84968K, committed 85248K, reserved 1120256K
  class space    used 12071K, capacity 14535K, committed 14592K, reserved 1048576K
Event: 105.040 GC heap after
Heap after GC invocations=148 (full 5):
 PSYoungGen      total 627200K, used 5264K [0x00000000d5f00000, 0x0000000100000000, 0x0000000100000000)
  eden space 621568K, 0% used [0x00000000d5f00000,0x00000000d5f00000,0x00000000fbe00000)
  from space 5632K, 93% used [0x00000000fbe00000,0x00000000fc3240a0,0x00000000fc380000)
  to   space 34304K, 0% used [0x00000000fde80000,0x00000000fde80000,0x0000000100000000)
 ParOldGen       total 375808K, used 310134K [0x0000000081c00000, 0x0000000098b00000, 0x00000000d5f00000)
  object space 375808K, 82% used [0x0000000081c00000,0x0000000094addb10,0x0000000098b00000)
 Metaspace       used 76824K, capacity 84968K, committed 85248K, reserved 1120256K
  class space    used 12071K, capacity 14535K, committed 14592K, reserved 1048576K
}
Event: 106.332 GC heap before
{Heap before GC invocations=149 (full 5):
 PSYoungGen      total 627200K, used 626832K [0x00000000d5f00000, 0x0000000100000000, 0x0000000100000000)
  eden space 621568K, 100% used [0x00000000d5f00000,0x00000000fbe00000,0x00000000fbe00000)
  from space 5632K, 93% used [0x00000000fbe00000,0x00000000fc3240a0,0x00000000fc380000)
  to   space 34304K, 0% used [0x00000000fde80000,0x00000000fde80000,0x0000000100000000)
 ParOldGen       total 375808K, used 310134K [0x0000000081c00000, 0x0000000098b00000, 0x00000000d5f00000)
  object space 375808K, 82% used [0x0000000081c00000,0x0000000094addb10,0x0000000098b00000)
 Metaspace       used 76884K, capacity 85076K, committed 85248K, reserved 1120256K
  class space    used 12074K, capacity 14539K, committed 14592K, reserved 1048576K
Event: 106.352 GC heap after
Heap after GC invocations=149 (full 5):
 PSYoungGen      total 655360K, used 7057K [0x00000000d5f00000, 0x0000000100000000, 0x0000000100000000)
  eden space 621056K, 0% used [0x00000000d5f00000,0x00000000d5f00000,0x00000000fbd80000)
  from space 34304K, 20% used [0x00000000fde80000,0x00000000fe5646f8,0x0000000100000000)
  to   space 33792K, 0% used [0x00000000fbd80000,0x00000000fbd80000,0x00000000fde80000)
 ParOldGen       total 375808K, used 310422K [0x0000000081c00000, 0x0000000098b00000, 0x00000000d5f00000)
  object space 375808K, 82% used [0x0000000081c00000,0x0000000094b25b10,0x0000000098b00000)
 Metaspace       used 76884K, capacity 85076K, committed 85248K, reserved 1120256K
  class space    used 12074K, capacity 14539K, committed 14592K, reserved 1048576K
}

