# JRE version: Java(TM) SE Runtime Environment (8.0_51-b16) (build 1.8.0_51-b16)
# Java VM: Java HotSpot(TM) 64-Bit Server VM (25.51-b03 mixed mode windows-amd64 compressed oops)
Heap:
 PSYoungGen      total 586240K, used 47044K [0x00000000d5f00000, 0x00000000fa280000, 0x0000000100000000)
  eden space 581120K, 7% used [0x00000000d5f00000,0x00000000d89bad68,0x00000000f9680000)
  from space 5120K, 64% used [0x00000000f9d80000,0x00000000fa0b62d0,0x00000000fa280000)
  to   space 6144K, 0% used [0x00000000f9680000,0x00000000f9680000,0x00000000f9c80000)
 ParOldGen       total 788480K, used 684608K [0x0000000081c00000, 0x00000000b1e00000, 0x00000000d5f00000)
  object space 788480K, 86% used [0x0000000081c00000,0x00000000ab890270,0x00000000b1e00000)
 Metaspace       used 98301K, capacity 111310K, committed 111616K, reserved 1142784K
  class space    used 14952K, capacity 18309K, committed 18432K, reserved 1048576K
GC Heap History (10 events):
Event: 218.126 GC heap before
{Heap before GC invocations=239 (full 7):
 PSYoungGen      total 574464K, used 571517K [0x00000000d5f00000, 0x00000000fa400000, 0x0000000100000000)
  eden space 567808K, 100% used [0x00000000d5f00000,0x00000000f8980000,0x00000000f8980000)
  from space 6656K, 55% used [0x00000000f8980000,0x00000000f8d1f668,0x00000000f9000000)
  to   space 6656K, 0% used [0x00000000f9d80000,0x00000000f9d80000,0x00000000fa400000)
 ParOldGen       total 788480K, used 683478K [0x0000000081c00000, 0x00000000b1e00000, 0x00000000d5f00000)
  object space 788480K, 86% used [0x0000000081c00000,0x00000000ab7759b0,0x00000000b1e00000)
 Metaspace       used 98291K, capacity 111310K, committed 111616K, reserved 1142784K
  class space    used 14952K, capacity 18309K, committed 18432K, reserved 1048576K
Event: 218.135 GC heap after
Heap after GC invocations=239 (full 7):
 PSYoungGen      total 586240K, used 3973K [0x00000000d5f00000, 0x00000000fa280000, 0x0000000100000000)
  eden space 581120K, 0% used [0x00000000d5f00000,0x00000000d5f00000,0x00000000f9680000)
  from space 5120K, 77% used [0x00000000f9d80000,0x00000000fa161638,0x00000000fa280000)
  to   space 6144K, 0% used [0x00000000f9680000,0x00000000f9680000,0x00000000f9c80000)
 ParOldGen       total 788480K, used 683534K [0x0000000081c00000, 0x00000000b1e00000, 0x00000000d5f00000)
  object space 788480K, 86% used [0x0000000081c00000,0x00000000ab7839b0,0x00000000b1e00000)
 Metaspace       used 98291K, capacity 111310K, committed 111616K, reserved 1142784K
  class space    used 14952K, capacity 18309K, committed 18432K, reserved 1048576K
}
Event: 219.267 GC heap before
{Heap before GC invocations=240 (full 7):
 PSYoungGen      total 586240K, used 585093K [0x00000000d5f00000, 0x00000000fa280000, 0x0000000100000000)
  eden space 581120K, 100% used [0x00000000d5f00000,0x00000000f9680000,0x00000000f9680000)
  from space 5120K, 77% used [0x00000000f9d80000,0x00000000fa161638,0x00000000fa280000)
  to   space 6144K, 0% used [0x00000000f9680000,0x00000000f9680000,0x00000000f9c80000)
 ParOldGen       total 788480K, used 683534K [0x0000000081c00000, 0x00000000b1e00000, 0x00000000d5f00000)
  object space 788480K, 86% used [0x0000000081c00000,0x00000000ab7839b0,0x00000000b1e00000)
 Metaspace       used 98298K, capacity 111310K, committed 111616K, reserved 1142784K
  class space    used 14952K, capacity 18309K, committed 18432K, reserved 1048576K
Event: 219.275 GC heap after
Heap after GC invocations=240 (full 7):
 PSYoungGen      total 587264K, used 3293K [0x00000000d5f00000, 0x00000000fa280000, 0x0000000100000000)
  eden space 581120K, 0% used [0x00000000d5f00000,0x00000000d5f00000,0x00000000f9680000)
  from space 6144K, 53% used [0x00000000f9680000,0x00000000f99b74b0,0x00000000f9c80000)
  to   space 5120K, 0% used [0x00000000f9d80000,0x00000000f9d80000,0x00000000fa280000)
 ParOldGen       total 788480K, used 684116K [0x0000000081c00000, 0x00000000b1e00000, 0x00000000d5f00000)
  object space 788480K, 86% used [0x0000000081c00000,0x00000000ab8151a0,0x00000000b1e00000)
 Metaspace       used 98298K, capacity 111310K, committed 111616K, reserved 1142784K
  class space    used 14952K, capacity 18309K, committed 18432K, reserved 1048576K
}
Event: 220.356 GC heap before
{Heap before GC invocations=241 (full 7):
 PSYoungGen      total 587264K, used 584413K [0x00000000d5f00000, 0x00000000fa280000, 0x0000000100000000)
  eden space 581120K, 100% used [0x00000000d5f00000,0x00000000f9680000,0x00000000f9680000)
  from space 6144K, 53% used [0x00000000f9680000,0x00000000f99b74b0,0x00000000f9c80000)
  to   space 5120K, 0% used [0x00000000f9d80000,0x00000000f9d80000,0x00000000fa280000)
 ParOldGen       total 788480K, used 684116K [0x0000000081c00000, 0x00000000b1e00000, 0x00000000d5f00000)
  object space 788480K, 86% used [0x0000000081c00000,0x00000000ab8151a0,0x00000000b1e00000)
 Metaspace       used 98298K, capacity 111310K, committed 111616K, reserved 1142784K
  class space    used 14952K, capacity 18309K, committed 18432K, reserved 1048576K
Event: 220.364 GC heap after
Heap after GC invocations=241 (full 7):
 PSYoungGen      total 586240K, used 3604K [0x00000000d5f00000, 0x00000000fa280000, 0x0000000100000000)
  eden space 581120K, 0% used [0x00000000d5f00000,0x00000000d5f00000,0x00000000f9680000)
  from space 5120K, 70% used [0x00000000f9d80000,0x00000000fa105030,0x00000000fa280000)
  to   space 6144K, 0% used [0x00000000f9680000,0x00000000f9680000,0x00000000f9c80000)
 ParOldGen       total 788480K, used 684228K [0x0000000081c00000, 0x00000000b1e00000, 0x00000000d5f00000)
  object space 788480K, 86% used [0x0000000081c00000,0x00000000ab831230,0x00000000b1e00000)
 Metaspace       used 98298K, capacity 111310K, committed 111616K, reserved 1142784K
  class space    used 14952K, capacity 18309K, committed 18432K, reserved 1048576K
}
Event: 221.432 GC heap before
{Heap before GC invocations=242 (full 7):
 PSYoungGen      total 586240K, used 584724K [0x00000000d5f00000, 0x00000000fa280000, 0x0000000100000000)
  eden space 581120K, 100% used [0x00000000d5f00000,0x00000000f9680000,0x00000000f9680000)
  from space 5120K, 70% used [0x00000000f9d80000,0x00000000fa105030,0x00000000fa280000)
  to   space 6144K, 0% used [0x00000000f9680000,0x00000000f9680000,0x00000000f9c80000)
 ParOldGen       total 788480K, used 684228K [0x0000000081c00000, 0x00000000b1e00000, 0x00000000d5f00000)
  object space 788480K, 86% used [0x0000000081c00000,0x00000000ab831230,0x00000000b1e00000)
 Metaspace       used 98298K, capacity 111310K, committed 111616K, reserved 1142784K
  class space    used 14952K, capacity 18309K, committed 18432K, reserved 1048576K
Event: 221.441 GC heap after
Heap after GC invocations=242 (full 7):
 PSYoungGen      total 587264K, used 3607K [0x00000000d5f00000, 0x00000000fa280000, 0x0000000100000000)
  eden space 581120K, 0% used [0x00000000d5f00000,0x00000000d5f00000,0x00000000f9680000)
  from space 6144K, 58% used [0x00000000f9680000,0x00000000f9a05cb0,0x00000000f9c80000)
  to   space 5120K, 0% used [0x00000000f9d80000,0x00000000f9d80000,0x00000000fa280000)
 ParOldGen       total 788480K, used 684260K [0x0000000081c00000, 0x00000000b1e00000, 0x00000000d5f00000)
  object space 788480K, 86% used [0x0000000081c00000,0x00000000ab839230,0x00000000b1e00000)
 Metaspace       used 98298K, capacity 111310K, committed 111616K, reserved 1142784K
  class space    used 14952K, capacity 18309K, committed 18432K, reserved 1048576K
}
Event: 222.605 GC heap before
{Heap before GC invocations=243 (full 7):
 PSYoungGen      total 587264K, used 584727K [0x00000000d5f00000, 0x00000000fa280000, 0x0000000100000000)
  eden space 581120K, 100% used [0x00000000d5f00000,0x00000000f9680000,0x00000000f9680000)
  from space 6144K, 58% used [0x00000000f9680000,0x00000000f9a05cb0,0x00000000f9c80000)
  to   space 5120K, 0% used [0x00000000f9d80000,0x00000000f9d80000,0x00000000fa280000)
 ParOldGen       total 788480K, used 684260K [0x0000000081c00000, 0x00000000b1e00000, 0x00000000d5f00000)
  object space 788480K, 86% used [0x0000000081c00000,0x00000000ab839230,0x00000000b1e00000)
 Metaspace       used 98301K, capacity 111310K, committed 111616K, reserved 1142784K
  class space    used 14952K, capacity 18309K, committed 18432K, reserved 1048576K
Event: 222.613 GC heap after
Heap after GC invocations=243 (full 7):
 PSYoungGen      total 586240K, used 3288K [0x00000000d5f00000, 0x00000000fa280000, 0x0000000100000000)
  eden space 581120K, 0% used [0x00000000d5f00000,0x00000000d5f00000,0x00000000f9680000)
  from space 5120K, 64% used [0x00000000f9d80000,0x00000000fa0b62d0,0x00000000fa280000)
  to   space 6144K, 0% used [0x00000000f9680000,0x00000000f9680000,0x00000000f9c80000)
 ParOldGen       total 788480K, used 684608K [0x0000000081c00000, 0x00000000b1e00000, 0x00000000d5f00000)
  object space 788480K, 86% used [0x0000000081c00000,0x00000000ab890270,0x00000000b1e00000)
 Metaspace       used 98301K, capacity 111310K, committed 111616K, reserved 1142784K
  class space    used 14952K, capacity 18309K, committed 18432K, reserved 1048576K
}

