# JRE version: Java(TM) SE Runtime Environment (8.0_51-b16) (build 1.8.0_51-b16)
# Java VM: Java HotSpot(TM) 64-Bit Server VM (25.51-b03 mixed mode windows-amd64 compressed oops)
Heap:
 PSYoungGen      total 670208K, used 464002K [0x00000000d5f00000, 0x0000000100000000, 0x0000000100000000)
  eden space 651264K, 70% used [0x00000000d5f00000,0x00000000f1d0e558,0x00000000fdb00000)
  from space 18944K, 38% used [0x00000000fdb00000,0x00000000fe2122b8,0x00000000fed80000)
  to   space 18944K, 0% used [0x00000000fed80000,0x00000000fed80000,0x0000000100000000)
 ParOldGen       total 563712K, used 489363K [0x0000000081c00000, 0x00000000a4280000, 0x00000000d5f00000)
  object space 563712K, 86% used [0x0000000081c00000,0x000000009f9e4ff8,0x00000000a4280000)
 Metaspace       used 94956K, capacity 106526K, committed 106752K, reserved 1138688K
  class space    used 13939K, capacity 16793K, committed 16896K, reserved 1048576K
GC Heap History (10 events):
Event: 864.004 GC heap before
{Heap before GC invocations=298 (full 9):
 PSYoungGen      total 667648K, used 660918K [0x00000000d5f00000, 0x0000000100000000, 0x0000000100000000)
  eden space 647680K, 100% used [0x00000000d5f00000,0x00000000fd780000,0x00000000fd780000)
  from space 19968K, 66% used [0x00000000fea80000,0x00000000ff76da50,0x00000000ffe00000)
  to   space 19456K, 0% used [0x00000000fd780000,0x00000000fd780000,0x00000000fea80000)
 ParOldGen       total 563712K, used 482945K [0x0000000081c00000, 0x00000000a4280000, 0x00000000d5f00000)
  object space 563712K, 85% used [0x0000000081c00000,0x000000009f3a06e8,0x00000000a4280000)
 Metaspace       used 94953K, capacity 106526K, committed 106752K, reserved 1138688K
  class space    used 13939K, capacity 16793K, committed 16896K, reserved 1048576K
Event: 864.015 GC heap after
Heap after GC invocations=298 (full 9):
 PSYoungGen      total 667136K, used 11160K [0x00000000d5f00000, 0x00000000fff80000, 0x0000000100000000)
  eden space 647680K, 0% used [0x00000000d5f00000,0x00000000d5f00000,0x00000000fd780000)
  from space 19456K, 57% used [0x00000000fd780000,0x00000000fe266118,0x00000000fea80000)
  to   space 19456K, 0% used [0x00000000fec80000,0x00000000fec80000,0x00000000fff80000)
 ParOldGen       total 563712K, used 486014K [0x0000000081c00000, 0x00000000a4280000, 0x00000000d5f00000)
  object space 563712K, 86% used [0x0000000081c00000,0x000000009f69fb38,0x00000000a4280000)
 Metaspace       used 94953K, capacity 106526K, committed 106752K, reserved 1138688K
  class space    used 13939K, capacity 16793K, committed 16896K, reserved 1048576K
}
Event: 868.077 GC heap before
{Heap before GC invocations=299 (full 9):
 PSYoungGen      total 667136K, used 658840K [0x00000000d5f00000, 0x00000000fff80000, 0x0000000100000000)
  eden space 647680K, 100% used [0x00000000d5f00000,0x00000000fd780000,0x00000000fd780000)
  from space 19456K, 57% used [0x00000000fd780000,0x00000000fe266118,0x00000000fea80000)
  to   space 19456K, 0% used [0x00000000fec80000,0x00000000fec80000,0x00000000fff80000)
 ParOldGen       total 563712K, used 486014K [0x0000000081c00000, 0x00000000a4280000, 0x00000000d5f00000)
  object space 563712K, 86% used [0x0000000081c00000,0x000000009f69fb38,0x00000000a4280000)
 Metaspace       used 94954K, capacity 106526K, committed 106752K, reserved 1138688K
  class space    used 13939K, capacity 16793K, committed 16896K, reserved 1048576K
Event: 868.089 GC heap after
Heap after GC invocations=299 (full 9):
 PSYoungGen      total 669184K, used 10132K [0x00000000d5f00000, 0x00000000fff00000, 0x0000000100000000)
  eden space 650240K, 0% used [0x00000000d5f00000,0x00000000d5f00000,0x00000000fda00000)
  from space 18944K, 53% used [0x00000000fec80000,0x00000000ff665170,0x00000000fff00000)
  to   space 18944K, 0% used [0x00000000fda00000,0x00000000fda00000,0x00000000fec80000)
 ParOldGen       total 563712K, used 486818K [0x0000000081c00000, 0x00000000a4280000, 0x00000000d5f00000)
  object space 563712K, 86% used [0x0000000081c00000,0x000000009f768ab8,0x00000000a4280000)
 Metaspace       used 94954K, capacity 106526K, committed 106752K, reserved 1138688K
  class space    used 13939K, capacity 16793K, committed 16896K, reserved 1048576K
}
Event: 871.911 GC heap before
{Heap before GC invocations=300 (full 9):
 PSYoungGen      total 669184K, used 660372K [0x00000000d5f00000, 0x00000000fff00000, 0x0000000100000000)
  eden space 650240K, 100% used [0x00000000d5f00000,0x00000000fda00000,0x00000000fda00000)
  from space 18944K, 53% used [0x00000000fec80000,0x00000000ff665170,0x00000000fff00000)
  to   space 18944K, 0% used [0x00000000fda00000,0x00000000fda00000,0x00000000fec80000)
 ParOldGen       total 563712K, used 486818K [0x0000000081c00000, 0x00000000a4280000, 0x00000000d5f00000)
  object space 563712K, 86% used [0x0000000081c00000,0x000000009f768ab8,0x00000000a4280000)
 Metaspace       used 94954K, capacity 106526K, committed 106752K, reserved 1138688K
  class space    used 13939K, capacity 16793K, committed 16896K, reserved 1048576K
Event: 871.922 GC heap after
Heap after GC invocations=300 (full 9):
 PSYoungGen      total 669184K, used 9321K [0x00000000d5f00000, 0x0000000100000000, 0x0000000100000000)
  eden space 650240K, 0% used [0x00000000d5f00000,0x00000000d5f00000,0x00000000fda00000)
  from space 18944K, 49% used [0x00000000fda00000,0x00000000fe31a4d8,0x00000000fec80000)
  to   space 18944K, 0% used [0x00000000fed80000,0x00000000fed80000,0x0000000100000000)
 ParOldGen       total 563712K, used 487621K [0x0000000081c00000, 0x00000000a4280000, 0x00000000d5f00000)
  object space 563712K, 86% used [0x0000000081c00000,0x000000009f8316f8,0x00000000a4280000)
 Metaspace       used 94954K, capacity 106526K, committed 106752K, reserved 1138688K
  class space    used 13939K, capacity 16793K, committed 16896K, reserved 1048576K
}
Event: 875.906 GC heap before
{Heap before GC invocations=301 (full 9):
 PSYoungGen      total 669184K, used 659561K [0x00000000d5f00000, 0x0000000100000000, 0x0000000100000000)
  eden space 650240K, 100% used [0x00000000d5f00000,0x00000000fda00000,0x00000000fda00000)
  from space 18944K, 49% used [0x00000000fda00000,0x00000000fe31a4d8,0x00000000fec80000)
  to   space 18944K, 0% used [0x00000000fed80000,0x00000000fed80000,0x0000000100000000)
 ParOldGen       total 563712K, used 487621K [0x0000000081c00000, 0x00000000a4280000, 0x00000000d5f00000)
  object space 563712K, 86% used [0x0000000081c00000,0x000000009f8316f8,0x00000000a4280000)
 Metaspace       used 94954K, capacity 106526K, committed 106752K, reserved 1138688K
  class space    used 13939K, capacity 16793K, committed 16896K, reserved 1048576K
Event: 875.917 GC heap after
Heap after GC invocations=301 (full 9):
 PSYoungGen      total 670208K, used 7807K [0x00000000d5f00000, 0x0000000100000000, 0x0000000100000000)
  eden space 651264K, 0% used [0x00000000d5f00000,0x00000000d5f00000,0x00000000fdb00000)
  from space 18944K, 41% used [0x00000000fed80000,0x00000000ff51ff30,0x0000000100000000)
  to   space 18944K, 0% used [0x00000000fdb00000,0x00000000fdb00000,0x00000000fed80000)
 ParOldGen       total 563712K, used 488733K [0x0000000081c00000, 0x00000000a4280000, 0x00000000d5f00000)
  object space 563712K, 86% used [0x0000000081c00000,0x000000009f947508,0x00000000a4280000)
 Metaspace       used 94954K, capacity 106526K, committed 106752K, reserved 1138688K
  class space    used 13939K, capacity 16793K, committed 16896K, reserved 1048576K
}
Event: 879.986 GC heap before
{Heap before GC invocations=302 (full 9):
 PSYoungGen      total 670208K, used 659071K [0x00000000d5f00000, 0x0000000100000000, 0x0000000100000000)
  eden space 651264K, 100% used [0x00000000d5f00000,0x00000000fdb00000,0x00000000fdb00000)
  from space 18944K, 41% used [0x00000000fed80000,0x00000000ff51ff30,0x0000000100000000)
  to   space 18944K, 0% used [0x00000000fdb00000,0x00000000fdb00000,0x00000000fed80000)
 ParOldGen       total 563712K, used 488740K [0x0000000081c00000, 0x00000000a4280000, 0x00000000d5f00000)
  object space 563712K, 86% used [0x0000000081c00000,0x000000009f949398,0x00000000a4280000)
 Metaspace       used 94954K, capacity 106526K, committed 106752K, reserved 1138688K
  class space    used 13939K, capacity 16793K, committed 16896K, reserved 1048576K
Event: 879.996 GC heap after
Heap after GC invocations=302 (full 9):
 PSYoungGen      total 670208K, used 7240K [0x00000000d5f00000, 0x0000000100000000, 0x0000000100000000)
  eden space 651264K, 0% used [0x00000000d5f00000,0x00000000d5f00000,0x00000000fdb00000)
  from space 18944K, 38% used [0x00000000fdb00000,0x00000000fe2122b8,0x00000000fed80000)
  to   space 18944K, 0% used [0x00000000fed80000,0x00000000fed80000,0x0000000100000000)
 ParOldGen       total 563712K, used 489363K [0x0000000081c00000, 0x00000000a4280000, 0x00000000d5f00000)
  object space 563712K, 86% used [0x0000000081c00000,0x000000009f9e4ff8,0x00000000a4280000)
 Metaspace       used 94954K, capacity 106526K, committed 106752K, reserved 1138688K
  class space    used 13939K, capacity 16793K, committed 16896K, reserved 1048576K
}

