# JRE version: Java(TM) SE Runtime Environment (8.0_51-b16) (build 1.8.0_51-b16)
# Java VM: Java HotSpot(TM) 64-Bit Server VM (25.51-b03 mixed mode windows-amd64 compressed oops)
Heap:
 PSYoungGen      total 529408K, used 310462K [0x00000000d5f00000, 0x0000000100000000, 0x0000000100000000)
  eden space 369664K, 40% used [0x00000000d5f00000,0x00000000df2367a8,0x00000000ec800000)
  from space 159744K, 99% used [0x00000000ec800000,0x00000000f63f91c0,0x00000000f6400000)
  to   space 159744K, 0% used [0x00000000f6400000,0x00000000f6400000,0x0000000100000000)
 ParOldGen       total 634880K, used 362197K [0x0000000081c00000, 0x00000000a8800000, 0x00000000d5f00000)
  object space 634880K, 57% used [0x0000000081c00000,0x0000000097db5538,0x00000000a8800000)
 Metaspace       used 85064K, capacity 95730K, committed 96000K, reserved 1128448K
  class space    used 13373K, capacity 16352K, committed 16384K, reserved 1048576K
GC Heap History (10 events):
Event: 144.888 GC heap before
{Heap before GC invocations=158 (full 7):
 PSYoungGen      total 558592K, used 523264K [0x00000000d5f00000, 0x0000000100000000, 0x0000000100000000)
  eden space 523264K, 100% used [0x00000000d5f00000,0x00000000f5e00000,0x00000000f5e00000)
  from space 35328K, 0% used [0x00000000fdd80000,0x00000000fdd80000,0x0000000100000000)
  to   space 82944K, 0% used [0x00000000f5e00000,0x00000000f5e00000,0x00000000faf00000)
 ParOldGen       total 537088K, used 343976K [0x0000000081c00000, 0x00000000a2880000, 0x00000000d5f00000)
  object space 537088K, 64% used [0x0000000081c00000,0x0000000096bea000,0x00000000a2880000)
 Metaspace       used 81831K, capacity 91596K, committed 91776K, reserved 1126400K
  class space    used 12880K, capacity 15693K, committed 15744K, reserved 1048576K
Event: 145.231 GC heap after
Heap after GC invocations=158 (full 7):
 PSYoungGen      total 606208K, used 82921K [0x00000000d5f00000, 0x0000000100000000, 0x0000000100000000)
  eden space 523264K, 0% used [0x00000000d5f00000,0x00000000d5f00000,0x00000000f5e00000)
  from space 82944K, 99% used [0x00000000f5e00000,0x00000000faefa7e8,0x00000000faf00000)
  to   space 82944K, 0% used [0x00000000faf00000,0x00000000faf00000,0x0000000100000000)
 ParOldGen       total 537088K, used 468233K [0x0000000081c00000, 0x00000000a2880000, 0x00000000d5f00000)
  object space 537088K, 87% used [0x0000000081c00000,0x000000009e5424c0,0x00000000a2880000)
 Metaspace       used 81831K, capacity 91596K, committed 91776K, reserved 1126400K
  class space    used 12880K, capacity 15693K, committed 15744K, reserved 1048576K
}
Event: 145.231 GC heap before
{Heap before GC invocations=159 (full 8):
 PSYoungGen      total 606208K, used 82921K [0x00000000d5f00000, 0x0000000100000000, 0x0000000100000000)
  eden space 523264K, 0% used [0x00000000d5f00000,0x00000000d5f00000,0x00000000f5e00000)
  from space 82944K, 99% used [0x00000000f5e00000,0x00000000faefa7e8,0x00000000faf00000)
  to   space 82944K, 0% used [0x00000000faf00000,0x00000000faf00000,0x0000000100000000)
 ParOldGen       total 537088K, used 468233K [0x0000000081c00000, 0x00000000a2880000, 0x00000000d5f00000)
  object space 537088K, 87% used [0x0000000081c00000,0x000000009e5424c0,0x00000000a2880000)
 Metaspace       used 81831K, capacity 91596K, committed 91776K, reserved 1126400K
  class space    used 12880K, capacity 15693K, committed 15744K, reserved 1048576K
Event: 146.436 GC heap after
Heap after GC invocations=159 (full 8):
 PSYoungGen      total 606208K, used 0K [0x00000000d5f00000, 0x0000000100000000, 0x0000000100000000)
  eden space 523264K, 0% used [0x00000000d5f00000,0x00000000d5f00000,0x00000000f5e00000)
  from space 82944K, 0% used [0x00000000f5e00000,0x00000000f5e00000,0x00000000faf00000)
  to   space 82944K, 0% used [0x00000000faf00000,0x00000000faf00000,0x0000000100000000)
 ParOldGen       total 537088K, used 514277K [0x0000000081c00000, 0x00000000a2880000, 0x00000000d5f00000)
  object space 537088K, 95% used [0x0000000081c00000,0x00000000a1239408,0x00000000a2880000)
 Metaspace       used 81830K, capacity 91594K, committed 91776K, reserved 1126400K
  class space    used 12879K, capacity 15692K, committed 15744K, reserved 1048576K
}
Event: 152.442 GC heap before
{Heap before GC invocations=160 (full 9):
 PSYoungGen      total 606208K, used 523264K [0x00000000d5f00000, 0x0000000100000000, 0x0000000100000000)
  eden space 523264K, 100% used [0x00000000d5f00000,0x00000000f5e00000,0x00000000f5e00000)
  from space 82944K, 0% used [0x00000000f5e00000,0x00000000f5e00000,0x00000000faf00000)
  to   space 82944K, 0% used [0x00000000faf00000,0x00000000faf00000,0x0000000100000000)
 ParOldGen       total 537088K, used 514277K [0x0000000081c00000, 0x00000000a2880000, 0x00000000d5f00000)
  object space 537088K, 95% used [0x0000000081c00000,0x00000000a1239408,0x00000000a2880000)
 Metaspace       used 81925K, capacity 91792K, committed 92032K, reserved 1126400K
  class space    used 12890K, capacity 15733K, committed 15744K, reserved 1048576K
Event: 153.913 GC heap after
Heap after GC invocations=160 (full 9):
 PSYoungGen      total 606208K, used 0K [0x00000000d5f00000, 0x0000000100000000, 0x0000000100000000)
  eden space 523264K, 0% used [0x00000000d5f00000,0x00000000d5f00000,0x00000000f5e00000)
  from space 82944K, 0% used [0x00000000f5e00000,0x00000000f5e00000,0x00000000faf00000)
  to   space 82944K, 0% used [0x00000000faf00000,0x00000000faf00000,0x0000000100000000)
 ParOldGen       total 634880K, used 325566K [0x0000000081c00000, 0x00000000a8800000, 0x00000000d5f00000)
  object space 634880K, 51% used [0x0000000081c00000,0x00000000959ef8c8,0x00000000a8800000)
 Metaspace       used 81925K, capacity 91792K, committed 92032K, reserved 1126400K
  class space    used 12890K, capacity 15733K, committed 15744K, reserved 1048576K
}
Event: 162.239 GC heap before
{Heap before GC invocations=161 (full 9):
 PSYoungGen      total 606208K, used 523264K [0x00000000d5f00000, 0x0000000100000000, 0x0000000100000000)
  eden space 523264K, 100% used [0x00000000d5f00000,0x00000000f5e00000,0x00000000f5e00000)
  from space 82944K, 0% used [0x00000000f5e00000,0x00000000f5e00000,0x00000000faf00000)
  to   space 82944K, 0% used [0x00000000faf00000,0x00000000faf00000,0x0000000100000000)
 ParOldGen       total 634880K, used 325566K [0x0000000081c00000, 0x00000000a8800000, 0x00000000d5f00000)
  object space 634880K, 51% used [0x0000000081c00000,0x00000000959ef8c8,0x00000000a8800000)
 Metaspace       used 82925K, capacity 92980K, committed 93312K, reserved 1126400K
  class space    used 13028K, capacity 15913K, committed 16000K, reserved 1048576K
Event: 162.449 GC heap after
Heap after GC invocations=161 (full 9):
 PSYoungGen      total 452608K, used 82929K [0x00000000d5f00000, 0x0000000100000000, 0x0000000100000000)
  eden space 369664K, 0% used [0x00000000d5f00000,0x00000000d5f00000,0x00000000ec800000)
  from space 82944K, 99% used [0x00000000faf00000,0x00000000ffffc568,0x0000000100000000)
  to   space 159744K, 0% used [0x00000000ec800000,0x00000000ec800000,0x00000000f6400000)
 ParOldGen       total 634880K, used 353695K [0x0000000081c00000, 0x00000000a8800000, 0x00000000d5f00000)
  object space 634880K, 55% used [0x0000000081c00000,0x0000000097567f50,0x00000000a8800000)
 Metaspace       used 82925K, capacity 92980K, committed 93312K, reserved 1126400K
  class space    used 13028K, capacity 15913K, committed 16000K, reserved 1048576K
}
Event: 164.740 GC heap before
{Heap before GC invocations=162 (full 9):
 PSYoungGen      total 452608K, used 452593K [0x00000000d5f00000, 0x0000000100000000, 0x0000000100000000)
  eden space 369664K, 100% used [0x00000000d5f00000,0x00000000ec800000,0x00000000ec800000)
  from space 82944K, 99% used [0x00000000faf00000,0x00000000ffffc568,0x0000000100000000)
  to   space 159744K, 0% used [0x00000000ec800000,0x00000000ec800000,0x00000000f6400000)
 ParOldGen       total 634880K, used 353695K [0x0000000081c00000, 0x00000000a8800000, 0x00000000d5f00000)
  object space 634880K, 55% used [0x0000000081c00000,0x0000000097567f50,0x00000000a8800000)
 Metaspace       used 84460K, capacity 95070K, committed 95104K, reserved 1128448K
  class space    used 13300K, capacity 16252K, committed 16256K, reserved 1048576K
Event: 165.073 GC heap after
Heap after GC invocations=162 (full 9):
 PSYoungGen      total 529408K, used 159716K [0x00000000d5f00000, 0x0000000100000000, 0x0000000100000000)
  eden space 369664K, 0% used [0x00000000d5f00000,0x00000000d5f00000,0x00000000ec800000)
  from space 159744K, 99% used [0x00000000ec800000,0x00000000f63f91c0,0x00000000f6400000)
  to   space 159744K, 0% used [0x00000000f6400000,0x00000000f6400000,0x0000000100000000)
 ParOldGen       total 634880K, used 362197K [0x0000000081c00000, 0x00000000a8800000, 0x00000000d5f00000)
  object space 634880K, 57% used [0x0000000081c00000,0x0000000097db5538,0x00000000a8800000)
 Metaspace       used 84460K, capacity 95070K, committed 95104K, reserved 1128448K
  class space    used 13300K, capacity 16252K, committed 16256K, reserved 1048576K
}

