# JRE version: Java(TM) SE Runtime Environment (8.0_51-b16) (build 1.8.0_51-b16)
# Java VM: Java HotSpot(TM) 64-Bit Server VM (25.51-b03 mixed mode windows-amd64 compressed oops)
Heap:
 PSYoungGen      total 622080K, used 547838K [0x00000000d5f00000, 0x00000000fff00000, 0x0000000100000000)
  eden space 618496K, 88% used [0x00000000d5f00000,0x00000000f72eb258,0x00000000fbb00000)
  from space 3584K, 87% used [0x00000000fbb00000,0x00000000fbe14658,0x00000000fbe80000)
  to   space 34816K, 0% used [0x00000000fdd00000,0x00000000fdd00000,0x00000000fff00000)
 ParOldGen       total 371200K, used 271363K [0x0000000081c00000, 0x0000000098680000, 0x00000000d5f00000)
  object space 371200K, 73% used [0x0000000081c00000,0x0000000092500cf0,0x0000000098680000)
 Metaspace       used 76196K, capacity 84158K, committed 84352K, reserved 1120256K
  class space    used 11824K, capacity 14186K, committed 14208K, reserved 1048576K
GC Heap History (10 events):
Event: 115.842 GC heap before
{Heap before GC invocations=141 (full 6):
 PSYoungGen      total 656896K, used 626176K [0x00000000d5f00000, 0x00000000fff80000, 0x0000000100000000)
  eden space 626176K, 100% used [0x00000000d5f00000,0x00000000fc280000,0x00000000fc280000)
  from space 30720K, 0% used [0x00000000fe180000,0x00000000fe180000,0x00000000fff80000)
  to   space 31232K, 0% used [0x00000000fc280000,0x00000000fc280000,0x00000000fe100000)
 ParOldGen       total 371200K, used 271202K [0x0000000081c00000, 0x0000000098680000, 0x00000000d5f00000)
  object space 371200K, 73% used [0x0000000081c00000,0x00000000924d89a0,0x0000000098680000)
 Metaspace       used 76153K, capacity 84114K, committed 84352K, reserved 1120256K
  class space    used 11821K, capacity 14182K, committed 14208K, reserved 1048576K
Event: 115.851 GC heap after
Heap after GC invocations=141 (full 6):
 PSYoungGen      total 626688K, used 320K [0x00000000d5f00000, 0x0000000100000000, 0x0000000100000000)
  eden space 626176K, 0% used [0x00000000d5f00000,0x00000000d5f00000,0x00000000fc280000)
  from space 512K, 62% used [0x00000000fc280000,0x00000000fc2d0000,0x00000000fc300000)
  to   space 33280K, 0% used [0x00000000fdf80000,0x00000000fdf80000,0x0000000100000000)
 ParOldGen       total 371200K, used 271202K [0x0000000081c00000, 0x0000000098680000, 0x00000000d5f00000)
  object space 371200K, 73% used [0x0000000081c00000,0x00000000924d89a0,0x0000000098680000)
 Metaspace       used 76153K, capacity 84114K, committed 84352K, reserved 1120256K
  class space    used 11821K, capacity 14182K, committed 14208K, reserved 1048576K
}
Event: 117.023 GC heap before
{Heap before GC invocations=142 (full 6):
 PSYoungGen      total 626688K, used 626496K [0x00000000d5f00000, 0x0000000100000000, 0x0000000100000000)
  eden space 626176K, 100% used [0x00000000d5f00000,0x00000000fc280000,0x00000000fc280000)
  from space 512K, 62% used [0x00000000fc280000,0x00000000fc2d0000,0x00000000fc300000)
  to   space 33280K, 0% used [0x00000000fdf80000,0x00000000fdf80000,0x0000000100000000)
 ParOldGen       total 371200K, used 271353K [0x0000000081c00000, 0x0000000098680000, 0x00000000d5f00000)
  object space 371200K, 73% used [0x0000000081c00000,0x00000000924fe6f0,0x0000000098680000)
 Metaspace       used 76153K, capacity 84114K, committed 84352K, reserved 1120256K
  class space    used 11821K, capacity 14182K, committed 14208K, reserved 1048576K
Event: 117.027 GC heap after
Heap after GC invocations=142 (full 6):
 PSYoungGen      total 652800K, used 608K [0x00000000d5f00000, 0x0000000100000000, 0x0000000100000000)
  eden space 619520K, 0% used [0x00000000d5f00000,0x00000000d5f00000,0x00000000fbc00000)
  from space 33280K, 1% used [0x00000000fdf80000,0x00000000fe018000,0x0000000100000000)
  to   space 34816K, 0% used [0x00000000fbc00000,0x00000000fbc00000,0x00000000fde00000)
 ParOldGen       total 371200K, used 271353K [0x0000000081c00000, 0x0000000098680000, 0x00000000d5f00000)
  object space 371200K, 73% used [0x0000000081c00000,0x00000000924fe6f0,0x0000000098680000)
 Metaspace       used 76153K, capacity 84114K, committed 84352K, reserved 1120256K
  class space    used 11821K, capacity 14182K, committed 14208K, reserved 1048576K
}
Event: 118.399 GC heap before
{Heap before GC invocations=143 (full 6):
 PSYoungGen      total 652800K, used 620128K [0x00000000d5f00000, 0x0000000100000000, 0x0000000100000000)
  eden space 619520K, 100% used [0x00000000d5f00000,0x00000000fbc00000,0x00000000fbc00000)
  from space 33280K, 1% used [0x00000000fdf80000,0x00000000fe018000,0x0000000100000000)
  to   space 34816K, 0% used [0x00000000fbc00000,0x00000000fbc00000,0x00000000fde00000)
 ParOldGen       total 371200K, used 271355K [0x0000000081c00000, 0x0000000098680000, 0x00000000d5f00000)
  object space 371200K, 73% used [0x0000000081c00000,0x00000000924fecf0,0x0000000098680000)
 Metaspace       used 76155K, capacity 84114K, committed 84352K, reserved 1120256K
  class space    used 11821K, capacity 14182K, committed 14208K, reserved 1048576K
Event: 118.405 GC heap after
Heap after GC invocations=143 (full 6):
 PSYoungGen      total 620544K, used 1024K [0x00000000d5f00000, 0x0000000100000000, 0x0000000100000000)
  eden space 619520K, 0% used [0x00000000d5f00000,0x00000000d5f00000,0x00000000fbc00000)
  from space 1024K, 100% used [0x00000000fbc00000,0x00000000fbd00000,0x00000000fbd00000)
  to   space 35328K, 0% used [0x00000000fdd80000,0x00000000fdd80000,0x0000000100000000)
 ParOldGen       total 371200K, used 271355K [0x0000000081c00000, 0x0000000098680000, 0x00000000d5f00000)
  object space 371200K, 73% used [0x0000000081c00000,0x00000000924fecf0,0x0000000098680000)
 Metaspace       used 76155K, capacity 84114K, committed 84352K, reserved 1120256K
  class space    used 11821K, capacity 14182K, committed 14208K, reserved 1048576K
}
Event: 119.772 GC heap before
{Heap before GC invocations=144 (full 6):
 PSYoungGen      total 620544K, used 620544K [0x00000000d5f00000, 0x0000000100000000, 0x0000000100000000)
  eden space 619520K, 100% used [0x00000000d5f00000,0x00000000fbc00000,0x00000000fbc00000)
  from space 1024K, 100% used [0x00000000fbc00000,0x00000000fbd00000,0x00000000fbd00000)
  to   space 35328K, 0% used [0x00000000fdd80000,0x00000000fdd80000,0x0000000100000000)
 ParOldGen       total 371200K, used 271355K [0x0000000081c00000, 0x0000000098680000, 0x00000000d5f00000)
  object space 371200K, 73% used [0x0000000081c00000,0x00000000924fecf0,0x0000000098680000)
 Metaspace       used 76159K, capacity 84122K, committed 84352K, reserved 1120256K
  class space    used 11821K, capacity 14182K, committed 14208K, reserved 1048576K
Event: 119.779 GC heap after
Heap after GC invocations=144 (full 6):
 PSYoungGen      total 653824K, used 1760K [0x00000000d5f00000, 0x0000000100000000, 0x0000000100000000)
  eden space 618496K, 0% used [0x00000000d5f00000,0x00000000d5f00000,0x00000000fbb00000)
  from space 35328K, 4% used [0x00000000fdd80000,0x00000000fdf38000,0x0000000100000000)
  to   space 35328K, 0% used [0x00000000fbb00000,0x00000000fbb00000,0x00000000fdd80000)
 ParOldGen       total 371200K, used 271355K [0x0000000081c00000, 0x0000000098680000, 0x00000000d5f00000)
  object space 371200K, 73% used [0x0000000081c00000,0x00000000924fecf0,0x0000000098680000)
 Metaspace       used 76159K, capacity 84122K, committed 84352K, reserved 1120256K
  class space    used 11821K, capacity 14182K, committed 14208K, reserved 1048576K
}
Event: 121.240 GC heap before
{Heap before GC invocations=145 (full 6):
 PSYoungGen      total 653824K, used 620256K [0x00000000d5f00000, 0x0000000100000000, 0x0000000100000000)
  eden space 618496K, 100% used [0x00000000d5f00000,0x00000000fbb00000,0x00000000fbb00000)
  from space 35328K, 4% used [0x00000000fdd80000,0x00000000fdf38000,0x0000000100000000)
  to   space 35328K, 0% used [0x00000000fbb00000,0x00000000fbb00000,0x00000000fdd80000)
 ParOldGen       total 371200K, used 271355K [0x0000000081c00000, 0x0000000098680000, 0x00000000d5f00000)
  object space 371200K, 73% used [0x0000000081c00000,0x00000000924fecf0,0x0000000098680000)
 Metaspace       used 76184K, capacity 84146K, committed 84352K, reserved 1120256K
  class space    used 11824K, capacity 14186K, committed 14208K, reserved 1048576K
Event: 121.252 GC heap after
Heap after GC invocations=145 (full 6):
 PSYoungGen      total 622080K, used 3153K [0x00000000d5f00000, 0x00000000fff00000, 0x0000000100000000)
  eden space 618496K, 0% used [0x00000000d5f00000,0x00000000d5f00000,0x00000000fbb00000)
  from space 3584K, 87% used [0x00000000fbb00000,0x00000000fbe14658,0x00000000fbe80000)
  to   space 34816K, 0% used [0x00000000fdd00000,0x00000000fdd00000,0x00000000fff00000)
 ParOldGen       total 371200K, used 271363K [0x0000000081c00000, 0x0000000098680000, 0x00000000d5f00000)
  object space 371200K, 73% used [0x0000000081c00000,0x0000000092500cf0,0x0000000098680000)
 Metaspace       used 76184K, capacity 84146K, committed 84352K, reserved 1120256K
  class space    used 11824K, capacity 14186K, committed 14208K, reserved 1048576K
}

