# JRE version: Java(TM) SE Runtime Environment (8.0_51-b16) (build 1.8.0_51-b16)
# Java VM: Java HotSpot(TM) 64-Bit Server VM (25.51-b03 mixed mode windows-amd64 compressed oops)
Heap:
 PSYoungGen      total 652800K, used 399537K [0x00000000d5f00000, 0x0000000100000000, 0x0000000100000000)
  eden space 617472K, 64% used [0x00000000d5f00000,0x00000000ee52c640,0x00000000fba00000)
  from space 35328K, 0% used [0x00000000fba00000,0x00000000fba00000,0x00000000fdc80000)
  to   space 36352K, 0% used [0x00000000fdc80000,0x00000000fdc80000,0x0000000100000000)
 ParOldGen       total 372736K, used 344393K [0x0000000081c00000, 0x0000000098800000, 0x00000000d5f00000)
  object space 372736K, 92% used [0x0000000081c00000,0x0000000096c52428,0x0000000098800000)
 Metaspace       used 77494K, capacity 85712K, committed 86016K, reserved 1120256K
  class space    used 12048K, capacity 14491K, committed 14592K, reserved 1048576K
GC Heap History (10 events):
Event: 112.710 GC heap before
{Heap before GC invocations=149 (full 5):
 PSYoungGen      total 623616K, used 623584K [0x00000000d5f00000, 0x0000000100000000, 0x0000000100000000)
  eden space 618496K, 100% used [0x00000000d5f00000,0x00000000fbb00000,0x00000000fbb00000)
  from space 5120K, 99% used [0x00000000fbb00000,0x00000000fbff8080,0x00000000fc000000)
  to   space 35840K, 0% used [0x00000000fdd00000,0x00000000fdd00000,0x0000000100000000)
 ParOldGen       total 356352K, used 322228K [0x0000000081c00000, 0x0000000097800000, 0x00000000d5f00000)
  object space 356352K, 90% used [0x0000000081c00000,0x00000000956ad090,0x0000000097800000)
 Metaspace       used 76183K, capacity 84146K, committed 84480K, reserved 1120256K
  class space    used 11856K, capacity 14222K, committed 14336K, reserved 1048576K
Event: 112.720 GC heap after
Heap after GC invocations=149 (full 5):
 PSYoungGen      total 653312K, used 5728K [0x00000000d5f00000, 0x0000000100000000, 0x0000000100000000)
  eden space 617472K, 0% used [0x00000000d5f00000,0x00000000d5f00000,0x00000000fba00000)
  from space 35840K, 15% used [0x00000000fdd00000,0x00000000fe298090,0x0000000100000000)
  to   space 35840K, 0% used [0x00000000fba00000,0x00000000fba00000,0x00000000fdd00000)
 ParOldGen       total 356352K, used 322484K [0x0000000081c00000, 0x0000000097800000, 0x00000000d5f00000)
  object space 356352K, 90% used [0x0000000081c00000,0x00000000956ed090,0x0000000097800000)
 Metaspace       used 76183K, capacity 84146K, committed 84480K, reserved 1120256K
  class space    used 11856K, capacity 14222K, committed 14336K, reserved 1048576K
}
Event: 113.959 GC heap before
{Heap before GC invocations=150 (full 5):
 PSYoungGen      total 653312K, used 623200K [0x00000000d5f00000, 0x0000000100000000, 0x0000000100000000)
  eden space 617472K, 100% used [0x00000000d5f00000,0x00000000fba00000,0x00000000fba00000)
  from space 35840K, 15% used [0x00000000fdd00000,0x00000000fe298090,0x0000000100000000)
  to   space 35840K, 0% used [0x00000000fba00000,0x00000000fba00000,0x00000000fdd00000)
 ParOldGen       total 356352K, used 322484K [0x0000000081c00000, 0x0000000097800000, 0x00000000d5f00000)
  object space 356352K, 90% used [0x0000000081c00000,0x00000000956ed090,0x0000000097800000)
 Metaspace       used 76186K, capacity 84146K, committed 84480K, reserved 1120256K
  class space    used 11856K, capacity 14222K, committed 14336K, reserved 1048576K
Event: 113.974 GC heap after
Heap after GC invocations=150 (full 5):
 PSYoungGen      total 653312K, used 5632K [0x00000000d5f00000, 0x0000000100000000, 0x0000000100000000)
  eden space 617472K, 0% used [0x00000000d5f00000,0x00000000d5f00000,0x00000000fba00000)
  from space 35840K, 15% used [0x00000000fba00000,0x00000000fbf80080,0x00000000fdd00000)
  to   space 35840K, 0% used [0x00000000fdd00000,0x00000000fdd00000,0x0000000100000000)
 ParOldGen       total 356352K, used 323012K [0x0000000081c00000, 0x0000000097800000, 0x00000000d5f00000)
  object space 356352K, 90% used [0x0000000081c00000,0x00000000957710a0,0x0000000097800000)
 Metaspace       used 76186K, capacity 84146K, committed 84480K, reserved 1120256K
  class space    used 11856K, capacity 14222K, committed 14336K, reserved 1048576K
}
Event: 115.090 GC heap before
{Heap before GC invocations=151 (full 5):
 PSYoungGen      total 653312K, used 623104K [0x00000000d5f00000, 0x0000000100000000, 0x0000000100000000)
  eden space 617472K, 100% used [0x00000000d5f00000,0x00000000fba00000,0x00000000fba00000)
  from space 35840K, 15% used [0x00000000fba00000,0x00000000fbf80080,0x00000000fdd00000)
  to   space 35840K, 0% used [0x00000000fdd00000,0x00000000fdd00000,0x0000000100000000)
 ParOldGen       total 356352K, used 323012K [0x0000000081c00000, 0x0000000097800000, 0x00000000d5f00000)
  object space 356352K, 90% used [0x0000000081c00000,0x00000000957710a0,0x0000000097800000)
 Metaspace       used 76195K, capacity 84210K, committed 84480K, reserved 1120256K
  class space    used 11856K, capacity 14222K, committed 14336K, reserved 1048576K
Event: 115.104 GC heap after
Heap after GC invocations=151 (full 5):
 PSYoungGen      total 652288K, used 6865K [0x00000000d5f00000, 0x00000000fff00000, 0x0000000100000000)
  eden space 617472K, 0% used [0x00000000d5f00000,0x00000000d5f00000,0x00000000fba00000)
  from space 34816K, 19% used [0x00000000fdd00000,0x00000000fe3b46d8,0x00000000fff00000)
  to   space 35328K, 0% used [0x00000000fba00000,0x00000000fba00000,0x00000000fdc80000)
 ParOldGen       total 356352K, used 323372K [0x0000000081c00000, 0x0000000097800000, 0x00000000d5f00000)
  object space 356352K, 90% used [0x0000000081c00000,0x00000000957cb0a0,0x0000000097800000)
 Metaspace       used 76195K, capacity 84210K, committed 84480K, reserved 1120256K
  class space    used 11856K, capacity 14222K, committed 14336K, reserved 1048576K
}
Event: 120.298 GC heap before
{Heap before GC invocations=152 (full 5):
 PSYoungGen      total 652288K, used 624337K [0x00000000d5f00000, 0x00000000fff00000, 0x0000000100000000)
  eden space 617472K, 100% used [0x00000000d5f00000,0x00000000fba00000,0x00000000fba00000)
  from space 34816K, 19% used [0x00000000fdd00000,0x00000000fe3b46d8,0x00000000fff00000)
  to   space 35328K, 0% used [0x00000000fba00000,0x00000000fba00000,0x00000000fdc80000)
 ParOldGen       total 356352K, used 323372K [0x0000000081c00000, 0x0000000097800000, 0x00000000d5f00000)
  object space 356352K, 90% used [0x0000000081c00000,0x00000000957cb0a0,0x0000000097800000)
 Metaspace       used 77192K, capacity 85284K, committed 85376K, reserved 1120256K
  class space    used 12010K, capacity 14409K, committed 14464K, reserved 1048576K
Event: 120.482 GC heap after
Heap after GC invocations=152 (full 5):
 PSYoungGen      total 652800K, used 35306K [0x00000000d5f00000, 0x0000000100000000, 0x0000000100000000)
  eden space 617472K, 0% used [0x00000000d5f00000,0x00000000d5f00000,0x00000000fba00000)
  from space 35328K, 99% used [0x00000000fba00000,0x00000000fdc7aa90,0x00000000fdc80000)
  to   space 36352K, 0% used [0x00000000fdc80000,0x00000000fdc80000,0x0000000100000000)
 ParOldGen       total 372736K, used 372679K [0x0000000081c00000, 0x0000000098800000, 0x00000000d5f00000)
  object space 372736K, 99% used [0x0000000081c00000,0x00000000987f1fd0,0x0000000098800000)
 Metaspace       used 77192K, capacity 85284K, committed 85376K, reserved 1120256K
  class space    used 12010K, capacity 14409K, committed 14464K, reserved 1048576K
}
Event: 120.482 GC heap before
{Heap before GC invocations=153 (full 6):
 PSYoungGen      total 652800K, used 35306K [0x00000000d5f00000, 0x0000000100000000, 0x0000000100000000)
  eden space 617472K, 0% used [0x00000000d5f00000,0x00000000d5f00000,0x00000000fba00000)
  from space 35328K, 99% used [0x00000000fba00000,0x00000000fdc7aa90,0x00000000fdc80000)
  to   space 36352K, 0% used [0x00000000fdc80000,0x00000000fdc80000,0x0000000100000000)
 ParOldGen       total 372736K, used 372679K [0x0000000081c00000, 0x0000000098800000, 0x00000000d5f00000)
  object space 372736K, 99% used [0x0000000081c00000,0x00000000987f1fd0,0x0000000098800000)
 Metaspace       used 77192K, capacity 85284K, committed 85376K, reserved 1120256K
  class space    used 12010K, capacity 14409K, committed 14464K, reserved 1048576K
Event: 121.732 GC heap after
Heap after GC invocations=153 (full 6):
 PSYoungGen      total 652800K, used 0K [0x00000000d5f00000, 0x0000000100000000, 0x0000000100000000)
  eden space 617472K, 0% used [0x00000000d5f00000,0x00000000d5f00000,0x00000000fba00000)
  from space 35328K, 0% used [0x00000000fba00000,0x00000000fba00000,0x00000000fdc80000)
  to   space 36352K, 0% used [0x00000000fdc80000,0x00000000fdc80000,0x0000000100000000)
 ParOldGen       total 372736K, used 344393K [0x0000000081c00000, 0x0000000098800000, 0x00000000d5f00000)
  object space 372736K, 92% used [0x0000000081c00000,0x0000000096c52428,0x0000000098800000)
 Metaspace       used 77187K, capacity 85274K, committed 85376K, reserved 1120256K
  class space    used 12008K, capacity 14406K, committed 14464K, reserved 1048576K
}

