# JRE version: Java(TM) SE Runtime Environment (8.0_51-b16) (build 1.8.0_51-b16)
# Java VM: Java HotSpot(TM) 64-Bit Server VM (25.51-b03 mixed mode windows-amd64 compressed oops)
Heap:
 PSYoungGen      total 651264K, used 613376K [0x00000000d5f00000, 0x0000000100000000, 0x0000000100000000)
  eden space 613376K, 100% used [0x00000000d5f00000,0x00000000fb600000,0x00000000fb600000)
  from space 37888K, 0% used [0x00000000fb600000,0x00000000fb600000,0x00000000fdb00000)
  to   space 37888K, 99% used [0x00000000fdb00000,0x00000000ffffc330,0x0000000100000000)
 ParOldGen       total 460288K, used 460222K [0x0000000081c00000, 0x000000009dd80000, 0x00000000d5f00000)
  object space 460288K, 99% used [0x0000000081c00000,0x000000009dd6fbf0,0x000000009dd80000)
 Metaspace       used 81148K, capacity 90616K, committed 90752K, reserved 1124352K
  class space    used 12695K, capacity 15419K, committed 15488K, reserved 1048576K
GC Heap History (10 events):
Event: 119.179 GC heap after
Heap after GC invocations=148 (full 6):
 PSYoungGen      total 655872K, used 5472K [0x00000000d5f00000, 0x0000000100000000, 0x0000000100000000)
  eden space 622592K, 0% used [0x00000000d5f00000,0x00000000d5f00000,0x00000000fbf00000)
  from space 33280K, 16% used [0x00000000fdf80000,0x00000000fe4d8080,0x0000000100000000)
  to   space 33280K, 0% used [0x00000000fbf00000,0x00000000fbf00000,0x00000000fdf80000)
 ParOldGen       total 352768K, used 320271K [0x0000000081c00000, 0x0000000097480000, 0x00000000d5f00000)
  object space 352768K, 90% used [0x0000000081c00000,0x00000000954c3f48,0x0000000097480000)
 Metaspace       used 76142K, capacity 84034K, committed 84096K, reserved 1120256K
  class space    used 11860K, capacity 14188K, committed 14208K, reserved 1048576K
}
Event: 120.320 GC heap before
{Heap before GC invocations=149 (full 6):
 PSYoungGen      total 655872K, used 628064K [0x00000000d5f00000, 0x0000000100000000, 0x0000000100000000)
  eden space 622592K, 100% used [0x00000000d5f00000,0x00000000fbf00000,0x00000000fbf00000)
  from space 33280K, 16% used [0x00000000fdf80000,0x00000000fe4d8080,0x0000000100000000)
  to   space 33280K, 0% used [0x00000000fbf00000,0x00000000fbf00000,0x00000000fdf80000)
 ParOldGen       total 352768K, used 320319K [0x0000000081c00000, 0x0000000097480000, 0x00000000d5f00000)
  object space 352768K, 90% used [0x0000000081c00000,0x00000000954cfc50,0x0000000097480000)
 Metaspace       used 76142K, capacity 84034K, committed 84096K, reserved 1120256K
  class space    used 11860K, capacity 14188K, committed 14208K, reserved 1048576K
Event: 120.331 GC heap after
Heap after GC invocations=149 (full 6):
 PSYoungGen      total 628736K, used 5744K [0x00000000d5f00000, 0x00000000fff00000, 0x0000000100000000)
  eden space 622592K, 0% used [0x00000000d5f00000,0x00000000d5f00000,0x00000000fbf00000)
  from space 6144K, 93% used [0x00000000fbf00000,0x00000000fc49c070,0x00000000fc500000)
  to   space 32768K, 0% used [0x00000000fdf00000,0x00000000fdf00000,0x00000000fff00000)
 ParOldGen       total 352768K, used 320607K [0x0000000081c00000, 0x0000000097480000, 0x00000000d5f00000)
  object space 352768K, 90% used [0x0000000081c00000,0x0000000095517c50,0x0000000097480000)
 Metaspace       used 76142K, capacity 84034K, committed 84096K, reserved 1120256K
  class space    used 11860K, capacity 14188K, committed 14208K, reserved 1048576K
}
Event: 122.902 GC heap before
{Heap before GC invocations=150 (full 6):
 PSYoungGen      total 628736K, used 628336K [0x00000000d5f00000, 0x00000000fff00000, 0x0000000100000000)
  eden space 622592K, 100% used [0x00000000d5f00000,0x00000000fbf00000,0x00000000fbf00000)
  from space 6144K, 93% used [0x00000000fbf00000,0x00000000fc49c070,0x00000000fc500000)
  to   space 32768K, 0% used [0x00000000fdf00000,0x00000000fdf00000,0x00000000fff00000)
 ParOldGen       total 352768K, used 320929K [0x0000000081c00000, 0x0000000097480000, 0x00000000d5f00000)
  object space 352768K, 90% used [0x0000000081c00000,0x0000000095568640,0x0000000097480000)
 Metaspace       used 76627K, capacity 84690K, committed 84992K, reserved 1120256K
  class space    used 11923K, capacity 14264K, committed 14336K, reserved 1048576K
Event: 122.981 GC heap after
Heap after GC invocations=150 (full 6):
 PSYoungGen      total 646144K, used 32169K [0x00000000d5f00000, 0x0000000100000000, 0x0000000100000000)
  eden space 613376K, 0% used [0x00000000d5f00000,0x00000000d5f00000,0x00000000fb600000)
  from space 32768K, 98% used [0x00000000fdf00000,0x00000000ffe6a570,0x00000000fff00000)
  to   space 37888K, 0% used [0x00000000fb600000,0x00000000fb600000,0x00000000fdb00000)
 ParOldGen       total 352768K, used 321225K [0x0000000081c00000, 0x0000000097480000, 0x00000000d5f00000)
  object space 352768K, 91% used [0x0000000081c00000,0x00000000955b2640,0x0000000097480000)
 Metaspace       used 76627K, capacity 84690K, committed 84992K, reserved 1120256K
  class space    used 11923K, capacity 14264K, committed 14336K, reserved 1048576K
}
Event: 129.257 GC heap before
{Heap before GC invocations=151 (full 6):
 PSYoungGen      total 646144K, used 645545K [0x00000000d5f00000, 0x0000000100000000, 0x0000000100000000)
  eden space 613376K, 100% used [0x00000000d5f00000,0x00000000fb600000,0x00000000fb600000)
  from space 32768K, 98% used [0x00000000fdf00000,0x00000000ffe6a570,0x00000000fff00000)
  to   space 37888K, 0% used [0x00000000fb600000,0x00000000fb600000,0x00000000fdb00000)
 ParOldGen       total 352768K, used 321225K [0x0000000081c00000, 0x0000000097480000, 0x00000000d5f00000)
  object space 352768K, 91% used [0x0000000081c00000,0x00000000955b2640,0x0000000097480000)
 Metaspace       used 77664K, capacity 85888K, committed 86144K, reserved 1120256K
  class space    used 12062K, capacity 14463K, committed 14464K, reserved 1048576K
Event: 129.526 GC heap after
Heap after GC invocations=151 (full 6):
 PSYoungGen      total 651264K, used 37887K [0x00000000d5f00000, 0x0000000100000000, 0x0000000100000000)
  eden space 613376K, 0% used [0x00000000d5f00000,0x00000000d5f00000,0x00000000fb600000)
  from space 37888K, 99% used [0x00000000fb600000,0x00000000fdaffe80,0x00000000fdb00000)
  to   space 37888K, 0% used [0x00000000fdb00000,0x00000000fdb00000,0x0000000100000000)
 ParOldGen       total 384000K, used 383625K [0x0000000081c00000, 0x0000000099300000, 0x00000000d5f00000)
  object space 384000K, 99% used [0x0000000081c00000,0x00000000992a2418,0x0000000099300000)
 Metaspace       used 77664K, capacity 85888K, committed 86144K, reserved 1120256K
  class space    used 12062K, capacity 14463K, committed 14464K, reserved 1048576K
}
Event: 129.526 GC heap before
{Heap before GC invocations=152 (full 7):
 PSYoungGen      total 651264K, used 37887K [0x00000000d5f00000, 0x0000000100000000, 0x0000000100000000)
  eden space 613376K, 0% used [0x00000000d5f00000,0x00000000d5f00000,0x00000000fb600000)
  from space 37888K, 99% used [0x00000000fb600000,0x00000000fdaffe80,0x00000000fdb00000)
  to   space 37888K, 0% used [0x00000000fdb00000,0x00000000fdb00000,0x0000000100000000)
 ParOldGen       total 384000K, used 383625K [0x0000000081c00000, 0x0000000099300000, 0x00000000d5f00000)
  object space 384000K, 99% used [0x0000000081c00000,0x00000000992a2418,0x0000000099300000)
 Metaspace       used 77664K, capacity 85888K, committed 86144K, reserved 1120256K
  class space    used 12062K, capacity 14463K, committed 14464K, reserved 1048576K
Event: 131.411 GC heap after
Heap after GC invocations=152 (full 7):
 PSYoungGen      total 651264K, used 0K [0x00000000d5f00000, 0x0000000100000000, 0x0000000100000000)
  eden space 613376K, 0% used [0x00000000d5f00000,0x00000000d5f00000,0x00000000fb600000)
  from space 37888K, 0% used [0x00000000fb600000,0x00000000fb600000,0x00000000fdb00000)
  to   space 37888K, 0% used [0x00000000fdb00000,0x00000000fdb00000,0x0000000100000000)
 ParOldGen       total 384000K, used 356000K [0x0000000081c00000, 0x0000000099300000, 0x00000000d5f00000)
  object space 384000K, 92% used [0x0000000081c00000,0x00000000977a8298,0x0000000099300000)
 Metaspace       used 77661K, capacity 85884K, committed 86144K, reserved 1120256K
  class space    used 12060K, capacity 14461K, committed 14464K, reserved 1048576K
}
Event: 144.586 GC heap before
{Heap before GC invocations=153 (full 7):
 PSYoungGen      total 651264K, used 613376K [0x00000000d5f00000, 0x0000000100000000, 0x0000000100000000)
  eden space 613376K, 100% used [0x00000000d5f00000,0x00000000fb600000,0x00000000fb600000)
  from space 37888K, 0% used [0x00000000fb600000,0x00000000fb600000,0x00000000fdb00000)
  to   space 37888K, 0% used [0x00000000fdb00000,0x00000000fdb00000,0x0000000100000000)
 ParOldGen       total 384000K, used 356000K [0x0000000081c00000, 0x0000000099300000, 0x00000000d5f00000)
  object space 384000K, 92% used [0x0000000081c00000,0x00000000977a8298,0x0000000099300000)
 Metaspace       used 81148K, capacity 90616K, committed 90752K, reserved 1124352K
  class space    used 12695K, capacity 15419K, committed 15488K, reserved 1048576K

