# JRE version: Java(TM) SE Runtime Environment (8.0_51-b16) (build 1.8.0_51-b16)
# Java VM: Java HotSpot(TM) 64-Bit Server VM (25.51-b03 mixed mode windows-amd64 compressed oops)
Heap:
 PSYoungGen      total 678912K, used 569391K [0x00000000d5f00000, 0x0000000100000000, 0x0000000100000000)
  eden space 668672K, 84% used [0x00000000d5f00000,0x00000000f843e088,0x00000000fec00000)
  from space 10240K, 68% used [0x00000000ff600000,0x00000000ffccf160,0x0000000100000000)
  to   space 10240K, 0% used [0x00000000fec00000,0x00000000fec00000,0x00000000ff600000)
 ParOldGen       total 763392K, used 664833K [0x0000000081c00000, 0x00000000b0580000, 0x00000000d5f00000)
  object space 763392K, 87% used [0x0000000081c00000,0x00000000aa540470,0x00000000b0580000)
 Metaspace       used 101659K, capacity 115756K, committed 115840K, reserved 1146880K
  class space    used 15307K, capacity 18778K, committed 18816K, reserved 1048576K
GC Heap History (10 events):
Event: 1107.498 GC heap before
{Heap before GC invocations=563 (full 11):
 PSYoungGen      total 678400K, used 676367K [0x00000000d5f00000, 0x0000000100000000, 0x0000000100000000)
  eden space 667648K, 100% used [0x00000000d5f00000,0x00000000feb00000,0x00000000feb00000)
  from space 10752K, 81% used [0x00000000feb00000,0x00000000ff383d00,0x00000000ff580000)
  to   space 10752K, 0% used [0x00000000ff580000,0x00000000ff580000,0x0000000100000000)
 ParOldGen       total 763392K, used 662877K [0x0000000081c00000, 0x00000000b0580000, 0x00000000d5f00000)
  object space 763392K, 86% used [0x0000000081c00000,0x00000000aa357710,0x00000000b0580000)
 Metaspace       used 101652K, capacity 115748K, committed 115840K, reserved 1146880K
  class space    used 15307K, capacity 18778K, committed 18816K, reserved 1048576K
Event: 1107.509 GC heap after
Heap after GC invocations=563 (full 11):
 PSYoungGen      total 678400K, used 6785K [0x00000000d5f00000, 0x0000000100000000, 0x0000000100000000)
  eden space 667648K, 0% used [0x00000000d5f00000,0x00000000d5f00000,0x00000000feb00000)
  from space 10752K, 63% used [0x00000000ff580000,0x00000000ffc20478,0x0000000100000000)
  to   space 10752K, 0% used [0x00000000feb00000,0x00000000feb00000,0x00000000ff580000)
 ParOldGen       total 763392K, used 663297K [0x0000000081c00000, 0x00000000b0580000, 0x00000000d5f00000)
  object space 763392K, 86% used [0x0000000081c00000,0x00000000aa3c0750,0x00000000b0580000)
 Metaspace       used 101652K, capacity 115748K, committed 115840K, reserved 1146880K
  class space    used 15307K, capacity 18778K, committed 18816K, reserved 1048576K
}
Event: 1108.855 GC heap before
{Heap before GC invocations=564 (full 11):
 PSYoungGen      total 678400K, used 674433K [0x00000000d5f00000, 0x0000000100000000, 0x0000000100000000)
  eden space 667648K, 100% used [0x00000000d5f00000,0x00000000feb00000,0x00000000feb00000)
  from space 10752K, 63% used [0x00000000ff580000,0x00000000ffc20478,0x0000000100000000)
  to   space 10752K, 0% used [0x00000000feb00000,0x00000000feb00000,0x00000000ff580000)
 ParOldGen       total 763392K, used 663297K [0x0000000081c00000, 0x00000000b0580000, 0x00000000d5f00000)
  object space 763392K, 86% used [0x0000000081c00000,0x00000000aa3c0750,0x00000000b0580000)
 Metaspace       used 101653K, capacity 115748K, committed 115840K, reserved 1146880K
  class space    used 15307K, capacity 18778K, committed 18816K, reserved 1048576K
Event: 1108.867 GC heap after
Heap after GC invocations=564 (full 11):
 PSYoungGen      total 678400K, used 7133K [0x00000000d5f00000, 0x0000000100000000, 0x0000000100000000)
  eden space 667648K, 0% used [0x00000000d5f00000,0x00000000d5f00000,0x00000000feb00000)
  from space 10752K, 66% used [0x00000000feb00000,0x00000000ff1f7740,0x00000000ff580000)
  to   space 10752K, 0% used [0x00000000ff580000,0x00000000ff580000,0x0000000100000000)
 ParOldGen       total 763392K, used 663505K [0x0000000081c00000, 0x00000000b0580000, 0x00000000d5f00000)
  object space 763392K, 86% used [0x0000000081c00000,0x00000000aa3f4770,0x00000000b0580000)
 Metaspace       used 101653K, capacity 115748K, committed 115840K, reserved 1146880K
  class space    used 15307K, capacity 18778K, committed 18816K, reserved 1048576K
}
Event: 1110.194 GC heap before
{Heap before GC invocations=565 (full 11):
 PSYoungGen      total 678400K, used 674781K [0x00000000d5f00000, 0x0000000100000000, 0x0000000100000000)
  eden space 667648K, 100% used [0x00000000d5f00000,0x00000000feb00000,0x00000000feb00000)
  from space 10752K, 66% used [0x00000000feb00000,0x00000000ff1f7740,0x00000000ff580000)
  to   space 10752K, 0% used [0x00000000ff580000,0x00000000ff580000,0x0000000100000000)
 ParOldGen       total 763392K, used 663505K [0x0000000081c00000, 0x00000000b0580000, 0x00000000d5f00000)
  object space 763392K, 86% used [0x0000000081c00000,0x00000000aa3f4770,0x00000000b0580000)
 Metaspace       used 101656K, capacity 115748K, committed 115840K, reserved 1146880K
  class space    used 15307K, capacity 18778K, committed 18816K, reserved 1048576K
Event: 1110.206 GC heap after
Heap after GC invocations=565 (full 11):
 PSYoungGen      total 677376K, used 7386K [0x00000000d5f00000, 0x00000000fff00000, 0x0000000100000000)
  eden space 667648K, 0% used [0x00000000d5f00000,0x00000000d5f00000,0x00000000feb00000)
  from space 9728K, 75% used [0x00000000ff580000,0x00000000ffcb6960,0x00000000fff00000)
  to   space 10240K, 0% used [0x00000000feb00000,0x00000000feb00000,0x00000000ff500000)
 ParOldGen       total 763392K, used 663745K [0x0000000081c00000, 0x00000000b0580000, 0x00000000d5f00000)
  object space 763392K, 86% used [0x0000000081c00000,0x00000000aa430770,0x00000000b0580000)
 Metaspace       used 101656K, capacity 115748K, committed 115840K, reserved 1146880K
  class space    used 15307K, capacity 18778K, committed 18816K, reserved 1048576K
}
Event: 1111.446 GC heap before
{Heap before GC invocations=566 (full 11):
 PSYoungGen      total 677376K, used 675034K [0x00000000d5f00000, 0x00000000fff00000, 0x0000000100000000)
  eden space 667648K, 100% used [0x00000000d5f00000,0x00000000feb00000,0x00000000feb00000)
  from space 9728K, 75% used [0x00000000ff580000,0x00000000ffcb6960,0x00000000fff00000)
  to   space 10240K, 0% used [0x00000000feb00000,0x00000000feb00000,0x00000000ff500000)
 ParOldGen       total 763392K, used 663745K [0x0000000081c00000, 0x00000000b0580000, 0x00000000d5f00000)
  object space 763392K, 86% used [0x0000000081c00000,0x00000000aa430770,0x00000000b0580000)
 Metaspace       used 101657K, capacity 115752K, committed 115840K, reserved 1146880K
  class space    used 15307K, capacity 18778K, committed 18816K, reserved 1048576K
Event: 1111.458 GC heap after
Heap after GC invocations=566 (full 11):
 PSYoungGen      total 677888K, used 7547K [0x00000000d5f00000, 0x0000000100000000, 0x0000000100000000)
  eden space 667648K, 0% used [0x00000000d5f00000,0x00000000d5f00000,0x00000000feb00000)
  from space 10240K, 73% used [0x00000000feb00000,0x00000000ff25ede8,0x00000000ff500000)
  to   space 10240K, 0% used [0x00000000ff600000,0x00000000ff600000,0x0000000100000000)
 ParOldGen       total 763392K, used 663977K [0x0000000081c00000, 0x00000000b0580000, 0x00000000d5f00000)
  object space 763392K, 86% used [0x0000000081c00000,0x00000000aa46a4a0,0x00000000b0580000)
 Metaspace       used 101657K, capacity 115752K, committed 115840K, reserved 1146880K
  class space    used 15307K, capacity 18778K, committed 18816K, reserved 1048576K
}
Event: 1112.752 GC heap before
{Heap before GC invocations=567 (full 11):
 PSYoungGen      total 677888K, used 675195K [0x00000000d5f00000, 0x0000000100000000, 0x0000000100000000)
  eden space 667648K, 100% used [0x00000000d5f00000,0x00000000feb00000,0x00000000feb00000)
  from space 10240K, 73% used [0x00000000feb00000,0x00000000ff25ede8,0x00000000ff500000)
  to   space 10240K, 0% used [0x00000000ff600000,0x00000000ff600000,0x0000000100000000)
 ParOldGen       total 763392K, used 663977K [0x0000000081c00000, 0x00000000b0580000, 0x00000000d5f00000)
  object space 763392K, 86% used [0x0000000081c00000,0x00000000aa46a4a0,0x00000000b0580000)
 Metaspace       used 101657K, capacity 115752K, committed 115840K, reserved 1146880K
  class space    used 15307K, capacity 18778K, committed 18816K, reserved 1048576K
Event: 1112.765 GC heap after
Heap after GC invocations=567 (full 11):
 PSYoungGen      total 678912K, used 6972K [0x00000000d5f00000, 0x0000000100000000, 0x0000000100000000)
  eden space 668672K, 0% used [0x00000000d5f00000,0x00000000d5f00000,0x00000000fec00000)
  from space 10240K, 68% used [0x00000000ff600000,0x00000000ffccf160,0x0000000100000000)
  to   space 10240K, 0% used [0x00000000fec00000,0x00000000fec00000,0x00000000ff600000)
 ParOldGen       total 763392K, used 664833K [0x0000000081c00000, 0x00000000b0580000, 0x00000000d5f00000)
  object space 763392K, 87% used [0x0000000081c00000,0x00000000aa540470,0x00000000b0580000)
 Metaspace       used 101657K, capacity 115752K, committed 115840K, reserved 1146880K
  class space    used 15307K, capacity 18778K, committed 18816K, reserved 1048576K
}

