# JRE version: Java(TM) SE Runtime Environment (8.0_51-b16) (build 1.8.0_51-b16)
# Java VM: Java HotSpot(TM) 64-Bit Server VM (25.51-b03 mixed mode windows-amd64 compressed oops)
Heap:
 PSYoungGen      total 618496K, used 299294K [0x00000000d5f00000, 0x00000000ffe80000, 0x0000000100000000)
  eden space 547840K, 48% used [0x00000000d5f00000,0x00000000e600cb58,0x00000000f7600000)
  from space 70656K, 51% used [0x00000000f7600000,0x00000000f993b020,0x00000000fbb00000)
  to   space 68096K, 0% used [0x00000000fbc00000,0x00000000fbc00000,0x00000000ffe80000)
 ParOldGen       total 299520K, used 271750K [0x0000000081c00000, 0x0000000094080000, 0x00000000d5f00000)
  object space 299520K, 90% used [0x0000000081c00000,0x0000000092561880,0x0000000094080000)
 Metaspace       used 70169K, capacity 77160K, committed 77312K, reserved 1114112K
  class space    used 11044K, capacity 13265K, committed 13312K, reserved 1048576K
GC Heap History (10 events):
Event: 75.573 GC heap before
{Heap before GC invocations=80 (full 5):
 PSYoungGen      total 614912K, used 578393K [0x00000000d5f00000, 0x00000000ffb80000, 0x0000000100000000)
  eden space 547328K, 100% used [0x00000000d5f00000,0x00000000f7580000,0x00000000f7580000)
  from space 67584K, 45% used [0x00000000fb980000,0x00000000fd7d6728,0x00000000ffb80000)
  to   space 68608K, 0% used [0x00000000f7580000,0x00000000f7580000,0x00000000fb880000)
 ParOldGen       total 299520K, used 265222K [0x0000000081c00000, 0x0000000094080000, 0x00000000d5f00000)
  object space 299520K, 88% used [0x0000000081c00000,0x0000000091f01898,0x0000000094080000)
 Metaspace       used 69245K, capacity 76162K, committed 76416K, reserved 1112064K
  class space    used 10899K, capacity 13078K, committed 13184K, reserved 1048576K
Event: 75.651 GC heap after
Heap after GC invocations=80 (full 5):
 PSYoungGen      total 615936K, used 33672K [0x00000000d5f00000, 0x00000000ffd00000, 0x0000000100000000)
  eden space 547328K, 0% used [0x00000000d5f00000,0x00000000d5f00000,0x00000000f7580000)
  from space 68608K, 49% used [0x00000000f7580000,0x00000000f96622f0,0x00000000fb880000)
  to   space 66560K, 0% used [0x00000000fbc00000,0x00000000fbc00000,0x00000000ffd00000)
 ParOldGen       total 299520K, used 266550K [0x0000000081c00000, 0x0000000094080000, 0x00000000d5f00000)
  object space 299520K, 88% used [0x0000000081c00000,0x000000009204d8d8,0x0000000094080000)
 Metaspace       used 69245K, capacity 76162K, committed 76416K, reserved 1112064K
  class space    used 10899K, capacity 13078K, committed 13184K, reserved 1048576K
}
Event: 76.568 GC heap before
{Heap before GC invocations=81 (full 5):
 PSYoungGen      total 615936K, used 581000K [0x00000000d5f00000, 0x00000000ffd00000, 0x0000000100000000)
  eden space 547328K, 100% used [0x00000000d5f00000,0x00000000f7580000,0x00000000f7580000)
  from space 68608K, 49% used [0x00000000f7580000,0x00000000f96622f0,0x00000000fb880000)
  to   space 66560K, 0% used [0x00000000fbc00000,0x00000000fbc00000,0x00000000ffd00000)
 ParOldGen       total 299520K, used 266550K [0x0000000081c00000, 0x0000000094080000, 0x00000000d5f00000)
  object space 299520K, 88% used [0x0000000081c00000,0x000000009204d8d8,0x0000000094080000)
 Metaspace       used 69420K, capacity 76322K, committed 76416K, reserved 1112064K
  class space    used 10936K, capacity 13110K, committed 13184K, reserved 1048576K
Event: 76.677 GC heap after
Heap after GC invocations=81 (full 5):
 PSYoungGen      total 615424K, used 49857K [0x00000000d5f00000, 0x0000000100000000, 0x0000000100000000)
  eden space 548864K, 0% used [0x00000000d5f00000,0x00000000d5f00000,0x00000000f7700000)
  from space 66560K, 74% used [0x00000000fbc00000,0x00000000fecb06f0,0x00000000ffd00000)
  to   space 70144K, 0% used [0x00000000f7700000,0x00000000f7700000,0x00000000fbb80000)
 ParOldGen       total 299520K, used 268033K [0x0000000081c00000, 0x0000000094080000, 0x00000000d5f00000)
  object space 299520K, 89% used [0x0000000081c00000,0x00000000921c0578,0x0000000094080000)
 Metaspace       used 69420K, capacity 76322K, committed 76416K, reserved 1112064K
  class space    used 10936K, capacity 13110K, committed 13184K, reserved 1048576K
}
Event: 76.954 GC heap before
{Heap before GC invocations=82 (full 5):
 PSYoungGen      total 615424K, used 598721K [0x00000000d5f00000, 0x0000000100000000, 0x0000000100000000)
  eden space 548864K, 100% used [0x00000000d5f00000,0x00000000f7700000,0x00000000f7700000)
  from space 66560K, 74% used [0x00000000fbc00000,0x00000000fecb06f0,0x00000000ffd00000)
  to   space 70144K, 0% used [0x00000000f7700000,0x00000000f7700000,0x00000000fbb80000)
 ParOldGen       total 299520K, used 268033K [0x0000000081c00000, 0x0000000094080000, 0x00000000d5f00000)
  object space 299520K, 89% used [0x0000000081c00000,0x00000000921c0578,0x0000000094080000)
 Metaspace       used 69609K, capacity 76548K, committed 76672K, reserved 1112064K
  class space    used 10962K, capacity 13143K, committed 13184K, reserved 1048576K
Event: 77.024 GC heap after
Heap after GC invocations=82 (full 5):
 PSYoungGen      total 619008K, used 27741K [0x00000000d5f00000, 0x00000000ffd80000, 0x0000000100000000)
  eden space 548864K, 0% used [0x00000000d5f00000,0x00000000d5f00000,0x00000000f7700000)
  from space 70144K, 39% used [0x00000000f7700000,0x00000000f9217738,0x00000000fbb80000)
  to   space 67072K, 0% used [0x00000000fbc00000,0x00000000fbc00000,0x00000000ffd80000)
 ParOldGen       total 299520K, used 268994K [0x0000000081c00000, 0x0000000094080000, 0x00000000d5f00000)
  object space 299520K, 89% used [0x0000000081c00000,0x00000000922b0bd0,0x0000000094080000)
 Metaspace       used 69609K, capacity 76548K, committed 76672K, reserved 1112064K
  class space    used 10962K, capacity 13143K, committed 13184K, reserved 1048576K
}
Event: 77.753 GC heap before
{Heap before GC invocations=83 (full 5):
 PSYoungGen      total 619008K, used 576605K [0x00000000d5f00000, 0x00000000ffd80000, 0x0000000100000000)
  eden space 548864K, 100% used [0x00000000d5f00000,0x00000000f7700000,0x00000000f7700000)
  from space 70144K, 39% used [0x00000000f7700000,0x00000000f9217738,0x00000000fbb80000)
  to   space 67072K, 0% used [0x00000000fbc00000,0x00000000fbc00000,0x00000000ffd80000)
 ParOldGen       total 299520K, used 268994K [0x0000000081c00000, 0x0000000094080000, 0x00000000d5f00000)
  object space 299520K, 89% used [0x0000000081c00000,0x00000000922b0bd0,0x0000000094080000)
 Metaspace       used 69908K, capacity 76874K, committed 77056K, reserved 1114112K
  class space    used 11003K, capacity 13186K, committed 13312K, reserved 1048576K
Event: 77.879 GC heap after
Heap after GC invocations=83 (full 5):
 PSYoungGen      total 614912K, used 50373K [0x00000000d5f00000, 0x0000000100000000, 0x0000000100000000)
  eden space 547840K, 0% used [0x00000000d5f00000,0x00000000d5f00000,0x00000000f7600000)
  from space 67072K, 75% used [0x00000000fbc00000,0x00000000fed31520,0x00000000ffd80000)
  to   space 70656K, 0% used [0x00000000f7600000,0x00000000f7600000,0x00000000fbb00000)
 ParOldGen       total 299520K, used 270532K [0x0000000081c00000, 0x0000000094080000, 0x00000000d5f00000)
  object space 299520K, 90% used [0x0000000081c00000,0x0000000092431228,0x0000000094080000)
 Metaspace       used 69908K, capacity 76874K, committed 77056K, reserved 1114112K
  class space    used 11003K, capacity 13186K, committed 13312K, reserved 1048576K
}
Event: 78.697 GC heap before
{Heap before GC invocations=84 (full 5):
 PSYoungGen      total 614912K, used 598213K [0x00000000d5f00000, 0x0000000100000000, 0x0000000100000000)
  eden space 547840K, 100% used [0x00000000d5f00000,0x00000000f7600000,0x00000000f7600000)
  from space 67072K, 75% used [0x00000000fbc00000,0x00000000fed31520,0x00000000ffd80000)
  to   space 70656K, 0% used [0x00000000f7600000,0x00000000f7600000,0x00000000fbb00000)
 ParOldGen       total 299520K, used 270532K [0x0000000081c00000, 0x0000000094080000, 0x00000000d5f00000)
  object space 299520K, 90% used [0x0000000081c00000,0x0000000092431228,0x0000000094080000)
 Metaspace       used 70127K, capacity 77094K, committed 77312K, reserved 1114112K
  class space    used 11036K, capacity 13264K, committed 13312K, reserved 1048576K
Event: 78.779 GC heap after
Heap after GC invocations=84 (full 5):
 PSYoungGen      total 618496K, used 36076K [0x00000000d5f00000, 0x00000000ffe80000, 0x0000000100000000)
  eden space 547840K, 0% used [0x00000000d5f00000,0x00000000d5f00000,0x00000000f7600000)
  from space 70656K, 51% used [0x00000000f7600000,0x00000000f993b020,0x00000000fbb00000)
  to   space 68096K, 0% used [0x00000000fbc00000,0x00000000fbc00000,0x00000000ffe80000)
 ParOldGen       total 299520K, used 271750K [0x0000000081c00000, 0x0000000094080000, 0x00000000d5f00000)
  object space 299520K, 90% used [0x0000000081c00000,0x0000000092561880,0x0000000094080000)
 Metaspace       used 70127K, capacity 77094K, committed 77312K, reserved 1114112K
  class space    used 11036K, capacity 13264K, committed 13312K, reserved 1048576K
}

