# JRE version: OpenJDK Runtime Environment (8.0_302-b08) (build 1.8.0_302-b08)
# Java VM: OpenJDK 64-Bit Server VM (25.302-b08 mixed mode windows-amd64 compressed oops)
Heap:
 PSYoungGen      total 1017856K, used 794783K [0x0000000715900000, 0x0000000764800000, 0x00000007c0000000)
  eden space 983040K, 77% used [0x0000000715900000,0x0000000743f57ea8,0x0000000751900000)
  from space 34816K, 99% used [0x0000000753b80000,0x0000000755d4ffe0,0x0000000755d80000)
  to   space 155136K, 0% used [0x000000075b080000,0x000000075b080000,0x0000000764800000)
 ParOldGen       total 1796096K, used 1228369K [0x00000005c0a00000, 0x000000062e400000, 0x0000000715900000)
  object space 1796096K, 68% used [0x00000005c0a00000,0x000000060b994588,0x000000062e400000)
 Metaspace       used 110858K, capacity 126002K, committed 126200K, reserved 1155072K
  class space    used 16699K, capacity 20649K, committed 20728K, reserved 1048576K
GC Heap History (10 events):
Event: 2100.848 GC heap before
{Heap before GC invocations=84 (full 7):
 PSYoungGen      total 1310208K, used 1230603K [0x0000000715900000, 0x0000000774380000, 0x00000007c0000000)
  eden space 1177088K, 100% used [0x0000000715900000,0x000000075d680000,0x000000075d680000)
  from space 133120K, 40% used [0x000000076c180000,0x000000076f5c2d10,0x0000000774380000)
  to   space 186880K, 0% used [0x000000075d680000,0x000000075d680000,0x0000000768d00000)
 ParOldGen       total 1796096K, used 1208824K [0x00000005c0a00000, 0x000000062e400000, 0x0000000715900000)
  object space 1796096K, 67% used [0x00000005c0a00000,0x000000060a67e3c8,0x000000062e400000)
 Metaspace       used 110679K, capacity 125766K, committed 125944K, reserved 1155072K
  class space    used 16688K, capacity 20639K, committed 20728K, reserved 1048576K
Event: 2100.870 GC heap after
Heap after GC invocations=84 (full 7):
 PSYoungGen      total 1179136K, used 44369K [0x0000000715900000, 0x0000000770c00000, 0x00000007c0000000)
  eden space 1134592K, 0% used [0x0000000715900000,0x0000000715900000,0x000000075ad00000)
  from space 44544K, 99% used [0x000000075d680000,0x00000007601d45f8,0x0000000760200000)
  to   space 179712K, 0% used [0x0000000765c80000,0x0000000765c80000,0x0000000770c00000)
 ParOldGen       total 1796096K, used 1218389K [0x00000005c0a00000, 0x000000062e400000, 0x0000000715900000)
  object space 1796096K, 67% used [0x00000005c0a00000,0x000000060afd54e8,0x000000062e400000)
 Metaspace       used 110679K, capacity 125766K, committed 125944K, reserved 1155072K
  class space    used 16688K, capacity 20639K, committed 20728K, reserved 1048576K
}
Event: 2120.461 GC heap before
{Heap before GC invocations=85 (full 7):
 PSYoungGen      total 1179136K, used 1178961K [0x0000000715900000, 0x0000000770c00000, 0x00000007c0000000)
  eden space 1134592K, 100% used [0x0000000715900000,0x000000075ad00000,0x000000075ad00000)
  from space 44544K, 99% used [0x000000075d680000,0x00000007601d45f8,0x0000000760200000)
  to   space 179712K, 0% used [0x0000000765c80000,0x0000000765c80000,0x0000000770c00000)
 ParOldGen       total 1796096K, used 1218389K [0x00000005c0a00000, 0x000000062e400000, 0x0000000715900000)
  object space 1796096K, 67% used [0x00000005c0a00000,0x000000060afd54e8,0x000000062e400000)
 Metaspace       used 110787K, capacity 125868K, committed 126200K, reserved 1155072K
  class space    used 16695K, capacity 20644K, committed 20728K, reserved 1048576K
Event: 2120.490 GC heap after
Heap after GC invocations=85 (full 7):
 PSYoungGen      total 1221120K, used 38372K [0x0000000715900000, 0x000000076d880000, 0x00000007c0000000)
  eden space 1094144K, 0% used [0x0000000715900000,0x0000000715900000,0x0000000758580000)
  from space 126976K, 30% used [0x0000000765c80000,0x00000007681f9340,0x000000076d880000)
  to   space 173568K, 0% used [0x0000000758580000,0x0000000758580000,0x0000000762f00000)
 ParOldGen       total 1796096K, used 1227182K [0x00000005c0a00000, 0x000000062e400000, 0x0000000715900000)
  object space 1796096K, 68% used [0x00000005c0a00000,0x000000060b86b800,0x000000062e400000)
 Metaspace       used 110787K, capacity 125868K, committed 126200K, reserved 1155072K
  class space    used 16695K, capacity 20644K, committed 20728K, reserved 1048576K
}
Event: 2142.713 GC heap before
{Heap before GC invocations=86 (full 7):
 PSYoungGen      total 1221120K, used 1132516K [0x0000000715900000, 0x000000076d880000, 0x00000007c0000000)
  eden space 1094144K, 100% used [0x0000000715900000,0x0000000758580000,0x0000000758580000)
  from space 126976K, 30% used [0x0000000765c80000,0x00000007681f9340,0x000000076d880000)
  to   space 173568K, 0% used [0x0000000758580000,0x0000000758580000,0x0000000762f00000)
 ParOldGen       total 1796096K, used 1227182K [0x00000005c0a00000, 0x000000062e400000, 0x0000000715900000)
  object space 1796096K, 68% used [0x00000005c0a00000,0x000000060b86b800,0x000000062e400000)
 Metaspace       used 110807K, capacity 125878K, committed 126200K, reserved 1155072K
  class space    used 16696K, capacity 20645K, committed 20728K, reserved 1048576K
Event: 2142.743 GC heap after
Heap after GC invocations=86 (full 7):
 PSYoungGen      total 1090048K, used 34802K [0x0000000715900000, 0x000000076a680000, 0x00000007c0000000)
  eden space 1055232K, 0% used [0x0000000715900000,0x0000000715900000,0x0000000755f80000)
  from space 34816K, 99% used [0x0000000758580000,0x000000075a77c9b0,0x000000075a780000)
  to   space 167424K, 0% used [0x0000000760300000,0x0000000760300000,0x000000076a680000)
 ParOldGen       total 1796096K, used 1227366K [0x00000005c0a00000, 0x000000062e400000, 0x0000000715900000)
  object space 1796096K, 68% used [0x00000005c0a00000,0x000000060b899800,0x000000062e400000)
 Metaspace       used 110807K, capacity 125878K, committed 126200K, reserved 1155072K
  class space    used 16696K, capacity 20645K, committed 20728K, reserved 1048576K
}
Event: 2167.613 GC heap before
{Heap before GC invocations=87 (full 7):
 PSYoungGen      total 1090048K, used 1090034K [0x0000000715900000, 0x000000076a680000, 0x00000007c0000000)
  eden space 1055232K, 100% used [0x0000000715900000,0x0000000755f80000,0x0000000755f80000)
  from space 34816K, 99% used [0x0000000758580000,0x000000075a77c9b0,0x000000075a780000)
  to   space 167424K, 0% used [0x0000000760300000,0x0000000760300000,0x000000076a680000)
 ParOldGen       total 1796096K, used 1227366K [0x00000005c0a00000, 0x000000062e400000, 0x0000000715900000)
  object space 1796096K, 68% used [0x00000005c0a00000,0x000000060b899800,0x000000062e400000)
 Metaspace       used 110827K, capacity 125904K, committed 126200K, reserved 1155072K
  class space    used 16698K, capacity 20648K, committed 20728K, reserved 1048576K
Event: 2167.628 GC heap after
Heap after GC invocations=87 (full 7):
 PSYoungGen      total 1136640K, used 35239K [0x0000000715900000, 0x0000000767680000, 0x00000007c0000000)
  eden space 1018368K, 0% used [0x0000000715900000,0x0000000715900000,0x0000000753b80000)
  from space 118272K, 29% used [0x0000000760300000,0x0000000762569ed8,0x0000000767680000)
  to   space 161280K, 0% used [0x0000000753b80000,0x0000000753b80000,0x000000075d900000)
 ParOldGen       total 1796096K, used 1227406K [0x00000005c0a00000, 0x000000062e400000, 0x0000000715900000)
  object space 1796096K, 68% used [0x00000005c0a00000,0x000000060b8a3800,0x000000062e400000)
 Metaspace       used 110827K, capacity 125904K, committed 126200K, reserved 1155072K
  class space    used 16698K, capacity 20648K, committed 20728K, reserved 1048576K
}
Event: 2189.559 GC heap before
{Heap before GC invocations=88 (full 7):
 PSYoungGen      total 1136640K, used 1053607K [0x0000000715900000, 0x0000000767680000, 0x00000007c0000000)
  eden space 1018368K, 100% used [0x0000000715900000,0x0000000753b80000,0x0000000753b80000)
  from space 118272K, 29% used [0x0000000760300000,0x0000000762569ed8,0x0000000767680000)
  to   space 161280K, 0% used [0x0000000753b80000,0x0000000753b80000,0x000000075d900000)
 ParOldGen       total 1796096K, used 1227406K [0x00000005c0a00000, 0x000000062e400000, 0x0000000715900000)
  object space 1796096K, 68% used [0x00000005c0a00000,0x000000060b8a3800,0x000000062e400000)
 Metaspace       used 110848K, capacity 125926K, committed 126200K, reserved 1155072K
  class space    used 16699K, capacity 20649K, committed 20728K, reserved 1048576K
Event: 2189.580 GC heap after
Heap after GC invocations=88 (full 7):
 PSYoungGen      total 1017856K, used 34623K [0x0000000715900000, 0x0000000764800000, 0x00000007c0000000)
  eden space 983040K, 0% used [0x0000000715900000,0x0000000715900000,0x0000000751900000)
  from space 34816K, 99% used [0x0000000753b80000,0x0000000755d4ffe0,0x0000000755d80000)
  to   space 155136K, 0% used [0x000000075b080000,0x000000075b080000,0x0000000764800000)
 ParOldGen       total 1796096K, used 1228369K [0x00000005c0a00000, 0x000000062e400000, 0x0000000715900000)
  object space 1796096K, 68% used [0x00000005c0a00000,0x000000060b994588,0x000000062e400000)
 Metaspace       used 110848K, capacity 125926K, committed 126200K, reserved 1155072K
  class space    used 16699K, capacity 20649K, committed 20728K, reserved 1048576K
}

