# JRE version: Java(TM) SE Runtime Environment (8.0_51-b16) (build 1.8.0_51-b16)
# Java VM: Java HotSpot(TM) 64-Bit Server VM (25.51-b03 mixed mode windows-amd64 compressed oops)
Heap:
 PSYoungGen      total 537088K, used 180509K [0x00000000d5f00000, 0x0000000100000000, 0x0000000100000000)
  eden space 385024K, 37% used [0x00000000d5f00000,0x00000000decd4aa8,0x00000000ed700000)
  from space 152064K, 23% used [0x00000000ed700000,0x00000000ef972d30,0x00000000f6b80000)
  to   space 152064K, 0% used [0x00000000f6b80000,0x00000000f6b80000,0x0000000100000000)
 ParOldGen       total 394240K, used 255530K [0x0000000081c00000, 0x0000000099d00000, 0x00000000d5f00000)
  object space 394240K, 64% used [0x0000000081c00000,0x000000009158a9d8,0x0000000099d00000)
 Metaspace       used 46455K, capacity 50458K, committed 50560K, reserved 1093632K
  class space    used 6267K, capacity 7264K, committed 7296K, reserved 1048576K
GC Heap History (10 events):
Event: 35.175 GC heap before
{Heap before GC invocations=19 (full 2):
 PSYoungGen      total 435200K, used 429162K [0x00000000d5f00000, 0x00000000f8c00000, 0x0000000100000000)
  eden space 342016K, 100% used [0x00000000d5f00000,0x00000000ead00000,0x00000000ead00000)
  from space 93184K, 93% used [0x00000000f1500000,0x00000000f6a1ab80,0x00000000f7000000)
  to   space 106496K, 0% used [0x00000000ead00000,0x00000000ead00000,0x00000000f1500000)
 ParOldGen       total 143360K, used 91810K [0x0000000081c00000, 0x000000008a800000, 0x00000000d5f00000)
  object space 143360K, 64% used [0x0000000081c00000,0x00000000875a8a28,0x000000008a800000)
 Metaspace       used 40864K, capacity 43295K, committed 43520K, reserved 1087488K
  class space    used 5323K, capacity 6052K, committed 6144K, reserved 1048576K
Event: 35.517 GC heap after
Heap after GC invocations=19 (full 2):
 PSYoungGen      total 448512K, used 106484K [0x00000000d5f00000, 0x0000000100000000, 0x0000000100000000)
  eden space 342016K, 0% used [0x00000000d5f00000,0x00000000d5f00000,0x00000000ead00000)
  from space 106496K, 99% used [0x00000000ead00000,0x00000000f14fd118,0x00000000f1500000)
  to   space 144384K, 0% used [0x00000000f7300000,0x00000000f7300000,0x0000000100000000)
 ParOldGen       total 148480K, used 148177K [0x0000000081c00000, 0x000000008ad00000, 0x00000000d5f00000)
  object space 148480K, 99% used [0x0000000081c00000,0x000000008acb4750,0x000000008ad00000)
 Metaspace       used 40864K, capacity 43295K, committed 43520K, reserved 1087488K
  class space    used 5323K, capacity 6052K, committed 6144K, reserved 1048576K
}
Event: 35.517 GC heap before
{Heap before GC invocations=20 (full 3):
 PSYoungGen      total 448512K, used 106484K [0x00000000d5f00000, 0x0000000100000000, 0x0000000100000000)
  eden space 342016K, 0% used [0x00000000d5f00000,0x00000000d5f00000,0x00000000ead00000)
  from space 106496K, 99% used [0x00000000ead00000,0x00000000f14fd118,0x00000000f1500000)
  to   space 144384K, 0% used [0x00000000f7300000,0x00000000f7300000,0x0000000100000000)
 ParOldGen       total 148480K, used 148177K [0x0000000081c00000, 0x000000008ad00000, 0x00000000d5f00000)
  object space 148480K, 99% used [0x0000000081c00000,0x000000008acb4750,0x000000008ad00000)
 Metaspace       used 40864K, capacity 43295K, committed 43520K, reserved 1087488K
  class space    used 5323K, capacity 6052K, committed 6144K, reserved 1048576K
Event: 36.142 GC heap after
Heap after GC invocations=20 (full 3):
 PSYoungGen      total 448512K, used 53643K [0x00000000d5f00000, 0x0000000100000000, 0x0000000100000000)
  eden space 342016K, 0% used [0x00000000d5f00000,0x00000000d5f00000,0x00000000ead00000)
  from space 106496K, 50% used [0x00000000ead00000,0x00000000ee162f70,0x00000000f1500000)
  to   space 144384K, 0% used [0x00000000f7300000,0x00000000f7300000,0x0000000100000000)
 ParOldGen       total 245248K, used 148375K [0x0000000081c00000, 0x0000000090b80000, 0x00000000d5f00000)
  object space 245248K, 60% used [0x0000000081c00000,0x000000008ace5d88,0x0000000090b80000)
 Metaspace       used 40864K, capacity 43295K, committed 43520K, reserved 1087488K
  class space    used 5323K, capacity 6052K, committed 6144K, reserved 1048576K
}
Event: 37.545 GC heap before
{Heap before GC invocations=21 (full 3):
 PSYoungGen      total 448512K, used 395659K [0x00000000d5f00000, 0x0000000100000000, 0x0000000100000000)
  eden space 342016K, 100% used [0x00000000d5f00000,0x00000000ead00000,0x00000000ead00000)
  from space 106496K, 50% used [0x00000000ead00000,0x00000000ee162f70,0x00000000f1500000)
  to   space 144384K, 0% used [0x00000000f7300000,0x00000000f7300000,0x0000000100000000)
 ParOldGen       total 245248K, used 148529K [0x0000000081c00000, 0x0000000090b80000, 0x00000000d5f00000)
  object space 245248K, 60% used [0x0000000081c00000,0x000000008ad0c5b0,0x0000000090b80000)
 Metaspace       used 41760K, capacity 44227K, committed 44416K, reserved 1087488K
  class space    used 5500K, capacity 6264K, committed 6272K, reserved 1048576K
Event: 37.812 GC heap after
Heap after GC invocations=21 (full 3):
 PSYoungGen      total 529408K, used 98947K [0x00000000d5f00000, 0x0000000100000000, 0x0000000100000000)
  eden space 385024K, 0% used [0x00000000d5f00000,0x00000000d5f00000,0x00000000ed700000)
  from space 144384K, 68% used [0x00000000f7300000,0x00000000fd3a0eb8,0x0000000100000000)
  to   space 152064K, 0% used [0x00000000ed700000,0x00000000ed700000,0x00000000f6b80000)
 ParOldGen       total 245248K, used 164538K [0x0000000081c00000, 0x0000000090b80000, 0x00000000d5f00000)
  object space 245248K, 67% used [0x0000000081c00000,0x000000008bcaeb20,0x0000000090b80000)
 Metaspace       used 41760K, capacity 44227K, committed 44416K, reserved 1087488K
  class space    used 5500K, capacity 6264K, committed 6272K, reserved 1048576K
}
Event: 40.365 GC heap before
{Heap before GC invocations=22 (full 3):
 PSYoungGen      total 529408K, used 483971K [0x00000000d5f00000, 0x0000000100000000, 0x0000000100000000)
  eden space 385024K, 100% used [0x00000000d5f00000,0x00000000ed700000,0x00000000ed700000)
  from space 144384K, 68% used [0x00000000f7300000,0x00000000fd3a0eb8,0x0000000100000000)
  to   space 152064K, 0% used [0x00000000ed700000,0x00000000ed700000,0x00000000f6b80000)
 ParOldGen       total 245248K, used 164541K [0x0000000081c00000, 0x0000000090b80000, 0x00000000d5f00000)
  object space 245248K, 67% used [0x0000000081c00000,0x000000008bcaf4e0,0x0000000090b80000)
 Metaspace       used 44947K, capacity 48290K, committed 48384K, reserved 1091584K
  class space    used 5967K, capacity 6878K, committed 6912K, reserved 1048576K
Event: 40.739 GC heap after
Heap after GC invocations=22 (full 3):
 PSYoungGen      total 537088K, used 152052K [0x00000000d5f00000, 0x0000000100000000, 0x0000000100000000)
  eden space 385024K, 0% used [0x00000000d5f00000,0x00000000d5f00000,0x00000000ed700000)
  from space 152064K, 99% used [0x00000000ed700000,0x00000000f6b7d058,0x00000000f6b80000)
  to   space 152064K, 0% used [0x00000000f6b80000,0x00000000f6b80000,0x0000000100000000)
 ParOldGen       total 256000K, used 255894K [0x0000000081c00000, 0x0000000091600000, 0x00000000d5f00000)
  object space 256000K, 99% used [0x0000000081c00000,0x00000000915e58e0,0x0000000091600000)
 Metaspace       used 44947K, capacity 48290K, committed 48384K, reserved 1091584K
  class space    used 5967K, capacity 6878K, committed 6912K, reserved 1048576K
}
Event: 40.739 GC heap before
{Heap before GC invocations=23 (full 4):
 PSYoungGen      total 537088K, used 152052K [0x00000000d5f00000, 0x0000000100000000, 0x0000000100000000)
  eden space 385024K, 0% used [0x00000000d5f00000,0x00000000d5f00000,0x00000000ed700000)
  from space 152064K, 99% used [0x00000000ed700000,0x00000000f6b7d058,0x00000000f6b80000)
  to   space 152064K, 0% used [0x00000000f6b80000,0x00000000f6b80000,0x0000000100000000)
 ParOldGen       total 256000K, used 255894K [0x0000000081c00000, 0x0000000091600000, 0x00000000d5f00000)
  object space 256000K, 99% used [0x0000000081c00000,0x00000000915e58e0,0x0000000091600000)
 Metaspace       used 44947K, capacity 48290K, committed 48384K, reserved 1091584K
  class space    used 5967K, capacity 6878K, committed 6912K, reserved 1048576K
Event: 41.829 GC heap after
Heap after GC invocations=23 (full 4):
 PSYoungGen      total 537088K, used 35275K [0x00000000d5f00000, 0x0000000100000000, 0x0000000100000000)
  eden space 385024K, 0% used [0x00000000d5f00000,0x00000000d5f00000,0x00000000ed700000)
  from space 152064K, 23% used [0x00000000ed700000,0x00000000ef972d30,0x00000000f6b80000)
  to   space 152064K, 0% used [0x00000000f6b80000,0x00000000f6b80000,0x0000000100000000)
 ParOldGen       total 394240K, used 255530K [0x0000000081c00000, 0x0000000099d00000, 0x00000000d5f00000)
  object space 394240K, 64% used [0x0000000081c00000,0x000000009158a9d8,0x0000000099d00000)
 Metaspace       used 44947K, capacity 48290K, committed 48384K, reserved 1091584K
  class space    used 5967K, capacity 6878K, committed 6912K, reserved 1048576K
}

