# JRE version: Java(TM) SE Runtime Environment (8.0_51-b16) (build 1.8.0_51-b16)
# Java VM: Java HotSpot(TM) 64-Bit Server VM (25.51-b03 mixed mode windows-amd64 compressed oops)
Heap:
 PSYoungGen      total 654336K, used 251406K [0x00000000d5f00000, 0x0000000100000000, 0x0000000100000000)
  eden space 619520K, 40% used [0x00000000d5f00000,0x00000000e5483af0,0x00000000fbc00000)
  from space 34816K, 0% used [0x00000000fbc00000,0x00000000fbc00000,0x00000000fde00000)
  to   space 34816K, 0% used [0x00000000fde00000,0x00000000fde00000,0x0000000100000000)
 ParOldGen       total 356352K, used 341226K [0x0000000081c00000, 0x0000000097800000, 0x00000000d5f00000)
  object space 356352K, 95% used [0x0000000081c00000,0x000000009693a920,0x0000000097800000)
 Metaspace       used 78449K, capacity 86840K, committed 87040K, reserved 1122304K
  class space    used 12281K, capacity 14765K, committed 14848K, reserved 1048576K
GC Heap History (10 events):
Event: 124.769 GC heap before
{Heap before GC invocations=148 (full 6):
 PSYoungGen      total 628224K, used 628176K [0x00000000d5f00000, 0x0000000100000000, 0x0000000100000000)
  eden space 622592K, 100% used [0x00000000d5f00000,0x00000000fbf00000,0x00000000fbf00000)
  from space 5632K, 99% used [0x00000000fbf00000,0x00000000fc474070,0x00000000fc480000)
  to   space 34304K, 0% used [0x00000000fde80000,0x00000000fde80000,0x0000000100000000)
 ParOldGen       total 331264K, used 300465K [0x0000000081c00000, 0x0000000095f80000, 0x00000000d5f00000)
  object space 331264K, 90% used [0x0000000081c00000,0x000000009416c530,0x0000000095f80000)
 Metaspace       used 76907K, capacity 85016K, committed 85248K, reserved 1120256K
  class space    used 12080K, capacity 14525K, committed 14592K, reserved 1048576K
Event: 124.781 GC heap after
Heap after GC invocations=148 (full 6):
 PSYoungGen      total 653824K, used 5408K [0x00000000d5f00000, 0x0000000100000000, 0x0000000100000000)
  eden space 619520K, 0% used [0x00000000d5f00000,0x00000000d5f00000,0x00000000fbc00000)
  from space 34304K, 15% used [0x00000000fde80000,0x00000000fe3c8050,0x0000000100000000)
  to   space 34816K, 0% used [0x00000000fbc00000,0x00000000fbc00000,0x00000000fde00000)
 ParOldGen       total 331264K, used 301009K [0x0000000081c00000, 0x0000000095f80000, 0x00000000d5f00000)
  object space 331264K, 90% used [0x0000000081c00000,0x00000000941f4540,0x0000000095f80000)
 Metaspace       used 76907K, capacity 85016K, committed 85248K, reserved 1120256K
  class space    used 12080K, capacity 14525K, committed 14592K, reserved 1048576K
}
Event: 125.843 GC heap before
{Heap before GC invocations=149 (full 6):
 PSYoungGen      total 653824K, used 624928K [0x00000000d5f00000, 0x0000000100000000, 0x0000000100000000)
  eden space 619520K, 100% used [0x00000000d5f00000,0x00000000fbc00000,0x00000000fbc00000)
  from space 34304K, 15% used [0x00000000fde80000,0x00000000fe3c8050,0x0000000100000000)
  to   space 34816K, 0% used [0x00000000fbc00000,0x00000000fbc00000,0x00000000fde00000)
 ParOldGen       total 331264K, used 301009K [0x0000000081c00000, 0x0000000095f80000, 0x00000000d5f00000)
  object space 331264K, 90% used [0x0000000081c00000,0x00000000941f4540,0x0000000095f80000)
 Metaspace       used 76907K, capacity 85016K, committed 85248K, reserved 1120256K
  class space    used 12080K, capacity 14525K, committed 14592K, reserved 1048576K
Event: 125.854 GC heap after
Heap after GC invocations=149 (full 6):
 PSYoungGen      total 654336K, used 5584K [0x00000000d5f00000, 0x0000000100000000, 0x0000000100000000)
  eden space 619520K, 0% used [0x00000000d5f00000,0x00000000d5f00000,0x00000000fbc00000)
  from space 34816K, 16% used [0x00000000fbc00000,0x00000000fc174060,0x00000000fde00000)
  to   space 34816K, 0% used [0x00000000fde00000,0x00000000fde00000,0x0000000100000000)
 ParOldGen       total 331264K, used 301289K [0x0000000081c00000, 0x0000000095f80000, 0x00000000d5f00000)
  object space 331264K, 90% used [0x0000000081c00000,0x000000009423a540,0x0000000095f80000)
 Metaspace       used 76907K, capacity 85016K, committed 85248K, reserved 1120256K
  class space    used 12080K, capacity 14525K, committed 14592K, reserved 1048576K
}
Event: 128.950 GC heap before
{Heap before GC invocations=150 (full 6):
 PSYoungGen      total 654336K, used 625104K [0x00000000d5f00000, 0x0000000100000000, 0x0000000100000000)
  eden space 619520K, 100% used [0x00000000d5f00000,0x00000000fbc00000,0x00000000fbc00000)
  from space 34816K, 16% used [0x00000000fbc00000,0x00000000fc174060,0x00000000fde00000)
  to   space 34816K, 0% used [0x00000000fde00000,0x00000000fde00000,0x0000000100000000)
 ParOldGen       total 331264K, used 301289K [0x0000000081c00000, 0x0000000095f80000, 0x00000000d5f00000)
  object space 331264K, 90% used [0x0000000081c00000,0x000000009423a540,0x0000000095f80000)
 Metaspace       used 76971K, capacity 85092K, committed 85248K, reserved 1120256K
  class space    used 12080K, capacity 14525K, committed 14592K, reserved 1048576K
Event: 128.962 GC heap after
Heap after GC invocations=150 (full 6):
 PSYoungGen      total 654336K, used 6800K [0x00000000d5f00000, 0x0000000100000000, 0x0000000100000000)
  eden space 619520K, 0% used [0x00000000d5f00000,0x00000000d5f00000,0x00000000fbc00000)
  from space 34816K, 19% used [0x00000000fde00000,0x00000000fe4a4060,0x0000000100000000)
  to   space 34816K, 0% used [0x00000000fbc00000,0x00000000fbc00000,0x00000000fde00000)
 ParOldGen       total 331264K, used 301561K [0x0000000081c00000, 0x0000000095f80000, 0x00000000d5f00000)
  object space 331264K, 91% used [0x0000000081c00000,0x000000009427e540,0x0000000095f80000)
 Metaspace       used 76971K, capacity 85092K, committed 85248K, reserved 1120256K
  class space    used 12080K, capacity 14525K, committed 14592K, reserved 1048576K
}
Event: 136.465 GC heap before
{Heap before GC invocations=151 (full 6):
 PSYoungGen      total 654336K, used 626259K [0x00000000d5f00000, 0x0000000100000000, 0x0000000100000000)
  eden space 619520K, 99% used [0x00000000d5f00000,0x00000000fbbf0d68,0x00000000fbc00000)
  from space 34816K, 19% used [0x00000000fde00000,0x00000000fe4a4060,0x0000000100000000)
  to   space 34816K, 0% used [0x00000000fbc00000,0x00000000fbc00000,0x00000000fde00000)
 ParOldGen       total 331264K, used 301561K [0x0000000081c00000, 0x0000000095f80000, 0x00000000d5f00000)
  object space 331264K, 91% used [0x0000000081c00000,0x000000009427e540,0x0000000095f80000)
 Metaspace       used 78260K, capacity 86640K, committed 86784K, reserved 1122304K
  class space    used 12256K, capacity 14755K, committed 14848K, reserved 1048576K
Event: 136.660 GC heap after
Heap after GC invocations=151 (full 6):
 PSYoungGen      total 654336K, used 34800K [0x00000000d5f00000, 0x0000000100000000, 0x0000000100000000)
  eden space 619520K, 0% used [0x00000000d5f00000,0x00000000d5f00000,0x00000000fbc00000)
  from space 34816K, 99% used [0x00000000fbc00000,0x00000000fddfc0c0,0x00000000fde00000)
  to   space 34816K, 0% used [0x00000000fde00000,0x00000000fde00000,0x0000000100000000)
 ParOldGen       total 356352K, used 356047K [0x0000000081c00000, 0x0000000097800000, 0x00000000d5f00000)
  object space 356352K, 99% used [0x0000000081c00000,0x00000000977b3c98,0x0000000097800000)
 Metaspace       used 78260K, capacity 86640K, committed 86784K, reserved 1122304K
  class space    used 12256K, capacity 14755K, committed 14848K, reserved 1048576K
}
Event: 136.660 GC heap before
{Heap before GC invocations=152 (full 7):
 PSYoungGen      total 654336K, used 34800K [0x00000000d5f00000, 0x0000000100000000, 0x0000000100000000)
  eden space 619520K, 0% used [0x00000000d5f00000,0x00000000d5f00000,0x00000000fbc00000)
  from space 34816K, 99% used [0x00000000fbc00000,0x00000000fddfc0c0,0x00000000fde00000)
  to   space 34816K, 0% used [0x00000000fde00000,0x00000000fde00000,0x0000000100000000)
 ParOldGen       total 356352K, used 356047K [0x0000000081c00000, 0x0000000097800000, 0x00000000d5f00000)
  object space 356352K, 99% used [0x0000000081c00000,0x00000000977b3c98,0x0000000097800000)
 Metaspace       used 78260K, capacity 86640K, committed 86784K, reserved 1122304K
  class space    used 12256K, capacity 14755K, committed 14848K, reserved 1048576K
Event: 138.466 GC heap after
Heap after GC invocations=152 (full 7):
 PSYoungGen      total 654336K, used 0K [0x00000000d5f00000, 0x0000000100000000, 0x0000000100000000)
  eden space 619520K, 0% used [0x00000000d5f00000,0x00000000d5f00000,0x00000000fbc00000)
  from space 34816K, 0% used [0x00000000fbc00000,0x00000000fbc00000,0x00000000fde00000)
  to   space 34816K, 0% used [0x00000000fde00000,0x00000000fde00000,0x0000000100000000)
 ParOldGen       total 356352K, used 341226K [0x0000000081c00000, 0x0000000097800000, 0x00000000d5f00000)
  object space 356352K, 95% used [0x0000000081c00000,0x000000009693a920,0x0000000097800000)
 Metaspace       used 78255K, capacity 86630K, committed 86784K, reserved 1122304K
  class space    used 12254K, capacity 14752K, committed 14848K, reserved 1048576K
}

