# JRE version: Java(TM) SE Runtime Environment (8.0_51-b16) (build 1.8.0_51-b16)
# Java VM: Java HotSpot(TM) 64-Bit Server VM (25.51-b03 mixed mode windows-amd64 compressed oops)
Heap:
 PSYoungGen      total 655360K, used 655339K [0x00000000d5f00000, 0x0000000100000000, 0x0000000100000000)
  eden space 623104K, 100% used [0x00000000d5f00000,0x00000000fbf80000,0x00000000fbf80000)
  from space 32256K, 99% used [0x00000000fbf80000,0x00000000fdefada8,0x00000000fdf00000)
  to   space 33792K, 99% used [0x00000000fdf00000,0x00000000ffffc0f8,0x0000000100000000)
 ParOldGen       total 398848K, used 398847K [0x0000000081c00000, 0x000000009a180000, 0x00000000d5f00000)
  object space 398848K, 99% used [0x0000000081c00000,0x000000009a17ff08,0x000000009a180000)
 Metaspace       used 79384K, capacity 88328K, committed 88448K, reserved 1122304K
  class space    used 12399K, capacity 14963K, committed 14976K, reserved 1048576K
GC Heap History (10 events):
Event: 97.847 GC heap after
Heap after GC invocations=151 (full 6):
 PSYoungGen      total 625664K, used 1665K [0x00000000d5f00000, 0x0000000100000000, 0x0000000100000000)
  eden space 623616K, 0% used [0x00000000d5f00000,0x00000000d5f00000,0x00000000fc000000)
  from space 2048K, 81% used [0x00000000fc000000,0x00000000fc1a0648,0x00000000fc200000)
  to   space 33280K, 0% used [0x00000000fdf80000,0x00000000fdf80000,0x0000000100000000)
 ParOldGen       total 385536K, used 267487K [0x0000000081c00000, 0x0000000099480000, 0x00000000d5f00000)
  object space 385536K, 69% used [0x0000000081c00000,0x0000000092137d38,0x0000000099480000)
 Metaspace       used 76677K, capacity 84776K, committed 84864K, reserved 1120256K
  class space    used 11995K, capacity 14419K, committed 14464K, reserved 1048576K
}
Event: 98.859 GC heap before
{Heap before GC invocations=152 (full 6):
 PSYoungGen      total 625664K, used 625281K [0x00000000d5f00000, 0x0000000100000000, 0x0000000100000000)
  eden space 623616K, 100% used [0x00000000d5f00000,0x00000000fc000000,0x00000000fc000000)
  from space 2048K, 81% used [0x00000000fc000000,0x00000000fc1a0648,0x00000000fc200000)
  to   space 33280K, 0% used [0x00000000fdf80000,0x00000000fdf80000,0x0000000100000000)
 ParOldGen       total 385536K, used 267487K [0x0000000081c00000, 0x0000000099480000, 0x00000000d5f00000)
  object space 385536K, 69% used [0x0000000081c00000,0x0000000092137d38,0x0000000099480000)
 Metaspace       used 76677K, capacity 84776K, committed 84864K, reserved 1120256K
  class space    used 11995K, capacity 14419K, committed 14464K, reserved 1048576K
Event: 98.863 GC heap after
Heap after GC invocations=152 (full 6):
 PSYoungGen      total 655872K, used 1248K [0x00000000d5f00000, 0x0000000100000000, 0x0000000100000000)
  eden space 622592K, 0% used [0x00000000d5f00000,0x00000000d5f00000,0x00000000fbf00000)
  from space 33280K, 3% used [0x00000000fdf80000,0x00000000fe0b8000,0x0000000100000000)
  to   space 33280K, 0% used [0x00000000fbf00000,0x00000000fbf00000,0x00000000fdf80000)
 ParOldGen       total 385536K, used 267487K [0x0000000081c00000, 0x0000000099480000, 0x00000000d5f00000)
  object space 385536K, 69% used [0x0000000081c00000,0x0000000092137d38,0x0000000099480000)
 Metaspace       used 76677K, capacity 84776K, committed 84864K, reserved 1120256K
  class space    used 11995K, capacity 14419K, committed 14464K, reserved 1048576K
}
Event: 99.860 GC heap before
{Heap before GC invocations=153 (full 6):
 PSYoungGen      total 655872K, used 623840K [0x00000000d5f00000, 0x0000000100000000, 0x0000000100000000)
  eden space 622592K, 100% used [0x00000000d5f00000,0x00000000fbf00000,0x00000000fbf00000)
  from space 33280K, 3% used [0x00000000fdf80000,0x00000000fe0b8000,0x0000000100000000)
  to   space 33280K, 0% used [0x00000000fbf00000,0x00000000fbf00000,0x00000000fdf80000)
 ParOldGen       total 385536K, used 267487K [0x0000000081c00000, 0x0000000099480000, 0x00000000d5f00000)
  object space 385536K, 69% used [0x0000000081c00000,0x0000000092137d38,0x0000000099480000)
 Metaspace       used 76677K, capacity 84776K, committed 84864K, reserved 1120256K
  class space    used 11995K, capacity 14419K, committed 14464K, reserved 1048576K
Event: 99.866 GC heap after
Heap after GC invocations=153 (full 6):
 PSYoungGen      total 624640K, used 1856K [0x00000000d5f00000, 0x00000000fff00000, 0x0000000100000000)
  eden space 622592K, 0% used [0x00000000d5f00000,0x00000000d5f00000,0x00000000fbf00000)
  from space 2048K, 90% used [0x00000000fbf00000,0x00000000fc0d0000,0x00000000fc100000)
  to   space 32768K, 0% used [0x00000000fdf00000,0x00000000fdf00000,0x00000000fff00000)
 ParOldGen       total 385536K, used 267487K [0x0000000081c00000, 0x0000000099480000, 0x00000000d5f00000)
  object space 385536K, 69% used [0x0000000081c00000,0x0000000092137d38,0x0000000099480000)
 Metaspace       used 76677K, capacity 84776K, committed 84864K, reserved 1120256K
  class space    used 11995K, capacity 14419K, committed 14464K, reserved 1048576K
}
Event: 100.906 GC heap before
{Heap before GC invocations=154 (full 6):
 PSYoungGen      total 624640K, used 624448K [0x00000000d5f00000, 0x00000000fff00000, 0x0000000100000000)
  eden space 622592K, 100% used [0x00000000d5f00000,0x00000000fbf00000,0x00000000fbf00000)
  from space 2048K, 90% used [0x00000000fbf00000,0x00000000fc0d0000,0x00000000fc100000)
  to   space 32768K, 0% used [0x00000000fdf00000,0x00000000fdf00000,0x00000000fff00000)
 ParOldGen       total 385536K, used 267487K [0x0000000081c00000, 0x0000000099480000, 0x00000000d5f00000)
  object space 385536K, 69% used [0x0000000081c00000,0x0000000092137d38,0x0000000099480000)
 Metaspace       used 76677K, capacity 84776K, committed 84864K, reserved 1120256K
  class space    used 11995K, capacity 14419K, committed 14464K, reserved 1048576K
Event: 100.912 GC heap after
Heap after GC invocations=154 (full 6):
 PSYoungGen      total 655872K, used 2592K [0x00000000d5f00000, 0x0000000100000000, 0x0000000100000000)
  eden space 623104K, 0% used [0x00000000d5f00000,0x00000000d5f00000,0x00000000fbf80000)
  from space 32768K, 7% used [0x00000000fdf00000,0x00000000fe188000,0x00000000fff00000)
  to   space 32256K, 0% used [0x00000000fbf80000,0x00000000fbf80000,0x00000000fdf00000)
 ParOldGen       total 385536K, used 267487K [0x0000000081c00000, 0x0000000099480000, 0x00000000d5f00000)
  object space 385536K, 69% used [0x0000000081c00000,0x0000000092137d38,0x0000000099480000)
 Metaspace       used 76677K, capacity 84776K, committed 84864K, reserved 1120256K
  class space    used 11995K, capacity 14419K, committed 14464K, reserved 1048576K
}
Event: 104.249 GC heap before
{Heap before GC invocations=155 (full 6):
 PSYoungGen      total 655872K, used 625696K [0x00000000d5f00000, 0x0000000100000000, 0x0000000100000000)
  eden space 623104K, 100% used [0x00000000d5f00000,0x00000000fbf80000,0x00000000fbf80000)
  from space 32768K, 7% used [0x00000000fdf00000,0x00000000fe188000,0x00000000fff00000)
  to   space 32256K, 0% used [0x00000000fbf80000,0x00000000fbf80000,0x00000000fdf00000)
 ParOldGen       total 385536K, used 267487K [0x0000000081c00000, 0x0000000099480000, 0x00000000d5f00000)
  object space 385536K, 69% used [0x0000000081c00000,0x0000000092137d38,0x0000000099480000)
 Metaspace       used 77903K, capacity 86190K, committed 86400K, reserved 1120256K
  class space    used 12173K, capacity 14650K, committed 14720K, reserved 1048576K
Event: 104.364 GC heap after
Heap after GC invocations=155 (full 6):
 PSYoungGen      total 655360K, used 32235K [0x00000000d5f00000, 0x0000000100000000, 0x0000000100000000)
  eden space 623104K, 0% used [0x00000000d5f00000,0x00000000d5f00000,0x00000000fbf80000)
  from space 32256K, 99% used [0x00000000fbf80000,0x00000000fdefada8,0x00000000fdf00000)
  to   space 33792K, 0% used [0x00000000fdf00000,0x00000000fdf00000,0x0000000100000000)
 ParOldGen       total 385536K, used 319822K [0x0000000081c00000, 0x0000000099480000, 0x00000000d5f00000)
  object space 385536K, 82% used [0x0000000081c00000,0x0000000095453838,0x0000000099480000)
 Metaspace       used 77903K, capacity 86190K, committed 86400K, reserved 1120256K
  class space    used 12173K, capacity 14650K, committed 14720K, reserved 1048576K
}
Event: 113.246 GC heap before
{Heap before GC invocations=156 (full 6):
 PSYoungGen      total 655360K, used 655339K [0x00000000d5f00000, 0x0000000100000000, 0x0000000100000000)
  eden space 623104K, 100% used [0x00000000d5f00000,0x00000000fbf80000,0x00000000fbf80000)
  from space 32256K, 99% used [0x00000000fbf80000,0x00000000fdefada8,0x00000000fdf00000)
  to   space 33792K, 0% used [0x00000000fdf00000,0x00000000fdf00000,0x0000000100000000)
 ParOldGen       total 385536K, used 319822K [0x0000000081c00000, 0x0000000099480000, 0x00000000d5f00000)
  object space 385536K, 82% used [0x0000000081c00000,0x0000000095453838,0x0000000099480000)
 Metaspace       used 79384K, capacity 88328K, committed 88448K, reserved 1122304K
  class space    used 12399K, capacity 14963K, committed 14976K, reserved 1048576K

