# JRE version: Java(TM) SE Runtime Environment (8.0_51-b16) (build 1.8.0_51-b16)
# Java VM: Java HotSpot(TM) 64-Bit Server VM (25.51-b03 mixed mode windows-amd64 compressed oops)
Heap:
 PSYoungGen      total 669696K, used 97866K [0x00000000d5f00000, 0x00000000fff00000, 0x0000000100000000)
  eden space 663552K, 13% used [0x00000000d5f00000,0x00000000db8c3518,0x00000000fe700000)
  from space 6144K, 96% used [0x00000000fe700000,0x00000000feccf658,0x00000000fed00000)
  to   space 12288K, 0% used [0x00000000ff300000,0x00000000ff300000,0x00000000fff00000)
 ParOldGen       total 720384K, used 550697K [0x0000000081c00000, 0x00000000adb80000, 0x00000000d5f00000)
  object space 720384K, 76% used [0x0000000081c00000,0x00000000a35ca798,0x00000000adb80000)
 Metaspace       used 93733K, capacity 105490K, committed 105600K, reserved 1138688K
  class space    used 13842K, capacity 16727K, committed 16768K, reserved 1048576K
GC Heap History (10 events):
Event: 1797.696 GC heap before
{Heap before GC invocations=661 (full 10):
 PSYoungGen      total 674816K, used 667736K [0x00000000d5f00000, 0x0000000100000000, 0x0000000100000000)
  eden space 661504K, 100% used [0x00000000d5f00000,0x00000000fe500000,0x00000000fe500000)
  from space 13312K, 46% used [0x00000000ff200000,0x00000000ff816018,0x00000000fff00000)
  to   space 13312K, 0% used [0x00000000fe500000,0x00000000fe500000,0x00000000ff200000)
 ParOldGen       total 720384K, used 549504K [0x0000000081c00000, 0x00000000adb80000, 0x00000000d5f00000)
  object space 720384K, 76% used [0x0000000081c00000,0x00000000a34a0218,0x00000000adb80000)
 Metaspace       used 93733K, capacity 105490K, committed 105600K, reserved 1138688K
  class space    used 13842K, capacity 16727K, committed 16768K, reserved 1048576K
Event: 1797.708 GC heap after
Heap after GC invocations=661 (full 10):
 PSYoungGen      total 674816K, used 6445K [0x00000000d5f00000, 0x0000000100000000, 0x0000000100000000)
  eden space 661504K, 0% used [0x00000000d5f00000,0x00000000d5f00000,0x00000000fe500000)
  from space 13312K, 48% used [0x00000000fe500000,0x00000000feb4b428,0x00000000ff200000)
  to   space 13312K, 0% used [0x00000000ff300000,0x00000000ff300000,0x0000000100000000)
 ParOldGen       total 720384K, used 549782K [0x0000000081c00000, 0x00000000adb80000, 0x00000000d5f00000)
  object space 720384K, 76% used [0x0000000081c00000,0x00000000a34e5ae8,0x00000000adb80000)
 Metaspace       used 93733K, capacity 105490K, committed 105600K, reserved 1138688K
  class space    used 13842K, capacity 16727K, committed 16768K, reserved 1048576K
}
Event: 1800.132 GC heap before
{Heap before GC invocations=662 (full 10):
 PSYoungGen      total 674816K, used 667949K [0x00000000d5f00000, 0x0000000100000000, 0x0000000100000000)
  eden space 661504K, 100% used [0x00000000d5f00000,0x00000000fe500000,0x00000000fe500000)
  from space 13312K, 48% used [0x00000000fe500000,0x00000000feb4b428,0x00000000ff200000)
  to   space 13312K, 0% used [0x00000000ff300000,0x00000000ff300000,0x0000000100000000)
 ParOldGen       total 720384K, used 549782K [0x0000000081c00000, 0x00000000adb80000, 0x00000000d5f00000)
  object space 720384K, 76% used [0x0000000081c00000,0x00000000a34e5ae8,0x00000000adb80000)
 Metaspace       used 93733K, capacity 105490K, committed 105600K, reserved 1138688K
  class space    used 13842K, capacity 16727K, committed 16768K, reserved 1048576K
Event: 1800.144 GC heap after
Heap after GC invocations=662 (full 10):
 PSYoungGen      total 674816K, used 6258K [0x00000000d5f00000, 0x00000000fff00000, 0x0000000100000000)
  eden space 662528K, 0% used [0x00000000d5f00000,0x00000000d5f00000,0x00000000fe600000)
  from space 12288K, 50% used [0x00000000ff300000,0x00000000ff91c818,0x00000000fff00000)
  to   space 12800K, 0% used [0x00000000fe600000,0x00000000fe600000,0x00000000ff280000)
 ParOldGen       total 720384K, used 550085K [0x0000000081c00000, 0x00000000adb80000, 0x00000000d5f00000)
  object space 720384K, 76% used [0x0000000081c00000,0x00000000a35315d8,0x00000000adb80000)
 Metaspace       used 93733K, capacity 105490K, committed 105600K, reserved 1138688K
  class space    used 13842K, capacity 16727K, committed 16768K, reserved 1048576K
}
Event: 1802.813 GC heap before
{Heap before GC invocations=663 (full 10):
 PSYoungGen      total 674816K, used 668786K [0x00000000d5f00000, 0x00000000fff00000, 0x0000000100000000)
  eden space 662528K, 100% used [0x00000000d5f00000,0x00000000fe600000,0x00000000fe600000)
  from space 12288K, 50% used [0x00000000ff300000,0x00000000ff91c818,0x00000000fff00000)
  to   space 12800K, 0% used [0x00000000fe600000,0x00000000fe600000,0x00000000ff280000)
 ParOldGen       total 720384K, used 550085K [0x0000000081c00000, 0x00000000adb80000, 0x00000000d5f00000)
  object space 720384K, 76% used [0x0000000081c00000,0x00000000a35315d8,0x00000000adb80000)
 Metaspace       used 93733K, capacity 105490K, committed 105600K, reserved 1138688K
  class space    used 13842K, capacity 16727K, committed 16768K, reserved 1048576K
Event: 1802.825 GC heap after
Heap after GC invocations=663 (full 10):
 PSYoungGen      total 675328K, used 6091K [0x00000000d5f00000, 0x0000000100000000, 0x0000000100000000)
  eden space 662528K, 0% used [0x00000000d5f00000,0x00000000d5f00000,0x00000000fe600000)
  from space 12800K, 47% used [0x00000000fe600000,0x00000000febf2da8,0x00000000ff280000)
  to   space 12800K, 0% used [0x00000000ff380000,0x00000000ff380000,0x0000000100000000)
 ParOldGen       total 720384K, used 550401K [0x0000000081c00000, 0x00000000adb80000, 0x00000000d5f00000)
  object space 720384K, 76% used [0x0000000081c00000,0x00000000a3580788,0x00000000adb80000)
 Metaspace       used 93733K, capacity 105490K, committed 105600K, reserved 1138688K
  class space    used 13842K, capacity 16727K, committed 16768K, reserved 1048576K
}
Event: 1805.392 GC heap before
{Heap before GC invocations=664 (full 10):
 PSYoungGen      total 675328K, used 668619K [0x00000000d5f00000, 0x0000000100000000, 0x0000000100000000)
  eden space 662528K, 100% used [0x00000000d5f00000,0x00000000fe600000,0x00000000fe600000)
  from space 12800K, 47% used [0x00000000fe600000,0x00000000febf2da8,0x00000000ff280000)
  to   space 12800K, 0% used [0x00000000ff380000,0x00000000ff380000,0x0000000100000000)
 ParOldGen       total 720384K, used 550401K [0x0000000081c00000, 0x00000000adb80000, 0x00000000d5f00000)
  object space 720384K, 76% used [0x0000000081c00000,0x00000000a3580788,0x00000000adb80000)
 Metaspace       used 93733K, capacity 105490K, committed 105600K, reserved 1138688K
  class space    used 13842K, capacity 16727K, committed 16768K, reserved 1048576K
Event: 1805.403 GC heap after
Heap after GC invocations=664 (full 10):
 PSYoungGen      total 676352K, used 5987K [0x00000000d5f00000, 0x0000000100000000, 0x0000000100000000)
  eden space 663552K, 0% used [0x00000000d5f00000,0x00000000d5f00000,0x00000000fe700000)
  from space 12800K, 46% used [0x00000000ff380000,0x00000000ff958cf0,0x0000000100000000)
  to   space 12800K, 0% used [0x00000000fe700000,0x00000000fe700000,0x00000000ff380000)
 ParOldGen       total 720384K, used 550633K [0x0000000081c00000, 0x00000000adb80000, 0x00000000d5f00000)
  object space 720384K, 76% used [0x0000000081c00000,0x00000000a35ba798,0x00000000adb80000)
 Metaspace       used 93733K, capacity 105490K, committed 105600K, reserved 1138688K
  class space    used 13842K, capacity 16727K, committed 16768K, reserved 1048576K
}
Event: 1808.098 GC heap before
{Heap before GC invocations=665 (full 10):
 PSYoungGen      total 676352K, used 669539K [0x00000000d5f00000, 0x0000000100000000, 0x0000000100000000)
  eden space 663552K, 100% used [0x00000000d5f00000,0x00000000fe700000,0x00000000fe700000)
  from space 12800K, 46% used [0x00000000ff380000,0x00000000ff958cf0,0x0000000100000000)
  to   space 12800K, 0% used [0x00000000fe700000,0x00000000fe700000,0x00000000ff380000)
 ParOldGen       total 720384K, used 550633K [0x0000000081c00000, 0x00000000adb80000, 0x00000000d5f00000)
  object space 720384K, 76% used [0x0000000081c00000,0x00000000a35ba798,0x00000000adb80000)
 Metaspace       used 93733K, capacity 105490K, committed 105600K, reserved 1138688K
  class space    used 13842K, capacity 16727K, committed 16768K, reserved 1048576K
Event: 1808.110 GC heap after
Heap after GC invocations=665 (full 10):
 PSYoungGen      total 669696K, used 5949K [0x00000000d5f00000, 0x00000000fff00000, 0x0000000100000000)
  eden space 663552K, 0% used [0x00000000d5f00000,0x00000000d5f00000,0x00000000fe700000)
  from space 6144K, 96% used [0x00000000fe700000,0x00000000feccf658,0x00000000fed00000)
  to   space 12288K, 0% used [0x00000000ff300000,0x00000000ff300000,0x00000000fff00000)
 ParOldGen       total 720384K, used 550697K [0x0000000081c00000, 0x00000000adb80000, 0x00000000d5f00000)
  object space 720384K, 76% used [0x0000000081c00000,0x00000000a35ca798,0x00000000adb80000)
 Metaspace       used 93733K, capacity 105490K, committed 105600K, reserved 1138688K
  class space    used 13842K, capacity 16727K, committed 16768K, reserved 1048576K
}

