# JRE version: Java(TM) SE Runtime Environment (8.0_51-b16) (build 1.8.0_51-b16)
# Java VM: Java HotSpot(TM) 64-Bit Server VM (25.51-b03 mixed mode windows-amd64 compressed oops)
Heap:
 PSYoungGen      total 459776K, used 254491K [0x00000000d5f00000, 0x0000000100000000, 0x0000000100000000)
  eden space 230400K, 49% used [0x00000000d5f00000,0x00000000dcf78fa0,0x00000000e4000000)
  from space 229376K, 60% used [0x00000000f2000000,0x00000000fa80df10,0x0000000100000000)
  to   space 229376K, 0% used [0x00000000e4000000,0x00000000e4000000,0x00000000f2000000)
 ParOldGen       total 760320K, used 509529K [0x0000000081c00000, 0x00000000b0280000, 0x00000000d5f00000)
  object space 760320K, 67% used [0x0000000081c00000,0x00000000a0d96720,0x00000000b0280000)
 Metaspace       used 98347K, capacity 111344K, committed 111488K, reserved 1142784K
  class space    used 15133K, capacity 18550K, committed 18560K, reserved 1048576K
GC Heap History (10 events):
Event: 590.718 GC heap before
{Heap before GC invocations=164 (full 8):
 PSYoungGen      total 474112K, used 351791K [0x00000000d5f00000, 0x0000000100000000, 0x0000000100000000)
  eden space 259072K, 100% used [0x00000000d5f00000,0x00000000e5c00000,0x00000000e5c00000)
  from space 215040K, 43% used [0x00000000e5c00000,0x00000000eb68be70,0x00000000f2e00000)
  to   space 207360K, 0% used [0x00000000f3580000,0x00000000f3580000,0x0000000100000000)
 ParOldGen       total 760320K, used 509487K [0x0000000081c00000, 0x00000000b0280000, 0x00000000d5f00000)
  object space 760320K, 67% used [0x0000000081c00000,0x00000000a0d8bed0,0x00000000b0280000)
 Metaspace       used 93797K, capacity 105604K, committed 105856K, reserved 1136640K
  class space    used 14525K, capacity 17716K, committed 17792K, reserved 1048576K
Event: 590.928 GC heap after
Heap after GC invocations=164 (full 8):
 PSYoungGen      total 451072K, used 154516K [0x00000000d5f00000, 0x0000000100000000, 0x0000000100000000)
  eden space 243712K, 0% used [0x00000000d5f00000,0x00000000d5f00000,0x00000000e4d00000)
  from space 207360K, 74% used [0x00000000f3580000,0x00000000fcc65138,0x0000000100000000)
  to   space 222720K, 0% used [0x00000000e4d00000,0x00000000e4d00000,0x00000000f2680000)
 ParOldGen       total 760320K, used 509495K [0x0000000081c00000, 0x00000000b0280000, 0x00000000d5f00000)
  object space 760320K, 67% used [0x0000000081c00000,0x00000000a0d8ded0,0x00000000b0280000)
 Metaspace       used 93797K, capacity 105604K, committed 105856K, reserved 1136640K
  class space    used 14525K, capacity 17716K, committed 17792K, reserved 1048576K
}
Event: 592.154 GC heap before
{Heap before GC invocations=165 (full 8):
 PSYoungGen      total 451072K, used 398228K [0x00000000d5f00000, 0x0000000100000000, 0x0000000100000000)
  eden space 243712K, 100% used [0x00000000d5f00000,0x00000000e4d00000,0x00000000e4d00000)
  from space 207360K, 74% used [0x00000000f3580000,0x00000000fcc65138,0x0000000100000000)
  to   space 222720K, 0% used [0x00000000e4d00000,0x00000000e4d00000,0x00000000f2680000)
 ParOldGen       total 760320K, used 509495K [0x0000000081c00000, 0x00000000b0280000, 0x00000000d5f00000)
  object space 760320K, 67% used [0x0000000081c00000,0x00000000a0d8ded0,0x00000000b0280000)
 Metaspace       used 94850K, capacity 106832K, committed 107136K, reserved 1138688K
  class space    used 14735K, capacity 17988K, committed 18048K, reserved 1048576K
Event: 592.365 GC heap after
Heap after GC invocations=165 (full 8):
 PSYoungGen      total 432640K, used 188667K [0x00000000d5f00000, 0x0000000100000000, 0x0000000100000000)
  eden space 243712K, 0% used [0x00000000d5f00000,0x00000000d5f00000,0x00000000e4d00000)
  from space 188928K, 99% used [0x00000000e4d00000,0x00000000f053ef78,0x00000000f0580000)
  to   space 229376K, 0% used [0x00000000f2000000,0x00000000f2000000,0x0000000100000000)
 ParOldGen       total 760320K, used 509495K [0x0000000081c00000, 0x00000000b0280000, 0x00000000d5f00000)
  object space 760320K, 67% used [0x0000000081c00000,0x00000000a0d8ded0,0x00000000b0280000)
 Metaspace       used 94850K, capacity 106832K, committed 107136K, reserved 1138688K
  class space    used 14735K, capacity 17988K, committed 18048K, reserved 1048576K
}
Event: 596.093 GC heap before
{Heap before GC invocations=166 (full 8):
 PSYoungGen      total 432640K, used 432379K [0x00000000d5f00000, 0x0000000100000000, 0x0000000100000000)
  eden space 243712K, 100% used [0x00000000d5f00000,0x00000000e4d00000,0x00000000e4d00000)
  from space 188928K, 99% used [0x00000000e4d00000,0x00000000f053ef78,0x00000000f0580000)
  to   space 229376K, 0% used [0x00000000f2000000,0x00000000f2000000,0x0000000100000000)
 ParOldGen       total 760320K, used 509495K [0x0000000081c00000, 0x00000000b0280000, 0x00000000d5f00000)
  object space 760320K, 67% used [0x0000000081c00000,0x00000000a0d8ded0,0x00000000b0280000)
 Metaspace       used 96555K, capacity 108998K, committed 109184K, reserved 1140736K
  class space    used 14947K, capacity 18291K, committed 18304K, reserved 1048576K
Event: 596.331 GC heap after
Heap after GC invocations=166 (full 8):
 PSYoungGen      total 459776K, used 161508K [0x00000000d5f00000, 0x0000000100000000, 0x0000000100000000)
  eden space 230400K, 0% used [0x00000000d5f00000,0x00000000d5f00000,0x00000000e4000000)
  from space 229376K, 70% used [0x00000000f2000000,0x00000000fbdb9168,0x0000000100000000)
  to   space 229376K, 0% used [0x00000000e4000000,0x00000000e4000000,0x00000000f2000000)
 ParOldGen       total 760320K, used 509495K [0x0000000081c00000, 0x00000000b0280000, 0x00000000d5f00000)
  object space 760320K, 67% used [0x0000000081c00000,0x00000000a0d8ded0,0x00000000b0280000)
 Metaspace       used 96555K, capacity 108998K, committed 109184K, reserved 1140736K
  class space    used 14947K, capacity 18291K, committed 18304K, reserved 1048576K
}
Event: 601.689 GC heap before
{Heap before GC invocations=167 (full 8):
 PSYoungGen      total 459776K, used 391908K [0x00000000d5f00000, 0x0000000100000000, 0x0000000100000000)
  eden space 230400K, 100% used [0x00000000d5f00000,0x00000000e4000000,0x00000000e4000000)
  from space 229376K, 70% used [0x00000000f2000000,0x00000000fbdb9168,0x0000000100000000)
  to   space 229376K, 0% used [0x00000000e4000000,0x00000000e4000000,0x00000000f2000000)
 ParOldGen       total 760320K, used 509511K [0x0000000081c00000, 0x00000000b0280000, 0x00000000d5f00000)
  object space 760320K, 67% used [0x0000000081c00000,0x00000000a0d91ee0,0x00000000b0280000)
 Metaspace       used 97029K, capacity 109626K, committed 109824K, reserved 1140736K
  class space    used 14996K, capacity 18363K, committed 18432K, reserved 1048576K
Event: 601.907 GC heap after
Heap after GC invocations=167 (full 8):
 PSYoungGen      total 459776K, used 116778K [0x00000000d5f00000, 0x0000000100000000, 0x0000000100000000)
  eden space 230400K, 0% used [0x00000000d5f00000,0x00000000d5f00000,0x00000000e4000000)
  from space 229376K, 50% used [0x00000000e4000000,0x00000000eb20a960,0x00000000f2000000)
  to   space 229376K, 0% used [0x00000000f2000000,0x00000000f2000000,0x0000000100000000)
 ParOldGen       total 760320K, used 509519K [0x0000000081c00000, 0x00000000b0280000, 0x00000000d5f00000)
  object space 760320K, 67% used [0x0000000081c00000,0x00000000a0d93ee0,0x00000000b0280000)
 Metaspace       used 97029K, capacity 109626K, committed 109824K, reserved 1140736K
  class space    used 14996K, capacity 18363K, committed 18432K, reserved 1048576K
}
Event: 631.593 GC heap before
{Heap before GC invocations=168 (full 8):
 PSYoungGen      total 459776K, used 347178K [0x00000000d5f00000, 0x0000000100000000, 0x0000000100000000)
  eden space 230400K, 100% used [0x00000000d5f00000,0x00000000e4000000,0x00000000e4000000)
  from space 229376K, 50% used [0x00000000e4000000,0x00000000eb20a960,0x00000000f2000000)
  to   space 229376K, 0% used [0x00000000f2000000,0x00000000f2000000,0x0000000100000000)
 ParOldGen       total 760320K, used 509521K [0x0000000081c00000, 0x00000000b0280000, 0x00000000d5f00000)
  object space 760320K, 67% used [0x0000000081c00000,0x00000000a0d94720,0x00000000b0280000)
 Metaspace       used 97947K, capacity 110846K, committed 110976K, reserved 1142784K
  class space    used 15100K, capacity 18477K, committed 18560K, reserved 1048576K
Event: 631.685 GC heap after
Heap after GC invocations=168 (full 8):
 PSYoungGen      total 459776K, used 139319K [0x00000000d5f00000, 0x0000000100000000, 0x0000000100000000)
  eden space 230400K, 0% used [0x00000000d5f00000,0x00000000d5f00000,0x00000000e4000000)
  from space 229376K, 60% used [0x00000000f2000000,0x00000000fa80df10,0x0000000100000000)
  to   space 229376K, 0% used [0x00000000e4000000,0x00000000e4000000,0x00000000f2000000)
 ParOldGen       total 760320K, used 509529K [0x0000000081c00000, 0x00000000b0280000, 0x00000000d5f00000)
  object space 760320K, 67% used [0x0000000081c00000,0x00000000a0d96720,0x00000000b0280000)
 Metaspace       used 97947K, capacity 110846K, committed 110976K, reserved 1142784K
  class space    used 15100K, capacity 18477K, committed 18560K, reserved 1048576K
}

