# JRE version: Java(TM) SE Runtime Environment (8.0_51-b16) (build 1.8.0_51-b16)
# Java VM: Java HotSpot(TM) 64-Bit Server VM (25.51-b03 mixed mode windows-amd64 compressed oops)
Heap:
 PSYoungGen      total 651264K, used 244119K [0x00000000d5f00000, 0x0000000100000000, 0x0000000100000000)
  eden space 614400K, 33% used [0x00000000d5f00000,0x00000000e296dab8,0x00000000fb700000)
  from space 36864K, 99% used [0x00000000fb700000,0x00000000fdaf82a0,0x00000000fdb00000)
  to   space 37888K, 0% used [0x00000000fdb00000,0x00000000fdb00000,0x0000000100000000)
 ParOldGen       total 347136K, used 309171K [0x0000000081c00000, 0x0000000096f00000, 0x00000000d5f00000)
  object space 347136K, 89% used [0x0000000081c00000,0x00000000949ecf68,0x0000000096f00000)
 Metaspace       used 79937K, capacity 88672K, committed 88960K, reserved 1122304K
  class space    used 12709K, capacity 15411K, committed 15488K, reserved 1048576K
GC Heap History (10 events):
Event: 110.578 GC heap before
{Heap before GC invocations=143 (full 6):
 PSYoungGen      total 649728K, used 633630K [0x00000000d5f00000, 0x00000000ffd80000, 0x0000000100000000)
  eden space 614912K, 100% used [0x00000000d5f00000,0x00000000fb780000,0x00000000fb780000)
  from space 34816K, 53% used [0x00000000fdb80000,0x00000000fedc7958,0x00000000ffd80000)
  to   space 35840K, 0% used [0x00000000fb780000,0x00000000fb780000,0x00000000fda80000)
 ParOldGen       total 347136K, used 290476K [0x0000000081c00000, 0x0000000096f00000, 0x00000000d5f00000)
  object space 347136K, 83% used [0x0000000081c00000,0x00000000937ab070,0x0000000096f00000)
 Metaspace       used 78747K, capacity 87330K, committed 87424K, reserved 1122304K
  class space    used 12537K, capacity 15186K, committed 15232K, reserved 1048576K
Event: 110.598 GC heap after
Heap after GC invocations=143 (full 6):
 PSYoungGen      total 650752K, used 5904K [0x00000000d5f00000, 0x0000000100000000, 0x0000000100000000)
  eden space 614912K, 0% used [0x00000000d5f00000,0x00000000d5f00000,0x00000000fb780000)
  from space 35840K, 16% used [0x00000000fb780000,0x00000000fbd44080,0x00000000fda80000)
  to   space 36864K, 0% used [0x00000000fdc00000,0x00000000fdc00000,0x0000000100000000)
 ParOldGen       total 347136K, used 295284K [0x0000000081c00000, 0x0000000096f00000, 0x00000000d5f00000)
  object space 347136K, 85% used [0x0000000081c00000,0x0000000093c5d070,0x0000000096f00000)
 Metaspace       used 78747K, capacity 87330K, committed 87424K, reserved 1122304K
  class space    used 12537K, capacity 15186K, committed 15232K, reserved 1048576K
}
Event: 111.568 GC heap before
{Heap before GC invocations=144 (full 6):
 PSYoungGen      total 650752K, used 620816K [0x00000000d5f00000, 0x0000000100000000, 0x0000000100000000)
  eden space 614912K, 100% used [0x00000000d5f00000,0x00000000fb780000,0x00000000fb780000)
  from space 35840K, 16% used [0x00000000fb780000,0x00000000fbd44080,0x00000000fda80000)
  to   space 36864K, 0% used [0x00000000fdc00000,0x00000000fdc00000,0x0000000100000000)
 ParOldGen       total 347136K, used 295284K [0x0000000081c00000, 0x0000000096f00000, 0x00000000d5f00000)
  object space 347136K, 85% used [0x0000000081c00000,0x0000000093c5d070,0x0000000096f00000)
 Metaspace       used 78764K, capacity 87338K, committed 87424K, reserved 1122304K
  class space    used 12537K, capacity 15186K, committed 15232K, reserved 1048576K
Event: 111.581 GC heap after
Heap after GC invocations=144 (full 6):
 PSYoungGen      total 651264K, used 6032K [0x00000000d5f00000, 0x0000000100000000, 0x0000000100000000)
  eden space 614400K, 0% used [0x00000000d5f00000,0x00000000d5f00000,0x00000000fb700000)
  from space 36864K, 16% used [0x00000000fdc00000,0x00000000fe1e4080,0x0000000100000000)
  to   space 37376K, 0% used [0x00000000fb700000,0x00000000fb700000,0x00000000fdb80000)
 ParOldGen       total 347136K, used 295580K [0x0000000081c00000, 0x0000000096f00000, 0x00000000d5f00000)
  object space 347136K, 85% used [0x0000000081c00000,0x0000000093ca7070,0x0000000096f00000)
 Metaspace       used 78764K, capacity 87338K, committed 87424K, reserved 1122304K
  class space    used 12537K, capacity 15186K, committed 15232K, reserved 1048576K
}
Event: 112.694 GC heap before
{Heap before GC invocations=145 (full 6):
 PSYoungGen      total 651264K, used 620432K [0x00000000d5f00000, 0x0000000100000000, 0x0000000100000000)
  eden space 614400K, 100% used [0x00000000d5f00000,0x00000000fb700000,0x00000000fb700000)
  from space 36864K, 16% used [0x00000000fdc00000,0x00000000fe1e4080,0x0000000100000000)
  to   space 37376K, 0% used [0x00000000fb700000,0x00000000fb700000,0x00000000fdb80000)
 ParOldGen       total 347136K, used 295580K [0x0000000081c00000, 0x0000000096f00000, 0x00000000d5f00000)
  object space 347136K, 85% used [0x0000000081c00000,0x0000000093ca7070,0x0000000096f00000)
 Metaspace       used 78764K, capacity 87338K, committed 87424K, reserved 1122304K
  class space    used 12537K, capacity 15186K, committed 15232K, reserved 1048576K
Event: 112.718 GC heap after
Heap after GC invocations=145 (full 6):
 PSYoungGen      total 651776K, used 6112K [0x00000000d5f00000, 0x0000000100000000, 0x0000000100000000)
  eden space 614400K, 0% used [0x00000000d5f00000,0x00000000d5f00000,0x00000000fb700000)
  from space 37376K, 16% used [0x00000000fb700000,0x00000000fbcf8090,0x00000000fdb80000)
  to   space 37376K, 0% used [0x00000000fdb80000,0x00000000fdb80000,0x0000000100000000)
 ParOldGen       total 347136K, used 295852K [0x0000000081c00000, 0x0000000096f00000, 0x00000000d5f00000)
  object space 347136K, 85% used [0x0000000081c00000,0x0000000093ceb070,0x0000000096f00000)
 Metaspace       used 78764K, capacity 87338K, committed 87424K, reserved 1122304K
  class space    used 12537K, capacity 15186K, committed 15232K, reserved 1048576K
}
Event: 113.865 GC heap before
{Heap before GC invocations=146 (full 6):
 PSYoungGen      total 651776K, used 620512K [0x00000000d5f00000, 0x0000000100000000, 0x0000000100000000)
  eden space 614400K, 100% used [0x00000000d5f00000,0x00000000fb700000,0x00000000fb700000)
  from space 37376K, 16% used [0x00000000fb700000,0x00000000fbcf8090,0x00000000fdb80000)
  to   space 37376K, 0% used [0x00000000fdb80000,0x00000000fdb80000,0x0000000100000000)
 ParOldGen       total 347136K, used 295852K [0x0000000081c00000, 0x0000000096f00000, 0x00000000d5f00000)
  object space 347136K, 85% used [0x0000000081c00000,0x0000000093ceb070,0x0000000096f00000)
 Metaspace       used 78764K, capacity 87338K, committed 87424K, reserved 1122304K
  class space    used 12537K, capacity 15186K, committed 15232K, reserved 1048576K
Event: 113.878 GC heap after
Heap after GC invocations=146 (full 6):
 PSYoungGen      total 650752K, used 6304K [0x00000000d5f00000, 0x00000000fff00000, 0x0000000100000000)
  eden space 614400K, 0% used [0x00000000d5f00000,0x00000000d5f00000,0x00000000fb700000)
  from space 36352K, 17% used [0x00000000fdb80000,0x00000000fe1a8090,0x00000000fff00000)
  to   space 36864K, 0% used [0x00000000fb700000,0x00000000fb700000,0x00000000fdb00000)
 ParOldGen       total 347136K, used 296140K [0x0000000081c00000, 0x0000000096f00000, 0x00000000d5f00000)
  object space 347136K, 85% used [0x0000000081c00000,0x0000000093d33070,0x0000000096f00000)
 Metaspace       used 78764K, capacity 87338K, committed 87424K, reserved 1122304K
  class space    used 12537K, capacity 15186K, committed 15232K, reserved 1048576K
}
Event: 121.485 GC heap before
{Heap before GC invocations=147 (full 6):
 PSYoungGen      total 650752K, used 620704K [0x00000000d5f00000, 0x00000000fff00000, 0x0000000100000000)
  eden space 614400K, 100% used [0x00000000d5f00000,0x00000000fb700000,0x00000000fb700000)
  from space 36352K, 17% used [0x00000000fdb80000,0x00000000fe1a8090,0x00000000fff00000)
  to   space 36864K, 0% used [0x00000000fb700000,0x00000000fb700000,0x00000000fdb00000)
 ParOldGen       total 347136K, used 296627K [0x0000000081c00000, 0x0000000096f00000, 0x00000000d5f00000)
  object space 347136K, 85% used [0x0000000081c00000,0x0000000093dace58,0x0000000096f00000)
 Metaspace       used 79284K, capacity 87852K, committed 88064K, reserved 1122304K
  class space    used 12609K, capacity 15233K, committed 15360K, reserved 1048576K
Event: 121.573 GC heap after
Heap after GC invocations=147 (full 6):
 PSYoungGen      total 651264K, used 36832K [0x00000000d5f00000, 0x0000000100000000, 0x0000000100000000)
  eden space 614400K, 0% used [0x00000000d5f00000,0x00000000d5f00000,0x00000000fb700000)
  from space 36864K, 99% used [0x00000000fb700000,0x00000000fdaf82a0,0x00000000fdb00000)
  to   space 37888K, 0% used [0x00000000fdb00000,0x00000000fdb00000,0x0000000100000000)
 ParOldGen       total 347136K, used 309171K [0x0000000081c00000, 0x0000000096f00000, 0x00000000d5f00000)
  object space 347136K, 89% used [0x0000000081c00000,0x00000000949ecf68,0x0000000096f00000)
 Metaspace       used 79284K, capacity 87852K, committed 88064K, reserved 1122304K
  class space    used 12609K, capacity 15233K, committed 15360K, reserved 1048576K
}

