# JRE version: Java(TM) SE Runtime Environment (8.0_51-b16) (build 1.8.0_51-b16)
# Java VM: Java HotSpot(TM) 64-Bit Server VM (25.51-b03 mixed mode windows-amd64 compressed oops)
Heap:
 PSYoungGen      total 38400K, used 34025K [0x00000000d5f00000, 0x00000000d8980000, 0x0000000100000000)
  eden space 33280K, 86% used [0x00000000d5f00000,0x00000000d7b3d730,0x00000000d7f80000)
  from space 5120K, 99% used [0x00000000d8480000,0x00000000d897ce28,0x00000000d8980000)
  to   space 5120K, 0% used [0x00000000d7f80000,0x00000000d7f80000,0x00000000d8480000)
 ParOldGen       total 65536K, used 34345K [0x0000000081c00000, 0x0000000085c00000, 0x00000000d5f00000)
  object space 65536K, 52% used [0x0000000081c00000,0x0000000083d8a5e8,0x0000000085c00000)
 Metaspace       used 30302K, capacity 32013K, committed 32256K, reserved 1077248K
  class space    used 3785K, capacity 4318K, committed 4352K, reserved 1048576K
GC Heap History (10 events):
Event: 20.521 GC heap before
{Heap before GC invocations=5 (full 0):
 PSYoungGen      total 38400K, used 9037K [0x00000000d5f00000, 0x00000000d8980000, 0x0000000100000000)
  eden space 33280K, 11% used [0x00000000d5f00000,0x00000000d62d8ee8,0x00000000d7f80000)
  from space 5120K, 99% used [0x00000000d8480000,0x00000000d897a7a0,0x00000000d8980000)
  to   space 5120K, 0% used [0x00000000d7f80000,0x00000000d7f80000,0x00000000d8480000)
 ParOldGen       total 87552K, used 14754K [0x0000000081c00000, 0x0000000087180000, 0x00000000d5f00000)
  object space 87552K, 16% used [0x0000000081c00000,0x0000000082a68918,0x0000000087180000)
 Metaspace       used 20476K, capacity 21145K, committed 21296K, reserved 1069056K
  class space    used 2384K, capacity 2594K, committed 2688K, reserved 1048576K
Event: 20.594 GC heap after
Heap after GC invocations=5 (full 0):
 PSYoungGen      total 38400K, used 5116K [0x00000000d5f00000, 0x00000000d8980000, 0x0000000100000000)
  eden space 33280K, 0% used [0x00000000d5f00000,0x00000000d5f00000,0x00000000d7f80000)
  from space 5120K, 99% used [0x00000000d7f80000,0x00000000d847f340,0x00000000d8480000)
  to   space 5120K, 0% used [0x00000000d8480000,0x00000000d8480000,0x00000000d8980000)
 ParOldGen       total 87552K, used 16841K [0x0000000081c00000, 0x0000000087180000, 0x00000000d5f00000)
  object space 87552K, 19% used [0x0000000081c00000,0x0000000082c72728,0x0000000087180000)
 Metaspace       used 20476K, capacity 21145K, committed 21296K, reserved 1069056K
  class space    used 2384K, capacity 2594K, committed 2688K, reserved 1048576K
}
Event: 20.594 GC heap before
{Heap before GC invocations=6 (full 1):
 PSYoungGen      total 38400K, used 5116K [0x00000000d5f00000, 0x00000000d8980000, 0x0000000100000000)
  eden space 33280K, 0% used [0x00000000d5f00000,0x00000000d5f00000,0x00000000d7f80000)
  from space 5120K, 99% used [0x00000000d7f80000,0x00000000d847f340,0x00000000d8480000)
  to   space 5120K, 0% used [0x00000000d8480000,0x00000000d8480000,0x00000000d8980000)
 ParOldGen       total 87552K, used 16841K [0x0000000081c00000, 0x0000000087180000, 0x00000000d5f00000)
  object space 87552K, 19% used [0x0000000081c00000,0x0000000082c72728,0x0000000087180000)
 Metaspace       used 20476K, capacity 21145K, committed 21296K, reserved 1069056K
  class space    used 2384K, capacity 2594K, committed 2688K, reserved 1048576K
Event: 20.891 GC heap after
Heap after GC invocations=6 (full 1):
 PSYoungGen      total 38400K, used 0K [0x00000000d5f00000, 0x00000000d8980000, 0x0000000100000000)
  eden space 33280K, 0% used [0x00000000d5f00000,0x00000000d5f00000,0x00000000d7f80000)
  from space 5120K, 0% used [0x00000000d7f80000,0x00000000d7f80000,0x00000000d8480000)
  to   space 5120K, 0% used [0x00000000d8480000,0x00000000d8480000,0x00000000d8980000)
 ParOldGen       total 65536K, used 18836K [0x0000000081c00000, 0x0000000085c00000, 0x00000000d5f00000)
  object space 65536K, 28% used [0x0000000081c00000,0x0000000082e65310,0x0000000085c00000)
 Metaspace       used 20476K, capacity 21145K, committed 21296K, reserved 1069056K
  class space    used 2384K, capacity 2594K, committed 2688K, reserved 1048576K
}
Event: 22.753 GC heap before
{Heap before GC invocations=7 (full 1):
 PSYoungGen      total 38400K, used 33280K [0x00000000d5f00000, 0x00000000d8980000, 0x0000000100000000)
  eden space 33280K, 100% used [0x00000000d5f00000,0x00000000d7f80000,0x00000000d7f80000)
  from space 5120K, 0% used [0x00000000d7f80000,0x00000000d7f80000,0x00000000d8480000)
  to   space 5120K, 0% used [0x00000000d8480000,0x00000000d8480000,0x00000000d8980000)
 ParOldGen       total 65536K, used 18836K [0x0000000081c00000, 0x0000000085c00000, 0x00000000d5f00000)
  object space 65536K, 28% used [0x0000000081c00000,0x0000000082e65310,0x0000000085c00000)
 Metaspace       used 23538K, capacity 24491K, committed 24576K, reserved 1071104K
  class space    used 2782K, capacity 3039K, committed 3072K, reserved 1048576K
Event: 22.764 GC heap after
Heap after GC invocations=7 (full 1):
 PSYoungGen      total 38400K, used 5107K [0x00000000d5f00000, 0x00000000d8980000, 0x0000000100000000)
  eden space 33280K, 0% used [0x00000000d5f00000,0x00000000d5f00000,0x00000000d7f80000)
  from space 5120K, 99% used [0x00000000d8480000,0x00000000d897ce48,0x00000000d8980000)
  to   space 5120K, 0% used [0x00000000d7f80000,0x00000000d7f80000,0x00000000d8480000)
 ParOldGen       total 65536K, used 22726K [0x0000000081c00000, 0x0000000085c00000, 0x00000000d5f00000)
  object space 65536K, 34% used [0x0000000081c00000,0x0000000083231a60,0x0000000085c00000)
 Metaspace       used 23538K, capacity 24491K, committed 24576K, reserved 1071104K
  class space    used 2782K, capacity 3039K, committed 3072K, reserved 1048576K
}
Event: 24.238 GC heap before
{Heap before GC invocations=8 (full 1):
 PSYoungGen      total 38400K, used 38387K [0x00000000d5f00000, 0x00000000d8980000, 0x0000000100000000)
  eden space 33280K, 100% used [0x00000000d5f00000,0x00000000d7f80000,0x00000000d7f80000)
  from space 5120K, 99% used [0x00000000d8480000,0x00000000d897ce48,0x00000000d8980000)
  to   space 5120K, 0% used [0x00000000d7f80000,0x00000000d7f80000,0x00000000d8480000)
 ParOldGen       total 65536K, used 22726K [0x0000000081c00000, 0x0000000085c00000, 0x00000000d5f00000)
  object space 65536K, 34% used [0x0000000081c00000,0x0000000083231a60,0x0000000085c00000)
 Metaspace       used 27520K, capacity 28899K, committed 29056K, reserved 1075200K
  class space    used 3455K, capacity 3889K, committed 3968K, reserved 1048576K
Event: 24.298 GC heap after
Heap after GC invocations=8 (full 1):
 PSYoungGen      total 38400K, used 5091K [0x00000000d5f00000, 0x00000000d8980000, 0x0000000100000000)
  eden space 33280K, 0% used [0x00000000d5f00000,0x00000000d5f00000,0x00000000d7f80000)
  from space 5120K, 99% used [0x00000000d7f80000,0x00000000d8478e48,0x00000000d8480000)
  to   space 5120K, 0% used [0x00000000d8480000,0x00000000d8480000,0x00000000d8980000)
 ParOldGen       total 65536K, used 29604K [0x0000000081c00000, 0x0000000085c00000, 0x00000000d5f00000)
  object space 65536K, 45% used [0x0000000081c00000,0x00000000838e9330,0x0000000085c00000)
 Metaspace       used 27520K, capacity 28899K, committed 29056K, reserved 1075200K
  class space    used 3455K, capacity 3889K, committed 3968K, reserved 1048576K
}
Event: 25.244 GC heap before
{Heap before GC invocations=9 (full 1):
 PSYoungGen      total 38400K, used 38371K [0x00000000d5f00000, 0x00000000d8980000, 0x0000000100000000)
  eden space 33280K, 100% used [0x00000000d5f00000,0x00000000d7f80000,0x00000000d7f80000)
  from space 5120K, 99% used [0x00000000d7f80000,0x00000000d8478e48,0x00000000d8480000)
  to   space 5120K, 0% used [0x00000000d8480000,0x00000000d8480000,0x00000000d8980000)
 ParOldGen       total 65536K, used 29604K [0x0000000081c00000, 0x0000000085c00000, 0x00000000d5f00000)
  object space 65536K, 45% used [0x0000000081c00000,0x00000000838e9330,0x0000000085c00000)
 Metaspace       used 29790K, capacity 31329K, committed 31360K, reserved 1077248K
  class space    used 3708K, capacity 4204K, committed 4224K, reserved 1048576K
Event: 25.283 GC heap after
Heap after GC invocations=9 (full 1):
 PSYoungGen      total 38400K, used 5107K [0x00000000d5f00000, 0x00000000d8980000, 0x0000000100000000)
  eden space 33280K, 0% used [0x00000000d5f00000,0x00000000d5f00000,0x00000000d7f80000)
  from space 5120K, 99% used [0x00000000d8480000,0x00000000d897ce28,0x00000000d8980000)
  to   space 5120K, 0% used [0x00000000d7f80000,0x00000000d7f80000,0x00000000d8480000)
 ParOldGen       total 65536K, used 34345K [0x0000000081c00000, 0x0000000085c00000, 0x00000000d5f00000)
  object space 65536K, 52% used [0x0000000081c00000,0x0000000083d8a5e8,0x0000000085c00000)
 Metaspace       used 29790K, capacity 31329K, committed 31360K, reserved 1077248K
  class space    used 3708K, capacity 4204K, committed 4224K, reserved 1048576K
}

