# JRE version: Java(TM) SE Runtime Environment (8.0_51-b16) (build 1.8.0_51-b16)
# Java VM: Java HotSpot(TM) 64-Bit Server VM (25.51-b03 mixed mode windows-amd64 compressed oops)
Heap:
 PSYoungGen      total 487936K, used 336246K [0x00000000d5f00000, 0x00000000fc400000, 0x0000000100000000)
  eden space 354816K, 94% used [0x00000000d5f00000,0x00000000ea75db48,0x00000000eb980000)
  from space 133120K, 0% used [0x00000000eb980000,0x00000000eb980000,0x00000000f3b80000)
  to   space 99328K, 0% used [0x00000000f3b80000,0x00000000f3b80000,0x00000000f9c80000)
 ParOldGen       total 262656K, used 208634K [0x0000000081c00000, 0x0000000091c80000, 0x00000000d5f00000)
  object space 262656K, 79% used [0x0000000081c00000,0x000000008e7be9d0,0x0000000091c80000)
 Metaspace       used 41740K, capacity 44239K, committed 44416K, reserved 1087488K
  class space    used 5494K, capacity 6264K, committed 6272K, reserved 1048576K
GC Heap History (10 events):
Event: 27.181 GC heap before
{Heap before GC invocations=17 (full 2):
 PSYoungGen      total 313856K, used 310779K [0x00000000d5f00000, 0x00000000ee100000, 0x0000000100000000)
  eden space 257024K, 100% used [0x00000000d5f00000,0x00000000e5a00000,0x00000000e5a00000)
  from space 56832K, 94% used [0x00000000e9900000,0x00000000ecd7ec58,0x00000000ed080000)
  to   space 64512K, 0% used [0x00000000e5a00000,0x00000000e5a00000,0x00000000e9900000)
 ParOldGen       total 148480K, used 81711K [0x0000000081c00000, 0x000000008ad00000, 0x00000000d5f00000)
  object space 148480K, 55% used [0x0000000081c00000,0x0000000086bcbe30,0x000000008ad00000)
 Metaspace       used 37473K, capacity 39653K, committed 39936K, reserved 1083392K
  class space    used 4671K, capacity 5342K, committed 5376K, reserved 1048576K
Event: 27.622 GC heap after
Heap after GC invocations=17 (full 2):
 PSYoungGen      total 321536K, used 64501K [0x00000000d5f00000, 0x00000000f9c80000, 0x0000000100000000)
  eden space 257024K, 0% used [0x00000000d5f00000,0x00000000d5f00000,0x00000000e5a00000)
  from space 64512K, 99% used [0x00000000e5a00000,0x00000000e98fd718,0x00000000e9900000)
  to   space 99328K, 0% used [0x00000000f3b80000,0x00000000f3b80000,0x00000000f9c80000)
 ParOldGen       total 148992K, used 148584K [0x0000000081c00000, 0x000000008ad80000, 0x00000000d5f00000)
  object space 148992K, 99% used [0x0000000081c00000,0x000000008ad1a0e8,0x000000008ad80000)
 Metaspace       used 37473K, capacity 39653K, committed 39936K, reserved 1083392K
  class space    used 4671K, capacity 5342K, committed 5376K, reserved 1048576K
}
Event: 27.622 GC heap before
{Heap before GC invocations=18 (full 3):
 PSYoungGen      total 321536K, used 64501K [0x00000000d5f00000, 0x00000000f9c80000, 0x0000000100000000)
  eden space 257024K, 0% used [0x00000000d5f00000,0x00000000d5f00000,0x00000000e5a00000)
  from space 64512K, 99% used [0x00000000e5a00000,0x00000000e98fd718,0x00000000e9900000)
  to   space 99328K, 0% used [0x00000000f3b80000,0x00000000f3b80000,0x00000000f9c80000)
 ParOldGen       total 148992K, used 148584K [0x0000000081c00000, 0x000000008ad80000, 0x00000000d5f00000)
  object space 148992K, 99% used [0x0000000081c00000,0x000000008ad1a0e8,0x000000008ad80000)
 Metaspace       used 37473K, capacity 39653K, committed 39936K, reserved 1083392K
  class space    used 4671K, capacity 5342K, committed 5376K, reserved 1048576K
Event: 28.572 GC heap after
Heap after GC invocations=18 (full 3):
 PSYoungGen      total 321536K, used 18272K [0x00000000d5f00000, 0x00000000f9c80000, 0x0000000100000000)
  eden space 257024K, 0% used [0x00000000d5f00000,0x00000000d5f00000,0x00000000e5a00000)
  from space 64512K, 28% used [0x00000000e5a00000,0x00000000e6bd8338,0x00000000e9900000)
  to   space 99328K, 0% used [0x00000000f3b80000,0x00000000f3b80000,0x00000000f9c80000)
 ParOldGen       total 262656K, used 148885K [0x0000000081c00000, 0x0000000091c80000, 0x00000000d5f00000)
  object space 262656K, 56% used [0x0000000081c00000,0x000000008ad65698,0x0000000091c80000)
 Metaspace       used 37473K, capacity 39653K, committed 39936K, reserved 1083392K
  class space    used 4671K, capacity 5342K, committed 5376K, reserved 1048576K
}
Event: 33.282 GC heap before
{Heap before GC invocations=19 (full 3):
 PSYoungGen      total 321536K, used 275296K [0x00000000d5f00000, 0x00000000f9c80000, 0x0000000100000000)
  eden space 257024K, 100% used [0x00000000d5f00000,0x00000000e5a00000,0x00000000e5a00000)
  from space 64512K, 28% used [0x00000000e5a00000,0x00000000e6bd8338,0x00000000e9900000)
  to   space 99328K, 0% used [0x00000000f3b80000,0x00000000f3b80000,0x00000000f9c80000)
 ParOldGen       total 262656K, used 148885K [0x0000000081c00000, 0x0000000091c80000, 0x00000000d5f00000)
  object space 262656K, 56% used [0x0000000081c00000,0x000000008ad65698,0x0000000091c80000)
 Metaspace       used 38468K, capacity 40617K, committed 40832K, reserved 1085440K
  class space    used 4962K, capacity 5637K, committed 5760K, reserved 1048576K
Event: 33.871 GC heap after
Heap after GC invocations=19 (full 3):
 PSYoungGen      total 454144K, used 99308K [0x00000000d5f00000, 0x00000000fc400000, 0x0000000100000000)
  eden space 354816K, 0% used [0x00000000d5f00000,0x00000000d5f00000,0x00000000eb980000)
  from space 99328K, 99% used [0x00000000f3b80000,0x00000000f9c7b3f0,0x00000000f9c80000)
  to   space 133120K, 0% used [0x00000000eb980000,0x00000000eb980000,0x00000000f3b80000)
 ParOldGen       total 262656K, used 193749K [0x0000000081c00000, 0x0000000091c80000, 0x00000000d5f00000)
  object space 262656K, 73% used [0x0000000081c00000,0x000000008d935608,0x0000000091c80000)
 Metaspace       used 38468K, capacity 40617K, committed 40832K, reserved 1085440K
  class space    used 4962K, capacity 5637K, committed 5760K, reserved 1048576K
}
Event: 39.166 GC heap before
{Heap before GC invocations=20 (full 3):
 PSYoungGen      total 454144K, used 454124K [0x00000000d5f00000, 0x00000000fc400000, 0x0000000100000000)
  eden space 354816K, 100% used [0x00000000d5f00000,0x00000000eb980000,0x00000000eb980000)
  from space 99328K, 99% used [0x00000000f3b80000,0x00000000f9c7b3f0,0x00000000f9c80000)
  to   space 133120K, 0% used [0x00000000eb980000,0x00000000eb980000,0x00000000f3b80000)
 ParOldGen       total 262656K, used 193749K [0x0000000081c00000, 0x0000000091c80000, 0x00000000d5f00000)
  object space 262656K, 73% used [0x0000000081c00000,0x000000008d935608,0x0000000091c80000)
 Metaspace       used 40763K, capacity 43227K, committed 43520K, reserved 1087488K
  class space    used 5313K, capacity 6042K, committed 6144K, reserved 1048576K
Event: 40.258 GC heap after
Heap after GC invocations=20 (full 3):
 PSYoungGen      total 487936K, used 133107K [0x00000000d5f00000, 0x00000000fc400000, 0x0000000100000000)
  eden space 354816K, 0% used [0x00000000d5f00000,0x00000000d5f00000,0x00000000eb980000)
  from space 133120K, 99% used [0x00000000eb980000,0x00000000f3b7cd90,0x00000000f3b80000)
  to   space 99328K, 0% used [0x00000000f3b80000,0x00000000f3b80000,0x00000000f9c80000)
 ParOldGen       total 262656K, used 229338K [0x0000000081c00000, 0x0000000091c80000, 0x00000000d5f00000)
  object space 262656K, 87% used [0x0000000081c00000,0x000000008fbf6b78,0x0000000091c80000)
 Metaspace       used 40763K, capacity 43227K, committed 43520K, reserved 1087488K
  class space    used 5313K, capacity 6042K, committed 6144K, reserved 1048576K
}
Event: 40.262 GC heap before
{Heap before GC invocations=21 (full 4):
 PSYoungGen      total 487936K, used 133107K [0x00000000d5f00000, 0x00000000fc400000, 0x0000000100000000)
  eden space 354816K, 0% used [0x00000000d5f00000,0x00000000d5f00000,0x00000000eb980000)
  from space 133120K, 99% used [0x00000000eb980000,0x00000000f3b7cd90,0x00000000f3b80000)
  to   space 99328K, 0% used [0x00000000f3b80000,0x00000000f3b80000,0x00000000f9c80000)
 ParOldGen       total 262656K, used 229338K [0x0000000081c00000, 0x0000000091c80000, 0x00000000d5f00000)
  object space 262656K, 87% used [0x0000000081c00000,0x000000008fbf6b78,0x0000000091c80000)
 Metaspace       used 40763K, capacity 43227K, committed 43520K, reserved 1087488K
  class space    used 5313K, capacity 6042K, committed 6144K, reserved 1048576K
Event: 40.900 GC heap after
Heap after GC invocations=21 (full 4):
 PSYoungGen      total 487936K, used 0K [0x00000000d5f00000, 0x00000000fc400000, 0x0000000100000000)
  eden space 354816K, 0% used [0x00000000d5f00000,0x00000000d5f00000,0x00000000eb980000)
  from space 133120K, 0% used [0x00000000eb980000,0x00000000eb980000,0x00000000f3b80000)
  to   space 99328K, 0% used [0x00000000f3b80000,0x00000000f3b80000,0x00000000f9c80000)
 ParOldGen       total 262656K, used 208634K [0x0000000081c00000, 0x0000000091c80000, 0x00000000d5f00000)
  object space 262656K, 79% used [0x0000000081c00000,0x000000008e7be9d0,0x0000000091c80000)
 Metaspace       used 40763K, capacity 43227K, committed 43520K, reserved 1087488K
  class space    used 5313K, capacity 6042K, committed 6144K, reserved 1048576K
}

