# JRE version: Java(TM) SE Runtime Environment (8.0_51-b16) (build 1.8.0_51-b16)
# Java VM: Java HotSpot(TM) 64-Bit Server VM (25.51-b03 mixed mode windows-amd64 compressed oops)
Heap:
 PSYoungGen      total 490496K, used 382312K [0x00000000d5f00000, 0x0000000100000000, 0x0000000100000000)
  eden space 291840K, 99% used [0x00000000d5f00000,0x00000000e7a2acf0,0x00000000e7c00000)
  from space 198656K, 46% used [0x00000000e7c00000,0x00000000ed62f5d8,0x00000000f3e00000)
  to   space 193536K, 0% used [0x00000000f4300000,0x00000000f4300000,0x0000000100000000)
 ParOldGen       total 503296K, used 294696K [0x0000000081c00000, 0x00000000a0780000, 0x00000000d5f00000)
  object space 503296K, 58% used [0x0000000081c00000,0x0000000093bca350,0x00000000a0780000)
 Metaspace       used 81028K, capacity 90092K, committed 90112K, reserved 1124352K
  class space    used 12365K, capacity 14838K, committed 14848K, reserved 1048576K
GC Heap History (10 events):
Event: 137.732 GC heap before
{Heap before GC invocations=90 (full 7):
 PSYoungGen      total 564736K, used 124412K [0x00000000d5f00000, 0x0000000100000000, 0x0000000100000000)
  eden space 440320K, 0% used [0x00000000d5f00000,0x00000000d5f00000,0x00000000f0d00000)
  from space 124416K, 99% used [0x00000000f0d00000,0x00000000f867f318,0x00000000f8680000)
  to   space 124416K, 0% used [0x00000000f8680000,0x00000000f8680000,0x0000000100000000)
 ParOldGen       total 419840K, used 381634K [0x0000000081c00000, 0x000000009b600000, 0x00000000d5f00000)
  object space 419840K, 90% used [0x0000000081c00000,0x00000000990b0870,0x000000009b600000)
 Metaspace       used 74811K, capacity 82364K, committed 82688K, reserved 1118208K
  class space    used 11370K, capacity 13461K, committed 13568K, reserved 1048576K
Event: 138.852 GC heap after
Heap after GC invocations=90 (full 7):
 PSYoungGen      total 564736K, used 0K [0x00000000d5f00000, 0x0000000100000000, 0x0000000100000000)
  eden space 440320K, 0% used [0x00000000d5f00000,0x00000000d5f00000,0x00000000f0d00000)
  from space 124416K, 0% used [0x00000000f0d00000,0x00000000f0d00000,0x00000000f8680000)
  to   space 124416K, 0% used [0x00000000f8680000,0x00000000f8680000,0x0000000100000000)
 ParOldGen       total 419840K, used 380087K [0x0000000081c00000, 0x000000009b600000, 0x00000000d5f00000)
  object space 419840K, 90% used [0x0000000081c00000,0x0000000098f2dd70,0x000000009b600000)
 Metaspace       used 74804K, capacity 82352K, committed 82688K, reserved 1118208K
  class space    used 11367K, capacity 13457K, committed 13568K, reserved 1048576K
}
Event: 141.453 GC heap before
{Heap before GC invocations=91 (full 8):
 PSYoungGen      total 564736K, used 440320K [0x00000000d5f00000, 0x0000000100000000, 0x0000000100000000)
  eden space 440320K, 100% used [0x00000000d5f00000,0x00000000f0d00000,0x00000000f0d00000)
  from space 124416K, 0% used [0x00000000f0d00000,0x00000000f0d00000,0x00000000f8680000)
  to   space 124416K, 0% used [0x00000000f8680000,0x00000000f8680000,0x0000000100000000)
 ParOldGen       total 419840K, used 380087K [0x0000000081c00000, 0x000000009b600000, 0x00000000d5f00000)
  object space 419840K, 90% used [0x0000000081c00000,0x0000000098f2dd70,0x000000009b600000)
 Metaspace       used 76953K, capacity 85378K, committed 85632K, reserved 1120256K
  class space    used 11797K, capacity 14172K, committed 14208K, reserved 1048576K
Event: 142.602 GC heap after
Heap after GC invocations=91 (full 8):
 PSYoungGen      total 564736K, used 0K [0x00000000d5f00000, 0x0000000100000000, 0x0000000100000000)
  eden space 440320K, 0% used [0x00000000d5f00000,0x00000000d5f00000,0x00000000f0d00000)
  from space 124416K, 0% used [0x00000000f0d00000,0x00000000f0d00000,0x00000000f8680000)
  to   space 124416K, 0% used [0x00000000f8680000,0x00000000f8680000,0x0000000100000000)
 ParOldGen       total 419840K, used 397881K [0x0000000081c00000, 0x000000009b600000, 0x00000000d5f00000)
  object space 419840K, 94% used [0x0000000081c00000,0x000000009a08e4c0,0x000000009b600000)
 Metaspace       used 76953K, capacity 85378K, committed 85632K, reserved 1120256K
  class space    used 11797K, capacity 14172K, committed 14208K, reserved 1048576K
}
Event: 146.555 GC heap before
{Heap before GC invocations=92 (full 9):
 PSYoungGen      total 564736K, used 440320K [0x00000000d5f00000, 0x0000000100000000, 0x0000000100000000)
  eden space 440320K, 100% used [0x00000000d5f00000,0x00000000f0d00000,0x00000000f0d00000)
  from space 124416K, 0% used [0x00000000f0d00000,0x00000000f0d00000,0x00000000f8680000)
  to   space 124416K, 0% used [0x00000000f8680000,0x00000000f8680000,0x0000000100000000)
 ParOldGen       total 419840K, used 397881K [0x0000000081c00000, 0x000000009b600000, 0x00000000d5f00000)
  object space 419840K, 94% used [0x0000000081c00000,0x000000009a08e4c0,0x000000009b600000)
 Metaspace       used 76980K, capacity 85382K, committed 85632K, reserved 1120256K
  class space    used 11798K, capacity 14172K, committed 14208K, reserved 1048576K
Event: 147.182 GC heap after
Heap after GC invocations=92 (full 9):
 PSYoungGen      total 564736K, used 0K [0x00000000d5f00000, 0x0000000100000000, 0x0000000100000000)
  eden space 440320K, 0% used [0x00000000d5f00000,0x00000000d5f00000,0x00000000f0d00000)
  from space 124416K, 0% used [0x00000000f0d00000,0x00000000f0d00000,0x00000000f8680000)
  to   space 124416K, 0% used [0x00000000f8680000,0x00000000f8680000,0x0000000100000000)
 ParOldGen       total 503296K, used 257012K [0x0000000081c00000, 0x00000000a0780000, 0x00000000d5f00000)
  object space 503296K, 51% used [0x0000000081c00000,0x00000000916fd068,0x00000000a0780000)
 Metaspace       used 76980K, capacity 85382K, committed 85632K, reserved 1120256K
  class space    used 11798K, capacity 14172K, committed 14208K, reserved 1048576K
}
Event: 151.027 GC heap before
{Heap before GC invocations=93 (full 9):
 PSYoungGen      total 564736K, used 440320K [0x00000000d5f00000, 0x0000000100000000, 0x0000000100000000)
  eden space 440320K, 100% used [0x00000000d5f00000,0x00000000f0d00000,0x00000000f0d00000)
  from space 124416K, 0% used [0x00000000f0d00000,0x00000000f0d00000,0x00000000f8680000)
  to   space 124416K, 0% used [0x00000000f8680000,0x00000000f8680000,0x0000000100000000)
 ParOldGen       total 503296K, used 257012K [0x0000000081c00000, 0x00000000a0780000, 0x00000000d5f00000)
  object space 503296K, 51% used [0x0000000081c00000,0x00000000916fd068,0x00000000a0780000)
 Metaspace       used 78162K, capacity 86760K, committed 86912K, reserved 1122304K
  class space    used 11970K, capacity 14369K, committed 14464K, reserved 1048576K
Event: 151.287 GC heap after
Heap after GC invocations=93 (full 9):
 PSYoungGen      total 416256K, used 124401K [0x00000000d5f00000, 0x0000000100000000, 0x0000000100000000)
  eden space 291840K, 0% used [0x00000000d5f00000,0x00000000d5f00000,0x00000000e7c00000)
  from space 124416K, 99% used [0x00000000f8680000,0x00000000ffffc640,0x0000000100000000)
  to   space 198656K, 0% used [0x00000000e7c00000,0x00000000e7c00000,0x00000000f3e00000)
 ParOldGen       total 503296K, used 289469K [0x0000000081c00000, 0x00000000a0780000, 0x00000000d5f00000)
  object space 503296K, 57% used [0x0000000081c00000,0x00000000936af7c0,0x00000000a0780000)
 Metaspace       used 78162K, capacity 86760K, committed 86912K, reserved 1122304K
  class space    used 11970K, capacity 14369K, committed 14464K, reserved 1048576K
}
Event: 153.775 GC heap before
{Heap before GC invocations=94 (full 9):
 PSYoungGen      total 416256K, used 416241K [0x00000000d5f00000, 0x0000000100000000, 0x0000000100000000)
  eden space 291840K, 100% used [0x00000000d5f00000,0x00000000e7c00000,0x00000000e7c00000)
  from space 124416K, 99% used [0x00000000f8680000,0x00000000ffffc640,0x0000000100000000)
  to   space 198656K, 0% used [0x00000000e7c00000,0x00000000e7c00000,0x00000000f3e00000)
 ParOldGen       total 503296K, used 289469K [0x0000000081c00000, 0x00000000a0780000, 0x00000000d5f00000)
  object space 503296K, 57% used [0x0000000081c00000,0x00000000936af7c0,0x00000000a0780000)
 Metaspace       used 78765K, capacity 87414K, committed 87680K, reserved 1122304K
  class space    used 12050K, capacity 14436K, committed 14464K, reserved 1048576K
Event: 153.933 GC heap after
Heap after GC invocations=94 (full 9):
 PSYoungGen      total 490496K, used 92349K [0x00000000d5f00000, 0x0000000100000000, 0x0000000100000000)
  eden space 291840K, 0% used [0x00000000d5f00000,0x00000000d5f00000,0x00000000e7c00000)
  from space 198656K, 46% used [0x00000000e7c00000,0x00000000ed62f5d8,0x00000000f3e00000)
  to   space 193536K, 0% used [0x00000000f4300000,0x00000000f4300000,0x0000000100000000)
 ParOldGen       total 503296K, used 294696K [0x0000000081c00000, 0x00000000a0780000, 0x00000000d5f00000)
  object space 503296K, 58% used [0x0000000081c00000,0x0000000093bca350,0x00000000a0780000)
 Metaspace       used 78765K, capacity 87414K, committed 87680K, reserved 1122304K
  class space    used 12050K, capacity 14436K, committed 14464K, reserved 1048576K
}

