# JRE version: Java(TM) SE Runtime Environment (8.0_51-b16) (build 1.8.0_51-b16)
# Java VM: Java HotSpot(TM) 64-Bit Server VM (25.51-b03 mixed mode windows-amd64 compressed oops)
Heap:
 PSYoungGen      total 613376K, used 127402K [0x00000000d5f00000, 0x0000000100000000, 0x0000000100000000)
  eden space 537600K, 23% used [0x00000000d5f00000,0x00000000ddb6aa58,0x00000000f6c00000)
  from space 75776K, 0% used [0x00000000f6c00000,0x00000000f6c00000,0x00000000fb600000)
  to   space 75776K, 0% used [0x00000000fb600000,0x00000000fb600000,0x0000000100000000)
 ParOldGen       total 780800K, used 518273K [0x0000000081c00000, 0x00000000b1680000, 0x00000000d5f00000)
  object space 780800K, 66% used [0x0000000081c00000,0x00000000a16204f8,0x00000000b1680000)
 Metaspace       used 85831K, capacity 96230K, committed 96384K, reserved 1128448K
  class space    used 14016K, capacity 17202K, committed 17280K, reserved 1048576K
GC Heap History (10 events):
Event: 117.098 GC heap before
{Heap before GC invocations=154 (full 5):
 PSYoungGen      total 651776K, used 623120K [0x00000000d5f00000, 0x00000000fff00000, 0x0000000100000000)
  eden space 616448K, 100% used [0x00000000d5f00000,0x00000000fb900000,0x00000000fb900000)
  from space 35328K, 18% used [0x00000000fdc80000,0x00000000fe304060,0x00000000fff00000)
  to   space 35840K, 0% used [0x00000000fb900000,0x00000000fb900000,0x00000000fdc00000)
 ParOldGen       total 362496K, used 344154K [0x0000000081c00000, 0x0000000097e00000, 0x00000000d5f00000)
  object space 362496K, 94% used [0x0000000081c00000,0x0000000096c168f0,0x0000000097e00000)
 Metaspace       used 81511K, capacity 90316K, committed 90624K, reserved 1124352K
  class space    used 13242K, capacity 16063K, committed 16128K, reserved 1048576K
Event: 117.240 GC heap after
Heap after GC invocations=154 (full 5):
 PSYoungGen      total 652288K, used 35831K [0x00000000d5f00000, 0x0000000100000000, 0x0000000100000000)
  eden space 616448K, 0% used [0x00000000d5f00000,0x00000000d5f00000,0x00000000fb900000)
  from space 35840K, 99% used [0x00000000fb900000,0x00000000fdbfdeb0,0x00000000fdc00000)
  to   space 36864K, 0% used [0x00000000fdc00000,0x00000000fdc00000,0x0000000100000000)
 ParOldGen       total 397824K, used 397772K [0x0000000081c00000, 0x000000009a080000, 0x00000000d5f00000)
  object space 397824K, 99% used [0x0000000081c00000,0x000000009a073360,0x000000009a080000)
 Metaspace       used 81511K, capacity 90316K, committed 90624K, reserved 1124352K
  class space    used 13242K, capacity 16063K, committed 16128K, reserved 1048576K
}
Event: 117.240 GC heap before
{Heap before GC invocations=155 (full 6):
 PSYoungGen      total 652288K, used 35831K [0x00000000d5f00000, 0x0000000100000000, 0x0000000100000000)
  eden space 616448K, 0% used [0x00000000d5f00000,0x00000000d5f00000,0x00000000fb900000)
  from space 35840K, 99% used [0x00000000fb900000,0x00000000fdbfdeb0,0x00000000fdc00000)
  to   space 36864K, 0% used [0x00000000fdc00000,0x00000000fdc00000,0x0000000100000000)
 ParOldGen       total 397824K, used 397772K [0x0000000081c00000, 0x000000009a080000, 0x00000000d5f00000)
  object space 397824K, 99% used [0x0000000081c00000,0x000000009a073360,0x000000009a080000)
 Metaspace       used 81511K, capacity 90316K, committed 90624K, reserved 1124352K
  class space    used 13242K, capacity 16063K, committed 16128K, reserved 1048576K
Event: 119.181 GC heap after
Heap after GC invocations=155 (full 6):
 PSYoungGen      total 652288K, used 0K [0x00000000d5f00000, 0x0000000100000000, 0x0000000100000000)
  eden space 616448K, 0% used [0x00000000d5f00000,0x00000000d5f00000,0x00000000fb900000)
  from space 35840K, 0% used [0x00000000fb900000,0x00000000fb900000,0x00000000fdc00000)
  to   space 36864K, 0% used [0x00000000fdc00000,0x00000000fdc00000,0x0000000100000000)
 ParOldGen       total 522752K, used 355701K [0x0000000081c00000, 0x00000000a1a80000, 0x00000000d5f00000)
  object space 522752K, 68% used [0x0000000081c00000,0x000000009775d710,0x00000000a1a80000)
 Metaspace       used 81508K, capacity 90312K, committed 90624K, reserved 1124352K
  class space    used 13241K, capacity 16061K, committed 16128K, reserved 1048576K
}
Event: 123.888 GC heap before
{Heap before GC invocations=156 (full 6):
 PSYoungGen      total 652288K, used 616448K [0x00000000d5f00000, 0x0000000100000000, 0x0000000100000000)
  eden space 616448K, 100% used [0x00000000d5f00000,0x00000000fb900000,0x00000000fb900000)
  from space 35840K, 0% used [0x00000000fb900000,0x00000000fb900000,0x00000000fdc00000)
  to   space 36864K, 0% used [0x00000000fdc00000,0x00000000fdc00000,0x0000000100000000)
 ParOldGen       total 522752K, used 355701K [0x0000000081c00000, 0x00000000a1a80000, 0x00000000d5f00000)
  object space 522752K, 68% used [0x0000000081c00000,0x000000009775d710,0x00000000a1a80000)
 Metaspace       used 81954K, capacity 91000K, committed 91136K, reserved 1124352K
  class space    used 13292K, capacity 16119K, committed 16128K, reserved 1048576K
Event: 123.985 GC heap after
Heap after GC invocations=156 (full 6):
 PSYoungGen      total 574464K, used 36863K [0x00000000d5f00000, 0x0000000100000000, 0x0000000100000000)
  eden space 537600K, 0% used [0x00000000d5f00000,0x00000000d5f00000,0x00000000f6c00000)
  from space 36864K, 99% used [0x00000000fdc00000,0x00000000fffffcd0,0x0000000100000000)
  to   space 75776K, 0% used [0x00000000f6c00000,0x00000000f6c00000,0x00000000fb600000)
 ParOldGen       total 522752K, used 390747K [0x0000000081c00000, 0x00000000a1a80000, 0x00000000d5f00000)
  object space 522752K, 74% used [0x0000000081c00000,0x0000000099996e28,0x00000000a1a80000)
 Metaspace       used 81954K, capacity 91000K, committed 91136K, reserved 1124352K
  class space    used 13292K, capacity 16119K, committed 16128K, reserved 1048576K
}
Event: 134.942 GC heap before
{Heap before GC invocations=157 (full 6):
 PSYoungGen      total 574464K, used 574463K [0x00000000d5f00000, 0x0000000100000000, 0x0000000100000000)
  eden space 537600K, 100% used [0x00000000d5f00000,0x00000000f6c00000,0x00000000f6c00000)
  from space 36864K, 99% used [0x00000000fdc00000,0x00000000fffffcd0,0x0000000100000000)
  to   space 75776K, 0% used [0x00000000f6c00000,0x00000000f6c00000,0x00000000fb600000)
 ParOldGen       total 522752K, used 390747K [0x0000000081c00000, 0x00000000a1a80000, 0x00000000d5f00000)
  object space 522752K, 74% used [0x0000000081c00000,0x0000000099996e28,0x00000000a1a80000)
 Metaspace       used 85505K, capacity 95786K, committed 96000K, reserved 1128448K
  class space    used 13954K, capacity 17126K, committed 17152K, reserved 1048576K
Event: 135.346 GC heap after
Heap after GC invocations=157 (full 6):
 PSYoungGen      total 613376K, used 75756K [0x00000000d5f00000, 0x0000000100000000, 0x0000000100000000)
  eden space 537600K, 0% used [0x00000000d5f00000,0x00000000d5f00000,0x00000000f6c00000)
  from space 75776K, 99% used [0x00000000f6c00000,0x00000000fb5fb018,0x00000000fb600000)
  to   space 75776K, 0% used [0x00000000fb600000,0x00000000fb600000,0x0000000100000000)
 ParOldGen       total 551424K, used 551116K [0x0000000081c00000, 0x00000000a3680000, 0x00000000d5f00000)
  object space 551424K, 99% used [0x0000000081c00000,0x00000000a3633048,0x00000000a3680000)
 Metaspace       used 85505K, capacity 95786K, committed 96000K, reserved 1128448K
  class space    used 13954K, capacity 17126K, committed 17152K, reserved 1048576K
}
Event: 135.346 GC heap before
{Heap before GC invocations=158 (full 7):
 PSYoungGen      total 613376K, used 75756K [0x00000000d5f00000, 0x0000000100000000, 0x0000000100000000)
  eden space 537600K, 0% used [0x00000000d5f00000,0x00000000d5f00000,0x00000000f6c00000)
  from space 75776K, 99% used [0x00000000f6c00000,0x00000000fb5fb018,0x00000000fb600000)
  to   space 75776K, 0% used [0x00000000fb600000,0x00000000fb600000,0x0000000100000000)
 ParOldGen       total 551424K, used 551116K [0x0000000081c00000, 0x00000000a3680000, 0x00000000d5f00000)
  object space 551424K, 99% used [0x0000000081c00000,0x00000000a3633048,0x00000000a3680000)
 Metaspace       used 85505K, capacity 95786K, committed 96000K, reserved 1128448K
  class space    used 13954K, capacity 17126K, committed 17152K, reserved 1048576K
Event: 136.680 GC heap after
Heap after GC invocations=158 (full 7):
 PSYoungGen      total 613376K, used 0K [0x00000000d5f00000, 0x0000000100000000, 0x0000000100000000)
  eden space 537600K, 0% used [0x00000000d5f00000,0x00000000d5f00000,0x00000000f6c00000)
  from space 75776K, 0% used [0x00000000f6c00000,0x00000000f6c00000,0x00000000fb600000)
  to   space 75776K, 0% used [0x00000000fb600000,0x00000000fb600000,0x0000000100000000)
 ParOldGen       total 780800K, used 518273K [0x0000000081c00000, 0x00000000b1680000, 0x00000000d5f00000)
  object space 780800K, 66% used [0x0000000081c00000,0x00000000a16204f8,0x00000000b1680000)
 Metaspace       used 85505K, capacity 95786K, committed 96000K, reserved 1128448K
  class space    used 13954K, capacity 17126K, committed 17152K, reserved 1048576K
}

