# JRE version: Java(TM) SE Runtime Environment (8.0_51-b16) (build 1.8.0_51-b16)
# Java VM: Java HotSpot(TM) 64-Bit Server VM (25.51-b03 mixed mode windows-amd64 compressed oops)
Heap:
 PSYoungGen      total 478208K, used 242145K [0x00000000d5f00000, 0x00000000ffc80000, 0x0000000100000000)
  eden space 302080K, 72% used [0x00000000d5f00000,0x00000000e356b8f0,0x00000000e8600000)
  from space 176128K, 12% used [0x00000000e8600000,0x00000000e9c0cb60,0x00000000f3200000)
  to   space 171520K, 0% used [0x00000000f5500000,0x00000000f5500000,0x00000000ffc80000)
 ParOldGen       total 326144K, used 188152K [0x0000000081c00000, 0x0000000095a80000, 0x00000000d5f00000)
  object space 326144K, 57% used [0x0000000081c00000,0x000000008d3be170,0x0000000095a80000)
 Metaspace       used 49694K, capacity 53778K, committed 54016K, reserved 1095680K
  class space    used 7056K, capacity 8082K, committed 8192K, reserved 1048576K
GC Heap History (10 events):
Event: 53.190 GC heap before
{Heap before GC invocations=28 (full 5):
 PSYoungGen      total 457216K, used 268288K [0x00000000d5f00000, 0x00000000fef00000, 0x0000000100000000)
  eden space 268288K, 100% used [0x00000000d5f00000,0x00000000e6500000,0x00000000e6500000)
  from space 188928K, 0% used [0x00000000f3680000,0x00000000f3680000,0x00000000fef00000)
  to   space 201728K, 0% used [0x00000000e6500000,0x00000000e6500000,0x00000000f2a00000)
 ParOldGen       total 326144K, used 170752K [0x0000000081c00000, 0x0000000095a80000, 0x00000000d5f00000)
  object space 326144K, 52% used [0x0000000081c00000,0x000000008c2c0338,0x0000000095a80000)
 Metaspace       used 48488K, capacity 52498K, committed 52608K, reserved 1093632K
  class space    used 6743K, capacity 7746K, committed 7808K, reserved 1048576K
Event: 53.317 GC heap after
Heap after GC invocations=28 (full 5):
 PSYoungGen      total 470016K, used 48872K [0x00000000d5f00000, 0x00000000fef00000, 0x0000000100000000)
  eden space 268288K, 0% used [0x00000000d5f00000,0x00000000d5f00000,0x00000000e6500000)
  from space 201728K, 24% used [0x00000000e6500000,0x00000000e94ba390,0x00000000f2a00000)
  to   space 188928K, 0% used [0x00000000f3680000,0x00000000f3680000,0x00000000fef00000)
 ParOldGen       total 326144K, used 170752K [0x0000000081c00000, 0x0000000095a80000, 0x00000000d5f00000)
  object space 326144K, 52% used [0x0000000081c00000,0x000000008c2c0338,0x0000000095a80000)
 Metaspace       used 48488K, capacity 52498K, committed 52608K, reserved 1093632K
  class space    used 6743K, capacity 7746K, committed 7808K, reserved 1048576K
}
Event: 53.478 GC heap before
{Heap before GC invocations=29 (full 5):
 PSYoungGen      total 470016K, used 317160K [0x00000000d5f00000, 0x00000000fef00000, 0x0000000100000000)
  eden space 268288K, 100% used [0x00000000d5f00000,0x00000000e6500000,0x00000000e6500000)
  from space 201728K, 24% used [0x00000000e6500000,0x00000000e94ba390,0x00000000f2a00000)
  to   space 188928K, 0% used [0x00000000f3680000,0x00000000f3680000,0x00000000fef00000)
 ParOldGen       total 326144K, used 170752K [0x0000000081c00000, 0x0000000095a80000, 0x00000000d5f00000)
  object space 326144K, 52% used [0x0000000081c00000,0x000000008c2c0338,0x0000000095a80000)
 Metaspace       used 48677K, capacity 52736K, committed 52864K, reserved 1093632K
  class space    used 6790K, capacity 7785K, committed 7808K, reserved 1048576K
Event: 53.531 GC heap after
Heap after GC invocations=29 (full 5):
 PSYoungGen      total 457216K, used 15722K [0x00000000d5f00000, 0x00000000fef00000, 0x0000000100000000)
  eden space 268288K, 0% used [0x00000000d5f00000,0x00000000d5f00000,0x00000000e6500000)
  from space 188928K, 8% used [0x00000000f3680000,0x00000000f45dab98,0x00000000fef00000)
  to   space 201728K, 0% used [0x00000000e6500000,0x00000000e6500000,0x00000000f2a00000)
 ParOldGen       total 326144K, used 177488K [0x0000000081c00000, 0x0000000095a80000, 0x00000000d5f00000)
  object space 326144K, 54% used [0x0000000081c00000,0x000000008c954348,0x0000000095a80000)
 Metaspace       used 48677K, capacity 52736K, committed 52864K, reserved 1093632K
  class space    used 6790K, capacity 7785K, committed 7808K, reserved 1048576K
}
Event: 53.908 GC heap before
{Heap before GC invocations=30 (full 5):
 PSYoungGen      total 457216K, used 284010K [0x00000000d5f00000, 0x00000000fef00000, 0x0000000100000000)
  eden space 268288K, 100% used [0x00000000d5f00000,0x00000000e6500000,0x00000000e6500000)
  from space 188928K, 8% used [0x00000000f3680000,0x00000000f45dab98,0x00000000fef00000)
  to   space 201728K, 0% used [0x00000000e6500000,0x00000000e6500000,0x00000000f2a00000)
 ParOldGen       total 326144K, used 177488K [0x0000000081c00000, 0x0000000095a80000, 0x00000000d5f00000)
  object space 326144K, 54% used [0x0000000081c00000,0x000000008c954348,0x0000000095a80000)
 Metaspace       used 48976K, capacity 53054K, committed 53248K, reserved 1095680K
  class space    used 6878K, capacity 7896K, committed 7936K, reserved 1048576K
Event: 53.993 GC heap after
Heap after GC invocations=30 (full 5):
 PSYoungGen      total 470016K, used 32933K [0x00000000d5f00000, 0x00000000fec80000, 0x0000000100000000)
  eden space 268288K, 0% used [0x00000000d5f00000,0x00000000d5f00000,0x00000000e6500000)
  from space 201728K, 16% used [0x00000000e6500000,0x00000000e8529780,0x00000000f2a00000)
  to   space 185344K, 0% used [0x00000000f3780000,0x00000000f3780000,0x00000000fec80000)
 ParOldGen       total 326144K, used 178434K [0x0000000081c00000, 0x0000000095a80000, 0x00000000d5f00000)
  object space 326144K, 54% used [0x0000000081c00000,0x000000008ca409a0,0x0000000095a80000)
 Metaspace       used 48976K, capacity 53054K, committed 53248K, reserved 1095680K
  class space    used 6878K, capacity 7896K, committed 7936K, reserved 1048576K
}
Event: 54.406 GC heap before
{Heap before GC invocations=31 (full 5):
 PSYoungGen      total 470016K, used 301221K [0x00000000d5f00000, 0x00000000fec80000, 0x0000000100000000)
  eden space 268288K, 100% used [0x00000000d5f00000,0x00000000e6500000,0x00000000e6500000)
  from space 201728K, 16% used [0x00000000e6500000,0x00000000e8529780,0x00000000f2a00000)
  to   space 185344K, 0% used [0x00000000f3780000,0x00000000f3780000,0x00000000fec80000)
 ParOldGen       total 326144K, used 178434K [0x0000000081c00000, 0x0000000095a80000, 0x00000000d5f00000)
  object space 326144K, 54% used [0x0000000081c00000,0x000000008ca409a0,0x0000000095a80000)
 Metaspace       used 49353K, capacity 53444K, committed 53632K, reserved 1095680K
  class space    used 6984K, capacity 8011K, committed 8064K, reserved 1048576K
Event: 54.519 GC heap after
Heap after GC invocations=31 (full 5):
 PSYoungGen      total 472576K, used 48683K [0x00000000d5f00000, 0x00000000fde00000, 0x0000000100000000)
  eden space 302080K, 0% used [0x00000000d5f00000,0x00000000d5f00000,0x00000000e8600000)
  from space 170496K, 28% used [0x00000000f3780000,0x00000000f670ada8,0x00000000fde00000)
  to   space 176128K, 0% used [0x00000000e8600000,0x00000000e8600000,0x00000000f3200000)
 ParOldGen       total 326144K, used 181022K [0x0000000081c00000, 0x0000000095a80000, 0x00000000d5f00000)
  object space 326144K, 55% used [0x0000000081c00000,0x000000008ccc7808,0x0000000095a80000)
 Metaspace       used 49353K, capacity 53444K, committed 53632K, reserved 1095680K
  class space    used 6984K, capacity 8011K, committed 8064K, reserved 1048576K
}
Event: 54.705 GC heap before
{Heap before GC invocations=32 (full 5):
 PSYoungGen      total 472576K, used 350763K [0x00000000d5f00000, 0x00000000fde00000, 0x0000000100000000)
  eden space 302080K, 100% used [0x00000000d5f00000,0x00000000e8600000,0x00000000e8600000)
  from space 170496K, 28% used [0x00000000f3780000,0x00000000f670ada8,0x00000000fde00000)
  to   space 176128K, 0% used [0x00000000e8600000,0x00000000e8600000,0x00000000f3200000)
 ParOldGen       total 326144K, used 181024K [0x0000000081c00000, 0x0000000095a80000, 0x00000000d5f00000)
  object space 326144K, 55% used [0x0000000081c00000,0x000000008ccc8160,0x0000000095a80000)
 Metaspace       used 49597K, capacity 53682K, committed 53888K, reserved 1095680K
  class space    used 7023K, capacity 8050K, committed 8064K, reserved 1048576K
Event: 54.763 GC heap after
Heap after GC invocations=32 (full 5):
 PSYoungGen      total 478208K, used 22578K [0x00000000d5f00000, 0x00000000ffc80000, 0x0000000100000000)
  eden space 302080K, 0% used [0x00000000d5f00000,0x00000000d5f00000,0x00000000e8600000)
  from space 176128K, 12% used [0x00000000e8600000,0x00000000e9c0cb60,0x00000000f3200000)
  to   space 171520K, 0% used [0x00000000f5500000,0x00000000f5500000,0x00000000ffc80000)
 ParOldGen       total 326144K, used 188152K [0x0000000081c00000, 0x0000000095a80000, 0x00000000d5f00000)
  object space 326144K, 57% used [0x0000000081c00000,0x000000008d3be170,0x0000000095a80000)
 Metaspace       used 49597K, capacity 53682K, committed 53888K, reserved 1095680K
  class space    used 7023K, capacity 8050K, committed 8064K, reserved 1048576K
}

