# JRE version: Java(TM) SE Runtime Environment (8.0_51-b16) (build 1.8.0_51-b16)
# Java VM: Java HotSpot(TM) 64-Bit Server VM (25.51-b03 mixed mode windows-amd64 compressed oops)
Heap:
 PSYoungGen      total 587776K, used 429398K [0x00000000d5f00000, 0x0000000100000000, 0x0000000100000000)
  eden space 486400K, 88% used [0x00000000d5f00000,0x00000000f0255980,0x00000000f3a00000)
  from space 101376K, 0% used [0x00000000f3a00000,0x00000000f3a00000,0x00000000f9d00000)
  to   space 101376K, 0% used [0x00000000f9d00000,0x00000000f9d00000,0x0000000100000000)
 ParOldGen       total 645120K, used 331972K [0x0000000081c00000, 0x00000000a9200000, 0x00000000d5f00000)
  object space 645120K, 51% used [0x0000000081c00000,0x0000000096031308,0x00000000a9200000)
 Metaspace       used 83285K, capacity 93364K, committed 93568K, reserved 1126400K
  class space    used 13068K, capacity 15937K, committed 16000K, reserved 1048576K
GC Heap History (10 events):
Event: 122.975 GC heap before
{Heap before GC invocations=154 (full 6):
 PSYoungGen      total 656384K, used 625152K [0x00000000d5f00000, 0x0000000100000000, 0x0000000100000000)
  eden space 625152K, 100% used [0x00000000d5f00000,0x00000000fc180000,0x00000000fc180000)
  from space 31232K, 0% used [0x00000000fc180000,0x00000000fc180000,0x00000000fe000000)
  to   space 32768K, 0% used [0x00000000fe000000,0x00000000fe000000,0x0000000100000000)
 ParOldGen       total 513536K, used 356196K [0x0000000081c00000, 0x00000000a1180000, 0x00000000d5f00000)
  object space 513536K, 69% used [0x0000000081c00000,0x00000000977d9140,0x00000000a1180000)
 Metaspace       used 79712K, capacity 88766K, committed 89088K, reserved 1124352K
  class space    used 12425K, capacity 15018K, committed 15104K, reserved 1048576K
Event: 123.417 GC heap after
Heap after GC invocations=154 (full 6):
 PSYoungGen      total 519168K, used 32746K [0x00000000d5f00000, 0x0000000100000000, 0x0000000100000000)
  eden space 486400K, 0% used [0x00000000d5f00000,0x00000000d5f00000,0x00000000f3a00000)
  from space 32768K, 99% used [0x00000000fe000000,0x00000000ffffab50,0x0000000100000000)
  to   space 101376K, 0% used [0x00000000f3a00000,0x00000000f3a00000,0x00000000f9d00000)
 ParOldGen       total 513536K, used 472641K [0x0000000081c00000, 0x00000000a1180000, 0x00000000d5f00000)
  object space 513536K, 92% used [0x0000000081c00000,0x000000009e990660,0x00000000a1180000)
 Metaspace       used 79712K, capacity 88766K, committed 89088K, reserved 1124352K
  class space    used 12425K, capacity 15018K, committed 15104K, reserved 1048576K
}
Event: 123.417 GC heap before
{Heap before GC invocations=155 (full 7):
 PSYoungGen      total 519168K, used 32746K [0x00000000d5f00000, 0x0000000100000000, 0x0000000100000000)
  eden space 486400K, 0% used [0x00000000d5f00000,0x00000000d5f00000,0x00000000f3a00000)
  from space 32768K, 99% used [0x00000000fe000000,0x00000000ffffab50,0x0000000100000000)
  to   space 101376K, 0% used [0x00000000f3a00000,0x00000000f3a00000,0x00000000f9d00000)
 ParOldGen       total 513536K, used 472641K [0x0000000081c00000, 0x00000000a1180000, 0x00000000d5f00000)
  object space 513536K, 92% used [0x0000000081c00000,0x000000009e990660,0x00000000a1180000)
 Metaspace       used 79712K, capacity 88766K, committed 89088K, reserved 1124352K
  class space    used 12425K, capacity 15018K, committed 15104K, reserved 1048576K
Event: 125.161 GC heap after
Heap after GC invocations=155 (full 7):
 PSYoungGen      total 519168K, used 0K [0x00000000d5f00000, 0x0000000100000000, 0x0000000100000000)
  eden space 486400K, 0% used [0x00000000d5f00000,0x00000000d5f00000,0x00000000f3a00000)
  from space 32768K, 0% used [0x00000000fe000000,0x00000000fe000000,0x0000000100000000)
  to   space 101376K, 0% used [0x00000000f3a00000,0x00000000f3a00000,0x00000000f9d00000)
 ParOldGen       total 513536K, used 415760K [0x0000000081c00000, 0x00000000a1180000, 0x00000000d5f00000)
  object space 513536K, 80% used [0x0000000081c00000,0x000000009b204350,0x00000000a1180000)
 Metaspace       used 79712K, capacity 88766K, committed 89088K, reserved 1124352K
  class space    used 12425K, capacity 15018K, committed 15104K, reserved 1048576K
}
Event: 127.643 GC heap before
{Heap before GC invocations=156 (full 7):
 PSYoungGen      total 519168K, used 486400K [0x00000000d5f00000, 0x0000000100000000, 0x0000000100000000)
  eden space 486400K, 100% used [0x00000000d5f00000,0x00000000f3a00000,0x00000000f3a00000)
  from space 32768K, 0% used [0x00000000fe000000,0x00000000fe000000,0x0000000100000000)
  to   space 101376K, 0% used [0x00000000f3a00000,0x00000000f3a00000,0x00000000f9d00000)
 ParOldGen       total 513536K, used 415760K [0x0000000081c00000, 0x00000000a1180000, 0x00000000d5f00000)
  object space 513536K, 80% used [0x0000000081c00000,0x000000009b204350,0x00000000a1180000)
 Metaspace       used 81821K, capacity 91630K, committed 91776K, reserved 1126400K
  class space    used 12871K, capacity 15698K, committed 15744K, reserved 1048576K
Event: 127.855 GC heap after
Heap after GC invocations=156 (full 7):
 PSYoungGen      total 587776K, used 101350K [0x00000000d5f00000, 0x0000000100000000, 0x0000000100000000)
  eden space 486400K, 0% used [0x00000000d5f00000,0x00000000d5f00000,0x00000000f3a00000)
  from space 101376K, 99% used [0x00000000f3a00000,0x00000000f9cf99d8,0x00000000f9d00000)
  to   space 101376K, 0% used [0x00000000f9d00000,0x00000000f9d00000,0x0000000100000000)
 ParOldGen       total 513536K, used 456385K [0x0000000081c00000, 0x00000000a1180000, 0x00000000d5f00000)
  object space 513536K, 88% used [0x0000000081c00000,0x000000009d9b0400,0x00000000a1180000)
 Metaspace       used 81821K, capacity 91630K, committed 91776K, reserved 1126400K
  class space    used 12871K, capacity 15698K, committed 15744K, reserved 1048576K
}
Event: 127.855 GC heap before
{Heap before GC invocations=157 (full 8):
 PSYoungGen      total 587776K, used 101350K [0x00000000d5f00000, 0x0000000100000000, 0x0000000100000000)
  eden space 486400K, 0% used [0x00000000d5f00000,0x00000000d5f00000,0x00000000f3a00000)
  from space 101376K, 99% used [0x00000000f3a00000,0x00000000f9cf99d8,0x00000000f9d00000)
  to   space 101376K, 0% used [0x00000000f9d00000,0x00000000f9d00000,0x0000000100000000)
 ParOldGen       total 513536K, used 456385K [0x0000000081c00000, 0x00000000a1180000, 0x00000000d5f00000)
  object space 513536K, 88% used [0x0000000081c00000,0x000000009d9b0400,0x00000000a1180000)
 Metaspace       used 81821K, capacity 91630K, committed 91776K, reserved 1126400K
  class space    used 12871K, capacity 15698K, committed 15744K, reserved 1048576K
Event: 128.859 GC heap after
Heap after GC invocations=157 (full 8):
 PSYoungGen      total 587776K, used 0K [0x00000000d5f00000, 0x0000000100000000, 0x0000000100000000)
  eden space 486400K, 0% used [0x00000000d5f00000,0x00000000d5f00000,0x00000000f3a00000)
  from space 101376K, 0% used [0x00000000f3a00000,0x00000000f3a00000,0x00000000f9d00000)
  to   space 101376K, 0% used [0x00000000f9d00000,0x00000000f9d00000,0x0000000100000000)
 ParOldGen       total 513536K, used 449239K [0x0000000081c00000, 0x00000000a1180000, 0x00000000d5f00000)
  object space 513536K, 87% used [0x0000000081c00000,0x000000009d2b5d60,0x00000000a1180000)
 Metaspace       used 81821K, capacity 91630K, committed 91776K, reserved 1126400K
  class space    used 12871K, capacity 15698K, committed 15744K, reserved 1048576K
}
Event: 133.116 GC heap before
{Heap before GC invocations=158 (full 9):
 PSYoungGen      total 587776K, used 486400K [0x00000000d5f00000, 0x0000000100000000, 0x0000000100000000)
  eden space 486400K, 100% used [0x00000000d5f00000,0x00000000f3a00000,0x00000000f3a00000)
  from space 101376K, 0% used [0x00000000f3a00000,0x00000000f3a00000,0x00000000f9d00000)
  to   space 101376K, 0% used [0x00000000f9d00000,0x00000000f9d00000,0x0000000100000000)
 ParOldGen       total 513536K, used 449239K [0x0000000081c00000, 0x00000000a1180000, 0x00000000d5f00000)
  object space 513536K, 87% used [0x0000000081c00000,0x000000009d2b5d60,0x00000000a1180000)
 Metaspace       used 82039K, capacity 91894K, committed 92160K, reserved 1126400K
  class space    used 12910K, capacity 15772K, committed 15872K, reserved 1048576K
Event: 134.001 GC heap after
Heap after GC invocations=158 (full 9):
 PSYoungGen      total 587776K, used 0K [0x00000000d5f00000, 0x0000000100000000, 0x0000000100000000)
  eden space 486400K, 0% used [0x00000000d5f00000,0x00000000d5f00000,0x00000000f3a00000)
  from space 101376K, 0% used [0x00000000f3a00000,0x00000000f3a00000,0x00000000f9d00000)
  to   space 101376K, 0% used [0x00000000f9d00000,0x00000000f9d00000,0x0000000100000000)
 ParOldGen       total 645120K, used 331972K [0x0000000081c00000, 0x00000000a9200000, 0x00000000d5f00000)
  object space 645120K, 51% used [0x0000000081c00000,0x0000000096031308,0x00000000a9200000)
 Metaspace       used 82039K, capacity 91894K, committed 92160K, reserved 1126400K
  class space    used 12910K, capacity 15772K, committed 15872K, reserved 1048576K
}

