# JRE version: Java(TM) SE Runtime Environment (8.0_51-b16) (build 1.8.0_51-b16)
# Java VM: Java HotSpot(TM) 64-Bit Server VM (25.51-b03 mixed mode windows-amd64 compressed oops)
Heap:
 PSYoungGen      total 600576K, used 192442K [0x00000000d5f00000, 0x0000000100000000, 0x0000000100000000)
  eden space 569344K, 33% used [0x00000000d5f00000,0x00000000e1aee9b0,0x00000000f8b00000)
  from space 31232K, 0% used [0x00000000fe080000,0x00000000fe080000,0x00000000fff00000)
  to   space 59904K, 0% used [0x00000000f8b00000,0x00000000f8b00000,0x00000000fc580000)
 ParOldGen       total 490496K, used 344100K [0x0000000081c00000, 0x000000009fb00000, 0x00000000d5f00000)
  object space 490496K, 70% used [0x0000000081c00000,0x0000000096c09348,0x000000009fb00000)
 Metaspace       used 77710K, capacity 85922K, committed 86144K, reserved 1120256K
  class space    used 12041K, capacity 14448K, committed 14464K, reserved 1048576K
GC Heap History (10 events):
Event: 122.834 GC heap before
{Heap before GC invocations=151 (full 6):
 PSYoungGen      total 657408K, used 632721K [0x00000000d5f00000, 0x0000000100000000, 0x0000000100000000)
  eden space 626688K, 100% used [0x00000000d5f00000,0x00000000fc300000,0x00000000fc300000)
  from space 30720K, 19% used [0x00000000fe200000,0x00000000fe7e46a8,0x0000000100000000)
  to   space 31232K, 0% used [0x00000000fc300000,0x00000000fc300000,0x00000000fe180000)
 ParOldGen       total 377344K, used 327611K [0x0000000081c00000, 0x0000000098c80000, 0x00000000d5f00000)
  object space 377344K, 86% used [0x0000000081c00000,0x0000000095beed98,0x0000000098c80000)
 Metaspace       used 76148K, capacity 84128K, committed 84352K, reserved 1120256K
  class space    used 11821K, capacity 14183K, committed 14208K, reserved 1048576K
Event: 122.845 GC heap after
Heap after GC invocations=151 (full 6):
 PSYoungGen      total 632320K, used 5312K [0x00000000d5f00000, 0x0000000100000000, 0x0000000100000000)
  eden space 626688K, 0% used [0x00000000d5f00000,0x00000000d5f00000,0x00000000fc300000)
  from space 5632K, 94% used [0x00000000fc300000,0x00000000fc830070,0x00000000fc880000)
  to   space 31744K, 0% used [0x00000000fe100000,0x00000000fe100000,0x0000000100000000)
 ParOldGen       total 377344K, used 327899K [0x0000000081c00000, 0x0000000098c80000, 0x00000000d5f00000)
  object space 377344K, 86% used [0x0000000081c00000,0x0000000095c36d98,0x0000000098c80000)
 Metaspace       used 76148K, capacity 84128K, committed 84352K, reserved 1120256K
  class space    used 11821K, capacity 14183K, committed 14208K, reserved 1048576K
}
Event: 123.990 GC heap before
{Heap before GC invocations=152 (full 6):
 PSYoungGen      total 632320K, used 632000K [0x00000000d5f00000, 0x0000000100000000, 0x0000000100000000)
  eden space 626688K, 100% used [0x00000000d5f00000,0x00000000fc300000,0x00000000fc300000)
  from space 5632K, 94% used [0x00000000fc300000,0x00000000fc830070,0x00000000fc880000)
  to   space 31744K, 0% used [0x00000000fe100000,0x00000000fe100000,0x0000000100000000)
 ParOldGen       total 377344K, used 327901K [0x0000000081c00000, 0x0000000098c80000, 0x00000000d5f00000)
  object space 377344K, 86% used [0x0000000081c00000,0x0000000095c37580,0x0000000098c80000)
 Metaspace       used 76148K, capacity 84128K, committed 84352K, reserved 1120256K
  class space    used 11821K, capacity 14183K, committed 14208K, reserved 1048576K
Event: 124.001 GC heap after
Heap after GC invocations=152 (full 6):
 PSYoungGen      total 657408K, used 5584K [0x00000000d5f00000, 0x0000000100000000, 0x0000000100000000)
  eden space 625664K, 0% used [0x00000000d5f00000,0x00000000d5f00000,0x00000000fc200000)
  from space 31744K, 17% used [0x00000000fe100000,0x00000000fe674060,0x0000000100000000)
  to   space 31744K, 0% used [0x00000000fc200000,0x00000000fc200000,0x00000000fe100000)
 ParOldGen       total 377344K, used 328165K [0x0000000081c00000, 0x0000000098c80000, 0x00000000d5f00000)
  object space 377344K, 86% used [0x0000000081c00000,0x0000000095c79580,0x0000000098c80000)
 Metaspace       used 76148K, capacity 84128K, committed 84352K, reserved 1120256K
  class space    used 11821K, capacity 14183K, committed 14208K, reserved 1048576K
}
Event: 125.227 GC heap before
{Heap before GC invocations=153 (full 6):
 PSYoungGen      total 657408K, used 631248K [0x00000000d5f00000, 0x0000000100000000, 0x0000000100000000)
  eden space 625664K, 100% used [0x00000000d5f00000,0x00000000fc200000,0x00000000fc200000)
  from space 31744K, 17% used [0x00000000fe100000,0x00000000fe674060,0x0000000100000000)
  to   space 31744K, 0% used [0x00000000fc200000,0x00000000fc200000,0x00000000fe100000)
 ParOldGen       total 377344K, used 328671K [0x0000000081c00000, 0x0000000098c80000, 0x00000000d5f00000)
  object space 377344K, 87% used [0x0000000081c00000,0x0000000095cf7d18,0x0000000098c80000)
 Metaspace       used 76148K, capacity 84128K, committed 84352K, reserved 1120256K
  class space    used 11821K, capacity 14183K, committed 14208K, reserved 1048576K
Event: 125.238 GC heap after
Heap after GC invocations=153 (full 6):
 PSYoungGen      total 631296K, used 5568K [0x00000000d5f00000, 0x00000000fff00000, 0x0000000100000000)
  eden space 625664K, 0% used [0x00000000d5f00000,0x00000000d5f00000,0x00000000fc200000)
  from space 5632K, 98% used [0x00000000fc200000,0x00000000fc770050,0x00000000fc780000)
  to   space 31232K, 0% used [0x00000000fe080000,0x00000000fe080000,0x00000000fff00000)
 ParOldGen       total 377344K, used 328975K [0x0000000081c00000, 0x0000000098c80000, 0x00000000d5f00000)
  object space 377344K, 87% used [0x0000000081c00000,0x0000000095d43d18,0x0000000098c80000)
 Metaspace       used 76148K, capacity 84128K, committed 84352K, reserved 1120256K
  class space    used 11821K, capacity 14183K, committed 14208K, reserved 1048576K
}
Event: 129.404 GC heap before
{Heap before GC invocations=154 (full 6):
 PSYoungGen      total 631296K, used 631232K [0x00000000d5f00000, 0x00000000fff00000, 0x0000000100000000)
  eden space 625664K, 100% used [0x00000000d5f00000,0x00000000fc200000,0x00000000fc200000)
  from space 5632K, 98% used [0x00000000fc200000,0x00000000fc770050,0x00000000fc780000)
  to   space 31232K, 0% used [0x00000000fe080000,0x00000000fe080000,0x00000000fff00000)
 ParOldGen       total 377344K, used 328976K [0x0000000081c00000, 0x0000000098c80000, 0x00000000d5f00000)
  object space 377344K, 87% used [0x0000000081c00000,0x0000000095d44350,0x0000000098c80000)
 Metaspace       used 77518K, capacity 85658K, committed 85888K, reserved 1120256K
  class space    used 12015K, capacity 14438K, committed 14464K, reserved 1048576K
Event: 129.641 GC heap after
Heap after GC invocations=154 (full 6):
 PSYoungGen      total 600576K, used 31200K [0x00000000d5f00000, 0x0000000100000000, 0x0000000100000000)
  eden space 569344K, 0% used [0x00000000d5f00000,0x00000000d5f00000,0x00000000f8b00000)
  from space 31232K, 99% used [0x00000000fe080000,0x00000000ffef8050,0x00000000fff00000)
  to   space 59904K, 0% used [0x00000000f8b00000,0x00000000f8b00000,0x00000000fc580000)
 ParOldGen       total 392704K, used 392471K [0x0000000081c00000, 0x0000000099b80000, 0x00000000d5f00000)
  object space 392704K, 99% used [0x0000000081c00000,0x0000000099b45f68,0x0000000099b80000)
 Metaspace       used 77518K, capacity 85658K, committed 85888K, reserved 1120256K
  class space    used 12015K, capacity 14438K, committed 14464K, reserved 1048576K
}
Event: 129.641 GC heap before
{Heap before GC invocations=155 (full 7):
 PSYoungGen      total 600576K, used 31200K [0x00000000d5f00000, 0x0000000100000000, 0x0000000100000000)
  eden space 569344K, 0% used [0x00000000d5f00000,0x00000000d5f00000,0x00000000f8b00000)
  from space 31232K, 99% used [0x00000000fe080000,0x00000000ffef8050,0x00000000fff00000)
  to   space 59904K, 0% used [0x00000000f8b00000,0x00000000f8b00000,0x00000000fc580000)
 ParOldGen       total 392704K, used 392471K [0x0000000081c00000, 0x0000000099b80000, 0x00000000d5f00000)
  object space 392704K, 99% used [0x0000000081c00000,0x0000000099b45f68,0x0000000099b80000)
 Metaspace       used 77518K, capacity 85658K, committed 85888K, reserved 1120256K
  class space    used 12015K, capacity 14438K, committed 14464K, reserved 1048576K
Event: 131.210 GC heap after
Heap after GC invocations=155 (full 7):
 PSYoungGen      total 600576K, used 0K [0x00000000d5f00000, 0x0000000100000000, 0x0000000100000000)
  eden space 569344K, 0% used [0x00000000d5f00000,0x00000000d5f00000,0x00000000f8b00000)
  from space 31232K, 0% used [0x00000000fe080000,0x00000000fe080000,0x00000000fff00000)
  to   space 59904K, 0% used [0x00000000f8b00000,0x00000000f8b00000,0x00000000fc580000)
 ParOldGen       total 490496K, used 344100K [0x0000000081c00000, 0x000000009fb00000, 0x00000000d5f00000)
  object space 490496K, 70% used [0x0000000081c00000,0x0000000096c09348,0x000000009fb00000)
 Metaspace       used 77513K, capacity 85648K, committed 85888K, reserved 1120256K
  class space    used 12014K, capacity 14435K, committed 14464K, reserved 1048576K
}

