# JRE version: Java(TM) SE Runtime Environment (8.0_51-b16) (build 1.8.0_51-b16)
# Java VM: Java HotSpot(TM) 64-Bit Server VM (25.51-b03 mixed mode windows-amd64 compressed oops)
Heap:
 PSYoungGen      total 585728K, used 137132K [0x00000000d5f00000, 0x0000000100000000, 0x0000000100000000)
  eden space 562176K, 20% used [0x00000000d5f00000,0x00000000dcdeb4f0,0x00000000f8400000)
  from space 23552K, 99% used [0x00000000fe900000,0x00000000fffffd00,0x0000000100000000)
  to   space 63488K, 0% used [0x00000000f8400000,0x00000000f8400000,0x00000000fc200000)
 ParOldGen       total 473088K, used 386752K [0x0000000081c00000, 0x000000009ea00000, 0x00000000d5f00000)
  object space 473088K, 81% used [0x0000000081c00000,0x00000000995b00a0,0x000000009ea00000)
 Metaspace       used 78800K, capacity 87322K, committed 87680K, reserved 1122304K
  class space    used 12337K, capacity 14854K, committed 14976K, reserved 1048576K
GC Heap History (10 events):
Event: 100.652 GC heap before
{Heap before GC invocations=148 (full 5):
 PSYoungGen      total 665600K, used 648912K [0x00000000d5f00000, 0x0000000100000000, 0x0000000100000000)
  eden space 643072K, 100% used [0x00000000d5f00000,0x00000000fd300000,0x00000000fd300000)
  from space 22528K, 25% used [0x00000000fea00000,0x00000000fefb4090,0x0000000100000000)
  to   space 23040K, 0% used [0x00000000fd300000,0x00000000fd300000,0x00000000fe980000)
 ParOldGen       total 379392K, used 345950K [0x0000000081c00000, 0x0000000098e80000, 0x00000000d5f00000)
  object space 379392K, 91% used [0x0000000081c00000,0x0000000096dd7b88,0x0000000098e80000)
 Metaspace       used 76828K, capacity 84938K, committed 85248K, reserved 1120256K
  class space    used 12064K, capacity 14502K, committed 14592K, reserved 1048576K
Event: 100.664 GC heap after
Heap after GC invocations=148 (full 5):
 PSYoungGen      total 649216K, used 5952K [0x00000000d5f00000, 0x0000000100000000, 0x0000000100000000)
  eden space 643072K, 0% used [0x00000000d5f00000,0x00000000d5f00000,0x00000000fd300000)
  from space 6144K, 96% used [0x00000000fd300000,0x00000000fd8d00a0,0x00000000fd900000)
  to   space 23552K, 0% used [0x00000000fe900000,0x00000000fe900000,0x0000000100000000)
 ParOldGen       total 379392K, used 346246K [0x0000000081c00000, 0x0000000098e80000, 0x00000000d5f00000)
  object space 379392K, 91% used [0x0000000081c00000,0x0000000096e21b88,0x0000000098e80000)
 Metaspace       used 76828K, capacity 84938K, committed 85248K, reserved 1120256K
  class space    used 12064K, capacity 14502K, committed 14592K, reserved 1048576K
}
Event: 101.803 GC heap before
{Heap before GC invocations=149 (full 5):
 PSYoungGen      total 649216K, used 649024K [0x00000000d5f00000, 0x0000000100000000, 0x0000000100000000)
  eden space 643072K, 100% used [0x00000000d5f00000,0x00000000fd300000,0x00000000fd300000)
  from space 6144K, 96% used [0x00000000fd300000,0x00000000fd8d00a0,0x00000000fd900000)
  to   space 23552K, 0% used [0x00000000fe900000,0x00000000fe900000,0x0000000100000000)
 ParOldGen       total 379392K, used 346246K [0x0000000081c00000, 0x0000000098e80000, 0x00000000d5f00000)
  object space 379392K, 91% used [0x0000000081c00000,0x0000000096e21b88,0x0000000098e80000)
 Metaspace       used 76839K, capacity 84938K, committed 85248K, reserved 1120256K
  class space    used 12065K, capacity 14502K, committed 14592K, reserved 1048576K
Event: 101.817 GC heap after
Heap after GC invocations=149 (full 5):
 PSYoungGen      total 665600K, used 7137K [0x00000000d5f00000, 0x0000000100000000, 0x0000000100000000)
  eden space 642048K, 0% used [0x00000000d5f00000,0x00000000d5f00000,0x00000000fd200000)
  from space 23552K, 30% used [0x00000000fe900000,0x00000000feff86c8,0x0000000100000000)
  to   space 23552K, 0% used [0x00000000fd200000,0x00000000fd200000,0x00000000fe900000)
 ParOldGen       total 379392K, used 346582K [0x0000000081c00000, 0x0000000098e80000, 0x00000000d5f00000)
  object space 379392K, 91% used [0x0000000081c00000,0x0000000096e75b88,0x0000000098e80000)
 Metaspace       used 76839K, capacity 84938K, committed 85248K, reserved 1120256K
  class space    used 12065K, capacity 14502K, committed 14592K, reserved 1048576K
}
Event: 106.619 GC heap before
{Heap before GC invocations=150 (full 5):
 PSYoungGen      total 665600K, used 649185K [0x00000000d5f00000, 0x0000000100000000, 0x0000000100000000)
  eden space 642048K, 100% used [0x00000000d5f00000,0x00000000fd200000,0x00000000fd200000)
  from space 23552K, 30% used [0x00000000fe900000,0x00000000feff86c8,0x0000000100000000)
  to   space 23552K, 0% used [0x00000000fd200000,0x00000000fd200000,0x00000000fe900000)
 ParOldGen       total 379392K, used 346858K [0x0000000081c00000, 0x0000000098e80000, 0x00000000d5f00000)
  object space 379392K, 91% used [0x0000000081c00000,0x0000000096ebaa88,0x0000000098e80000)
 Metaspace       used 77511K, capacity 85668K, committed 85760K, reserved 1120256K
  class space    used 12168K, capacity 14581K, committed 14592K, reserved 1048576K
Event: 106.702 GC heap after
Heap after GC invocations=150 (full 5):
 PSYoungGen      total 665600K, used 23533K [0x00000000d5f00000, 0x0000000100000000, 0x0000000100000000)
  eden space 642048K, 0% used [0x00000000d5f00000,0x00000000d5f00000,0x00000000fd200000)
  from space 23552K, 99% used [0x00000000fd200000,0x00000000fe8fb5c0,0x00000000fe900000)
  to   space 23552K, 0% used [0x00000000fe900000,0x00000000fe900000,0x0000000100000000)
 ParOldGen       total 380416K, used 380141K [0x0000000081c00000, 0x0000000098f80000, 0x00000000d5f00000)
  object space 380416K, 99% used [0x0000000081c00000,0x0000000098f3b590,0x0000000098f80000)
 Metaspace       used 77511K, capacity 85668K, committed 85760K, reserved 1120256K
  class space    used 12168K, capacity 14581K, committed 14592K, reserved 1048576K
}
Event: 106.702 GC heap before
{Heap before GC invocations=151 (full 6):
 PSYoungGen      total 665600K, used 23533K [0x00000000d5f00000, 0x0000000100000000, 0x0000000100000000)
  eden space 642048K, 0% used [0x00000000d5f00000,0x00000000d5f00000,0x00000000fd200000)
  from space 23552K, 99% used [0x00000000fd200000,0x00000000fe8fb5c0,0x00000000fe900000)
  to   space 23552K, 0% used [0x00000000fe900000,0x00000000fe900000,0x0000000100000000)
 ParOldGen       total 380416K, used 380141K [0x0000000081c00000, 0x0000000098f80000, 0x00000000d5f00000)
  object space 380416K, 99% used [0x0000000081c00000,0x0000000098f3b590,0x0000000098f80000)
 Metaspace       used 77511K, capacity 85668K, committed 85760K, reserved 1120256K
  class space    used 12168K, capacity 14581K, committed 14592K, reserved 1048576K
Event: 107.853 GC heap after
Heap after GC invocations=151 (full 6):
 PSYoungGen      total 665600K, used 0K [0x00000000d5f00000, 0x0000000100000000, 0x0000000100000000)
  eden space 642048K, 0% used [0x00000000d5f00000,0x00000000d5f00000,0x00000000fd200000)
  from space 23552K, 0% used [0x00000000fd200000,0x00000000fd200000,0x00000000fe900000)
  to   space 23552K, 0% used [0x00000000fe900000,0x00000000fe900000,0x0000000100000000)
 ParOldGen       total 473088K, used 320529K [0x0000000081c00000, 0x000000009ea00000, 0x00000000d5f00000)
  object space 473088K, 67% used [0x0000000081c00000,0x0000000095504660,0x000000009ea00000)
 Metaspace       used 77507K, capacity 85662K, committed 85760K, reserved 1120256K
  class space    used 12167K, capacity 14578K, committed 14592K, reserved 1048576K
}
Event: 113.179 GC heap before
{Heap before GC invocations=152 (full 6):
 PSYoungGen      total 665600K, used 642048K [0x00000000d5f00000, 0x0000000100000000, 0x0000000100000000)
  eden space 642048K, 100% used [0x00000000d5f00000,0x00000000fd200000,0x00000000fd200000)
  from space 23552K, 0% used [0x00000000fd200000,0x00000000fd200000,0x00000000fe900000)
  to   space 23552K, 0% used [0x00000000fe900000,0x00000000fe900000,0x0000000100000000)
 ParOldGen       total 473088K, used 320532K [0x0000000081c00000, 0x000000009ea00000, 0x00000000d5f00000)
  object space 473088K, 67% used [0x0000000081c00000,0x0000000095505198,0x000000009ea00000)
 Metaspace       used 78320K, capacity 86556K, committed 86784K, reserved 1122304K
  class space    used 12267K, capacity 14743K, committed 14848K, reserved 1048576K
Event: 113.313 GC heap after
Heap after GC invocations=152 (full 6):
 PSYoungGen      total 585728K, used 23551K [0x00000000d5f00000, 0x0000000100000000, 0x0000000100000000)
  eden space 562176K, 0% used [0x00000000d5f00000,0x00000000d5f00000,0x00000000f8400000)
  from space 23552K, 99% used [0x00000000fe900000,0x00000000fffffd00,0x0000000100000000)
  to   space 63488K, 0% used [0x00000000f8400000,0x00000000f8400000,0x00000000fc200000)
 ParOldGen       total 473088K, used 386752K [0x0000000081c00000, 0x000000009ea00000, 0x00000000d5f00000)
  object space 473088K, 81% used [0x0000000081c00000,0x00000000995b00a0,0x000000009ea00000)
 Metaspace       used 78320K, capacity 86556K, committed 86784K, reserved 1122304K
  class space    used 12267K, capacity 14743K, committed 14848K, reserved 1048576K
}

