# JRE version: Java(TM) SE Runtime Environment (8.0_51-b16) (build 1.8.0_51-b16)
# Java VM: Java HotSpot(TM) 64-Bit Server VM (25.51-b03 mixed mode windows-amd64 compressed oops)
Heap:
 PSYoungGen      total 392704K, used 261467K [0x00000000d5f00000, 0x00000000f5e00000, 0x0000000100000000)
  eden space 273920K, 89% used [0x00000000d5f00000,0x00000000e4ddf4e8,0x00000000e6a80000)
  from space 118784K, 14% used [0x00000000e6a80000,0x00000000e7af7990,0x00000000ede80000)
  to   space 108032K, 0% used [0x00000000ede80000,0x00000000ede80000,0x00000000f4800000)
 ParOldGen       total 151040K, used 151009K [0x0000000081c00000, 0x000000008af80000, 0x00000000d5f00000)
  object space 151040K, 99% used [0x0000000081c00000,0x000000008af78480,0x000000008af80000)
 Metaspace       used 40998K, capacity 43399K, committed 43520K, reserved 1087488K
  class space    used 5384K, capacity 6138K, committed 6144K, reserved 1048576K
GC Heap History (10 events):
Event: 19.056 GC heap before
{Heap before GC invocations=14 (full 2):
 PSYoungGen      total 201216K, used 201203K [0x00000000d5f00000, 0x00000000eb680000, 0x0000000100000000)
  eden space 141824K, 100% used [0x00000000d5f00000,0x00000000de980000,0x00000000de980000)
  from space 59392K, 99% used [0x00000000de980000,0x00000000e237cc30,0x00000000e2380000)
  to   space 71168K, 0% used [0x00000000e7100000,0x00000000e7100000,0x00000000eb680000)
 ParOldGen       total 151040K, used 92256K [0x0000000081c00000, 0x000000008af80000, 0x00000000d5f00000)
  object space 151040K, 61% used [0x0000000081c00000,0x00000000876180d8,0x000000008af80000)
 Metaspace       used 36034K, capacity 38099K, committed 38400K, reserved 1083392K
  class space    used 4404K, capacity 5037K, committed 5120K, reserved 1048576K
Event: 19.296 GC heap after
Heap after GC invocations=14 (full 2):
 PSYoungGen      total 263168K, used 71142K [0x00000000d5f00000, 0x00000000ed980000, 0x0000000100000000)
  eden space 192000K, 0% used [0x00000000d5f00000,0x00000000d5f00000,0x00000000e1a80000)
  from space 71168K, 99% used [0x00000000e7100000,0x00000000eb679bb0,0x00000000eb680000)
  to   space 88576K, 0% used [0x00000000e1a80000,0x00000000e1a80000,0x00000000e7100000)
 ParOldGen       total 151040K, used 106974K [0x0000000081c00000, 0x000000008af80000, 0x00000000d5f00000)
  object space 151040K, 70% used [0x0000000081c00000,0x0000000088477888,0x000000008af80000)
 Metaspace       used 36034K, capacity 38099K, committed 38400K, reserved 1083392K
  class space    used 4404K, capacity 5037K, committed 5120K, reserved 1048576K
}
Event: 21.370 GC heap before
{Heap before GC invocations=15 (full 2):
 PSYoungGen      total 263168K, used 263142K [0x00000000d5f00000, 0x00000000ed980000, 0x0000000100000000)
  eden space 192000K, 100% used [0x00000000d5f00000,0x00000000e1a80000,0x00000000e1a80000)
  from space 71168K, 99% used [0x00000000e7100000,0x00000000eb679bb0,0x00000000eb680000)
  to   space 88576K, 0% used [0x00000000e1a80000,0x00000000e1a80000,0x00000000e7100000)
 ParOldGen       total 151040K, used 106976K [0x0000000081c00000, 0x000000008af80000, 0x00000000d5f00000)
  object space 151040K, 70% used [0x0000000081c00000,0x0000000088478388,0x000000008af80000)
 Metaspace       used 37470K, capacity 39703K, committed 39936K, reserved 1083392K
  class space    used 4677K, capacity 5365K, committed 5376K, reserved 1048576K
Event: 21.667 GC heap after
Heap after GC invocations=15 (full 2):
 PSYoungGen      total 280576K, used 88566K [0x00000000d5f00000, 0x00000000f4800000, 0x0000000100000000)
  eden space 192000K, 0% used [0x00000000d5f00000,0x00000000d5f00000,0x00000000e1a80000)
  from space 88576K, 99% used [0x00000000e1a80000,0x00000000e70fdb40,0x00000000e7100000)
  to   space 108032K, 0% used [0x00000000ede80000,0x00000000ede80000,0x00000000f4800000)
 ParOldGen       total 151040K, used 119139K [0x0000000081c00000, 0x000000008af80000, 0x00000000d5f00000)
  object space 151040K, 78% used [0x0000000081c00000,0x0000000089058c58,0x000000008af80000)
 Metaspace       used 37470K, capacity 39703K, committed 39936K, reserved 1083392K
  class space    used 4677K, capacity 5365K, committed 5376K, reserved 1048576K
}
Event: 23.146 GC heap before
{Heap before GC invocations=16 (full 2):
 PSYoungGen      total 280576K, used 280566K [0x00000000d5f00000, 0x00000000f4800000, 0x0000000100000000)
  eden space 192000K, 100% used [0x00000000d5f00000,0x00000000e1a80000,0x00000000e1a80000)
  from space 88576K, 99% used [0x00000000e1a80000,0x00000000e70fdb40,0x00000000e7100000)
  to   space 108032K, 0% used [0x00000000ede80000,0x00000000ede80000,0x00000000f4800000)
 ParOldGen       total 151040K, used 119139K [0x0000000081c00000, 0x000000008af80000, 0x00000000d5f00000)
  object space 151040K, 78% used [0x0000000081c00000,0x0000000089058c58,0x000000008af80000)
 Metaspace       used 38197K, capacity 40375K, committed 40448K, reserved 1083392K
  class space    used 4875K, capacity 5564K, committed 5632K, reserved 1048576K
Event: 23.403 GC heap after
Heap after GC invocations=16 (full 2):
 PSYoungGen      total 381952K, used 86304K [0x00000000d5f00000, 0x00000000f5e00000, 0x0000000100000000)
  eden space 273920K, 0% used [0x00000000d5f00000,0x00000000d5f00000,0x00000000e6a80000)
  from space 108032K, 79% used [0x00000000ede80000,0x00000000f32c83c0,0x00000000f4800000)
  to   space 118784K, 0% used [0x00000000e6a80000,0x00000000e6a80000,0x00000000ede80000)
 ParOldGen       total 151040K, used 121738K [0x0000000081c00000, 0x000000008af80000, 0x00000000d5f00000)
  object space 151040K, 80% used [0x0000000081c00000,0x00000000892e2948,0x000000008af80000)
 Metaspace       used 38197K, capacity 40375K, committed 40448K, reserved 1083392K
  class space    used 4875K, capacity 5564K, committed 5632K, reserved 1048576K
}
Event: 25.351 GC heap before
{Heap before GC invocations=17 (full 2):
 PSYoungGen      total 381952K, used 360224K [0x00000000d5f00000, 0x00000000f5e00000, 0x0000000100000000)
  eden space 273920K, 100% used [0x00000000d5f00000,0x00000000e6a80000,0x00000000e6a80000)
  from space 108032K, 79% used [0x00000000ede80000,0x00000000f32c83c0,0x00000000f4800000)
  to   space 118784K, 0% used [0x00000000e6a80000,0x00000000e6a80000,0x00000000ede80000)
 ParOldGen       total 151040K, used 121738K [0x0000000081c00000, 0x000000008af80000, 0x00000000d5f00000)
  object space 151040K, 80% used [0x0000000081c00000,0x00000000892e29c8,0x000000008af80000)
 Metaspace       used 39622K, capacity 41855K, committed 41984K, reserved 1085440K
  class space    used 5166K, capacity 5866K, committed 5888K, reserved 1048576K
Event: 25.715 GC heap after
Heap after GC invocations=17 (full 2):
 PSYoungGen      total 392704K, used 118776K [0x00000000d5f00000, 0x00000000f5e00000, 0x0000000100000000)
  eden space 273920K, 0% used [0x00000000d5f00000,0x00000000d5f00000,0x00000000e6a80000)
  from space 118784K, 99% used [0x00000000e6a80000,0x00000000ede7e118,0x00000000ede80000)
  to   space 108032K, 0% used [0x00000000ede80000,0x00000000ede80000,0x00000000f4800000)
 ParOldGen       total 151040K, used 134637K [0x0000000081c00000, 0x000000008af80000, 0x00000000d5f00000)
  object space 151040K, 89% used [0x0000000081c00000,0x0000000089f7b440,0x000000008af80000)
 Metaspace       used 39622K, capacity 41855K, committed 41984K, reserved 1085440K
  class space    used 5166K, capacity 5866K, committed 5888K, reserved 1048576K
}
Event: 25.715 GC heap before
{Heap before GC invocations=18 (full 3):
 PSYoungGen      total 392704K, used 118776K [0x00000000d5f00000, 0x00000000f5e00000, 0x0000000100000000)
  eden space 273920K, 0% used [0x00000000d5f00000,0x00000000d5f00000,0x00000000e6a80000)
  from space 118784K, 99% used [0x00000000e6a80000,0x00000000ede7e118,0x00000000ede80000)
  to   space 108032K, 0% used [0x00000000ede80000,0x00000000ede80000,0x00000000f4800000)
 ParOldGen       total 151040K, used 134637K [0x0000000081c00000, 0x000000008af80000, 0x00000000d5f00000)
  object space 151040K, 89% used [0x0000000081c00000,0x0000000089f7b440,0x000000008af80000)
 Metaspace       used 39622K, capacity 41855K, committed 41984K, reserved 1085440K
  class space    used 5166K, capacity 5866K, committed 5888K, reserved 1048576K
Event: 26.429 GC heap after
Heap after GC invocations=18 (full 3):
 PSYoungGen      total 392704K, used 16862K [0x00000000d5f00000, 0x00000000f5e00000, 0x0000000100000000)
  eden space 273920K, 0% used [0x00000000d5f00000,0x00000000d5f00000,0x00000000e6a80000)
  from space 118784K, 14% used [0x00000000e6a80000,0x00000000e7af7990,0x00000000ede80000)
  to   space 108032K, 0% used [0x00000000ede80000,0x00000000ede80000,0x00000000f4800000)
 ParOldGen       total 151040K, used 151009K [0x0000000081c00000, 0x000000008af80000, 0x00000000d5f00000)
  object space 151040K, 99% used [0x0000000081c00000,0x000000008af78480,0x000000008af80000)
 Metaspace       used 39622K, capacity 41855K, committed 41984K, reserved 1085440K
  class space    used 5166K, capacity 5866K, committed 5888K, reserved 1048576K
}

