# JRE version: Java(TM) SE Runtime Environment (8.0_51-b16) (build 1.8.0_51-b16)
# Java VM: Java HotSpot(TM) 64-Bit Server VM (25.51-b03 mixed mode windows-amd64 compressed oops)
Heap:
 PSYoungGen      total 674304K, used 28882K [0x00000000d5f00000, 0x00000000ffe80000, 0x0000000100000000)
  eden space 663040K, 3% used [0x00000000d5f00000,0x00000000d74909e8,0x00000000fe680000)
  from space 11264K, 60% used [0x00000000ff380000,0x00000000ffa241a0,0x00000000ffe80000)
  to   space 12288K, 0% used [0x00000000fe680000,0x00000000fe680000,0x00000000ff280000)
 ParOldGen       total 587264K, used 502480K [0x0000000081c00000, 0x00000000a5980000, 0x00000000d5f00000)
  object space 587264K, 85% used [0x0000000081c00000,0x00000000a06b4240,0x00000000a5980000)
 Metaspace       used 94612K, capacity 106216K, committed 106496K, reserved 1138688K
  class space    used 13944K, capacity 16802K, committed 16896K, reserved 1048576K
GC Heap History (10 events):
Event: 736.334 GC heap before
{Heap before GC invocations=261 (full 8):
 PSYoungGen      total 672768K, used 663902K [0x00000000d5f00000, 0x00000000ffe80000, 0x0000000100000000)
  eden space 659968K, 100% used [0x00000000d5f00000,0x00000000fe380000,0x00000000fe380000)
  from space 12800K, 30% used [0x00000000ff200000,0x00000000ff5d7ae0,0x00000000ffe80000)
  to   space 13824K, 0% used [0x00000000fe380000,0x00000000fe380000,0x00000000ff100000)
 ParOldGen       total 587264K, used 501388K [0x0000000081c00000, 0x00000000a5980000, 0x00000000d5f00000)
  object space 587264K, 85% used [0x0000000081c00000,0x00000000a05a3198,0x00000000a5980000)
 Metaspace       used 94496K, capacity 106082K, committed 106240K, reserved 1138688K
  class space    used 13937K, capacity 16801K, committed 16896K, reserved 1048576K
Event: 736.342 GC heap after
Heap after GC invocations=261 (full 8):
 PSYoungGen      total 673792K, used 4638K [0x00000000d5f00000, 0x0000000100000000, 0x0000000100000000)
  eden space 659968K, 0% used [0x00000000d5f00000,0x00000000d5f00000,0x00000000fe380000)
  from space 13824K, 33% used [0x00000000fe380000,0x00000000fe807b40,0x00000000ff100000)
  to   space 13312K, 0% used [0x00000000ff300000,0x00000000ff300000,0x0000000100000000)
 ParOldGen       total 587264K, used 501684K [0x0000000081c00000, 0x00000000a5980000, 0x00000000d5f00000)
  object space 587264K, 85% used [0x0000000081c00000,0x00000000a05ed228,0x00000000a5980000)
 Metaspace       used 94496K, capacity 106082K, committed 106240K, reserved 1138688K
  class space    used 13937K, capacity 16801K, committed 16896K, reserved 1048576K
}
Event: 738.587 GC heap before
{Heap before GC invocations=262 (full 8):
 PSYoungGen      total 673792K, used 664606K [0x00000000d5f00000, 0x0000000100000000, 0x0000000100000000)
  eden space 659968K, 100% used [0x00000000d5f00000,0x00000000fe380000,0x00000000fe380000)
  from space 13824K, 33% used [0x00000000fe380000,0x00000000fe807b40,0x00000000ff100000)
  to   space 13312K, 0% used [0x00000000ff300000,0x00000000ff300000,0x0000000100000000)
 ParOldGen       total 587264K, used 501684K [0x0000000081c00000, 0x00000000a5980000, 0x00000000d5f00000)
  object space 587264K, 85% used [0x0000000081c00000,0x00000000a05ed228,0x00000000a5980000)
 Metaspace       used 94508K, capacity 106082K, committed 106240K, reserved 1138688K
  class space    used 13937K, capacity 16801K, committed 16896K, reserved 1048576K
Event: 738.596 GC heap after
Heap after GC invocations=262 (full 8):
 PSYoungGen      total 672768K, used 5481K [0x00000000d5f00000, 0x00000000ffd80000, 0x0000000100000000)
  eden space 662016K, 0% used [0x00000000d5f00000,0x00000000d5f00000,0x00000000fe580000)
  from space 10752K, 50% used [0x00000000ff300000,0x00000000ff85a510,0x00000000ffd80000)
  to   space 12288K, 0% used [0x00000000fe580000,0x00000000fe580000,0x00000000ff180000)
 ParOldGen       total 587264K, used 501716K [0x0000000081c00000, 0x00000000a5980000, 0x00000000d5f00000)
  object space 587264K, 85% used [0x0000000081c00000,0x00000000a05f5228,0x00000000a5980000)
 Metaspace       used 94508K, capacity 106082K, committed 106240K, reserved 1138688K
  class space    used 13937K, capacity 16801K, committed 16896K, reserved 1048576K
}
Event: 741.115 GC heap before
{Heap before GC invocations=263 (full 8):
 PSYoungGen      total 672768K, used 667497K [0x00000000d5f00000, 0x00000000ffd80000, 0x0000000100000000)
  eden space 662016K, 100% used [0x00000000d5f00000,0x00000000fe580000,0x00000000fe580000)
  from space 10752K, 50% used [0x00000000ff300000,0x00000000ff85a510,0x00000000ffd80000)
  to   space 12288K, 0% used [0x00000000fe580000,0x00000000fe580000,0x00000000ff180000)
 ParOldGen       total 587264K, used 501716K [0x0000000081c00000, 0x00000000a5980000, 0x00000000d5f00000)
  object space 587264K, 85% used [0x0000000081c00000,0x00000000a05f5228,0x00000000a5980000)
 Metaspace       used 94510K, capacity 106082K, committed 106240K, reserved 1138688K
  class space    used 13937K, capacity 16801K, committed 16896K, reserved 1048576K
Event: 741.123 GC heap after
Heap after GC invocations=263 (full 8):
 PSYoungGen      total 674304K, used 5518K [0x00000000d5f00000, 0x0000000100000000, 0x0000000100000000)
  eden space 662016K, 0% used [0x00000000d5f00000,0x00000000d5f00000,0x00000000fe580000)
  from space 12288K, 44% used [0x00000000fe580000,0x00000000feae3a60,0x00000000ff180000)
  to   space 11776K, 0% used [0x00000000ff480000,0x00000000ff480000,0x0000000100000000)
 ParOldGen       total 587264K, used 501812K [0x0000000081c00000, 0x00000000a5980000, 0x00000000d5f00000)
  object space 587264K, 85% used [0x0000000081c00000,0x00000000a060d228,0x00000000a5980000)
 Metaspace       used 94510K, capacity 106082K, committed 106240K, reserved 1138688K
  class space    used 13937K, capacity 16801K, committed 16896K, reserved 1048576K
}
Event: 744.104 GC heap before
{Heap before GC invocations=264 (full 8):
 PSYoungGen      total 674304K, used 667534K [0x00000000d5f00000, 0x0000000100000000, 0x0000000100000000)
  eden space 662016K, 100% used [0x00000000d5f00000,0x00000000fe580000,0x00000000fe580000)
  from space 12288K, 44% used [0x00000000fe580000,0x00000000feae3a60,0x00000000ff180000)
  to   space 11776K, 0% used [0x00000000ff480000,0x00000000ff480000,0x0000000100000000)
 ParOldGen       total 587264K, used 501812K [0x0000000081c00000, 0x00000000a5980000, 0x00000000d5f00000)
  object space 587264K, 85% used [0x0000000081c00000,0x00000000a060d228,0x00000000a5980000)
 Metaspace       used 94535K, capacity 106146K, committed 106496K, reserved 1138688K
  class space    used 13937K, capacity 16801K, committed 16896K, reserved 1048576K
Event: 744.120 GC heap after
Heap after GC invocations=264 (full 8):
 PSYoungGen      total 674304K, used 11559K [0x00000000d5f00000, 0x0000000100000000, 0x0000000100000000)
  eden space 662528K, 0% used [0x00000000d5f00000,0x00000000d5f00000,0x00000000fe600000)
  from space 11776K, 98% used [0x00000000ff480000,0x00000000fffc9ef0,0x0000000100000000)
  to   space 13312K, 0% used [0x00000000fe600000,0x00000000fe600000,0x00000000ff300000)
 ParOldGen       total 587264K, used 502240K [0x0000000081c00000, 0x00000000a5980000, 0x00000000d5f00000)
  object space 587264K, 85% used [0x0000000081c00000,0x00000000a0678240,0x00000000a5980000)
 Metaspace       used 94535K, capacity 106146K, committed 106496K, reserved 1138688K
  class space    used 13937K, capacity 16801K, committed 16896K, reserved 1048576K
}
Event: 747.445 GC heap before
{Heap before GC invocations=265 (full 8):
 PSYoungGen      total 674304K, used 674087K [0x00000000d5f00000, 0x0000000100000000, 0x0000000100000000)
  eden space 662528K, 100% used [0x00000000d5f00000,0x00000000fe600000,0x00000000fe600000)
  from space 11776K, 98% used [0x00000000ff480000,0x00000000fffc9ef0,0x0000000100000000)
  to   space 13312K, 0% used [0x00000000fe600000,0x00000000fe600000,0x00000000ff300000)
 ParOldGen       total 587264K, used 502240K [0x0000000081c00000, 0x00000000a5980000, 0x00000000d5f00000)
  object space 587264K, 85% used [0x0000000081c00000,0x00000000a0678240,0x00000000a5980000)
 Metaspace       used 94607K, capacity 106152K, committed 106496K, reserved 1138688K
  class space    used 13944K, capacity 16802K, committed 16896K, reserved 1048576K
Event: 747.454 GC heap after
Heap after GC invocations=265 (full 8):
 PSYoungGen      total 675840K, used 6033K [0x00000000d5f00000, 0x0000000100000000, 0x0000000100000000)
  eden space 662528K, 0% used [0x00000000d5f00000,0x00000000d5f00000,0x00000000fe600000)
  from space 13312K, 45% used [0x00000000fe600000,0x00000000febe44b0,0x00000000ff300000)
  to   space 12800K, 0% used [0x00000000ff380000,0x00000000ff380000,0x0000000100000000)
 ParOldGen       total 587264K, used 502280K [0x0000000081c00000, 0x00000000a5980000, 0x00000000d5f00000)
  object space 587264K, 85% used [0x0000000081c00000,0x00000000a0682240,0x00000000a5980000)
 Metaspace       used 94607K, capacity 106152K, committed 106496K, reserved 1138688K
  class space    used 13944K, capacity 16802K, committed 16896K, reserved 1048576K
}

