# JRE version: Java(TM) SE Runtime Environment (8.0_51-b16) (build 1.8.0_51-b16)
# Java VM: Java HotSpot(TM) 64-Bit Server VM (25.51-b03 mixed mode windows-amd64 compressed oops)
Heap:
 PSYoungGen      total 459776K, used 312049K [0x00000000d5f00000, 0x0000000100000000, 0x0000000100000000)
  eden space 230400K, 68% used [0x00000000d5f00000,0x00000000df8fac58,0x00000000e4000000)
  from space 229376K, 67% used [0x00000000f2000000,0x00000000fb6c19f8,0x0000000100000000)
  to   space 229376K, 0% used [0x00000000e4000000,0x00000000e4000000,0x00000000f2000000)
 ParOldGen       total 665600K, used 496928K [0x0000000081c00000, 0x00000000aa600000, 0x00000000d5f00000)
  object space 665600K, 74% used [0x0000000081c00000,0x00000000a01480c0,0x00000000aa600000)
 Metaspace       used 100896K, capacity 114048K, committed 114176K, reserved 1144832K
  class space    used 16036K, capacity 19658K, committed 19712K, reserved 1048576K
GC Heap History (10 events):
Event: 152.305 GC heap before
{Heap before GC invocations=160 (full 6):
 PSYoungGen      total 487936K, used 487490K [0x00000000d5f00000, 0x0000000100000000, 0x0000000100000000)
  eden space 362496K, 100% used [0x00000000d5f00000,0x00000000ec100000,0x00000000ec100000)
  from space 125440K, 99% used [0x00000000ec100000,0x00000000f3b10b28,0x00000000f3b80000)
  to   space 178688K, 0% used [0x00000000f5180000,0x00000000f5180000,0x0000000100000000)
 ParOldGen       total 665600K, used 468443K [0x0000000081c00000, 0x00000000aa600000, 0x00000000d5f00000)
  object space 665600K, 70% used [0x0000000081c00000,0x000000009e576ea8,0x00000000aa600000)
 Metaspace       used 91530K, capacity 103334K, committed 103552K, reserved 1134592K
  class space    used 14805K, capacity 18225K, committed 18304K, reserved 1048576K
Event: 152.562 GC heap after
Heap after GC invocations=160 (full 6):
 PSYoungGen      total 425472K, used 178677K [0x00000000d5f00000, 0x0000000100000000, 0x0000000100000000)
  eden space 246784K, 0% used [0x00000000d5f00000,0x00000000d5f00000,0x00000000e5000000)
  from space 178688K, 99% used [0x00000000f5180000,0x00000000ffffd460,0x0000000100000000)
  to   space 221184K, 0% used [0x00000000e5000000,0x00000000e5000000,0x00000000f2800000)
 ParOldGen       total 665600K, used 496893K [0x0000000081c00000, 0x00000000aa600000, 0x00000000d5f00000)
  object space 665600K, 74% used [0x0000000081c00000,0x00000000a013f530,0x00000000aa600000)
 Metaspace       used 91530K, capacity 103334K, committed 103552K, reserved 1134592K
  class space    used 14805K, capacity 18225K, committed 18304K, reserved 1048576K
}
Event: 154.569 GC heap before
{Heap before GC invocations=161 (full 6):
 PSYoungGen      total 425472K, used 425461K [0x00000000d5f00000, 0x0000000100000000, 0x0000000100000000)
  eden space 246784K, 100% used [0x00000000d5f00000,0x00000000e5000000,0x00000000e5000000)
  from space 178688K, 99% used [0x00000000f5180000,0x00000000ffffd460,0x0000000100000000)
  to   space 221184K, 0% used [0x00000000e5000000,0x00000000e5000000,0x00000000f2800000)
 ParOldGen       total 665600K, used 496896K [0x0000000081c00000, 0x00000000aa600000, 0x00000000d5f00000)
  object space 665600K, 74% used [0x0000000081c00000,0x00000000a01400c0,0x00000000aa600000)
 Metaspace       used 92758K, capacity 104918K, committed 104960K, reserved 1136640K
  class space    used 14956K, capacity 18405K, committed 18432K, reserved 1048576K
Event: 154.720 GC heap after
Heap after GC invocations=161 (full 6):
 PSYoungGen      total 388608K, used 141444K [0x00000000d5f00000, 0x0000000100000000, 0x0000000100000000)
  eden space 246784K, 0% used [0x00000000d5f00000,0x00000000d5f00000,0x00000000e5000000)
  from space 141824K, 99% used [0x00000000e5000000,0x00000000eda21270,0x00000000eda80000)
  to   space 229376K, 0% used [0x00000000f2000000,0x00000000f2000000,0x0000000100000000)
 ParOldGen       total 665600K, used 496904K [0x0000000081c00000, 0x00000000aa600000, 0x00000000d5f00000)
  object space 665600K, 74% used [0x0000000081c00000,0x00000000a01420c0,0x00000000aa600000)
 Metaspace       used 92758K, capacity 104918K, committed 104960K, reserved 1136640K
  class space    used 14956K, capacity 18405K, committed 18432K, reserved 1048576K
}
Event: 158.174 GC heap before
{Heap before GC invocations=162 (full 6):
 PSYoungGen      total 388608K, used 388228K [0x00000000d5f00000, 0x0000000100000000, 0x0000000100000000)
  eden space 246784K, 100% used [0x00000000d5f00000,0x00000000e5000000,0x00000000e5000000)
  from space 141824K, 99% used [0x00000000e5000000,0x00000000eda21270,0x00000000eda80000)
  to   space 229376K, 0% used [0x00000000f2000000,0x00000000f2000000,0x0000000100000000)
 ParOldGen       total 665600K, used 496904K [0x0000000081c00000, 0x00000000aa600000, 0x00000000d5f00000)
  object space 665600K, 74% used [0x0000000081c00000,0x00000000a01420c0,0x00000000aa600000)
 Metaspace       used 97171K, capacity 109648K, committed 109952K, reserved 1140736K
  class space    used 15482K, capacity 18986K, committed 19072K, reserved 1048576K
Event: 158.374 GC heap after
Heap after GC invocations=162 (full 6):
 PSYoungGen      total 459776K, used 142726K [0x00000000d5f00000, 0x0000000100000000, 0x0000000100000000)
  eden space 230400K, 0% used [0x00000000d5f00000,0x00000000d5f00000,0x00000000e4000000)
  from space 229376K, 62% used [0x00000000f2000000,0x00000000fab61898,0x0000000100000000)
  to   space 229376K, 0% used [0x00000000e4000000,0x00000000e4000000,0x00000000f2000000)
 ParOldGen       total 665600K, used 496912K [0x0000000081c00000, 0x00000000aa600000, 0x00000000d5f00000)
  object space 665600K, 74% used [0x0000000081c00000,0x00000000a01440c0,0x00000000aa600000)
 Metaspace       used 97171K, capacity 109648K, committed 109952K, reserved 1140736K
  class space    used 15482K, capacity 18986K, committed 19072K, reserved 1048576K
}
Event: 160.091 GC heap before
{Heap before GC invocations=163 (full 6):
 PSYoungGen      total 459776K, used 373126K [0x00000000d5f00000, 0x0000000100000000, 0x0000000100000000)
  eden space 230400K, 100% used [0x00000000d5f00000,0x00000000e4000000,0x00000000e4000000)
  from space 229376K, 62% used [0x00000000f2000000,0x00000000fab61898,0x0000000100000000)
  to   space 229376K, 0% used [0x00000000e4000000,0x00000000e4000000,0x00000000f2000000)
 ParOldGen       total 665600K, used 496912K [0x0000000081c00000, 0x00000000aa600000, 0x00000000d5f00000)
  object space 665600K, 74% used [0x0000000081c00000,0x00000000a01440c0,0x00000000aa600000)
 Metaspace       used 98603K, capacity 111134K, committed 111232K, reserved 1140736K
  class space    used 15708K, capacity 19275K, committed 19328K, reserved 1048576K
Event: 160.262 GC heap after
Heap after GC invocations=163 (full 6):
 PSYoungGen      total 459776K, used 154807K [0x00000000d5f00000, 0x0000000100000000, 0x0000000100000000)
  eden space 230400K, 0% used [0x00000000d5f00000,0x00000000d5f00000,0x00000000e4000000)
  from space 229376K, 67% used [0x00000000e4000000,0x00000000ed72de58,0x00000000f2000000)
  to   space 229376K, 0% used [0x00000000f2000000,0x00000000f2000000,0x0000000100000000)
 ParOldGen       total 665600K, used 496920K [0x0000000081c00000, 0x00000000aa600000, 0x00000000d5f00000)
  object space 665600K, 74% used [0x0000000081c00000,0x00000000a01460c0,0x00000000aa600000)
 Metaspace       used 98603K, capacity 111134K, committed 111232K, reserved 1140736K
  class space    used 15708K, capacity 19275K, committed 19328K, reserved 1048576K
}
Event: 161.453 GC heap before
{Heap before GC invocations=164 (full 6):
 PSYoungGen      total 459776K, used 385207K [0x00000000d5f00000, 0x0000000100000000, 0x0000000100000000)
  eden space 230400K, 100% used [0x00000000d5f00000,0x00000000e4000000,0x00000000e4000000)
  from space 229376K, 67% used [0x00000000e4000000,0x00000000ed72de58,0x00000000f2000000)
  to   space 229376K, 0% used [0x00000000f2000000,0x00000000f2000000,0x0000000100000000)
 ParOldGen       total 665600K, used 496920K [0x0000000081c00000, 0x00000000aa600000, 0x00000000d5f00000)
  object space 665600K, 74% used [0x0000000081c00000,0x00000000a01460c0,0x00000000aa600000)
 Metaspace       used 99803K, capacity 112734K, committed 113024K, reserved 1142784K
  class space    used 15895K, capacity 19519K, committed 19584K, reserved 1048576K
Event: 161.621 GC heap after
Heap after GC invocations=164 (full 6):
 PSYoungGen      total 459776K, used 154374K [0x00000000d5f00000, 0x0000000100000000, 0x0000000100000000)
  eden space 230400K, 0% used [0x00000000d5f00000,0x00000000d5f00000,0x00000000e4000000)
  from space 229376K, 67% used [0x00000000f2000000,0x00000000fb6c19f8,0x0000000100000000)
  to   space 229376K, 0% used [0x00000000e4000000,0x00000000e4000000,0x00000000f2000000)
 ParOldGen       total 665600K, used 496928K [0x0000000081c00000, 0x00000000aa600000, 0x00000000d5f00000)
  object space 665600K, 74% used [0x0000000081c00000,0x00000000a01480c0,0x00000000aa600000)
 Metaspace       used 99803K, capacity 112734K, committed 113024K, reserved 1142784K
  class space    used 15895K, capacity 19519K, committed 19584K, reserved 1048576K
}

