# JRE version: Java(TM) SE Runtime Environment (8.0_51-b16) (build 1.8.0_51-b16)
# Java VM: Java HotSpot(TM) 64-Bit Server VM (25.51-b03 mixed mode windows-amd64 compressed oops)
Heap:
 PSYoungGen      total 654848K, used 545541K [0x00000000d5f00000, 0x0000000100000000, 0x0000000100000000)
  eden space 620544K, 87% used [0x00000000d5f00000,0x00000000f73c1700,0x00000000fbd00000)
  from space 34304K, 0% used [0x00000000fbd00000,0x00000000fbd00000,0x00000000fde80000)
  to   space 34304K, 0% used [0x00000000fde80000,0x00000000fde80000,0x0000000100000000)
 ParOldGen       total 438784K, used 315989K [0x0000000081c00000, 0x000000009c880000, 0x00000000d5f00000)
  object space 438784K, 72% used [0x0000000081c00000,0x0000000095095500,0x000000009c880000)
 Metaspace       used 78384K, capacity 86800K, committed 87040K, reserved 1122304K
  class space    used 12274K, capacity 14779K, committed 14848K, reserved 1048576K
GC Heap History (10 events):
Event: 116.588 GC heap before
{Heap before GC invocations=146 (full 6):
 PSYoungGen      total 629248K, used 628784K [0x00000000d5f00000, 0x0000000100000000, 0x0000000100000000)
  eden space 623616K, 100% used [0x00000000d5f00000,0x00000000fc000000,0x00000000fc000000)
  from space 5632K, 91% used [0x00000000fc000000,0x00000000fc50c080,0x00000000fc580000)
  to   space 33792K, 0% used [0x00000000fdf00000,0x00000000fdf00000,0x0000000100000000)
 ParOldGen       total 335872K, used 326214K [0x0000000081c00000, 0x0000000096400000, 0x00000000d5f00000)
  object space 335872K, 97% used [0x0000000081c00000,0x0000000095a91b40,0x0000000096400000)
 Metaspace       used 76936K, capacity 85042K, committed 85248K, reserved 1120256K
  class space    used 12071K, capacity 14538K, committed 14592K, reserved 1048576K
Event: 116.599 GC heap after
Heap after GC invocations=146 (full 6):
 PSYoungGen      total 654336K, used 5312K [0x00000000d5f00000, 0x0000000100000000, 0x0000000100000000)
  eden space 620544K, 0% used [0x00000000d5f00000,0x00000000d5f00000,0x00000000fbd00000)
  from space 33792K, 15% used [0x00000000fdf00000,0x00000000fe430090,0x0000000100000000)
  to   space 34304K, 0% used [0x00000000fbd00000,0x00000000fbd00000,0x00000000fde80000)
 ParOldGen       total 335872K, used 326430K [0x0000000081c00000, 0x0000000096400000, 0x00000000d5f00000)
  object space 335872K, 97% used [0x0000000081c00000,0x0000000095ac7b40,0x0000000096400000)
 Metaspace       used 76936K, capacity 85042K, committed 85248K, reserved 1120256K
  class space    used 12071K, capacity 14538K, committed 14592K, reserved 1048576K
}
Event: 117.658 GC heap before
{Heap before GC invocations=147 (full 6):
 PSYoungGen      total 654336K, used 625856K [0x00000000d5f00000, 0x0000000100000000, 0x0000000100000000)
  eden space 620544K, 100% used [0x00000000d5f00000,0x00000000fbd00000,0x00000000fbd00000)
  from space 33792K, 15% used [0x00000000fdf00000,0x00000000fe430090,0x0000000100000000)
  to   space 34304K, 0% used [0x00000000fbd00000,0x00000000fbd00000,0x00000000fde80000)
 ParOldGen       total 335872K, used 326430K [0x0000000081c00000, 0x0000000096400000, 0x00000000d5f00000)
  object space 335872K, 97% used [0x0000000081c00000,0x0000000095ac7b40,0x0000000096400000)
 Metaspace       used 76938K, capacity 85042K, committed 85248K, reserved 1120256K
  class space    used 12071K, capacity 14538K, committed 14592K, reserved 1048576K
Event: 117.669 GC heap after
Heap after GC invocations=147 (full 6):
 PSYoungGen      total 654848K, used 5376K [0x00000000d5f00000, 0x0000000100000000, 0x0000000100000000)
  eden space 620544K, 0% used [0x00000000d5f00000,0x00000000d5f00000,0x00000000fbd00000)
  from space 34304K, 15% used [0x00000000fbd00000,0x00000000fc240090,0x00000000fde80000)
  to   space 34304K, 0% used [0x00000000fde80000,0x00000000fde80000,0x0000000100000000)
 ParOldGen       total 335872K, used 326702K [0x0000000081c00000, 0x0000000096400000, 0x00000000d5f00000)
  object space 335872K, 97% used [0x0000000081c00000,0x0000000095b0bb40,0x0000000096400000)
 Metaspace       used 76938K, capacity 85042K, committed 85248K, reserved 1120256K
  class space    used 12071K, capacity 14538K, committed 14592K, reserved 1048576K
}
Event: 118.818 GC heap before
{Heap before GC invocations=148 (full 6):
 PSYoungGen      total 654848K, used 625920K [0x00000000d5f00000, 0x0000000100000000, 0x0000000100000000)
  eden space 620544K, 100% used [0x00000000d5f00000,0x00000000fbd00000,0x00000000fbd00000)
  from space 34304K, 15% used [0x00000000fbd00000,0x00000000fc240090,0x00000000fde80000)
  to   space 34304K, 0% used [0x00000000fde80000,0x00000000fde80000,0x0000000100000000)
 ParOldGen       total 335872K, used 326702K [0x0000000081c00000, 0x0000000096400000, 0x00000000d5f00000)
  object space 335872K, 97% used [0x0000000081c00000,0x0000000095b0bb40,0x0000000096400000)
 Metaspace       used 76956K, capacity 85114K, committed 85248K, reserved 1120256K
  class space    used 12071K, capacity 14538K, committed 14592K, reserved 1048576K
Event: 118.830 GC heap after
Heap after GC invocations=148 (full 6):
 PSYoungGen      total 654848K, used 6224K [0x00000000d5f00000, 0x0000000100000000, 0x0000000100000000)
  eden space 620544K, 0% used [0x00000000d5f00000,0x00000000d5f00000,0x00000000fbd00000)
  from space 34304K, 18% used [0x00000000fde80000,0x00000000fe4940b0,0x0000000100000000)
  to   space 34304K, 0% used [0x00000000fbd00000,0x00000000fbd00000,0x00000000fde80000)
 ParOldGen       total 335872K, used 327006K [0x0000000081c00000, 0x0000000096400000, 0x00000000d5f00000)
  object space 335872K, 97% used [0x0000000081c00000,0x0000000095b57b40,0x0000000096400000)
 Metaspace       used 76956K, capacity 85114K, committed 85248K, reserved 1120256K
  class space    used 12071K, capacity 14538K, committed 14592K, reserved 1048576K
}
Event: 124.419 GC heap before
{Heap before GC invocations=149 (full 6):
 PSYoungGen      total 654848K, used 626768K [0x00000000d5f00000, 0x0000000100000000, 0x0000000100000000)
  eden space 620544K, 100% used [0x00000000d5f00000,0x00000000fbd00000,0x00000000fbd00000)
  from space 34304K, 18% used [0x00000000fde80000,0x00000000fe4940b0,0x0000000100000000)
  to   space 34304K, 0% used [0x00000000fbd00000,0x00000000fbd00000,0x00000000fde80000)
 ParOldGen       total 335872K, used 327006K [0x0000000081c00000, 0x0000000096400000, 0x00000000d5f00000)
  object space 335872K, 97% used [0x0000000081c00000,0x0000000095b57b40,0x0000000096400000)
 Metaspace       used 77467K, capacity 85648K, committed 85888K, reserved 1120256K
  class space    used 12143K, capacity 14615K, committed 14720K, reserved 1048576K
Event: 124.499 GC heap after
Heap after GC invocations=149 (full 6):
 PSYoungGen      total 654848K, used 34277K [0x00000000d5f00000, 0x0000000100000000, 0x0000000100000000)
  eden space 620544K, 0% used [0x00000000d5f00000,0x00000000d5f00000,0x00000000fbd00000)
  from space 34304K, 99% used [0x00000000fbd00000,0x00000000fde794d8,0x00000000fde80000)
  to   space 34304K, 0% used [0x00000000fde80000,0x00000000fde80000,0x0000000100000000)
 ParOldGen       total 346624K, used 346258K [0x0000000081c00000, 0x0000000096e80000, 0x00000000d5f00000)
  object space 346624K, 99% used [0x0000000081c00000,0x0000000096e24928,0x0000000096e80000)
 Metaspace       used 77467K, capacity 85648K, committed 85888K, reserved 1120256K
  class space    used 12143K, capacity 14615K, committed 14720K, reserved 1048576K
}
Event: 124.499 GC heap before
{Heap before GC invocations=150 (full 7):
 PSYoungGen      total 654848K, used 34277K [0x00000000d5f00000, 0x0000000100000000, 0x0000000100000000)
  eden space 620544K, 0% used [0x00000000d5f00000,0x00000000d5f00000,0x00000000fbd00000)
  from space 34304K, 99% used [0x00000000fbd00000,0x00000000fde794d8,0x00000000fde80000)
  to   space 34304K, 0% used [0x00000000fde80000,0x00000000fde80000,0x0000000100000000)
 ParOldGen       total 346624K, used 346258K [0x0000000081c00000, 0x0000000096e80000, 0x00000000d5f00000)
  object space 346624K, 99% used [0x0000000081c00000,0x0000000096e24928,0x0000000096e80000)
 Metaspace       used 77467K, capacity 85648K, committed 85888K, reserved 1120256K
  class space    used 12143K, capacity 14615K, committed 14720K, reserved 1048576K
Event: 125.712 GC heap after
Heap after GC invocations=150 (full 7):
 PSYoungGen      total 654848K, used 0K [0x00000000d5f00000, 0x0000000100000000, 0x0000000100000000)
  eden space 620544K, 0% used [0x00000000d5f00000,0x00000000d5f00000,0x00000000fbd00000)
  from space 34304K, 0% used [0x00000000fbd00000,0x00000000fbd00000,0x00000000fde80000)
  to   space 34304K, 0% used [0x00000000fde80000,0x00000000fde80000,0x0000000100000000)
 ParOldGen       total 438784K, used 315989K [0x0000000081c00000, 0x000000009c880000, 0x00000000d5f00000)
  object space 438784K, 72% used [0x0000000081c00000,0x0000000095095500,0x000000009c880000)
 Metaspace       used 77464K, capacity 85644K, committed 85888K, reserved 1120256K
  class space    used 12142K, capacity 14613K, committed 14720K, reserved 1048576K
}

