# JRE version: Java(TM) SE Runtime Environment (8.0_51-b16) (build 1.8.0_51-b16)
# Java VM: Java HotSpot(TM) 64-Bit Server VM (25.51-b03 mixed mode windows-amd64 compressed oops)
Heap:
 PSYoungGen      total 569344K, used 554280K [0x00000000d5f00000, 0x0000000100000000, 0x0000000100000000)
  eden space 509952K, 99% used [0x00000000d5f00000,0x00000000f4c79f98,0x00000000f5100000)
  from space 59392K, 82% used [0x00000000fc600000,0x00000000ff5d01b0,0x0000000100000000)
  to   space 89600K, 0% used [0x00000000f5100000,0x00000000f5100000,0x00000000fa880000)
 ParOldGen       total 484352K, used 398347K [0x0000000081c00000, 0x000000009f500000, 0x00000000d5f00000)
  object space 484352K, 82% used [0x0000000081c00000,0x000000009a102e90,0x000000009f500000)
 Metaspace       used 79718K, capacity 88712K, committed 88832K, reserved 1124352K
  class space    used 12342K, capacity 14841K, committed 14848K, reserved 1048576K
GC Heap History (10 events):
Event: 119.088 GC heap before
{Heap before GC invocations=149 (full 6):
 PSYoungGen      total 657920K, used 631504K [0x00000000d5f00000, 0x0000000100000000, 0x0000000100000000)
  eden space 626176K, 100% used [0x00000000d5f00000,0x00000000fc280000,0x00000000fc280000)
  from space 31744K, 16% used [0x00000000fe100000,0x00000000fe634040,0x0000000100000000)
  to   space 31232K, 0% used [0x00000000fc280000,0x00000000fc280000,0x00000000fe100000)
 ParOldGen       total 342528K, used 335217K [0x0000000081c00000, 0x0000000096a80000, 0x00000000d5f00000)
  object space 342528K, 97% used [0x0000000081c00000,0x000000009635c4f8,0x0000000096a80000)
 Metaspace       used 76189K, capacity 84094K, committed 84352K, reserved 1120256K
  class space    used 11821K, capacity 14150K, committed 14208K, reserved 1048576K
Event: 119.100 GC heap after
Heap after GC invocations=149 (full 6):
 PSYoungGen      total 657408K, used 5152K [0x00000000d5f00000, 0x00000000fff80000, 0x0000000100000000)
  eden space 626176K, 0% used [0x00000000d5f00000,0x00000000d5f00000,0x00000000fc280000)
  from space 31232K, 16% used [0x00000000fc280000,0x00000000fc788030,0x00000000fe100000)
  to   space 31232K, 0% used [0x00000000fe100000,0x00000000fe100000,0x00000000fff80000)
 ParOldGen       total 342528K, used 335681K [0x0000000081c00000, 0x0000000096a80000, 0x00000000d5f00000)
  object space 342528K, 98% used [0x0000000081c00000,0x00000000963d04f8,0x0000000096a80000)
 Metaspace       used 76189K, capacity 84094K, committed 84352K, reserved 1120256K
  class space    used 11821K, capacity 14150K, committed 14208K, reserved 1048576K
}
Event: 123.125 GC heap before
{Heap before GC invocations=150 (full 6):
 PSYoungGen      total 657408K, used 631328K [0x00000000d5f00000, 0x00000000fff80000, 0x0000000100000000)
  eden space 626176K, 100% used [0x00000000d5f00000,0x00000000fc280000,0x00000000fc280000)
  from space 31232K, 16% used [0x00000000fc280000,0x00000000fc788030,0x00000000fe100000)
  to   space 31232K, 0% used [0x00000000fe100000,0x00000000fe100000,0x00000000fff80000)
 ParOldGen       total 342528K, used 335682K [0x0000000081c00000, 0x0000000096a80000, 0x00000000d5f00000)
  object space 342528K, 98% used [0x0000000081c00000,0x00000000963d0a50,0x0000000096a80000)
 Metaspace       used 77563K, capacity 85702K, committed 85888K, reserved 1120256K
  class space    used 12019K, capacity 14410K, committed 14464K, reserved 1048576K
Event: 123.302 GC heap after
Heap after GC invocations=150 (full 6):
 PSYoungGen      total 601600K, used 31221K [0x00000000d5f00000, 0x0000000100000000, 0x0000000100000000)
  eden space 570368K, 0% used [0x00000000d5f00000,0x00000000d5f00000,0x00000000f8c00000)
  from space 31232K, 99% used [0x00000000fe100000,0x00000000fff7d590,0x00000000fff80000)
  to   space 59392K, 0% used [0x00000000f8c00000,0x00000000f8c00000,0x00000000fc600000)
 ParOldGen       total 398336K, used 397877K [0x0000000081c00000, 0x000000009a100000, 0x00000000d5f00000)
  object space 398336K, 99% used [0x0000000081c00000,0x000000009a08d5b0,0x000000009a100000)
 Metaspace       used 77563K, capacity 85702K, committed 85888K, reserved 1120256K
  class space    used 12019K, capacity 14410K, committed 14464K, reserved 1048576K
}
Event: 123.302 GC heap before
{Heap before GC invocations=151 (full 7):
 PSYoungGen      total 601600K, used 31221K [0x00000000d5f00000, 0x0000000100000000, 0x0000000100000000)
  eden space 570368K, 0% used [0x00000000d5f00000,0x00000000d5f00000,0x00000000f8c00000)
  from space 31232K, 99% used [0x00000000fe100000,0x00000000fff7d590,0x00000000fff80000)
  to   space 59392K, 0% used [0x00000000f8c00000,0x00000000f8c00000,0x00000000fc600000)
 ParOldGen       total 398336K, used 397877K [0x0000000081c00000, 0x000000009a100000, 0x00000000d5f00000)
  object space 398336K, 99% used [0x0000000081c00000,0x000000009a08d5b0,0x000000009a100000)
 Metaspace       used 77563K, capacity 85702K, committed 85888K, reserved 1120256K
  class space    used 12019K, capacity 14410K, committed 14464K, reserved 1048576K
Event: 125.069 GC heap after
Heap after GC invocations=151 (full 7):
 PSYoungGen      total 601600K, used 0K [0x00000000d5f00000, 0x0000000100000000, 0x0000000100000000)
  eden space 570368K, 0% used [0x00000000d5f00000,0x00000000d5f00000,0x00000000f8c00000)
  from space 31232K, 0% used [0x00000000fe100000,0x00000000fe100000,0x00000000fff80000)
  to   space 59392K, 0% used [0x00000000f8c00000,0x00000000f8c00000,0x00000000fc600000)
 ParOldGen       total 484352K, used 348333K [0x0000000081c00000, 0x000000009f500000, 0x00000000d5f00000)
  object space 484352K, 71% used [0x0000000081c00000,0x000000009702b778,0x000000009f500000)
 Metaspace       used 77559K, capacity 85694K, committed 85888K, reserved 1120256K
  class space    used 12018K, capacity 14408K, committed 14464K, reserved 1048576K
}
Event: 155.689 GC heap before
{Heap before GC invocations=152 (full 7):
 PSYoungGen      total 601600K, used 570368K [0x00000000d5f00000, 0x0000000100000000, 0x0000000100000000)
  eden space 570368K, 100% used [0x00000000d5f00000,0x00000000f8c00000,0x00000000f8c00000)
  from space 31232K, 0% used [0x00000000fe100000,0x00000000fe100000,0x00000000fff80000)
  to   space 59392K, 0% used [0x00000000f8c00000,0x00000000f8c00000,0x00000000fc600000)
 ParOldGen       total 484352K, used 348333K [0x0000000081c00000, 0x000000009f500000, 0x00000000d5f00000)
  object space 484352K, 71% used [0x0000000081c00000,0x000000009702b778,0x000000009f500000)
 Metaspace       used 78659K, capacity 87142K, committed 87296K, reserved 1122304K
  class space    used 12161K, capacity 14544K, committed 14592K, reserved 1048576K
Event: 155.850 GC heap after
Heap after GC invocations=152 (full 7):
 PSYoungGen      total 629760K, used 59390K [0x00000000d5f00000, 0x0000000100000000, 0x0000000100000000)
  eden space 570368K, 0% used [0x00000000d5f00000,0x00000000d5f00000,0x00000000f8c00000)
  from space 59392K, 99% used [0x00000000f8c00000,0x00000000fc5ffad8,0x00000000fc600000)
  to   space 59392K, 0% used [0x00000000fc600000,0x00000000fc600000,0x0000000100000000)
 ParOldGen       total 484352K, used 398339K [0x0000000081c00000, 0x000000009f500000, 0x00000000d5f00000)
  object space 484352K, 82% used [0x0000000081c00000,0x000000009a100e90,0x000000009f500000)
 Metaspace       used 78659K, capacity 87142K, committed 87296K, reserved 1122304K
  class space    used 12161K, capacity 14544K, committed 14592K, reserved 1048576K
}
Event: 305.436 GC heap before
{Heap before GC invocations=153 (full 7):
 PSYoungGen      total 629760K, used 629758K [0x00000000d5f00000, 0x0000000100000000, 0x0000000100000000)
  eden space 570368K, 100% used [0x00000000d5f00000,0x00000000f8c00000,0x00000000f8c00000)
  from space 59392K, 99% used [0x00000000f8c00000,0x00000000fc5ffad8,0x00000000fc600000)
  to   space 59392K, 0% used [0x00000000fc600000,0x00000000fc600000,0x0000000100000000)
 ParOldGen       total 484352K, used 398339K [0x0000000081c00000, 0x000000009f500000, 0x00000000d5f00000)
  object space 484352K, 82% used [0x0000000081c00000,0x000000009a100e90,0x000000009f500000)
 Metaspace       used 78696K, capacity 87190K, committed 87296K, reserved 1122304K
  class space    used 12166K, capacity 14552K, committed 14592K, reserved 1048576K
Event: 305.504 GC heap after
Heap after GC invocations=153 (full 7):
 PSYoungGen      total 569344K, used 48960K [0x00000000d5f00000, 0x0000000100000000, 0x0000000100000000)
  eden space 509952K, 0% used [0x00000000d5f00000,0x00000000d5f00000,0x00000000f5100000)
  from space 59392K, 82% used [0x00000000fc600000,0x00000000ff5d01b0,0x0000000100000000)
  to   space 89600K, 0% used [0x00000000f5100000,0x00000000f5100000,0x00000000fa880000)
 ParOldGen       total 484352K, used 398347K [0x0000000081c00000, 0x000000009f500000, 0x00000000d5f00000)
  object space 484352K, 82% used [0x0000000081c00000,0x000000009a102e90,0x000000009f500000)
 Metaspace       used 78696K, capacity 87190K, committed 87296K, reserved 1122304K
  class space    used 12166K, capacity 14552K, committed 14592K, reserved 1048576K
}

