# JRE version: Java(TM) SE Runtime Environment (8.0_51-b16) (build 1.8.0_51-b16)
# Java VM: Java HotSpot(TM) 64-Bit Server VM (25.51-b03 mixed mode windows-amd64 compressed oops)
Heap:
 PSYoungGen      total 677888K, used 317921K [0x00000000d5f00000, 0x0000000100000000, 0x0000000100000000)
  eden space 666624K, 46% used [0x00000000d5f00000,0x00000000e8def180,0x00000000fea00000)
  from space 11264K, 68% used [0x00000000fea00000,0x00000000ff1894d0,0x00000000ff500000)
  to   space 11264K, 0% used [0x00000000ff500000,0x00000000ff500000,0x0000000100000000)
 ParOldGen       total 715264K, used 698580K [0x0000000081c00000, 0x00000000ad680000, 0x00000000d5f00000)
  object space 715264K, 97% used [0x0000000081c00000,0x00000000ac6351d0,0x00000000ad680000)
 Metaspace       used 94163K, capacity 105688K, committed 105984K, reserved 1138688K
  class space    used 13911K, capacity 16822K, committed 16896K, reserved 1048576K
GC Heap History (10 events):
Event: 1726.106 GC heap before
{Heap before GC invocations=806 (full 9):
 PSYoungGen      total 676864K, used 673621K [0x00000000d5f00000, 0x0000000100000000, 0x0000000100000000)
  eden space 665600K, 100% used [0x00000000d5f00000,0x00000000fe900000,0x00000000fe900000)
  from space 11264K, 71% used [0x00000000ff500000,0x00000000ffcd54d8,0x0000000100000000)
  to   space 11776K, 0% used [0x00000000fe900000,0x00000000fe900000,0x00000000ff480000)
 ParOldGen       total 715264K, used 695638K [0x0000000081c00000, 0x00000000ad680000, 0x00000000d5f00000)
  object space 715264K, 97% used [0x0000000081c00000,0x00000000ac3559e0,0x00000000ad680000)
 Metaspace       used 94152K, capacity 105656K, committed 105984K, reserved 1138688K
  class space    used 13910K, capacity 16790K, committed 16896K, reserved 1048576K
Event: 1726.117 GC heap after
Heap after GC invocations=806 (full 9):
 PSYoungGen      total 677376K, used 8117K [0x00000000d5f00000, 0x0000000100000000, 0x0000000100000000)
  eden space 665600K, 0% used [0x00000000d5f00000,0x00000000d5f00000,0x00000000fe900000)
  from space 11776K, 68% used [0x00000000fe900000,0x00000000ff0ed508,0x00000000ff480000)
  to   space 11776K, 0% used [0x00000000ff480000,0x00000000ff480000,0x0000000100000000)
 ParOldGen       total 715264K, used 695694K [0x0000000081c00000, 0x00000000ad680000, 0x00000000d5f00000)
  object space 715264K, 97% used [0x0000000081c00000,0x00000000ac3639e0,0x00000000ad680000)
 Metaspace       used 94152K, capacity 105656K, committed 105984K, reserved 1138688K
  class space    used 13910K, capacity 16790K, committed 16896K, reserved 1048576K
}
Event: 1728.531 GC heap before
{Heap before GC invocations=807 (full 9):
 PSYoungGen      total 677376K, used 673717K [0x00000000d5f00000, 0x0000000100000000, 0x0000000100000000)
  eden space 665600K, 100% used [0x00000000d5f00000,0x00000000fe900000,0x00000000fe900000)
  from space 11776K, 68% used [0x00000000fe900000,0x00000000ff0ed508,0x00000000ff480000)
  to   space 11776K, 0% used [0x00000000ff480000,0x00000000ff480000,0x0000000100000000)
 ParOldGen       total 715264K, used 696593K [0x0000000081c00000, 0x00000000ad680000, 0x00000000d5f00000)
  object space 715264K, 97% used [0x0000000081c00000,0x00000000ac4444b0,0x00000000ad680000)
 Metaspace       used 94155K, capacity 105656K, committed 105984K, reserved 1138688K
  class space    used 13910K, capacity 16790K, committed 16896K, reserved 1048576K
Event: 1728.544 GC heap after
Heap after GC invocations=807 (full 9):
 PSYoungGen      total 676352K, used 6901K [0x00000000d5f00000, 0x00000000fff00000, 0x0000000100000000)
  eden space 665600K, 0% used [0x00000000d5f00000,0x00000000d5f00000,0x00000000fe900000)
  from space 10752K, 64% used [0x00000000ff480000,0x00000000ffb3d508,0x00000000fff00000)
  to   space 11264K, 0% used [0x00000000fe900000,0x00000000fe900000,0x00000000ff400000)
 ParOldGen       total 715264K, used 697957K [0x0000000081c00000, 0x00000000ad680000, 0x00000000d5f00000)
  object space 715264K, 97% used [0x0000000081c00000,0x00000000ac599678,0x00000000ad680000)
 Metaspace       used 94155K, capacity 105656K, committed 105984K, reserved 1138688K
  class space    used 13910K, capacity 16790K, committed 16896K, reserved 1048576K
}
Event: 1731.166 GC heap before
{Heap before GC invocations=808 (full 9):
 PSYoungGen      total 676352K, used 672501K [0x00000000d5f00000, 0x00000000fff00000, 0x0000000100000000)
  eden space 665600K, 100% used [0x00000000d5f00000,0x00000000fe900000,0x00000000fe900000)
  from space 10752K, 64% used [0x00000000ff480000,0x00000000ffb3d508,0x00000000fff00000)
  to   space 11264K, 0% used [0x00000000fe900000,0x00000000fe900000,0x00000000ff400000)
 ParOldGen       total 715264K, used 697958K [0x0000000081c00000, 0x00000000ad680000, 0x00000000d5f00000)
  object space 715264K, 97% used [0x0000000081c00000,0x00000000ac599b20,0x00000000ad680000)
 Metaspace       used 94157K, capacity 105656K, committed 105984K, reserved 1138688K
  class space    used 13910K, capacity 16790K, committed 16896K, reserved 1048576K
Event: 1731.179 GC heap after
Heap after GC invocations=808 (full 9):
 PSYoungGen      total 676864K, used 7892K [0x00000000d5f00000, 0x0000000100000000, 0x0000000100000000)
  eden space 665600K, 0% used [0x00000000d5f00000,0x00000000d5f00000,0x00000000fe900000)
  from space 11264K, 70% used [0x00000000fe900000,0x00000000ff0b5160,0x00000000ff400000)
  to   space 11264K, 0% used [0x00000000ff500000,0x00000000ff500000,0x0000000100000000)
 ParOldGen       total 715264K, used 698006K [0x0000000081c00000, 0x00000000ad680000, 0x00000000d5f00000)
  object space 715264K, 97% used [0x0000000081c00000,0x00000000ac5a5b20,0x00000000ad680000)
 Metaspace       used 94157K, capacity 105656K, committed 105984K, reserved 1138688K
  class space    used 13910K, capacity 16790K, committed 16896K, reserved 1048576K
}
Event: 1733.752 GC heap before
{Heap before GC invocations=809 (full 9):
 PSYoungGen      total 676864K, used 673492K [0x00000000d5f00000, 0x0000000100000000, 0x0000000100000000)
  eden space 665600K, 100% used [0x00000000d5f00000,0x00000000fe900000,0x00000000fe900000)
  from space 11264K, 70% used [0x00000000fe900000,0x00000000ff0b5160,0x00000000ff400000)
  to   space 11264K, 0% used [0x00000000ff500000,0x00000000ff500000,0x0000000100000000)
 ParOldGen       total 715264K, used 698012K [0x0000000081c00000, 0x00000000ad680000, 0x00000000d5f00000)
  object space 715264K, 97% used [0x0000000081c00000,0x00000000ac5a72d8,0x00000000ad680000)
 Metaspace       used 94157K, capacity 105656K, committed 105984K, reserved 1138688K
  class space    used 13910K, capacity 16790K, committed 16896K, reserved 1048576K
Event: 1733.763 GC heap after
Heap after GC invocations=809 (full 9):
 PSYoungGen      total 677888K, used 7781K [0x00000000d5f00000, 0x0000000100000000, 0x0000000100000000)
  eden space 666624K, 0% used [0x00000000d5f00000,0x00000000d5f00000,0x00000000fea00000)
  from space 11264K, 69% used [0x00000000ff500000,0x00000000ffc994c0,0x0000000100000000)
  to   space 11264K, 0% used [0x00000000fea00000,0x00000000fea00000,0x00000000ff500000)
 ParOldGen       total 715264K, used 698044K [0x0000000081c00000, 0x00000000ad680000, 0x00000000d5f00000)
  object space 715264K, 97% used [0x0000000081c00000,0x00000000ac5af2d8,0x00000000ad680000)
 Metaspace       used 94157K, capacity 105656K, committed 105984K, reserved 1138688K
  class space    used 13910K, capacity 16790K, committed 16896K, reserved 1048576K
}
Event: 1736.316 GC heap before
{Heap before GC invocations=810 (full 9):
 PSYoungGen      total 677888K, used 674405K [0x00000000d5f00000, 0x0000000100000000, 0x0000000100000000)
  eden space 666624K, 100% used [0x00000000d5f00000,0x00000000fea00000,0x00000000fea00000)
  from space 11264K, 69% used [0x00000000ff500000,0x00000000ffc994c0,0x0000000100000000)
  to   space 11264K, 0% used [0x00000000fea00000,0x00000000fea00000,0x00000000ff500000)
 ParOldGen       total 715264K, used 698516K [0x0000000081c00000, 0x00000000ad680000, 0x00000000d5f00000)
  object space 715264K, 97% used [0x0000000081c00000,0x00000000ac6251d0,0x00000000ad680000)
 Metaspace       used 94157K, capacity 105656K, committed 105984K, reserved 1138688K
  class space    used 13910K, capacity 16790K, committed 16896K, reserved 1048576K
Event: 1736.327 GC heap after
Heap after GC invocations=810 (full 9):
 PSYoungGen      total 677888K, used 7717K [0x00000000d5f00000, 0x0000000100000000, 0x0000000100000000)
  eden space 666624K, 0% used [0x00000000d5f00000,0x00000000d5f00000,0x00000000fea00000)
  from space 11264K, 68% used [0x00000000fea00000,0x00000000ff1894d0,0x00000000ff500000)
  to   space 11264K, 0% used [0x00000000ff500000,0x00000000ff500000,0x0000000100000000)
 ParOldGen       total 715264K, used 698580K [0x0000000081c00000, 0x00000000ad680000, 0x00000000d5f00000)
  object space 715264K, 97% used [0x0000000081c00000,0x00000000ac6351d0,0x00000000ad680000)
 Metaspace       used 94157K, capacity 105656K, committed 105984K, reserved 1138688K
  class space    used 13910K, capacity 16790K, committed 16896K, reserved 1048576K
}

