# JRE version: Java(TM) SE Runtime Environment (8.0_51-b16) (build 1.8.0_51-b16)
# Java VM: Java HotSpot(TM) 64-Bit Server VM (25.51-b03 mixed mode windows-amd64 compressed oops)
Heap:
 PSYoungGen      total 680960K, used 662194K [0x00000000d5f00000, 0x0000000100000000, 0x0000000100000000)
  eden space 673792K, 97% used [0x00000000d5f00000,0x00000000fe12c908,0x00000000ff100000)
  from space 7168K, 64% used [0x00000000ff100000,0x00000000ff580138,0x00000000ff800000)
  to   space 7168K, 0% used [0x00000000ff900000,0x00000000ff900000,0x0000000100000000)
 ParOldGen       total 943616K, used 746299K [0x0000000081c00000, 0x00000000bb580000, 0x00000000d5f00000)
  object space 943616K, 79% used [0x0000000081c00000,0x00000000af4ceed8,0x00000000bb580000)
 Metaspace       used 96502K, capacity 108836K, committed 109052K, reserved 1140736K
  class space    used 14192K, capacity 17126K, committed 17152K, reserved 1048576K
GC Heap History (10 events):
Event: 1093.141 GC heap before
{Heap before GC invocations=332 (full 17):
 PSYoungGen      total 655872K, used 651662K [0x00000000d5f00000, 0x00000000fe980000, 0x0000000100000000)
  eden space 647168K, 100% used [0x00000000d5f00000,0x00000000fd700000,0x00000000fd700000)
  from space 8704K, 51% used [0x00000000fdf80000,0x00000000fe3e3af8,0x00000000fe800000)
  to   space 8704K, 0% used [0x00000000fd700000,0x00000000fd700000,0x00000000fdf80000)
 ParOldGen       total 943616K, used 745955K [0x0000000081c00000, 0x00000000bb580000, 0x00000000d5f00000)
  object space 943616K, 79% used [0x0000000081c00000,0x00000000af478ed8,0x00000000bb580000)
 Metaspace       used 96492K, capacity 108820K, committed 109052K, reserved 1140736K
  class space    used 14190K, capacity 17122K, committed 17152K, reserved 1048576K
Event: 1093.153 GC heap after
Heap after GC invocations=332 (full 17):
 PSYoungGen      total 655872K, used 4526K [0x00000000d5f00000, 0x00000000ff580000, 0x0000000100000000)
  eden space 647168K, 0% used [0x00000000d5f00000,0x00000000d5f00000,0x00000000fd700000)
  from space 8704K, 52% used [0x00000000fd700000,0x00000000fdb6baf8,0x00000000fdf80000)
  to   space 8192K, 0% used [0x00000000fed80000,0x00000000fed80000,0x00000000ff580000)
 ParOldGen       total 943616K, used 745987K [0x0000000081c00000, 0x00000000bb580000, 0x00000000d5f00000)
  object space 943616K, 79% used [0x0000000081c00000,0x00000000af480ed8,0x00000000bb580000)
 Metaspace       used 96492K, capacity 108820K, committed 109052K, reserved 1140736K
  class space    used 14190K, capacity 17122K, committed 17152K, reserved 1048576K
}
Event: 1095.466 GC heap before
{Heap before GC invocations=333 (full 17):
 PSYoungGen      total 655872K, used 651694K [0x00000000d5f00000, 0x00000000ff580000, 0x0000000100000000)
  eden space 647168K, 100% used [0x00000000d5f00000,0x00000000fd700000,0x00000000fd700000)
  from space 8704K, 52% used [0x00000000fd700000,0x00000000fdb6baf8,0x00000000fdf80000)
  to   space 8192K, 0% used [0x00000000fed80000,0x00000000fed80000,0x00000000ff580000)
 ParOldGen       total 943616K, used 745987K [0x0000000081c00000, 0x00000000bb580000, 0x00000000d5f00000)
  object space 943616K, 79% used [0x0000000081c00000,0x00000000af480ed8,0x00000000bb580000)
 Metaspace       used 96492K, capacity 108820K, committed 109052K, reserved 1140736K
  class space    used 14190K, capacity 17122K, committed 17152K, reserved 1048576K
Event: 1095.479 GC heap after
Heap after GC invocations=333 (full 17):
 PSYoungGen      total 670208K, used 4590K [0x00000000d5f00000, 0x00000000ff500000, 0x0000000100000000)
  eden space 662528K, 0% used [0x00000000d5f00000,0x00000000d5f00000,0x00000000fe600000)
  from space 7680K, 59% used [0x00000000fed80000,0x00000000ff1fbb28,0x00000000ff500000)
  to   space 7680K, 0% used [0x00000000fe600000,0x00000000fe600000,0x00000000fed80000)
 ParOldGen       total 943616K, used 746019K [0x0000000081c00000, 0x00000000bb580000, 0x00000000d5f00000)
  object space 943616K, 79% used [0x0000000081c00000,0x00000000af488ed8,0x00000000bb580000)
 Metaspace       used 96492K, capacity 108820K, committed 109052K, reserved 1140736K
  class space    used 14190K, capacity 17122K, committed 17152K, reserved 1048576K
}
Event: 1098.013 GC heap before
{Heap before GC invocations=334 (full 17):
 PSYoungGen      total 670208K, used 667118K [0x00000000d5f00000, 0x00000000ff500000, 0x0000000100000000)
  eden space 662528K, 100% used [0x00000000d5f00000,0x00000000fe600000,0x00000000fe600000)
  from space 7680K, 59% used [0x00000000fed80000,0x00000000ff1fbb28,0x00000000ff500000)
  to   space 7680K, 0% used [0x00000000fe600000,0x00000000fe600000,0x00000000fed80000)
 ParOldGen       total 943616K, used 746019K [0x0000000081c00000, 0x00000000bb580000, 0x00000000d5f00000)
  object space 943616K, 79% used [0x0000000081c00000,0x00000000af488ed8,0x00000000bb580000)
 Metaspace       used 96500K, capacity 108836K, committed 109052K, reserved 1140736K
  class space    used 14192K, capacity 17126K, committed 17152K, reserved 1048576K
Event: 1098.024 GC heap after
Heap after GC invocations=334 (full 17):
 PSYoungGen      total 670208K, used 4686K [0x00000000d5f00000, 0x0000000100000000, 0x0000000100000000)
  eden space 662528K, 0% used [0x00000000d5f00000,0x00000000d5f00000,0x00000000fe600000)
  from space 7680K, 61% used [0x00000000fe600000,0x00000000fea93b40,0x00000000fed80000)
  to   space 7680K, 0% used [0x00000000ff880000,0x00000000ff880000,0x0000000100000000)
 ParOldGen       total 943616K, used 746099K [0x0000000081c00000, 0x00000000bb580000, 0x00000000d5f00000)
  object space 943616K, 79% used [0x0000000081c00000,0x00000000af49ced8,0x00000000bb580000)
 Metaspace       used 96500K, capacity 108836K, committed 109052K, reserved 1140736K
  class space    used 14192K, capacity 17126K, committed 17152K, reserved 1048576K
}
Event: 1100.757 GC heap before
{Heap before GC invocations=335 (full 17):
 PSYoungGen      total 670208K, used 667214K [0x00000000d5f00000, 0x0000000100000000, 0x0000000100000000)
  eden space 662528K, 100% used [0x00000000d5f00000,0x00000000fe600000,0x00000000fe600000)
  from space 7680K, 61% used [0x00000000fe600000,0x00000000fea93b40,0x00000000fed80000)
  to   space 7680K, 0% used [0x00000000ff880000,0x00000000ff880000,0x0000000100000000)
 ParOldGen       total 943616K, used 746099K [0x0000000081c00000, 0x00000000bb580000, 0x00000000d5f00000)
  object space 943616K, 79% used [0x0000000081c00000,0x00000000af49ced8,0x00000000bb580000)
 Metaspace       used 96500K, capacity 108836K, committed 109052K, reserved 1140736K
  class space    used 14192K, capacity 17126K, committed 17152K, reserved 1048576K
Event: 1100.770 GC heap after
Heap after GC invocations=335 (full 17):
 PSYoungGen      total 680448K, used 4814K [0x00000000d5f00000, 0x00000000fff00000, 0x0000000100000000)
  eden space 673792K, 0% used [0x00000000d5f00000,0x00000000d5f00000,0x00000000ff100000)
  from space 6656K, 72% used [0x00000000ff880000,0x00000000ffd33b70,0x00000000fff00000)
  to   space 7168K, 0% used [0x00000000ff100000,0x00000000ff100000,0x00000000ff800000)
 ParOldGen       total 943616K, used 746123K [0x0000000081c00000, 0x00000000bb580000, 0x00000000d5f00000)
  object space 943616K, 79% used [0x0000000081c00000,0x00000000af4a2ed8,0x00000000bb580000)
 Metaspace       used 96500K, capacity 108836K, committed 109052K, reserved 1140736K
  class space    used 14192K, capacity 17126K, committed 17152K, reserved 1048576K
}
Event: 1103.767 GC heap before
{Heap before GC invocations=336 (full 17):
 PSYoungGen      total 680448K, used 678606K [0x00000000d5f00000, 0x00000000fff00000, 0x0000000100000000)
  eden space 673792K, 100% used [0x00000000d5f00000,0x00000000ff100000,0x00000000ff100000)
  from space 6656K, 72% used [0x00000000ff880000,0x00000000ffd33b70,0x00000000fff00000)
  to   space 7168K, 0% used [0x00000000ff100000,0x00000000ff100000,0x00000000ff800000)
 ParOldGen       total 943616K, used 746123K [0x0000000081c00000, 0x00000000bb580000, 0x00000000d5f00000)
  object space 943616K, 79% used [0x0000000081c00000,0x00000000af4a2ed8,0x00000000bb580000)
 Metaspace       used 96502K, capacity 108836K, committed 109052K, reserved 1140736K
  class space    used 14192K, capacity 17126K, committed 17152K, reserved 1048576K
Event: 1103.779 GC heap after
Heap after GC invocations=336 (full 17):
 PSYoungGen      total 680960K, used 4608K [0x00000000d5f00000, 0x0000000100000000, 0x0000000100000000)
  eden space 673792K, 0% used [0x00000000d5f00000,0x00000000d5f00000,0x00000000ff100000)
  from space 7168K, 64% used [0x00000000ff100000,0x00000000ff580138,0x00000000ff800000)
  to   space 7168K, 0% used [0x00000000ff900000,0x00000000ff900000,0x0000000100000000)
 ParOldGen       total 943616K, used 746299K [0x0000000081c00000, 0x00000000bb580000, 0x00000000d5f00000)
  object space 943616K, 79% used [0x0000000081c00000,0x00000000af4ceed8,0x00000000bb580000)
 Metaspace       used 96502K, capacity 108836K, committed 109052K, reserved 1140736K
  class space    used 14192K, capacity 17126K, committed 17152K, reserved 1048576K
}

