# JRE version: Java(TM) SE Runtime Environment (8.0_51-b16) (build 1.8.0_51-b16)
# Java VM: Java HotSpot(TM) 64-Bit Server VM (25.51-b03 mixed mode windows-amd64 compressed oops)
Heap:
 PSYoungGen      total 459776K, used 54847K [0x00000000d5f00000, 0x0000000100000000, 0x0000000100000000)
  eden space 230400K, 21% used [0x00000000d5f00000,0x00000000d8f17308,0x00000000e4000000)
  from space 229376K, 2% used [0x00000000f2000000,0x00000000f2578cf0,0x0000000100000000)
  to   space 229376K, 0% used [0x00000000e4000000,0x00000000e4000000,0x00000000f2000000)
 ParOldGen       total 690176K, used 579423K [0x0000000081c00000, 0x00000000abe00000, 0x00000000d5f00000)
  object space 690176K, 83% used [0x0000000081c00000,0x00000000a51d7cd0,0x00000000abe00000)
 Metaspace       used 102978K, capacity 116614K, committed 116864K, reserved 1146880K
  class space    used 16256K, capacity 19997K, committed 20096K, reserved 1048576K
GC Heap History (10 events):
Event: 245.505 GC heap before
{Heap before GC invocations=170 (full 8):
 PSYoungGen      total 459776K, used 396735K [0x00000000d5f00000, 0x0000000100000000, 0x0000000100000000)
  eden space 230400K, 100% used [0x00000000d5f00000,0x00000000e4000000,0x00000000e4000000)
  from space 229376K, 72% used [0x00000000e4000000,0x00000000ee26fe48,0x00000000f2000000)
  to   space 229376K, 0% used [0x00000000f2000000,0x00000000f2000000,0x0000000100000000)
 ParOldGen       total 690176K, used 490321K [0x0000000081c00000, 0x00000000abe00000, 0x00000000d5f00000)
  object space 690176K, 71% used [0x0000000081c00000,0x000000009fad4530,0x00000000abe00000)
 Metaspace       used 100086K, capacity 112992K, committed 113024K, reserved 1142784K
  class space    used 15936K, capacity 19558K, committed 19584K, reserved 1048576K
Event: 245.734 GC heap after
Heap after GC invocations=170 (full 8):
 PSYoungGen      total 459776K, used 143693K [0x00000000d5f00000, 0x0000000100000000, 0x0000000100000000)
  eden space 230400K, 0% used [0x00000000d5f00000,0x00000000d5f00000,0x00000000e4000000)
  from space 229376K, 62% used [0x00000000f2000000,0x00000000fac535d0,0x0000000100000000)
  to   space 229376K, 0% used [0x00000000e4000000,0x00000000e4000000,0x00000000f2000000)
 ParOldGen       total 690176K, used 507688K [0x0000000081c00000, 0x00000000abe00000, 0x00000000d5f00000)
  object space 690176K, 73% used [0x0000000081c00000,0x00000000a0bca188,0x00000000abe00000)
 Metaspace       used 100086K, capacity 112992K, committed 113024K, reserved 1142784K
  class space    used 15936K, capacity 19558K, committed 19584K, reserved 1048576K
}
Event: 247.901 GC heap before
{Heap before GC invocations=171 (full 8):
 PSYoungGen      total 459776K, used 374093K [0x00000000d5f00000, 0x0000000100000000, 0x0000000100000000)
  eden space 230400K, 100% used [0x00000000d5f00000,0x00000000e4000000,0x00000000e4000000)
  from space 229376K, 62% used [0x00000000f2000000,0x00000000fac535d0,0x0000000100000000)
  to   space 229376K, 0% used [0x00000000e4000000,0x00000000e4000000,0x00000000f2000000)
 ParOldGen       total 690176K, used 509140K [0x0000000081c00000, 0x00000000abe00000, 0x00000000d5f00000)
  object space 690176K, 73% used [0x0000000081c00000,0x00000000a0d35310,0x00000000abe00000)
 Metaspace       used 101377K, capacity 114646K, committed 114816K, reserved 1144832K
  class space    used 16093K, capacity 19745K, committed 19840K, reserved 1048576K
Event: 248.097 GC heap after
Heap after GC invocations=171 (full 8):
 PSYoungGen      total 459776K, used 120492K [0x00000000d5f00000, 0x0000000100000000, 0x0000000100000000)
  eden space 230400K, 0% used [0x00000000d5f00000,0x00000000d5f00000,0x00000000e4000000)
  from space 229376K, 52% used [0x00000000e4000000,0x00000000eb5ab3b0,0x00000000f2000000)
  to   space 229376K, 0% used [0x00000000f2000000,0x00000000f2000000,0x0000000100000000)
 ParOldGen       total 690176K, used 524236K [0x0000000081c00000, 0x00000000abe00000, 0x00000000d5f00000)
  object space 690176K, 75% used [0x0000000081c00000,0x00000000a1bf3308,0x00000000abe00000)
 Metaspace       used 101377K, capacity 114646K, committed 114816K, reserved 1144832K
  class space    used 16093K, capacity 19745K, committed 19840K, reserved 1048576K
}
Event: 251.925 GC heap before
{Heap before GC invocations=172 (full 8):
 PSYoungGen      total 459776K, used 350892K [0x00000000d5f00000, 0x0000000100000000, 0x0000000100000000)
  eden space 230400K, 100% used [0x00000000d5f00000,0x00000000e4000000,0x00000000e4000000)
  from space 229376K, 52% used [0x00000000e4000000,0x00000000eb5ab3b0,0x00000000f2000000)
  to   space 229376K, 0% used [0x00000000f2000000,0x00000000f2000000,0x0000000100000000)
 ParOldGen       total 690176K, used 524238K [0x0000000081c00000, 0x00000000abe00000, 0x00000000d5f00000)
  object space 690176K, 75% used [0x0000000081c00000,0x00000000a1bf3bd8,0x00000000abe00000)
 Metaspace       used 102466K, capacity 116002K, committed 116352K, reserved 1144832K
  class space    used 16249K, capacity 19991K, committed 20096K, reserved 1048576K
Event: 252.053 GC heap after
Heap after GC invocations=172 (full 8):
 PSYoungGen      total 459776K, used 55595K [0x00000000d5f00000, 0x0000000100000000, 0x0000000100000000)
  eden space 230400K, 0% used [0x00000000d5f00000,0x00000000d5f00000,0x00000000e4000000)
  from space 229376K, 24% used [0x00000000f2000000,0x00000000f564ad40,0x0000000100000000)
  to   space 229376K, 0% used [0x00000000e4000000,0x00000000e4000000,0x00000000f2000000)
 ParOldGen       total 690176K, used 564499K [0x0000000081c00000, 0x00000000abe00000, 0x00000000d5f00000)
  object space 690176K, 81% used [0x0000000081c00000,0x00000000a4344ec8,0x00000000abe00000)
 Metaspace       used 102466K, capacity 116002K, committed 116352K, reserved 1144832K
  class space    used 16249K, capacity 19991K, committed 20096K, reserved 1048576K
}
Event: 257.368 GC heap before
{Heap before GC invocations=173 (full 8):
 PSYoungGen      total 459776K, used 285995K [0x00000000d5f00000, 0x0000000100000000, 0x0000000100000000)
  eden space 230400K, 100% used [0x00000000d5f00000,0x00000000e4000000,0x00000000e4000000)
  from space 229376K, 24% used [0x00000000f2000000,0x00000000f564ad40,0x0000000100000000)
  to   space 229376K, 0% used [0x00000000e4000000,0x00000000e4000000,0x00000000f2000000)
 ParOldGen       total 690176K, used 564499K [0x0000000081c00000, 0x00000000abe00000, 0x00000000d5f00000)
  object space 690176K, 81% used [0x0000000081c00000,0x00000000a4344ec8,0x00000000abe00000)
 Metaspace       used 102768K, capacity 116338K, committed 116608K, reserved 1146880K
  class space    used 16256K, capacity 19997K, committed 20096K, reserved 1048576K
Event: 257.396 GC heap after
Heap after GC invocations=173 (full 8):
 PSYoungGen      total 459776K, used 20427K [0x00000000d5f00000, 0x0000000100000000, 0x0000000100000000)
  eden space 230400K, 0% used [0x00000000d5f00000,0x00000000d5f00000,0x00000000e4000000)
  from space 229376K, 8% used [0x00000000e4000000,0x00000000e53f2d08,0x00000000f2000000)
  to   space 229376K, 0% used [0x00000000f2000000,0x00000000f2000000,0x0000000100000000)
 ParOldGen       total 690176K, used 567088K [0x0000000081c00000, 0x00000000abe00000, 0x00000000d5f00000)
  object space 690176K, 82% used [0x0000000081c00000,0x00000000a45cc190,0x00000000abe00000)
 Metaspace       used 102768K, capacity 116338K, committed 116608K, reserved 1146880K
  class space    used 16256K, capacity 19997K, committed 20096K, reserved 1048576K
}
Event: 262.402 GC heap before
{Heap before GC invocations=174 (full 8):
 PSYoungGen      total 459776K, used 250827K [0x00000000d5f00000, 0x0000000100000000, 0x0000000100000000)
  eden space 230400K, 100% used [0x00000000d5f00000,0x00000000e4000000,0x00000000e4000000)
  from space 229376K, 8% used [0x00000000e4000000,0x00000000e53f2d08,0x00000000f2000000)
  to   space 229376K, 0% used [0x00000000f2000000,0x00000000f2000000,0x0000000100000000)
 ParOldGen       total 690176K, used 567088K [0x0000000081c00000, 0x00000000abe00000, 0x00000000d5f00000)
  object space 690176K, 82% used [0x0000000081c00000,0x00000000a45cc190,0x00000000abe00000)
 Metaspace       used 102957K, capacity 116538K, committed 116864K, reserved 1146880K
  class space    used 16256K, capacity 19997K, committed 20096K, reserved 1048576K
Event: 262.435 GC heap after
Heap after GC invocations=174 (full 8):
 PSYoungGen      total 459776K, used 5603K [0x00000000d5f00000, 0x0000000100000000, 0x0000000100000000)
  eden space 230400K, 0% used [0x00000000d5f00000,0x00000000d5f00000,0x00000000e4000000)
  from space 229376K, 2% used [0x00000000f2000000,0x00000000f2578cf0,0x0000000100000000)
  to   space 229376K, 0% used [0x00000000e4000000,0x00000000e4000000,0x00000000f2000000)
 ParOldGen       total 690176K, used 579423K [0x0000000081c00000, 0x00000000abe00000, 0x00000000d5f00000)
  object space 690176K, 83% used [0x0000000081c00000,0x00000000a51d7cd0,0x00000000abe00000)
 Metaspace       used 102957K, capacity 116538K, committed 116864K, reserved 1146880K
  class space    used 16256K, capacity 19997K, committed 20096K, reserved 1048576K
}

