# JRE version: Java(TM) SE Runtime Environment (8.0_51-b16) (build 1.8.0_51-b16)
# Java VM: Java HotSpot(TM) 64-Bit Server VM (25.51-b03 mixed mode windows-amd64 compressed oops)
Heap:
 PSYoungGen      total 305664K, used 305570K [0x00000000d5f00000, 0x00000000ff780000, 0x0000000100000000)
  eden space 230400K, 100% used [0x00000000d5f00000,0x00000000e4000000,0x00000000e4000000)
  from space 75264K, 99% used [0x00000000e4000000,0x00000000e8968b80,0x00000000e8980000)
  to   space 224768K, 5% used [0x00000000f1c00000,0x00000000f2777b50,0x00000000ff780000)
 ParOldGen       total 653824K, used 512889K [0x0000000081c00000, 0x00000000a9a80000, 0x00000000d5f00000)
  object space 653824K, 78% used [0x0000000081c00000,0x00000000a10e4760,0x00000000a9a80000)
 Metaspace       used 92165K, capacity 103138K, committed 103424K, reserved 1136640K
  class space    used 13809K, capacity 16601K, committed 16640K, reserved 1048576K
GC Heap History (10 events):
Event: 191.747 GC heap before
{Heap before GC invocations=100 (full 7):
 PSYoungGen      total 445440K, used 333715K [0x00000000d5f00000, 0x00000000ff200000, 0x0000000100000000)
  eden space 230400K, 100% used [0x00000000d5f00000,0x00000000e4000000,0x00000000e4000000)
  from space 215040K, 48% used [0x00000000f2000000,0x00000000f84e4d60,0x00000000ff200000)
  to   space 222208K, 0% used [0x00000000e4000000,0x00000000e4000000,0x00000000f1900000)
 ParOldGen       total 653824K, used 455655K [0x0000000081c00000, 0x00000000a9a80000, 0x00000000d5f00000)
  object space 653824K, 69% used [0x0000000081c00000,0x000000009d8f9c40,0x00000000a9a80000)
 Metaspace       used 86975K, capacity 96898K, committed 97024K, reserved 1130496K
  class space    used 13045K, capacity 15611K, committed 15616K, reserved 1048576K
Event: 191.916 GC heap after
Heap after GC invocations=100 (full 7):
 PSYoungGen      total 452608K, used 97546K [0x00000000d5f00000, 0x00000000ff200000, 0x0000000100000000)
  eden space 230400K, 0% used [0x00000000d5f00000,0x00000000d5f00000,0x00000000e4000000)
  from space 222208K, 43% used [0x00000000e4000000,0x00000000e9f42888,0x00000000f1900000)
  to   space 211968K, 0% used [0x00000000f2300000,0x00000000f2300000,0x00000000ff200000)
 ParOldGen       total 653824K, used 455663K [0x0000000081c00000, 0x00000000a9a80000, 0x00000000d5f00000)
  object space 653824K, 69% used [0x0000000081c00000,0x000000009d8fbc40,0x00000000a9a80000)
 Metaspace       used 86975K, capacity 96898K, committed 97024K, reserved 1130496K
  class space    used 13045K, capacity 15611K, committed 15616K, reserved 1048576K
}
Event: 195.784 GC heap before
{Heap before GC invocations=101 (full 7):
 PSYoungGen      total 452608K, used 327946K [0x00000000d5f00000, 0x00000000ff200000, 0x0000000100000000)
  eden space 230400K, 100% used [0x00000000d5f00000,0x00000000e4000000,0x00000000e4000000)
  from space 222208K, 43% used [0x00000000e4000000,0x00000000e9f42888,0x00000000f1900000)
  to   space 211968K, 0% used [0x00000000f2300000,0x00000000f2300000,0x00000000ff200000)
 ParOldGen       total 653824K, used 455663K [0x0000000081c00000, 0x00000000a9a80000, 0x00000000d5f00000)
  object space 653824K, 69% used [0x0000000081c00000,0x000000009d8fbc40,0x00000000a9a80000)
 Metaspace       used 87876K, capacity 97780K, committed 97920K, reserved 1132544K
  class space    used 13166K, capacity 15712K, committed 15744K, reserved 1048576K
Event: 195.856 GC heap after
Heap after GC invocations=101 (full 7):
 PSYoungGen      total 437248K, used 80809K [0x00000000d5f00000, 0x00000000fdb00000, 0x0000000100000000)
  eden space 248832K, 0% used [0x00000000d5f00000,0x00000000d5f00000,0x00000000e5200000)
  from space 188416K, 42% used [0x00000000f2300000,0x00000000f71ea578,0x00000000fdb00000)
  to   space 201216K, 0% used [0x00000000e5200000,0x00000000e5200000,0x00000000f1680000)
 ParOldGen       total 653824K, used 455671K [0x0000000081c00000, 0x00000000a9a80000, 0x00000000d5f00000)
  object space 653824K, 69% used [0x0000000081c00000,0x000000009d8fdc40,0x00000000a9a80000)
 Metaspace       used 87876K, capacity 97780K, committed 97920K, reserved 1132544K
  class space    used 13166K, capacity 15712K, committed 15744K, reserved 1048576K
}
Event: 196.945 GC heap before
{Heap before GC invocations=102 (full 7):
 PSYoungGen      total 437248K, used 329641K [0x00000000d5f00000, 0x00000000fdb00000, 0x0000000100000000)
  eden space 248832K, 100% used [0x00000000d5f00000,0x00000000e5200000,0x00000000e5200000)
  from space 188416K, 42% used [0x00000000f2300000,0x00000000f71ea578,0x00000000fdb00000)
  to   space 201216K, 0% used [0x00000000e5200000,0x00000000e5200000,0x00000000f1680000)
 ParOldGen       total 653824K, used 455671K [0x0000000081c00000, 0x00000000a9a80000, 0x00000000d5f00000)
  object space 653824K, 69% used [0x0000000081c00000,0x000000009d8fdc40,0x00000000a9a80000)
 Metaspace       used 88778K, capacity 98858K, committed 99200K, reserved 1132544K
  class space    used 13339K, capacity 15947K, committed 16000K, reserved 1048576K
Event: 197.363 GC heap after
Heap after GC invocations=102 (full 7):
 PSYoungGen      total 450048K, used 193770K [0x00000000d5f00000, 0x0000000100000000, 0x0000000100000000)
  eden space 248832K, 0% used [0x00000000d5f00000,0x00000000d5f00000,0x00000000e5200000)
  from space 201216K, 96% used [0x00000000e5200000,0x00000000f0f3aab0,0x00000000f1680000)
  to   space 228864K, 0% used [0x00000000f2080000,0x00000000f2080000,0x0000000100000000)
 ParOldGen       total 653824K, used 455679K [0x0000000081c00000, 0x00000000a9a80000, 0x00000000d5f00000)
  object space 653824K, 69% used [0x0000000081c00000,0x000000009d8ffc40,0x00000000a9a80000)
 Metaspace       used 88778K, capacity 98858K, committed 99200K, reserved 1132544K
  class space    used 13339K, capacity 15947K, committed 16000K, reserved 1048576K
}
Event: 198.903 GC heap before
{Heap before GC invocations=103 (full 7):
 PSYoungGen      total 450048K, used 442602K [0x00000000d5f00000, 0x0000000100000000, 0x0000000100000000)
  eden space 248832K, 100% used [0x00000000d5f00000,0x00000000e5200000,0x00000000e5200000)
  from space 201216K, 96% used [0x00000000e5200000,0x00000000f0f3aab0,0x00000000f1680000)
  to   space 228864K, 0% used [0x00000000f2080000,0x00000000f2080000,0x0000000100000000)
 ParOldGen       total 653824K, used 455679K [0x0000000081c00000, 0x00000000a9a80000, 0x00000000d5f00000)
  object space 653824K, 69% used [0x0000000081c00000,0x000000009d8ffc40,0x00000000a9a80000)
 Metaspace       used 90594K, capacity 101152K, committed 101376K, reserved 1134592K
  class space    used 13613K, capacity 16350K, committed 16384K, reserved 1048576K
Event: 199.167 GC heap after
Heap after GC invocations=103 (full 7):
 PSYoungGen      total 459264K, used 144563K [0x00000000d5f00000, 0x0000000100000000, 0x0000000100000000)
  eden space 230400K, 0% used [0x00000000d5f00000,0x00000000d5f00000,0x00000000e4000000)
  from space 228864K, 63% used [0x00000000f2080000,0x00000000fadacfa8,0x0000000100000000)
  to   space 229376K, 0% used [0x00000000e4000000,0x00000000e4000000,0x00000000f2000000)
 ParOldGen       total 653824K, used 465915K [0x0000000081c00000, 0x00000000a9a80000, 0x00000000d5f00000)
  object space 653824K, 71% used [0x0000000081c00000,0x000000009e2fee98,0x00000000a9a80000)
 Metaspace       used 90594K, capacity 101152K, committed 101376K, reserved 1134592K
  class space    used 13613K, capacity 16350K, committed 16384K, reserved 1048576K
}
Event: 201.559 GC heap before
{Heap before GC invocations=104 (full 7):
 PSYoungGen      total 459264K, used 374873K [0x00000000d5f00000, 0x0000000100000000, 0x0000000100000000)
  eden space 230400K, 99% used [0x00000000d5f00000,0x00000000e3fe96d0,0x00000000e4000000)
  from space 228864K, 63% used [0x00000000f2080000,0x00000000fadacfa8,0x0000000100000000)
  to   space 229376K, 0% used [0x00000000e4000000,0x00000000e4000000,0x00000000f2000000)
 ParOldGen       total 653824K, used 465915K [0x0000000081c00000, 0x00000000a9a80000, 0x00000000d5f00000)
  object space 653824K, 71% used [0x0000000081c00000,0x000000009e2fee98,0x00000000a9a80000)
 Metaspace       used 91329K, capacity 101966K, committed 102272K, reserved 1134592K
  class space    used 13693K, capacity 16443K, committed 16512K, reserved 1048576K
Event: 201.759 GC heap after
Heap after GC invocations=104 (full 7):
 PSYoungGen      total 305664K, used 75170K [0x00000000d5f00000, 0x00000000ff780000, 0x0000000100000000)
  eden space 230400K, 0% used [0x00000000d5f00000,0x00000000d5f00000,0x00000000e4000000)
  from space 75264K, 99% used [0x00000000e4000000,0x00000000e8968b80,0x00000000e8980000)
  to   space 224768K, 0% used [0x00000000f1c00000,0x00000000f1c00000,0x00000000ff780000)
 ParOldGen       total 653824K, used 510153K [0x0000000081c00000, 0x00000000a9a80000, 0x00000000d5f00000)
  object space 653824K, 78% used [0x0000000081c00000,0x00000000a0e32618,0x00000000a9a80000)
 Metaspace       used 91329K, capacity 101966K, committed 102272K, reserved 1134592K
  class space    used 13693K, capacity 16443K, committed 16512K, reserved 1048576K
}

