# JRE version: Java(TM) SE Runtime Environment (8.0_51-b16) (build 1.8.0_51-b16)
# Java VM: Java HotSpot(TM) 64-Bit Server VM (25.51-b03 mixed mode windows-amd64 compressed oops)
Heap:
 PSYoungGen      total 603136K, used 162254K [0x00000000d5f00000, 0x0000000100000000, 0x0000000100000000)
  eden space 569344K, 22% used [0x00000000d5f00000,0x00000000ddc77a90,0x00000000f8b00000)
  from space 33792K, 99% used [0x00000000fda80000,0x00000000ffb7bee0,0x00000000ffb80000)
  to   space 59904K, 0% used [0x00000000f8b00000,0x00000000f8b00000,0x00000000fc580000)
 ParOldGen       total 418304K, used 337515K [0x0000000081c00000, 0x000000009b480000, 0x00000000d5f00000)
  object space 418304K, 80% used [0x0000000081c00000,0x000000009659af00,0x000000009b480000)
 Metaspace       used 78137K, capacity 86488K, committed 86656K, reserved 1122304K
  class space    used 12199K, capacity 14671K, committed 14720K, reserved 1048576K
GC Heap History (10 events):
Event: 101.836 GC heap before
{Heap before GC invocations=152 (full 6):
 PSYoungGen      total 650752K, used 613856K [0x00000000d5f00000, 0x00000000fff80000, 0x0000000100000000)
  eden space 612352K, 100% used [0x00000000d5f00000,0x00000000fb500000,0x00000000fb500000)
  from space 38400K, 3% used [0x00000000fb500000,0x00000000fb678020,0x00000000fda80000)
  to   space 37888K, 0% used [0x00000000fda80000,0x00000000fda80000,0x00000000fff80000)
 ParOldGen       total 418304K, used 284886K [0x0000000081c00000, 0x000000009b480000, 0x00000000d5f00000)
  object space 418304K, 68% used [0x0000000081c00000,0x0000000093235890,0x000000009b480000)
 Metaspace       used 76668K, capacity 84728K, committed 84864K, reserved 1120256K
  class space    used 11995K, capacity 14427K, committed 14464K, reserved 1048576K
Event: 101.843 GC heap after
Heap after GC invocations=152 (full 6):
 PSYoungGen      total 650752K, used 1856K [0x00000000d5f00000, 0x00000000fff80000, 0x0000000100000000)
  eden space 612864K, 0% used [0x00000000d5f00000,0x00000000d5f00000,0x00000000fb580000)
  from space 37888K, 4% used [0x00000000fda80000,0x00000000fdc50020,0x00000000fff80000)
  to   space 37888K, 0% used [0x00000000fb580000,0x00000000fb580000,0x00000000fda80000)
 ParOldGen       total 418304K, used 284886K [0x0000000081c00000, 0x000000009b480000, 0x00000000d5f00000)
  object space 418304K, 68% used [0x0000000081c00000,0x0000000093235890,0x000000009b480000)
 Metaspace       used 76668K, capacity 84728K, committed 84864K, reserved 1120256K
  class space    used 11995K, capacity 14427K, committed 14464K, reserved 1048576K
}
Event: 102.729 GC heap before
{Heap before GC invocations=153 (full 6):
 PSYoungGen      total 650752K, used 614720K [0x00000000d5f00000, 0x00000000fff80000, 0x0000000100000000)
  eden space 612864K, 100% used [0x00000000d5f00000,0x00000000fb580000,0x00000000fb580000)
  from space 37888K, 4% used [0x00000000fda80000,0x00000000fdc50020,0x00000000fff80000)
  to   space 37888K, 0% used [0x00000000fb580000,0x00000000fb580000,0x00000000fda80000)
 ParOldGen       total 418304K, used 284886K [0x0000000081c00000, 0x000000009b480000, 0x00000000d5f00000)
  object space 418304K, 68% used [0x0000000081c00000,0x0000000093235bb0,0x000000009b480000)
 Metaspace       used 76678K, capacity 84736K, committed 84864K, reserved 1120256K
  class space    used 11995K, capacity 14427K, committed 14464K, reserved 1048576K
Event: 102.736 GC heap after
Heap after GC invocations=153 (full 6):
 PSYoungGen      total 615936K, used 2928K [0x00000000d5f00000, 0x00000000ffe00000, 0x0000000100000000)
  eden space 612864K, 0% used [0x00000000d5f00000,0x00000000d5f00000,0x00000000fb580000)
  from space 3072K, 95% used [0x00000000fb580000,0x00000000fb85c040,0x00000000fb880000)
  to   space 36864K, 0% used [0x00000000fda00000,0x00000000fda00000,0x00000000ffe00000)
 ParOldGen       total 418304K, used 284886K [0x0000000081c00000, 0x000000009b480000, 0x00000000d5f00000)
  object space 418304K, 68% used [0x0000000081c00000,0x0000000093235bb0,0x000000009b480000)
 Metaspace       used 76678K, capacity 84736K, committed 84864K, reserved 1120256K
  class space    used 11995K, capacity 14427K, committed 14464K, reserved 1048576K
}
Event: 103.729 GC heap before
{Heap before GC invocations=154 (full 6):
 PSYoungGen      total 615936K, used 615792K [0x00000000d5f00000, 0x00000000ffe00000, 0x0000000100000000)
  eden space 612864K, 100% used [0x00000000d5f00000,0x00000000fb580000,0x00000000fb580000)
  from space 3072K, 95% used [0x00000000fb580000,0x00000000fb85c040,0x00000000fb880000)
  to   space 36864K, 0% used [0x00000000fda00000,0x00000000fda00000,0x00000000ffe00000)
 ParOldGen       total 418304K, used 284886K [0x0000000081c00000, 0x000000009b480000, 0x00000000d5f00000)
  object space 418304K, 68% used [0x0000000081c00000,0x0000000093235bb0,0x000000009b480000)
 Metaspace       used 76678K, capacity 84736K, committed 84864K, reserved 1120256K
  class space    used 11995K, capacity 14427K, committed 14464K, reserved 1048576K
Event: 103.737 GC heap after
Heap after GC invocations=154 (full 6):
 PSYoungGen      total 651776K, used 3408K [0x00000000d5f00000, 0x0000000100000000, 0x0000000100000000)
  eden space 614912K, 0% used [0x00000000d5f00000,0x00000000d5f00000,0x00000000fb780000)
  from space 36864K, 9% used [0x00000000fda00000,0x00000000fdd54040,0x00000000ffe00000)
  to   space 35328K, 0% used [0x00000000fb780000,0x00000000fb780000,0x00000000fda00000)
 ParOldGen       total 418304K, used 284886K [0x0000000081c00000, 0x000000009b480000, 0x00000000d5f00000)
  object space 418304K, 68% used [0x0000000081c00000,0x0000000093235bb0,0x000000009b480000)
 Metaspace       used 76678K, capacity 84736K, committed 84864K, reserved 1120256K
  class space    used 11995K, capacity 14427K, committed 14464K, reserved 1048576K
}
Event: 106.603 GC heap before
{Heap before GC invocations=155 (full 6):
 PSYoungGen      total 651776K, used 618320K [0x00000000d5f00000, 0x0000000100000000, 0x0000000100000000)
  eden space 614912K, 100% used [0x00000000d5f00000,0x00000000fb780000,0x00000000fb780000)
  from space 36864K, 9% used [0x00000000fda00000,0x00000000fdd54040,0x00000000ffe00000)
  to   space 35328K, 0% used [0x00000000fb780000,0x00000000fb780000,0x00000000fda00000)
 ParOldGen       total 418304K, used 284886K [0x0000000081c00000, 0x000000009b480000, 0x00000000d5f00000)
  object space 418304K, 68% used [0x0000000081c00000,0x0000000093235bb0,0x000000009b480000)
 Metaspace       used 76689K, capacity 84736K, committed 84864K, reserved 1120256K
  class space    used 11996K, capacity 14427K, committed 14464K, reserved 1048576K
Event: 106.633 GC heap after
Heap after GC invocations=155 (full 6):
 PSYoungGen      total 650240K, used 5601K [0x00000000d5f00000, 0x00000000ffb80000, 0x0000000100000000)
  eden space 614912K, 0% used [0x00000000d5f00000,0x00000000d5f00000,0x00000000fb780000)
  from space 35328K, 15% used [0x00000000fb780000,0x00000000fbcf8678,0x00000000fda00000)
  to   space 33792K, 0% used [0x00000000fda80000,0x00000000fda80000,0x00000000ffb80000)
 ParOldGen       total 418304K, used 284894K [0x0000000081c00000, 0x000000009b480000, 0x00000000d5f00000)
  object space 418304K, 68% used [0x0000000081c00000,0x0000000093237bb0,0x000000009b480000)
 Metaspace       used 76689K, capacity 84736K, committed 84864K, reserved 1120256K
  class space    used 11996K, capacity 14427K, committed 14464K, reserved 1048576K
}
Event: 111.360 GC heap before
{Heap before GC invocations=156 (full 6):
 PSYoungGen      total 650240K, used 620513K [0x00000000d5f00000, 0x00000000ffb80000, 0x0000000100000000)
  eden space 614912K, 100% used [0x00000000d5f00000,0x00000000fb780000,0x00000000fb780000)
  from space 35328K, 15% used [0x00000000fb780000,0x00000000fbcf8678,0x00000000fda00000)
  to   space 33792K, 0% used [0x00000000fda80000,0x00000000fda80000,0x00000000ffb80000)
 ParOldGen       total 418304K, used 284894K [0x0000000081c00000, 0x000000009b480000, 0x00000000d5f00000)
  object space 418304K, 68% used [0x0000000081c00000,0x0000000093237bb0,0x000000009b480000)
 Metaspace       used 77925K, capacity 86214K, committed 86400K, reserved 1120256K
  class space    used 12172K, capacity 14658K, committed 14720K, reserved 1048576K
Event: 111.504 GC heap after
Heap after GC invocations=156 (full 6):
 PSYoungGen      total 603136K, used 33775K [0x00000000d5f00000, 0x0000000100000000, 0x0000000100000000)
  eden space 569344K, 0% used [0x00000000d5f00000,0x00000000d5f00000,0x00000000f8b00000)
  from space 33792K, 99% used [0x00000000fda80000,0x00000000ffb7bee0,0x00000000ffb80000)
  to   space 59904K, 0% used [0x00000000f8b00000,0x00000000f8b00000,0x00000000fc580000)
 ParOldGen       total 418304K, used 337515K [0x0000000081c00000, 0x000000009b480000, 0x00000000d5f00000)
  object space 418304K, 80% used [0x0000000081c00000,0x000000009659af00,0x000000009b480000)
 Metaspace       used 77925K, capacity 86214K, committed 86400K, reserved 1120256K
  class space    used 12172K, capacity 14658K, committed 14720K, reserved 1048576K
}

