# JRE version: Java(TM) SE Runtime Environment (8.0_51-b16) (build 1.8.0_51-b16)
# Java VM: Java HotSpot(TM) 64-Bit Server VM (25.51-b03 mixed mode windows-amd64 compressed oops)
Heap:
 PSYoungGen      total 597504K, used 377641K [0x00000000d5f00000, 0x00000000ffc00000, 0x0000000100000000)
  eden space 509952K, 70% used [0x00000000d5f00000,0x00000000ebe63b70,0x00000000f5100000)
  from space 87552K, 20% used [0x00000000fa680000,0x00000000fb7e6988,0x00000000ffc00000)
  to   space 13824K, 0% used [0x00000000f5100000,0x00000000f5100000,0x00000000f5e80000)
 ParOldGen       total 640512K, used 440094K [0x0000000081c00000, 0x00000000a8d80000, 0x00000000d5f00000)
  object space 640512K, 68% used [0x0000000081c00000,0x000000009c9c78b8,0x00000000a8d80000)
 Metaspace       used 95137K, capacity 106896K, committed 107264K, reserved 1140736K
  class space    used 13926K, capacity 16790K, committed 16896K, reserved 1048576K
GC Heap History (10 events):
Event: 3312.926 GC heap before
{Heap before GC invocations=411 (full 9):
 PSYoungGen      total 527360K, used 527223K [0x00000000d5f00000, 0x0000000100000000, 0x0000000100000000)
  eden space 519168K, 100% used [0x00000000d5f00000,0x00000000f5a00000,0x00000000f5a00000)
  from space 8192K, 98% used [0x00000000f5a00000,0x00000000f61dde10,0x00000000f6200000)
  to   space 88064K, 0% used [0x00000000faa00000,0x00000000faa00000,0x0000000100000000)
 ParOldGen       total 640512K, used 440083K [0x0000000081c00000, 0x00000000a8d80000, 0x00000000d5f00000)
  object space 640512K, 68% used [0x0000000081c00000,0x000000009c9c4d48,0x00000000a8d80000)
 Metaspace       used 95135K, capacity 106896K, committed 107264K, reserved 1140736K
  class space    used 13926K, capacity 16790K, committed 16896K, reserved 1048576K
Event: 3312.938 GC heap after
Heap after GC invocations=411 (full 9):
 PSYoungGen      total 598016K, used 11006K [0x00000000d5f00000, 0x0000000100000000, 0x0000000100000000)
  eden space 509952K, 0% used [0x00000000d5f00000,0x00000000d5f00000,0x00000000f5100000)
  from space 88064K, 12% used [0x00000000faa00000,0x00000000fb4bf9c0,0x0000000100000000)
  to   space 89600K, 0% used [0x00000000f5100000,0x00000000f5100000,0x00000000fa880000)
 ParOldGen       total 640512K, used 440091K [0x0000000081c00000, 0x00000000a8d80000, 0x00000000d5f00000)
  object space 640512K, 68% used [0x0000000081c00000,0x000000009c9c6d48,0x00000000a8d80000)
 Metaspace       used 95135K, capacity 106896K, committed 107264K, reserved 1140736K
  class space    used 13926K, capacity 16790K, committed 16896K, reserved 1048576K
}
Event: 3316.914 GC heap before
{Heap before GC invocations=412 (full 9):
 PSYoungGen      total 598016K, used 520958K [0x00000000d5f00000, 0x0000000100000000, 0x0000000100000000)
  eden space 509952K, 100% used [0x00000000d5f00000,0x00000000f5100000,0x00000000f5100000)
  from space 88064K, 12% used [0x00000000faa00000,0x00000000fb4bf9c0,0x0000000100000000)
  to   space 89600K, 0% used [0x00000000f5100000,0x00000000f5100000,0x00000000fa880000)
 ParOldGen       total 640512K, used 440094K [0x0000000081c00000, 0x00000000a8d80000, 0x00000000d5f00000)
  object space 640512K, 68% used [0x0000000081c00000,0x000000009c9c78b8,0x00000000a8d80000)
 Metaspace       used 95136K, capacity 106896K, committed 107264K, reserved 1140736K
  class space    used 13926K, capacity 16790K, committed 16896K, reserved 1048576K
Event: 3316.923 GC heap after
Heap after GC invocations=412 (full 9):
 PSYoungGen      total 521728K, used 11310K [0x00000000d5f00000, 0x0000000100000000, 0x0000000100000000)
  eden space 509952K, 0% used [0x00000000d5f00000,0x00000000d5f00000,0x00000000f5100000)
  from space 11776K, 96% used [0x00000000f5100000,0x00000000f5c0b9f0,0x00000000f5c80000)
  to   space 90112K, 0% used [0x00000000fa800000,0x00000000fa800000,0x0000000100000000)
 ParOldGen       total 640512K, used 440094K [0x0000000081c00000, 0x00000000a8d80000, 0x00000000d5f00000)
  object space 640512K, 68% used [0x0000000081c00000,0x000000009c9c78b8,0x00000000a8d80000)
 Metaspace       used 95136K, capacity 106896K, committed 107264K, reserved 1140736K
  class space    used 13926K, capacity 16790K, committed 16896K, reserved 1048576K
}
Event: 3321.134 GC heap before
{Heap before GC invocations=413 (full 9):
 PSYoungGen      total 521728K, used 521262K [0x00000000d5f00000, 0x0000000100000000, 0x0000000100000000)
  eden space 509952K, 100% used [0x00000000d5f00000,0x00000000f5100000,0x00000000f5100000)
  from space 11776K, 96% used [0x00000000f5100000,0x00000000f5c0b9f0,0x00000000f5c80000)
  to   space 90112K, 0% used [0x00000000fa800000,0x00000000fa800000,0x0000000100000000)
 ParOldGen       total 640512K, used 440094K [0x0000000081c00000, 0x00000000a8d80000, 0x00000000d5f00000)
  object space 640512K, 68% used [0x0000000081c00000,0x000000009c9c78b8,0x00000000a8d80000)
 Metaspace       used 95136K, capacity 106896K, committed 107264K, reserved 1140736K
  class space    used 13926K, capacity 16790K, committed 16896K, reserved 1048576K
Event: 3321.146 GC heap after
Heap after GC invocations=413 (full 9):
 PSYoungGen      total 600064K, used 12623K [0x00000000d5f00000, 0x0000000100000000, 0x0000000100000000)
  eden space 509952K, 0% used [0x00000000d5f00000,0x00000000d5f00000,0x00000000f5100000)
  from space 90112K, 14% used [0x00000000fa800000,0x00000000fb453dd0,0x0000000100000000)
  to   space 89088K, 0% used [0x00000000f5100000,0x00000000f5100000,0x00000000fa800000)
 ParOldGen       total 640512K, used 440094K [0x0000000081c00000, 0x00000000a8d80000, 0x00000000d5f00000)
  object space 640512K, 68% used [0x0000000081c00000,0x000000009c9c78b8,0x00000000a8d80000)
 Metaspace       used 95136K, capacity 106896K, committed 107264K, reserved 1140736K
  class space    used 13926K, capacity 16790K, committed 16896K, reserved 1048576K
}
Event: 3324.972 GC heap before
{Heap before GC invocations=414 (full 9):
 PSYoungGen      total 600064K, used 522575K [0x00000000d5f00000, 0x0000000100000000, 0x0000000100000000)
  eden space 509952K, 100% used [0x00000000d5f00000,0x00000000f5100000,0x00000000f5100000)
  from space 90112K, 14% used [0x00000000fa800000,0x00000000fb453dd0,0x0000000100000000)
  to   space 89088K, 0% used [0x00000000f5100000,0x00000000f5100000,0x00000000fa800000)
 ParOldGen       total 640512K, used 440094K [0x0000000081c00000, 0x00000000a8d80000, 0x00000000d5f00000)
  object space 640512K, 68% used [0x0000000081c00000,0x000000009c9c78b8,0x00000000a8d80000)
 Metaspace       used 95137K, capacity 106896K, committed 107264K, reserved 1140736K
  class space    used 13926K, capacity 16790K, committed 16896K, reserved 1048576K
Event: 3324.983 GC heap after
Heap after GC invocations=414 (full 9):
 PSYoungGen      total 523776K, used 13734K [0x00000000d5f00000, 0x00000000ffc00000, 0x0000000100000000)
  eden space 509952K, 0% used [0x00000000d5f00000,0x00000000d5f00000,0x00000000f5100000)
  from space 13824K, 99% used [0x00000000f5100000,0x00000000f5e69a40,0x00000000f5e80000)
  to   space 87552K, 0% used [0x00000000fa680000,0x00000000fa680000,0x00000000ffc00000)
 ParOldGen       total 640512K, used 440094K [0x0000000081c00000, 0x00000000a8d80000, 0x00000000d5f00000)
  object space 640512K, 68% used [0x0000000081c00000,0x000000009c9c78b8,0x00000000a8d80000)
 Metaspace       used 95137K, capacity 106896K, committed 107264K, reserved 1140736K
  class space    used 13926K, capacity 16790K, committed 16896K, reserved 1048576K
}
Event: 3328.086 GC heap before
{Heap before GC invocations=415 (full 9):
 PSYoungGen      total 523776K, used 523686K [0x00000000d5f00000, 0x00000000ffc00000, 0x0000000100000000)
  eden space 509952K, 100% used [0x00000000d5f00000,0x00000000f5100000,0x00000000f5100000)
  from space 13824K, 99% used [0x00000000f5100000,0x00000000f5e69a40,0x00000000f5e80000)
  to   space 87552K, 0% used [0x00000000fa680000,0x00000000fa680000,0x00000000ffc00000)
 ParOldGen       total 640512K, used 440094K [0x0000000081c00000, 0x00000000a8d80000, 0x00000000d5f00000)
  object space 640512K, 68% used [0x0000000081c00000,0x000000009c9c78b8,0x00000000a8d80000)
 Metaspace       used 95137K, capacity 106896K, committed 107264K, reserved 1140736K
  class space    used 13926K, capacity 16790K, committed 16896K, reserved 1048576K
Event: 3328.097 GC heap after
Heap after GC invocations=415 (full 9):
 PSYoungGen      total 597504K, used 17818K [0x00000000d5f00000, 0x00000000ffc00000, 0x0000000100000000)
  eden space 509952K, 0% used [0x00000000d5f00000,0x00000000d5f00000,0x00000000f5100000)
  from space 87552K, 20% used [0x00000000fa680000,0x00000000fb7e6988,0x00000000ffc00000)
  to   space 13824K, 0% used [0x00000000f5100000,0x00000000f5100000,0x00000000f5e80000)
 ParOldGen       total 640512K, used 440094K [0x0000000081c00000, 0x00000000a8d80000, 0x00000000d5f00000)
  object space 640512K, 68% used [0x0000000081c00000,0x000000009c9c78b8,0x00000000a8d80000)
 Metaspace       used 95137K, capacity 106896K, committed 107264K, reserved 1140736K
  class space    used 13926K, capacity 16790K, committed 16896K, reserved 1048576K
}

