# JRE version: Java(TM) SE Runtime Environment (8.0_51-b16) (build 1.8.0_51-b16)
# Java VM: Java HotSpot(TM) 64-Bit Server VM (25.51-b03 mixed mode windows-amd64 compressed oops)
Heap:
 PSYoungGen      total 38400K, used 29287K [0x00000000d5f00000, 0x00000000dba00000, 0x0000000100000000)
  eden space 33280K, 88% used [0x00000000d5f00000,0x00000000d7b99d00,0x00000000d7f80000)
  from space 5120K, 0% used [0x00000000d7f80000,0x00000000d7f80000,0x00000000d8480000)
  to   space 13312K, 0% used [0x00000000dad00000,0x00000000dad00000,0x00000000dba00000)
 ParOldGen       total 65024K, used 18102K [0x0000000081c00000, 0x0000000085b80000, 0x00000000d5f00000)
  object space 65024K, 27% used [0x0000000081c00000,0x0000000082dadaa8,0x0000000085b80000)
 Metaspace       used 22463K, capacity 23417K, committed 23424K, reserved 1069056K
  class space    used 2663K, capacity 2940K, committed 2944K, reserved 1048576K
GC Heap History (10 events):
Event: 2.515 GC heap before
{Heap before GC invocations=2 (full 0):
 PSYoungGen      total 38400K, used 37806K [0x00000000d5f00000, 0x00000000d8980000, 0x0000000100000000)
  eden space 33280K, 100% used [0x00000000d5f00000,0x00000000d7f80000,0x00000000d7f80000)
  from space 5120K, 88% used [0x00000000d7f80000,0x00000000d83ebb50,0x00000000d8480000)
  to   space 5120K, 0% used [0x00000000d8480000,0x00000000d8480000,0x00000000d8980000)
 ParOldGen       total 87552K, used 8K [0x0000000081c00000, 0x0000000087180000, 0x00000000d5f00000)
  object space 87552K, 0% used [0x0000000081c00000,0x0000000081c02000,0x0000000087180000)
 Metaspace       used 13918K, capacity 14204K, committed 14336K, reserved 1062912K
  class space    used 1639K, capacity 1716K, committed 1792K, reserved 1048576K
Event: 2.522 GC heap after
Heap after GC invocations=2 (full 0):
 PSYoungGen      total 38400K, used 5115K [0x00000000d5f00000, 0x00000000d8980000, 0x0000000100000000)
  eden space 33280K, 0% used [0x00000000d5f00000,0x00000000d5f00000,0x00000000d7f80000)
  from space 5120K, 99% used [0x00000000d8480000,0x00000000d897ec28,0x00000000d8980000)
  to   space 5120K, 0% used [0x00000000d7f80000,0x00000000d7f80000,0x00000000d8480000)
 ParOldGen       total 87552K, used 1026K [0x0000000081c00000, 0x0000000087180000, 0x00000000d5f00000)
  object space 87552K, 1% used [0x0000000081c00000,0x0000000081d00b98,0x0000000087180000)
 Metaspace       used 13918K, capacity 14204K, committed 14336K, reserved 1062912K
  class space    used 1639K, capacity 1716K, committed 1792K, reserved 1048576K
}
Event: 4.197 GC heap before
{Heap before GC invocations=3 (full 0):
 PSYoungGen      total 38400K, used 38395K [0x00000000d5f00000, 0x00000000d8980000, 0x0000000100000000)
  eden space 33280K, 100% used [0x00000000d5f00000,0x00000000d7f80000,0x00000000d7f80000)
  from space 5120K, 99% used [0x00000000d8480000,0x00000000d897ec28,0x00000000d8980000)
  to   space 5120K, 0% used [0x00000000d7f80000,0x00000000d7f80000,0x00000000d8480000)
 ParOldGen       total 87552K, used 1026K [0x0000000081c00000, 0x0000000087180000, 0x00000000d5f00000)
  object space 87552K, 1% used [0x0000000081c00000,0x0000000081d00b98,0x0000000087180000)
 Metaspace       used 17042K, capacity 17572K, committed 17664K, reserved 1064960K
  class space    used 2073K, capacity 2250K, committed 2304K, reserved 1048576K
Event: 4.206 GC heap after
Heap after GC invocations=3 (full 0):
 PSYoungGen      total 38400K, used 5104K [0x00000000d5f00000, 0x00000000d8980000, 0x0000000100000000)
  eden space 33280K, 0% used [0x00000000d5f00000,0x00000000d5f00000,0x00000000d7f80000)
  from space 5120K, 99% used [0x00000000d7f80000,0x00000000d847c050,0x00000000d8480000)
  to   space 5120K, 0% used [0x00000000d8480000,0x00000000d8480000,0x00000000d8980000)
 ParOldGen       total 87552K, used 4577K [0x0000000081c00000, 0x0000000087180000, 0x00000000d5f00000)
  object space 87552K, 5% used [0x0000000081c00000,0x00000000820787b8,0x0000000087180000)
 Metaspace       used 17042K, capacity 17572K, committed 17664K, reserved 1064960K
  class space    used 2073K, capacity 2250K, committed 2304K, reserved 1048576K
}
Event: 5.484 GC heap before
{Heap before GC invocations=4 (full 0):
 PSYoungGen      total 38400K, used 38384K [0x00000000d5f00000, 0x00000000d8980000, 0x0000000100000000)
  eden space 33280K, 100% used [0x00000000d5f00000,0x00000000d7f80000,0x00000000d7f80000)
  from space 5120K, 99% used [0x00000000d7f80000,0x00000000d847c050,0x00000000d8480000)
  to   space 5120K, 0% used [0x00000000d8480000,0x00000000d8480000,0x00000000d8980000)
 ParOldGen       total 87552K, used 4577K [0x0000000081c00000, 0x0000000087180000, 0x00000000d5f00000)
  object space 87552K, 5% used [0x0000000081c00000,0x00000000820787b8,0x0000000087180000)
 Metaspace       used 20269K, capacity 21017K, committed 21120K, reserved 1067008K
  class space    used 2376K, capacity 2594K, committed 2688K, reserved 1048576K
Event: 5.500 GC heap after
Heap after GC invocations=4 (full 0):
 PSYoungGen      total 38400K, used 5106K [0x00000000d5f00000, 0x00000000d8980000, 0x0000000100000000)
  eden space 33280K, 0% used [0x00000000d5f00000,0x00000000d5f00000,0x00000000d7f80000)
  from space 5120K, 99% used [0x00000000d8480000,0x00000000d897ca18,0x00000000d8980000)
  to   space 5120K, 0% used [0x00000000d7f80000,0x00000000d7f80000,0x00000000d8480000)
 ParOldGen       total 87552K, used 11971K [0x0000000081c00000, 0x0000000087180000, 0x00000000d5f00000)
  object space 87552K, 13% used [0x0000000081c00000,0x00000000827b0ff0,0x0000000087180000)
 Metaspace       used 20269K, capacity 21017K, committed 21120K, reserved 1067008K
  class space    used 2376K, capacity 2594K, committed 2688K, reserved 1048576K
}
Event: 5.531 GC heap before
{Heap before GC invocations=5 (full 0):
 PSYoungGen      total 38400K, used 10705K [0x00000000d5f00000, 0x00000000d8980000, 0x0000000100000000)
  eden space 33280K, 16% used [0x00000000d5f00000,0x00000000d6477a90,0x00000000d7f80000)
  from space 5120K, 99% used [0x00000000d8480000,0x00000000d897ca18,0x00000000d8980000)
  to   space 5120K, 0% used [0x00000000d7f80000,0x00000000d7f80000,0x00000000d8480000)
 ParOldGen       total 87552K, used 11971K [0x0000000081c00000, 0x0000000087180000, 0x00000000d5f00000)
  object space 87552K, 13% used [0x0000000081c00000,0x00000000827b0ff0,0x0000000087180000)
 Metaspace       used 20418K, capacity 21145K, committed 21296K, reserved 1069056K
  class space    used 2382K, capacity 2594K, committed 2688K, reserved 1048576K
Event: 5.549 GC heap after
Heap after GC invocations=5 (full 0):
 PSYoungGen      total 38400K, used 5097K [0x00000000d5f00000, 0x00000000dba00000, 0x0000000100000000)
  eden space 33280K, 0% used [0x00000000d5f00000,0x00000000d5f00000,0x00000000d7f80000)
  from space 5120K, 99% used [0x00000000d7f80000,0x00000000d847a7b0,0x00000000d8480000)
  to   space 13312K, 0% used [0x00000000dad00000,0x00000000dad00000,0x00000000dba00000)
 ParOldGen       total 87552K, used 15717K [0x0000000081c00000, 0x0000000087180000, 0x00000000d5f00000)
  object space 87552K, 17% used [0x0000000081c00000,0x0000000082b596d0,0x0000000087180000)
 Metaspace       used 20418K, capacity 21145K, committed 21296K, reserved 1069056K
  class space    used 2382K, capacity 2594K, committed 2688K, reserved 1048576K
}
Event: 5.549 GC heap before
{Heap before GC invocations=6 (full 1):
 PSYoungGen      total 38400K, used 5097K [0x00000000d5f00000, 0x00000000dba00000, 0x0000000100000000)
  eden space 33280K, 0% used [0x00000000d5f00000,0x00000000d5f00000,0x00000000d7f80000)
  from space 5120K, 99% used [0x00000000d7f80000,0x00000000d847a7b0,0x00000000d8480000)
  to   space 13312K, 0% used [0x00000000dad00000,0x00000000dad00000,0x00000000dba00000)
 ParOldGen       total 87552K, used 15717K [0x0000000081c00000, 0x0000000087180000, 0x00000000d5f00000)
  object space 87552K, 17% used [0x0000000081c00000,0x0000000082b596d0,0x0000000087180000)
 Metaspace       used 20418K, capacity 21145K, committed 21296K, reserved 1069056K
  class space    used 2382K, capacity 2594K, committed 2688K, reserved 1048576K
Event: 5.650 GC heap after
Heap after GC invocations=6 (full 1):
 PSYoungGen      total 38400K, used 0K [0x00000000d5f00000, 0x00000000dba00000, 0x0000000100000000)
  eden space 33280K, 0% used [0x00000000d5f00000,0x00000000d5f00000,0x00000000d7f80000)
  from space 5120K, 0% used [0x00000000d7f80000,0x00000000d7f80000,0x00000000d8480000)
  to   space 13312K, 0% used [0x00000000dad00000,0x00000000dad00000,0x00000000dba00000)
 ParOldGen       total 65024K, used 18102K [0x0000000081c00000, 0x0000000085b80000, 0x00000000d5f00000)
  object space 65024K, 27% used [0x0000000081c00000,0x0000000082dadaa8,0x0000000085b80000)
 Metaspace       used 20418K, capacity 21145K, committed 21296K, reserved 1069056K
  class space    used 2382K, capacity 2594K, committed 2688K, reserved 1048576K
}

