# JRE version: Java(TM) SE Runtime Environment (8.0_51-b16) (build 1.8.0_51-b16)
# Java VM: Java HotSpot(TM) 64-Bit Server VM (25.51-b03 mixed mode windows-amd64 compressed oops)
Heap:
 PSYoungGen      total 659456K, used 172506K [0x00000000d5f00000, 0x0000000100000000, 0x0000000100000000)
  eden space 632832K, 23% used [0x00000000d5f00000,0x00000000dede51f0,0x00000000fc900000)
  from space 26624K, 98% used [0x00000000fc900000,0x00000000fe291630,0x00000000fe300000)
  to   space 29696K, 0% used [0x00000000fe300000,0x00000000fe300000,0x0000000100000000)
 ParOldGen       total 399872K, used 317566K [0x0000000081c00000, 0x000000009a280000, 0x00000000d5f00000)
  object space 399872K, 79% used [0x0000000081c00000,0x000000009521fa70,0x000000009a280000)
 Metaspace       used 82168K, capacity 90904K, committed 91136K, reserved 1124352K
  class space    used 13260K, capacity 16011K, committed 16128K, reserved 1048576K
GC Heap History (10 events):
Event: 347.282 GC heap before
{Heap before GC invocations=169 (full 6):
 PSYoungGen      total 658944K, used 642272K [0x00000000d5f00000, 0x0000000100000000, 0x0000000100000000)
  eden space 629248K, 100% used [0x00000000d5f00000,0x00000000fc580000,0x00000000fc580000)
  from space 29696K, 43% used [0x00000000fe200000,0x00000000feeb8020,0x00000000fff00000)
  to   space 29184K, 0% used [0x00000000fc580000,0x00000000fc580000,0x00000000fe200000)
 ParOldGen       total 399872K, used 314646K [0x0000000081c00000, 0x000000009a280000, 0x00000000d5f00000)
  object space 399872K, 78% used [0x0000000081c00000,0x0000000094f45a70,0x000000009a280000)
 Metaspace       used 81878K, capacity 90512K, committed 90752K, reserved 1124352K
  class space    used 13219K, capacity 15969K, committed 16000K, reserved 1048576K
Event: 347.303 GC heap after
Heap after GC invocations=169 (full 6):
 PSYoungGen      total 658432K, used 12288K [0x00000000d5f00000, 0x00000000ffe80000, 0x0000000100000000)
  eden space 629248K, 0% used [0x00000000d5f00000,0x00000000d5f00000,0x00000000fc580000)
  from space 29184K, 42% used [0x00000000fc580000,0x00000000fd180020,0x00000000fe200000)
  to   space 28672K, 0% used [0x00000000fe280000,0x00000000fe280000,0x00000000ffe80000)
 ParOldGen       total 399872K, used 315646K [0x0000000081c00000, 0x000000009a280000, 0x00000000d5f00000)
  object space 399872K, 78% used [0x0000000081c00000,0x000000009503fa70,0x000000009a280000)
 Metaspace       used 81878K, capacity 90512K, committed 90752K, reserved 1124352K
  class space    used 13219K, capacity 15969K, committed 16000K, reserved 1048576K
}
Event: 348.212 GC heap before
{Heap before GC invocations=170 (full 6):
 PSYoungGen      total 658432K, used 641536K [0x00000000d5f00000, 0x00000000ffe80000, 0x0000000100000000)
  eden space 629248K, 100% used [0x00000000d5f00000,0x00000000fc580000,0x00000000fc580000)
  from space 29184K, 42% used [0x00000000fc580000,0x00000000fd180020,0x00000000fe200000)
  to   space 28672K, 0% used [0x00000000fe280000,0x00000000fe280000,0x00000000ffe80000)
 ParOldGen       total 399872K, used 315646K [0x0000000081c00000, 0x000000009a280000, 0x00000000d5f00000)
  object space 399872K, 78% used [0x0000000081c00000,0x000000009503fa70,0x000000009a280000)
 Metaspace       used 81878K, capacity 90512K, committed 90752K, reserved 1124352K
  class space    used 13219K, capacity 15969K, committed 16000K, reserved 1048576K
Event: 348.229 GC heap after
Heap after GC invocations=170 (full 6):
 PSYoungGen      total 659456K, used 11904K [0x00000000d5f00000, 0x00000000ffe80000, 0x0000000100000000)
  eden space 630784K, 0% used [0x00000000d5f00000,0x00000000d5f00000,0x00000000fc700000)
  from space 28672K, 41% used [0x00000000fe280000,0x00000000fee20020,0x00000000ffe80000)
  to   space 28160K, 0% used [0x00000000fc700000,0x00000000fc700000,0x00000000fe280000)
 ParOldGen       total 399872K, used 316334K [0x0000000081c00000, 0x000000009a280000, 0x00000000d5f00000)
  object space 399872K, 79% used [0x0000000081c00000,0x00000000950eba70,0x000000009a280000)
 Metaspace       used 81878K, capacity 90512K, committed 90752K, reserved 1124352K
  class space    used 13219K, capacity 15969K, committed 16000K, reserved 1048576K
}
Event: 349.092 GC heap before
{Heap before GC invocations=171 (full 6):
 PSYoungGen      total 659456K, used 642688K [0x00000000d5f00000, 0x00000000ffe80000, 0x0000000100000000)
  eden space 630784K, 100% used [0x00000000d5f00000,0x00000000fc700000,0x00000000fc700000)
  from space 28672K, 41% used [0x00000000fe280000,0x00000000fee20020,0x00000000ffe80000)
  to   space 28160K, 0% used [0x00000000fc700000,0x00000000fc700000,0x00000000fe280000)
 ParOldGen       total 399872K, used 316334K [0x0000000081c00000, 0x000000009a280000, 0x00000000d5f00000)
  object space 399872K, 79% used [0x0000000081c00000,0x00000000950eba70,0x000000009a280000)
 Metaspace       used 81878K, capacity 90512K, committed 90752K, reserved 1124352K
  class space    used 13219K, capacity 15969K, committed 16000K, reserved 1048576K
Event: 349.111 GC heap after
Heap after GC invocations=171 (full 6):
 PSYoungGen      total 658944K, used 11872K [0x00000000d5f00000, 0x00000000ffd80000, 0x0000000100000000)
  eden space 630784K, 0% used [0x00000000d5f00000,0x00000000d5f00000,0x00000000fc700000)
  from space 28160K, 42% used [0x00000000fc700000,0x00000000fd298020,0x00000000fe280000)
  to   space 27136K, 0% used [0x00000000fe300000,0x00000000fe300000,0x00000000ffd80000)
 ParOldGen       total 399872K, used 316790K [0x0000000081c00000, 0x000000009a280000, 0x00000000d5f00000)
  object space 399872K, 79% used [0x0000000081c00000,0x000000009515da70,0x000000009a280000)
 Metaspace       used 81878K, capacity 90512K, committed 90752K, reserved 1124352K
  class space    used 13219K, capacity 15969K, committed 16000K, reserved 1048576K
}
Event: 357.202 GC heap before
{Heap before GC invocations=172 (full 6):
 PSYoungGen      total 658944K, used 642656K [0x00000000d5f00000, 0x00000000ffd80000, 0x0000000100000000)
  eden space 630784K, 100% used [0x00000000d5f00000,0x00000000fc700000,0x00000000fc700000)
  from space 28160K, 42% used [0x00000000fc700000,0x00000000fd298020,0x00000000fe280000)
  to   space 27136K, 0% used [0x00000000fe300000,0x00000000fe300000,0x00000000ffd80000)
 ParOldGen       total 399872K, used 316790K [0x0000000081c00000, 0x000000009a280000, 0x00000000d5f00000)
  object space 399872K, 79% used [0x0000000081c00000,0x000000009515da70,0x000000009a280000)
 Metaspace       used 81884K, capacity 90512K, committed 90752K, reserved 1124352K
  class space    used 13219K, capacity 15969K, committed 16000K, reserved 1048576K
Event: 357.231 GC heap after
Heap after GC invocations=172 (full 6):
 PSYoungGen      total 659968K, used 13472K [0x00000000d5f00000, 0x00000000ffe00000, 0x0000000100000000)
  eden space 632832K, 0% used [0x00000000d5f00000,0x00000000d5f00000,0x00000000fc900000)
  from space 27136K, 49% used [0x00000000fe300000,0x00000000ff028020,0x00000000ffd80000)
  to   space 26624K, 0% used [0x00000000fc900000,0x00000000fc900000,0x00000000fe300000)
 ParOldGen       total 399872K, used 317310K [0x0000000081c00000, 0x000000009a280000, 0x00000000d5f00000)
  object space 399872K, 79% used [0x0000000081c00000,0x00000000951dfa70,0x000000009a280000)
 Metaspace       used 81884K, capacity 90512K, committed 90752K, reserved 1124352K
  class space    used 13219K, capacity 15969K, committed 16000K, reserved 1048576K
}
Event: 384.278 GC heap before
{Heap before GC invocations=173 (full 6):
 PSYoungGen      total 659968K, used 646304K [0x00000000d5f00000, 0x00000000ffe00000, 0x0000000100000000)
  eden space 632832K, 100% used [0x00000000d5f00000,0x00000000fc900000,0x00000000fc900000)
  from space 27136K, 49% used [0x00000000fe300000,0x00000000ff028020,0x00000000ffd80000)
  to   space 26624K, 0% used [0x00000000fc900000,0x00000000fc900000,0x00000000fe300000)
 ParOldGen       total 399872K, used 317310K [0x0000000081c00000, 0x000000009a280000, 0x00000000d5f00000)
  object space 399872K, 79% used [0x0000000081c00000,0x00000000951dfa70,0x000000009a280000)
 Metaspace       used 82114K, capacity 90804K, committed 91136K, reserved 1124352K
  class space    used 13257K, capacity 16007K, committed 16128K, reserved 1048576K
Event: 384.324 GC heap after
Heap after GC invocations=173 (full 6):
 PSYoungGen      total 659456K, used 26181K [0x00000000d5f00000, 0x0000000100000000, 0x0000000100000000)
  eden space 632832K, 0% used [0x00000000d5f00000,0x00000000d5f00000,0x00000000fc900000)
  from space 26624K, 98% used [0x00000000fc900000,0x00000000fe291630,0x00000000fe300000)
  to   space 29696K, 0% used [0x00000000fe300000,0x00000000fe300000,0x0000000100000000)
 ParOldGen       total 399872K, used 317566K [0x0000000081c00000, 0x000000009a280000, 0x00000000d5f00000)
  object space 399872K, 79% used [0x0000000081c00000,0x000000009521fa70,0x000000009a280000)
 Metaspace       used 82114K, capacity 90804K, committed 91136K, reserved 1124352K
  class space    used 13257K, capacity 16007K, committed 16128K, reserved 1048576K
}

