# JRE version: Java(TM) SE Runtime Environment (8.0_51-b16) (build 1.8.0_51-b16)
# Java VM: Java HotSpot(TM) 64-Bit Server VM (25.51-b03 mixed mode windows-amd64 compressed oops)
Heap:
 PSYoungGen      total 592896K, used 428476K [0x00000000d5f00000, 0x0000000100000000, 0x0000000100000000)
  eden space 562176K, 76% used [0x00000000d5f00000,0x00000000f016f020,0x00000000f8400000)
  from space 30720K, 0% used [0x00000000fe200000,0x00000000fe200000,0x0000000100000000)
  to   space 63488K, 0% used [0x00000000f8400000,0x00000000f8400000,0x00000000fc200000)
 ParOldGen       total 384512K, used 345848K [0x0000000081c00000, 0x0000000099380000, 0x00000000d5f00000)
  object space 384512K, 89% used [0x0000000081c00000,0x0000000096dbe3b8,0x0000000099380000)
 Metaspace       used 78598K, capacity 87080K, committed 87296K, reserved 1122304K
  class space    used 12269K, capacity 14775K, committed 14848K, reserved 1048576K
GC Heap History (10 events):
Event: 123.361 GC heap before
{Heap before GC invocations=147 (full 6):
 PSYoungGen      total 658432K, used 643520K [0x00000000d5f00000, 0x00000000ffe80000, 0x0000000100000000)
  eden space 628736K, 100% used [0x00000000d5f00000,0x00000000fc500000,0x00000000fc500000)
  from space 29696K, 49% used [0x00000000fe180000,0x00000000feff0060,0x00000000ffe80000)
  to   space 29184K, 0% used [0x00000000fc500000,0x00000000fc500000,0x00000000fe180000)
 ParOldGen       total 337920K, used 302493K [0x0000000081c00000, 0x0000000096600000, 0x00000000d5f00000)
  object space 337920K, 89% used [0x0000000081c00000,0x00000000943675d8,0x0000000096600000)
 Metaspace       used 76413K, capacity 84404K, committed 84608K, reserved 1120256K
  class space    used 11958K, capacity 14381K, committed 14464K, reserved 1048576K
Event: 123.383 GC heap after
Heap after GC invocations=147 (full 6):
 PSYoungGen      total 657920K, used 17696K [0x00000000d5f00000, 0x00000000ffd80000, 0x0000000100000000)
  eden space 628736K, 0% used [0x00000000d5f00000,0x00000000d5f00000,0x00000000fc500000)
  from space 29184K, 60% used [0x00000000fc500000,0x00000000fd648060,0x00000000fe180000)
  to   space 28160K, 0% used [0x00000000fe200000,0x00000000fe200000,0x00000000ffd80000)
 ParOldGen       total 337920K, used 302845K [0x0000000081c00000, 0x0000000096600000, 0x00000000d5f00000)
  object space 337920K, 89% used [0x0000000081c00000,0x00000000943bf5d8,0x0000000096600000)
 Metaspace       used 76413K, capacity 84404K, committed 84608K, reserved 1120256K
  class space    used 11958K, capacity 14381K, committed 14464K, reserved 1048576K
}
Event: 125.257 GC heap before
{Heap before GC invocations=148 (full 6):
 PSYoungGen      total 657920K, used 646432K [0x00000000d5f00000, 0x00000000ffd80000, 0x0000000100000000)
  eden space 628736K, 100% used [0x00000000d5f00000,0x00000000fc500000,0x00000000fc500000)
  from space 29184K, 60% used [0x00000000fc500000,0x00000000fd648060,0x00000000fe180000)
  to   space 28160K, 0% used [0x00000000fe200000,0x00000000fe200000,0x00000000ffd80000)
 ParOldGen       total 337920K, used 302845K [0x0000000081c00000, 0x0000000096600000, 0x00000000d5f00000)
  object space 337920K, 89% used [0x0000000081c00000,0x00000000943bf5d8,0x0000000096600000)
 Metaspace       used 76427K, capacity 84428K, committed 84608K, reserved 1120256K
  class space    used 11961K, capacity 14387K, committed 14464K, reserved 1048576K
Event: 125.283 GC heap after
Heap after GC invocations=148 (full 6):
 PSYoungGen      total 658432K, used 20608K [0x00000000d5f00000, 0x00000000fff00000, 0x0000000100000000)
  eden space 630272K, 0% used [0x00000000d5f00000,0x00000000d5f00000,0x00000000fc680000)
  from space 28160K, 73% used [0x00000000fe200000,0x00000000ff620050,0x00000000ffd80000)
  to   space 28160K, 0% used [0x00000000fc680000,0x00000000fc680000,0x00000000fe200000)
 ParOldGen       total 337920K, used 303685K [0x0000000081c00000, 0x0000000096600000, 0x00000000d5f00000)
  object space 337920K, 89% used [0x0000000081c00000,0x00000000944915e8,0x0000000096600000)
 Metaspace       used 76427K, capacity 84428K, committed 84608K, reserved 1120256K
  class space    used 11961K, capacity 14387K, committed 14464K, reserved 1048576K
}
Event: 140.637 GC heap before
{Heap before GC invocations=149 (full 6):
 PSYoungGen      total 658432K, used 650880K [0x00000000d5f00000, 0x00000000fff00000, 0x0000000100000000)
  eden space 630272K, 100% used [0x00000000d5f00000,0x00000000fc680000,0x00000000fc680000)
  from space 28160K, 73% used [0x00000000fe200000,0x00000000ff620050,0x00000000ffd80000)
  to   space 28160K, 0% used [0x00000000fc680000,0x00000000fc680000,0x00000000fe200000)
 ParOldGen       total 337920K, used 303702K [0x0000000081c00000, 0x0000000096600000, 0x00000000d5f00000)
  object space 337920K, 89% used [0x0000000081c00000,0x00000000944958e0,0x0000000096600000)
 Metaspace       used 76679K, capacity 84786K, committed 84864K, reserved 1120256K
  class space    used 11999K, capacity 14424K, committed 14464K, reserved 1048576K
Event: 140.677 GC heap after
Heap after GC invocations=149 (full 6):
 PSYoungGen      total 658432K, used 28152K [0x00000000d5f00000, 0x0000000100000000, 0x0000000100000000)
  eden space 630272K, 0% used [0x00000000d5f00000,0x00000000d5f00000,0x00000000fc680000)
  from space 28160K, 99% used [0x00000000fc680000,0x00000000fe1fe058,0x00000000fe200000)
  to   space 30720K, 0% used [0x00000000fe200000,0x00000000fe200000,0x0000000100000000)
 ParOldGen       total 337920K, used 309804K [0x0000000081c00000, 0x0000000096600000, 0x00000000d5f00000)
  object space 337920K, 91% used [0x0000000081c00000,0x0000000094a8b1c8,0x0000000096600000)
 Metaspace       used 76679K, capacity 84786K, committed 84864K, reserved 1120256K
  class space    used 11999K, capacity 14424K, committed 14464K, reserved 1048576K
}
Event: 146.767 GC heap before
{Heap before GC invocations=150 (full 6):
 PSYoungGen      total 658432K, used 658424K [0x00000000d5f00000, 0x0000000100000000, 0x0000000100000000)
  eden space 630272K, 100% used [0x00000000d5f00000,0x00000000fc680000,0x00000000fc680000)
  from space 28160K, 99% used [0x00000000fc680000,0x00000000fe1fe058,0x00000000fe200000)
  to   space 30720K, 0% used [0x00000000fe200000,0x00000000fe200000,0x0000000100000000)
 ParOldGen       total 337920K, used 309806K [0x0000000081c00000, 0x0000000096600000, 0x00000000d5f00000)
  object space 337920K, 91% used [0x0000000081c00000,0x0000000094a8bb08,0x0000000096600000)
 Metaspace       used 77964K, capacity 86262K, committed 86400K, reserved 1120256K
  class space    used 12175K, capacity 14654K, committed 14720K, reserved 1048576K
Event: 146.942 GC heap after
Heap after GC invocations=150 (full 6):
 PSYoungGen      total 592896K, used 30698K [0x00000000d5f00000, 0x0000000100000000, 0x0000000100000000)
  eden space 562176K, 0% used [0x00000000d5f00000,0x00000000d5f00000,0x00000000f8400000)
  from space 30720K, 99% used [0x00000000fe200000,0x00000000ffffa9a8,0x0000000100000000)
  to   space 63488K, 0% used [0x00000000f8400000,0x00000000f8400000,0x00000000fc200000)
 ParOldGen       total 384512K, used 384111K [0x0000000081c00000, 0x0000000099380000, 0x00000000d5f00000)
  object space 384512K, 99% used [0x0000000081c00000,0x000000009931bd70,0x0000000099380000)
 Metaspace       used 77964K, capacity 86262K, committed 86400K, reserved 1120256K
  class space    used 12175K, capacity 14654K, committed 14720K, reserved 1048576K
}
Event: 146.942 GC heap before
{Heap before GC invocations=151 (full 7):
 PSYoungGen      total 592896K, used 30698K [0x00000000d5f00000, 0x0000000100000000, 0x0000000100000000)
  eden space 562176K, 0% used [0x00000000d5f00000,0x00000000d5f00000,0x00000000f8400000)
  from space 30720K, 99% used [0x00000000fe200000,0x00000000ffffa9a8,0x0000000100000000)
  to   space 63488K, 0% used [0x00000000f8400000,0x00000000f8400000,0x00000000fc200000)
 ParOldGen       total 384512K, used 384111K [0x0000000081c00000, 0x0000000099380000, 0x00000000d5f00000)
  object space 384512K, 99% used [0x0000000081c00000,0x000000009931bd70,0x0000000099380000)
 Metaspace       used 77964K, capacity 86262K, committed 86400K, reserved 1120256K
  class space    used 12175K, capacity 14654K, committed 14720K, reserved 1048576K
Event: 148.224 GC heap after
Heap after GC invocations=151 (full 7):
 PSYoungGen      total 592896K, used 0K [0x00000000d5f00000, 0x0000000100000000, 0x0000000100000000)
  eden space 562176K, 0% used [0x00000000d5f00000,0x00000000d5f00000,0x00000000f8400000)
  from space 30720K, 0% used [0x00000000fe200000,0x00000000fe200000,0x0000000100000000)
  to   space 63488K, 0% used [0x00000000f8400000,0x00000000f8400000,0x00000000fc200000)
 ParOldGen       total 384512K, used 345848K [0x0000000081c00000, 0x0000000099380000, 0x00000000d5f00000)
  object space 384512K, 89% used [0x0000000081c00000,0x0000000096dbe3b8,0x0000000099380000)
 Metaspace       used 77960K, capacity 86256K, committed 86400K, reserved 1120256K
  class space    used 12173K, capacity 14651K, committed 14720K, reserved 1048576K
}

