# JRE version: Java(TM) SE Runtime Environment (8.0_51-b16) (build 1.8.0_51-b16)
# Java VM: Java HotSpot(TM) 64-Bit Server VM (25.51-b03 mixed mode windows-amd64 compressed oops)
Heap:
 PSYoungGen      total 459776K, used 174555K [0x00000000d5f00000, 0x0000000100000000, 0x0000000100000000)
  eden space 230400K, 41% used [0x00000000d5f00000,0x00000000dbcd0580,0x00000000e4000000)
  from space 229376K, 34% used [0x00000000f2000000,0x00000000f6ca66f0,0x0000000100000000)
  to   space 229376K, 0% used [0x00000000e4000000,0x00000000e4000000,0x00000000f2000000)
 ParOldGen       total 724992K, used 462962K [0x0000000081c00000, 0x00000000ae000000, 0x00000000d5f00000)
  object space 724992K, 63% used [0x0000000081c00000,0x000000009e01cb78,0x00000000ae000000)
 Metaspace       used 95662K, capacity 107818K, committed 108032K, reserved 1138688K
  class space    used 14666K, capacity 17891K, committed 17920K, reserved 1048576K
GC Heap History (10 events):
Event: 199.182 GC heap before
{Heap before GC invocations=163 (full 8):
 PSYoungGen      total 421376K, used 374668K [0x00000000d5f00000, 0x0000000100000000, 0x0000000100000000)
  eden space 232448K, 100% used [0x00000000d5f00000,0x00000000e4200000,0x00000000e4200000)
  from space 188928K, 75% used [0x00000000f4780000,0x00000000fd263380,0x0000000100000000)
  to   space 228352K, 0% used [0x00000000e4200000,0x00000000e4200000,0x00000000f2100000)
 ParOldGen       total 724992K, used 526034K [0x0000000081c00000, 0x00000000ae000000, 0x00000000d5f00000)
  object space 724992K, 72% used [0x0000000081c00000,0x00000000a1db49a0,0x00000000ae000000)
 Metaspace       used 93114K, capacity 104812K, committed 104960K, reserved 1136640K
  class space    used 14295K, capacity 17408K, committed 17408K, reserved 1048576K
Event: 199.365 GC heap after
Heap after GC invocations=163 (full 8):
 PSYoungGen      total 362496K, used 129566K [0x00000000d5f00000, 0x0000000100000000, 0x0000000100000000)
  eden space 232448K, 0% used [0x00000000d5f00000,0x00000000d5f00000,0x00000000e4200000)
  from space 130048K, 99% used [0x00000000e4200000,0x00000000ec087b28,0x00000000ec100000)
  to   space 229376K, 0% used [0x00000000f2000000,0x00000000f2000000,0x0000000100000000)
 ParOldGen       total 724992K, used 526050K [0x0000000081c00000, 0x00000000ae000000, 0x00000000d5f00000)
  object space 724992K, 72% used [0x0000000081c00000,0x00000000a1db89a0,0x00000000ae000000)
 Metaspace       used 93114K, capacity 104812K, committed 104960K, reserved 1136640K
  class space    used 14295K, capacity 17408K, committed 17408K, reserved 1048576K
}
Event: 200.531 GC heap before
{Heap before GC invocations=164 (full 8):
 PSYoungGen      total 362496K, used 362014K [0x00000000d5f00000, 0x0000000100000000, 0x0000000100000000)
  eden space 232448K, 100% used [0x00000000d5f00000,0x00000000e4200000,0x00000000e4200000)
  from space 130048K, 99% used [0x00000000e4200000,0x00000000ec087b28,0x00000000ec100000)
  to   space 229376K, 0% used [0x00000000f2000000,0x00000000f2000000,0x0000000100000000)
 ParOldGen       total 724992K, used 526050K [0x0000000081c00000, 0x00000000ae000000, 0x00000000d5f00000)
  object space 724992K, 72% used [0x0000000081c00000,0x00000000a1db89a0,0x00000000ae000000)
 Metaspace       used 93696K, capacity 105414K, committed 105728K, reserved 1136640K
  class space    used 14422K, capacity 17581K, committed 17664K, reserved 1048576K
Event: 200.852 GC heap after
Heap after GC invocations=164 (full 8):
 PSYoungGen      total 459776K, used 181729K [0x00000000d5f00000, 0x0000000100000000, 0x0000000100000000)
  eden space 230400K, 0% used [0x00000000d5f00000,0x00000000d5f00000,0x00000000e4000000)
  from space 229376K, 79% used [0x00000000f2000000,0x00000000fd178428,0x0000000100000000)
  to   space 229376K, 0% used [0x00000000e4000000,0x00000000e4000000,0x00000000f2000000)
 ParOldGen       total 724992K, used 526058K [0x0000000081c00000, 0x00000000ae000000, 0x00000000d5f00000)
  object space 724992K, 72% used [0x0000000081c00000,0x00000000a1dba9a0,0x00000000ae000000)
 Metaspace       used 93696K, capacity 105414K, committed 105728K, reserved 1136640K
  class space    used 14422K, capacity 17581K, committed 17664K, reserved 1048576K
}
Event: 203.102 GC heap before
{Heap before GC invocations=165 (full 8):
 PSYoungGen      total 459776K, used 401186K [0x00000000d5f00000, 0x0000000100000000, 0x0000000100000000)
  eden space 230400K, 95% used [0x00000000d5f00000,0x00000000e3550700,0x00000000e4000000)
  from space 229376K, 79% used [0x00000000f2000000,0x00000000fd178428,0x0000000100000000)
  to   space 229376K, 0% used [0x00000000e4000000,0x00000000e4000000,0x00000000f2000000)
 ParOldGen       total 724992K, used 526058K [0x0000000081c00000, 0x00000000ae000000, 0x00000000d5f00000)
  object space 724992K, 72% used [0x0000000081c00000,0x00000000a1dba9a0,0x00000000ae000000)
 Metaspace       used 95205K, capacity 107264K, committed 107520K, reserved 1138688K
  class space    used 14607K, capacity 17834K, committed 17920K, reserved 1048576K
Event: 203.347 GC heap after
Heap after GC invocations=165 (full 8):
 PSYoungGen      total 459776K, used 170257K [0x00000000d5f00000, 0x0000000100000000, 0x0000000100000000)
  eden space 230400K, 0% used [0x00000000d5f00000,0x00000000d5f00000,0x00000000e4000000)
  from space 229376K, 74% used [0x00000000e4000000,0x00000000ee644408,0x00000000f2000000)
  to   space 229376K, 0% used [0x00000000f2000000,0x00000000f2000000,0x0000000100000000)
 ParOldGen       total 724992K, used 526066K [0x0000000081c00000, 0x00000000ae000000, 0x00000000d5f00000)
  object space 724992K, 72% used [0x0000000081c00000,0x00000000a1dbc9a0,0x00000000ae000000)
 Metaspace       used 95205K, capacity 107264K, committed 107520K, reserved 1138688K
  class space    used 14607K, capacity 17834K, committed 17920K, reserved 1048576K
}
Event: 203.347 GC heap before
{Heap before GC invocations=166 (full 9):
 PSYoungGen      total 459776K, used 170257K [0x00000000d5f00000, 0x0000000100000000, 0x0000000100000000)
  eden space 230400K, 0% used [0x00000000d5f00000,0x00000000d5f00000,0x00000000e4000000)
  from space 229376K, 74% used [0x00000000e4000000,0x00000000ee644408,0x00000000f2000000)
  to   space 229376K, 0% used [0x00000000f2000000,0x00000000f2000000,0x0000000100000000)
 ParOldGen       total 724992K, used 526066K [0x0000000081c00000, 0x00000000ae000000, 0x00000000d5f00000)
  object space 724992K, 72% used [0x0000000081c00000,0x00000000a1dbc9a0,0x00000000ae000000)
 Metaspace       used 95205K, capacity 107264K, committed 107520K, reserved 1138688K
  class space    used 14607K, capacity 17834K, committed 17920K, reserved 1048576K
Event: 206.029 GC heap after
Heap after GC invocations=166 (full 9):
 PSYoungGen      total 459776K, used 0K [0x00000000d5f00000, 0x0000000100000000, 0x0000000100000000)
  eden space 230400K, 0% used [0x00000000d5f00000,0x00000000d5f00000,0x00000000e4000000)
  from space 229376K, 0% used [0x00000000e4000000,0x00000000e4000000,0x00000000f2000000)
  to   space 229376K, 0% used [0x00000000f2000000,0x00000000f2000000,0x0000000100000000)
 ParOldGen       total 724992K, used 462962K [0x0000000081c00000, 0x00000000ae000000, 0x00000000d5f00000)
  object space 724992K, 63% used [0x0000000081c00000,0x000000009e01cb78,0x00000000ae000000)
 Metaspace       used 95205K, capacity 107264K, committed 107520K, reserved 1138688K
  class space    used 14607K, capacity 17834K, committed 17920K, reserved 1048576K
}
Event: 207.067 GC heap before
{Heap before GC invocations=167 (full 9):
 PSYoungGen      total 459776K, used 230400K [0x00000000d5f00000, 0x0000000100000000, 0x0000000100000000)
  eden space 230400K, 100% used [0x00000000d5f00000,0x00000000e4000000,0x00000000e4000000)
  from space 229376K, 0% used [0x00000000e4000000,0x00000000e4000000,0x00000000f2000000)
  to   space 229376K, 0% used [0x00000000f2000000,0x00000000f2000000,0x0000000100000000)
 ParOldGen       total 724992K, used 462962K [0x0000000081c00000, 0x00000000ae000000, 0x00000000d5f00000)
  object space 724992K, 63% used [0x0000000081c00000,0x000000009e01cb78,0x00000000ae000000)
 Metaspace       used 95567K, capacity 107752K, committed 108032K, reserved 1138688K
  class space    used 14655K, capacity 17880K, committed 17920K, reserved 1048576K
Event: 207.195 GC heap after
Heap after GC invocations=167 (full 9):
 PSYoungGen      total 459776K, used 78489K [0x00000000d5f00000, 0x0000000100000000, 0x0000000100000000)
  eden space 230400K, 0% used [0x00000000d5f00000,0x00000000d5f00000,0x00000000e4000000)
  from space 229376K, 34% used [0x00000000f2000000,0x00000000f6ca66f0,0x0000000100000000)
  to   space 229376K, 0% used [0x00000000e4000000,0x00000000e4000000,0x00000000f2000000)
 ParOldGen       total 724992K, used 462962K [0x0000000081c00000, 0x00000000ae000000, 0x00000000d5f00000)
  object space 724992K, 63% used [0x0000000081c00000,0x000000009e01cb78,0x00000000ae000000)
 Metaspace       used 95567K, capacity 107752K, committed 108032K, reserved 1138688K
  class space    used 14655K, capacity 17880K, committed 17920K, reserved 1048576K
}

