# JRE version: Java(TM) SE Runtime Environment (8.0_51-b16) (build 1.8.0_51-b16)
# Java VM: Java HotSpot(TM) 64-Bit Server VM (25.51-b03 mixed mode windows-amd64 compressed oops)
Heap:
 PSYoungGen      total 301568K, used 236082K [0x00000000d5f00000, 0x00000000f0000000, 0x0000000100000000)
  eden space 222720K, 73% used [0x00000000d5f00000,0x00000000dff0b168,0x00000000e3880000)
  from space 78848K, 91% used [0x00000000e9380000,0x00000000eda01970,0x00000000ee080000)
  to   space 93184K, 0% used [0x00000000e3880000,0x00000000e3880000,0x00000000e9380000)
 ParOldGen       total 241664K, used 142702K [0x0000000081c00000, 0x0000000090800000, 0x00000000d5f00000)
  object space 241664K, 59% used [0x0000000081c00000,0x000000008a75bb90,0x0000000090800000)
 Metaspace       used 41492K, capacity 43973K, committed 44160K, reserved 1087488K
  class space    used 5460K, capacity 6223K, committed 6272K, reserved 1048576K
GC Heap History (10 events):
Event: 20.535 GC heap before
{Heap before GC invocations=17 (full 2):
 PSYoungGen      total 301568K, used 301550K [0x00000000d5f00000, 0x00000000f0000000, 0x0000000100000000)
  eden space 222720K, 100% used [0x00000000d5f00000,0x00000000e3880000,0x00000000e3880000)
  from space 78848K, 99% used [0x00000000e9380000,0x00000000ee07bb48,0x00000000ee080000)
  to   space 93184K, 0% used [0x00000000e3880000,0x00000000e3880000,0x00000000e9380000)
 ParOldGen       total 153088K, used 123688K [0x0000000081c00000, 0x000000008b180000, 0x00000000d5f00000)
  object space 153088K, 80% used [0x0000000081c00000,0x00000000894ca128,0x000000008b180000)
 Metaspace       used 38026K, capacity 40193K, committed 40320K, reserved 1083392K
  class space    used 4818K, capacity 5502K, committed 5504K, reserved 1048576K
Event: 20.822 GC heap after
Heap after GC invocations=17 (full 2):
 PSYoungGen      total 315904K, used 89028K [0x00000000d5f00000, 0x00000000f0000000, 0x0000000100000000)
  eden space 222720K, 0% used [0x00000000d5f00000,0x00000000d5f00000,0x00000000e3880000)
  from space 93184K, 95% used [0x00000000e3880000,0x00000000e8f71298,0x00000000e9380000)
  to   space 78848K, 0% used [0x00000000e9380000,0x00000000e9380000,0x00000000ee080000)
 ParOldGen       total 153088K, used 125865K [0x0000000081c00000, 0x000000008b180000, 0x00000000d5f00000)
  object space 153088K, 82% used [0x0000000081c00000,0x00000000896ea7b0,0x000000008b180000)
 Metaspace       used 38026K, capacity 40193K, committed 40320K, reserved 1083392K
  class space    used 4818K, capacity 5502K, committed 5504K, reserved 1048576K
}
Event: 22.579 GC heap before
{Heap before GC invocations=18 (full 2):
 PSYoungGen      total 315904K, used 311748K [0x00000000d5f00000, 0x00000000f0000000, 0x0000000100000000)
  eden space 222720K, 100% used [0x00000000d5f00000,0x00000000e3880000,0x00000000e3880000)
  from space 93184K, 95% used [0x00000000e3880000,0x00000000e8f71298,0x00000000e9380000)
  to   space 78848K, 0% used [0x00000000e9380000,0x00000000e9380000,0x00000000ee080000)
 ParOldGen       total 153088K, used 125865K [0x0000000081c00000, 0x000000008b180000, 0x00000000d5f00000)
  object space 153088K, 82% used [0x0000000081c00000,0x00000000896ea7b0,0x000000008b180000)
 Metaspace       used 39077K, capacity 41249K, committed 41472K, reserved 1085440K
  class space    used 5080K, capacity 5765K, committed 5888K, reserved 1048576K
Event: 22.804 GC heap after
Heap after GC invocations=18 (full 2):
 PSYoungGen      total 301568K, used 78816K [0x00000000d5f00000, 0x00000000f0000000, 0x0000000100000000)
  eden space 222720K, 0% used [0x00000000d5f00000,0x00000000d5f00000,0x00000000e3880000)
  from space 78848K, 99% used [0x00000000e9380000,0x00000000ee078168,0x00000000ee080000)
  to   space 93184K, 0% used [0x00000000e3880000,0x00000000e3880000,0x00000000e9380000)
 ParOldGen       total 153088K, used 147054K [0x0000000081c00000, 0x000000008b180000, 0x00000000d5f00000)
  object space 153088K, 96% used [0x0000000081c00000,0x000000008ab9b818,0x000000008b180000)
 Metaspace       used 39077K, capacity 41249K, committed 41472K, reserved 1085440K
  class space    used 5080K, capacity 5765K, committed 5888K, reserved 1048576K
}
Event: 22.804 GC heap before
{Heap before GC invocations=19 (full 3):
 PSYoungGen      total 301568K, used 78816K [0x00000000d5f00000, 0x00000000f0000000, 0x0000000100000000)
  eden space 222720K, 0% used [0x00000000d5f00000,0x00000000d5f00000,0x00000000e3880000)
  from space 78848K, 99% used [0x00000000e9380000,0x00000000ee078168,0x00000000ee080000)
  to   space 93184K, 0% used [0x00000000e3880000,0x00000000e3880000,0x00000000e9380000)
 ParOldGen       total 153088K, used 147054K [0x0000000081c00000, 0x000000008b180000, 0x00000000d5f00000)
  object space 153088K, 96% used [0x0000000081c00000,0x000000008ab9b818,0x000000008b180000)
 Metaspace       used 39077K, capacity 41249K, committed 41472K, reserved 1085440K
  class space    used 5080K, capacity 5765K, committed 5888K, reserved 1048576K
Event: 23.614 GC heap after
Heap after GC invocations=19 (full 3):
 PSYoungGen      total 301568K, used 0K [0x00000000d5f00000, 0x00000000f0000000, 0x0000000100000000)
  eden space 222720K, 0% used [0x00000000d5f00000,0x00000000d5f00000,0x00000000e3880000)
  from space 78848K, 0% used [0x00000000e9380000,0x00000000e9380000,0x00000000ee080000)
  to   space 93184K, 0% used [0x00000000e3880000,0x00000000e3880000,0x00000000e9380000)
 ParOldGen       total 241664K, used 136874K [0x0000000081c00000, 0x0000000090800000, 0x00000000d5f00000)
  object space 241664K, 56% used [0x0000000081c00000,0x000000008a1aa868,0x0000000090800000)
 Metaspace       used 39077K, capacity 41249K, committed 41472K, reserved 1085440K
  class space    used 5080K, capacity 5765K, committed 5888K, reserved 1048576K
}
Event: 25.326 GC heap before
{Heap before GC invocations=20 (full 3):
 PSYoungGen      total 301568K, used 222720K [0x00000000d5f00000, 0x00000000f0000000, 0x0000000100000000)
  eden space 222720K, 100% used [0x00000000d5f00000,0x00000000e3880000,0x00000000e3880000)
  from space 78848K, 0% used [0x00000000e9380000,0x00000000e9380000,0x00000000ee080000)
  to   space 93184K, 0% used [0x00000000e3880000,0x00000000e3880000,0x00000000e9380000)
 ParOldGen       total 241664K, used 136874K [0x0000000081c00000, 0x0000000090800000, 0x00000000d5f00000)
  object space 241664K, 56% used [0x0000000081c00000,0x000000008a1aa868,0x0000000090800000)
 Metaspace       used 40087K, capacity 42391K, committed 42624K, reserved 1085440K
  class space    used 5230K, capacity 5930K, committed 6016K, reserved 1048576K
Event: 25.533 GC heap after
Heap after GC invocations=20 (full 3):
 PSYoungGen      total 315904K, used 93177K [0x00000000d5f00000, 0x00000000f0000000, 0x0000000100000000)
  eden space 222720K, 0% used [0x00000000d5f00000,0x00000000d5f00000,0x00000000e3880000)
  from space 93184K, 99% used [0x00000000e3880000,0x00000000e937e5e8,0x00000000e9380000)
  to   space 78848K, 0% used [0x00000000e9380000,0x00000000e9380000,0x00000000ee080000)
 ParOldGen       total 241664K, used 138830K [0x0000000081c00000, 0x0000000090800000, 0x00000000d5f00000)
  object space 241664K, 57% used [0x0000000081c00000,0x000000008a393b60,0x0000000090800000)
 Metaspace       used 40087K, capacity 42391K, committed 42624K, reserved 1085440K
  class space    used 5230K, capacity 5930K, committed 6016K, reserved 1048576K
}
Event: 27.480 GC heap before
{Heap before GC invocations=21 (full 3):
 PSYoungGen      total 315904K, used 315897K [0x00000000d5f00000, 0x00000000f0000000, 0x0000000100000000)
  eden space 222720K, 100% used [0x00000000d5f00000,0x00000000e3880000,0x00000000e3880000)
  from space 93184K, 99% used [0x00000000e3880000,0x00000000e937e5e8,0x00000000e9380000)
  to   space 78848K, 0% used [0x00000000e9380000,0x00000000e9380000,0x00000000ee080000)
 ParOldGen       total 241664K, used 138830K [0x0000000081c00000, 0x0000000090800000, 0x00000000d5f00000)
  object space 241664K, 57% used [0x0000000081c00000,0x000000008a393b60,0x0000000090800000)
 Metaspace       used 41242K, capacity 43727K, committed 43904K, reserved 1087488K
  class space    used 5415K, capacity 6180K, committed 6272K, reserved 1048576K
Event: 27.662 GC heap after
Heap after GC invocations=21 (full 3):
 PSYoungGen      total 301568K, used 72198K [0x00000000d5f00000, 0x00000000f0000000, 0x0000000100000000)
  eden space 222720K, 0% used [0x00000000d5f00000,0x00000000d5f00000,0x00000000e3880000)
  from space 78848K, 91% used [0x00000000e9380000,0x00000000eda01970,0x00000000ee080000)
  to   space 93184K, 0% used [0x00000000e3880000,0x00000000e3880000,0x00000000e9380000)
 ParOldGen       total 241664K, used 142702K [0x0000000081c00000, 0x0000000090800000, 0x00000000d5f00000)
  object space 241664K, 59% used [0x0000000081c00000,0x000000008a75bb90,0x0000000090800000)
 Metaspace       used 41242K, capacity 43727K, committed 43904K, reserved 1087488K
  class space    used 5415K, capacity 6180K, committed 6272K, reserved 1048576K
}

