# JRE version: Java(TM) SE Runtime Environment (8.0_51-b16) (build 1.8.0_51-b16)
# Java VM: Java HotSpot(TM) 64-Bit Server VM (25.51-b03 mixed mode windows-amd64 compressed oops)
Heap:
 PSYoungGen      total 655360K, used 55753K [0x00000000d5f00000, 0x00000000ffe00000, 0x0000000100000000)
  eden space 623616K, 5% used [0x00000000d5f00000,0x00000000d7f44558,0x00000000fc000000)
  from space 31744K, 71% used [0x00000000fc000000,0x00000000fd62e008,0x00000000fdf00000)
  to   space 31744K, 0% used [0x00000000fdf00000,0x00000000fdf00000,0x00000000ffe00000)
 ParOldGen       total 355328K, used 310657K [0x0000000081c00000, 0x0000000097700000, 0x00000000d5f00000)
  object space 355328K, 87% used [0x0000000081c00000,0x0000000094b60578,0x0000000097700000)
 Metaspace       used 76164K, capacity 84090K, committed 84352K, reserved 1120256K
  class space    used 11841K, capacity 14170K, committed 14208K, reserved 1048576K
GC Heap History (10 events):
Event: 123.548 GC heap before
{Heap before GC invocations=134 (full 6):
 PSYoungGen      total 647168K, used 646912K [0x00000000d5f00000, 0x0000000100000000, 0x0000000100000000)
  eden space 622592K, 100% used [0x00000000d5f00000,0x00000000fbf00000,0x00000000fbf00000)
  from space 24576K, 98% used [0x00000000fbf00000,0x00000000fd6c0050,0x00000000fd700000)
  to   space 33792K, 0% used [0x00000000fdf00000,0x00000000fdf00000,0x0000000100000000)
 ParOldGen       total 355328K, used 300475K [0x0000000081c00000, 0x0000000097700000, 0x00000000d5f00000)
  object space 355328K, 84% used [0x0000000081c00000,0x000000009416ec38,0x0000000097700000)
 Metaspace       used 76041K, capacity 83926K, committed 84096K, reserved 1120256K
  class space    used 11817K, capacity 14148K, committed 14208K, reserved 1048576K
Event: 123.581 GC heap after
Heap after GC invocations=134 (full 6):
 PSYoungGen      total 654336K, used 23168K [0x00000000d5f00000, 0x0000000100000000, 0x0000000100000000)
  eden space 620544K, 0% used [0x00000000d5f00000,0x00000000d5f00000,0x00000000fbd00000)
  from space 33792K, 68% used [0x00000000fdf00000,0x00000000ff5a0050,0x0000000100000000)
  to   space 34304K, 0% used [0x00000000fbd00000,0x00000000fbd00000,0x00000000fde80000)
 ParOldGen       total 355328K, used 301923K [0x0000000081c00000, 0x0000000097700000, 0x00000000d5f00000)
  object space 355328K, 84% used [0x0000000081c00000,0x00000000942d8c38,0x0000000097700000)
 Metaspace       used 76041K, capacity 83926K, committed 84096K, reserved 1120256K
  class space    used 11817K, capacity 14148K, committed 14208K, reserved 1048576K
}
Event: 124.338 GC heap before
{Heap before GC invocations=135 (full 6):
 PSYoungGen      total 654336K, used 643712K [0x00000000d5f00000, 0x0000000100000000, 0x0000000100000000)
  eden space 620544K, 100% used [0x00000000d5f00000,0x00000000fbd00000,0x00000000fbd00000)
  from space 33792K, 68% used [0x00000000fdf00000,0x00000000ff5a0050,0x0000000100000000)
  to   space 34304K, 0% used [0x00000000fbd00000,0x00000000fbd00000,0x00000000fde80000)
 ParOldGen       total 355328K, used 302240K [0x0000000081c00000, 0x0000000097700000, 0x00000000d5f00000)
  object space 355328K, 85% used [0x0000000081c00000,0x0000000094328060,0x0000000097700000)
 Metaspace       used 76043K, capacity 83926K, committed 84096K, reserved 1120256K
  class space    used 11817K, capacity 14148K, committed 14208K, reserved 1048576K
Event: 124.375 GC heap after
Heap after GC invocations=135 (full 6):
 PSYoungGen      total 654848K, used 22304K [0x00000000d5f00000, 0x00000000fff80000, 0x0000000100000000)
  eden space 620544K, 0% used [0x00000000d5f00000,0x00000000d5f00000,0x00000000fbd00000)
  from space 34304K, 65% used [0x00000000fbd00000,0x00000000fd2c8020,0x00000000fde80000)
  to   space 33792K, 0% used [0x00000000fde80000,0x00000000fde80000,0x00000000fff80000)
 ParOldGen       total 355328K, used 303368K [0x0000000081c00000, 0x0000000097700000, 0x00000000d5f00000)
  object space 355328K, 85% used [0x0000000081c00000,0x0000000094442090,0x0000000097700000)
 Metaspace       used 76043K, capacity 83926K, committed 84096K, reserved 1120256K
  class space    used 11817K, capacity 14148K, committed 14208K, reserved 1048576K
}
Event: 125.169 GC heap before
{Heap before GC invocations=136 (full 6):
 PSYoungGen      total 654848K, used 642848K [0x00000000d5f00000, 0x00000000fff80000, 0x0000000100000000)
  eden space 620544K, 100% used [0x00000000d5f00000,0x00000000fbd00000,0x00000000fbd00000)
  from space 34304K, 65% used [0x00000000fbd00000,0x00000000fd2c8020,0x00000000fde80000)
  to   space 33792K, 0% used [0x00000000fde80000,0x00000000fde80000,0x00000000fff80000)
 ParOldGen       total 355328K, used 303369K [0x0000000081c00000, 0x0000000097700000, 0x00000000d5f00000)
  object space 355328K, 85% used [0x0000000081c00000,0x0000000094442440,0x0000000097700000)
 Metaspace       used 76043K, capacity 83926K, committed 84096K, reserved 1120256K
  class space    used 11817K, capacity 14148K, committed 14208K, reserved 1048576K
Event: 125.202 GC heap after
Heap after GC invocations=136 (full 6):
 PSYoungGen      total 653824K, used 21472K [0x00000000d5f00000, 0x00000000ffe80000, 0x0000000100000000)
  eden space 621056K, 0% used [0x00000000d5f00000,0x00000000d5f00000,0x00000000fbd80000)
  from space 32768K, 65% used [0x00000000fde80000,0x00000000ff378020,0x00000000ffe80000)
  to   space 33280K, 0% used [0x00000000fbd80000,0x00000000fbd80000,0x00000000fde00000)
 ParOldGen       total 355328K, used 304609K [0x0000000081c00000, 0x0000000097700000, 0x00000000d5f00000)
  object space 355328K, 85% used [0x0000000081c00000,0x0000000094578440,0x0000000097700000)
 Metaspace       used 76043K, capacity 83926K, committed 84096K, reserved 1120256K
  class space    used 11817K, capacity 14148K, committed 14208K, reserved 1048576K
}
Event: 126.146 GC heap before
{Heap before GC invocations=137 (full 6):
 PSYoungGen      total 653824K, used 642528K [0x00000000d5f00000, 0x00000000ffe80000, 0x0000000100000000)
  eden space 621056K, 100% used [0x00000000d5f00000,0x00000000fbd80000,0x00000000fbd80000)
  from space 32768K, 65% used [0x00000000fde80000,0x00000000ff378020,0x00000000ffe80000)
  to   space 33280K, 0% used [0x00000000fbd80000,0x00000000fbd80000,0x00000000fde00000)
 ParOldGen       total 355328K, used 305152K [0x0000000081c00000, 0x0000000097700000, 0x00000000d5f00000)
  object space 355328K, 85% used [0x0000000081c00000,0x0000000094600010,0x0000000097700000)
 Metaspace       used 76043K, capacity 83926K, committed 84096K, reserved 1120256K
  class space    used 11817K, capacity 14148K, committed 14208K, reserved 1048576K
Event: 126.177 GC heap after
Heap after GC invocations=137 (full 6):
 PSYoungGen      total 654336K, used 21568K [0x00000000d5f00000, 0x00000000ffe80000, 0x0000000100000000)
  eden space 621056K, 0% used [0x00000000d5f00000,0x00000000d5f00000,0x00000000fbd80000)
  from space 33280K, 64% used [0x00000000fbd80000,0x00000000fd290020,0x00000000fde00000)
  to   space 32256K, 0% used [0x00000000fdf00000,0x00000000fdf00000,0x00000000ffe80000)
 ParOldGen       total 355328K, used 305496K [0x0000000081c00000, 0x0000000097700000, 0x00000000d5f00000)
  object space 355328K, 85% used [0x0000000081c00000,0x0000000094656010,0x0000000097700000)
 Metaspace       used 76043K, capacity 83926K, committed 84096K, reserved 1120256K
  class space    used 11817K, capacity 14148K, committed 14208K, reserved 1048576K
}
Event: 127.100 GC heap before
{Heap before GC invocations=138 (full 6):
 PSYoungGen      total 654336K, used 642624K [0x00000000d5f00000, 0x00000000ffe80000, 0x0000000100000000)
  eden space 621056K, 100% used [0x00000000d5f00000,0x00000000fbd80000,0x00000000fbd80000)
  from space 33280K, 64% used [0x00000000fbd80000,0x00000000fd290020,0x00000000fde00000)
  to   space 32256K, 0% used [0x00000000fdf00000,0x00000000fdf00000,0x00000000ffe80000)
 ParOldGen       total 355328K, used 306080K [0x0000000081c00000, 0x0000000097700000, 0x00000000d5f00000)
  object space 355328K, 86% used [0x0000000081c00000,0x00000000946e8170,0x0000000097700000)
 Metaspace       used 76075K, capacity 83968K, committed 84096K, reserved 1120256K
  class space    used 11821K, capacity 14155K, committed 14208K, reserved 1048576K
Event: 127.150 GC heap after
Heap after GC invocations=138 (full 6):
 PSYoungGen      total 655360K, used 20800K [0x00000000d5f00000, 0x00000000ffe00000, 0x0000000100000000)
  eden space 623616K, 0% used [0x00000000d5f00000,0x00000000d5f00000,0x00000000fc000000)
  from space 31744K, 65% used [0x00000000fdf00000,0x00000000ff350020,0x00000000ffe00000)
  to   space 31744K, 0% used [0x00000000fc000000,0x00000000fc000000,0x00000000fdf00000)
 ParOldGen       total 355328K, used 307192K [0x0000000081c00000, 0x0000000097700000, 0x00000000d5f00000)
  object space 355328K, 86% used [0x0000000081c00000,0x00000000947fe170,0x0000000097700000)
 Metaspace       used 76075K, capacity 83968K, committed 84096K, reserved 1120256K
  class space    used 11821K, capacity 14155K, committed 14208K, reserved 1048576K
}

