# JRE version: Java(TM) SE Runtime Environment (8.0_51-b16) (build 1.8.0_51-b16)
# Java VM: Java HotSpot(TM) 64-Bit Server VM (25.51-b03 mixed mode windows-amd64 compressed oops)
Heap:
 PSYoungGen      total 629760K, used 231988K [0x00000000d5f00000, 0x0000000100000000, 0x0000000100000000)
  eden space 576512K, 40% used [0x00000000d5f00000,0x00000000e4064d90,0x00000000f9200000)
  from space 53248K, 2% used [0x00000000f9200000,0x00000000f9328648,0x00000000fc600000)
  to   space 56832K, 0% used [0x00000000fc880000,0x00000000fc880000,0x0000000100000000)
 ParOldGen       total 283648K, used 277463K [0x0000000081c00000, 0x0000000093100000, 0x00000000d5f00000)
  object space 283648K, 97% used [0x0000000081c00000,0x0000000092af5f28,0x0000000093100000)
 Metaspace       used 75589K, capacity 83234K, committed 83456K, reserved 1118208K
  class space    used 11864K, capacity 14242K, committed 14336K, reserved 1048576K
GC Heap History (10 events):
Event: 61.726 GC heap before
{Heap before GC invocations=94 (full 5):
 PSYoungGen      total 626176K, used 607818K [0x00000000d5f00000, 0x0000000100000000, 0x0000000100000000)
  eden space 567296K, 100% used [0x00000000d5f00000,0x00000000f8900000,0x00000000f8900000)
  from space 58880K, 68% used [0x00000000fc200000,0x00000000fe992958,0x00000000ffb80000)
  to   space 58368K, 0% used [0x00000000f8900000,0x00000000f8900000,0x00000000fc200000)
 ParOldGen       total 283648K, used 270051K [0x0000000081c00000, 0x0000000093100000, 0x00000000d5f00000)
  object space 283648K, 95% used [0x0000000081c00000,0x00000000923b8d88,0x0000000093100000)
 Metaspace       used 73547K, capacity 80920K, committed 81024K, reserved 1116160K
  class space    used 11552K, capacity 13865K, committed 13952K, reserved 1048576K
Event: 61.778 GC heap after
Heap after GC invocations=94 (full 5):
 PSYoungGen      total 625664K, used 35337K [0x00000000d5f00000, 0x00000000ffb80000, 0x0000000100000000)
  eden space 567296K, 0% used [0x00000000d5f00000,0x00000000d5f00000,0x00000000f8900000)
  from space 58368K, 60% used [0x00000000f8900000,0x00000000fab825c0,0x00000000fc200000)
  to   space 56320K, 0% used [0x00000000fc480000,0x00000000fc480000,0x00000000ffb80000)
 ParOldGen       total 283648K, used 270885K [0x0000000081c00000, 0x0000000093100000, 0x00000000d5f00000)
  object space 283648K, 95% used [0x0000000081c00000,0x0000000092489450,0x0000000093100000)
 Metaspace       used 73547K, capacity 80920K, committed 81024K, reserved 1116160K
  class space    used 11552K, capacity 13865K, committed 13952K, reserved 1048576K
}
Event: 62.838 GC heap before
{Heap before GC invocations=95 (full 5):
 PSYoungGen      total 625664K, used 602633K [0x00000000d5f00000, 0x00000000ffb80000, 0x0000000100000000)
  eden space 567296K, 100% used [0x00000000d5f00000,0x00000000f8900000,0x00000000f8900000)
  from space 58368K, 60% used [0x00000000f8900000,0x00000000fab825c0,0x00000000fc200000)
  to   space 56320K, 0% used [0x00000000fc480000,0x00000000fc480000,0x00000000ffb80000)
 ParOldGen       total 283648K, used 270886K [0x0000000081c00000, 0x0000000093100000, 0x00000000d5f00000)
  object space 283648K, 95% used [0x0000000081c00000,0x0000000092489910,0x0000000093100000)
 Metaspace       used 74031K, capacity 81462K, committed 81536K, reserved 1116160K
  class space    used 11638K, capacity 13940K, committed 13952K, reserved 1048576K
Event: 62.877 GC heap after
Heap after GC invocations=95 (full 5):
 PSYoungGen      total 627200K, used 17657K [0x00000000d5f00000, 0x0000000100000000, 0x0000000100000000)
  eden space 570880K, 0% used [0x00000000d5f00000,0x00000000d5f00000,0x00000000f8c80000)
  from space 56320K, 31% used [0x00000000fc480000,0x00000000fd5be750,0x00000000ffb80000)
  to   space 57344K, 0% used [0x00000000f8c80000,0x00000000f8c80000,0x00000000fc480000)
 ParOldGen       total 283648K, used 273741K [0x0000000081c00000, 0x0000000093100000, 0x00000000d5f00000)
  object space 283648K, 96% used [0x0000000081c00000,0x0000000092753658,0x0000000093100000)
 Metaspace       used 74031K, capacity 81462K, committed 81536K, reserved 1116160K
  class space    used 11638K, capacity 13940K, committed 13952K, reserved 1048576K
}
Event: 63.438 GC heap before
{Heap before GC invocations=96 (full 5):
 PSYoungGen      total 627200K, used 588537K [0x00000000d5f00000, 0x0000000100000000, 0x0000000100000000)
  eden space 570880K, 100% used [0x00000000d5f00000,0x00000000f8c80000,0x00000000f8c80000)
  from space 56320K, 31% used [0x00000000fc480000,0x00000000fd5be750,0x00000000ffb80000)
  to   space 57344K, 0% used [0x00000000f8c80000,0x00000000f8c80000,0x00000000fc480000)
 ParOldGen       total 283648K, used 273741K [0x0000000081c00000, 0x0000000093100000, 0x00000000d5f00000)
  object space 283648K, 96% used [0x0000000081c00000,0x0000000092753658,0x0000000093100000)
 Metaspace       used 74641K, capacity 82170K, committed 82560K, reserved 1118208K
  class space    used 11727K, capacity 14094K, committed 14208K, reserved 1048576K
Event: 63.504 GC heap after
Heap after GC invocations=96 (full 5):
 PSYoungGen      total 628224K, used 33784K [0x00000000d5f00000, 0x00000000ffd00000, 0x0000000100000000)
  eden space 570880K, 0% used [0x00000000d5f00000,0x00000000d5f00000,0x00000000f8c80000)
  from space 57344K, 58% used [0x00000000f8c80000,0x00000000fad7e218,0x00000000fc480000)
  to   space 55296K, 0% used [0x00000000fc700000,0x00000000fc700000,0x00000000ffd00000)
 ParOldGen       total 283648K, used 275734K [0x0000000081c00000, 0x0000000093100000, 0x00000000d5f00000)
  object space 283648K, 97% used [0x0000000081c00000,0x0000000092945ae8,0x0000000093100000)
 Metaspace       used 74641K, capacity 82170K, committed 82560K, reserved 1118208K
  class space    used 11727K, capacity 14094K, committed 14208K, reserved 1048576K
}
Event: 64.397 GC heap before
{Heap before GC invocations=97 (full 5):
 PSYoungGen      total 628224K, used 604664K [0x00000000d5f00000, 0x00000000ffd00000, 0x0000000100000000)
  eden space 570880K, 100% used [0x00000000d5f00000,0x00000000f8c80000,0x00000000f8c80000)
  from space 57344K, 58% used [0x00000000f8c80000,0x00000000fad7e218,0x00000000fc480000)
  to   space 55296K, 0% used [0x00000000fc700000,0x00000000fc700000,0x00000000ffd00000)
 ParOldGen       total 283648K, used 275734K [0x0000000081c00000, 0x0000000093100000, 0x00000000d5f00000)
  object space 283648K, 97% used [0x0000000081c00000,0x0000000092945ae8,0x0000000093100000)
 Metaspace       used 75519K, capacity 83144K, committed 83456K, reserved 1118208K
  class space    used 11860K, capacity 14239K, committed 14336K, reserved 1048576K
Event: 64.488 GC heap after
Heap after GC invocations=97 (full 5):
 PSYoungGen      total 628736K, used 34553K [0x00000000d5f00000, 0x00000000ffa00000, 0x0000000100000000)
  eden space 576512K, 0% used [0x00000000d5f00000,0x00000000d5f00000,0x00000000f9200000)
  from space 52224K, 66% used [0x00000000fc700000,0x00000000fe8be648,0x00000000ffa00000)
  to   space 53248K, 0% used [0x00000000f9200000,0x00000000f9200000,0x00000000fc600000)
 ParOldGen       total 283648K, used 276203K [0x0000000081c00000, 0x0000000093100000, 0x00000000d5f00000)
  object space 283648K, 97% used [0x0000000081c00000,0x00000000929baec8,0x0000000093100000)
 Metaspace       used 75519K, capacity 83144K, committed 83456K, reserved 1118208K
  class space    used 11860K, capacity 14239K, committed 14336K, reserved 1048576K
}
Event: 65.092 GC heap before
{Heap before GC invocations=98 (full 5):
 PSYoungGen      total 628736K, used 611065K [0x00000000d5f00000, 0x00000000ffa00000, 0x0000000100000000)
  eden space 576512K, 100% used [0x00000000d5f00000,0x00000000f9200000,0x00000000f9200000)
  from space 52224K, 66% used [0x00000000fc700000,0x00000000fe8be648,0x00000000ffa00000)
  to   space 53248K, 0% used [0x00000000f9200000,0x00000000f9200000,0x00000000fc600000)
 ParOldGen       total 283648K, used 276203K [0x0000000081c00000, 0x0000000093100000, 0x00000000d5f00000)
  object space 283648K, 97% used [0x0000000081c00000,0x00000000929baec8,0x0000000093100000)
 Metaspace       used 75557K, capacity 83158K, committed 83456K, reserved 1118208K
  class space    used 11864K, capacity 14242K, committed 14336K, reserved 1048576K
Event: 65.099 GC heap after
Heap after GC invocations=98 (full 5):
 PSYoungGen      total 629760K, used 1185K [0x00000000d5f00000, 0x0000000100000000, 0x0000000100000000)
  eden space 576512K, 0% used [0x00000000d5f00000,0x00000000d5f00000,0x00000000f9200000)
  from space 53248K, 2% used [0x00000000f9200000,0x00000000f9328648,0x00000000fc600000)
  to   space 56832K, 0% used [0x00000000fc880000,0x00000000fc880000,0x0000000100000000)
 ParOldGen       total 283648K, used 277463K [0x0000000081c00000, 0x0000000093100000, 0x00000000d5f00000)
  object space 283648K, 97% used [0x0000000081c00000,0x0000000092af5f28,0x0000000093100000)
 Metaspace       used 75557K, capacity 83158K, committed 83456K, reserved 1118208K
  class space    used 11864K, capacity 14242K, committed 14336K, reserved 1048576K
}

