# JRE version: Java(TM) SE Runtime Environment (8.0_51-b16) (build 1.8.0_51-b16)
# Java VM: Java HotSpot(TM) 64-Bit Server VM (25.51-b03 mixed mode windows-amd64 compressed oops)
Heap:
 PSYoungGen      total 650752K, used 107132K [0x00000000d5f00000, 0x00000000fff80000, 0x0000000100000000)
  eden space 613888K, 16% used [0x00000000d5f00000,0x00000000dc4df360,0x00000000fb680000)
  from space 36864K, 7% used [0x00000000fdb80000,0x00000000fde40030,0x00000000fff80000)
  to   space 37376K, 0% used [0x00000000fb680000,0x00000000fb680000,0x00000000fdb00000)
 ParOldGen       total 401408K, used 269604K [0x0000000081c00000, 0x000000009a400000, 0x00000000d5f00000)
  object space 401408K, 67% used [0x0000000081c00000,0x00000000923492e8,0x000000009a400000)
 Metaspace       used 80633K, capacity 89380K, committed 89472K, reserved 1122304K
  class space    used 13118K, capacity 15911K, committed 16000K, reserved 1048576K
GC Heap History (10 events):
Event: 139.429 GC heap before
{Heap before GC invocations=142 (full 6):
 PSYoungGen      total 652288K, used 7392K [0x00000000d5f00000, 0x0000000100000000, 0x0000000100000000)
  eden space 617472K, 0% used [0x00000000d5f00000,0x00000000d5f00000,0x00000000fba00000)
  from space 34816K, 21% used [0x00000000fdd80000,0x00000000fe4b8000,0x00000000fff80000)
  to   space 35840K, 0% used [0x00000000fba00000,0x00000000fba00000,0x00000000fdd00000)
 ParOldGen       total 320512K, used 316389K [0x0000000081c00000, 0x0000000095500000, 0x00000000d5f00000)
  object space 320512K, 98% used [0x0000000081c00000,0x00000000950f96d8,0x0000000095500000)
 Metaspace       used 80405K, capacity 89078K, committed 89344K, reserved 1122304K
  class space    used 13081K, capacity 15844K, committed 15872K, reserved 1048576K
Event: 141.380 GC heap after
Heap after GC invocations=142 (full 6):
 PSYoungGen      total 652288K, used 0K [0x00000000d5f00000, 0x0000000100000000, 0x0000000100000000)
  eden space 617472K, 0% used [0x00000000d5f00000,0x00000000d5f00000,0x00000000fba00000)
  from space 34816K, 0% used [0x00000000fdd80000,0x00000000fdd80000,0x00000000fff80000)
  to   space 35840K, 0% used [0x00000000fba00000,0x00000000fba00000,0x00000000fdd00000)
 ParOldGen       total 401408K, used 267409K [0x0000000081c00000, 0x000000009a400000, 0x00000000d5f00000)
  object space 401408K, 66% used [0x0000000081c00000,0x00000000921246f0,0x000000009a400000)
 Metaspace       used 80405K, capacity 89078K, committed 89344K, reserved 1122304K
  class space    used 13081K, capacity 15844K, committed 15872K, reserved 1048576K
}
Event: 142.566 GC heap before
{Heap before GC invocations=143 (full 6):
 PSYoungGen      total 652288K, used 617472K [0x00000000d5f00000, 0x0000000100000000, 0x0000000100000000)
  eden space 617472K, 100% used [0x00000000d5f00000,0x00000000fba00000,0x00000000fba00000)
  from space 34816K, 0% used [0x00000000fdd80000,0x00000000fdd80000,0x00000000fff80000)
  to   space 35840K, 0% used [0x00000000fba00000,0x00000000fba00000,0x00000000fdd00000)
 ParOldGen       total 401408K, used 268887K [0x0000000081c00000, 0x000000009a400000, 0x00000000d5f00000)
  object space 401408K, 66% used [0x0000000081c00000,0x0000000092295c00,0x000000009a400000)
 Metaspace       used 80502K, capacity 89304K, committed 89472K, reserved 1122304K
  class space    used 13105K, capacity 15893K, committed 16000K, reserved 1048576K
Event: 142.590 GC heap after
Heap after GC invocations=143 (full 6):
 PSYoungGen      total 624640K, used 6681K [0x00000000d5f00000, 0x0000000100000000, 0x0000000100000000)
  eden space 617472K, 0% used [0x00000000d5f00000,0x00000000d5f00000,0x00000000fba00000)
  from space 7168K, 93% used [0x00000000fba00000,0x00000000fc086630,0x00000000fc100000)
  to   space 36352K, 0% used [0x00000000fdc80000,0x00000000fdc80000,0x0000000100000000)
 ParOldGen       total 401408K, used 268895K [0x0000000081c00000, 0x000000009a400000, 0x00000000d5f00000)
  object space 401408K, 66% used [0x0000000081c00000,0x0000000092297c00,0x000000009a400000)
 Metaspace       used 80502K, capacity 89304K, committed 89472K, reserved 1122304K
  class space    used 13105K, capacity 15893K, committed 16000K, reserved 1048576K
}
Event: 143.695 GC heap before
{Heap before GC invocations=144 (full 6):
 PSYoungGen      total 624640K, used 624153K [0x00000000d5f00000, 0x0000000100000000, 0x0000000100000000)
  eden space 617472K, 100% used [0x00000000d5f00000,0x00000000fba00000,0x00000000fba00000)
  from space 7168K, 93% used [0x00000000fba00000,0x00000000fc086630,0x00000000fc100000)
  to   space 36352K, 0% used [0x00000000fdc80000,0x00000000fdc80000,0x0000000100000000)
 ParOldGen       total 401408K, used 269551K [0x0000000081c00000, 0x000000009a400000, 0x00000000d5f00000)
  object space 401408K, 67% used [0x0000000081c00000,0x000000009233bd20,0x000000009a400000)
 Metaspace       used 80510K, capacity 89304K, committed 89472K, reserved 1122304K
  class space    used 13105K, capacity 15893K, committed 16000K, reserved 1048576K
Event: 143.701 GC heap after
Heap after GC invocations=144 (full 6):
 PSYoungGen      total 649728K, used 1440K [0x00000000d5f00000, 0x0000000100000000, 0x0000000100000000)
  eden space 613376K, 0% used [0x00000000d5f00000,0x00000000d5f00000,0x00000000fb600000)
  from space 36352K, 3% used [0x00000000fdc80000,0x00000000fdde8030,0x0000000100000000)
  to   space 37888K, 0% used [0x00000000fb600000,0x00000000fb600000,0x00000000fdb00000)
 ParOldGen       total 401408K, used 269559K [0x0000000081c00000, 0x000000009a400000, 0x00000000d5f00000)
  object space 401408K, 67% used [0x0000000081c00000,0x000000009233dd20,0x000000009a400000)
 Metaspace       used 80510K, capacity 89304K, committed 89472K, reserved 1122304K
  class space    used 13105K, capacity 15893K, committed 16000K, reserved 1048576K
}
Event: 144.737 GC heap before
{Heap before GC invocations=145 (full 6):
 PSYoungGen      total 649728K, used 614816K [0x00000000d5f00000, 0x0000000100000000, 0x0000000100000000)
  eden space 613376K, 100% used [0x00000000d5f00000,0x00000000fb600000,0x00000000fb600000)
  from space 36352K, 3% used [0x00000000fdc80000,0x00000000fdde8030,0x0000000100000000)
  to   space 37888K, 0% used [0x00000000fb600000,0x00000000fb600000,0x00000000fdb00000)
 ParOldGen       total 401408K, used 269559K [0x0000000081c00000, 0x000000009a400000, 0x00000000d5f00000)
  object space 401408K, 67% used [0x0000000081c00000,0x000000009233de58,0x000000009a400000)
 Metaspace       used 80579K, capacity 89356K, committed 89472K, reserved 1122304K
  class space    used 13115K, capacity 15907K, committed 16000K, reserved 1048576K
Event: 144.752 GC heap after
Heap after GC invocations=145 (full 6):
 PSYoungGen      total 651264K, used 4676K [0x00000000d5f00000, 0x0000000100000000, 0x0000000100000000)
  eden space 613376K, 0% used [0x00000000d5f00000,0x00000000d5f00000,0x00000000fb600000)
  from space 37888K, 12% used [0x00000000fb600000,0x00000000fba91348,0x00000000fdb00000)
  to   space 37376K, 0% used [0x00000000fdb80000,0x00000000fdb80000,0x0000000100000000)
 ParOldGen       total 401408K, used 269567K [0x0000000081c00000, 0x000000009a400000, 0x00000000d5f00000)
  object space 401408K, 67% used [0x0000000081c00000,0x000000009233fe58,0x000000009a400000)
 Metaspace       used 80579K, capacity 89356K, committed 89472K, reserved 1122304K
  class space    used 13115K, capacity 15907K, committed 16000K, reserved 1048576K
}
Event: 148.940 GC heap before
{Heap before GC invocations=146 (full 6):
 PSYoungGen      total 651264K, used 618052K [0x00000000d5f00000, 0x0000000100000000, 0x0000000100000000)
  eden space 613376K, 100% used [0x00000000d5f00000,0x00000000fb600000,0x00000000fb600000)
  from space 37888K, 12% used [0x00000000fb600000,0x00000000fba91348,0x00000000fdb00000)
  to   space 37376K, 0% used [0x00000000fdb80000,0x00000000fdb80000,0x0000000100000000)
 ParOldGen       total 401408K, used 269604K [0x0000000081c00000, 0x000000009a400000, 0x00000000d5f00000)
  object space 401408K, 67% used [0x0000000081c00000,0x00000000923492e8,0x000000009a400000)
 Metaspace       used 80595K, capacity 89372K, committed 89472K, reserved 1122304K
  class space    used 13118K, capacity 15911K, committed 16000K, reserved 1048576K
Event: 148.949 GC heap after
Heap after GC invocations=146 (full 6):
 PSYoungGen      total 650752K, used 2816K [0x00000000d5f00000, 0x00000000fff80000, 0x0000000100000000)
  eden space 613888K, 0% used [0x00000000d5f00000,0x00000000d5f00000,0x00000000fb680000)
  from space 36864K, 7% used [0x00000000fdb80000,0x00000000fde40030,0x00000000fff80000)
  to   space 37376K, 0% used [0x00000000fb680000,0x00000000fb680000,0x00000000fdb00000)
 ParOldGen       total 401408K, used 269604K [0x0000000081c00000, 0x000000009a400000, 0x00000000d5f00000)
  object space 401408K, 67% used [0x0000000081c00000,0x00000000923492e8,0x000000009a400000)
 Metaspace       used 80595K, capacity 89372K, committed 89472K, reserved 1122304K
  class space    used 13118K, capacity 15911K, committed 16000K, reserved 1048576K
}

