# JRE version: Java(TM) SE Runtime Environment (8.0_51-b16) (build 1.8.0_51-b16)
# Java VM: Java HotSpot(TM) 64-Bit Server VM (25.51-b03 mixed mode windows-amd64 compressed oops)
Heap:
 PSYoungGen      total 632320K, used 297540K [0x00000000d5f00000, 0x00000000fff00000, 0x0000000100000000)
  eden space 583680K, 49% used [0x00000000d5f00000,0x00000000e79912f0,0x00000000f9900000)
  from space 48640K, 16% used [0x00000000f9900000,0x00000000fa100078,0x00000000fc880000)
  to   space 46080K, 0% used [0x00000000fd200000,0x00000000fd200000,0x00000000fff00000)
 ParOldGen       total 373248K, used 290601K [0x0000000081c00000, 0x0000000098880000, 0x00000000d5f00000)
  object space 373248K, 77% used [0x0000000081c00000,0x00000000937ca670,0x0000000098880000)
 Metaspace       used 77950K, capacity 86282K, committed 86400K, reserved 1120256K
  class space    used 12573K, capacity 15210K, committed 15232K, reserved 1048576K
GC Heap History (10 events):
Event: 86.356 GC heap before
{Heap before GC invocations=111 (full 6):
 PSYoungGen      total 624128K, used 575587K [0x00000000d5f00000, 0x00000000ffb00000, 0x0000000100000000)
  eden space 569344K, 100% used [0x00000000d5f00000,0x00000000f8b00000,0x00000000f8b00000)
  from space 54784K, 11% used [0x00000000fc580000,0x00000000fcb98cf0,0x00000000ffb00000)
  to   space 57344K, 0% used [0x00000000f8b00000,0x00000000f8b00000,0x00000000fc300000)
 ParOldGen       total 373248K, used 290349K [0x0000000081c00000, 0x0000000098880000, 0x00000000d5f00000)
  object space 373248K, 77% used [0x0000000081c00000,0x000000009378b5c0,0x0000000098880000)
 Metaspace       used 77861K, capacity 86156K, committed 86400K, reserved 1120256K
  class space    used 12565K, capacity 15199K, committed 15232K, reserved 1048576K
Event: 86.364 GC heap after
Heap after GC invocations=111 (full 6):
 PSYoungGen      total 626688K, used 4224K [0x00000000d5f00000, 0x00000000fff80000, 0x0000000100000000)
  eden space 569344K, 0% used [0x00000000d5f00000,0x00000000d5f00000,0x00000000f8b00000)
  from space 57344K, 7% used [0x00000000f8b00000,0x00000000f8f20060,0x00000000fc300000)
  to   space 55808K, 0% used [0x00000000fc900000,0x00000000fc900000,0x00000000fff80000)
 ParOldGen       total 373248K, used 290349K [0x0000000081c00000, 0x0000000098880000, 0x00000000d5f00000)
  object space 373248K, 77% used [0x0000000081c00000,0x000000009378b5c0,0x0000000098880000)
 Metaspace       used 77861K, capacity 86156K, committed 86400K, reserved 1120256K
  class space    used 12565K, capacity 15199K, committed 15232K, reserved 1048576K
}
Event: 87.057 GC heap before
{Heap before GC invocations=112 (full 6):
 PSYoungGen      total 626688K, used 573568K [0x00000000d5f00000, 0x00000000fff80000, 0x0000000100000000)
  eden space 569344K, 100% used [0x00000000d5f00000,0x00000000f8b00000,0x00000000f8b00000)
  from space 57344K, 7% used [0x00000000f8b00000,0x00000000f8f20060,0x00000000fc300000)
  to   space 55808K, 0% used [0x00000000fc900000,0x00000000fc900000,0x00000000fff80000)
 ParOldGen       total 373248K, used 290589K [0x0000000081c00000, 0x0000000098880000, 0x00000000d5f00000)
  object space 373248K, 77% used [0x0000000081c00000,0x00000000937c7598,0x0000000098880000)
 Metaspace       used 77875K, capacity 86176K, committed 86400K, reserved 1120256K
  class space    used 12565K, capacity 15199K, committed 15232K, reserved 1048576K
Event: 87.065 GC heap after
Heap after GC invocations=112 (full 6):
 PSYoungGen      total 626688K, used 4560K [0x00000000d5f00000, 0x00000000ffa80000, 0x0000000100000000)
  eden space 576000K, 0% used [0x00000000d5f00000,0x00000000d5f00000,0x00000000f9180000)
  from space 50688K, 8% used [0x00000000fc900000,0x00000000fcd74070,0x00000000ffa80000)
  to   space 53760K, 0% used [0x00000000f9180000,0x00000000f9180000,0x00000000fc600000)
 ParOldGen       total 373248K, used 290589K [0x0000000081c00000, 0x0000000098880000, 0x00000000d5f00000)
  object space 373248K, 77% used [0x0000000081c00000,0x00000000937c7598,0x0000000098880000)
 Metaspace       used 77875K, capacity 86176K, committed 86400K, reserved 1120256K
  class space    used 12565K, capacity 15199K, committed 15232K, reserved 1048576K
}
Event: 87.827 GC heap before
{Heap before GC invocations=113 (full 6):
 PSYoungGen      total 626688K, used 580560K [0x00000000d5f00000, 0x00000000ffa80000, 0x0000000100000000)
  eden space 576000K, 100% used [0x00000000d5f00000,0x00000000f9180000,0x00000000f9180000)
  from space 50688K, 8% used [0x00000000fc900000,0x00000000fcd74070,0x00000000ffa80000)
  to   space 53760K, 0% used [0x00000000f9180000,0x00000000f9180000,0x00000000fc600000)
 ParOldGen       total 373248K, used 290590K [0x0000000081c00000, 0x0000000098880000, 0x00000000d5f00000)
  object space 373248K, 77% used [0x0000000081c00000,0x00000000937c7a38,0x0000000098880000)
 Metaspace       used 77880K, capacity 86176K, committed 86400K, reserved 1120256K
  class space    used 12565K, capacity 15199K, committed 15232K, reserved 1048576K
Event: 87.837 GC heap after
Heap after GC invocations=113 (full 6):
 PSYoungGen      total 629760K, used 5328K [0x00000000d5f00000, 0x00000000fff00000, 0x0000000100000000)
  eden space 576000K, 0% used [0x00000000d5f00000,0x00000000d5f00000,0x00000000f9180000)
  from space 53760K, 9% used [0x00000000f9180000,0x00000000f96b4070,0x00000000fc600000)
  to   space 51712K, 0% used [0x00000000fcc80000,0x00000000fcc80000,0x00000000fff00000)
 ParOldGen       total 373248K, used 290590K [0x0000000081c00000, 0x0000000098880000, 0x00000000d5f00000)
  object space 373248K, 77% used [0x0000000081c00000,0x00000000937c7a38,0x0000000098880000)
 Metaspace       used 77880K, capacity 86176K, committed 86400K, reserved 1120256K
  class space    used 12565K, capacity 15199K, committed 15232K, reserved 1048576K
}
Event: 88.510 GC heap before
{Heap before GC invocations=114 (full 6):
 PSYoungGen      total 629760K, used 581328K [0x00000000d5f00000, 0x00000000fff00000, 0x0000000100000000)
  eden space 576000K, 100% used [0x00000000d5f00000,0x00000000f9180000,0x00000000f9180000)
  from space 53760K, 9% used [0x00000000f9180000,0x00000000f96b4070,0x00000000fc600000)
  to   space 51712K, 0% used [0x00000000fcc80000,0x00000000fcc80000,0x00000000fff00000)
 ParOldGen       total 373248K, used 290593K [0x0000000081c00000, 0x0000000098880000, 0x00000000d5f00000)
  object space 373248K, 77% used [0x0000000081c00000,0x00000000937c8670,0x0000000098880000)
 Metaspace       used 77900K, capacity 86182K, committed 86400K, reserved 1120256K
  class space    used 12568K, capacity 15202K, committed 15232K, reserved 1048576K
Event: 88.543 GC heap after
Heap after GC invocations=114 (full 6):
 PSYoungGen      total 628224K, used 8001K [0x00000000d5f00000, 0x00000000ff800000, 0x0000000100000000)
  eden space 583680K, 0% used [0x00000000d5f00000,0x00000000d5f00000,0x00000000f9900000)
  from space 44544K, 17% used [0x00000000fcc80000,0x00000000fd4506a8,0x00000000ff800000)
  to   space 48640K, 0% used [0x00000000f9900000,0x00000000f9900000,0x00000000fc880000)
 ParOldGen       total 373248K, used 290593K [0x0000000081c00000, 0x0000000098880000, 0x00000000d5f00000)
  object space 373248K, 77% used [0x0000000081c00000,0x00000000937c8670,0x0000000098880000)
 Metaspace       used 77900K, capacity 86182K, committed 86400K, reserved 1120256K
  class space    used 12568K, capacity 15202K, committed 15232K, reserved 1048576K
}
Event: 89.164 GC heap before
{Heap before GC invocations=115 (full 6):
 PSYoungGen      total 628224K, used 591681K [0x00000000d5f00000, 0x00000000ff800000, 0x0000000100000000)
  eden space 583680K, 100% used [0x00000000d5f00000,0x00000000f9900000,0x00000000f9900000)
  from space 44544K, 17% used [0x00000000fcc80000,0x00000000fd4506a8,0x00000000ff800000)
  to   space 48640K, 0% used [0x00000000f9900000,0x00000000f9900000,0x00000000fc880000)
 ParOldGen       total 373248K, used 290593K [0x0000000081c00000, 0x0000000098880000, 0x00000000d5f00000)
  object space 373248K, 77% used [0x0000000081c00000,0x00000000937c8670,0x0000000098880000)
 Metaspace       used 77919K, capacity 86190K, committed 86400K, reserved 1120256K
  class space    used 12568K, capacity 15202K, committed 15232K, reserved 1048576K
Event: 89.176 GC heap after
Heap after GC invocations=115 (full 6):
 PSYoungGen      total 632320K, used 8192K [0x00000000d5f00000, 0x00000000fff00000, 0x0000000100000000)
  eden space 583680K, 0% used [0x00000000d5f00000,0x00000000d5f00000,0x00000000f9900000)
  from space 48640K, 16% used [0x00000000f9900000,0x00000000fa100078,0x00000000fc880000)
  to   space 46080K, 0% used [0x00000000fd200000,0x00000000fd200000,0x00000000fff00000)
 ParOldGen       total 373248K, used 290601K [0x0000000081c00000, 0x0000000098880000, 0x00000000d5f00000)
  object space 373248K, 77% used [0x0000000081c00000,0x00000000937ca670,0x0000000098880000)
 Metaspace       used 77919K, capacity 86190K, committed 86400K, reserved 1120256K
  class space    used 12568K, capacity 15202K, committed 15232K, reserved 1048576K
}

