# JRE version: Java(TM) SE Runtime Environment (8.0_51-b16) (build 1.8.0_51-b16)
# Java VM: Java HotSpot(TM) 64-Bit Server VM (25.51-b03 mixed mode windows-amd64 compressed oops)
Heap:
 PSYoungGen      total 611328K, used 480912K [0x00000000d5f00000, 0x00000000fff80000, 0x0000000100000000)
  eden space 535552K, 85% used [0x00000000d5f00000,0x00000000f1e76d20,0x00000000f6a00000)
  from space 75776K, 29% used [0x00000000f6a00000,0x00000000f802d4e8,0x00000000fb400000)
  to   space 74752K, 0% used [0x00000000fb680000,0x00000000fb680000,0x00000000fff80000)
 ParOldGen       total 259072K, used 198188K [0x0000000081c00000, 0x0000000091900000, 0x00000000d5f00000)
  object space 259072K, 76% used [0x0000000081c00000,0x000000008dd8b158,0x0000000091900000)
 Metaspace       used 56078K, capacity 60412K, committed 60672K, reserved 1099776K
  class space    used 8147K, capacity 9433K, committed 9472K, reserved 1048576K
GC Heap History (10 events):
Event: 39.200 GC heap before
{Heap before GC invocations=51 (full 4):
 PSYoungGen      total 595456K, used 560489K [0x00000000d5f00000, 0x00000000ff880000, 0x0000000100000000)
  eden space 517632K, 100% used [0x00000000d5f00000,0x00000000f5880000,0x00000000f5880000)
  from space 77824K, 55% used [0x00000000fac80000,0x00000000fd65a6b0,0x00000000ff880000)
  to   space 81920K, 0% used [0x00000000f5880000,0x00000000f5880000,0x00000000fa880000)
 ParOldGen       total 259072K, used 195238K [0x0000000081c00000, 0x0000000091900000, 0x00000000d5f00000)
  object space 259072K, 75% used [0x0000000081c00000,0x000000008daa9850,0x0000000091900000)
 Metaspace       used 53887K, capacity 57982K, committed 58112K, reserved 1097728K
  class space    used 7794K, capacity 8938K, committed 8960K, reserved 1048576K
Event: 39.251 GC heap after
Heap after GC invocations=51 (full 4):
 PSYoungGen      total 599552K, used 34782K [0x00000000d5f00000, 0x00000000ffe00000, 0x0000000100000000)
  eden space 517632K, 0% used [0x00000000d5f00000,0x00000000d5f00000,0x00000000f5880000)
  from space 81920K, 42% used [0x00000000f5880000,0x00000000f7a77bf0,0x00000000fa880000)
  to   space 78848K, 0% used [0x00000000fb100000,0x00000000fb100000,0x00000000ffe00000)
 ParOldGen       total 259072K, used 195892K [0x0000000081c00000, 0x0000000091900000, 0x00000000d5f00000)
  object space 259072K, 75% used [0x0000000081c00000,0x000000008db4d178,0x0000000091900000)
 Metaspace       used 53887K, capacity 57982K, committed 58112K, reserved 1097728K
  class space    used 7794K, capacity 8938K, committed 8960K, reserved 1048576K
}
Event: 39.672 GC heap before
{Heap before GC invocations=52 (full 4):
 PSYoungGen      total 599552K, used 552414K [0x00000000d5f00000, 0x00000000ffe00000, 0x0000000100000000)
  eden space 517632K, 100% used [0x00000000d5f00000,0x00000000f5880000,0x00000000f5880000)
  from space 81920K, 42% used [0x00000000f5880000,0x00000000f7a77bf0,0x00000000fa880000)
  to   space 78848K, 0% used [0x00000000fb100000,0x00000000fb100000,0x00000000ffe00000)
 ParOldGen       total 259072K, used 195892K [0x0000000081c00000, 0x0000000091900000, 0x00000000d5f00000)
  object space 259072K, 75% used [0x0000000081c00000,0x000000008db4d178,0x0000000091900000)
 Metaspace       used 54228K, capacity 58340K, committed 58752K, reserved 1099776K
  class space    used 7845K, capacity 9005K, committed 9088K, reserved 1048576K
Event: 39.739 GC heap after
Heap after GC invocations=52 (full 4):
 PSYoungGen      total 603136K, used 46886K [0x00000000d5f00000, 0x00000000ffa00000, 0x0000000100000000)
  eden space 528384K, 0% used [0x00000000d5f00000,0x00000000d5f00000,0x00000000f6300000)
  from space 74752K, 62% used [0x00000000fb100000,0x00000000fdec9830,0x00000000ffa00000)
  to   space 77312K, 0% used [0x00000000f6300000,0x00000000f6300000,0x00000000fae80000)
 ParOldGen       total 259072K, used 196588K [0x0000000081c00000, 0x0000000091900000, 0x00000000d5f00000)
  object space 259072K, 75% used [0x0000000081c00000,0x000000008dbfb188,0x0000000091900000)
 Metaspace       used 54228K, capacity 58340K, committed 58752K, reserved 1099776K
  class space    used 7845K, capacity 9005K, committed 9088K, reserved 1048576K
}
Event: 40.203 GC heap before
{Heap before GC invocations=53 (full 4):
 PSYoungGen      total 603136K, used 575270K [0x00000000d5f00000, 0x00000000ffa00000, 0x0000000100000000)
  eden space 528384K, 100% used [0x00000000d5f00000,0x00000000f6300000,0x00000000f6300000)
  from space 74752K, 62% used [0x00000000fb100000,0x00000000fdec9830,0x00000000ffa00000)
  to   space 77312K, 0% used [0x00000000f6300000,0x00000000f6300000,0x00000000fae80000)
 ParOldGen       total 259072K, used 196588K [0x0000000081c00000, 0x0000000091900000, 0x00000000d5f00000)
  object space 259072K, 75% used [0x0000000081c00000,0x000000008dbfb188,0x0000000091900000)
 Metaspace       used 54672K, capacity 58858K, committed 59136K, reserved 1099776K
  class space    used 7957K, capacity 9194K, committed 9216K, reserved 1048576K
Event: 40.262 GC heap after
Heap after GC invocations=53 (full 4):
 PSYoungGen      total 605696K, used 39980K [0x00000000d5f00000, 0x00000000ffc80000, 0x0000000100000000)
  eden space 528384K, 0% used [0x00000000d5f00000,0x00000000d5f00000,0x00000000f6300000)
  from space 77312K, 51% used [0x00000000f6300000,0x00000000f8a0b1c8,0x00000000fae80000)
  to   space 74240K, 0% used [0x00000000fb400000,0x00000000fb400000,0x00000000ffc80000)
 ParOldGen       total 259072K, used 196780K [0x0000000081c00000, 0x0000000091900000, 0x00000000d5f00000)
  object space 259072K, 75% used [0x0000000081c00000,0x000000008dc2b198,0x0000000091900000)
 Metaspace       used 54672K, capacity 58858K, committed 59136K, reserved 1099776K
  class space    used 7957K, capacity 9194K, committed 9216K, reserved 1048576K
}
Event: 40.987 GC heap before
{Heap before GC invocations=54 (full 4):
 PSYoungGen      total 605696K, used 568364K [0x00000000d5f00000, 0x00000000ffc80000, 0x0000000100000000)
  eden space 528384K, 100% used [0x00000000d5f00000,0x00000000f6300000,0x00000000f6300000)
  from space 77312K, 51% used [0x00000000f6300000,0x00000000f8a0b1c8,0x00000000fae80000)
  to   space 74240K, 0% used [0x00000000fb400000,0x00000000fb400000,0x00000000ffc80000)
 ParOldGen       total 259072K, used 196780K [0x0000000081c00000, 0x0000000091900000, 0x00000000d5f00000)
  object space 259072K, 75% used [0x0000000081c00000,0x000000008dc2b198,0x0000000091900000)
 Metaspace       used 54940K, capacity 59178K, committed 59520K, reserved 1099776K
  class space    used 8001K, capacity 9260K, committed 9344K, reserved 1048576K
Event: 41.017 GC heap after
Heap after GC invocations=54 (full 4):
 PSYoungGen      total 609792K, used 12057K [0x00000000d5f00000, 0x0000000100000000, 0x0000000100000000)
  eden space 535552K, 0% used [0x00000000d5f00000,0x00000000d5f00000,0x00000000f6a00000)
  from space 74240K, 16% used [0x00000000fb400000,0x00000000fbfc6570,0x00000000ffc80000)
  to   space 75776K, 0% used [0x00000000f6a00000,0x00000000f6a00000,0x00000000fb400000)
 ParOldGen       total 259072K, used 197994K [0x0000000081c00000, 0x0000000091900000, 0x00000000d5f00000)
  object space 259072K, 76% used [0x0000000081c00000,0x000000008dd5aad0,0x0000000091900000)
 Metaspace       used 54940K, capacity 59178K, committed 59520K, reserved 1099776K
  class space    used 8001K, capacity 9260K, committed 9344K, reserved 1048576K
}
Event: 43.716 GC heap before
{Heap before GC invocations=55 (full 4):
 PSYoungGen      total 609792K, used 547609K [0x00000000d5f00000, 0x0000000100000000, 0x0000000100000000)
  eden space 535552K, 100% used [0x00000000d5f00000,0x00000000f6a00000,0x00000000f6a00000)
  from space 74240K, 16% used [0x00000000fb400000,0x00000000fbfc6570,0x00000000ffc80000)
  to   space 75776K, 0% used [0x00000000f6a00000,0x00000000f6a00000,0x00000000fb400000)
 ParOldGen       total 259072K, used 197994K [0x0000000081c00000, 0x0000000091900000, 0x00000000d5f00000)
  object space 259072K, 76% used [0x0000000081c00000,0x000000008dd5aad0,0x0000000091900000)
 Metaspace       used 55279K, capacity 59566K, committed 59776K, reserved 1099776K
  class space    used 8045K, capacity 9306K, committed 9344K, reserved 1048576K
Event: 43.775 GC heap after
Heap after GC invocations=55 (full 4):
 PSYoungGen      total 611328K, used 22709K [0x00000000d5f00000, 0x00000000fff80000, 0x0000000100000000)
  eden space 535552K, 0% used [0x00000000d5f00000,0x00000000d5f00000,0x00000000f6a00000)
  from space 75776K, 29% used [0x00000000f6a00000,0x00000000f802d4e8,0x00000000fb400000)
  to   space 74752K, 0% used [0x00000000fb680000,0x00000000fb680000,0x00000000fff80000)
 ParOldGen       total 259072K, used 198188K [0x0000000081c00000, 0x0000000091900000, 0x00000000d5f00000)
  object space 259072K, 76% used [0x0000000081c00000,0x000000008dd8b158,0x0000000091900000)
 Metaspace       used 55279K, capacity 59566K, committed 59776K, reserved 1099776K
  class space    used 8045K, capacity 9306K, committed 9344K, reserved 1048576K
}

