Heap:
 PSYoungGen      total 652288K, used 21523K [0x00000000d5f00000, 0x00000000ffe00000, 0x0000000100000000)
  eden space 617472K, 1% used [0x00000000d5f00000,0x00000000d6a122f0,0x00000000fba00000)
  from space 34816K, 29% used [0x00000000fba00000,0x00000000fc3f2c30,0x00000000fdc00000)
  to   space 33792K, 0% used [0x00000000fdd00000,0x00000000fdd00000,0x00000000ffe00000)
 ParOldGen       total 742912K, used 692313K [0x0000000081c00000, 0x00000000af180000, 0x00000000d5f00000)
  object space 742912K, 93% used [0x0000000081c00000,0x00000000ac0166a8,0x00000000af180000)
 Metaspace       used 104762K, capacity 120194K, committed 120320K, reserved 1150976K
  class space    used 15728K, capacity 19413K, committed 19456K, reserved 1048576K
GC Heap History (10 events):
Event: 887.027 GC heap before
{Heap before GC invocations=395 (full 10):
 PSYoungGen      total 640512K, used 640494K [0x00000000d5f00000, 0x0000000100000000, 0x0000000100000000)
  eden space 615424K, 100% used [0x00000000d5f00000,0x00000000fb800000,0x00000000fb800000)
  from space 25088K, 99% used [0x00000000fe780000,0x00000000ffffb9e0,0x0000000100000000)
  to   space 36864K, 0% used [0x00000000fb800000,0x00000000fb800000,0x00000000fdc00000)
 ParOldGen       total 742912K, used 688573K [0x0000000081c00000, 0x00000000af180000, 0x00000000d5f00000)
  object space 742912K, 92% used [0x0000000081c00000,0x00000000abc6f5c8,0x00000000af180000)
 Metaspace       used 104762K, capacity 120194K, committed 120320K, reserved 1150976K
  class space    used 15728K, capacity 19413K, committed 19456K, reserved 1048576K
Event: 887.043 GC heap after
Heap after GC invocations=395 (full 10):
 PSYoungGen      total 652288K, used 7964K [0x00000000d5f00000, 0x0000000100000000, 0x0000000100000000)
  eden space 615424K, 0% used [0x00000000d5f00000,0x00000000d5f00000,0x00000000fb800000)
  from space 36864K, 21% used [0x00000000fb800000,0x00000000fbfc71a8,0x00000000fdc00000)
  to   space 36864K, 0% used [0x00000000fdc00000,0x00000000fdc00000,0x0000000100000000)
 ParOldGen       total 742912K, used 691559K [0x0000000081c00000, 0x00000000af180000, 0x00000000d5f00000)
  object space 742912K, 93% used [0x0000000081c00000,0x00000000abf59d18,0x00000000af180000)
 Metaspace       used 104762K, capacity 120194K, committed 120320K, reserved 1150976K
  class space    used 15728K, capacity 19413K, committed 19456K, reserved 1048576K
}
Event: 891.156 GC heap before
{Heap before GC invocations=396 (full 10):
 PSYoungGen      total 652288K, used 623388K [0x00000000d5f00000, 0x0000000100000000, 0x0000000100000000)
  eden space 615424K, 100% used [0x00000000d5f00000,0x00000000fb800000,0x00000000fb800000)
  from space 36864K, 21% used [0x00000000fb800000,0x00000000fbfc71a8,0x00000000fdc00000)
  to   space 36864K, 0% used [0x00000000fdc00000,0x00000000fdc00000,0x0000000100000000)
 ParOldGen       total 742912K, used 691559K [0x0000000081c00000, 0x00000000af180000, 0x00000000d5f00000)
  object space 742912K, 93% used [0x0000000081c00000,0x00000000abf59d18,0x00000000af180000)
 Metaspace       used 104762K, capacity 120194K, committed 120320K, reserved 1150976K
  class space    used 15728K, capacity 19413K, committed 19456K, reserved 1048576K
Event: 891.181 GC heap after
Heap after GC invocations=396 (full 10):
 PSYoungGen      total 651264K, used 8698K [0x00000000d5f00000, 0x00000000fff00000, 0x0000000100000000)
  eden space 615424K, 0% used [0x00000000d5f00000,0x00000000d5f00000,0x00000000fb800000)
  from space 35840K, 24% used [0x00000000fdc00000,0x00000000fe47e970,0x00000000fff00000)
  to   space 36352K, 0% used [0x00000000fb800000,0x00000000fb800000,0x00000000fdb80000)
 ParOldGen       total 742912K, used 691559K [0x0000000081c00000, 0x00000000af180000, 0x00000000d5f00000)
  object space 742912K, 93% used [0x0000000081c00000,0x00000000abf59d18,0x00000000af180000)
 Metaspace       used 104762K, capacity 120194K, committed 120320K, reserved 1150976K
  class space    used 15728K, capacity 19413K, committed 19456K, reserved 1048576K
}
Event: 894.416 GC heap before
{Heap before GC invocations=397 (full 10):
 PSYoungGen      total 651264K, used 624122K [0x00000000d5f00000, 0x00000000fff00000, 0x0000000100000000)
  eden space 615424K, 100% used [0x00000000d5f00000,0x00000000fb800000,0x00000000fb800000)
  from space 35840K, 24% used [0x00000000fdc00000,0x00000000fe47e970,0x00000000fff00000)
  to   space 36352K, 0% used [0x00000000fb800000,0x00000000fb800000,0x00000000fdb80000)
 ParOldGen       total 742912K, used 691559K [0x0000000081c00000, 0x00000000af180000, 0x00000000d5f00000)
  object space 742912K, 93% used [0x0000000081c00000,0x00000000abf59d18,0x00000000af180000)
 Metaspace       used 104762K, capacity 120194K, committed 120320K, reserved 1150976K
  class space    used 15728K, capacity 19413K, committed 19456K, reserved 1048576K
Event: 894.435 GC heap after
Heap after GC invocations=397 (full 10):
 PSYoungGen      total 651776K, used 9627K [0x00000000d5f00000, 0x00000000ffe80000, 0x0000000100000000)
  eden space 615424K, 0% used [0x00000000d5f00000,0x00000000d5f00000,0x00000000fb800000)
  from space 36352K, 26% used [0x00000000fb800000,0x00000000fc166e30,0x00000000fdb80000)
  to   space 35328K, 0% used [0x00000000fdc00000,0x00000000fdc00000,0x00000000ffe80000)
 ParOldGen       total 742912K, used 691559K [0x0000000081c00000, 0x00000000af180000, 0x00000000d5f00000)
  object space 742912K, 93% used [0x0000000081c00000,0x00000000abf59d18,0x00000000af180000)
 Metaspace       used 104762K, capacity 120194K, committed 120320K, reserved 1150976K
  class space    used 15728K, capacity 19413K, committed 19456K, reserved 1048576K
}
Event: 898.220 GC heap before
{Heap before GC invocations=398 (full 10):
 PSYoungGen      total 651776K, used 625051K [0x00000000d5f00000, 0x00000000ffe80000, 0x0000000100000000)
  eden space 615424K, 100% used [0x00000000d5f00000,0x00000000fb800000,0x00000000fb800000)
  from space 36352K, 26% used [0x00000000fb800000,0x00000000fc166e30,0x00000000fdb80000)
  to   space 35328K, 0% used [0x00000000fdc00000,0x00000000fdc00000,0x00000000ffe80000)
 ParOldGen       total 742912K, used 691559K [0x0000000081c00000, 0x00000000af180000, 0x00000000d5f00000)
  object space 742912K, 93% used [0x0000000081c00000,0x00000000abf59d18,0x00000000af180000)
 Metaspace       used 104762K, capacity 120194K, committed 120320K, reserved 1150976K
  class space    used 15728K, capacity 19413K, committed 19456K, reserved 1048576K
Event: 898.239 GC heap after
Heap after GC invocations=398 (full 10):
 PSYoungGen      total 652288K, used 9781K [0x00000000d5f00000, 0x00000000ffe00000, 0x0000000100000000)
  eden space 617472K, 0% used [0x00000000d5f00000,0x00000000d5f00000,0x00000000fba00000)
  from space 34816K, 28% used [0x00000000fdc00000,0x00000000fe58d6b8,0x00000000ffe00000)
  to   space 34816K, 0% used [0x00000000fba00000,0x00000000fba00000,0x00000000fdc00000)
 ParOldGen       total 742912K, used 691975K [0x0000000081c00000, 0x00000000af180000, 0x00000000d5f00000)
  object space 742912K, 93% used [0x0000000081c00000,0x00000000abfc1d98,0x00000000af180000)
 Metaspace       used 104762K, capacity 120194K, committed 120320K, reserved 1150976K
  class space    used 15728K, capacity 19413K, committed 19456K, reserved 1048576K
}
Event: 901.247 GC heap before
{Heap before GC invocations=399 (full 10):
 PSYoungGen      total 652288K, used 627253K [0x00000000d5f00000, 0x00000000ffe00000, 0x0000000100000000)
  eden space 617472K, 100% used [0x00000000d5f00000,0x00000000fba00000,0x00000000fba00000)
  from space 34816K, 28% used [0x00000000fdc00000,0x00000000fe58d6b8,0x00000000ffe00000)
  to   space 34816K, 0% used [0x00000000fba00000,0x00000000fba00000,0x00000000fdc00000)
 ParOldGen       total 742912K, used 691975K [0x0000000081c00000, 0x00000000af180000, 0x00000000d5f00000)
  object space 742912K, 93% used [0x0000000081c00000,0x00000000abfc1d98,0x00000000af180000)
 Metaspace       used 104762K, capacity 120194K, committed 120320K, reserved 1150976K
  class space    used 15728K, capacity 19413K, committed 19456K, reserved 1048576K
Event: 901.266 GC heap after
Heap after GC invocations=399 (full 10):
 PSYoungGen      total 652288K, used 10187K [0x00000000d5f00000, 0x00000000ffe00000, 0x0000000100000000)
  eden space 617472K, 0% used [0x00000000d5f00000,0x00000000d5f00000,0x00000000fba00000)
  from space 34816K, 29% used [0x00000000fba00000,0x00000000fc3f2c30,0x00000000fdc00000)
  to   space 33792K, 0% used [0x00000000fdd00000,0x00000000fdd00000,0x00000000ffe00000)
 ParOldGen       total 742912K, used 692313K [0x0000000081c00000, 0x00000000af180000, 0x00000000d5f00000)
  object space 742912K, 93% used [0x0000000081c00000,0x00000000ac0166a8,0x00000000af180000)
 Metaspace       used 104762K, capacity 120194K, committed 120320K, reserved 1150976K
  class space    used 15728K, capacity 19413K, committed 19456K, reserved 1048576K
}

