# JRE version: Java(TM) SE Runtime Environment (8.0_51-b16) (build 1.8.0_51-b16)
# Java VM: Java HotSpot(TM) 64-Bit Server VM (25.51-b03 mixed mode windows-amd64 compressed oops)
Heap:
 PSYoungGen      total 666624K, used 450450K [0x00000000d5f00000, 0x0000000100000000, 0x0000000100000000)
  eden space 644096K, 69% used [0x00000000d5f00000,0x00000000f12851a8,0x00000000fd400000)
  from space 22528K, 19% used [0x00000000fd400000,0x00000000fd85f880,0x00000000fea00000)
  to   space 22528K, 0% used [0x00000000fea00000,0x00000000fea00000,0x0000000100000000)
 ParOldGen       total 601088K, used 497246K [0x0000000081c00000, 0x00000000a6700000, 0x00000000d5f00000)
  object space 601088K, 82% used [0x0000000081c00000,0x00000000a0197848,0x00000000a6700000)
 Metaspace       used 94091K, capacity 105587K, committed 105728K, reserved 1138688K
  class space    used 13918K, capacity 16834K, committed 16896K, reserved 1048576K
GC Heap History (10 events):
Event: 1055.799 GC heap before
{Heap before GC invocations=385 (full 7):
 PSYoungGen      total 668672K, used 668642K [0x00000000d5f00000, 0x0000000100000000, 0x0000000100000000)
  eden space 649728K, 100% used [0x00000000d5f00000,0x00000000fd980000,0x00000000fd980000)
  from space 18944K, 99% used [0x00000000fd980000,0x00000000febf8ac0,0x00000000fec00000)
  to   space 20480K, 0% used [0x00000000fec00000,0x00000000fec00000,0x0000000100000000)
 ParOldGen       total 601088K, used 596820K [0x0000000081c00000, 0x00000000a6700000, 0x00000000d5f00000)
  object space 601088K, 99% used [0x0000000081c00000,0x00000000a62d5188,0x00000000a6700000)
 Metaspace       used 94090K, capacity 105593K, committed 105728K, reserved 1138688K
  class space    used 13918K, capacity 16835K, committed 16896K, reserved 1048576K
Event: 1055.812 GC heap after
Heap after GC invocations=385 (full 7):
 PSYoungGen      total 666624K, used 13082K [0x00000000d5f00000, 0x0000000100000000, 0x0000000100000000)
  eden space 646144K, 0% used [0x00000000d5f00000,0x00000000d5f00000,0x00000000fd600000)
  from space 20480K, 63% used [0x00000000fec00000,0x00000000ff8c6b50,0x0000000100000000)
  to   space 21504K, 0% used [0x00000000fd600000,0x00000000fd600000,0x00000000feb00000)
 ParOldGen       total 601088K, used 598001K [0x0000000081c00000, 0x00000000a6700000, 0x00000000d5f00000)
  object space 601088K, 99% used [0x0000000081c00000,0x00000000a63fc7a8,0x00000000a6700000)
 Metaspace       used 94090K, capacity 105593K, committed 105728K, reserved 1138688K
  class space    used 13918K, capacity 16835K, committed 16896K, reserved 1048576K
}
Event: 1055.812 GC heap before
{Heap before GC invocations=386 (full 8):
 PSYoungGen      total 666624K, used 13082K [0x00000000d5f00000, 0x0000000100000000, 0x0000000100000000)
  eden space 646144K, 0% used [0x00000000d5f00000,0x00000000d5f00000,0x00000000fd600000)
  from space 20480K, 63% used [0x00000000fec00000,0x00000000ff8c6b50,0x0000000100000000)
  to   space 21504K, 0% used [0x00000000fd600000,0x00000000fd600000,0x00000000feb00000)
 ParOldGen       total 601088K, used 598001K [0x0000000081c00000, 0x00000000a6700000, 0x00000000d5f00000)
  object space 601088K, 99% used [0x0000000081c00000,0x00000000a63fc7a8,0x00000000a6700000)
 Metaspace       used 94090K, capacity 105593K, committed 105728K, reserved 1138688K
  class space    used 13918K, capacity 16835K, committed 16896K, reserved 1048576K
Event: 1056.808 GC heap after
Heap after GC invocations=386 (full 8):
 PSYoungGen      total 666624K, used 0K [0x00000000d5f00000, 0x0000000100000000, 0x0000000100000000)
  eden space 646144K, 0% used [0x00000000d5f00000,0x00000000d5f00000,0x00000000fd600000)
  from space 20480K, 0% used [0x00000000fec00000,0x00000000fec00000,0x0000000100000000)
  to   space 21504K, 0% used [0x00000000fd600000,0x00000000fd600000,0x00000000feb00000)
 ParOldGen       total 601088K, used 497246K [0x0000000081c00000, 0x00000000a6700000, 0x00000000d5f00000)
  object space 601088K, 82% used [0x0000000081c00000,0x00000000a0197848,0x00000000a6700000)
 Metaspace       used 94088K, capacity 105587K, committed 105728K, reserved 1138688K
  class space    used 13918K, capacity 16834K, committed 16896K, reserved 1048576K
}
Event: 1059.865 GC heap before
{Heap before GC invocations=387 (full 8):
 PSYoungGen      total 666624K, used 646144K [0x00000000d5f00000, 0x0000000100000000, 0x0000000100000000)
  eden space 646144K, 100% used [0x00000000d5f00000,0x00000000fd600000,0x00000000fd600000)
  from space 20480K, 0% used [0x00000000fec00000,0x00000000fec00000,0x0000000100000000)
  to   space 21504K, 0% used [0x00000000fd600000,0x00000000fd600000,0x00000000feb00000)
 ParOldGen       total 601088K, used 497246K [0x0000000081c00000, 0x00000000a6700000, 0x00000000d5f00000)
  object space 601088K, 82% used [0x0000000081c00000,0x00000000a0197848,0x00000000a6700000)
 Metaspace       used 94088K, capacity 105587K, committed 105728K, reserved 1138688K
  class space    used 13918K, capacity 16834K, committed 16896K, reserved 1048576K
Event: 1059.871 GC heap after
Heap after GC invocations=387 (full 8):
 PSYoungGen      total 649216K, used 2969K [0x00000000d5f00000, 0x0000000100000000, 0x0000000100000000)
  eden space 646144K, 0% used [0x00000000d5f00000,0x00000000d5f00000,0x00000000fd600000)
  from space 3072K, 96% used [0x00000000fd600000,0x00000000fd8e6650,0x00000000fd900000)
  to   space 22016K, 0% used [0x00000000fea80000,0x00000000fea80000,0x0000000100000000)
 ParOldGen       total 601088K, used 497246K [0x0000000081c00000, 0x00000000a6700000, 0x00000000d5f00000)
  object space 601088K, 82% used [0x0000000081c00000,0x00000000a0197848,0x00000000a6700000)
 Metaspace       used 94088K, capacity 105587K, committed 105728K, reserved 1138688K
  class space    used 13918K, capacity 16834K, committed 16896K, reserved 1048576K
}
Event: 1063.291 GC heap before
{Heap before GC invocations=388 (full 8):
 PSYoungGen      total 649216K, used 649113K [0x00000000d5f00000, 0x0000000100000000, 0x0000000100000000)
  eden space 646144K, 100% used [0x00000000d5f00000,0x00000000fd600000,0x00000000fd600000)
  from space 3072K, 96% used [0x00000000fd600000,0x00000000fd8e6650,0x00000000fd900000)
  to   space 22016K, 0% used [0x00000000fea80000,0x00000000fea80000,0x0000000100000000)
 ParOldGen       total 601088K, used 497246K [0x0000000081c00000, 0x00000000a6700000, 0x00000000d5f00000)
  object space 601088K, 82% used [0x0000000081c00000,0x00000000a0197848,0x00000000a6700000)
 Metaspace       used 94089K, capacity 105587K, committed 105728K, reserved 1138688K
  class space    used 13918K, capacity 16834K, committed 16896K, reserved 1048576K
Event: 1063.299 GC heap after
Heap after GC invocations=388 (full 8):
 PSYoungGen      total 666112K, used 991K [0x00000000d5f00000, 0x0000000100000000, 0x0000000100000000)
  eden space 644096K, 0% used [0x00000000d5f00000,0x00000000d5f00000,0x00000000fd400000)
  from space 22016K, 4% used [0x00000000fea80000,0x00000000feb77c40,0x0000000100000000)
  to   space 22528K, 0% used [0x00000000fd400000,0x00000000fd400000,0x00000000fea00000)
 ParOldGen       total 601088K, used 497246K [0x0000000081c00000, 0x00000000a6700000, 0x00000000d5f00000)
  object space 601088K, 82% used [0x0000000081c00000,0x00000000a0197848,0x00000000a6700000)
 Metaspace       used 94089K, capacity 105587K, committed 105728K, reserved 1138688K
  class space    used 13918K, capacity 16834K, committed 16896K, reserved 1048576K
}
Event: 1065.743 GC heap before
{Heap before GC invocations=389 (full 8):
 PSYoungGen      total 666112K, used 645087K [0x00000000d5f00000, 0x0000000100000000, 0x0000000100000000)
  eden space 644096K, 100% used [0x00000000d5f00000,0x00000000fd400000,0x00000000fd400000)
  from space 22016K, 4% used [0x00000000fea80000,0x00000000feb77c40,0x0000000100000000)
  to   space 22528K, 0% used [0x00000000fd400000,0x00000000fd400000,0x00000000fea00000)
 ParOldGen       total 601088K, used 497246K [0x0000000081c00000, 0x00000000a6700000, 0x00000000d5f00000)
  object space 601088K, 82% used [0x0000000081c00000,0x00000000a0197848,0x00000000a6700000)
 Metaspace       used 94091K, capacity 105587K, committed 105728K, reserved 1138688K
  class space    used 13918K, capacity 16834K, committed 16896K, reserved 1048576K
Event: 1065.750 GC heap after
Heap after GC invocations=389 (full 8):
 PSYoungGen      total 666624K, used 4478K [0x00000000d5f00000, 0x0000000100000000, 0x0000000100000000)
  eden space 644096K, 0% used [0x00000000d5f00000,0x00000000d5f00000,0x00000000fd400000)
  from space 22528K, 19% used [0x00000000fd400000,0x00000000fd85f880,0x00000000fea00000)
  to   space 22528K, 0% used [0x00000000fea00000,0x00000000fea00000,0x0000000100000000)
 ParOldGen       total 601088K, used 497246K [0x0000000081c00000, 0x00000000a6700000, 0x00000000d5f00000)
  object space 601088K, 82% used [0x0000000081c00000,0x00000000a0197848,0x00000000a6700000)
 Metaspace       used 94091K, capacity 105587K, committed 105728K, reserved 1138688K
  class space    used 13918K, capacity 16834K, committed 16896K, reserved 1048576K
}

