# JRE version: Java(TM) SE Runtime Environment (8.0_51-b16) (build 1.8.0_51-b16)
# Java VM: Java HotSpot(TM) 64-Bit Server VM (25.51-b03 mixed mode windows-amd64 compressed oops)
Heap:
 PSYoungGen      total 242688K, used 135121K [0x00000000d5f00000, 0x00000000ec680000, 0x0000000100000000)
  eden space 147968K, 44% used [0x00000000d5f00000,0x00000000d9e9ce90,0x00000000def80000)
  from space 94720K, 73% used [0x00000000e6a00000,0x00000000eae57700,0x00000000ec680000)
  to   space 88576K, 0% used [0x00000000def80000,0x00000000def80000,0x00000000e4600000)
 ParOldGen       total 175104K, used 78493K [0x0000000081c00000, 0x000000008c700000, 0x00000000d5f00000)
  object space 175104K, 44% used [0x0000000081c00000,0x00000000868a75e0,0x000000008c700000)
 Metaspace       used 39853K, capacity 42139K, committed 42368K, reserved 1085440K
  class space    used 5190K, capacity 5918K, committed 6016K, reserved 1048576K
GC Heap History (10 events):
Event: 25.072 GC heap before
{Heap before GC invocations=17 (full 3):
 PSYoungGen      total 160256K, used 155214K [0x00000000d5f00000, 0x00000000e6700000, 0x0000000100000000)
  eden space 95232K, 100% used [0x00000000d5f00000,0x00000000dbc00000,0x00000000dbc00000)
  from space 65024K, 92% used [0x00000000dbc00000,0x00000000df693820,0x00000000dfb80000)
  to   space 73728K, 0% used [0x00000000e1f00000,0x00000000e1f00000,0x00000000e6700000)
 ParOldGen       total 175104K, used 66797K [0x0000000081c00000, 0x000000008c700000, 0x00000000d5f00000)
  object space 175104K, 38% used [0x0000000081c00000,0x0000000085d3b540,0x000000008c700000)
 Metaspace       used 37130K, capacity 39271K, committed 39424K, reserved 1083392K
  class space    used 4593K, capacity 5269K, committed 5376K, reserved 1048576K
Event: 25.254 GC heap after
Heap after GC invocations=17 (full 3):
 PSYoungGen      total 188928K, used 62517K [0x00000000d5f00000, 0x00000000e7780000, 0x0000000100000000)
  eden space 115200K, 0% used [0x00000000d5f00000,0x00000000d5f00000,0x00000000dcf80000)
  from space 73728K, 84% used [0x00000000e1f00000,0x00000000e5c0d7e8,0x00000000e6700000)
  to   space 81408K, 0% used [0x00000000dcf80000,0x00000000dcf80000,0x00000000e1f00000)
 ParOldGen       total 175104K, used 66805K [0x0000000081c00000, 0x000000008c700000, 0x00000000d5f00000)
  object space 175104K, 38% used [0x0000000081c00000,0x0000000085d3d540,0x000000008c700000)
 Metaspace       used 37130K, capacity 39271K, committed 39424K, reserved 1083392K
  class space    used 4593K, capacity 5269K, committed 5376K, reserved 1048576K
}
Event: 26.099 GC heap before
{Heap before GC invocations=18 (full 3):
 PSYoungGen      total 188928K, used 177717K [0x00000000d5f00000, 0x00000000e7780000, 0x0000000100000000)
  eden space 115200K, 100% used [0x00000000d5f00000,0x00000000dcf80000,0x00000000dcf80000)
  from space 73728K, 84% used [0x00000000e1f00000,0x00000000e5c0d7e8,0x00000000e6700000)
  to   space 81408K, 0% used [0x00000000dcf80000,0x00000000dcf80000,0x00000000e1f00000)
 ParOldGen       total 175104K, used 66805K [0x0000000081c00000, 0x000000008c700000, 0x00000000d5f00000)
  object space 175104K, 38% used [0x0000000081c00000,0x0000000085d3d540,0x000000008c700000)
 Metaspace       used 37644K, capacity 39795K, committed 40064K, reserved 1083392K
  class space    used 4713K, capacity 5397K, committed 5504K, reserved 1048576K
Event: 26.204 GC heap after
Heap after GC invocations=18 (full 3):
 PSYoungGen      total 196608K, used 58833K [0x00000000d5f00000, 0x00000000e9a80000, 0x0000000100000000)
  eden space 115200K, 0% used [0x00000000d5f00000,0x00000000d5f00000,0x00000000dcf80000)
  from space 81408K, 72% used [0x00000000dcf80000,0x00000000e08f4720,0x00000000e1f00000)
  to   space 86528K, 0% used [0x00000000e4600000,0x00000000e4600000,0x00000000e9a80000)
 ParOldGen       total 175104K, used 74109K [0x0000000081c00000, 0x000000008c700000, 0x00000000d5f00000)
  object space 175104K, 42% used [0x0000000081c00000,0x000000008645f570,0x000000008c700000)
 Metaspace       used 37644K, capacity 39795K, committed 40064K, reserved 1083392K
  class space    used 4713K, capacity 5397K, committed 5504K, reserved 1048576K
}
Event: 26.989 GC heap before
{Heap before GC invocations=19 (full 3):
 PSYoungGen      total 196608K, used 174033K [0x00000000d5f00000, 0x00000000e9a80000, 0x0000000100000000)
  eden space 115200K, 100% used [0x00000000d5f00000,0x00000000dcf80000,0x00000000dcf80000)
  from space 81408K, 72% used [0x00000000dcf80000,0x00000000e08f4720,0x00000000e1f00000)
  to   space 86528K, 0% used [0x00000000e4600000,0x00000000e4600000,0x00000000e9a80000)
 ParOldGen       total 175104K, used 74109K [0x0000000081c00000, 0x000000008c700000, 0x00000000d5f00000)
  object space 175104K, 42% used [0x0000000081c00000,0x000000008645f570,0x000000008c700000)
 Metaspace       used 38114K, capacity 40335K, committed 40448K, reserved 1083392K
  class space    used 4840K, capacity 5532K, committed 5632K, reserved 1048576K
Event: 27.120 GC heap after
Heap after GC invocations=19 (full 3):
 PSYoungGen      total 234496K, used 55723K [0x00000000d5f00000, 0x00000000e9f80000, 0x0000000100000000)
  eden space 147968K, 0% used [0x00000000d5f00000,0x00000000d5f00000,0x00000000def80000)
  from space 86528K, 64% used [0x00000000e4600000,0x00000000e7c6aea8,0x00000000e9a80000)
  to   space 88576K, 0% used [0x00000000def80000,0x00000000def80000,0x00000000e4600000)
 ParOldGen       total 175104K, used 76621K [0x0000000081c00000, 0x000000008c700000, 0x00000000d5f00000)
  object space 175104K, 43% used [0x0000000081c00000,0x00000000866d3580,0x000000008c700000)
 Metaspace       used 38114K, capacity 40335K, committed 40448K, reserved 1083392K
  class space    used 4840K, capacity 5532K, committed 5632K, reserved 1048576K
}
Event: 28.064 GC heap before
{Heap before GC invocations=20 (full 3):
 PSYoungGen      total 234496K, used 203691K [0x00000000d5f00000, 0x00000000e9f80000, 0x0000000100000000)
  eden space 147968K, 100% used [0x00000000d5f00000,0x00000000def80000,0x00000000def80000)
  from space 86528K, 64% used [0x00000000e4600000,0x00000000e7c6aea8,0x00000000e9a80000)
  to   space 88576K, 0% used [0x00000000def80000,0x00000000def80000,0x00000000e4600000)
 ParOldGen       total 175104K, used 76621K [0x0000000081c00000, 0x000000008c700000, 0x00000000d5f00000)
  object space 175104K, 43% used [0x0000000081c00000,0x00000000866d3580,0x000000008c700000)
 Metaspace       used 38613K, capacity 40795K, committed 41088K, reserved 1085440K
  class space    used 4991K, capacity 5660K, committed 5760K, reserved 1048576K
Event: 28.184 GC heap after
Heap after GC invocations=20 (full 3):
 PSYoungGen      total 236544K, used 66766K [0x00000000d5f00000, 0x00000000ec680000, 0x0000000100000000)
  eden space 147968K, 0% used [0x00000000d5f00000,0x00000000d5f00000,0x00000000def80000)
  from space 88576K, 75% used [0x00000000def80000,0x00000000e30b3918,0x00000000e4600000)
  to   space 94720K, 0% used [0x00000000e6a00000,0x00000000e6a00000,0x00000000ec680000)
 ParOldGen       total 175104K, used 77413K [0x0000000081c00000, 0x000000008c700000, 0x00000000d5f00000)
  object space 175104K, 44% used [0x0000000081c00000,0x00000000867995a0,0x000000008c700000)
 Metaspace       used 38613K, capacity 40795K, committed 41088K, reserved 1085440K
  class space    used 4991K, capacity 5660K, committed 5760K, reserved 1048576K
}
Event: 29.319 GC heap before
{Heap before GC invocations=21 (full 3):
 PSYoungGen      total 236544K, used 214734K [0x00000000d5f00000, 0x00000000ec680000, 0x0000000100000000)
  eden space 147968K, 100% used [0x00000000d5f00000,0x00000000def80000,0x00000000def80000)
  from space 88576K, 75% used [0x00000000def80000,0x00000000e30b3918,0x00000000e4600000)
  to   space 94720K, 0% used [0x00000000e6a00000,0x00000000e6a00000,0x00000000ec680000)
 ParOldGen       total 175104K, used 77413K [0x0000000081c00000, 0x000000008c700000, 0x00000000d5f00000)
  object space 175104K, 44% used [0x0000000081c00000,0x00000000867995a0,0x000000008c700000)
 Metaspace       used 39615K, capacity 41855K, committed 41984K, reserved 1085440K
  class space    used 5160K, capacity 5866K, committed 5888K, reserved 1048576K
Event: 29.510 GC heap after
Heap after GC invocations=21 (full 3):
 PSYoungGen      total 242688K, used 69981K [0x00000000d5f00000, 0x00000000ec680000, 0x0000000100000000)
  eden space 147968K, 0% used [0x00000000d5f00000,0x00000000d5f00000,0x00000000def80000)
  from space 94720K, 73% used [0x00000000e6a00000,0x00000000eae57700,0x00000000ec680000)
  to   space 88576K, 0% used [0x00000000def80000,0x00000000def80000,0x00000000e4600000)
 ParOldGen       total 175104K, used 78493K [0x0000000081c00000, 0x000000008c700000, 0x00000000d5f00000)
  object space 175104K, 44% used [0x0000000081c00000,0x00000000868a75e0,0x000000008c700000)
 Metaspace       used 39615K, capacity 41855K, committed 41984K, reserved 1085440K
  class space    used 5160K, capacity 5866K, committed 5888K, reserved 1048576K
}

