# JRE version: Java(TM) SE Runtime Environment (8.0_51-b16) (build 1.8.0_51-b16)
# Java VM: Java HotSpot(TM) 64-Bit Server VM (25.51-b03 mixed mode windows-amd64 compressed oops)
Heap:
 PSYoungGen      total 459776K, used 182657K [0x00000000d5f00000, 0x0000000100000000, 0x0000000100000000)
  eden space 230400K, 49% used [0x00000000d5f00000,0x00000000dcd55a20,0x00000000e4000000)
  from space 229376K, 30% used [0x00000000f2000000,0x00000000f640ab20,0x0000000100000000)
  to   space 229376K, 0% used [0x00000000e4000000,0x00000000e4000000,0x00000000f2000000)
 ParOldGen       total 703488K, used 380876K [0x0000000081c00000, 0x00000000acb00000, 0x00000000d5f00000)
  object space 703488K, 54% used [0x0000000081c00000,0x0000000098ff31f8,0x00000000acb00000)
 Metaspace       used 96447K, capacity 108810K, committed 108928K, reserved 1140736K
  class space    used 14787K, capacity 18017K, committed 18048K, reserved 1048576K
GC Heap History (10 events):
Event: 960.425 GC heap before
{Heap before GC invocations=168 (full 7):
 PSYoungGen      total 443904K, used 398971K [0x00000000d5f00000, 0x0000000100000000, 0x0000000100000000)
  eden space 236544K, 100% used [0x00000000d5f00000,0x00000000e4600000,0x00000000e4600000)
  from space 207360K, 78% used [0x00000000f3580000,0x00000000fd41ee38,0x0000000100000000)
  to   space 226304K, 0% used [0x00000000e4600000,0x00000000e4600000,0x00000000f2300000)
 ParOldGen       total 703488K, used 483476K [0x0000000081c00000, 0x00000000acb00000, 0x00000000d5f00000)
  object space 703488K, 68% used [0x0000000081c00000,0x000000009f4250f8,0x00000000acb00000)
 Metaspace       used 93020K, capacity 104500K, committed 104704K, reserved 1136640K
  class space    used 14291K, capacity 17380K, committed 17408K, reserved 1048576K
Event: 960.617 GC heap after
Heap after GC invocations=168 (full 7):
 PSYoungGen      total 414208K, used 177410K [0x00000000d5f00000, 0x0000000100000000, 0x0000000100000000)
  eden space 236544K, 0% used [0x00000000d5f00000,0x00000000d5f00000,0x00000000e4600000)
  from space 177664K, 99% used [0x00000000e4600000,0x00000000ef340ae8,0x00000000ef380000)
  to   space 229376K, 0% used [0x00000000f2000000,0x00000000f2000000,0x0000000100000000)
 ParOldGen       total 703488K, used 483484K [0x0000000081c00000, 0x00000000acb00000, 0x00000000d5f00000)
  object space 703488K, 68% used [0x0000000081c00000,0x000000009f4270f8,0x00000000acb00000)
 Metaspace       used 93020K, capacity 104500K, committed 104704K, reserved 1136640K
  class space    used 14291K, capacity 17380K, committed 17408K, reserved 1048576K
}
Event: 961.824 GC heap before
{Heap before GC invocations=169 (full 7):
 PSYoungGen      total 414208K, used 413954K [0x00000000d5f00000, 0x0000000100000000, 0x0000000100000000)
  eden space 236544K, 100% used [0x00000000d5f00000,0x00000000e4600000,0x00000000e4600000)
  from space 177664K, 99% used [0x00000000e4600000,0x00000000ef340ae8,0x00000000ef380000)
  to   space 229376K, 0% used [0x00000000f2000000,0x00000000f2000000,0x0000000100000000)
 ParOldGen       total 703488K, used 483484K [0x0000000081c00000, 0x00000000acb00000, 0x00000000d5f00000)
  object space 703488K, 68% used [0x0000000081c00000,0x000000009f4270f8,0x00000000acb00000)
 Metaspace       used 94532K, capacity 106404K, committed 106624K, reserved 1138688K
  class space    used 14541K, capacity 17696K, committed 17792K, reserved 1048576K
Event: 962.053 GC heap after
Heap after GC invocations=169 (full 7):
 PSYoungGen      total 459776K, used 197815K [0x00000000d5f00000, 0x0000000100000000, 0x0000000100000000)
  eden space 230400K, 0% used [0x00000000d5f00000,0x00000000d5f00000,0x00000000e4000000)
  from space 229376K, 86% used [0x00000000f2000000,0x00000000fe12dd68,0x0000000100000000)
  to   space 229376K, 0% used [0x00000000e4000000,0x00000000e4000000,0x00000000f2000000)
 ParOldGen       total 703488K, used 483500K [0x0000000081c00000, 0x00000000acb00000, 0x00000000d5f00000)
  object space 703488K, 68% used [0x0000000081c00000,0x000000009f42b0f8,0x00000000acb00000)
 Metaspace       used 94532K, capacity 106404K, committed 106624K, reserved 1138688K
  class space    used 14541K, capacity 17696K, committed 17792K, reserved 1048576K
}
Event: 962.363 GC heap before
{Heap before GC invocations=170 (full 7):
 PSYoungGen      total 459776K, used 251254K [0x00000000d5f00000, 0x0000000100000000, 0x0000000100000000)
  eden space 230400K, 23% used [0x00000000d5f00000,0x00000000d932fe60,0x00000000e4000000)
  from space 229376K, 86% used [0x00000000f2000000,0x00000000fe12dd68,0x0000000100000000)
  to   space 229376K, 0% used [0x00000000e4000000,0x00000000e4000000,0x00000000f2000000)
 ParOldGen       total 703488K, used 483500K [0x0000000081c00000, 0x00000000acb00000, 0x00000000d5f00000)
  object space 703488K, 68% used [0x0000000081c00000,0x000000009f42b0f8,0x00000000acb00000)
 Metaspace       used 94986K, capacity 106956K, committed 107136K, reserved 1138688K
  class space    used 14586K, capacity 17740K, committed 17792K, reserved 1048576K
Event: 962.457 GC heap after
Heap after GC invocations=170 (full 7):
 PSYoungGen      total 459776K, used 100781K [0x00000000d5f00000, 0x0000000100000000, 0x0000000100000000)
  eden space 230400K, 0% used [0x00000000d5f00000,0x00000000d5f00000,0x00000000e4000000)
  from space 229376K, 43% used [0x00000000e4000000,0x00000000ea26b678,0x00000000f2000000)
  to   space 229376K, 0% used [0x00000000f2000000,0x00000000f2000000,0x0000000100000000)
 ParOldGen       total 703488K, used 483508K [0x0000000081c00000, 0x00000000acb00000, 0x00000000d5f00000)
  object space 703488K, 68% used [0x0000000081c00000,0x000000009f42d0f8,0x00000000acb00000)
 Metaspace       used 94986K, capacity 106956K, committed 107136K, reserved 1138688K
  class space    used 14586K, capacity 17740K, committed 17792K, reserved 1048576K
}
Event: 962.457 GC heap before
{Heap before GC invocations=171 (full 8):
 PSYoungGen      total 459776K, used 100781K [0x00000000d5f00000, 0x0000000100000000, 0x0000000100000000)
  eden space 230400K, 0% used [0x00000000d5f00000,0x00000000d5f00000,0x00000000e4000000)
  from space 229376K, 43% used [0x00000000e4000000,0x00000000ea26b678,0x00000000f2000000)
  to   space 229376K, 0% used [0x00000000f2000000,0x00000000f2000000,0x0000000100000000)
 ParOldGen       total 703488K, used 483508K [0x0000000081c00000, 0x00000000acb00000, 0x00000000d5f00000)
  object space 703488K, 68% used [0x0000000081c00000,0x000000009f42d0f8,0x00000000acb00000)
 Metaspace       used 94986K, capacity 106956K, committed 107136K, reserved 1138688K
  class space    used 14586K, capacity 17740K, committed 17792K, reserved 1048576K
Event: 965.036 GC heap after
Heap after GC invocations=171 (full 8):
 PSYoungGen      total 459776K, used 0K [0x00000000d5f00000, 0x0000000100000000, 0x0000000100000000)
  eden space 230400K, 0% used [0x00000000d5f00000,0x00000000d5f00000,0x00000000e4000000)
  from space 229376K, 0% used [0x00000000e4000000,0x00000000e4000000,0x00000000f2000000)
  to   space 229376K, 0% used [0x00000000f2000000,0x00000000f2000000,0x0000000100000000)
 ParOldGen       total 703488K, used 380868K [0x0000000081c00000, 0x00000000acb00000, 0x00000000d5f00000)
  object space 703488K, 54% used [0x0000000081c00000,0x0000000098ff11f8,0x00000000acb00000)
 Metaspace       used 94986K, capacity 106956K, committed 107136K, reserved 1138688K
  class space    used 14586K, capacity 17740K, committed 17792K, reserved 1048576K
}
Event: 967.286 GC heap before
{Heap before GC invocations=172 (full 8):
 PSYoungGen      total 459776K, used 230400K [0x00000000d5f00000, 0x0000000100000000, 0x0000000100000000)
  eden space 230400K, 100% used [0x00000000d5f00000,0x00000000e4000000,0x00000000e4000000)
  from space 229376K, 0% used [0x00000000e4000000,0x00000000e4000000,0x00000000f2000000)
  to   space 229376K, 0% used [0x00000000f2000000,0x00000000f2000000,0x0000000100000000)
 ParOldGen       total 703488K, used 380868K [0x0000000081c00000, 0x00000000acb00000, 0x00000000d5f00000)
  object space 703488K, 54% used [0x0000000081c00000,0x0000000098ff11f8,0x00000000acb00000)
 Metaspace       used 95705K, capacity 107926K, committed 108032K, reserved 1138688K
  class space    used 14669K, capacity 17879K, committed 17920K, reserved 1048576K
Event: 967.377 GC heap after
Heap after GC invocations=172 (full 8):
 PSYoungGen      total 459776K, used 69674K [0x00000000d5f00000, 0x0000000100000000, 0x0000000100000000)
  eden space 230400K, 0% used [0x00000000d5f00000,0x00000000d5f00000,0x00000000e4000000)
  from space 229376K, 30% used [0x00000000f2000000,0x00000000f640ab20,0x0000000100000000)
  to   space 229376K, 0% used [0x00000000e4000000,0x00000000e4000000,0x00000000f2000000)
 ParOldGen       total 703488K, used 380876K [0x0000000081c00000, 0x00000000acb00000, 0x00000000d5f00000)
  object space 703488K, 54% used [0x0000000081c00000,0x0000000098ff31f8,0x00000000acb00000)
 Metaspace       used 95705K, capacity 107926K, committed 108032K, reserved 1138688K
  class space    used 14669K, capacity 17879K, committed 17920K, reserved 1048576K
}

