# JRE version: Java(TM) SE Runtime Environment (8.0_51-b16) (build 1.8.0_51-b16)
# Java VM: Java HotSpot(TM) 64-Bit Server VM (25.51-b03 mixed mode windows-amd64 compressed oops)
Heap:
 PSYoungGen      total 608768K, used 182516K [0x00000000d5f00000, 0x0000000100000000, 0x0000000100000000)
  eden space 528384K, 34% used [0x00000000d5f00000,0x00000000e113d370,0x00000000f6300000)
  from space 80384K, 0% used [0x00000000f6300000,0x00000000f6300000,0x00000000fb180000)
  to   space 80384K, 0% used [0x00000000fb180000,0x00000000fb180000,0x0000000100000000)
 ParOldGen       total 465408K, used 465178K [0x0000000081c00000, 0x000000009e280000, 0x00000000d5f00000)
  object space 465408K, 99% used [0x0000000081c00000,0x000000009e2468d8,0x000000009e280000)
 Metaspace       used 86866K, capacity 98106K, committed 98304K, reserved 1130496K
  class space    used 13582K, capacity 16637K, committed 16640K, reserved 1048576K
GC Heap History (10 events):
Event: 180.516 GC heap before
{Heap before GC invocations=161 (full 8):
 PSYoungGen      total 608768K, used 528384K [0x00000000d5f00000, 0x0000000100000000, 0x0000000100000000)
  eden space 528384K, 100% used [0x00000000d5f00000,0x00000000f6300000,0x00000000f6300000)
  from space 80384K, 0% used [0x00000000f6300000,0x00000000f6300000,0x00000000fb180000)
  to   space 80384K, 0% used [0x00000000fb180000,0x00000000fb180000,0x0000000100000000)
 ParOldGen       total 420864K, used 405509K [0x0000000081c00000, 0x000000009b700000, 0x00000000d5f00000)
  object space 420864K, 96% used [0x0000000081c00000,0x000000009a801470,0x000000009b700000)
 Metaspace       used 81213K, capacity 90934K, committed 91136K, reserved 1124352K
  class space    used 12803K, capacity 15600K, committed 15616K, reserved 1048576K
Event: 184.149 GC heap after
Heap after GC invocations=161 (full 8):
 PSYoungGen      total 608768K, used 28380K [0x00000000d5f00000, 0x0000000100000000, 0x0000000100000000)
  eden space 528384K, 5% used [0x00000000d5f00000,0x00000000d7ab73b8,0x00000000f6300000)
  from space 80384K, 0% used [0x00000000f6300000,0x00000000f6300000,0x00000000fb180000)
  to   space 80384K, 0% used [0x00000000fb180000,0x00000000fb180000,0x0000000100000000)
 ParOldGen       total 420864K, used 420685K [0x0000000081c00000, 0x000000009b700000, 0x00000000d5f00000)
  object space 420864K, 99% used [0x0000000081c00000,0x000000009b6d3460,0x000000009b700000)
 Metaspace       used 81207K, capacity 90918K, committed 91136K, reserved 1124352K
  class space    used 12801K, capacity 15596K, committed 15616K, reserved 1048576K
}
Event: 190.109 GC heap before
{Heap before GC invocations=162 (full 9):
 PSYoungGen      total 608768K, used 528384K [0x00000000d5f00000, 0x0000000100000000, 0x0000000100000000)
  eden space 528384K, 100% used [0x00000000d5f00000,0x00000000f6300000,0x00000000f6300000)
  from space 80384K, 0% used [0x00000000f6300000,0x00000000f6300000,0x00000000fb180000)
  to   space 80384K, 0% used [0x00000000fb180000,0x00000000fb180000,0x0000000100000000)
 ParOldGen       total 420864K, used 420685K [0x0000000081c00000, 0x000000009b700000, 0x00000000d5f00000)
  object space 420864K, 99% used [0x0000000081c00000,0x000000009b6d3460,0x000000009b700000)
 Metaspace       used 81644K, capacity 91618K, committed 91776K, reserved 1126400K
  class space    used 12876K, capacity 15720K, committed 15744K, reserved 1048576K
Event: 191.438 GC heap after
Heap after GC invocations=162 (full 9):
 PSYoungGen      total 608768K, used 0K [0x00000000d5f00000, 0x0000000100000000, 0x0000000100000000)
  eden space 528384K, 0% used [0x00000000d5f00000,0x00000000d5f00000,0x00000000f6300000)
  from space 80384K, 0% used [0x00000000f6300000,0x00000000f6300000,0x00000000fb180000)
  to   space 80384K, 0% used [0x00000000fb180000,0x00000000fb180000,0x0000000100000000)
 ParOldGen       total 420864K, used 359174K [0x0000000081c00000, 0x000000009b700000, 0x00000000d5f00000)
  object space 420864K, 85% used [0x0000000081c00000,0x0000000097ac1a10,0x000000009b700000)
 Metaspace       used 81644K, capacity 91618K, committed 91776K, reserved 1126400K
  class space    used 12876K, capacity 15720K, committed 15744K, reserved 1048576K
}
Event: 200.650 GC heap before
{Heap before GC invocations=163 (full 9):
 PSYoungGen      total 608768K, used 528384K [0x00000000d5f00000, 0x0000000100000000, 0x0000000100000000)
  eden space 528384K, 100% used [0x00000000d5f00000,0x00000000f6300000,0x00000000f6300000)
  from space 80384K, 0% used [0x00000000f6300000,0x00000000f6300000,0x00000000fb180000)
  to   space 80384K, 0% used [0x00000000fb180000,0x00000000fb180000,0x0000000100000000)
 ParOldGen       total 420864K, used 359174K [0x0000000081c00000, 0x000000009b700000, 0x00000000d5f00000)
  object space 420864K, 85% used [0x0000000081c00000,0x0000000097ac1a10,0x000000009b700000)
 Metaspace       used 83434K, capacity 93882K, committed 93952K, reserved 1126400K
  class space    used 13154K, capacity 16066K, committed 16128K, reserved 1048576K
Event: 201.376 GC heap after
Heap after GC invocations=163 (full 9):
 PSYoungGen      total 608768K, used 528384K [0x00000000d5f00000, 0x0000000100000000, 0x0000000100000000)
  eden space 528384K, 100% used [0x00000000d5f00000,0x00000000f6300000,0x00000000f6300000)
  from space 80384K, 0% used [0x00000000f6300000,0x00000000f6300000,0x00000000fb180000)
  to   space 80384K, 99% used [0x00000000fb180000,0x00000000ffffeed0,0x0000000100000000)
 ParOldGen       total 465408K, used 465404K [0x0000000081c00000, 0x000000009e280000, 0x00000000d5f00000)
  object space 465408K, 99% used [0x0000000081c00000,0x000000009e27f3b8,0x000000009e280000)
 Metaspace       used 83434K, capacity 93882K, committed 93952K, reserved 1126400K
  class space    used 13154K, capacity 16066K, committed 16128K, reserved 1048576K
}
Event: 201.376 GC heap before
{Heap before GC invocations=164 (full 10):
 PSYoungGen      total 608768K, used 528384K [0x00000000d5f00000, 0x0000000100000000, 0x0000000100000000)
  eden space 528384K, 100% used [0x00000000d5f00000,0x00000000f6300000,0x00000000f6300000)
  from space 80384K, 0% used [0x00000000f6300000,0x00000000f6300000,0x00000000fb180000)
  to   space 80384K, 99% used [0x00000000fb180000,0x00000000ffffeed0,0x0000000100000000)
 ParOldGen       total 465408K, used 465404K [0x0000000081c00000, 0x000000009e280000, 0x00000000d5f00000)
  object space 465408K, 99% used [0x0000000081c00000,0x000000009e27f3b8,0x000000009e280000)
 Metaspace       used 83434K, capacity 93882K, committed 93952K, reserved 1126400K
  class space    used 13154K, capacity 16066K, committed 16128K, reserved 1048576K
Event: 204.782 GC heap after
Heap after GC invocations=164 (full 10):
 PSYoungGen      total 608768K, used 0K [0x00000000d5f00000, 0x0000000100000000, 0x0000000100000000)
  eden space 528384K, 0% used [0x00000000d5f00000,0x00000000d5f00000,0x00000000f6300000)
  from space 80384K, 0% used [0x00000000f6300000,0x00000000f6300000,0x00000000fb180000)
  to   space 80384K, 45% used [0x00000000fb180000,0x00000000fd4f4138,0x0000000100000000)
 ParOldGen       total 465408K, used 464964K [0x0000000081c00000, 0x000000009e280000, 0x00000000d5f00000)
  object space 465408K, 99% used [0x0000000081c00000,0x000000009e2112e8,0x000000009e280000)
 Metaspace       used 83434K, capacity 93882K, committed 93952K, reserved 1126400K
  class space    used 13154K, capacity 16066K, committed 16128K, reserved 1048576K
}
Event: 209.235 GC heap before
{Heap before GC invocations=165 (full 11):
 PSYoungGen      total 608768K, used 528384K [0x00000000d5f00000, 0x0000000100000000, 0x0000000100000000)
  eden space 528384K, 100% used [0x00000000d5f00000,0x00000000f6300000,0x00000000f6300000)
  from space 80384K, 0% used [0x00000000f6300000,0x00000000f6300000,0x00000000fb180000)
  to   space 80384K, 45% used [0x00000000fb180000,0x00000000fd4f4138,0x0000000100000000)
 ParOldGen       total 465408K, used 464964K [0x0000000081c00000, 0x000000009e280000, 0x00000000d5f00000)
  object space 465408K, 99% used [0x0000000081c00000,0x000000009e2112e8,0x000000009e280000)
 Metaspace       used 86474K, capacity 97526K, committed 97792K, reserved 1130496K
  class space    used 13534K, capacity 16555K, committed 16640K, reserved 1048576K
Event: 212.439 GC heap after
Heap after GC invocations=165 (full 11):
 PSYoungGen      total 608768K, used 68542K [0x00000000d5f00000, 0x0000000100000000, 0x0000000100000000)
  eden space 528384K, 12% used [0x00000000d5f00000,0x00000000da1efbe0,0x00000000f6300000)
  from space 80384K, 0% used [0x00000000f6300000,0x00000000f6300000,0x00000000fb180000)
  to   space 80384K, 0% used [0x00000000fb180000,0x00000000fb180000,0x0000000100000000)
 ParOldGen       total 465408K, used 465178K [0x0000000081c00000, 0x000000009e280000, 0x00000000d5f00000)
  object space 465408K, 99% used [0x0000000081c00000,0x000000009e2468d8,0x000000009e280000)
 Metaspace       used 86474K, capacity 97526K, committed 97792K, reserved 1130496K
  class space    used 13534K, capacity 16555K, committed 16640K, reserved 1048576K
}

