# JRE version: Java(TM) SE Runtime Environment (8.0_51-b16) (build 1.8.0_51-b16)
# Java VM: Java HotSpot(TM) 64-Bit Server VM (25.51-b03 mixed mode windows-amd64 compressed oops)
Heap:
 PSYoungGen      total 618496K, used 91946K [0x00000000d5f00000, 0x0000000100000000, 0x0000000100000000)
  eden space 546816K, 15% used [0x00000000d5f00000,0x00000000db2fc330,0x00000000f7500000)
  from space 71680K, 8% used [0x00000000fba00000,0x00000000fbfce600,0x0000000100000000)
  to   space 70656K, 0% used [0x00000000f7500000,0x00000000f7500000,0x00000000fba00000)
 ParOldGen       total 336896K, used 284598K [0x0000000081c00000, 0x0000000096500000, 0x00000000d5f00000)
  object space 336896K, 84% used [0x0000000081c00000,0x00000000931edad8,0x0000000096500000)
 Metaspace       used 67650K, capacity 74120K, committed 74240K, reserved 1110016K
  class space    used 10858K, capacity 13015K, committed 13056K, reserved 1048576K
GC Heap History (10 events):
Event: 61.463 GC heap before
{Heap before GC invocations=64 (full 4):
 PSYoungGen      total 610816K, used 575034K [0x00000000d5f00000, 0x00000000ffb80000, 0x0000000100000000)
  eden space 542720K, 100% used [0x00000000d5f00000,0x00000000f7100000,0x00000000f7100000)
  from space 68096K, 47% used [0x00000000f7100000,0x00000000f908eac0,0x00000000fb380000)
  to   space 65024K, 0% used [0x00000000fbc00000,0x00000000fbc00000,0x00000000ffb80000)
 ParOldGen       total 336896K, used 280176K [0x0000000081c00000, 0x0000000096500000, 0x00000000d5f00000)
  object space 336896K, 83% used [0x0000000081c00000,0x0000000092d9c2a8,0x0000000096500000)
 Metaspace       used 63485K, capacity 69306K, committed 69632K, reserved 1107968K
  class space    used 9625K, capacity 11396K, committed 11520K, reserved 1048576K
Event: 61.583 GC heap after
Heap after GC invocations=64 (full 4):
 PSYoungGen      total 617984K, used 46582K [0x00000000d5f00000, 0x0000000100000000, 0x0000000100000000)
  eden space 552960K, 0% used [0x00000000d5f00000,0x00000000d5f00000,0x00000000f7b00000)
  from space 65024K, 71% used [0x00000000fbc00000,0x00000000fe97da38,0x00000000ffb80000)
  to   space 66560K, 0% used [0x00000000f7b00000,0x00000000f7b00000,0x00000000fbc00000)
 ParOldGen       total 336896K, used 281112K [0x0000000081c00000, 0x0000000096500000, 0x00000000d5f00000)
  object space 336896K, 83% used [0x0000000081c00000,0x0000000092e86358,0x0000000096500000)
 Metaspace       used 63485K, capacity 69306K, committed 69632K, reserved 1107968K
  class space    used 9625K, capacity 11396K, committed 11520K, reserved 1048576K
}
Event: 62.632 GC heap before
{Heap before GC invocations=65 (full 4):
 PSYoungGen      total 617984K, used 599542K [0x00000000d5f00000, 0x0000000100000000, 0x0000000100000000)
  eden space 552960K, 100% used [0x00000000d5f00000,0x00000000f7b00000,0x00000000f7b00000)
  from space 65024K, 71% used [0x00000000fbc00000,0x00000000fe97da38,0x00000000ffb80000)
  to   space 66560K, 0% used [0x00000000f7b00000,0x00000000f7b00000,0x00000000fbc00000)
 ParOldGen       total 336896K, used 282739K [0x0000000081c00000, 0x0000000096500000, 0x00000000d5f00000)
  object space 336896K, 83% used [0x0000000081c00000,0x000000009301cef0,0x0000000096500000)
 Metaspace       used 64182K, capacity 70034K, committed 70144K, reserved 1107968K
  class space    used 9924K, capacity 11716K, committed 11776K, reserved 1048576K
Event: 62.639 GC heap after
Heap after GC invocations=65 (full 4):
 PSYoungGen      total 619520K, used 384K [0x00000000d5f00000, 0x0000000100000000, 0x0000000100000000)
  eden space 552960K, 0% used [0x00000000d5f00000,0x00000000d5f00000,0x00000000f7b00000)
  from space 66560K, 0% used [0x00000000f7b00000,0x00000000f7b60020,0x00000000fbc00000)
  to   space 69632K, 0% used [0x00000000fbc00000,0x00000000fbc00000,0x0000000100000000)
 ParOldGen       total 336896K, used 283299K [0x0000000081c00000, 0x0000000096500000, 0x00000000d5f00000)
  object space 336896K, 84% used [0x0000000081c00000,0x00000000930a8ef0,0x0000000096500000)
 Metaspace       used 64182K, capacity 70034K, committed 70144K, reserved 1107968K
  class space    used 9924K, capacity 11716K, committed 11776K, reserved 1048576K
}
Event: 63.334 GC heap before
{Heap before GC invocations=66 (full 4):
 PSYoungGen      total 619520K, used 553344K [0x00000000d5f00000, 0x0000000100000000, 0x0000000100000000)
  eden space 552960K, 100% used [0x00000000d5f00000,0x00000000f7b00000,0x00000000f7b00000)
  from space 66560K, 0% used [0x00000000f7b00000,0x00000000f7b60020,0x00000000fbc00000)
  to   space 69632K, 0% used [0x00000000fbc00000,0x00000000fbc00000,0x0000000100000000)
 ParOldGen       total 336896K, used 283395K [0x0000000081c00000, 0x0000000096500000, 0x00000000d5f00000)
  object space 336896K, 84% used [0x0000000081c00000,0x00000000930c0cb0,0x0000000096500000)
 Metaspace       used 65311K, capacity 71194K, committed 71424K, reserved 1107968K
  class space    used 10134K, capacity 11908K, committed 12032K, reserved 1048576K
Event: 63.341 GC heap after
Heap after GC invocations=66 (full 4):
 PSYoungGen      total 616448K, used 352K [0x00000000d5f00000, 0x0000000100000000, 0x0000000100000000)
  eden space 546816K, 0% used [0x00000000d5f00000,0x00000000d5f00000,0x00000000f7500000)
  from space 69632K, 0% used [0x00000000fbc00000,0x00000000fbc58000,0x0000000100000000)
  to   space 71168K, 0% used [0x00000000f7500000,0x00000000f7500000,0x00000000fba80000)
 ParOldGen       total 336896K, used 283750K [0x0000000081c00000, 0x0000000096500000, 0x00000000d5f00000)
  object space 336896K, 84% used [0x0000000081c00000,0x00000000931198e0,0x0000000096500000)
 Metaspace       used 65311K, capacity 71194K, committed 71424K, reserved 1107968K
  class space    used 10134K, capacity 11908K, committed 12032K, reserved 1048576K
}
Event: 64.286 GC heap before
{Heap before GC invocations=67 (full 4):
 PSYoungGen      total 616448K, used 547168K [0x00000000d5f00000, 0x0000000100000000, 0x0000000100000000)
  eden space 546816K, 100% used [0x00000000d5f00000,0x00000000f7500000,0x00000000f7500000)
  from space 69632K, 0% used [0x00000000fbc00000,0x00000000fbc58000,0x0000000100000000)
  to   space 71168K, 0% used [0x00000000f7500000,0x00000000f7500000,0x00000000fba80000)
 ParOldGen       total 336896K, used 283751K [0x0000000081c00000, 0x0000000096500000, 0x00000000d5f00000)
  object space 336896K, 84% used [0x0000000081c00000,0x0000000093119d90,0x0000000096500000)
 Metaspace       used 66733K, capacity 72960K, committed 73344K, reserved 1110016K
  class space    used 10589K, capacity 12567K, committed 12672K, reserved 1048576K
Event: 64.292 GC heap after
Heap after GC invocations=67 (full 4):
 PSYoungGen      total 547840K, used 704K [0x00000000d5f00000, 0x0000000100000000, 0x0000000100000000)
  eden space 546816K, 0% used [0x00000000d5f00000,0x00000000d5f00000,0x00000000f7500000)
  from space 1024K, 68% used [0x00000000f7500000,0x00000000f75b0000,0x00000000f7600000)
  to   space 71680K, 0% used [0x00000000fba00000,0x00000000fba00000,0x0000000100000000)
 ParOldGen       total 336896K, used 283999K [0x0000000081c00000, 0x0000000096500000, 0x00000000d5f00000)
  object space 336896K, 84% used [0x0000000081c00000,0x0000000093157d90,0x0000000096500000)
 Metaspace       used 66733K, capacity 72960K, committed 73344K, reserved 1110016K
  class space    used 10589K, capacity 12567K, committed 12672K, reserved 1048576K
}
Event: 64.857 GC heap before
{Heap before GC invocations=68 (full 4):
 PSYoungGen      total 547840K, used 547520K [0x00000000d5f00000, 0x0000000100000000, 0x0000000100000000)
  eden space 546816K, 100% used [0x00000000d5f00000,0x00000000f7500000,0x00000000f7500000)
  from space 1024K, 68% used [0x00000000f7500000,0x00000000f75b0000,0x00000000f7600000)
  to   space 71680K, 0% used [0x00000000fba00000,0x00000000fba00000,0x0000000100000000)
 ParOldGen       total 336896K, used 283999K [0x0000000081c00000, 0x0000000096500000, 0x00000000d5f00000)
  object space 336896K, 84% used [0x0000000081c00000,0x0000000093157d90,0x0000000096500000)
 Metaspace       used 67350K, capacity 73736K, committed 73856K, reserved 1110016K
  class space    used 10762K, capacity 12855K, committed 12928K, reserved 1048576K
Event: 64.875 GC heap after
Heap after GC invocations=68 (full 4):
 PSYoungGen      total 618496K, used 5945K [0x00000000d5f00000, 0x0000000100000000, 0x0000000100000000)
  eden space 546816K, 0% used [0x00000000d5f00000,0x00000000d5f00000,0x00000000f7500000)
  from space 71680K, 8% used [0x00000000fba00000,0x00000000fbfce600,0x0000000100000000)
  to   space 70656K, 0% used [0x00000000f7500000,0x00000000f7500000,0x00000000fba00000)
 ParOldGen       total 336896K, used 284598K [0x0000000081c00000, 0x0000000096500000, 0x00000000d5f00000)
  object space 336896K, 84% used [0x0000000081c00000,0x00000000931edad8,0x0000000096500000)
 Metaspace       used 67350K, capacity 73736K, committed 73856K, reserved 1110016K
  class space    used 10762K, capacity 12855K, committed 12928K, reserved 1048576K
}

