# JRE version: Java(TM) SE Runtime Environment (8.0_51-b16) (build 1.8.0_51-b16)
# Java VM: Java HotSpot(TM) 64-Bit Server VM (25.51-b03 mixed mode windows-amd64 compressed oops)
Heap:
 PSYoungGen      total 600576K, used 298539K [0x00000000d5f00000, 0x0000000100000000, 0x0000000100000000)
  eden space 568320K, 52% used [0x00000000d5f00000,0x00000000e828ae58,0x00000000f8a00000)
  from space 32256K, 0% used [0x00000000fe080000,0x00000000fe080000,0x0000000100000000)
  to   space 60416K, 0% used [0x00000000f8a00000,0x00000000f8a00000,0x00000000fc500000)
 ParOldGen       total 368640K, used 347878K [0x0000000081c00000, 0x0000000098400000, 0x00000000d5f00000)
  object space 368640K, 94% used [0x0000000081c00000,0x0000000096fb9bf0,0x0000000098400000)
 Metaspace       used 77561K, capacity 85652K, committed 85884K, reserved 1120256K
  class space    used 12005K, capacity 14375K, committed 14464K, reserved 1048576K
GC Heap History (10 events):
Event: 112.132 GC heap before
{Heap before GC invocations=146 (full 5):
 PSYoungGen      total 655360K, used 628592K [0x00000000d5f00000, 0x0000000100000000, 0x0000000100000000)
  eden space 623616K, 100% used [0x00000000d5f00000,0x00000000fc000000,0x00000000fc000000)
  from space 31744K, 15% used [0x00000000fe000000,0x00000000fe4dc030,0x00000000fff00000)
  to   space 32768K, 0% used [0x00000000fc000000,0x00000000fc000000,0x00000000fe000000)
 ParOldGen       total 333824K, used 305097K [0x0000000081c00000, 0x0000000096200000, 0x00000000d5f00000)
  object space 333824K, 91% used [0x0000000081c00000,0x00000000945f2528,0x0000000096200000)
 Metaspace       used 75992K, capacity 83936K, committed 84092K, reserved 1120256K
  class space    used 11788K, capacity 14113K, committed 14208K, reserved 1048576K
Event: 112.161 GC heap after
Heap after GC invocations=146 (full 5):
 PSYoungGen      total 656384K, used 5056K [0x00000000d5f00000, 0x0000000100000000, 0x0000000100000000)
  eden space 623616K, 0% used [0x00000000d5f00000,0x00000000d5f00000,0x00000000fc000000)
  from space 32768K, 15% used [0x00000000fc000000,0x00000000fc4f0040,0x00000000fe000000)
  to   space 32768K, 0% used [0x00000000fe000000,0x00000000fe000000,0x0000000100000000)
 ParOldGen       total 333824K, used 305369K [0x0000000081c00000, 0x0000000096200000, 0x00000000d5f00000)
  object space 333824K, 91% used [0x0000000081c00000,0x0000000094636528,0x0000000096200000)
 Metaspace       used 75992K, capacity 83936K, committed 84092K, reserved 1120256K
  class space    used 11788K, capacity 14113K, committed 14208K, reserved 1048576K
}
Event: 113.394 GC heap before
{Heap before GC invocations=147 (full 5):
 PSYoungGen      total 656384K, used 628672K [0x00000000d5f00000, 0x0000000100000000, 0x0000000100000000)
  eden space 623616K, 100% used [0x00000000d5f00000,0x00000000fc000000,0x00000000fc000000)
  from space 32768K, 15% used [0x00000000fc000000,0x00000000fc4f0040,0x00000000fe000000)
  to   space 32768K, 0% used [0x00000000fe000000,0x00000000fe000000,0x0000000100000000)
 ParOldGen       total 333824K, used 305369K [0x0000000081c00000, 0x0000000096200000, 0x00000000d5f00000)
  object space 333824K, 91% used [0x0000000081c00000,0x0000000094636528,0x0000000096200000)
 Metaspace       used 76003K, capacity 83936K, committed 84092K, reserved 1120256K
  class space    used 11788K, capacity 14113K, committed 14208K, reserved 1048576K
Event: 113.428 GC heap after
Heap after GC invocations=147 (full 5):
 PSYoungGen      total 655360K, used 6241K [0x00000000d5f00000, 0x00000000fff00000, 0x0000000100000000)
  eden space 623616K, 0% used [0x00000000d5f00000,0x00000000d5f00000,0x00000000fc000000)
  from space 31744K, 19% used [0x00000000fe000000,0x00000000fe618688,0x00000000fff00000)
  to   space 32256K, 0% used [0x00000000fc000000,0x00000000fc000000,0x00000000fdf80000)
 ParOldGen       total 333824K, used 305665K [0x0000000081c00000, 0x0000000096200000, 0x00000000d5f00000)
  object space 333824K, 91% used [0x0000000081c00000,0x0000000094680528,0x0000000096200000)
 Metaspace       used 76003K, capacity 83936K, committed 84092K, reserved 1120256K
  class space    used 11788K, capacity 14113K, committed 14208K, reserved 1048576K
}
Event: 114.729 GC heap before
{Heap before GC invocations=148 (full 5):
 PSYoungGen      total 655360K, used 629857K [0x00000000d5f00000, 0x00000000fff00000, 0x0000000100000000)
  eden space 623616K, 100% used [0x00000000d5f00000,0x00000000fc000000,0x00000000fc000000)
  from space 31744K, 19% used [0x00000000fe000000,0x00000000fe618688,0x00000000fff00000)
  to   space 32256K, 0% used [0x00000000fc000000,0x00000000fc000000,0x00000000fdf80000)
 ParOldGen       total 333824K, used 305665K [0x0000000081c00000, 0x0000000096200000, 0x00000000d5f00000)
  object space 333824K, 91% used [0x0000000081c00000,0x0000000094680528,0x0000000096200000)
 Metaspace       used 76003K, capacity 83936K, committed 84092K, reserved 1120256K
  class space    used 11788K, capacity 14113K, committed 14208K, reserved 1048576K
Event: 114.747 GC heap after
Heap after GC invocations=148 (full 5):
 PSYoungGen      total 655872K, used 5744K [0x00000000d5f00000, 0x0000000100000000, 0x0000000100000000)
  eden space 623616K, 0% used [0x00000000d5f00000,0x00000000d5f00000,0x00000000fc000000)
  from space 32256K, 17% used [0x00000000fc000000,0x00000000fc59c030,0x00000000fdf80000)
  to   space 32256K, 0% used [0x00000000fe080000,0x00000000fe080000,0x0000000100000000)
 ParOldGen       total 333824K, used 305977K [0x0000000081c00000, 0x0000000096200000, 0x00000000d5f00000)
  object space 333824K, 91% used [0x0000000081c00000,0x00000000946ce528,0x0000000096200000)
 Metaspace       used 76003K, capacity 83936K, committed 84092K, reserved 1120256K
  class space    used 11788K, capacity 14113K, committed 14208K, reserved 1048576K
}
Event: 120.079 GC heap before
{Heap before GC invocations=149 (full 5):
 PSYoungGen      total 655872K, used 629360K [0x00000000d5f00000, 0x0000000100000000, 0x0000000100000000)
  eden space 623616K, 100% used [0x00000000d5f00000,0x00000000fc000000,0x00000000fc000000)
  from space 32256K, 17% used [0x00000000fc000000,0x00000000fc59c030,0x00000000fdf80000)
  to   space 32256K, 0% used [0x00000000fe080000,0x00000000fe080000,0x0000000100000000)
 ParOldGen       total 333824K, used 305977K [0x0000000081c00000, 0x0000000096200000, 0x00000000d5f00000)
  object space 333824K, 91% used [0x0000000081c00000,0x00000000946ce528,0x0000000096200000)
 Metaspace       used 77376K, capacity 85468K, committed 85628K, reserved 1120256K
  class space    used 11983K, capacity 14369K, committed 14464K, reserved 1048576K
Event: 120.265 GC heap after
Heap after GC invocations=149 (full 5):
 PSYoungGen      total 600576K, used 32255K [0x00000000d5f00000, 0x0000000100000000, 0x0000000100000000)
  eden space 568320K, 0% used [0x00000000d5f00000,0x00000000d5f00000,0x00000000f8a00000)
  from space 32256K, 99% used [0x00000000fe080000,0x00000000fffffd88,0x0000000100000000)
  to   space 60416K, 0% used [0x00000000f8a00000,0x00000000f8a00000,0x00000000fc500000)
 ParOldGen       total 368640K, used 368340K [0x0000000081c00000, 0x0000000098400000, 0x00000000d5f00000)
  object space 368640K, 99% used [0x0000000081c00000,0x00000000983b5120,0x0000000098400000)
 Metaspace       used 77376K, capacity 85468K, committed 85628K, reserved 1120256K
  class space    used 11983K, capacity 14369K, committed 14464K, reserved 1048576K
}
Event: 120.303 GC heap before
{Heap before GC invocations=150 (full 6):
 PSYoungGen      total 600576K, used 32255K [0x00000000d5f00000, 0x0000000100000000, 0x0000000100000000)
  eden space 568320K, 0% used [0x00000000d5f00000,0x00000000d5f00000,0x00000000f8a00000)
  from space 32256K, 99% used [0x00000000fe080000,0x00000000fffffd88,0x0000000100000000)
  to   space 60416K, 0% used [0x00000000f8a00000,0x00000000f8a00000,0x00000000fc500000)
 ParOldGen       total 368640K, used 368340K [0x0000000081c00000, 0x0000000098400000, 0x00000000d5f00000)
  object space 368640K, 99% used [0x0000000081c00000,0x00000000983b5120,0x0000000098400000)
 Metaspace       used 77376K, capacity 85468K, committed 85628K, reserved 1120256K
  class space    used 11983K, capacity 14369K, committed 14464K, reserved 1048576K
Event: 123.275 GC heap after
Heap after GC invocations=150 (full 6):
 PSYoungGen      total 600576K, used 0K [0x00000000d5f00000, 0x0000000100000000, 0x0000000100000000)
  eden space 568320K, 0% used [0x00000000d5f00000,0x00000000d5f00000,0x00000000f8a00000)
  from space 32256K, 0% used [0x00000000fe080000,0x00000000fe080000,0x0000000100000000)
  to   space 60416K, 0% used [0x00000000f8a00000,0x00000000f8a00000,0x00000000fc500000)
 ParOldGen       total 368640K, used 347878K [0x0000000081c00000, 0x0000000098400000, 0x00000000d5f00000)
  object space 368640K, 94% used [0x0000000081c00000,0x0000000096fb9bf0,0x0000000098400000)
 Metaspace       used 77364K, capacity 85442K, committed 85628K, reserved 1120256K
  class space    used 11978K, capacity 14362K, committed 14464K, reserved 1048576K
}

