# JRE version: Java(TM) SE Runtime Environment (8.0_51-b16) (build 1.8.0_51-b16)
# Java VM: Java HotSpot(TM) 64-Bit Server VM (25.51-b03 mixed mode windows-amd64 compressed oops)
Heap:
 PSYoungGen      total 648704K, used 602355K [0x00000000d5f00000, 0x00000000fff00000, 0x0000000100000000)
  eden space 613888K, 96% used [0x00000000d5f00000,0x00000000fa0e9810,0x00000000fb680000)
  from space 34816K, 30% used [0x00000000fb680000,0x00000000fc0d3570,0x00000000fd880000)
  to   space 32768K, 0% used [0x00000000fdf00000,0x00000000fdf00000,0x00000000fff00000)
 ParOldGen       total 401408K, used 291264K [0x0000000081c00000, 0x000000009a400000, 0x00000000d5f00000)
  object space 401408K, 72% used [0x0000000081c00000,0x0000000093870028,0x000000009a400000)
 Metaspace       used 82598K, capacity 91242K, committed 91520K, reserved 1124352K
  class space    used 13355K, capacity 16140K, committed 16256K, reserved 1048576K
GC Heap History (10 events):
Event: 127.304 GC heap before
{Heap before GC invocations=167 (full 6):
 PSYoungGen      total 634368K, used 606199K [0x00000000d5f00000, 0x00000000ff900000, 0x0000000100000000)
  eden space 595968K, 100% used [0x00000000d5f00000,0x00000000fa500000,0x00000000fa500000)
  from space 38400K, 26% used [0x00000000fd380000,0x00000000fdd7de50,0x00000000ff900000)
  to   space 43008K, 0% used [0x00000000fa500000,0x00000000fa500000,0x00000000fcf00000)
 ParOldGen       total 401408K, used 290296K [0x0000000081c00000, 0x000000009a400000, 0x00000000d5f00000)
  object space 401408K, 72% used [0x0000000081c00000,0x000000009377e1d0,0x000000009a400000)
 Metaspace       used 82185K, capacity 90674K, committed 90880K, reserved 1124352K
  class space    used 13335K, capacity 16112K, committed 16128K, reserved 1048576K
Event: 127.317 GC heap after
Heap after GC invocations=167 (full 6):
 PSYoungGen      total 638976K, used 8337K [0x00000000d5f00000, 0x0000000100000000, 0x0000000100000000)
  eden space 595968K, 0% used [0x00000000d5f00000,0x00000000d5f00000,0x00000000fa500000)
  from space 43008K, 19% used [0x00000000fa500000,0x00000000fad24458,0x00000000fcf00000)
  to   space 40960K, 0% used [0x00000000fd800000,0x00000000fd800000,0x0000000100000000)
 ParOldGen       total 401408K, used 290432K [0x0000000081c00000, 0x000000009a400000, 0x00000000d5f00000)
  object space 401408K, 72% used [0x0000000081c00000,0x00000000937a01d0,0x000000009a400000)
 Metaspace       used 82185K, capacity 90674K, committed 90880K, reserved 1124352K
  class space    used 13335K, capacity 16112K, committed 16128K, reserved 1048576K
}
Event: 128.197 GC heap before
{Heap before GC invocations=168 (full 6):
 PSYoungGen      total 638976K, used 604305K [0x00000000d5f00000, 0x0000000100000000, 0x0000000100000000)
  eden space 595968K, 100% used [0x00000000d5f00000,0x00000000fa500000,0x00000000fa500000)
  from space 43008K, 19% used [0x00000000fa500000,0x00000000fad24458,0x00000000fcf00000)
  to   space 40960K, 0% used [0x00000000fd800000,0x00000000fd800000,0x0000000100000000)
 ParOldGen       total 401408K, used 290432K [0x0000000081c00000, 0x000000009a400000, 0x00000000d5f00000)
  object space 401408K, 72% used [0x0000000081c00000,0x00000000937a01d0,0x000000009a400000)
 Metaspace       used 82239K, capacity 90706K, committed 90880K, reserved 1124352K
  class space    used 13339K, capacity 16118K, committed 16128K, reserved 1048576K
Event: 128.211 GC heap after
Heap after GC invocations=168 (full 6):
 PSYoungGen      total 640000K, used 8175K [0x00000000d5f00000, 0x00000000ffa00000, 0x0000000100000000)
  eden space 605184K, 0% used [0x00000000d5f00000,0x00000000d5f00000,0x00000000fae00000)
  from space 34816K, 23% used [0x00000000fd800000,0x00000000fdffbea8,0x00000000ffa00000)
  to   space 38912K, 0% used [0x00000000fae00000,0x00000000fae00000,0x00000000fd400000)
 ParOldGen       total 401408K, used 290592K [0x0000000081c00000, 0x000000009a400000, 0x00000000d5f00000)
  object space 401408K, 72% used [0x0000000081c00000,0x00000000937c81d0,0x000000009a400000)
 Metaspace       used 82239K, capacity 90706K, committed 90880K, reserved 1124352K
  class space    used 13339K, capacity 16118K, committed 16128K, reserved 1048576K
}
Event: 129.245 GC heap before
{Heap before GC invocations=169 (full 6):
 PSYoungGen      total 640000K, used 613359K [0x00000000d5f00000, 0x00000000ffa00000, 0x0000000100000000)
  eden space 605184K, 100% used [0x00000000d5f00000,0x00000000fae00000,0x00000000fae00000)
  from space 34816K, 23% used [0x00000000fd800000,0x00000000fdffbea8,0x00000000ffa00000)
  to   space 38912K, 0% used [0x00000000fae00000,0x00000000fae00000,0x00000000fd400000)
 ParOldGen       total 401408K, used 290592K [0x0000000081c00000, 0x000000009a400000, 0x00000000d5f00000)
  object space 401408K, 72% used [0x0000000081c00000,0x00000000937c81d0,0x000000009a400000)
 Metaspace       used 82331K, capacity 90870K, committed 91008K, reserved 1124352K
  class space    used 13349K, capacity 16132K, committed 16256K, reserved 1048576K
Event: 129.261 GC heap after
Heap after GC invocations=169 (full 6):
 PSYoungGen      total 644096K, used 10468K [0x00000000d5f00000, 0x00000000fff00000, 0x0000000100000000)
  eden space 605184K, 0% used [0x00000000d5f00000,0x00000000d5f00000,0x00000000fae00000)
  from space 38912K, 26% used [0x00000000fae00000,0x00000000fb8391c8,0x00000000fd400000)
  to   space 36352K, 0% used [0x00000000fdb80000,0x00000000fdb80000,0x00000000fff00000)
 ParOldGen       total 401408K, used 290744K [0x0000000081c00000, 0x000000009a400000, 0x00000000d5f00000)
  object space 401408K, 72% used [0x0000000081c00000,0x00000000937ee1d0,0x000000009a400000)
 Metaspace       used 82331K, capacity 90870K, committed 91008K, reserved 1124352K
  class space    used 13349K, capacity 16132K, committed 16256K, reserved 1048576K
}
Event: 130.376 GC heap before
{Heap before GC invocations=170 (full 6):
 PSYoungGen      total 644096K, used 615652K [0x00000000d5f00000, 0x00000000fff00000, 0x0000000100000000)
  eden space 605184K, 100% used [0x00000000d5f00000,0x00000000fae00000,0x00000000fae00000)
  from space 38912K, 26% used [0x00000000fae00000,0x00000000fb8391c8,0x00000000fd400000)
  to   space 36352K, 0% used [0x00000000fdb80000,0x00000000fdb80000,0x00000000fff00000)
 ParOldGen       total 401408K, used 290744K [0x0000000081c00000, 0x000000009a400000, 0x00000000d5f00000)
  object space 401408K, 72% used [0x0000000081c00000,0x00000000937ee1d0,0x000000009a400000)
 Metaspace       used 82357K, capacity 90898K, committed 91264K, reserved 1124352K
  class space    used 13353K, capacity 16138K, committed 16256K, reserved 1048576K
Event: 130.392 GC heap after
Heap after GC invocations=170 (full 6):
 PSYoungGen      total 645632K, used 8604K [0x00000000d5f00000, 0x00000000ffa80000, 0x0000000100000000)
  eden space 613888K, 0% used [0x00000000d5f00000,0x00000000d5f00000,0x00000000fb680000)
  from space 31744K, 27% used [0x00000000fdb80000,0x00000000fe3e7328,0x00000000ffa80000)
  to   space 34816K, 0% used [0x00000000fb680000,0x00000000fb680000,0x00000000fd880000)
 ParOldGen       total 401408K, used 290888K [0x0000000081c00000, 0x000000009a400000, 0x00000000d5f00000)
  object space 401408K, 72% used [0x0000000081c00000,0x00000000938121d0,0x000000009a400000)
 Metaspace       used 82357K, capacity 90898K, committed 91264K, reserved 1124352K
  class space    used 13353K, capacity 16138K, committed 16256K, reserved 1048576K
}
Event: 131.601 GC heap before
{Heap before GC invocations=171 (full 6):
 PSYoungGen      total 645632K, used 622492K [0x00000000d5f00000, 0x00000000ffa80000, 0x0000000100000000)
  eden space 613888K, 100% used [0x00000000d5f00000,0x00000000fb680000,0x00000000fb680000)
  from space 31744K, 27% used [0x00000000fdb80000,0x00000000fe3e7328,0x00000000ffa80000)
  to   space 34816K, 0% used [0x00000000fb680000,0x00000000fb680000,0x00000000fd880000)
 ParOldGen       total 401408K, used 290976K [0x0000000081c00000, 0x000000009a400000, 0x00000000d5f00000)
  object space 401408K, 72% used [0x0000000081c00000,0x0000000093828018,0x000000009a400000)
 Metaspace       used 82393K, capacity 90982K, committed 91264K, reserved 1124352K
  class space    used 13353K, capacity 16138K, committed 16256K, reserved 1048576K
Event: 131.616 GC heap after
Heap after GC invocations=171 (full 6):
 PSYoungGen      total 648704K, used 10573K [0x00000000d5f00000, 0x00000000fff00000, 0x0000000100000000)
  eden space 613888K, 0% used [0x00000000d5f00000,0x00000000d5f00000,0x00000000fb680000)
  from space 34816K, 30% used [0x00000000fb680000,0x00000000fc0d3570,0x00000000fd880000)
  to   space 32768K, 0% used [0x00000000fdf00000,0x00000000fdf00000,0x00000000fff00000)
 ParOldGen       total 401408K, used 291264K [0x0000000081c00000, 0x000000009a400000, 0x00000000d5f00000)
  object space 401408K, 72% used [0x0000000081c00000,0x0000000093870028,0x000000009a400000)
 Metaspace       used 82393K, capacity 90982K, committed 91264K, reserved 1124352K
  class space    used 13353K, capacity 16138K, committed 16256K, reserved 1048576K
}

