# JRE version: Java(TM) SE Runtime Environment (8.0_51-b16) (build 1.8.0_51-b16)
# Java VM: Java HotSpot(TM) 64-Bit Server VM (25.51-b03 mixed mode windows-amd64 compressed oops)
Heap:
 PSYoungGen      total 621568K, used 578388K [0x00000000d5f00000, 0x00000000ffd00000, 0x0000000100000000)
  eden space 559104K, 98% used [0x00000000d5f00000,0x00000000f7af25a0,0x00000000f8100000)
  from space 62464K, 40% used [0x00000000fc000000,0x00000000fd8e2d30,0x00000000ffd00000)
  to   space 63488K, 0% used [0x00000000f8100000,0x00000000f8100000,0x00000000fbf00000)
 ParOldGen       total 375808K, used 289231K [0x0000000081c00000, 0x0000000098b00000, 0x00000000d5f00000)
  object space 375808K, 76% used [0x0000000081c00000,0x0000000093673c18,0x0000000098b00000)
 Metaspace       used 74987K, capacity 82496K, committed 82688K, reserved 1118208K
  class space    used 11738K, capacity 14057K, committed 14080K, reserved 1048576K
GC Heap History (10 events):
Event: 74.954 GC heap before
{Heap before GC invocations=96 (full 6):
 PSYoungGen      total 620544K, used 589260K [0x00000000d5f00000, 0x00000000ffd80000, 0x0000000100000000)
  eden space 554496K, 100% used [0x00000000d5f00000,0x00000000f7c80000,0x00000000f7c80000)
  from space 66048K, 52% used [0x00000000f7c80000,0x00000000f9e73020,0x00000000fbd00000)
  to   space 62976K, 0% used [0x00000000fc000000,0x00000000fc000000,0x00000000ffd80000)
 ParOldGen       total 375808K, used 281182K [0x0000000081c00000, 0x0000000098b00000, 0x00000000d5f00000)
  object space 375808K, 74% used [0x0000000081c00000,0x0000000092e978d8,0x0000000098b00000)
 Metaspace       used 71853K, capacity 78910K, committed 79104K, reserved 1114112K
  class space    used 11265K, capacity 13462K, committed 13568K, reserved 1048576K
Event: 75.039 GC heap after
Heap after GC invocations=96 (full 6):
 PSYoungGen      total 619520K, used 37998K [0x00000000d5f00000, 0x00000000ffa00000, 0x0000000100000000)
  eden space 560128K, 0% used [0x00000000d5f00000,0x00000000d5f00000,0x00000000f8200000)
  from space 59392K, 63% used [0x00000000fc000000,0x00000000fe51b900,0x00000000ffa00000)
  to   space 61440K, 0% used [0x00000000f8200000,0x00000000f8200000,0x00000000fbe00000)
 ParOldGen       total 375808K, used 281639K [0x0000000081c00000, 0x0000000098b00000, 0x00000000d5f00000)
  object space 375808K, 74% used [0x0000000081c00000,0x0000000092f09f20,0x0000000098b00000)
 Metaspace       used 71853K, capacity 78910K, committed 79104K, reserved 1114112K
  class space    used 11265K, capacity 13462K, committed 13568K, reserved 1048576K
}
Event: 75.547 GC heap before
{Heap before GC invocations=97 (full 6):
 PSYoungGen      total 619520K, used 598126K [0x00000000d5f00000, 0x00000000ffa00000, 0x0000000100000000)
  eden space 560128K, 100% used [0x00000000d5f00000,0x00000000f8200000,0x00000000f8200000)
  from space 59392K, 63% used [0x00000000fc000000,0x00000000fe51b900,0x00000000ffa00000)
  to   space 61440K, 0% used [0x00000000f8200000,0x00000000f8200000,0x00000000fbe00000)
 ParOldGen       total 375808K, used 281640K [0x0000000081c00000, 0x0000000098b00000, 0x00000000d5f00000)
  object space 375808K, 74% used [0x0000000081c00000,0x0000000092f0a318,0x0000000098b00000)
 Metaspace       used 72272K, capacity 79376K, committed 79616K, reserved 1116160K
  class space    used 11337K, capacity 13541K, committed 13568K, reserved 1048576K
Event: 75.669 GC heap after
Heap after GC invocations=97 (full 6):
 PSYoungGen      total 621568K, used 54473K [0x00000000d5f00000, 0x0000000100000000, 0x0000000100000000)
  eden space 560128K, 0% used [0x00000000d5f00000,0x00000000d5f00000,0x00000000f8200000)
  from space 61440K, 88% used [0x00000000f8200000,0x00000000fb732548,0x00000000fbe00000)
  to   space 65536K, 0% used [0x00000000fc000000,0x00000000fc000000,0x0000000100000000)
 ParOldGen       total 375808K, used 282464K [0x0000000081c00000, 0x0000000098b00000, 0x00000000d5f00000)
  object space 375808K, 75% used [0x0000000081c00000,0x0000000092fd8338,0x0000000098b00000)
 Metaspace       used 72272K, capacity 79376K, committed 79616K, reserved 1116160K
  class space    used 11337K, capacity 13541K, committed 13568K, reserved 1048576K
}
Event: 76.230 GC heap before
{Heap before GC invocations=98 (full 6):
 PSYoungGen      total 621568K, used 614601K [0x00000000d5f00000, 0x0000000100000000, 0x0000000100000000)
  eden space 560128K, 100% used [0x00000000d5f00000,0x00000000f8200000,0x00000000f8200000)
  from space 61440K, 88% used [0x00000000f8200000,0x00000000fb732548,0x00000000fbe00000)
  to   space 65536K, 0% used [0x00000000fc000000,0x00000000fc000000,0x0000000100000000)
 ParOldGen       total 375808K, used 282464K [0x0000000081c00000, 0x0000000098b00000, 0x00000000d5f00000)
  object space 375808K, 75% used [0x0000000081c00000,0x0000000092fd8338,0x0000000098b00000)
 Metaspace       used 73302K, capacity 80634K, committed 80896K, reserved 1116160K
  class space    used 11483K, capacity 13774K, committed 13824K, reserved 1048576K
Event: 76.296 GC heap after
Heap after GC invocations=98 (full 6):
 PSYoungGen      total 624128K, used 26661K [0x00000000d5f00000, 0x0000000100000000, 0x0000000100000000)
  eden space 558592K, 0% used [0x00000000d5f00000,0x00000000d5f00000,0x00000000f8080000)
  from space 65536K, 40% used [0x00000000fc000000,0x00000000fda096c8,0x0000000100000000)
  to   space 65024K, 0% used [0x00000000f8080000,0x00000000f8080000,0x00000000fc000000)
 ParOldGen       total 375808K, used 284188K [0x0000000081c00000, 0x0000000098b00000, 0x00000000d5f00000)
  object space 375808K, 75% used [0x0000000081c00000,0x0000000093187058,0x0000000098b00000)
 Metaspace       used 73302K, capacity 80634K, committed 80896K, reserved 1116160K
  class space    used 11483K, capacity 13774K, committed 13824K, reserved 1048576K
}
Event: 77.439 GC heap before
{Heap before GC invocations=99 (full 6):
 PSYoungGen      total 624128K, used 585253K [0x00000000d5f00000, 0x0000000100000000, 0x0000000100000000)
  eden space 558592K, 100% used [0x00000000d5f00000,0x00000000f8080000,0x00000000f8080000)
  from space 65536K, 40% used [0x00000000fc000000,0x00000000fda096c8,0x0000000100000000)
  to   space 65024K, 0% used [0x00000000f8080000,0x00000000f8080000,0x00000000fc000000)
 ParOldGen       total 375808K, used 284188K [0x0000000081c00000, 0x0000000098b00000, 0x00000000d5f00000)
  object space 375808K, 75% used [0x0000000081c00000,0x0000000093187058,0x0000000098b00000)
 Metaspace       used 74127K, capacity 81506K, committed 81792K, reserved 1118208K
  class space    used 11604K, capacity 13920K, committed 13952K, reserved 1048576K
Event: 77.504 GC heap after
Heap after GC invocations=99 (full 6):
 PSYoungGen      total 623616K, used 19204K [0x00000000d5f00000, 0x00000000fff80000, 0x0000000100000000)
  eden space 558592K, 0% used [0x00000000d5f00000,0x00000000d5f00000,0x00000000f8080000)
  from space 65024K, 29% used [0x00000000f8080000,0x00000000f93413d0,0x00000000fc000000)
  to   space 65024K, 0% used [0x00000000fc000000,0x00000000fc000000,0x00000000fff80000)
 ParOldGen       total 375808K, used 286857K [0x0000000081c00000, 0x0000000098b00000, 0x00000000d5f00000)
  object space 375808K, 76% used [0x0000000081c00000,0x00000000934227a0,0x0000000098b00000)
 Metaspace       used 74127K, capacity 81506K, committed 81792K, reserved 1118208K
  class space    used 11604K, capacity 13920K, committed 13952K, reserved 1048576K
}
Event: 78.084 GC heap before
{Heap before GC invocations=100 (full 6):
 PSYoungGen      total 623616K, used 577796K [0x00000000d5f00000, 0x00000000fff80000, 0x0000000100000000)
  eden space 558592K, 100% used [0x00000000d5f00000,0x00000000f8080000,0x00000000f8080000)
  from space 65024K, 29% used [0x00000000f8080000,0x00000000f93413d0,0x00000000fc000000)
  to   space 65024K, 0% used [0x00000000fc000000,0x00000000fc000000,0x00000000fff80000)
 ParOldGen       total 375808K, used 286857K [0x0000000081c00000, 0x0000000098b00000, 0x00000000d5f00000)
  object space 375808K, 76% used [0x0000000081c00000,0x00000000934227a0,0x0000000098b00000)
 Metaspace       used 74669K, capacity 82126K, committed 82432K, reserved 1118208K
  class space    used 11683K, capacity 14000K, committed 14080K, reserved 1048576K
Event: 78.142 GC heap after
Heap after GC invocations=100 (full 6):
 PSYoungGen      total 621568K, used 25483K [0x00000000d5f00000, 0x00000000ffd00000, 0x0000000100000000)
  eden space 559104K, 0% used [0x00000000d5f00000,0x00000000d5f00000,0x00000000f8100000)
  from space 62464K, 40% used [0x00000000fc000000,0x00000000fd8e2d30,0x00000000ffd00000)
  to   space 63488K, 0% used [0x00000000f8100000,0x00000000f8100000,0x00000000fbf00000)
 ParOldGen       total 375808K, used 289231K [0x0000000081c00000, 0x0000000098b00000, 0x00000000d5f00000)
  object space 375808K, 76% used [0x0000000081c00000,0x0000000093673c18,0x0000000098b00000)
 Metaspace       used 74669K, capacity 82126K, committed 82432K, reserved 1118208K
  class space    used 11683K, capacity 14000K, committed 14080K, reserved 1048576K
}

