# JRE version: Java(TM) SE Runtime Environment (8.0_51-b16) (build 1.8.0_51-b16)
# Java VM: Java HotSpot(TM) 64-Bit Server VM (25.51-b03 mixed mode windows-amd64 compressed oops)
Heap:
 PSYoungGen      total 619520K, used 57663K [0x00000000d5f00000, 0x0000000100000000, 0x0000000100000000)
  eden space 548864K, 9% used [0x00000000d5f00000,0x00000000d91024f0,0x00000000f7700000)
  from space 70656K, 9% used [0x00000000fbb00000,0x00000000fc14d9d8,0x0000000100000000)
  to   space 69632K, 0% used [0x00000000f7700000,0x00000000f7700000,0x00000000fbb00000)
 ParOldGen       total 413184K, used 385211K [0x0000000081c00000, 0x000000009af80000, 0x00000000d5f00000)
  object space 413184K, 93% used [0x0000000081c00000,0x000000009942ec08,0x000000009af80000)
 Metaspace       used 66570K, capacity 72714K, committed 72832K, reserved 1110016K
  class space    used 10278K, capacity 12120K, committed 12160K, reserved 1048576K
GC Heap History (10 events):
Event: 61.198 GC heap before
{Heap before GC invocations=77 (full 5):
 PSYoungGen      total 603136K, used 602939K [0x00000000d5f00000, 0x00000000ffc80000, 0x0000000100000000)
  eden space 560640K, 100% used [0x00000000d5f00000,0x00000000f8280000,0x00000000f8280000)
  from space 42496K, 99% used [0x00000000f8280000,0x00000000fabcefe0,0x00000000fac00000)
  to   space 62464K, 0% used [0x00000000fbf80000,0x00000000fbf80000,0x00000000ffc80000)
 ParOldGen       total 413184K, used 376699K [0x0000000081c00000, 0x000000009af80000, 0x00000000d5f00000)
  object space 413184K, 91% used [0x0000000081c00000,0x0000000098bded68,0x000000009af80000)
 Metaspace       used 66324K, capacity 72238K, committed 72448K, reserved 1110016K
  class space    used 10248K, capacity 12022K, committed 12032K, reserved 1048576K
Event: 61.206 GC heap after
Heap after GC invocations=77 (full 5):
 PSYoungGen      total 618496K, used 1758K [0x00000000d5f00000, 0x0000000100000000, 0x0000000100000000)
  eden space 556032K, 0% used [0x00000000d5f00000,0x00000000d5f00000,0x00000000f7e00000)
  from space 62464K, 2% used [0x00000000fbf80000,0x00000000fc137928,0x00000000ffc80000)
  to   space 66560K, 0% used [0x00000000f7e00000,0x00000000f7e00000,0x00000000fbf00000)
 ParOldGen       total 413184K, used 378115K [0x0000000081c00000, 0x000000009af80000, 0x00000000d5f00000)
  object space 413184K, 91% used [0x0000000081c00000,0x0000000098d40d68,0x000000009af80000)
 Metaspace       used 66324K, capacity 72238K, committed 72448K, reserved 1110016K
  class space    used 10248K, capacity 12022K, committed 12032K, reserved 1048576K
}
Event: 61.885 GC heap before
{Heap before GC invocations=78 (full 5):
 PSYoungGen      total 618496K, used 557790K [0x00000000d5f00000, 0x0000000100000000, 0x0000000100000000)
  eden space 556032K, 100% used [0x00000000d5f00000,0x00000000f7e00000,0x00000000f7e00000)
  from space 62464K, 2% used [0x00000000fbf80000,0x00000000fc137928,0x00000000ffc80000)
  to   space 66560K, 0% used [0x00000000f7e00000,0x00000000f7e00000,0x00000000fbf00000)
 ParOldGen       total 413184K, used 378870K [0x0000000081c00000, 0x000000009af80000, 0x00000000d5f00000)
  object space 413184K, 91% used [0x0000000081c00000,0x0000000098dfda50,0x000000009af80000)
 Metaspace       used 66343K, capacity 72330K, committed 72448K, reserved 1110016K
  class space    used 10248K, capacity 12022K, committed 12032K, reserved 1048576K
Event: 61.898 GC heap after
Heap after GC invocations=78 (full 5):
 PSYoungGen      total 561152K, used 4960K [0x00000000d5f00000, 0x0000000100000000, 0x0000000100000000)
  eden space 556032K, 0% used [0x00000000d5f00000,0x00000000d5f00000,0x00000000f7e00000)
  from space 5120K, 96% used [0x00000000f7e00000,0x00000000f82d8000,0x00000000f8300000)
  to   space 68608K, 0% used [0x00000000fbd00000,0x00000000fbd00000,0x0000000100000000)
 ParOldGen       total 413184K, used 379710K [0x0000000081c00000, 0x000000009af80000, 0x00000000d5f00000)
  object space 413184K, 91% used [0x0000000081c00000,0x0000000098ecfa50,0x000000009af80000)
 Metaspace       used 66343K, capacity 72330K, committed 72448K, reserved 1110016K
  class space    used 10248K, capacity 12022K, committed 12032K, reserved 1048576K
}
Event: 62.470 GC heap before
{Heap before GC invocations=79 (full 5):
 PSYoungGen      total 561152K, used 560992K [0x00000000d5f00000, 0x0000000100000000, 0x0000000100000000)
  eden space 556032K, 100% used [0x00000000d5f00000,0x00000000f7e00000,0x00000000f7e00000)
  from space 5120K, 96% used [0x00000000f7e00000,0x00000000f82d8000,0x00000000f8300000)
  to   space 68608K, 0% used [0x00000000fbd00000,0x00000000fbd00000,0x0000000100000000)
 ParOldGen       total 413184K, used 380314K [0x0000000081c00000, 0x000000009af80000, 0x00000000d5f00000)
  object space 413184K, 92% used [0x0000000081c00000,0x0000000098f669b0,0x000000009af80000)
 Metaspace       used 66363K, capacity 72382K, committed 72448K, reserved 1110016K
  class space    used 10248K, capacity 12022K, committed 12032K, reserved 1048576K
Event: 62.482 GC heap after
Heap after GC invocations=79 (full 5):
 PSYoungGen      total 617472K, used 384K [0x00000000d5f00000, 0x0000000100000000, 0x0000000100000000)
  eden space 548864K, 0% used [0x00000000d5f00000,0x00000000d5f00000,0x00000000f7700000)
  from space 68608K, 0% used [0x00000000fbd00000,0x00000000fbd60000,0x0000000100000000)
  to   space 70144K, 0% used [0x00000000f7700000,0x00000000f7700000,0x00000000fbb80000)
 ParOldGen       total 413184K, used 385210K [0x0000000081c00000, 0x000000009af80000, 0x00000000d5f00000)
  object space 413184K, 93% used [0x0000000081c00000,0x000000009942e9b0,0x000000009af80000)
 Metaspace       used 66363K, capacity 72382K, committed 72448K, reserved 1110016K
  class space    used 10248K, capacity 12022K, committed 12032K, reserved 1048576K
}
Event: 63.124 GC heap before
{Heap before GC invocations=80 (full 5):
 PSYoungGen      total 617472K, used 549248K [0x00000000d5f00000, 0x0000000100000000, 0x0000000100000000)
  eden space 548864K, 100% used [0x00000000d5f00000,0x00000000f7700000,0x00000000f7700000)
  from space 68608K, 0% used [0x00000000fbd00000,0x00000000fbd60000,0x0000000100000000)
  to   space 70144K, 0% used [0x00000000f7700000,0x00000000f7700000,0x00000000fbb80000)
 ParOldGen       total 413184K, used 385211K [0x0000000081c00000, 0x000000009af80000, 0x00000000d5f00000)
  object space 413184K, 93% used [0x0000000081c00000,0x000000009942ec08,0x000000009af80000)
 Metaspace       used 66375K, capacity 72406K, committed 72448K, reserved 1110016K
  class space    used 10248K, capacity 12022K, committed 12032K, reserved 1048576K
Event: 63.128 GC heap after
Heap after GC invocations=80 (full 5):
 PSYoungGen      total 549888K, used 800K [0x00000000d5f00000, 0x0000000100000000, 0x0000000100000000)
  eden space 548864K, 0% used [0x00000000d5f00000,0x00000000d5f00000,0x00000000f7700000)
  from space 1024K, 78% used [0x00000000f7700000,0x00000000f77c8000,0x00000000f7800000)
  to   space 70656K, 0% used [0x00000000fbb00000,0x00000000fbb00000,0x0000000100000000)
 ParOldGen       total 413184K, used 385211K [0x0000000081c00000, 0x000000009af80000, 0x00000000d5f00000)
  object space 413184K, 93% used [0x0000000081c00000,0x000000009942ec08,0x000000009af80000)
 Metaspace       used 66375K, capacity 72406K, committed 72448K, reserved 1110016K
  class space    used 10248K, capacity 12022K, committed 12032K, reserved 1048576K
}
Event: 63.973 GC heap before
{Heap before GC invocations=81 (full 5):
 PSYoungGen      total 549888K, used 549664K [0x00000000d5f00000, 0x0000000100000000, 0x0000000100000000)
  eden space 548864K, 100% used [0x00000000d5f00000,0x00000000f7700000,0x00000000f7700000)
  from space 1024K, 78% used [0x00000000f7700000,0x00000000f77c8000,0x00000000f7800000)
  to   space 70656K, 0% used [0x00000000fbb00000,0x00000000fbb00000,0x0000000100000000)
 ParOldGen       total 413184K, used 385211K [0x0000000081c00000, 0x000000009af80000, 0x00000000d5f00000)
  object space 413184K, 93% used [0x0000000081c00000,0x000000009942ec08,0x000000009af80000)
 Metaspace       used 66446K, capacity 72626K, committed 72832K, reserved 1110016K
  class space    used 10263K, capacity 12102K, committed 12160K, reserved 1048576K
Event: 63.986 GC heap after
Heap after GC invocations=81 (full 5):
 PSYoungGen      total 619520K, used 6454K [0x00000000d5f00000, 0x0000000100000000, 0x0000000100000000)
  eden space 548864K, 0% used [0x00000000d5f00000,0x00000000d5f00000,0x00000000f7700000)
  from space 70656K, 9% used [0x00000000fbb00000,0x00000000fc14d9d8,0x0000000100000000)
  to   space 69632K, 0% used [0x00000000f7700000,0x00000000f7700000,0x00000000fbb00000)
 ParOldGen       total 413184K, used 385211K [0x0000000081c00000, 0x000000009af80000, 0x00000000d5f00000)
  object space 413184K, 93% used [0x0000000081c00000,0x000000009942ec08,0x000000009af80000)
 Metaspace       used 66446K, capacity 72626K, committed 72832K, reserved 1110016K
  class space    used 10263K, capacity 12102K, committed 12160K, reserved 1048576K
}

