# JRE version: Java(TM) SE Runtime Environment (8.0_51-b16) (build 1.8.0_51-b16)
# Java VM: Java HotSpot(TM) 64-Bit Server VM (25.51-b03 mixed mode windows-amd64 compressed oops)
Heap:
 PSYoungGen      total 601088K, used 284126K [0x00000000d5f00000, 0x0000000100000000, 0x0000000100000000)
  eden space 562176K, 43% used [0x00000000d5f00000,0x00000000e4e78b88,0x00000000f8400000)
  from space 38912K, 99% used [0x00000000fd980000,0x00000000fff7edb8,0x00000000fff80000)
  to   space 63488K, 0% used [0x00000000f8400000,0x00000000f8400000,0x00000000fc200000)
 ParOldGen       total 381440K, used 323305K [0x0000000081c00000, 0x0000000099080000, 0x00000000d5f00000)
  object space 381440K, 84% used [0x0000000081c00000,0x00000000957ba7a0,0x0000000099080000)
 Metaspace       used 80907K, capacity 89728K, committed 89984K, reserved 1124352K
  class space    used 12919K, capacity 15623K, committed 15744K, reserved 1048576K
GC Heap History (10 events):
Event: 116.277 GC heap before
{Heap before GC invocations=149 (full 7):
 PSYoungGen      total 651776K, used 615424K [0x00000000d5f00000, 0x00000000fff00000, 0x0000000100000000)
  eden space 615424K, 100% used [0x00000000d5f00000,0x00000000fb800000,0x00000000fb800000)
  from space 36352K, 0% used [0x00000000fb800000,0x00000000fb800000,0x00000000fdb80000)
  to   space 35840K, 0% used [0x00000000fdc00000,0x00000000fdc00000,0x00000000fff00000)
 ParOldGen       total 381440K, used 274858K [0x0000000081c00000, 0x0000000099080000, 0x00000000d5f00000)
  object space 381440K, 72% used [0x0000000081c00000,0x000000009286a9f0,0x0000000099080000)
 Metaspace       used 79393K, capacity 87896K, committed 88192K, reserved 1122304K
  class space    used 12713K, capacity 15379K, committed 15488K, reserved 1048576K
Event: 116.281 GC heap after
Heap after GC invocations=149 (full 7):
 PSYoungGen      total 650240K, used 480K [0x00000000d5f00000, 0x0000000100000000, 0x0000000100000000)
  eden space 614400K, 0% used [0x00000000d5f00000,0x00000000d5f00000,0x00000000fb700000)
  from space 35840K, 1% used [0x00000000fdc00000,0x00000000fdc78000,0x00000000fff00000)
  to   space 37376K, 0% used [0x00000000fb700000,0x00000000fb700000,0x00000000fdb80000)
 ParOldGen       total 381440K, used 274866K [0x0000000081c00000, 0x0000000099080000, 0x00000000d5f00000)
  object space 381440K, 72% used [0x0000000081c00000,0x000000009286c9f0,0x0000000099080000)
 Metaspace       used 79393K, capacity 87896K, committed 88192K, reserved 1122304K
  class space    used 12713K, capacity 15379K, committed 15488K, reserved 1048576K
}
Event: 117.354 GC heap before
{Heap before GC invocations=150 (full 7):
 PSYoungGen      total 650240K, used 614880K [0x00000000d5f00000, 0x0000000100000000, 0x0000000100000000)
  eden space 614400K, 100% used [0x00000000d5f00000,0x00000000fb700000,0x00000000fb700000)
  from space 35840K, 1% used [0x00000000fdc00000,0x00000000fdc78000,0x00000000fff00000)
  to   space 37376K, 0% used [0x00000000fb700000,0x00000000fb700000,0x00000000fdb80000)
 ParOldGen       total 381440K, used 274866K [0x0000000081c00000, 0x0000000099080000, 0x00000000d5f00000)
  object space 381440K, 72% used [0x0000000081c00000,0x000000009286c9f0,0x0000000099080000)
 Metaspace       used 79400K, capacity 87896K, committed 88192K, reserved 1122304K
  class space    used 12713K, capacity 15379K, committed 15488K, reserved 1048576K
Event: 117.359 GC heap after
Heap after GC invocations=150 (full 7):
 PSYoungGen      total 615424K, used 896K [0x00000000d5f00000, 0x0000000100000000, 0x0000000100000000)
  eden space 614400K, 0% used [0x00000000d5f00000,0x00000000d5f00000,0x00000000fb700000)
  from space 1024K, 87% used [0x00000000fb700000,0x00000000fb7e0000,0x00000000fb800000)
  to   space 38912K, 0% used [0x00000000fda00000,0x00000000fda00000,0x0000000100000000)
 ParOldGen       total 381440K, used 274874K [0x0000000081c00000, 0x0000000099080000, 0x00000000d5f00000)
  object space 381440K, 72% used [0x0000000081c00000,0x000000009286e9f0,0x0000000099080000)
 Metaspace       used 79400K, capacity 87896K, committed 88192K, reserved 1122304K
  class space    used 12713K, capacity 15379K, committed 15488K, reserved 1048576K
}
Event: 118.419 GC heap before
{Heap before GC invocations=151 (full 7):
 PSYoungGen      total 615424K, used 615296K [0x00000000d5f00000, 0x0000000100000000, 0x0000000100000000)
  eden space 614400K, 100% used [0x00000000d5f00000,0x00000000fb700000,0x00000000fb700000)
  from space 1024K, 87% used [0x00000000fb700000,0x00000000fb7e0000,0x00000000fb800000)
  to   space 38912K, 0% used [0x00000000fda00000,0x00000000fda00000,0x0000000100000000)
 ParOldGen       total 381440K, used 275197K [0x0000000081c00000, 0x0000000099080000, 0x00000000d5f00000)
  object space 381440K, 72% used [0x0000000081c00000,0x00000000928bf4f8,0x0000000099080000)
 Metaspace       used 79400K, capacity 87896K, committed 88192K, reserved 1122304K
  class space    used 12713K, capacity 15379K, committed 15488K, reserved 1048576K
Event: 118.425 GC heap after
Heap after GC invocations=151 (full 7):
 PSYoungGen      total 649216K, used 1312K [0x00000000d5f00000, 0x0000000100000000, 0x0000000100000000)
  eden space 610304K, 0% used [0x00000000d5f00000,0x00000000d5f00000,0x00000000fb300000)
  from space 38912K, 3% used [0x00000000fda00000,0x00000000fdb48000,0x0000000100000000)
  to   space 39424K, 0% used [0x00000000fb300000,0x00000000fb300000,0x00000000fd980000)
 ParOldGen       total 381440K, used 275197K [0x0000000081c00000, 0x0000000099080000, 0x00000000d5f00000)
  object space 381440K, 72% used [0x0000000081c00000,0x00000000928bf4f8,0x0000000099080000)
 Metaspace       used 79400K, capacity 87896K, committed 88192K, reserved 1122304K
  class space    used 12713K, capacity 15379K, committed 15488K, reserved 1048576K
}
Event: 123.487 GC heap before
{Heap before GC invocations=152 (full 7):
 PSYoungGen      total 649216K, used 611616K [0x00000000d5f00000, 0x0000000100000000, 0x0000000100000000)
  eden space 610304K, 100% used [0x00000000d5f00000,0x00000000fb300000,0x00000000fb300000)
  from space 38912K, 3% used [0x00000000fda00000,0x00000000fdb48000,0x0000000100000000)
  to   space 39424K, 0% used [0x00000000fb300000,0x00000000fb300000,0x00000000fd980000)
 ParOldGen       total 381440K, used 275217K [0x0000000081c00000, 0x0000000099080000, 0x00000000d5f00000)
  object space 381440K, 72% used [0x0000000081c00000,0x00000000928c4410,0x0000000099080000)
 Metaspace       used 79420K, capacity 87912K, committed 88192K, reserved 1122304K
  class space    used 12714K, capacity 15379K, committed 15488K, reserved 1048576K
Event: 123.496 GC heap after
Heap after GC invocations=152 (full 7):
 PSYoungGen      total 649728K, used 4337K [0x00000000d5f00000, 0x00000000fff80000, 0x0000000100000000)
  eden space 610304K, 0% used [0x00000000d5f00000,0x00000000d5f00000,0x00000000fb300000)
  from space 39424K, 11% used [0x00000000fb300000,0x00000000fb73c678,0x00000000fd980000)
  to   space 38912K, 0% used [0x00000000fd980000,0x00000000fd980000,0x00000000fff80000)
 ParOldGen       total 381440K, used 275225K [0x0000000081c00000, 0x0000000099080000, 0x00000000d5f00000)
  object space 381440K, 72% used [0x0000000081c00000,0x00000000928c6410,0x0000000099080000)
 Metaspace       used 79420K, capacity 87912K, committed 88192K, reserved 1122304K
  class space    used 12714K, capacity 15379K, committed 15488K, reserved 1048576K
}
Event: 129.196 GC heap before
{Heap before GC invocations=153 (full 7):
 PSYoungGen      total 649728K, used 614641K [0x00000000d5f00000, 0x00000000fff80000, 0x0000000100000000)
  eden space 610304K, 100% used [0x00000000d5f00000,0x00000000fb300000,0x00000000fb300000)
  from space 39424K, 11% used [0x00000000fb300000,0x00000000fb73c678,0x00000000fd980000)
  to   space 38912K, 0% used [0x00000000fd980000,0x00000000fd980000,0x00000000fff80000)
 ParOldGen       total 381440K, used 275227K [0x0000000081c00000, 0x0000000099080000, 0x00000000d5f00000)
  object space 381440K, 72% used [0x0000000081c00000,0x00000000928c6d28,0x0000000099080000)
 Metaspace       used 80693K, capacity 89454K, committed 89600K, reserved 1124352K
  class space    used 12892K, capacity 15610K, committed 15616K, reserved 1048576K
Event: 129.326 GC heap after
Heap after GC invocations=153 (full 7):
 PSYoungGen      total 601088K, used 38907K [0x00000000d5f00000, 0x0000000100000000, 0x0000000100000000)
  eden space 562176K, 0% used [0x00000000d5f00000,0x00000000d5f00000,0x00000000f8400000)
  from space 38912K, 99% used [0x00000000fd980000,0x00000000fff7edb8,0x00000000fff80000)
  to   space 63488K, 0% used [0x00000000f8400000,0x00000000f8400000,0x00000000fc200000)
 ParOldGen       total 381440K, used 323305K [0x0000000081c00000, 0x0000000099080000, 0x00000000d5f00000)
  object space 381440K, 84% used [0x0000000081c00000,0x00000000957ba7a0,0x0000000099080000)
 Metaspace       used 80693K, capacity 89454K, committed 89600K, reserved 1124352K
  class space    used 12892K, capacity 15610K, committed 15616K, reserved 1048576K
}

