# JRE version: Java(TM) SE Runtime Environment (8.0_51-b16) (build 1.8.0_51-b16)
# Java VM: Java HotSpot(TM) 64-Bit Server VM (25.51-b03 mixed mode windows-amd64 compressed oops)
Heap:
 PSYoungGen      total 352256K, used 36423K [0x00000000d5f00000, 0x00000000fda80000, 0x0000000100000000)
  eden space 280064K, 13% used [0x00000000d5f00000,0x00000000d8291ff8,0x00000000e7080000)
  from space 72192K, 0% used [0x00000000e7080000,0x00000000e7080000,0x00000000eb700000)
  to   space 112640K, 0% used [0x00000000f6c80000,0x00000000f6c80000,0x00000000fda80000)
 ParOldGen       total 280064K, used 235932K [0x0000000081c00000, 0x0000000092d80000, 0x00000000d5f00000)
  object space 280064K, 84% used [0x0000000081c00000,0x00000000902671b0,0x0000000092d80000)
 Metaspace       used 43925K, capacity 46955K, committed 47232K, reserved 1089536K
  class space    used 5821K, capacity 6680K, committed 6784K, reserved 1048576K
GC Heap History (10 events):
Event: 42.819 GC heap before
{Heap before GC invocations=20 (full 3):
 PSYoungGen      total 392704K, used 392683K [0x00000000d5f00000, 0x00000000fda80000, 0x0000000100000000)
  eden space 280064K, 100% used [0x00000000d5f00000,0x00000000e7080000,0x00000000e7080000)
  from space 112640K, 99% used [0x00000000f6c80000,0x00000000fda7af68,0x00000000fda80000)
  to   space 72192K, 0% used [0x00000000e7080000,0x00000000e7080000,0x00000000eb700000)
 ParOldGen       total 266240K, used 201800K [0x0000000081c00000, 0x0000000092000000, 0x00000000d5f00000)
  object space 266240K, 75% used [0x0000000081c00000,0x000000008e112090,0x0000000092000000)
 Metaspace       used 41081K, capacity 43541K, committed 43776K, reserved 1087488K
  class space    used 5387K, capacity 6139K, committed 6144K, reserved 1048576K
Event: 43.190 GC heap after
Heap after GC invocations=20 (full 3):
 PSYoungGen      total 352256K, used 72190K [0x00000000d5f00000, 0x00000000fda80000, 0x0000000100000000)
  eden space 280064K, 0% used [0x00000000d5f00000,0x00000000d5f00000,0x00000000e7080000)
  from space 72192K, 99% used [0x00000000e7080000,0x00000000eb6ff848,0x00000000eb700000)
  to   space 112640K, 0% used [0x00000000f6c80000,0x00000000f6c80000,0x00000000fda80000)
 ParOldGen       total 266240K, used 254701K [0x0000000081c00000, 0x0000000092000000, 0x00000000d5f00000)
  object space 266240K, 95% used [0x0000000081c00000,0x00000000914bb400,0x0000000092000000)
 Metaspace       used 41081K, capacity 43541K, committed 43776K, reserved 1087488K
  class space    used 5387K, capacity 6139K, committed 6144K, reserved 1048576K
}
Event: 43.190 GC heap before
{Heap before GC invocations=21 (full 4):
 PSYoungGen      total 352256K, used 72190K [0x00000000d5f00000, 0x00000000fda80000, 0x0000000100000000)
  eden space 280064K, 0% used [0x00000000d5f00000,0x00000000d5f00000,0x00000000e7080000)
  from space 72192K, 99% used [0x00000000e7080000,0x00000000eb6ff848,0x00000000eb700000)
  to   space 112640K, 0% used [0x00000000f6c80000,0x00000000f6c80000,0x00000000fda80000)
 ParOldGen       total 266240K, used 254701K [0x0000000081c00000, 0x0000000092000000, 0x00000000d5f00000)
  object space 266240K, 95% used [0x0000000081c00000,0x00000000914bb400,0x0000000092000000)
 Metaspace       used 41081K, capacity 43541K, committed 43776K, reserved 1087488K
  class space    used 5387K, capacity 6139K, committed 6144K, reserved 1048576K
Event: 43.920 GC heap after
Heap after GC invocations=21 (full 4):
 PSYoungGen      total 352256K, used 0K [0x00000000d5f00000, 0x00000000fda80000, 0x0000000100000000)
  eden space 280064K, 0% used [0x00000000d5f00000,0x00000000d5f00000,0x00000000e7080000)
  from space 72192K, 0% used [0x00000000e7080000,0x00000000e7080000,0x00000000eb700000)
  to   space 112640K, 0% used [0x00000000f6c80000,0x00000000f6c80000,0x00000000fda80000)
 ParOldGen       total 266240K, used 167511K [0x0000000081c00000, 0x0000000092000000, 0x00000000d5f00000)
  object space 266240K, 62% used [0x0000000081c00000,0x000000008bf95f00,0x0000000092000000)
 Metaspace       used 41081K, capacity 43541K, committed 43776K, reserved 1087488K
  class space    used 5387K, capacity 6139K, committed 6144K, reserved 1048576K
}
Event: 46.150 GC heap before
{Heap before GC invocations=22 (full 4):
 PSYoungGen      total 352256K, used 280064K [0x00000000d5f00000, 0x00000000fda80000, 0x0000000100000000)
  eden space 280064K, 100% used [0x00000000d5f00000,0x00000000e7080000,0x00000000e7080000)
  from space 72192K, 0% used [0x00000000e7080000,0x00000000e7080000,0x00000000eb700000)
  to   space 112640K, 0% used [0x00000000f6c80000,0x00000000f6c80000,0x00000000fda80000)
 ParOldGen       total 266240K, used 167514K [0x0000000081c00000, 0x0000000092000000, 0x00000000d5f00000)
  object space 266240K, 62% used [0x0000000081c00000,0x000000008bf96b40,0x0000000092000000)
 Metaspace       used 41757K, capacity 44261K, committed 44416K, reserved 1087488K
  class space    used 5491K, capacity 6233K, committed 6272K, reserved 1048576K
Event: 46.295 GC heap after
Heap after GC invocations=22 (full 4):
 PSYoungGen      total 392704K, used 69361K [0x00000000d5f00000, 0x00000000fda80000, 0x0000000100000000)
  eden space 280064K, 0% used [0x00000000d5f00000,0x00000000d5f00000,0x00000000e7080000)
  from space 112640K, 61% used [0x00000000f6c80000,0x00000000fb03c580,0x00000000fda80000)
  to   space 72192K, 0% used [0x00000000e7080000,0x00000000e7080000,0x00000000eb700000)
 ParOldGen       total 266240K, used 167522K [0x0000000081c00000, 0x0000000092000000, 0x00000000d5f00000)
  object space 266240K, 62% used [0x0000000081c00000,0x000000008bf98b40,0x0000000092000000)
 Metaspace       used 41757K, capacity 44261K, committed 44416K, reserved 1087488K
  class space    used 5491K, capacity 6233K, committed 6272K, reserved 1048576K
}
Event: 49.274 GC heap before
{Heap before GC invocations=23 (full 4):
 PSYoungGen      total 392704K, used 349425K [0x00000000d5f00000, 0x00000000fda80000, 0x0000000100000000)
  eden space 280064K, 100% used [0x00000000d5f00000,0x00000000e7080000,0x00000000e7080000)
  from space 112640K, 61% used [0x00000000f6c80000,0x00000000fb03c580,0x00000000fda80000)
  to   space 72192K, 0% used [0x00000000e7080000,0x00000000e7080000,0x00000000eb700000)
 ParOldGen       total 266240K, used 167522K [0x0000000081c00000, 0x0000000092000000, 0x00000000d5f00000)
  object space 266240K, 62% used [0x0000000081c00000,0x000000008bf98b40,0x0000000092000000)
 Metaspace       used 43641K, capacity 46413K, committed 46592K, reserved 1089536K
  class space    used 5762K, capacity 6573K, committed 6656K, reserved 1048576K
Event: 49.773 GC heap after
Heap after GC invocations=23 (full 4):
 PSYoungGen      total 352256K, used 72173K [0x00000000d5f00000, 0x00000000fda80000, 0x0000000100000000)
  eden space 280064K, 0% used [0x00000000d5f00000,0x00000000d5f00000,0x00000000e7080000)
  from space 72192K, 99% used [0x00000000e7080000,0x00000000eb6fb708,0x00000000eb700000)
  to   space 112640K, 0% used [0x00000000f6c80000,0x00000000f6c80000,0x00000000fda80000)
 ParOldGen       total 280064K, used 279746K [0x0000000081c00000, 0x0000000092d80000, 0x00000000d5f00000)
  object space 280064K, 99% used [0x0000000081c00000,0x0000000092d30a28,0x0000000092d80000)
 Metaspace       used 43641K, capacity 46413K, committed 46592K, reserved 1089536K
  class space    used 5762K, capacity 6573K, committed 6656K, reserved 1048576K
}
Event: 49.773 GC heap before
{Heap before GC invocations=24 (full 5):
 PSYoungGen      total 352256K, used 72173K [0x00000000d5f00000, 0x00000000fda80000, 0x0000000100000000)
  eden space 280064K, 0% used [0x00000000d5f00000,0x00000000d5f00000,0x00000000e7080000)
  from space 72192K, 99% used [0x00000000e7080000,0x00000000eb6fb708,0x00000000eb700000)
  to   space 112640K, 0% used [0x00000000f6c80000,0x00000000f6c80000,0x00000000fda80000)
 ParOldGen       total 280064K, used 279746K [0x0000000081c00000, 0x0000000092d80000, 0x00000000d5f00000)
  object space 280064K, 99% used [0x0000000081c00000,0x0000000092d30a28,0x0000000092d80000)
 Metaspace       used 43641K, capacity 46413K, committed 46592K, reserved 1089536K
  class space    used 5762K, capacity 6573K, committed 6656K, reserved 1048576K
Event: 50.427 GC heap after
Heap after GC invocations=24 (full 5):
 PSYoungGen      total 352256K, used 0K [0x00000000d5f00000, 0x00000000fda80000, 0x0000000100000000)
  eden space 280064K, 0% used [0x00000000d5f00000,0x00000000d5f00000,0x00000000e7080000)
  from space 72192K, 0% used [0x00000000e7080000,0x00000000e7080000,0x00000000eb700000)
  to   space 112640K, 0% used [0x00000000f6c80000,0x00000000f6c80000,0x00000000fda80000)
 ParOldGen       total 280064K, used 235932K [0x0000000081c00000, 0x0000000092d80000, 0x00000000d5f00000)
  object space 280064K, 84% used [0x0000000081c00000,0x00000000902671b0,0x0000000092d80000)
 Metaspace       used 43641K, capacity 46413K, committed 46592K, reserved 1089536K
  class space    used 5762K, capacity 6573K, committed 6656K, reserved 1048576K
}

