# JRE version: Java(TM) SE Runtime Environment (8.0_51-b16) (build 1.8.0_51-b16)
# Java VM: Java HotSpot(TM) 64-Bit Server VM (25.51-b03 mixed mode windows-amd64 compressed oops)
Heap:
 PSYoungGen      total 663040K, used 287286K [0x00000000d5f00000, 0x00000000fff80000, 0x0000000100000000)
  eden space 639488K, 43% used [0x00000000d5f00000,0x00000000e707e020,0x00000000fcf80000)
  from space 23552K, 30% used [0x00000000fcf80000,0x00000000fd68fb00,0x00000000fe680000)
  to   space 22528K, 0% used [0x00000000fe980000,0x00000000fe980000,0x00000000fff80000)
 ParOldGen       total 561664K, used 558670K [0x0000000081c00000, 0x00000000a4080000, 0x00000000d5f00000)
  object space 561664K, 99% used [0x0000000081c00000,0x00000000a3d93930,0x00000000a4080000)
 Metaspace       used 94719K, capacity 106268K, committed 106496K, reserved 1138688K
  class space    used 13935K, capacity 16788K, committed 16896K, reserved 1048576K
GC Heap History (10 events):
Event: 861.138 GC heap before
{Heap before GC invocations=305 (full 8):
 PSYoungGen      total 657920K, used 639667K [0x00000000d5f00000, 0x00000000ffd80000, 0x0000000100000000)
  eden space 632320K, 100% used [0x00000000d5f00000,0x00000000fc880000,0x00000000fc880000)
  from space 25600K, 28% used [0x00000000fe480000,0x00000000febacfa8,0x00000000ffd80000)
  to   space 27136K, 0% used [0x00000000fc880000,0x00000000fc880000,0x00000000fe300000)
 ParOldGen       total 561664K, used 557101K [0x0000000081c00000, 0x00000000a4080000, 0x00000000d5f00000)
  object space 561664K, 99% used [0x0000000081c00000,0x00000000a3c0b730,0x00000000a4080000)
 Metaspace       used 94663K, capacity 106170K, committed 106496K, reserved 1138688K
  class space    used 13932K, capacity 16783K, committed 16896K, reserved 1048576K
Event: 861.149 GC heap after
Heap after GC invocations=305 (full 8):
 PSYoungGen      total 659456K, used 8072K [0x00000000d5f00000, 0x00000000fff80000, 0x0000000100000000)
  eden space 632320K, 0% used [0x00000000d5f00000,0x00000000d5f00000,0x00000000fc880000)
  from space 27136K, 29% used [0x00000000fc880000,0x00000000fd0620f8,0x00000000fe300000)
  to   space 26112K, 0% used [0x00000000fe600000,0x00000000fe600000,0x00000000fff80000)
 ParOldGen       total 561664K, used 557149K [0x0000000081c00000, 0x00000000a4080000, 0x00000000d5f00000)
  object space 561664K, 99% used [0x0000000081c00000,0x00000000a3c17730,0x00000000a4080000)
 Metaspace       used 94663K, capacity 106170K, committed 106496K, reserved 1138688K
  class space    used 13932K, capacity 16783K, committed 16896K, reserved 1048576K
}
Event: 864.163 GC heap before
{Heap before GC invocations=306 (full 8):
 PSYoungGen      total 659456K, used 640392K [0x00000000d5f00000, 0x00000000fff80000, 0x0000000100000000)
  eden space 632320K, 100% used [0x00000000d5f00000,0x00000000fc880000,0x00000000fc880000)
  from space 27136K, 29% used [0x00000000fc880000,0x00000000fd0620f8,0x00000000fe300000)
  to   space 26112K, 0% used [0x00000000fe600000,0x00000000fe600000,0x00000000fff80000)
 ParOldGen       total 561664K, used 557151K [0x0000000081c00000, 0x00000000a4080000, 0x00000000d5f00000)
  object space 561664K, 99% used [0x0000000081c00000,0x00000000a3c17ff0,0x00000000a4080000)
 Metaspace       used 94663K, capacity 106170K, committed 106496K, reserved 1138688K
  class space    used 13932K, capacity 16783K, committed 16896K, reserved 1048576K
Event: 864.179 GC heap after
Heap after GC invocations=306 (full 8):
 PSYoungGen      total 659456K, used 7761K [0x00000000d5f00000, 0x00000000ffd00000, 0x0000000100000000)
  eden space 635904K, 0% used [0x00000000d5f00000,0x00000000d5f00000,0x00000000fcc00000)
  from space 23552K, 32% used [0x00000000fe600000,0x00000000fed94770,0x00000000ffd00000)
  to   space 25088K, 0% used [0x00000000fcc00000,0x00000000fcc00000,0x00000000fe480000)
 ParOldGen       total 561664K, used 557319K [0x0000000081c00000, 0x00000000a4080000, 0x00000000d5f00000)
  object space 561664K, 99% used [0x0000000081c00000,0x00000000a3c41d10,0x00000000a4080000)
 Metaspace       used 94663K, capacity 106170K, committed 106496K, reserved 1138688K
  class space    used 13932K, capacity 16783K, committed 16896K, reserved 1048576K
}
Event: 866.982 GC heap before
{Heap before GC invocations=307 (full 8):
 PSYoungGen      total 659456K, used 643665K [0x00000000d5f00000, 0x00000000ffd00000, 0x0000000100000000)
  eden space 635904K, 100% used [0x00000000d5f00000,0x00000000fcc00000,0x00000000fcc00000)
  from space 23552K, 32% used [0x00000000fe600000,0x00000000fed94770,0x00000000ffd00000)
  to   space 25088K, 0% used [0x00000000fcc00000,0x00000000fcc00000,0x00000000fe480000)
 ParOldGen       total 561664K, used 557319K [0x0000000081c00000, 0x00000000a4080000, 0x00000000d5f00000)
  object space 561664K, 99% used [0x0000000081c00000,0x00000000a3c41d10,0x00000000a4080000)
 Metaspace       used 94666K, capacity 106178K, committed 106496K, reserved 1138688K
  class space    used 13932K, capacity 16783K, committed 16896K, reserved 1048576K
Event: 866.993 GC heap after
Heap after GC invocations=307 (full 8):
 PSYoungGen      total 660992K, used 7197K [0x00000000d5f00000, 0x0000000100000000, 0x0000000100000000)
  eden space 635904K, 0% used [0x00000000d5f00000,0x00000000d5f00000,0x00000000fcc00000)
  from space 25088K, 28% used [0x00000000fcc00000,0x00000000fd307508,0x00000000fe480000)
  to   space 24576K, 0% used [0x00000000fe800000,0x00000000fe800000,0x0000000100000000)
 ParOldGen       total 561664K, used 558390K [0x0000000081c00000, 0x00000000a4080000, 0x00000000d5f00000)
  object space 561664K, 99% used [0x0000000081c00000,0x00000000a3d4d930,0x00000000a4080000)
 Metaspace       used 94666K, capacity 106178K, committed 106496K, reserved 1138688K
  class space    used 13932K, capacity 16783K, committed 16896K, reserved 1048576K
}
Event: 869.051 GC heap before
{Heap before GC invocations=308 (full 8):
 PSYoungGen      total 660992K, used 643101K [0x00000000d5f00000, 0x0000000100000000, 0x0000000100000000)
  eden space 635904K, 100% used [0x00000000d5f00000,0x00000000fcc00000,0x00000000fcc00000)
  from space 25088K, 28% used [0x00000000fcc00000,0x00000000fd307508,0x00000000fe480000)
  to   space 24576K, 0% used [0x00000000fe800000,0x00000000fe800000,0x0000000100000000)
 ParOldGen       total 561664K, used 558390K [0x0000000081c00000, 0x00000000a4080000, 0x00000000d5f00000)
  object space 561664K, 99% used [0x0000000081c00000,0x00000000a3d4d930,0x00000000a4080000)
 Metaspace       used 94714K, capacity 106268K, committed 106496K, reserved 1138688K
  class space    used 13935K, capacity 16788K, committed 16896K, reserved 1048576K
Event: 869.061 GC heap after
Heap after GC invocations=308 (full 8):
 PSYoungGen      total 661504K, used 7181K [0x00000000d5f00000, 0x00000000ffd80000, 0x0000000100000000)
  eden space 639488K, 0% used [0x00000000d5f00000,0x00000000d5f00000,0x00000000fcf80000)
  from space 22016K, 32% used [0x00000000fe800000,0x00000000fef034f0,0x00000000ffd80000)
  to   space 23552K, 0% used [0x00000000fcf80000,0x00000000fcf80000,0x00000000fe680000)
 ParOldGen       total 561664K, used 558534K [0x0000000081c00000, 0x00000000a4080000, 0x00000000d5f00000)
  object space 561664K, 99% used [0x0000000081c00000,0x00000000a3d71930,0x00000000a4080000)
 Metaspace       used 94714K, capacity 106268K, committed 106496K, reserved 1138688K
  class space    used 13935K, capacity 16788K, committed 16896K, reserved 1048576K
}
Event: 870.839 GC heap before
{Heap before GC invocations=309 (full 8):
 PSYoungGen      total 661504K, used 646669K [0x00000000d5f00000, 0x00000000ffd80000, 0x0000000100000000)
  eden space 639488K, 100% used [0x00000000d5f00000,0x00000000fcf80000,0x00000000fcf80000)
  from space 22016K, 32% used [0x00000000fe800000,0x00000000fef034f0,0x00000000ffd80000)
  to   space 23552K, 0% used [0x00000000fcf80000,0x00000000fcf80000,0x00000000fe680000)
 ParOldGen       total 561664K, used 558534K [0x0000000081c00000, 0x00000000a4080000, 0x00000000d5f00000)
  object space 561664K, 99% used [0x0000000081c00000,0x00000000a3d71930,0x00000000a4080000)
 Metaspace       used 94719K, capacity 106268K, committed 106496K, reserved 1138688K
  class space    used 13935K, capacity 16788K, committed 16896K, reserved 1048576K
Event: 870.849 GC heap after
Heap after GC invocations=309 (full 8):
 PSYoungGen      total 663040K, used 7230K [0x00000000d5f00000, 0x00000000fff80000, 0x0000000100000000)
  eden space 639488K, 0% used [0x00000000d5f00000,0x00000000d5f00000,0x00000000fcf80000)
  from space 23552K, 30% used [0x00000000fcf80000,0x00000000fd68fb00,0x00000000fe680000)
  to   space 22528K, 0% used [0x00000000fe980000,0x00000000fe980000,0x00000000fff80000)
 ParOldGen       total 561664K, used 558670K [0x0000000081c00000, 0x00000000a4080000, 0x00000000d5f00000)
  object space 561664K, 99% used [0x0000000081c00000,0x00000000a3d93930,0x00000000a4080000)
 Metaspace       used 94719K, capacity 106268K, committed 106496K, reserved 1138688K
  class space    used 13935K, capacity 16788K, committed 16896K, reserved 1048576K
}

