# JRE version: Java(TM) SE Runtime Environment (8.0_51-b16) (build 1.8.0_51-b16)
# Java VM: Java HotSpot(TM) 64-Bit Server VM (25.51-b03 mixed mode windows-amd64 compressed oops)
Heap:
 PSYoungGen      total 412672K, used 141197K [0x00000000d5f00000, 0x00000000f9900000, 0x0000000100000000)
  eden space 264192K, 32% used [0x00000000d5f00000,0x00000000db317b30,0x00000000e6100000)
  from space 148480K, 37% used [0x00000000f0800000,0x00000000f3dcbab8,0x00000000f9900000)
  to   space 159744K, 0% used [0x00000000e6100000,0x00000000e6100000,0x00000000efd00000)
 ParOldGen       total 900608K, used 553319K [0x0000000081c00000, 0x00000000b8b80000, 0x00000000d5f00000)
  object space 900608K, 61% used [0x0000000081c00000,0x00000000a3859f98,0x00000000b8b80000)
 Metaspace       used 77751K, capacity 86062K, committed 86272K, reserved 1120256K
  class space    used 12099K, capacity 14550K, committed 14592K, reserved 1048576K
GC Heap History (10 events):
Event: 157.123 GC heap before
{Heap before GC invocations=156 (full 8):
 PSYoungGen      total 281600K, used 281581K [0x00000000d5f00000, 0x00000000fd280000, 0x0000000100000000)
  eden space 251904K, 100% used [0x00000000d5f00000,0x00000000e5500000,0x00000000e5500000)
  from space 29696K, 99% used [0x00000000e5500000,0x00000000e71fb720,0x00000000e7200000)
  to   space 191488K, 0% used [0x00000000f1780000,0x00000000f1780000,0x00000000fd280000)
 ParOldGen       total 900608K, used 553247K [0x0000000081c00000, 0x00000000b8b80000, 0x00000000d5f00000)
  object space 900608K, 61% used [0x0000000081c00000,0x00000000a3847e58,0x00000000b8b80000)
 Metaspace       used 76054K, capacity 84060K, committed 84224K, reserved 1120256K
  class space    used 11865K, capacity 14213K, committed 14336K, reserved 1048576K
Event: 157.161 GC heap after
Heap after GC invocations=156 (full 8):
 PSYoungGen      total 429568K, used 30461K [0x00000000d5f00000, 0x00000000fbe80000, 0x0000000100000000)
  eden space 258560K, 0% used [0x00000000d5f00000,0x00000000d5f00000,0x00000000e5b80000)
  from space 171008K, 17% used [0x00000000f1780000,0x00000000f353f7b0,0x00000000fbe80000)
  to   space 181760K, 0% used [0x00000000e5b80000,0x00000000e5b80000,0x00000000f0d00000)
 ParOldGen       total 900608K, used 553247K [0x0000000081c00000, 0x00000000b8b80000, 0x00000000d5f00000)
  object space 900608K, 61% used [0x0000000081c00000,0x00000000a3847e58,0x00000000b8b80000)
 Metaspace       used 76054K, capacity 84060K, committed 84224K, reserved 1120256K
  class space    used 11865K, capacity 14213K, committed 14336K, reserved 1048576K
}
Event: 163.318 GC heap before
{Heap before GC invocations=157 (full 8):
 PSYoungGen      total 429568K, used 289021K [0x00000000d5f00000, 0x00000000fbe80000, 0x0000000100000000)
  eden space 258560K, 100% used [0x00000000d5f00000,0x00000000e5b80000,0x00000000e5b80000)
  from space 171008K, 17% used [0x00000000f1780000,0x00000000f353f7b0,0x00000000fbe80000)
  to   space 181760K, 0% used [0x00000000e5b80000,0x00000000e5b80000,0x00000000f0d00000)
 ParOldGen       total 900608K, used 553290K [0x0000000081c00000, 0x00000000b8b80000, 0x00000000d5f00000)
  object space 900608K, 61% used [0x0000000081c00000,0x00000000a3852830,0x00000000b8b80000)
 Metaspace       used 76244K, capacity 84272K, committed 84480K, reserved 1120256K
  class space    used 11898K, capacity 14275K, committed 14336K, reserved 1048576K
Event: 163.375 GC heap after
Heap after GC invocations=157 (full 8):
 PSYoungGen      total 298496K, used 39468K [0x00000000d5f00000, 0x00000000faf00000, 0x0000000100000000)
  eden space 258560K, 0% used [0x00000000d5f00000,0x00000000d5f00000,0x00000000e5b80000)
  from space 39936K, 98% used [0x00000000e5b80000,0x00000000e820b118,0x00000000e8280000)
  to   space 171008K, 0% used [0x00000000f0800000,0x00000000f0800000,0x00000000faf00000)
 ParOldGen       total 900608K, used 553298K [0x0000000081c00000, 0x00000000b8b80000, 0x00000000d5f00000)
  object space 900608K, 61% used [0x0000000081c00000,0x00000000a3854830,0x00000000b8b80000)
 Metaspace       used 76244K, capacity 84272K, committed 84480K, reserved 1120256K
  class space    used 11898K, capacity 14275K, committed 14336K, reserved 1048576K
}
Event: 170.001 GC heap before
{Heap before GC invocations=158 (full 8):
 PSYoungGen      total 298496K, used 298028K [0x00000000d5f00000, 0x00000000faf00000, 0x0000000100000000)
  eden space 258560K, 100% used [0x00000000d5f00000,0x00000000e5b80000,0x00000000e5b80000)
  from space 39936K, 98% used [0x00000000e5b80000,0x00000000e820b118,0x00000000e8280000)
  to   space 171008K, 0% used [0x00000000f0800000,0x00000000f0800000,0x00000000faf00000)
 ParOldGen       total 900608K, used 553303K [0x0000000081c00000, 0x00000000b8b80000, 0x00000000d5f00000)
  object space 900608K, 61% used [0x0000000081c00000,0x00000000a3855f98,0x00000000b8b80000)
 Metaspace       used 76592K, capacity 84652K, committed 84864K, reserved 1120256K
  class space    used 11953K, capacity 14351K, committed 14464K, reserved 1048576K
Event: 170.084 GC heap after
Heap after GC invocations=158 (full 8):
 PSYoungGen      total 412672K, used 52735K [0x00000000d5f00000, 0x00000000f9900000, 0x0000000100000000)
  eden space 264192K, 0% used [0x00000000d5f00000,0x00000000d5f00000,0x00000000e6100000)
  from space 148480K, 35% used [0x00000000f0800000,0x00000000f3b7fd78,0x00000000f9900000)
  to   space 159744K, 0% used [0x00000000e6100000,0x00000000e6100000,0x00000000efd00000)
 ParOldGen       total 900608K, used 553311K [0x0000000081c00000, 0x00000000b8b80000, 0x00000000d5f00000)
  object space 900608K, 61% used [0x0000000081c00000,0x00000000a3857f98,0x00000000b8b80000)
 Metaspace       used 76592K, capacity 84652K, committed 84864K, reserved 1120256K
  class space    used 11953K, capacity 14351K, committed 14464K, reserved 1048576K
}
Event: 172.896 GC heap before
{Heap before GC invocations=159 (full 8):
 PSYoungGen      total 412672K, used 316927K [0x00000000d5f00000, 0x00000000f9900000, 0x0000000100000000)
  eden space 264192K, 100% used [0x00000000d5f00000,0x00000000e6100000,0x00000000e6100000)
  from space 148480K, 35% used [0x00000000f0800000,0x00000000f3b7fd78,0x00000000f9900000)
  to   space 159744K, 0% used [0x00000000e6100000,0x00000000e6100000,0x00000000efd00000)
 ParOldGen       total 900608K, used 553311K [0x0000000081c00000, 0x00000000b8b80000, 0x00000000d5f00000)
  object space 900608K, 61% used [0x0000000081c00000,0x00000000a3857f98,0x00000000b8b80000)
 Metaspace       used 77538K, capacity 85756K, committed 86016K, reserved 1120256K
  class space    used 12072K, capacity 14505K, committed 14592K, reserved 1048576K
Event: 173.053 GC heap after
Heap after GC invocations=159 (full 8):
 PSYoungGen      total 423936K, used 94048K [0x00000000d5f00000, 0x00000000f9900000, 0x0000000100000000)
  eden space 264192K, 0% used [0x00000000d5f00000,0x00000000d5f00000,0x00000000e6100000)
  from space 159744K, 58% used [0x00000000e6100000,0x00000000ebcd83e8,0x00000000efd00000)
  to   space 148480K, 0% used [0x00000000f0800000,0x00000000f0800000,0x00000000f9900000)
 ParOldGen       total 900608K, used 553311K [0x0000000081c00000, 0x00000000b8b80000, 0x00000000d5f00000)
  object space 900608K, 61% used [0x0000000081c00000,0x00000000a3857f98,0x00000000b8b80000)
 Metaspace       used 77538K, capacity 85756K, committed 86016K, reserved 1120256K
  class space    used 12072K, capacity 14505K, committed 14592K, reserved 1048576K
}
Event: 174.067 GC heap before
{Heap before GC invocations=160 (full 8):
 PSYoungGen      total 423936K, used 358235K [0x00000000d5f00000, 0x00000000f9900000, 0x0000000100000000)
  eden space 264192K, 99% used [0x00000000d5f00000,0x00000000e60fe850,0x00000000e6100000)
  from space 159744K, 58% used [0x00000000e6100000,0x00000000ebcd83e8,0x00000000efd00000)
  to   space 148480K, 0% used [0x00000000f0800000,0x00000000f0800000,0x00000000f9900000)
 ParOldGen       total 900608K, used 553311K [0x0000000081c00000, 0x00000000b8b80000, 0x00000000d5f00000)
  object space 900608K, 61% used [0x0000000081c00000,0x00000000a3857f98,0x00000000b8b80000)
 Metaspace       used 77590K, capacity 85802K, committed 86016K, reserved 1120256K
  class space    used 12081K, capacity 14510K, committed 14592K, reserved 1048576K
Event: 174.164 GC heap after
Heap after GC invocations=160 (full 8):
 PSYoungGen      total 412672K, used 55086K [0x00000000d5f00000, 0x00000000f9900000, 0x0000000100000000)
  eden space 264192K, 0% used [0x00000000d5f00000,0x00000000d5f00000,0x00000000e6100000)
  from space 148480K, 37% used [0x00000000f0800000,0x00000000f3dcbab8,0x00000000f9900000)
  to   space 159744K, 0% used [0x00000000e6100000,0x00000000e6100000,0x00000000efd00000)
 ParOldGen       total 900608K, used 553319K [0x0000000081c00000, 0x00000000b8b80000, 0x00000000d5f00000)
  object space 900608K, 61% used [0x0000000081c00000,0x00000000a3859f98,0x00000000b8b80000)
 Metaspace       used 77590K, capacity 85802K, committed 86016K, reserved 1120256K
  class space    used 12081K, capacity 14510K, committed 14592K, reserved 1048576K
}

