# JRE version: Java(TM) SE Runtime Environment (8.0_51-b16) (build 1.8.0_51-b16)
# Java VM: Java HotSpot(TM) 64-Bit Server VM (25.51-b03 mixed mode windows-amd64 compressed oops)
Heap:
 PSYoungGen      total 648192K, used 545760K [0x00000000d5f00000, 0x0000000100000000, 0x0000000100000000)
  eden space 607232K, 89% used [0x00000000d5f00000,0x00000000f73f83e8,0x00000000fb000000)
  from space 40960K, 0% used [0x00000000fb000000,0x00000000fb000000,0x00000000fd800000)
  to   space 40960K, 0% used [0x00000000fd800000,0x00000000fd800000,0x0000000100000000)
 ParOldGen       total 413184K, used 361572K [0x0000000081c00000, 0x000000009af80000, 0x00000000d5f00000)
  object space 413184K, 87% used [0x0000000081c00000,0x0000000097d19030,0x000000009af80000)
 Metaspace       used 80761K, capacity 90108K, committed 90240K, reserved 1124352K
  class space    used 12569K, capacity 15211K, committed 15232K, reserved 1048576K
GC Heap History (10 events):
Event: 124.230 GC heap before
{Heap before GC invocations=150 (full 6):
 PSYoungGen      total 631296K, used 630992K [0x00000000d5f00000, 0x0000000100000000, 0x0000000100000000)
  eden space 625664K, 100% used [0x00000000d5f00000,0x00000000fc200000,0x00000000fc200000)
  from space 5632K, 94% used [0x00000000fc200000,0x00000000fc734070,0x00000000fc780000)
  to   space 32256K, 0% used [0x00000000fe080000,0x00000000fe080000,0x0000000100000000)
 ParOldGen       total 378880K, used 339328K [0x0000000081c00000, 0x0000000098e00000, 0x00000000d5f00000)
  object space 378880K, 89% used [0x0000000081c00000,0x0000000096760150,0x0000000098e00000)
 Metaspace       used 76153K, capacity 84126K, committed 84352K, reserved 1120256K
  class space    used 11821K, capacity 14182K, committed 14208K, reserved 1048576K
Event: 124.245 GC heap after
Heap after GC invocations=150 (full 6):
 PSYoungGen      total 655872K, used 5472K [0x00000000d5f00000, 0x0000000100000000, 0x0000000100000000)
  eden space 623616K, 0% used [0x00000000d5f00000,0x00000000d5f00000,0x00000000fc000000)
  from space 32256K, 16% used [0x00000000fe080000,0x00000000fe5d8080,0x0000000100000000)
  to   space 32768K, 0% used [0x00000000fc000000,0x00000000fc000000,0x00000000fe000000)
 ParOldGen       total 378880K, used 339608K [0x0000000081c00000, 0x0000000098e00000, 0x00000000d5f00000)
  object space 378880K, 89% used [0x0000000081c00000,0x00000000967a6150,0x0000000098e00000)
 Metaspace       used 76153K, capacity 84126K, committed 84352K, reserved 1120256K
  class space    used 11821K, capacity 14182K, committed 14208K, reserved 1048576K
}
Event: 125.444 GC heap before
{Heap before GC invocations=151 (full 6):
 PSYoungGen      total 655872K, used 629088K [0x00000000d5f00000, 0x0000000100000000, 0x0000000100000000)
  eden space 623616K, 100% used [0x00000000d5f00000,0x00000000fc000000,0x00000000fc000000)
  from space 32256K, 16% used [0x00000000fe080000,0x00000000fe5d8080,0x0000000100000000)
  to   space 32768K, 0% used [0x00000000fc000000,0x00000000fc000000,0x00000000fe000000)
 ParOldGen       total 378880K, used 339608K [0x0000000081c00000, 0x0000000098e00000, 0x00000000d5f00000)
  object space 378880K, 89% used [0x0000000081c00000,0x00000000967a6150,0x0000000098e00000)
 Metaspace       used 76160K, capacity 84126K, committed 84352K, reserved 1120256K
  class space    used 11822K, capacity 14182K, committed 14208K, reserved 1048576K
Event: 125.506 GC heap after
Heap after GC invocations=151 (full 6):
 PSYoungGen      total 656384K, used 6705K [0x00000000d5f00000, 0x00000000fff80000, 0x0000000100000000)
  eden space 623616K, 0% used [0x00000000d5f00000,0x00000000d5f00000,0x00000000fc000000)
  from space 32768K, 20% used [0x00000000fc000000,0x00000000fc68c6b8,0x00000000fe000000)
  to   space 32256K, 0% used [0x00000000fe000000,0x00000000fe000000,0x00000000fff80000)
 ParOldGen       total 378880K, used 339904K [0x0000000081c00000, 0x0000000098e00000, 0x00000000d5f00000)
  object space 378880K, 89% used [0x0000000081c00000,0x00000000967f0150,0x0000000098e00000)
 Metaspace       used 76160K, capacity 84126K, committed 84352K, reserved 1120256K
  class space    used 11822K, capacity 14182K, committed 14208K, reserved 1048576K
}
Event: 131.874 GC heap before
{Heap before GC invocations=152 (full 6):
 PSYoungGen      total 656384K, used 630321K [0x00000000d5f00000, 0x00000000fff80000, 0x0000000100000000)
  eden space 623616K, 100% used [0x00000000d5f00000,0x00000000fc000000,0x00000000fc000000)
  from space 32768K, 20% used [0x00000000fc000000,0x00000000fc68c6b8,0x00000000fe000000)
  to   space 32256K, 0% used [0x00000000fe000000,0x00000000fe000000,0x00000000fff80000)
 ParOldGen       total 378880K, used 339904K [0x0000000081c00000, 0x0000000098e00000, 0x00000000d5f00000)
  object space 378880K, 89% used [0x0000000081c00000,0x00000000967f0150,0x0000000098e00000)
 Metaspace       used 76712K, capacity 84764K, committed 84992K, reserved 1120256K
  class space    used 11907K, capacity 14283K, committed 14336K, reserved 1048576K
Event: 131.954 GC heap after
Heap after GC invocations=152 (full 6):
 PSYoungGen      total 639488K, used 32248K [0x00000000d5f00000, 0x0000000100000000, 0x0000000100000000)
  eden space 607232K, 0% used [0x00000000d5f00000,0x00000000d5f00000,0x00000000fb000000)
  from space 32256K, 99% used [0x00000000fe000000,0x00000000fff7e2a8,0x00000000fff80000)
  to   space 40960K, 0% used [0x00000000fb000000,0x00000000fb000000,0x00000000fd800000)
 ParOldGen       total 378880K, used 350314K [0x0000000081c00000, 0x0000000098e00000, 0x00000000d5f00000)
  object space 378880K, 92% used [0x0000000081c00000,0x000000009721ab98,0x0000000098e00000)
 Metaspace       used 76712K, capacity 84764K, committed 84992K, reserved 1120256K
  class space    used 11907K, capacity 14283K, committed 14336K, reserved 1048576K
}
Event: 138.011 GC heap before
{Heap before GC invocations=153 (full 6):
 PSYoungGen      total 639488K, used 639480K [0x00000000d5f00000, 0x0000000100000000, 0x0000000100000000)
  eden space 607232K, 100% used [0x00000000d5f00000,0x00000000fb000000,0x00000000fb000000)
  from space 32256K, 99% used [0x00000000fe000000,0x00000000fff7e2a8,0x00000000fff80000)
  to   space 40960K, 0% used [0x00000000fb000000,0x00000000fb000000,0x00000000fd800000)
 ParOldGen       total 378880K, used 350314K [0x0000000081c00000, 0x0000000098e00000, 0x00000000d5f00000)
  object space 378880K, 92% used [0x0000000081c00000,0x000000009721ab98,0x0000000098e00000)
 Metaspace       used 77741K, capacity 85930K, committed 86144K, reserved 1120256K
  class space    used 12043K, capacity 14450K, committed 14464K, reserved 1048576K
Event: 138.304 GC heap after
Heap after GC invocations=153 (full 6):
 PSYoungGen      total 648192K, used 40957K [0x00000000d5f00000, 0x0000000100000000, 0x0000000100000000)
  eden space 607232K, 0% used [0x00000000d5f00000,0x00000000d5f00000,0x00000000fb000000)
  from space 40960K, 99% used [0x00000000fb000000,0x00000000fd7ff5d0,0x00000000fd800000)
  to   space 40960K, 0% used [0x00000000fd800000,0x00000000fd800000,0x0000000100000000)
 ParOldGen       total 413184K, used 413088K [0x0000000081c00000, 0x000000009af80000, 0x00000000d5f00000)
  object space 413184K, 99% used [0x0000000081c00000,0x000000009af68220,0x000000009af80000)
 Metaspace       used 77741K, capacity 85930K, committed 86144K, reserved 1120256K
  class space    used 12043K, capacity 14450K, committed 14464K, reserved 1048576K
}
Event: 138.304 GC heap before
{Heap before GC invocations=154 (full 7):
 PSYoungGen      total 648192K, used 40957K [0x00000000d5f00000, 0x0000000100000000, 0x0000000100000000)
  eden space 607232K, 0% used [0x00000000d5f00000,0x00000000d5f00000,0x00000000fb000000)
  from space 40960K, 99% used [0x00000000fb000000,0x00000000fd7ff5d0,0x00000000fd800000)
  to   space 40960K, 0% used [0x00000000fd800000,0x00000000fd800000,0x0000000100000000)
 ParOldGen       total 413184K, used 413088K [0x0000000081c00000, 0x000000009af80000, 0x00000000d5f00000)
  object space 413184K, 99% used [0x0000000081c00000,0x000000009af68220,0x000000009af80000)
 Metaspace       used 77741K, capacity 85930K, committed 86144K, reserved 1120256K
  class space    used 12043K, capacity 14450K, committed 14464K, reserved 1048576K
Event: 140.148 GC heap after
Heap after GC invocations=154 (full 7):
 PSYoungGen      total 648192K, used 0K [0x00000000d5f00000, 0x0000000100000000, 0x0000000100000000)
  eden space 607232K, 0% used [0x00000000d5f00000,0x00000000d5f00000,0x00000000fb000000)
  from space 40960K, 0% used [0x00000000fb000000,0x00000000fb000000,0x00000000fd800000)
  to   space 40960K, 0% used [0x00000000fd800000,0x00000000fd800000,0x0000000100000000)
 ParOldGen       total 413184K, used 361572K [0x0000000081c00000, 0x000000009af80000, 0x00000000d5f00000)
  object space 413184K, 87% used [0x0000000081c00000,0x0000000097d19030,0x000000009af80000)
 Metaspace       used 77736K, capacity 85924K, committed 86144K, reserved 1120256K
  class space    used 12041K, capacity 14447K, committed 14464K, reserved 1048576K
}

