# JRE version: Java(TM) SE Runtime Environment (8.0_51-b16) (build 1.8.0_51-b16)
# Java VM: Java HotSpot(TM) 64-Bit Server VM (25.51-b03 mixed mode windows-amd64 compressed oops)
Heap:
 PSYoungGen      total 654336K, used 269380K [0x00000000d5f00000, 0x0000000100000000, 0x0000000100000000)
  eden space 621056K, 43% used [0x00000000d5f00000,0x00000000e66113b8,0x00000000fbd80000)
  from space 33280K, 0% used [0x00000000fbd80000,0x00000000fbd80000,0x00000000fde00000)
  to   space 34816K, 0% used [0x00000000fde00000,0x00000000fde00000,0x0000000100000000)
 ParOldGen       total 351232K, used 342356K [0x0000000081c00000, 0x0000000097300000, 0x00000000d5f00000)
  object space 351232K, 97% used [0x0000000081c00000,0x0000000096a552d8,0x0000000097300000)
 Metaspace       used 78555K, capacity 87026K, committed 87168K, reserved 1122304K
  class space    used 12323K, capacity 14850K, committed 14976K, reserved 1048576K
GC Heap History (10 events):
Event: 189.260 GC heap before
{Heap before GC invocations=149 (full 5):
 PSYoungGen      total 654848K, used 8593K [0x00000000d5f00000, 0x0000000100000000, 0x0000000100000000)
  eden space 620544K, 0% used [0x00000000d5f00000,0x00000000d62c03d0,0x00000000fbd00000)
  from space 34304K, 13% used [0x00000000fbd00000,0x00000000fc1a4060,0x00000000fde80000)
  to   space 34304K, 0% used [0x00000000fde80000,0x00000000fde80000,0x0000000100000000)
 ParOldGen       total 336896K, used 295203K [0x0000000081c00000, 0x0000000096500000, 0x00000000d5f00000)
  object space 336896K, 87% used [0x0000000081c00000,0x0000000093c48fe0,0x0000000096500000)
 Metaspace       used 77053K, capacity 85214K, committed 85376K, reserved 1120256K
  class space    used 12121K, capacity 14610K, committed 14720K, reserved 1048576K
Event: 189.290 GC heap after
Heap after GC invocations=149 (full 5):
 PSYoungGen      total 654848K, used 4224K [0x00000000d5f00000, 0x0000000100000000, 0x0000000100000000)
  eden space 620544K, 0% used [0x00000000d5f00000,0x00000000d5f00000,0x00000000fbd00000)
  from space 34304K, 12% used [0x00000000fde80000,0x00000000fe2a0090,0x0000000100000000)
  to   space 34304K, 0% used [0x00000000fbd00000,0x00000000fbd00000,0x00000000fde80000)
 ParOldGen       total 336896K, used 295723K [0x0000000081c00000, 0x0000000096500000, 0x00000000d5f00000)
  object space 336896K, 87% used [0x0000000081c00000,0x0000000093ccafe0,0x0000000096500000)
 Metaspace       used 77053K, capacity 85214K, committed 85376K, reserved 1120256K
  class space    used 12121K, capacity 14610K, committed 14720K, reserved 1048576K
}
Event: 192.043 GC heap before
{Heap before GC invocations=150 (full 5):
 PSYoungGen      total 654848K, used 624768K [0x00000000d5f00000, 0x0000000100000000, 0x0000000100000000)
  eden space 620544K, 100% used [0x00000000d5f00000,0x00000000fbd00000,0x00000000fbd00000)
  from space 34304K, 12% used [0x00000000fde80000,0x00000000fe2a0090,0x0000000100000000)
  to   space 34304K, 0% used [0x00000000fbd00000,0x00000000fbd00000,0x00000000fde80000)
 ParOldGen       total 336896K, used 295723K [0x0000000081c00000, 0x0000000096500000, 0x00000000d5f00000)
  object space 336896K, 87% used [0x0000000081c00000,0x0000000093ccafe0,0x0000000096500000)
 Metaspace       used 77071K, capacity 85286K, committed 85632K, reserved 1120256K
  class space    used 12121K, capacity 14610K, committed 14720K, reserved 1048576K
Event: 192.066 GC heap after
Heap after GC invocations=150 (full 5):
 PSYoungGen      total 625152K, used 4512K [0x00000000d5f00000, 0x00000000fff00000, 0x0000000100000000)
  eden space 620544K, 0% used [0x00000000d5f00000,0x00000000d5f00000,0x00000000fbd00000)
  from space 4608K, 97% used [0x00000000fbd00000,0x00000000fc1680a0,0x00000000fc180000)
  to   space 33792K, 0% used [0x00000000fde00000,0x00000000fde00000,0x00000000fff00000)
 ParOldGen       total 336896K, used 296435K [0x0000000081c00000, 0x0000000096500000, 0x00000000d5f00000)
  object space 336896K, 87% used [0x0000000081c00000,0x0000000093d7cfe0,0x0000000096500000)
 Metaspace       used 77071K, capacity 85286K, committed 85632K, reserved 1120256K
  class space    used 12121K, capacity 14610K, committed 14720K, reserved 1048576K
}
Event: 194.431 GC heap before
{Heap before GC invocations=151 (full 5):
 PSYoungGen      total 625152K, used 625056K [0x00000000d5f00000, 0x00000000fff00000, 0x0000000100000000)
  eden space 620544K, 100% used [0x00000000d5f00000,0x00000000fbd00000,0x00000000fbd00000)
  from space 4608K, 97% used [0x00000000fbd00000,0x00000000fc1680a0,0x00000000fc180000)
  to   space 33792K, 0% used [0x00000000fde00000,0x00000000fde00000,0x00000000fff00000)
 ParOldGen       total 336896K, used 296435K [0x0000000081c00000, 0x0000000096500000, 0x00000000d5f00000)
  object space 336896K, 87% used [0x0000000081c00000,0x0000000093d7cfe0,0x0000000096500000)
 Metaspace       used 77071K, capacity 85286K, committed 85632K, reserved 1120256K
  class space    used 12121K, capacity 14610K, committed 14720K, reserved 1048576K
Event: 194.448 GC heap after
Heap after GC invocations=151 (full 5):
 PSYoungGen      total 654848K, used 4576K [0x00000000d5f00000, 0x0000000100000000, 0x0000000100000000)
  eden space 621056K, 0% used [0x00000000d5f00000,0x00000000d5f00000,0x00000000fbd80000)
  from space 33792K, 13% used [0x00000000fde00000,0x00000000fe278080,0x00000000fff00000)
  to   space 33280K, 0% used [0x00000000fbd80000,0x00000000fbd80000,0x00000000fde00000)
 ParOldGen       total 336896K, used 297155K [0x0000000081c00000, 0x0000000096500000, 0x00000000d5f00000)
  object space 336896K, 88% used [0x0000000081c00000,0x0000000093e30fe0,0x0000000096500000)
 Metaspace       used 77071K, capacity 85286K, committed 85632K, reserved 1120256K
  class space    used 12121K, capacity 14610K, committed 14720K, reserved 1048576K
}
Event: 207.230 GC heap before
{Heap before GC invocations=152 (full 5):
 PSYoungGen      total 654848K, used 625632K [0x00000000d5f00000, 0x0000000100000000, 0x0000000100000000)
  eden space 621056K, 100% used [0x00000000d5f00000,0x00000000fbd80000,0x00000000fbd80000)
  from space 33792K, 13% used [0x00000000fde00000,0x00000000fe278080,0x00000000fff00000)
  to   space 33280K, 0% used [0x00000000fbd80000,0x00000000fbd80000,0x00000000fde00000)
 ParOldGen       total 336896K, used 297155K [0x0000000081c00000, 0x0000000096500000, 0x00000000d5f00000)
  object space 336896K, 88% used [0x0000000081c00000,0x0000000093e30fe0,0x0000000096500000)
 Metaspace       used 78363K, capacity 86758K, committed 87040K, reserved 1122304K
  class space    used 12297K, capacity 14838K, committed 14848K, reserved 1048576K
Event: 207.499 GC heap after
Heap after GC invocations=152 (full 5):
 PSYoungGen      total 654336K, used 33271K [0x00000000d5f00000, 0x0000000100000000, 0x0000000100000000)
  eden space 621056K, 0% used [0x00000000d5f00000,0x00000000d5f00000,0x00000000fbd80000)
  from space 33280K, 99% used [0x00000000fbd80000,0x00000000fddfde38,0x00000000fde00000)
  to   space 34816K, 0% used [0x00000000fde00000,0x00000000fde00000,0x0000000100000000)
 ParOldGen       total 351232K, used 351096K [0x0000000081c00000, 0x0000000097300000, 0x00000000d5f00000)
  object space 351232K, 99% used [0x0000000081c00000,0x00000000972de1d0,0x0000000097300000)
 Metaspace       used 78363K, capacity 86758K, committed 87040K, reserved 1122304K
  class space    used 12297K, capacity 14838K, committed 14848K, reserved 1048576K
}
Event: 207.499 GC heap before
{Heap before GC invocations=153 (full 6):
 PSYoungGen      total 654336K, used 33271K [0x00000000d5f00000, 0x0000000100000000, 0x0000000100000000)
  eden space 621056K, 0% used [0x00000000d5f00000,0x00000000d5f00000,0x00000000fbd80000)
  from space 33280K, 99% used [0x00000000fbd80000,0x00000000fddfde38,0x00000000fde00000)
  to   space 34816K, 0% used [0x00000000fde00000,0x00000000fde00000,0x0000000100000000)
 ParOldGen       total 351232K, used 351096K [0x0000000081c00000, 0x0000000097300000, 0x00000000d5f00000)
  object space 351232K, 99% used [0x0000000081c00000,0x00000000972de1d0,0x0000000097300000)
 Metaspace       used 78363K, capacity 86758K, committed 87040K, reserved 1122304K
  class space    used 12297K, capacity 14838K, committed 14848K, reserved 1048576K
Event: 210.144 GC heap after
Heap after GC invocations=153 (full 6):
 PSYoungGen      total 654336K, used 0K [0x00000000d5f00000, 0x0000000100000000, 0x0000000100000000)
  eden space 621056K, 0% used [0x00000000d5f00000,0x00000000d5f00000,0x00000000fbd80000)
  from space 33280K, 0% used [0x00000000fbd80000,0x00000000fbd80000,0x00000000fde00000)
  to   space 34816K, 0% used [0x00000000fde00000,0x00000000fde00000,0x0000000100000000)
 ParOldGen       total 351232K, used 342356K [0x0000000081c00000, 0x0000000097300000, 0x00000000d5f00000)
  object space 351232K, 97% used [0x0000000081c00000,0x0000000096a552d8,0x0000000097300000)
 Metaspace       used 78361K, capacity 86752K, committed 87040K, reserved 1122304K
  class space    used 12296K, capacity 14837K, committed 14848K, reserved 1048576K
}

