# JRE version: Java(TM) SE Runtime Environment (8.0_51-b16) (build 1.8.0_51-b16)
# Java VM: Java HotSpot(TM) 64-Bit Server VM (25.51-b03 mixed mode windows-amd64 compressed oops)
Heap:
 PSYoungGen      total 651776K, used 172976K [0x00000000d5f00000, 0x0000000100000000, 0x0000000100000000)
  eden space 619008K, 27% used [0x00000000d5f00000,0x00000000e07ec210,0x00000000fbb80000)
  from space 32768K, 0% used [0x00000000fbb80000,0x00000000fbb80000,0x00000000fdb80000)
  to   space 37376K, 0% used [0x00000000fdb80000,0x00000000fdb80000,0x0000000100000000)
 ParOldGen       total 490496K, used 347858K [0x0000000081c00000, 0x000000009fb00000, 0x00000000d5f00000)
  object space 490496K, 70% used [0x0000000081c00000,0x0000000096fb4b98,0x000000009fb00000)
 Metaspace       used 82110K, capacity 91098K, committed 91264K, reserved 1124352K
  class space    used 13323K, capacity 16142K, committed 16256K, reserved 1048576K
GC Heap History (10 events):
Event: 122.276 GC heap before
{Heap before GC invocations=154 (full 6):
 PSYoungGen      total 625152K, used 625056K [0x00000000d5f00000, 0x0000000100000000, 0x0000000100000000)
  eden space 618496K, 100% used [0x00000000d5f00000,0x00000000fbb00000,0x00000000fbb00000)
  from space 6656K, 98% used [0x00000000fbb00000,0x00000000fc168000,0x00000000fc180000)
  to   space 35840K, 0% used [0x00000000fdd00000,0x00000000fdd00000,0x0000000100000000)
 ParOldGen       total 342016K, used 291418K [0x0000000081c00000, 0x0000000096a00000, 0x00000000d5f00000)
  object space 342016K, 85% used [0x0000000081c00000,0x0000000093896bc8,0x0000000096a00000)
 Metaspace       used 80402K, capacity 89130K, committed 89388K, reserved 1122304K
  class space    used 13096K, capacity 15880K, committed 16000K, reserved 1048576K
Event: 122.296 GC heap after
Heap after GC invocations=154 (full 6):
 PSYoungGen      total 653824K, used 8724K [0x00000000d5f00000, 0x0000000100000000, 0x0000000100000000)
  eden space 617984K, 0% used [0x00000000d5f00000,0x00000000d5f00000,0x00000000fba80000)
  from space 35840K, 24% used [0x00000000fdd00000,0x00000000fe585318,0x0000000100000000)
  to   space 35328K, 0% used [0x00000000fba80000,0x00000000fba80000,0x00000000fdd00000)
 ParOldGen       total 342016K, used 292410K [0x0000000081c00000, 0x0000000096a00000, 0x00000000d5f00000)
  object space 342016K, 85% used [0x0000000081c00000,0x000000009398ebc8,0x0000000096a00000)
 Metaspace       used 80402K, capacity 89130K, committed 89388K, reserved 1122304K
  class space    used 13096K, capacity 15880K, committed 16000K, reserved 1048576K
}
Event: 123.459 GC heap before
{Heap before GC invocations=155 (full 6):
 PSYoungGen      total 653824K, used 626708K [0x00000000d5f00000, 0x0000000100000000, 0x0000000100000000)
  eden space 617984K, 100% used [0x00000000d5f00000,0x00000000fba80000,0x00000000fba80000)
  from space 35840K, 24% used [0x00000000fdd00000,0x00000000fe585318,0x0000000100000000)
  to   space 35328K, 0% used [0x00000000fba80000,0x00000000fba80000,0x00000000fdd00000)
 ParOldGen       total 342016K, used 292410K [0x0000000081c00000, 0x0000000096a00000, 0x00000000d5f00000)
  object space 342016K, 85% used [0x0000000081c00000,0x000000009398ebc8,0x0000000096a00000)
 Metaspace       used 80519K, capacity 89272K, committed 89388K, reserved 1122304K
  class space    used 13118K, capacity 15901K, committed 16000K, reserved 1048576K
Event: 123.500 GC heap after
Heap after GC invocations=155 (full 6):
 PSYoungGen      total 631808K, used 13355K [0x00000000d5f00000, 0x00000000ffc80000, 0x0000000100000000)
  eden space 617984K, 0% used [0x00000000d5f00000,0x00000000d5f00000,0x00000000fba80000)
  from space 13824K, 96% used [0x00000000fba80000,0x00000000fc78ac98,0x00000000fc800000)
  to   space 33792K, 0% used [0x00000000fdb80000,0x00000000fdb80000,0x00000000ffc80000)
 ParOldGen       total 342016K, used 292682K [0x0000000081c00000, 0x0000000096a00000, 0x00000000d5f00000)
  object space 342016K, 85% used [0x0000000081c00000,0x00000000939d2bc8,0x0000000096a00000)
 Metaspace       used 80519K, capacity 89272K, committed 89388K, reserved 1122304K
  class space    used 13118K, capacity 15901K, committed 16000K, reserved 1048576K
}
Event: 132.686 GC heap before
{Heap before GC invocations=156 (full 6):
 PSYoungGen      total 631808K, used 631339K [0x00000000d5f00000, 0x00000000ffc80000, 0x0000000100000000)
  eden space 617984K, 100% used [0x00000000d5f00000,0x00000000fba80000,0x00000000fba80000)
  from space 13824K, 96% used [0x00000000fba80000,0x00000000fc78ac98,0x00000000fc800000)
  to   space 33792K, 0% used [0x00000000fdb80000,0x00000000fdb80000,0x00000000ffc80000)
 ParOldGen       total 342016K, used 292737K [0x0000000081c00000, 0x0000000096a00000, 0x00000000d5f00000)
  object space 342016K, 85% used [0x0000000081c00000,0x00000000939e0408,0x0000000096a00000)
 Metaspace       used 80585K, capacity 89352K, committed 89644K, reserved 1122304K
  class space    used 13119K, capacity 15901K, committed 16000K, reserved 1048576K
Event: 132.706 GC heap after
Heap after GC invocations=156 (full 6):
 PSYoungGen      total 652800K, used 10961K [0x00000000d5f00000, 0x0000000100000000, 0x0000000100000000)
  eden space 619008K, 0% used [0x00000000d5f00000,0x00000000d5f00000,0x00000000fbb80000)
  from space 33792K, 32% used [0x00000000fdb80000,0x00000000fe6346a8,0x00000000ffc80000)
  to   space 32768K, 0% used [0x00000000fbb80000,0x00000000fbb80000,0x00000000fdb80000)
 ParOldGen       total 342016K, used 293001K [0x0000000081c00000, 0x0000000096a00000, 0x00000000d5f00000)
  object space 342016K, 85% used [0x0000000081c00000,0x0000000093a22408,0x0000000096a00000)
 Metaspace       used 80585K, capacity 89352K, committed 89644K, reserved 1122304K
  class space    used 13119K, capacity 15901K, committed 16000K, reserved 1048576K
}
Event: 137.558 GC heap before
{Heap before GC invocations=157 (full 6):
 PSYoungGen      total 652800K, used 629969K [0x00000000d5f00000, 0x0000000100000000, 0x0000000100000000)
  eden space 619008K, 100% used [0x00000000d5f00000,0x00000000fbb80000,0x00000000fbb80000)
  from space 33792K, 32% used [0x00000000fdb80000,0x00000000fe6346a8,0x00000000ffc80000)
  to   space 32768K, 0% used [0x00000000fbb80000,0x00000000fbb80000,0x00000000fdb80000)
 ParOldGen       total 342016K, used 293003K [0x0000000081c00000, 0x0000000096a00000, 0x00000000d5f00000)
  object space 342016K, 85% used [0x0000000081c00000,0x0000000093a22c68,0x0000000096a00000)
 Metaspace       used 81905K, capacity 90830K, committed 91008K, reserved 1124352K
  class space    used 13299K, capacity 16132K, committed 16256K, reserved 1048576K
Event: 137.759 GC heap after
Heap after GC invocations=157 (full 6):
 PSYoungGen      total 651776K, used 32744K [0x00000000d5f00000, 0x0000000100000000, 0x0000000100000000)
  eden space 619008K, 0% used [0x00000000d5f00000,0x00000000d5f00000,0x00000000fbb80000)
  from space 32768K, 99% used [0x00000000fbb80000,0x00000000fdb7a398,0x00000000fdb80000)
  to   space 37376K, 0% used [0x00000000fdb80000,0x00000000fdb80000,0x0000000100000000)
 ParOldGen       total 353280K, used 353057K [0x0000000081c00000, 0x0000000097500000, 0x00000000d5f00000)
  object space 353280K, 99% used [0x0000000081c00000,0x00000000974c87c0,0x0000000097500000)
 Metaspace       used 81905K, capacity 90830K, committed 91008K, reserved 1124352K
  class space    used 13299K, capacity 16132K, committed 16256K, reserved 1048576K
}
Event: 137.759 GC heap before
{Heap before GC invocations=158 (full 7):
 PSYoungGen      total 651776K, used 32744K [0x00000000d5f00000, 0x0000000100000000, 0x0000000100000000)
  eden space 619008K, 0% used [0x00000000d5f00000,0x00000000d5f00000,0x00000000fbb80000)
  from space 32768K, 99% used [0x00000000fbb80000,0x00000000fdb7a398,0x00000000fdb80000)
  to   space 37376K, 0% used [0x00000000fdb80000,0x00000000fdb80000,0x0000000100000000)
 ParOldGen       total 353280K, used 353057K [0x0000000081c00000, 0x0000000097500000, 0x00000000d5f00000)
  object space 353280K, 99% used [0x0000000081c00000,0x00000000974c87c0,0x0000000097500000)
 Metaspace       used 81905K, capacity 90830K, committed 91008K, reserved 1124352K
  class space    used 13299K, capacity 16132K, committed 16256K, reserved 1048576K
Event: 139.050 GC heap after
Heap after GC invocations=158 (full 7):
 PSYoungGen      total 651776K, used 0K [0x00000000d5f00000, 0x0000000100000000, 0x0000000100000000)
  eden space 619008K, 0% used [0x00000000d5f00000,0x00000000d5f00000,0x00000000fbb80000)
  from space 32768K, 0% used [0x00000000fbb80000,0x00000000fbb80000,0x00000000fdb80000)
  to   space 37376K, 0% used [0x00000000fdb80000,0x00000000fdb80000,0x0000000100000000)
 ParOldGen       total 490496K, used 347858K [0x0000000081c00000, 0x000000009fb00000, 0x00000000d5f00000)
  object space 490496K, 70% used [0x0000000081c00000,0x0000000096fb4b98,0x000000009fb00000)
 Metaspace       used 81901K, capacity 90824K, committed 91008K, reserved 1124352K
  class space    used 13297K, capacity 16129K, committed 16256K, reserved 1048576K
}

