# JRE version: Java(TM) SE Runtime Environment (8.0_51-b16) (build 1.8.0_51-b16)
# Java VM: Java HotSpot(TM) 64-Bit Server VM (25.51-b03 mixed mode windows-amd64 compressed oops)
Heap:
 PSYoungGen      total 386048K, used 126869K [0x00000000d5f00000, 0x00000000f9e80000, 0x0000000100000000)
  eden space 264704K, 11% used [0x00000000d5f00000,0x00000000d7c0de60,0x00000000e6180000)
  from space 121344K, 80% used [0x00000000f2800000,0x00000000f86d77a8,0x00000000f9e80000)
  to   space 104448K, 0% used [0x00000000e6180000,0x00000000e6180000,0x00000000ec780000)
 ParOldGen       total 248320K, used 174735K [0x0000000081c00000, 0x0000000090e80000, 0x00000000d5f00000)
  object space 248320K, 70% used [0x0000000081c00000,0x000000008c6a3c88,0x0000000090e80000)
 Metaspace       used 41406K, capacity 43877K, committed 44160K, reserved 1087488K
  class space    used 5448K, capacity 6191K, committed 6272K, reserved 1048576K
GC Heap History (10 events):
Event: 22.740 GC heap before
{Heap before GC invocations=17 (full 3):
 PSYoungGen      total 244224K, used 184320K [0x00000000d5f00000, 0x00000000e8d00000, 0x0000000100000000)
  eden space 184320K, 100% used [0x00000000d5f00000,0x00000000e1300000,0x00000000e1300000)
  from space 59904K, 0% used [0x00000000e1300000,0x00000000e1300000,0x00000000e4d80000)
  to   space 56320K, 0% used [0x00000000e4d80000,0x00000000e4d80000,0x00000000e8480000)
 ParOldGen       total 248320K, used 136163K [0x0000000081c00000, 0x0000000090e80000, 0x00000000d5f00000)
  object space 248320K, 54% used [0x0000000081c00000,0x000000008a0f8f38,0x0000000090e80000)
 Metaspace       used 37434K, capacity 39613K, committed 39680K, reserved 1083392K
  class space    used 4689K, capacity 5374K, committed 5376K, reserved 1048576K
Event: 22.985 GC heap after
Heap after GC invocations=17 (full 3):
 PSYoungGen      total 240640K, used 56294K [0x00000000d5f00000, 0x00000000e8d00000, 0x0000000100000000)
  eden space 184320K, 0% used [0x00000000d5f00000,0x00000000d5f00000,0x00000000e1300000)
  from space 56320K, 99% used [0x00000000e4d80000,0x00000000e84799a0,0x00000000e8480000)
  to   space 59904K, 0% used [0x00000000e1300000,0x00000000e1300000,0x00000000e4d80000)
 ParOldGen       total 248320K, used 162747K [0x0000000081c00000, 0x0000000090e80000, 0x00000000d5f00000)
  object space 248320K, 65% used [0x0000000081c00000,0x000000008baeec58,0x0000000090e80000)
 Metaspace       used 37434K, capacity 39613K, committed 39680K, reserved 1083392K
  class space    used 4689K, capacity 5374K, committed 5376K, reserved 1048576K
}
Event: 24.056 GC heap before
{Heap before GC invocations=18 (full 3):
 PSYoungGen      total 240640K, used 240614K [0x00000000d5f00000, 0x00000000e8d00000, 0x0000000100000000)
  eden space 184320K, 100% used [0x00000000d5f00000,0x00000000e1300000,0x00000000e1300000)
  from space 56320K, 99% used [0x00000000e4d80000,0x00000000e84799a0,0x00000000e8480000)
  to   space 59904K, 0% used [0x00000000e1300000,0x00000000e1300000,0x00000000e4d80000)
 ParOldGen       total 248320K, used 162747K [0x0000000081c00000, 0x0000000090e80000, 0x00000000d5f00000)
  object space 248320K, 65% used [0x0000000081c00000,0x000000008baeec58,0x0000000090e80000)
 Metaspace       used 37976K, capacity 40129K, committed 40320K, reserved 1083392K
  class space    used 4829K, capacity 5502K, committed 5504K, reserved 1048576K
Event: 24.203 GC heap after
Heap after GC invocations=18 (full 3):
 PSYoungGen      total 244224K, used 59880K [0x00000000d5f00000, 0x00000000f2c80000, 0x0000000100000000)
  eden space 184320K, 0% used [0x00000000d5f00000,0x00000000d5f00000,0x00000000e1300000)
  from space 59904K, 99% used [0x00000000e1300000,0x00000000e4d7a1c0,0x00000000e4d80000)
  to   space 103424K, 0% used [0x00000000ec780000,0x00000000ec780000,0x00000000f2c80000)
 ParOldGen       total 248320K, used 167843K [0x0000000081c00000, 0x0000000090e80000, 0x00000000d5f00000)
  object space 248320K, 67% used [0x0000000081c00000,0x000000008bfe8f78,0x0000000090e80000)
 Metaspace       used 37976K, capacity 40129K, committed 40320K, reserved 1083392K
  class space    used 4829K, capacity 5502K, committed 5504K, reserved 1048576K
}
Event: 25.273 GC heap before
{Heap before GC invocations=19 (full 3):
 PSYoungGen      total 244224K, used 244200K [0x00000000d5f00000, 0x00000000f2c80000, 0x0000000100000000)
  eden space 184320K, 100% used [0x00000000d5f00000,0x00000000e1300000,0x00000000e1300000)
  from space 59904K, 99% used [0x00000000e1300000,0x00000000e4d7a1c0,0x00000000e4d80000)
  to   space 103424K, 0% used [0x00000000ec780000,0x00000000ec780000,0x00000000f2c80000)
 ParOldGen       total 248320K, used 167996K [0x0000000081c00000, 0x0000000090e80000, 0x00000000d5f00000)
  object space 248320K, 67% used [0x0000000081c00000,0x000000008c00f168,0x0000000090e80000)
 Metaspace       used 38450K, capacity 40641K, committed 40832K, reserved 1085440K
  class space    used 4974K, capacity 5669K, committed 5760K, reserved 1048576K
Event: 25.497 GC heap after
Heap after GC invocations=19 (full 3):
 PSYoungGen      total 368128K, used 60732K [0x00000000d5f00000, 0x00000000f3100000, 0x0000000100000000)
  eden space 264704K, 0% used [0x00000000d5f00000,0x00000000d5f00000,0x00000000e6180000)
  from space 103424K, 58% used [0x00000000ec780000,0x00000000f02cf168,0x00000000f2c80000)
  to   space 104448K, 0% used [0x00000000e6180000,0x00000000e6180000,0x00000000ec780000)
 ParOldGen       total 248320K, used 169836K [0x0000000081c00000, 0x0000000090e80000, 0x00000000d5f00000)
  object space 248320K, 68% used [0x0000000081c00000,0x000000008c1db198,0x0000000090e80000)
 Metaspace       used 38450K, capacity 40641K, committed 40832K, reserved 1085440K
  class space    used 4974K, capacity 5669K, committed 5760K, reserved 1048576K
}
Event: 27.368 GC heap before
{Heap before GC invocations=20 (full 3):
 PSYoungGen      total 368128K, used 325436K [0x00000000d5f00000, 0x00000000f3100000, 0x0000000100000000)
  eden space 264704K, 100% used [0x00000000d5f00000,0x00000000e6180000,0x00000000e6180000)
  from space 103424K, 58% used [0x00000000ec780000,0x00000000f02cf168,0x00000000f2c80000)
  to   space 104448K, 0% used [0x00000000e6180000,0x00000000e6180000,0x00000000ec780000)
 ParOldGen       total 248320K, used 170261K [0x0000000081c00000, 0x0000000090e80000, 0x00000000d5f00000)
  object space 248320K, 68% used [0x0000000081c00000,0x000000008c245610,0x0000000090e80000)
 Metaspace       used 39794K, capacity 42091K, committed 42368K, reserved 1085440K
  class space    used 5196K, capacity 5922K, committed 6016K, reserved 1048576K
Event: 27.720 GC heap after
Heap after GC invocations=20 (full 3):
 PSYoungGen      total 369152K, used 104168K [0x00000000d5f00000, 0x00000000f9e80000, 0x0000000100000000)
  eden space 264704K, 0% used [0x00000000d5f00000,0x00000000d5f00000,0x00000000e6180000)
  from space 104448K, 99% used [0x00000000e6180000,0x00000000ec73a0a0,0x00000000ec780000)
  to   space 121344K, 0% used [0x00000000f2800000,0x00000000f2800000,0x00000000f9e80000)
 ParOldGen       total 248320K, used 172151K [0x0000000081c00000, 0x0000000090e80000, 0x00000000d5f00000)
  object space 248320K, 69% used [0x0000000081c00000,0x000000008c41dc58,0x0000000090e80000)
 Metaspace       used 39794K, capacity 42091K, committed 42368K, reserved 1085440K
  class space    used 5196K, capacity 5922K, committed 6016K, reserved 1048576K
}
Event: 30.652 GC heap before
{Heap before GC invocations=21 (full 3):
 PSYoungGen      total 369152K, used 368872K [0x00000000d5f00000, 0x00000000f9e80000, 0x0000000100000000)
  eden space 264704K, 100% used [0x00000000d5f00000,0x00000000e6180000,0x00000000e6180000)
  from space 104448K, 99% used [0x00000000e6180000,0x00000000ec73a0a0,0x00000000ec780000)
  to   space 121344K, 0% used [0x00000000f2800000,0x00000000f2800000,0x00000000f9e80000)
 ParOldGen       total 248320K, used 172151K [0x0000000081c00000, 0x0000000090e80000, 0x00000000d5f00000)
  object space 248320K, 69% used [0x0000000081c00000,0x000000008c41dc58,0x0000000090e80000)
 Metaspace       used 41230K, capacity 43725K, committed 43904K, reserved 1087488K
  class space    used 5415K, capacity 6179K, committed 6272K, reserved 1048576K
Event: 30.989 GC heap after
Heap after GC invocations=21 (full 3):
 PSYoungGen      total 386048K, used 97117K [0x00000000d5f00000, 0x00000000f9e80000, 0x0000000100000000)
  eden space 264704K, 0% used [0x00000000d5f00000,0x00000000d5f00000,0x00000000e6180000)
  from space 121344K, 80% used [0x00000000f2800000,0x00000000f86d77a8,0x00000000f9e80000)
  to   space 104448K, 0% used [0x00000000e6180000,0x00000000e6180000,0x00000000ec780000)
 ParOldGen       total 248320K, used 174735K [0x0000000081c00000, 0x0000000090e80000, 0x00000000d5f00000)
  object space 248320K, 70% used [0x0000000081c00000,0x000000008c6a3c88,0x0000000090e80000)
 Metaspace       used 41230K, capacity 43725K, committed 43904K, reserved 1087488K
  class space    used 5415K, capacity 6179K, committed 6272K, reserved 1048576K
}

