# JRE version: Java(TM) SE Runtime Environment (8.0_51-b16) (build 1.8.0_51-b16)
# Java VM: Java HotSpot(TM) 64-Bit Server VM (25.51-b03 mixed mode windows-amd64 compressed oops)
Heap:
 PSYoungGen      total 442368K, used 58414K [0x00000000d5f00000, 0x00000000f9f00000, 0x0000000100000000)
  eden space 318976K, 7% used [0x00000000d5f00000,0x00000000d761d8e0,0x00000000e9680000)
  from space 123392K, 28% used [0x00000000e9680000,0x00000000eb86e1e8,0x00000000f0f00000)
  to   space 100352K, 0% used [0x00000000f0f00000,0x00000000f0f00000,0x00000000f7100000)
 ParOldGen       total 247296K, used 143337K [0x0000000081c00000, 0x0000000090d80000, 0x00000000d5f00000)
  object space 247296K, 57% used [0x0000000081c00000,0x000000008a7fa408,0x0000000090d80000)
 Metaspace       used 41194K, capacity 43611K, committed 43776K, reserved 1087488K
  class space    used 5403K, capacity 6144K, committed 6144K, reserved 1048576K
GC Heap History (10 events):
Event: 22.519 GC heap before
{Heap before GC invocations=16 (full 2):
 PSYoungGen      total 230912K, used 230907K [0x00000000d5f00000, 0x00000000eee80000, 0x0000000100000000)
  eden space 156672K, 100% used [0x00000000d5f00000,0x00000000df800000,0x00000000df800000)
  from space 74240K, 99% used [0x00000000df800000,0x00000000e407ecd8,0x00000000e4080000)
  to   space 88576K, 0% used [0x00000000e9800000,0x00000000e9800000,0x00000000eee80000)
 ParOldGen       total 143360K, used 90173K [0x0000000081c00000, 0x000000008a800000, 0x00000000d5f00000)
  object space 143360K, 62% used [0x0000000081c00000,0x000000008740f610,0x000000008a800000)
 Metaspace       used 37301K, capacity 39469K, committed 39680K, reserved 1083392K
  class space    used 4639K, capacity 5310K, committed 5376K, reserved 1048576K
Event: 22.690 GC heap after
Heap after GC invocations=16 (full 2):
 PSYoungGen      total 319488K, used 51451K [0x00000000d5f00000, 0x00000000ef180000, 0x0000000100000000)
  eden space 230912K, 0% used [0x00000000d5f00000,0x00000000d5f00000,0x00000000e4080000)
  from space 88576K, 58% used [0x00000000e9800000,0x00000000eca3ecd8,0x00000000eee80000)
  to   space 89600K, 0% used [0x00000000e4080000,0x00000000e4080000,0x00000000e9800000)
 ParOldGen       total 143360K, used 92257K [0x0000000081c00000, 0x000000008a800000, 0x00000000d5f00000)
  object space 143360K, 64% used [0x0000000081c00000,0x0000000087618680,0x000000008a800000)
 Metaspace       used 37301K, capacity 39469K, committed 39680K, reserved 1083392K
  class space    used 4639K, capacity 5310K, committed 5376K, reserved 1048576K
}
Event: 24.609 GC heap before
{Heap before GC invocations=17 (full 2):
 PSYoungGen      total 319488K, used 282363K [0x00000000d5f00000, 0x00000000ef180000, 0x0000000100000000)
  eden space 230912K, 100% used [0x00000000d5f00000,0x00000000e4080000,0x00000000e4080000)
  from space 88576K, 58% used [0x00000000e9800000,0x00000000eca3ecd8,0x00000000eee80000)
  to   space 89600K, 0% used [0x00000000e4080000,0x00000000e4080000,0x00000000e9800000)
 ParOldGen       total 143360K, used 92257K [0x0000000081c00000, 0x000000008a800000, 0x00000000d5f00000)
  object space 143360K, 64% used [0x0000000081c00000,0x0000000087618680,0x000000008a800000)
 Metaspace       used 37984K, capacity 40185K, committed 40320K, reserved 1083392K
  class space    used 4809K, capacity 5502K, committed 5504K, reserved 1048576K
Event: 24.807 GC heap after
Heap after GC invocations=17 (full 2):
 PSYoungGen      total 320512K, used 78184K [0x00000000d5f00000, 0x00000000f7100000, 0x0000000100000000)
  eden space 230912K, 0% used [0x00000000d5f00000,0x00000000d5f00000,0x00000000e4080000)
  from space 89600K, 87% used [0x00000000e4080000,0x00000000e8cda058,0x00000000e9800000)
  to   space 100352K, 0% used [0x00000000f0f00000,0x00000000f0f00000,0x00000000f7100000)
 ParOldGen       total 143360K, used 94975K [0x0000000081c00000, 0x000000008a800000, 0x00000000d5f00000)
  object space 143360K, 66% used [0x0000000081c00000,0x00000000878bfd08,0x000000008a800000)
 Metaspace       used 37984K, capacity 40185K, committed 40320K, reserved 1083392K
  class space    used 4809K, capacity 5502K, committed 5504K, reserved 1048576K
}
Event: 27.500 GC heap before
{Heap before GC invocations=18 (full 2):
 PSYoungGen      total 320512K, used 309096K [0x00000000d5f00000, 0x00000000f7100000, 0x0000000100000000)
  eden space 230912K, 100% used [0x00000000d5f00000,0x00000000e4080000,0x00000000e4080000)
  from space 89600K, 87% used [0x00000000e4080000,0x00000000e8cda058,0x00000000e9800000)
  to   space 100352K, 0% used [0x00000000f0f00000,0x00000000f0f00000,0x00000000f7100000)
 ParOldGen       total 143360K, used 94975K [0x0000000081c00000, 0x000000008a800000, 0x00000000d5f00000)
  object space 143360K, 66% used [0x0000000081c00000,0x00000000878bfd08,0x000000008a800000)
 Metaspace       used 39392K, capacity 41627K, committed 41728K, reserved 1085440K
  class space    used 5129K, capacity 5834K, committed 5888K, reserved 1048576K
Event: 27.856 GC heap after
Heap after GC invocations=18 (full 2):
 PSYoungGen      total 419328K, used 100328K [0x00000000d5f00000, 0x00000000f9f00000, 0x0000000100000000)
  eden space 318976K, 0% used [0x00000000d5f00000,0x00000000d5f00000,0x00000000e9680000)
  from space 100352K, 99% used [0x00000000f0f00000,0x00000000f70fa260,0x00000000f7100000)
  to   space 123392K, 0% used [0x00000000e9680000,0x00000000e9680000,0x00000000f0f00000)
 ParOldGen       total 143360K, used 113371K [0x0000000081c00000, 0x000000008a800000, 0x00000000d5f00000)
  object space 143360K, 79% used [0x0000000081c00000,0x0000000088ab6ee0,0x000000008a800000)
 Metaspace       used 39392K, capacity 41627K, committed 41728K, reserved 1085440K
  class space    used 5129K, capacity 5834K, committed 5888K, reserved 1048576K
}
Event: 30.994 GC heap before
{Heap before GC invocations=19 (full 2):
 PSYoungGen      total 419328K, used 419304K [0x00000000d5f00000, 0x00000000f9f00000, 0x0000000100000000)
  eden space 318976K, 100% used [0x00000000d5f00000,0x00000000e9680000,0x00000000e9680000)
  from space 100352K, 99% used [0x00000000f0f00000,0x00000000f70fa260,0x00000000f7100000)
  to   space 123392K, 0% used [0x00000000e9680000,0x00000000e9680000,0x00000000f0f00000)
 ParOldGen       total 143360K, used 113505K [0x0000000081c00000, 0x000000008a800000, 0x00000000d5f00000)
  object space 143360K, 79% used [0x0000000081c00000,0x0000000088ad8558,0x000000008a800000)
 Metaspace       used 41143K, capacity 43609K, committed 43776K, reserved 1087488K
  class space    used 5390K, capacity 6143K, committed 6144K, reserved 1048576K
Event: 31.365 GC heap after
Heap after GC invocations=19 (full 2):
 PSYoungGen      total 442368K, used 123381K [0x00000000d5f00000, 0x00000000f9f00000, 0x0000000100000000)
  eden space 318976K, 0% used [0x00000000d5f00000,0x00000000d5f00000,0x00000000e9680000)
  from space 123392K, 99% used [0x00000000e9680000,0x00000000f0efd5a0,0x00000000f0f00000)
  to   space 100352K, 0% used [0x00000000f0f00000,0x00000000f0f00000,0x00000000f7100000)
 ParOldGen       total 143360K, used 127529K [0x0000000081c00000, 0x000000008a800000, 0x00000000d5f00000)
  object space 143360K, 88% used [0x0000000081c00000,0x000000008988a560,0x000000008a800000)
 Metaspace       used 41143K, capacity 43609K, committed 43776K, reserved 1087488K
  class space    used 5390K, capacity 6143K, committed 6144K, reserved 1048576K
}
Event: 31.365 GC heap before
{Heap before GC invocations=20 (full 3):
 PSYoungGen      total 442368K, used 123381K [0x00000000d5f00000, 0x00000000f9f00000, 0x0000000100000000)
  eden space 318976K, 0% used [0x00000000d5f00000,0x00000000d5f00000,0x00000000e9680000)
  from space 123392K, 99% used [0x00000000e9680000,0x00000000f0efd5a0,0x00000000f0f00000)
  to   space 100352K, 0% used [0x00000000f0f00000,0x00000000f0f00000,0x00000000f7100000)
 ParOldGen       total 143360K, used 127529K [0x0000000081c00000, 0x000000008a800000, 0x00000000d5f00000)
  object space 143360K, 88% used [0x0000000081c00000,0x000000008988a560,0x000000008a800000)
 Metaspace       used 41143K, capacity 43609K, committed 43776K, reserved 1087488K
  class space    used 5390K, capacity 6143K, committed 6144K, reserved 1048576K
Event: 32.189 GC heap after
Heap after GC invocations=20 (full 3):
 PSYoungGen      total 442368K, used 34744K [0x00000000d5f00000, 0x00000000f9f00000, 0x0000000100000000)
  eden space 318976K, 0% used [0x00000000d5f00000,0x00000000d5f00000,0x00000000e9680000)
  from space 123392K, 28% used [0x00000000e9680000,0x00000000eb86e1e8,0x00000000f0f00000)
  to   space 100352K, 0% used [0x00000000f0f00000,0x00000000f0f00000,0x00000000f7100000)
 ParOldGen       total 247296K, used 143337K [0x0000000081c00000, 0x0000000090d80000, 0x00000000d5f00000)
  object space 247296K, 57% used [0x0000000081c00000,0x000000008a7fa408,0x0000000090d80000)
 Metaspace       used 41143K, capacity 43609K, committed 43776K, reserved 1087488K
  class space    used 5390K, capacity 6143K, committed 6144K, reserved 1048576K
}

