# JRE version: Java(TM) SE Runtime Environment (8.0_51-b16) (build 1.8.0_51-b16)
# Java VM: Java HotSpot(TM) 64-Bit Server VM (25.51-b03 mixed mode windows-amd64 compressed oops)
Heap:
 PSYoungGen      total 581632K, used 266841K [0x00000000d5f00000, 0x0000000100000000, 0x0000000100000000)
  eden space 474112K, 35% used [0x00000000d5f00000,0x00000000e02ad2f0,0x00000000f2e00000)
  from space 107520K, 92% used [0x00000000f2e00000,0x00000000f8ee9300,0x00000000f9700000)
  to   space 107520K, 0% used [0x00000000f9700000,0x00000000f9700000,0x0000000100000000)
 ParOldGen       total 306688K, used 306413K [0x0000000081c00000, 0x0000000094780000, 0x00000000d5f00000)
  object space 306688K, 99% used [0x0000000081c00000,0x000000009473b760,0x0000000094780000)
 Metaspace       used 78749K, capacity 87386K, committed 87424K, reserved 1122304K
  class space    used 12059K, capacity 14450K, committed 14464K, reserved 1048576K
GC Heap History (10 events):
Event: 211.879 GC heap before
{Heap before GC invocations=90 (full 8):
 PSYoungGen      total 549888K, used 474112K [0x00000000d5f00000, 0x0000000100000000, 0x0000000100000000)
  eden space 474112K, 100% used [0x00000000d5f00000,0x00000000f2e00000,0x00000000f2e00000)
  from space 75776K, 0% used [0x00000000fab00000,0x00000000fab00000,0x00000000ff500000)
  to   space 107520K, 0% used [0x00000000f2e00000,0x00000000f2e00000,0x00000000f9700000)
 ParOldGen       total 296448K, used 288693K [0x0000000081c00000, 0x0000000093d80000, 0x00000000d5f00000)
  object space 296448K, 97% used [0x0000000081c00000,0x00000000935ed7d8,0x0000000093d80000)
 Metaspace       used 76210K, capacity 84314K, committed 84480K, reserved 1120256K
  class space    used 11689K, capacity 13962K, committed 14080K, reserved 1048576K
Event: 213.754 GC heap after
Heap after GC invocations=90 (full 8):
 PSYoungGen      total 549888K, used 105273K [0x00000000d5f00000, 0x0000000100000000, 0x0000000100000000)
  eden space 474112K, 22% used [0x00000000d5f00000,0x00000000dc5ce608,0x00000000f2e00000)
  from space 75776K, 0% used [0x00000000fab00000,0x00000000fab00000,0x00000000ff500000)
  to   space 107520K, 0% used [0x00000000f2e00000,0x00000000f2e00000,0x00000000f9700000)
 ParOldGen       total 296448K, used 296387K [0x0000000081c00000, 0x0000000093d80000, 0x00000000d5f00000)
  object space 296448K, 99% used [0x0000000081c00000,0x0000000093d70cf0,0x0000000093d80000)
 Metaspace       used 76210K, capacity 84314K, committed 84480K, reserved 1120256K
  class space    used 11689K, capacity 13962K, committed 14080K, reserved 1048576K
}
Event: 216.091 GC heap before
{Heap before GC invocations=91 (full 9):
 PSYoungGen      total 549888K, used 474112K [0x00000000d5f00000, 0x0000000100000000, 0x0000000100000000)
  eden space 474112K, 100% used [0x00000000d5f00000,0x00000000f2e00000,0x00000000f2e00000)
  from space 75776K, 0% used [0x00000000fab00000,0x00000000fab00000,0x00000000ff500000)
  to   space 107520K, 0% used [0x00000000f2e00000,0x00000000f2e00000,0x00000000f9700000)
 ParOldGen       total 296448K, used 296387K [0x0000000081c00000, 0x0000000093d80000, 0x00000000d5f00000)
  object space 296448K, 99% used [0x0000000081c00000,0x0000000093d70cf0,0x0000000093d80000)
 Metaspace       used 77165K, capacity 85666K, committed 85888K, reserved 1120256K
  class space    used 11825K, capacity 14196K, committed 14208K, reserved 1048576K
Event: 218.064 GC heap after
Heap after GC invocations=91 (full 9):
 PSYoungGen      total 549888K, used 38472K [0x00000000d5f00000, 0x0000000100000000, 0x0000000100000000)
  eden space 474112K, 8% used [0x00000000d5f00000,0x00000000d8492290,0x00000000f2e00000)
  from space 75776K, 0% used [0x00000000fab00000,0x00000000fab00000,0x00000000ff500000)
  to   space 107520K, 0% used [0x00000000f2e00000,0x00000000f2e00000,0x00000000f9700000)
 ParOldGen       total 296448K, used 296335K [0x0000000081c00000, 0x0000000093d80000, 0x00000000d5f00000)
  object space 296448K, 99% used [0x0000000081c00000,0x0000000093d63f08,0x0000000093d80000)
 Metaspace       used 77158K, capacity 85642K, committed 85888K, reserved 1120256K
  class space    used 11823K, capacity 14192K, committed 14208K, reserved 1048576K
}
Event: 222.794 GC heap before
{Heap before GC invocations=92 (full 10):
 PSYoungGen      total 549888K, used 474112K [0x00000000d5f00000, 0x0000000100000000, 0x0000000100000000)
  eden space 474112K, 100% used [0x00000000d5f00000,0x00000000f2e00000,0x00000000f2e00000)
  from space 75776K, 0% used [0x00000000fab00000,0x00000000fab00000,0x00000000ff500000)
  to   space 107520K, 0% used [0x00000000f2e00000,0x00000000f2e00000,0x00000000f9700000)
 ParOldGen       total 296448K, used 296335K [0x0000000081c00000, 0x0000000093d80000, 0x00000000d5f00000)
  object space 296448K, 99% used [0x0000000081c00000,0x0000000093d63f08,0x0000000093d80000)
 Metaspace       used 77168K, capacity 85642K, committed 85888K, reserved 1120256K
  class space    used 11823K, capacity 14192K, committed 14208K, reserved 1048576K
Event: 223.818 GC heap after
Heap after GC invocations=92 (full 10):
 PSYoungGen      total 549888K, used 0K [0x00000000d5f00000, 0x0000000100000000, 0x0000000100000000)
  eden space 474112K, 0% used [0x00000000d5f00000,0x00000000d5f00000,0x00000000f2e00000)
  from space 75776K, 0% used [0x00000000fab00000,0x00000000fab00000,0x00000000ff500000)
  to   space 107520K, 0% used [0x00000000f2e00000,0x00000000f2e00000,0x00000000f9700000)
 ParOldGen       total 296448K, used 255974K [0x0000000081c00000, 0x0000000093d80000, 0x00000000d5f00000)
  object space 296448K, 86% used [0x0000000081c00000,0x00000000915f9bc0,0x0000000093d80000)
 Metaspace       used 77168K, capacity 85642K, committed 85888K, reserved 1120256K
  class space    used 11823K, capacity 14192K, committed 14208K, reserved 1048576K
}
Event: 228.867 GC heap before
{Heap before GC invocations=93 (full 10):
 PSYoungGen      total 549888K, used 474112K [0x00000000d5f00000, 0x0000000100000000, 0x0000000100000000)
  eden space 474112K, 100% used [0x00000000d5f00000,0x00000000f2e00000,0x00000000f2e00000)
  from space 75776K, 0% used [0x00000000fab00000,0x00000000fab00000,0x00000000ff500000)
  to   space 107520K, 0% used [0x00000000f2e00000,0x00000000f2e00000,0x00000000f9700000)
 ParOldGen       total 296448K, used 255974K [0x0000000081c00000, 0x0000000093d80000, 0x00000000d5f00000)
  object space 296448K, 86% used [0x0000000081c00000,0x00000000915f9bc0,0x0000000093d80000)
 Metaspace       used 78385K, capacity 86926K, committed 87168K, reserved 1122304K
  class space    used 12004K, capacity 14372K, committed 14464K, reserved 1048576K
Event: 229.094 GC heap after
Heap after GC invocations=93 (full 10):
 PSYoungGen      total 581632K, used 107518K [0x00000000d5f00000, 0x0000000100000000, 0x0000000100000000)
  eden space 474112K, 0% used [0x00000000d5f00000,0x00000000d5f00000,0x00000000f2e00000)
  from space 107520K, 99% used [0x00000000f2e00000,0x00000000f96ff960,0x00000000f9700000)
  to   space 107520K, 0% used [0x00000000f9700000,0x00000000f9700000,0x0000000100000000)
 ParOldGen       total 306688K, used 306671K [0x0000000081c00000, 0x0000000094780000, 0x00000000d5f00000)
  object space 306688K, 99% used [0x0000000081c00000,0x000000009477bcb8,0x0000000094780000)
 Metaspace       used 78385K, capacity 86926K, committed 87168K, reserved 1122304K
  class space    used 12004K, capacity 14372K, committed 14464K, reserved 1048576K
}
Event: 229.094 GC heap before
{Heap before GC invocations=94 (full 11):
 PSYoungGen      total 581632K, used 107518K [0x00000000d5f00000, 0x0000000100000000, 0x0000000100000000)
  eden space 474112K, 0% used [0x00000000d5f00000,0x00000000d5f00000,0x00000000f2e00000)
  from space 107520K, 99% used [0x00000000f2e00000,0x00000000f96ff960,0x00000000f9700000)
  to   space 107520K, 0% used [0x00000000f9700000,0x00000000f9700000,0x0000000100000000)
 ParOldGen       total 306688K, used 306671K [0x0000000081c00000, 0x0000000094780000, 0x00000000d5f00000)
  object space 306688K, 99% used [0x0000000081c00000,0x000000009477bcb8,0x0000000094780000)
 Metaspace       used 78385K, capacity 86926K, committed 87168K, reserved 1122304K
  class space    used 12004K, capacity 14372K, committed 14464K, reserved 1048576K
Event: 230.587 GC heap after
Heap after GC invocations=94 (full 11):
 PSYoungGen      total 581632K, used 99236K [0x00000000d5f00000, 0x0000000100000000, 0x0000000100000000)
  eden space 474112K, 0% used [0x00000000d5f00000,0x00000000d5f00000,0x00000000f2e00000)
  from space 107520K, 92% used [0x00000000f2e00000,0x00000000f8ee9300,0x00000000f9700000)
  to   space 107520K, 0% used [0x00000000f9700000,0x00000000f9700000,0x0000000100000000)
 ParOldGen       total 306688K, used 306413K [0x0000000081c00000, 0x0000000094780000, 0x00000000d5f00000)
  object space 306688K, 99% used [0x0000000081c00000,0x000000009473b760,0x0000000094780000)
 Metaspace       used 78385K, capacity 86926K, committed 87168K, reserved 1122304K
  class space    used 12004K, capacity 14372K, committed 14464K, reserved 1048576K
}

