# JRE version: Java(TM) SE Runtime Environment (8.0_51-b16) (build 1.8.0_51-b16)
# Java VM: Java HotSpot(TM) 64-Bit Server VM (25.51-b03 mixed mode windows-amd64 compressed oops)
Heap:
 PSYoungGen      total 286208K, used 113403K [0x00000000d5f00000, 0x00000000ff600000, 0x0000000100000000)
  eden space 230400K, 25% used [0x00000000d5f00000,0x00000000d974b760,0x00000000e4000000)
  from space 55808K, 99% used [0x00000000e4000000,0x00000000e76736f8,0x00000000e7680000)
  to   space 224256K, 0% used [0x00000000f1b00000,0x00000000f1b00000,0x00000000ff600000)
 ParOldGen       total 425472K, used 354387K [0x0000000081c00000, 0x000000009bb80000, 0x00000000d5f00000)
  object space 425472K, 83% used [0x0000000081c00000,0x0000000097614f58,0x000000009bb80000)
 Metaspace       used 91906K, capacity 102924K, committed 103040K, reserved 1136640K
  class space    used 13817K, capacity 16652K, committed 16768K, reserved 1048576K
GC Heap History (10 events):
Event: 659.917 GC heap before
{Heap before GC invocations=100 (full 8):
 PSYoungGen      total 293376K, used 293071K [0x00000000d5f00000, 0x00000000ff780000, 0x0000000100000000)
  eden space 230400K, 100% used [0x00000000d5f00000,0x00000000e4000000,0x00000000e4000000)
  from space 62976K, 99% used [0x00000000e4000000,0x00000000e7d33fa0,0x00000000e7d80000)
  to   space 221696K, 0% used [0x00000000f1f00000,0x00000000f1f00000,0x00000000ff780000)
 ParOldGen       total 425472K, used 347079K [0x0000000081c00000, 0x000000009bb80000, 0x00000000d5f00000)
  object space 425472K, 81% used [0x0000000081c00000,0x0000000096ef1cf0,0x000000009bb80000)
 Metaspace       used 88240K, capacity 98172K, committed 98432K, reserved 1132544K
  class space    used 13308K, capacity 15958K, committed 16000K, reserved 1048576K
Event: 660.142 GC heap after
Heap after GC invocations=100 (full 8):
 PSYoungGen      total 451072K, used 182406K [0x00000000d5f00000, 0x0000000100000000, 0x0000000100000000)
  eden space 229376K, 0% used [0x00000000d5f00000,0x00000000d5f00000,0x00000000e3f00000)
  from space 221696K, 82% used [0x00000000f1f00000,0x00000000fd121a80,0x00000000ff780000)
  to   space 229376K, 0% used [0x00000000e3f00000,0x00000000e3f00000,0x00000000f1f00000)
 ParOldGen       total 425472K, used 347087K [0x0000000081c00000, 0x000000009bb80000, 0x00000000d5f00000)
  object space 425472K, 81% used [0x0000000081c00000,0x0000000096ef3cf0,0x000000009bb80000)
 Metaspace       used 88240K, capacity 98172K, committed 98432K, reserved 1132544K
  class space    used 13308K, capacity 15958K, committed 16000K, reserved 1048576K
}
Event: 669.088 GC heap before
{Heap before GC invocations=101 (full 8):
 PSYoungGen      total 451072K, used 411782K [0x00000000d5f00000, 0x0000000100000000, 0x0000000100000000)
  eden space 229376K, 100% used [0x00000000d5f00000,0x00000000e3f00000,0x00000000e3f00000)
  from space 221696K, 82% used [0x00000000f1f00000,0x00000000fd121a80,0x00000000ff780000)
  to   space 229376K, 0% used [0x00000000e3f00000,0x00000000e3f00000,0x00000000f1f00000)
 ParOldGen       total 425472K, used 347087K [0x0000000081c00000, 0x000000009bb80000, 0x00000000d5f00000)
  object space 425472K, 81% used [0x0000000081c00000,0x0000000096ef3cf0,0x000000009bb80000)
 Metaspace       used 90049K, capacity 100404K, committed 100480K, reserved 1134592K
  class space    used 13532K, capacity 16256K, committed 16256K, reserved 1048576K
Event: 669.275 GC heap after
Heap after GC invocations=101 (full 8):
 PSYoungGen      total 458752K, used 127133K [0x00000000d5f00000, 0x0000000100000000, 0x0000000100000000)
  eden space 229376K, 0% used [0x00000000d5f00000,0x00000000d5f00000,0x00000000e3f00000)
  from space 229376K, 55% used [0x00000000e3f00000,0x00000000ebb27598,0x00000000f1f00000)
  to   space 229376K, 0% used [0x00000000f2000000,0x00000000f2000000,0x0000000100000000)
 ParOldGen       total 425472K, used 357350K [0x0000000081c00000, 0x000000009bb80000, 0x00000000d5f00000)
  object space 425472K, 83% used [0x0000000081c00000,0x00000000978f9a60,0x000000009bb80000)
 Metaspace       used 90049K, capacity 100404K, committed 100480K, reserved 1134592K
  class space    used 13532K, capacity 16256K, committed 16256K, reserved 1048576K
}
Event: 671.526 GC heap before
{Heap before GC invocations=102 (full 8):
 PSYoungGen      total 458752K, used 356509K [0x00000000d5f00000, 0x0000000100000000, 0x0000000100000000)
  eden space 229376K, 100% used [0x00000000d5f00000,0x00000000e3f00000,0x00000000e3f00000)
  from space 229376K, 55% used [0x00000000e3f00000,0x00000000ebb27598,0x00000000f1f00000)
  to   space 229376K, 0% used [0x00000000f2000000,0x00000000f2000000,0x0000000100000000)
 ParOldGen       total 425472K, used 358487K [0x0000000081c00000, 0x000000009bb80000, 0x00000000d5f00000)
  object space 425472K, 84% used [0x0000000081c00000,0x0000000097a15fb8,0x000000009bb80000)
 Metaspace       used 90922K, capacity 101562K, committed 101760K, reserved 1134592K
  class space    used 13652K, capacity 16449K, committed 16512K, reserved 1048576K
Event: 671.672 GC heap after
Heap after GC invocations=102 (full 8):
 PSYoungGen      total 459776K, used 72660K [0x00000000d5f00000, 0x0000000100000000, 0x0000000100000000)
  eden space 230400K, 0% used [0x00000000d5f00000,0x00000000d5f00000,0x00000000e4000000)
  from space 229376K, 31% used [0x00000000f2000000,0x00000000f66f51a0,0x0000000100000000)
  to   space 229376K, 0% used [0x00000000e4000000,0x00000000e4000000,0x00000000f2000000)
 ParOldGen       total 425472K, used 393908K [0x0000000081c00000, 0x000000009bb80000, 0x00000000d5f00000)
  object space 425472K, 92% used [0x0000000081c00000,0x0000000099cad050,0x000000009bb80000)
 Metaspace       used 90922K, capacity 101562K, committed 101760K, reserved 1134592K
  class space    used 13652K, capacity 16449K, committed 16512K, reserved 1048576K
}
Event: 671.672 GC heap before
{Heap before GC invocations=103 (full 9):
 PSYoungGen      total 459776K, used 72660K [0x00000000d5f00000, 0x0000000100000000, 0x0000000100000000)
  eden space 230400K, 0% used [0x00000000d5f00000,0x00000000d5f00000,0x00000000e4000000)
  from space 229376K, 31% used [0x00000000f2000000,0x00000000f66f51a0,0x0000000100000000)
  to   space 229376K, 0% used [0x00000000e4000000,0x00000000e4000000,0x00000000f2000000)
 ParOldGen       total 425472K, used 393908K [0x0000000081c00000, 0x000000009bb80000, 0x00000000d5f00000)
  object space 425472K, 92% used [0x0000000081c00000,0x0000000099cad050,0x000000009bb80000)
 Metaspace       used 90922K, capacity 101562K, committed 101760K, reserved 1134592K
  class space    used 13652K, capacity 16449K, committed 16512K, reserved 1048576K
Event: 672.618 GC heap after
Heap after GC invocations=103 (full 9):
 PSYoungGen      total 459776K, used 0K [0x00000000d5f00000, 0x0000000100000000, 0x0000000100000000)
  eden space 230400K, 0% used [0x00000000d5f00000,0x00000000d5f00000,0x00000000e4000000)
  from space 229376K, 0% used [0x00000000f2000000,0x00000000f2000000,0x0000000100000000)
  to   space 229376K, 0% used [0x00000000e4000000,0x00000000e4000000,0x00000000f2000000)
 ParOldGen       total 425472K, used 354347K [0x0000000081c00000, 0x000000009bb80000, 0x00000000d5f00000)
  object space 425472K, 83% used [0x0000000081c00000,0x000000009760ac70,0x000000009bb80000)
 Metaspace       used 90922K, capacity 101562K, committed 101760K, reserved 1134592K
  class space    used 13652K, capacity 16449K, committed 16512K, reserved 1048576K
}
Event: 675.601 GC heap before
{Heap before GC invocations=104 (full 9):
 PSYoungGen      total 459776K, used 230400K [0x00000000d5f00000, 0x0000000100000000, 0x0000000100000000)
  eden space 230400K, 100% used [0x00000000d5f00000,0x00000000e4000000,0x00000000e4000000)
  from space 229376K, 0% used [0x00000000f2000000,0x00000000f2000000,0x0000000100000000)
  to   space 229376K, 0% used [0x00000000e4000000,0x00000000e4000000,0x00000000f2000000)
 ParOldGen       total 425472K, used 354379K [0x0000000081c00000, 0x000000009bb80000, 0x00000000d5f00000)
  object space 425472K, 83% used [0x0000000081c00000,0x0000000097612f58,0x000000009bb80000)
 Metaspace       used 91799K, capacity 102722K, committed 102912K, reserved 1136640K
  class space    used 13807K, capacity 16611K, committed 16640K, reserved 1048576K
Event: 675.696 GC heap after
Heap after GC invocations=104 (full 9):
 PSYoungGen      total 286208K, used 55757K [0x00000000d5f00000, 0x00000000ff600000, 0x0000000100000000)
  eden space 230400K, 0% used [0x00000000d5f00000,0x00000000d5f00000,0x00000000e4000000)
  from space 55808K, 99% used [0x00000000e4000000,0x00000000e76736f8,0x00000000e7680000)
  to   space 224256K, 0% used [0x00000000f1b00000,0x00000000f1b00000,0x00000000ff600000)
 ParOldGen       total 425472K, used 354387K [0x0000000081c00000, 0x000000009bb80000, 0x00000000d5f00000)
  object space 425472K, 83% used [0x0000000081c00000,0x0000000097614f58,0x000000009bb80000)
 Metaspace       used 91799K, capacity 102722K, committed 102912K, reserved 1136640K
  class space    used 13807K, capacity 16611K, committed 16640K, reserved 1048576K
}

