# JRE version: Java(TM) SE Runtime Environment (8.0_51-b16) (build 1.8.0_51-b16)
# Java VM: Java HotSpot(TM) 64-Bit Server VM (25.51-b03 mixed mode windows-amd64 compressed oops)
Heap:
 PSYoungGen      total 634368K, used 255835K [0x00000000d5f00000, 0x00000000ffe80000, 0x0000000100000000)
  eden space 583168K, 40% used [0x00000000d5f00000,0x00000000e4437870,0x00000000f9880000)
  from space 51200K, 41% used [0x00000000f9880000,0x00000000fad1f600,0x00000000fca80000)
  to   space 50176K, 0% used [0x00000000fcd80000,0x00000000fcd80000,0x00000000ffe80000)
 ParOldGen       total 340992K, used 265204K [0x0000000081c00000, 0x0000000096900000, 0x00000000d5f00000)
  object space 340992K, 77% used [0x0000000081c00000,0x0000000091efd0d8,0x0000000096900000)
 Metaspace       used 79213K, capacity 87302K, committed 87552K, reserved 1122304K
  class space    used 12634K, capacity 15236K, committed 15360K, reserved 1048576K
GC Heap History (10 events):
Event: 190.998 GC heap before
{Heap before GC invocations=119 (full 6):
 PSYoungGen      total 632832K, used 599106K [0x00000000d5f00000, 0x00000000ffe00000, 0x0000000100000000)
  eden space 580096K, 100% used [0x00000000d5f00000,0x00000000f9580000,0x00000000f9580000)
  from space 52736K, 36% used [0x00000000fc900000,0x00000000fdb90af0,0x00000000ffc80000)
  to   space 52736K, 0% used [0x00000000f9580000,0x00000000f9580000,0x00000000fc900000)
 ParOldGen       total 340992K, used 259601K [0x0000000081c00000, 0x0000000096900000, 0x00000000d5f00000)
  object space 340992K, 76% used [0x0000000081c00000,0x0000000091984450,0x0000000096900000)
 Metaspace       used 76200K, capacity 83850K, committed 84096K, reserved 1118208K
  class space    used 12183K, capacity 14700K, committed 14720K, reserved 1048576K
Event: 191.056 GC heap after
Heap after GC invocations=119 (full 6):
 PSYoungGen      total 632832K, used 42263K [0x00000000d5f00000, 0x0000000100000000, 0x0000000100000000)
  eden space 580096K, 0% used [0x00000000d5f00000,0x00000000d5f00000,0x00000000f9580000)
  from space 52736K, 80% used [0x00000000f9580000,0x00000000fbec5ff0,0x00000000fc900000)
  to   space 55296K, 0% used [0x00000000fca00000,0x00000000fca00000,0x0000000100000000)
 ParOldGen       total 340992K, used 259865K [0x0000000081c00000, 0x0000000096900000, 0x00000000d5f00000)
  object space 340992K, 76% used [0x0000000081c00000,0x00000000919c6460,0x0000000096900000)
 Metaspace       used 76200K, capacity 83850K, committed 84096K, reserved 1118208K
  class space    used 12183K, capacity 14700K, committed 14720K, reserved 1048576K
}
Event: 191.801 GC heap before
{Heap before GC invocations=120 (full 6):
 PSYoungGen      total 632832K, used 622359K [0x00000000d5f00000, 0x0000000100000000, 0x0000000100000000)
  eden space 580096K, 100% used [0x00000000d5f00000,0x00000000f9580000,0x00000000f9580000)
  from space 52736K, 80% used [0x00000000f9580000,0x00000000fbec5ff0,0x00000000fc900000)
  to   space 55296K, 0% used [0x00000000fca00000,0x00000000fca00000,0x0000000100000000)
 ParOldGen       total 340992K, used 259865K [0x0000000081c00000, 0x0000000096900000, 0x00000000d5f00000)
  object space 340992K, 76% used [0x0000000081c00000,0x00000000919c6460,0x0000000096900000)
 Metaspace       used 77229K, capacity 85024K, committed 85120K, reserved 1120256K
  class space    used 12319K, capacity 14885K, committed 14976K, reserved 1048576K
Event: 191.856 GC heap after
Heap after GC invocations=120 (full 6):
 PSYoungGen      total 633856K, used 30033K [0x00000000d5f00000, 0x00000000ffd80000, 0x0000000100000000)
  eden space 581120K, 0% used [0x00000000d5f00000,0x00000000d5f00000,0x00000000f9680000)
  from space 52736K, 56% used [0x00000000fca00000,0x00000000fe754448,0x00000000ffd80000)
  to   space 52736K, 0% used [0x00000000f9680000,0x00000000f9680000,0x00000000fca00000)
 ParOldGen       total 340992K, used 261242K [0x0000000081c00000, 0x0000000096900000, 0x00000000d5f00000)
  object space 340992K, 76% used [0x0000000081c00000,0x0000000091b1eb78,0x0000000096900000)
 Metaspace       used 77229K, capacity 85024K, committed 85120K, reserved 1120256K
  class space    used 12319K, capacity 14885K, committed 14976K, reserved 1048576K
}
Event: 193.032 GC heap before
{Heap before GC invocations=121 (full 6):
 PSYoungGen      total 633856K, used 611153K [0x00000000d5f00000, 0x00000000ffd80000, 0x0000000100000000)
  eden space 581120K, 100% used [0x00000000d5f00000,0x00000000f9680000,0x00000000f9680000)
  from space 52736K, 56% used [0x00000000fca00000,0x00000000fe754448,0x00000000ffd80000)
  to   space 52736K, 0% used [0x00000000f9680000,0x00000000f9680000,0x00000000fca00000)
 ParOldGen       total 340992K, used 261242K [0x0000000081c00000, 0x0000000096900000, 0x00000000d5f00000)
  object space 340992K, 76% used [0x0000000081c00000,0x0000000091b1eb78,0x0000000096900000)
 Metaspace       used 78599K, capacity 86568K, committed 86656K, reserved 1120256K
  class space    used 12519K, capacity 15147K, committed 15232K, reserved 1048576K
Event: 193.072 GC heap after
Heap after GC invocations=121 (full 6):
 PSYoungGen      total 633856K, used 29058K [0x00000000d5f00000, 0x00000000ffc00000, 0x0000000100000000)
  eden space 581120K, 0% used [0x00000000d5f00000,0x00000000d5f00000,0x00000000f9680000)
  from space 52736K, 55% used [0x00000000f9680000,0x00000000fb2e0980,0x00000000fca00000)
  to   space 50688K, 0% used [0x00000000fca80000,0x00000000fca80000,0x00000000ffc00000)
 ParOldGen       total 340992K, used 262674K [0x0000000081c00000, 0x0000000096900000, 0x00000000d5f00000)
  object space 340992K, 77% used [0x0000000081c00000,0x0000000091c84bf8,0x0000000096900000)
 Metaspace       used 78599K, capacity 86568K, committed 86656K, reserved 1120256K
  class space    used 12519K, capacity 15147K, committed 15232K, reserved 1048576K
}
Event: 193.479 GC heap before
{Heap before GC invocations=122 (full 6):
 PSYoungGen      total 633856K, used 610178K [0x00000000d5f00000, 0x00000000ffc00000, 0x0000000100000000)
  eden space 581120K, 100% used [0x00000000d5f00000,0x00000000f9680000,0x00000000f9680000)
  from space 52736K, 55% used [0x00000000f9680000,0x00000000fb2e0980,0x00000000fca00000)
  to   space 50688K, 0% used [0x00000000fca80000,0x00000000fca80000,0x00000000ffc00000)
 ParOldGen       total 340992K, used 262674K [0x0000000081c00000, 0x0000000096900000, 0x00000000d5f00000)
  object space 340992K, 77% used [0x0000000081c00000,0x0000000091c84bf8,0x0000000096900000)
 Metaspace       used 78877K, capacity 86854K, committed 87168K, reserved 1122304K
  class space    used 12569K, capacity 15158K, committed 15232K, reserved 1048576K
Event: 193.504 GC heap after
Heap after GC invocations=122 (full 6):
 PSYoungGen      total 633856K, used 15953K [0x00000000d5f00000, 0x00000000fff00000, 0x0000000100000000)
  eden space 583168K, 0% used [0x00000000d5f00000,0x00000000d5f00000,0x00000000f9880000)
  from space 50688K, 31% used [0x00000000fca80000,0x00000000fda14678,0x00000000ffc00000)
  to   space 51200K, 0% used [0x00000000f9880000,0x00000000f9880000,0x00000000fca80000)
 ParOldGen       total 340992K, used 264541K [0x0000000081c00000, 0x0000000096900000, 0x00000000d5f00000)
  object space 340992K, 77% used [0x0000000081c00000,0x0000000091e57600,0x0000000096900000)
 Metaspace       used 78877K, capacity 86854K, committed 87168K, reserved 1122304K
  class space    used 12569K, capacity 15158K, committed 15232K, reserved 1048576K
}
Event: 194.580 GC heap before
{Heap before GC invocations=123 (full 6):
 PSYoungGen      total 633856K, used 554521K [0x00000000d5f00000, 0x00000000fff00000, 0x0000000100000000)
  eden space 583168K, 92% used [0x00000000d5f00000,0x00000000f6cf1da8,0x00000000f9880000)
  from space 50688K, 31% used [0x00000000fca80000,0x00000000fda14678,0x00000000ffc00000)
  to   space 51200K, 0% used [0x00000000f9880000,0x00000000f9880000,0x00000000fca80000)
 ParOldGen       total 340992K, used 264541K [0x0000000081c00000, 0x0000000096900000, 0x00000000d5f00000)
  object space 340992K, 77% used [0x0000000081c00000,0x0000000091e57600,0x0000000096900000)
 Metaspace       used 79105K, capacity 87182K, committed 87424K, reserved 1122304K
  class space    used 12618K, capacity 15226K, committed 15232K, reserved 1048576K
Event: 194.630 GC heap after
Heap after GC invocations=123 (full 6):
 PSYoungGen      total 634368K, used 21117K [0x00000000d5f00000, 0x00000000ffe80000, 0x0000000100000000)
  eden space 583168K, 0% used [0x00000000d5f00000,0x00000000d5f00000,0x00000000f9880000)
  from space 51200K, 41% used [0x00000000f9880000,0x00000000fad1f600,0x00000000fca80000)
  to   space 50176K, 0% used [0x00000000fcd80000,0x00000000fcd80000,0x00000000ffe80000)
 ParOldGen       total 340992K, used 265204K [0x0000000081c00000, 0x0000000096900000, 0x00000000d5f00000)
  object space 340992K, 77% used [0x0000000081c00000,0x0000000091efd0d8,0x0000000096900000)
 Metaspace       used 79105K, capacity 87182K, committed 87424K, reserved 1122304K
  class space    used 12618K, capacity 15226K, committed 15232K, reserved 1048576K
}

