# JRE version: Java(TM) SE Runtime Environment (8.0_51-b16) (build 1.8.0_51-b16)
# Java VM: Java HotSpot(TM) 64-Bit Server VM (25.51-b03 mixed mode windows-amd64 compressed oops)
Heap:
 PSYoungGen      total 606720K, used 442333K [0x00000000d5f00000, 0x0000000100000000, 0x0000000100000000)
  eden space 573440K, 76% used [0x00000000d5f00000,0x00000000f0bfe718,0x00000000f8f00000)
  from space 33280K, 9% used [0x00000000fde80000,0x00000000fe1790a0,0x00000000fff00000)
  to   space 57856K, 0% used [0x00000000f8f00000,0x00000000f8f00000,0x00000000fc780000)
 ParOldGen       total 453120K, used 326691K [0x0000000081c00000, 0x000000009d680000, 0x00000000d5f00000)
  object space 453120K, 72% used [0x0000000081c00000,0x0000000095b08e10,0x000000009d680000)
 Metaspace       used 77812K, capacity 86116K, committed 86272K, reserved 1120256K
  class space    used 12109K, capacity 14587K, committed 14592K, reserved 1048576K
GC Heap History (10 events):
Event: 124.304 GC heap before
{Heap before GC invocations=145 (full 6):
 PSYoungGen      total 654848K, used 627744K [0x00000000d5f00000, 0x0000000100000000, 0x0000000100000000)
  eden space 622592K, 100% used [0x00000000d5f00000,0x00000000fbf00000,0x00000000fbf00000)
  from space 32256K, 15% used [0x00000000fe080000,0x00000000fe588060,0x0000000100000000)
  to   space 33280K, 0% used [0x00000000fbf00000,0x00000000fbf00000,0x00000000fdf80000)
 ParOldGen       total 320512K, used 273458K [0x0000000081c00000, 0x0000000095500000, 0x00000000d5f00000)
  object space 320512K, 85% used [0x0000000081c00000,0x000000009270c940,0x0000000095500000)
 Metaspace       used 76322K, capacity 84394K, committed 84480K, reserved 1120256K
  class space    used 11907K, capacity 14314K, committed 14336K, reserved 1048576K
Event: 124.316 GC heap after
Heap after GC invocations=145 (full 6):
 PSYoungGen      total 628224K, used 5312K [0x00000000d5f00000, 0x0000000100000000, 0x0000000100000000)
  eden space 622592K, 0% used [0x00000000d5f00000,0x00000000d5f00000,0x00000000fbf00000)
  from space 5632K, 94% used [0x00000000fbf00000,0x00000000fc430040,0x00000000fc480000)
  to   space 33792K, 0% used [0x00000000fdf00000,0x00000000fdf00000,0x0000000100000000)
 ParOldGen       total 320512K, used 273682K [0x0000000081c00000, 0x0000000095500000, 0x00000000d5f00000)
  object space 320512K, 85% used [0x0000000081c00000,0x0000000092744940,0x0000000095500000)
 Metaspace       used 76322K, capacity 84394K, committed 84480K, reserved 1120256K
  class space    used 11907K, capacity 14314K, committed 14336K, reserved 1048576K
}
Event: 125.399 GC heap before
{Heap before GC invocations=146 (full 6):
 PSYoungGen      total 628224K, used 627904K [0x00000000d5f00000, 0x0000000100000000, 0x0000000100000000)
  eden space 622592K, 100% used [0x00000000d5f00000,0x00000000fbf00000,0x00000000fbf00000)
  from space 5632K, 94% used [0x00000000fbf00000,0x00000000fc430040,0x00000000fc480000)
  to   space 33792K, 0% used [0x00000000fdf00000,0x00000000fdf00000,0x0000000100000000)
 ParOldGen       total 320512K, used 273683K [0x0000000081c00000, 0x0000000095500000, 0x00000000d5f00000)
  object space 320512K, 85% used [0x0000000081c00000,0x0000000092744c88,0x0000000095500000)
 Metaspace       used 76340K, capacity 84402K, committed 84480K, reserved 1120256K
  class space    used 11907K, capacity 14314K, committed 14336K, reserved 1048576K
Event: 125.410 GC heap after
Heap after GC invocations=146 (full 6):
 PSYoungGen      total 655360K, used 5696K [0x00000000d5f00000, 0x0000000100000000, 0x0000000100000000)
  eden space 621568K, 0% used [0x00000000d5f00000,0x00000000d5f00000,0x00000000fbe00000)
  from space 33792K, 16% used [0x00000000fdf00000,0x00000000fe490050,0x0000000100000000)
  to   space 33792K, 0% used [0x00000000fbe00000,0x00000000fbe00000,0x00000000fdf00000)
 ParOldGen       total 320512K, used 274211K [0x0000000081c00000, 0x0000000095500000, 0x00000000d5f00000)
  object space 320512K, 85% used [0x0000000081c00000,0x00000000927c8c98,0x0000000095500000)
 Metaspace       used 76340K, capacity 84402K, committed 84480K, reserved 1120256K
  class space    used 11907K, capacity 14314K, committed 14336K, reserved 1048576K
}
Event: 126.466 GC heap before
{Heap before GC invocations=147 (full 6):
 PSYoungGen      total 655360K, used 627264K [0x00000000d5f00000, 0x0000000100000000, 0x0000000100000000)
  eden space 621568K, 100% used [0x00000000d5f00000,0x00000000fbe00000,0x00000000fbe00000)
  from space 33792K, 16% used [0x00000000fdf00000,0x00000000fe490050,0x0000000100000000)
  to   space 33792K, 0% used [0x00000000fbe00000,0x00000000fbe00000,0x00000000fdf00000)
 ParOldGen       total 320512K, used 274211K [0x0000000081c00000, 0x0000000095500000, 0x00000000d5f00000)
  object space 320512K, 85% used [0x0000000081c00000,0x00000000927c8c98,0x0000000095500000)
 Metaspace       used 76340K, capacity 84402K, committed 84480K, reserved 1120256K
  class space    used 11907K, capacity 14314K, committed 14336K, reserved 1048576K
Event: 126.477 GC heap after
Heap after GC invocations=147 (full 6):
 PSYoungGen      total 627712K, used 5904K [0x00000000d5f00000, 0x00000000fff00000, 0x0000000100000000)
  eden space 621568K, 0% used [0x00000000d5f00000,0x00000000d5f00000,0x00000000fbe00000)
  from space 6144K, 96% used [0x00000000fbe00000,0x00000000fc3c4060,0x00000000fc400000)
  to   space 33280K, 0% used [0x00000000fde80000,0x00000000fde80000,0x00000000fff00000)
 ParOldGen       total 320512K, used 274547K [0x0000000081c00000, 0x0000000095500000, 0x00000000d5f00000)
  object space 320512K, 85% used [0x0000000081c00000,0x000000009281cc98,0x0000000095500000)
 Metaspace       used 76340K, capacity 84402K, committed 84480K, reserved 1120256K
  class space    used 11907K, capacity 14314K, committed 14336K, reserved 1048576K
}
Event: 132.789 GC heap before
{Heap before GC invocations=148 (full 6):
 PSYoungGen      total 627712K, used 627472K [0x00000000d5f00000, 0x00000000fff00000, 0x0000000100000000)
  eden space 621568K, 100% used [0x00000000d5f00000,0x00000000fbe00000,0x00000000fbe00000)
  from space 6144K, 96% used [0x00000000fbe00000,0x00000000fc3c4060,0x00000000fc400000)
  to   space 33280K, 0% used [0x00000000fde80000,0x00000000fde80000,0x00000000fff00000)
 ParOldGen       total 320512K, used 274547K [0x0000000081c00000, 0x0000000095500000, 0x00000000d5f00000)
  object space 320512K, 85% used [0x0000000081c00000,0x000000009281cc98,0x0000000095500000)
 Metaspace       used 77319K, capacity 85474K, committed 85760K, reserved 1120256K
  class space    used 12061K, capacity 14500K, committed 14592K, reserved 1048576K
Event: 132.947 GC heap after
Heap after GC invocations=148 (full 6):
 PSYoungGen      total 606720K, used 33261K [0x00000000d5f00000, 0x0000000100000000, 0x0000000100000000)
  eden space 573440K, 0% used [0x00000000d5f00000,0x00000000d5f00000,0x00000000f8f00000)
  from space 33280K, 99% used [0x00000000fde80000,0x00000000ffefb6e0,0x00000000fff00000)
  to   space 57856K, 0% used [0x00000000f8f00000,0x00000000f8f00000,0x00000000fc780000)
 ParOldGen       total 327168K, used 326791K [0x0000000081c00000, 0x0000000095b80000, 0x00000000d5f00000)
  object space 327168K, 99% used [0x0000000081c00000,0x0000000095b21e10,0x0000000095b80000)
 Metaspace       used 77319K, capacity 85474K, committed 85760K, reserved 1120256K
  class space    used 12061K, capacity 14500K, committed 14592K, reserved 1048576K
}
Event: 132.947 GC heap before
{Heap before GC invocations=149 (full 7):
 PSYoungGen      total 606720K, used 33261K [0x00000000d5f00000, 0x0000000100000000, 0x0000000100000000)
  eden space 573440K, 0% used [0x00000000d5f00000,0x00000000d5f00000,0x00000000f8f00000)
  from space 33280K, 99% used [0x00000000fde80000,0x00000000ffefb6e0,0x00000000fff00000)
  to   space 57856K, 0% used [0x00000000f8f00000,0x00000000f8f00000,0x00000000fc780000)
 ParOldGen       total 327168K, used 326791K [0x0000000081c00000, 0x0000000095b80000, 0x00000000d5f00000)
  object space 327168K, 99% used [0x0000000081c00000,0x0000000095b21e10,0x0000000095b80000)
 Metaspace       used 77319K, capacity 85474K, committed 85760K, reserved 1120256K
  class space    used 12061K, capacity 14500K, committed 14592K, reserved 1048576K
Event: 134.755 GC heap after
Heap after GC invocations=149 (full 7):
 PSYoungGen      total 606720K, used 3044K [0x00000000d5f00000, 0x0000000100000000, 0x0000000100000000)
  eden space 573440K, 0% used [0x00000000d5f00000,0x00000000d5f00000,0x00000000f8f00000)
  from space 33280K, 9% used [0x00000000fde80000,0x00000000fe1790a0,0x00000000fff00000)
  to   space 57856K, 0% used [0x00000000f8f00000,0x00000000f8f00000,0x00000000fc780000)
 ParOldGen       total 453120K, used 326691K [0x0000000081c00000, 0x000000009d680000, 0x00000000d5f00000)
  object space 453120K, 72% used [0x0000000081c00000,0x0000000095b08e10,0x000000009d680000)
 Metaspace       used 77316K, capacity 85470K, committed 85760K, reserved 1120256K
  class space    used 12060K, capacity 14498K, committed 14592K, reserved 1048576K
}

