# JRE version: Java(TM) SE Runtime Environment (8.0_51-b16) (build 1.8.0_51-b16)
# Java VM: Java HotSpot(TM) 64-Bit Server VM (25.51-b03 mixed mode windows-amd64 compressed oops)
Heap:
 PSYoungGen      total 471040K, used 243624K [0x00000000d5f00000, 0x00000000f3200000, 0x0000000100000000)
  eden space 465408K, 51% used [0x00000000d5f00000,0x00000000e47ba210,0x00000000f2580000)
  from space 5632K, 94% used [0x00000000f2b80000,0x00000000f30b0150,0x00000000f3100000)
  to   space 6144K, 0% used [0x00000000f2580000,0x00000000f2580000,0x00000000f2b80000)
 ParOldGen       total 596992K, used 426238K [0x0000000081c00000, 0x00000000a6300000, 0x00000000d5f00000)
  object space 596992K, 71% used [0x0000000081c00000,0x000000009bc3f8b8,0x00000000a6300000)
 Metaspace       used 99743K, capacity 113154K, committed 113280K, reserved 1144832K
  class space    used 15089K, capacity 18489K, committed 18560K, reserved 1048576K
GC Heap History (10 events):
Event: 914.616 GC heap before
{Heap before GC invocations=289 (full 9):
 PSYoungGen      total 462848K, used 460128K [0x00000000d5f00000, 0x00000000f2c00000, 0x0000000100000000)
  eden space 456704K, 100% used [0x00000000d5f00000,0x00000000f1d00000,0x00000000f1d00000)
  from space 6144K, 55% used [0x00000000f1d00000,0x00000000f20580f0,0x00000000f2300000)
  to   space 6144K, 0% used [0x00000000f2600000,0x00000000f2600000,0x00000000f2c00000)
 ParOldGen       total 596992K, used 425640K [0x0000000081c00000, 0x00000000a6300000, 0x00000000d5f00000)
  object space 596992K, 71% used [0x0000000081c00000,0x000000009bbaa310,0x00000000a6300000)
 Metaspace       used 99696K, capacity 113006K, committed 113280K, reserved 1144832K
  class space    used 15089K, capacity 18489K, committed 18560K, reserved 1048576K
Event: 914.628 GC heap after
Heap after GC invocations=289 (full 9):
 PSYoungGen      total 465920K, used 4763K [0x00000000d5f00000, 0x00000000f2c00000, 0x0000000100000000)
  eden space 459776K, 0% used [0x00000000d5f00000,0x00000000d5f00000,0x00000000f2000000)
  from space 6144K, 77% used [0x00000000f2600000,0x00000000f2aa6c70,0x00000000f2c00000)
  to   space 6144K, 0% used [0x00000000f2000000,0x00000000f2000000,0x00000000f2600000)
 ParOldGen       total 596992K, used 425760K [0x0000000081c00000, 0x00000000a6300000, 0x00000000d5f00000)
  object space 596992K, 71% used [0x0000000081c00000,0x000000009bbc8310,0x00000000a6300000)
 Metaspace       used 99696K, capacity 113006K, committed 113280K, reserved 1144832K
  class space    used 15089K, capacity 18489K, committed 18560K, reserved 1048576K
}
Event: 921.519 GC heap before
{Heap before GC invocations=290 (full 9):
 PSYoungGen      total 465920K, used 464539K [0x00000000d5f00000, 0x00000000f2c00000, 0x0000000100000000)
  eden space 459776K, 100% used [0x00000000d5f00000,0x00000000f2000000,0x00000000f2000000)
  from space 6144K, 77% used [0x00000000f2600000,0x00000000f2aa6c70,0x00000000f2c00000)
  to   space 6144K, 0% used [0x00000000f2000000,0x00000000f2000000,0x00000000f2600000)
 ParOldGen       total 596992K, used 425760K [0x0000000081c00000, 0x00000000a6300000, 0x00000000d5f00000)
  object space 596992K, 71% used [0x0000000081c00000,0x000000009bbc8310,0x00000000a6300000)
 Metaspace       used 99724K, capacity 113070K, committed 113280K, reserved 1144832K
  class space    used 15089K, capacity 18489K, committed 18560K, reserved 1048576K
Event: 921.528 GC heap after
Heap after GC invocations=290 (full 9):
 PSYoungGen      total 465920K, used 4619K [0x00000000d5f00000, 0x00000000f2f00000, 0x0000000100000000)
  eden space 459776K, 0% used [0x00000000d5f00000,0x00000000d5f00000,0x00000000f2000000)
  from space 6144K, 75% used [0x00000000f2000000,0x00000000f2482ca8,0x00000000f2600000)
  to   space 6144K, 0% used [0x00000000f2900000,0x00000000f2900000,0x00000000f2f00000)
 ParOldGen       total 596992K, used 425808K [0x0000000081c00000, 0x00000000a6300000, 0x00000000d5f00000)
  object space 596992K, 71% used [0x0000000081c00000,0x000000009bbd4310,0x00000000a6300000)
 Metaspace       used 99724K, capacity 113070K, committed 113280K, reserved 1144832K
  class space    used 15089K, capacity 18489K, committed 18560K, reserved 1048576K
}
Event: 928.621 GC heap before
{Heap before GC invocations=291 (full 9):
 PSYoungGen      total 465920K, used 464395K [0x00000000d5f00000, 0x00000000f2f00000, 0x0000000100000000)
  eden space 459776K, 100% used [0x00000000d5f00000,0x00000000f2000000,0x00000000f2000000)
  from space 6144K, 75% used [0x00000000f2000000,0x00000000f2482ca8,0x00000000f2600000)
  to   space 6144K, 0% used [0x00000000f2900000,0x00000000f2900000,0x00000000f2f00000)
 ParOldGen       total 596992K, used 425811K [0x0000000081c00000, 0x00000000a6300000, 0x00000000d5f00000)
  object space 596992K, 71% used [0x0000000081c00000,0x000000009bbd4fb8,0x00000000a6300000)
 Metaspace       used 99729K, capacity 113134K, committed 113280K, reserved 1144832K
  class space    used 15089K, capacity 18489K, committed 18560K, reserved 1048576K
Event: 928.631 GC heap after
Heap after GC invocations=291 (full 9):
 PSYoungGen      total 468992K, used 4699K [0x00000000d5f00000, 0x00000000f2f00000, 0x0000000100000000)
  eden space 462848K, 0% used [0x00000000d5f00000,0x00000000d5f00000,0x00000000f2300000)
  from space 6144K, 76% used [0x00000000f2900000,0x00000000f2d96c50,0x00000000f2f00000)
  to   space 6144K, 0% used [0x00000000f2300000,0x00000000f2300000,0x00000000f2900000)
 ParOldGen       total 596992K, used 425875K [0x0000000081c00000, 0x00000000a6300000, 0x00000000d5f00000)
  object space 596992K, 71% used [0x0000000081c00000,0x000000009bbe4fd0,0x00000000a6300000)
 Metaspace       used 99729K, capacity 113134K, committed 113280K, reserved 1144832K
  class space    used 15089K, capacity 18489K, committed 18560K, reserved 1048576K
}
Event: 935.519 GC heap before
{Heap before GC invocations=292 (full 9):
 PSYoungGen      total 468992K, used 467547K [0x00000000d5f00000, 0x00000000f2f00000, 0x0000000100000000)
  eden space 462848K, 100% used [0x00000000d5f00000,0x00000000f2300000,0x00000000f2300000)
  from space 6144K, 76% used [0x00000000f2900000,0x00000000f2d96c50,0x00000000f2f00000)
  to   space 6144K, 0% used [0x00000000f2300000,0x00000000f2300000,0x00000000f2900000)
 ParOldGen       total 596992K, used 426012K [0x0000000081c00000, 0x00000000a6300000, 0x00000000d5f00000)
  object space 596992K, 71% used [0x0000000081c00000,0x000000009bc07150,0x00000000a6300000)
 Metaspace       used 99732K, capacity 113142K, committed 113280K, reserved 1144832K
  class space    used 15089K, capacity 18489K, committed 18560K, reserved 1048576K
Event: 935.528 GC heap after
Heap after GC invocations=292 (full 9):
 PSYoungGen      total 468992K, used 4520K [0x00000000d5f00000, 0x00000000f3100000, 0x0000000100000000)
  eden space 462848K, 0% used [0x00000000d5f00000,0x00000000d5f00000,0x00000000f2300000)
  from space 6144K, 73% used [0x00000000f2300000,0x00000000f276a298,0x00000000f2900000)
  to   space 5632K, 0% used [0x00000000f2b80000,0x00000000f2b80000,0x00000000f3100000)
 ParOldGen       total 596992K, used 426132K [0x0000000081c00000, 0x00000000a6300000, 0x00000000d5f00000)
  object space 596992K, 71% used [0x0000000081c00000,0x000000009bc25168,0x00000000a6300000)
 Metaspace       used 99732K, capacity 113142K, committed 113280K, reserved 1144832K
  class space    used 15089K, capacity 18489K, committed 18560K, reserved 1048576K
}
Event: 942.059 GC heap before
{Heap before GC invocations=293 (full 9):
 PSYoungGen      total 468992K, used 467368K [0x00000000d5f00000, 0x00000000f3100000, 0x0000000100000000)
  eden space 462848K, 100% used [0x00000000d5f00000,0x00000000f2300000,0x00000000f2300000)
  from space 6144K, 73% used [0x00000000f2300000,0x00000000f276a298,0x00000000f2900000)
  to   space 5632K, 0% used [0x00000000f2b80000,0x00000000f2b80000,0x00000000f3100000)
 ParOldGen       total 596992K, used 426134K [0x0000000081c00000, 0x00000000a6300000, 0x00000000d5f00000)
  object space 596992K, 71% used [0x0000000081c00000,0x000000009bc25858,0x00000000a6300000)
 Metaspace       used 99741K, capacity 113150K, committed 113280K, reserved 1144832K
  class space    used 15089K, capacity 18489K, committed 18560K, reserved 1048576K
Event: 942.070 GC heap after
Heap after GC invocations=293 (full 9):
 PSYoungGen      total 471040K, used 5312K [0x00000000d5f00000, 0x00000000f3200000, 0x0000000100000000)
  eden space 465408K, 0% used [0x00000000d5f00000,0x00000000d5f00000,0x00000000f2580000)
  from space 5632K, 94% used [0x00000000f2b80000,0x00000000f30b0150,0x00000000f3100000)
  to   space 6144K, 0% used [0x00000000f2580000,0x00000000f2580000,0x00000000f2b80000)
 ParOldGen       total 596992K, used 426238K [0x0000000081c00000, 0x00000000a6300000, 0x00000000d5f00000)
  object space 596992K, 71% used [0x0000000081c00000,0x000000009bc3f8b8,0x00000000a6300000)
 Metaspace       used 99741K, capacity 113150K, committed 113280K, reserved 1144832K
  class space    used 15089K, capacity 18489K, committed 18560K, reserved 1048576K
}

