# JRE version: Java(TM) SE Runtime Environment (8.0_51-b16) (build 1.8.0_51-b16)
# Java VM: Java HotSpot(TM) 64-Bit Server VM (25.51-b03 mixed mode windows-amd64 compressed oops)
Heap:
 PSYoungGen      total 624640K, used 156960K [0x00000000d5f00000, 0x0000000100000000, 0x0000000100000000)
  eden space 564736K, 19% used [0x00000000d5f00000,0x00000000dccc8e28,0x00000000f8680000)
  from space 59904K, 74% used [0x00000000f8680000,0x00000000fb1ff2b8,0x00000000fc100000)
  to   space 60928K, 0% used [0x00000000fc480000,0x00000000fc480000,0x0000000100000000)
 ParOldGen       total 321536K, used 285027K [0x0000000081c00000, 0x0000000095600000, 0x00000000d5f00000)
  object space 321536K, 88% used [0x0000000081c00000,0x0000000093258ef8,0x0000000095600000)
 Metaspace       used 73582K, capacity 81024K, committed 81280K, reserved 1116160K
  class space    used 11558K, capacity 13919K, committed 13952K, reserved 1048576K
GC Heap History (10 events):
Event: 69.313 GC heap before
{Heap before GC invocations=88 (full 5):
 PSYoungGen      total 625664K, used 589065K [0x00000000d5f00000, 0x00000000ffe00000, 0x0000000100000000)
  eden space 566272K, 100% used [0x00000000d5f00000,0x00000000f8800000,0x00000000f8800000)
  from space 59392K, 38% used [0x00000000fc400000,0x00000000fda427d8,0x00000000ffe00000)
  to   space 60416K, 0% used [0x00000000f8800000,0x00000000f8800000,0x00000000fc300000)
 ParOldGen       total 321536K, used 280857K [0x0000000081c00000, 0x0000000095600000, 0x00000000d5f00000)
  object space 321536K, 87% used [0x0000000081c00000,0x0000000092e46700,0x0000000095600000)
 Metaspace       used 71783K, capacity 78902K, committed 79104K, reserved 1114112K
  class space    used 11267K, capacity 13510K, committed 13568K, reserved 1048576K
Event: 69.396 GC heap after
Heap after GC invocations=88 (full 5):
 PSYoungGen      total 618496K, used 52104K [0x00000000d5f00000, 0x0000000100000000, 0x0000000100000000)
  eden space 566272K, 0% used [0x00000000d5f00000,0x00000000d5f00000,0x00000000f8800000)
  from space 52224K, 99% used [0x00000000f8800000,0x00000000fbae2210,0x00000000fbb00000)
  to   space 64512K, 0% used [0x00000000fc100000,0x00000000fc100000,0x0000000100000000)
 ParOldGen       total 321536K, used 283266K [0x0000000081c00000, 0x0000000095600000, 0x00000000d5f00000)
  object space 321536K, 88% used [0x0000000081c00000,0x00000000930a0880,0x0000000095600000)
 Metaspace       used 71783K, capacity 78902K, committed 79104K, reserved 1114112K
  class space    used 11267K, capacity 13510K, committed 13568K, reserved 1048576K
}
Event: 69.718 GC heap before
{Heap before GC invocations=89 (full 5):
 PSYoungGen      total 618496K, used 618376K [0x00000000d5f00000, 0x0000000100000000, 0x0000000100000000)
  eden space 566272K, 100% used [0x00000000d5f00000,0x00000000f8800000,0x00000000f8800000)
  from space 52224K, 99% used [0x00000000f8800000,0x00000000fbae2210,0x00000000fbb00000)
  to   space 64512K, 0% used [0x00000000fc100000,0x00000000fc100000,0x0000000100000000)
 ParOldGen       total 321536K, used 283266K [0x0000000081c00000, 0x0000000095600000, 0x00000000d5f00000)
  object space 321536K, 88% used [0x0000000081c00000,0x00000000930a0880,0x0000000095600000)
 Metaspace       used 71905K, capacity 79040K, committed 79104K, reserved 1114112K
  class space    used 11302K, capacity 13563K, committed 13568K, reserved 1048576K
Event: 69.779 GC heap after
Heap after GC invocations=89 (full 5):
 PSYoungGen      total 627200K, used 35419K [0x00000000d5f00000, 0x0000000100000000, 0x0000000100000000)
  eden space 562688K, 0% used [0x00000000d5f00000,0x00000000d5f00000,0x00000000f8480000)
  from space 64512K, 54% used [0x00000000fc100000,0x00000000fe396c00,0x0000000100000000)
  to   space 61952K, 0% used [0x00000000f8480000,0x00000000f8480000,0x00000000fc100000)
 ParOldGen       total 321536K, used 283546K [0x0000000081c00000, 0x0000000095600000, 0x00000000d5f00000)
  object space 321536K, 88% used [0x0000000081c00000,0x00000000930e6890,0x0000000095600000)
 Metaspace       used 71905K, capacity 79040K, committed 79104K, reserved 1114112K
  class space    used 11302K, capacity 13563K, committed 13568K, reserved 1048576K
}
Event: 70.236 GC heap before
{Heap before GC invocations=90 (full 5):
 PSYoungGen      total 627200K, used 598107K [0x00000000d5f00000, 0x0000000100000000, 0x0000000100000000)
  eden space 562688K, 100% used [0x00000000d5f00000,0x00000000f8480000,0x00000000f8480000)
  from space 64512K, 54% used [0x00000000fc100000,0x00000000fe396c00,0x0000000100000000)
  to   space 61952K, 0% used [0x00000000f8480000,0x00000000f8480000,0x00000000fc100000)
 ParOldGen       total 321536K, used 283546K [0x0000000081c00000, 0x0000000095600000, 0x00000000d5f00000)
  object space 321536K, 88% used [0x0000000081c00000,0x00000000930e6890,0x0000000095600000)
 Metaspace       used 72175K, capacity 79300K, committed 79488K, reserved 1116160K
  class space    used 11344K, capacity 13613K, committed 13696K, reserved 1048576K
Event: 70.320 GC heap after
Heap after GC invocations=90 (full 5):
 PSYoungGen      total 624640K, used 41926K [0x00000000d5f00000, 0x00000000ffd80000, 0x0000000100000000)
  eden space 562688K, 0% used [0x00000000d5f00000,0x00000000d5f00000,0x00000000f8480000)
  from space 61952K, 67% used [0x00000000f8480000,0x00000000fad71be8,0x00000000fc100000)
  to   space 61952K, 0% used [0x00000000fc100000,0x00000000fc100000,0x00000000ffd80000)
 ParOldGen       total 321536K, used 283714K [0x0000000081c00000, 0x0000000095600000, 0x00000000d5f00000)
  object space 321536K, 88% used [0x0000000081c00000,0x00000000931108a0,0x0000000095600000)
 Metaspace       used 72175K, capacity 79300K, committed 79488K, reserved 1116160K
  class space    used 11344K, capacity 13613K, committed 13696K, reserved 1048576K
}
Event: 70.710 GC heap before
{Heap before GC invocations=91 (full 5):
 PSYoungGen      total 624640K, used 604614K [0x00000000d5f00000, 0x00000000ffd80000, 0x0000000100000000)
  eden space 562688K, 100% used [0x00000000d5f00000,0x00000000f8480000,0x00000000f8480000)
  from space 61952K, 67% used [0x00000000f8480000,0x00000000fad71be8,0x00000000fc100000)
  to   space 61952K, 0% used [0x00000000fc100000,0x00000000fc100000,0x00000000ffd80000)
 ParOldGen       total 321536K, used 283714K [0x0000000081c00000, 0x0000000095600000, 0x00000000d5f00000)
  object space 321536K, 88% used [0x0000000081c00000,0x00000000931108a0,0x0000000095600000)
 Metaspace       used 72451K, capacity 79580K, committed 79744K, reserved 1116160K
  class space    used 11385K, capacity 13637K, committed 13696K, reserved 1048576K
Event: 70.758 GC heap after
Heap after GC invocations=91 (full 5):
 PSYoungGen      total 625152K, used 31541K [0x00000000d5f00000, 0x00000000ffc00000, 0x0000000100000000)
  eden space 564736K, 0% used [0x00000000d5f00000,0x00000000d5f00000,0x00000000f8680000)
  from space 60416K, 52% used [0x00000000fc100000,0x00000000fdfcd730,0x00000000ffc00000)
  to   space 59904K, 0% used [0x00000000f8680000,0x00000000f8680000,0x00000000fc100000)
 ParOldGen       total 321536K, used 284851K [0x0000000081c00000, 0x0000000095600000, 0x00000000d5f00000)
  object space 321536K, 88% used [0x0000000081c00000,0x000000009322cef8,0x0000000095600000)
 Metaspace       used 72451K, capacity 79580K, committed 79744K, reserved 1116160K
  class space    used 11385K, capacity 13637K, committed 13696K, reserved 1048576K
}
Event: 71.244 GC heap before
{Heap before GC invocations=92 (full 5):
 PSYoungGen      total 625152K, used 596277K [0x00000000d5f00000, 0x00000000ffc00000, 0x0000000100000000)
  eden space 564736K, 100% used [0x00000000d5f00000,0x00000000f8680000,0x00000000f8680000)
  from space 60416K, 52% used [0x00000000fc100000,0x00000000fdfcd730,0x00000000ffc00000)
  to   space 59904K, 0% used [0x00000000f8680000,0x00000000f8680000,0x00000000fc100000)
 ParOldGen       total 321536K, used 284851K [0x0000000081c00000, 0x0000000095600000, 0x00000000d5f00000)
  object space 321536K, 88% used [0x0000000081c00000,0x000000009322cef8,0x0000000095600000)
 Metaspace       used 73199K, capacity 80552K, committed 80768K, reserved 1116160K
  class space    used 11501K, capacity 13825K, committed 13952K, reserved 1048576K
Event: 71.317 GC heap after
Heap after GC invocations=92 (full 5):
 PSYoungGen      total 624640K, used 44540K [0x00000000d5f00000, 0x0000000100000000, 0x0000000100000000)
  eden space 564736K, 0% used [0x00000000d5f00000,0x00000000d5f00000,0x00000000f8680000)
  from space 59904K, 74% used [0x00000000f8680000,0x00000000fb1ff2b8,0x00000000fc100000)
  to   space 60928K, 0% used [0x00000000fc480000,0x00000000fc480000,0x0000000100000000)
 ParOldGen       total 321536K, used 285027K [0x0000000081c00000, 0x0000000095600000, 0x00000000d5f00000)
  object space 321536K, 88% used [0x0000000081c00000,0x0000000093258ef8,0x0000000095600000)
 Metaspace       used 73199K, capacity 80552K, committed 80768K, reserved 1116160K
  class space    used 11501K, capacity 13825K, committed 13952K, reserved 1048576K
}

