# JRE version: Java(TM) SE Runtime Environment (8.0_51-b16) (build 1.8.0_51-b16)
# Java VM: Java HotSpot(TM) 64-Bit Server VM (25.51-b03 mixed mode windows-amd64 compressed oops)
Heap:
 PSYoungGen      total 463360K, used 345127K [0x00000000d5f00000, 0x0000000100000000, 0x0000000100000000)
  eden space 255488K, 86% used [0x00000000d5f00000,0x00000000e3735170,0x00000000e5880000)
  from space 207872K, 59% used [0x00000000e5880000,0x00000000ed154c90,0x00000000f2380000)
  to   space 212480K, 0% used [0x00000000f3080000,0x00000000f3080000,0x0000000100000000)
 ParOldGen       total 634880K, used 442608K [0x0000000081c00000, 0x00000000a8800000, 0x00000000d5f00000)
  object space 634880K, 69% used [0x0000000081c00000,0x000000009cc3c0f0,0x00000000a8800000)
 Metaspace       used 96473K, capacity 108784K, committed 109056K, reserved 1140736K
  class space    used 14725K, capacity 17884K, committed 17920K, reserved 1048576K
GC Heap History (10 events):
Event: 4661.458 GC heap before
{Heap before GC invocations=214 (full 9):
 PSYoungGen      total 346112K, used 115184K [0x00000000d5f00000, 0x00000000f7d80000, 0x0000000100000000)
  eden space 230912K, 0% used [0x00000000d5f00000,0x00000000d5f00000,0x00000000e4080000)
  from space 115200K, 99% used [0x00000000e4080000,0x00000000eb0fc3d8,0x00000000eb100000)
  to   space 146944K, 0% used [0x00000000eee00000,0x00000000eee00000,0x00000000f7d80000)
 ParOldGen       total 525824K, used 488034K [0x0000000081c00000, 0x00000000a1d80000, 0x00000000d5f00000)
  object space 525824K, 92% used [0x0000000081c00000,0x000000009f898898,0x00000000a1d80000)
 Metaspace       used 85984K, capacity 96704K, committed 96896K, reserved 1130496K
  class space    used 13344K, capacity 16222K, committed 16256K, reserved 1048576K
Event: 4662.587 GC heap after
Heap after GC invocations=214 (full 9):
 PSYoungGen      total 346112K, used 0K [0x00000000d5f00000, 0x00000000f7d80000, 0x0000000100000000)
  eden space 230912K, 0% used [0x00000000d5f00000,0x00000000d5f00000,0x00000000e4080000)
  from space 115200K, 0% used [0x00000000e4080000,0x00000000e4080000,0x00000000eb100000)
  to   space 146944K, 0% used [0x00000000eee00000,0x00000000eee00000,0x00000000f7d80000)
 ParOldGen       total 634880K, used 441581K [0x0000000081c00000, 0x00000000a8800000, 0x00000000d5f00000)
  object space 634880K, 69% used [0x0000000081c00000,0x000000009cb3b450,0x00000000a8800000)
 Metaspace       used 85979K, capacity 96690K, committed 96896K, reserved 1130496K
  class space    used 13342K, capacity 16219K, committed 16256K, reserved 1048576K
}
Event: 4664.678 GC heap before
{Heap before GC invocations=215 (full 9):
 PSYoungGen      total 346112K, used 230912K [0x00000000d5f00000, 0x00000000f7d80000, 0x0000000100000000)
  eden space 230912K, 100% used [0x00000000d5f00000,0x00000000e4080000,0x00000000e4080000)
  from space 115200K, 0% used [0x00000000e4080000,0x00000000e4080000,0x00000000eb100000)
  to   space 146944K, 0% used [0x00000000eee00000,0x00000000eee00000,0x00000000f7d80000)
 ParOldGen       total 634880K, used 441581K [0x0000000081c00000, 0x00000000a8800000, 0x00000000d5f00000)
  object space 634880K, 69% used [0x0000000081c00000,0x000000009cb3b450,0x00000000a8800000)
 Metaspace       used 87402K, capacity 98418K, committed 98688K, reserved 1132544K
  class space    used 13511K, capacity 16447K, committed 16512K, reserved 1048576K
Event: 4664.812 GC heap after
Heap after GC invocations=215 (full 9):
 PSYoungGen      total 403968K, used 88560K [0x00000000d5f00000, 0x00000000f8400000, 0x0000000100000000)
  eden space 257024K, 0% used [0x00000000d5f00000,0x00000000d5f00000,0x00000000e5a00000)
  from space 146944K, 60% used [0x00000000eee00000,0x00000000f447c0d0,0x00000000f7d80000)
  to   space 151552K, 0% used [0x00000000e5a00000,0x00000000e5a00000,0x00000000eee00000)
 ParOldGen       total 634880K, used 441589K [0x0000000081c00000, 0x00000000a8800000, 0x00000000d5f00000)
  object space 634880K, 69% used [0x0000000081c00000,0x000000009cb3d450,0x00000000a8800000)
 Metaspace       used 87402K, capacity 98418K, committed 98688K, reserved 1132544K
  class space    used 13511K, capacity 16447K, committed 16512K, reserved 1048576K
}
Event: 4669.068 GC heap before
{Heap before GC invocations=216 (full 9):
 PSYoungGen      total 403968K, used 345584K [0x00000000d5f00000, 0x00000000f8400000, 0x0000000100000000)
  eden space 257024K, 100% used [0x00000000d5f00000,0x00000000e5a00000,0x00000000e5a00000)
  from space 146944K, 60% used [0x00000000eee00000,0x00000000f447c0d0,0x00000000f7d80000)
  to   space 151552K, 0% used [0x00000000e5a00000,0x00000000e5a00000,0x00000000eee00000)
 ParOldGen       total 634880K, used 441589K [0x0000000081c00000, 0x00000000a8800000, 0x00000000d5f00000)
  object space 634880K, 69% used [0x0000000081c00000,0x000000009cb3d450,0x00000000a8800000)
 Metaspace       used 92754K, capacity 104218K, committed 104320K, reserved 1136640K
  class space    used 14205K, capacity 17229K, committed 17280K, reserved 1048576K
Event: 4669.267 GC heap after
Heap after GC invocations=216 (full 9):
 PSYoungGen      total 408576K, used 147665K [0x00000000d5f00000, 0x00000000fd000000, 0x0000000100000000)
  eden space 257024K, 0% used [0x00000000d5f00000,0x00000000d5f00000,0x00000000e5a00000)
  from space 151552K, 97% used [0x00000000e5a00000,0x00000000eea34610,0x00000000eee00000)
  to   space 176640K, 0% used [0x00000000f2380000,0x00000000f2380000,0x00000000fd000000)
 ParOldGen       total 634880K, used 441597K [0x0000000081c00000, 0x00000000a8800000, 0x00000000d5f00000)
  object space 634880K, 69% used [0x0000000081c00000,0x000000009cb3f450,0x00000000a8800000)
 Metaspace       used 92754K, capacity 104218K, committed 104320K, reserved 1136640K
  class space    used 14205K, capacity 17229K, committed 17280K, reserved 1048576K
}
Event: 4670.602 GC heap before
{Heap before GC invocations=217 (full 9):
 PSYoungGen      total 408576K, used 404689K [0x00000000d5f00000, 0x00000000fd000000, 0x0000000100000000)
  eden space 257024K, 100% used [0x00000000d5f00000,0x00000000e5a00000,0x00000000e5a00000)
  from space 151552K, 97% used [0x00000000e5a00000,0x00000000eea34610,0x00000000eee00000)
  to   space 176640K, 0% used [0x00000000f2380000,0x00000000f2380000,0x00000000fd000000)
 ParOldGen       total 634880K, used 441597K [0x0000000081c00000, 0x00000000a8800000, 0x00000000d5f00000)
  object space 634880K, 69% used [0x0000000081c00000,0x000000009cb3f450,0x00000000a8800000)
 Metaspace       used 94263K, capacity 105992K, committed 106240K, reserved 1138688K
  class space    used 14465K, capacity 17552K, committed 17664K, reserved 1048576K
Event: 4670.886 GC heap after
Heap after GC invocations=217 (full 9):
 PSYoungGen      total 432128K, used 176611K [0x00000000d5f00000, 0x0000000100000000, 0x0000000100000000)
  eden space 255488K, 0% used [0x00000000d5f00000,0x00000000d5f00000,0x00000000e5880000)
  from space 176640K, 99% used [0x00000000f2380000,0x00000000fcff8fb8,0x00000000fd000000)
  to   space 207872K, 0% used [0x00000000e5880000,0x00000000e5880000,0x00000000f2380000)
 ParOldGen       total 634880K, used 442600K [0x0000000081c00000, 0x00000000a8800000, 0x00000000d5f00000)
  object space 634880K, 69% used [0x0000000081c00000,0x000000009cc3a0f0,0x00000000a8800000)
 Metaspace       used 94263K, capacity 105992K, committed 106240K, reserved 1138688K
  class space    used 14465K, capacity 17552K, committed 17664K, reserved 1048576K
}
Event: 4673.201 GC heap before
{Heap before GC invocations=218 (full 9):
 PSYoungGen      total 432128K, used 432099K [0x00000000d5f00000, 0x0000000100000000, 0x0000000100000000)
  eden space 255488K, 100% used [0x00000000d5f00000,0x00000000e5880000,0x00000000e5880000)
  from space 176640K, 99% used [0x00000000f2380000,0x00000000fcff8fb8,0x00000000fd000000)
  to   space 207872K, 0% used [0x00000000e5880000,0x00000000e5880000,0x00000000f2380000)
 ParOldGen       total 634880K, used 442600K [0x0000000081c00000, 0x00000000a8800000, 0x00000000d5f00000)
  object space 634880K, 69% used [0x0000000081c00000,0x000000009cc3a0f0,0x00000000a8800000)
 Metaspace       used 95521K, capacity 107584K, committed 107904K, reserved 1138688K
  class space    used 14595K, capacity 17712K, committed 17792K, reserved 1048576K
Event: 4673.387 GC heap after
Heap after GC invocations=218 (full 9):
 PSYoungGen      total 463360K, used 123731K [0x00000000d5f00000, 0x0000000100000000, 0x0000000100000000)
  eden space 255488K, 0% used [0x00000000d5f00000,0x00000000d5f00000,0x00000000e5880000)
  from space 207872K, 59% used [0x00000000e5880000,0x00000000ed154c90,0x00000000f2380000)
  to   space 212480K, 0% used [0x00000000f3080000,0x00000000f3080000,0x0000000100000000)
 ParOldGen       total 634880K, used 442608K [0x0000000081c00000, 0x00000000a8800000, 0x00000000d5f00000)
  object space 634880K, 69% used [0x0000000081c00000,0x000000009cc3c0f0,0x00000000a8800000)
 Metaspace       used 95521K, capacity 107584K, committed 107904K, reserved 1138688K
  class space    used 14595K, capacity 17712K, committed 17792K, reserved 1048576K
}

