# JRE version: Java(TM) SE Runtime Environment (8.0_51-b16) (build 1.8.0_51-b16)
# Java VM: Java HotSpot(TM) 64-Bit Server VM (25.51-b03 mixed mode windows-amd64 compressed oops)
Heap:
 PSYoungGen      total 459776K, used 158343K [0x00000000d5f00000, 0x0000000100000000, 0x0000000100000000)
  eden space 230400K, 20% used [0x00000000d5f00000,0x00000000d8ddbd30,0x00000000e4000000)
  from space 229376K, 48% used [0x00000000e4000000,0x00000000eabc62b0,0x00000000f2000000)
  to   space 229376K, 0% used [0x00000000f2000000,0x00000000f2000000,0x0000000100000000)
 ParOldGen       total 666112K, used 477801K [0x0000000081c00000, 0x00000000aa680000, 0x00000000d5f00000)
  object space 666112K, 71% used [0x0000000081c00000,0x000000009ee9a738,0x00000000aa680000)
 Metaspace       used 96095K, capacity 108332K, committed 108672K, reserved 1142784K
  class space    used 14710K, capacity 17926K, committed 18048K, reserved 1048576K
GC Heap History (10 events):
Event: 218.858 GC heap before
{Heap before GC invocations=169 (full 7):
 PSYoungGen      total 459776K, used 394425K [0x00000000d5f00000, 0x0000000100000000, 0x0000000100000000)
  eden space 230400K, 100% used [0x00000000d5f00000,0x00000000e4000000,0x00000000e4000000)
  from space 229376K, 71% used [0x00000000e4000000,0x00000000ee02e550,0x00000000f2000000)
  to   space 229376K, 0% used [0x00000000f2000000,0x00000000f2000000,0x0000000100000000)
 ParOldGen       total 666112K, used 509762K [0x0000000081c00000, 0x00000000aa680000, 0x00000000d5f00000)
  object space 666112K, 76% used [0x0000000081c00000,0x00000000a0dd09f8,0x00000000aa680000)
 Metaspace       used 93469K, capacity 105022K, committed 105344K, reserved 1136640K
  class space    used 14330K, capacity 17435K, committed 17536K, reserved 1048576K
Event: 219.055 GC heap after
Heap after GC invocations=169 (full 7):
 PSYoungGen      total 459776K, used 192865K [0x00000000d5f00000, 0x0000000100000000, 0x0000000100000000)
  eden space 230400K, 0% used [0x00000000d5f00000,0x00000000d5f00000,0x00000000e4000000)
  from space 229376K, 84% used [0x00000000f2000000,0x00000000fdc586d8,0x0000000100000000)
  to   space 229376K, 0% used [0x00000000e4000000,0x00000000e4000000,0x00000000f2000000)
 ParOldGen       total 666112K, used 513842K [0x0000000081c00000, 0x00000000aa680000, 0x00000000d5f00000)
  object space 666112K, 77% used [0x0000000081c00000,0x00000000a11cca18,0x00000000aa680000)
 Metaspace       used 93469K, capacity 105022K, committed 105344K, reserved 1136640K
  class space    used 14330K, capacity 17435K, committed 17536K, reserved 1048576K
}
Event: 220.055 GC heap before
{Heap before GC invocations=170 (full 7):
 PSYoungGen      total 459776K, used 421787K [0x00000000d5f00000, 0x0000000100000000, 0x0000000100000000)
  eden space 230400K, 99% used [0x00000000d5f00000,0x00000000e3e8e5a8,0x00000000e4000000)
  from space 229376K, 84% used [0x00000000f2000000,0x00000000fdc586d8,0x0000000100000000)
  to   space 229376K, 0% used [0x00000000e4000000,0x00000000e4000000,0x00000000f2000000)
 ParOldGen       total 666112K, used 513842K [0x0000000081c00000, 0x00000000aa680000, 0x00000000d5f00000)
  object space 666112K, 77% used [0x0000000081c00000,0x00000000a11cca18,0x00000000aa680000)
 Metaspace       used 94788K, capacity 106646K, committed 106752K, reserved 1138688K
  class space    used 14512K, capacity 17657K, committed 17664K, reserved 1048576K
Event: 220.223 GC heap after
Heap after GC invocations=170 (full 7):
 PSYoungGen      total 459776K, used 173413K [0x00000000d5f00000, 0x0000000100000000, 0x0000000100000000)
  eden space 230400K, 0% used [0x00000000d5f00000,0x00000000d5f00000,0x00000000e4000000)
  from space 229376K, 75% used [0x00000000e4000000,0x00000000ee9597c0,0x00000000f2000000)
  to   space 229376K, 0% used [0x00000000f2000000,0x00000000f2000000,0x0000000100000000)
 ParOldGen       total 666112K, used 526621K [0x0000000081c00000, 0x00000000aa680000, 0x00000000d5f00000)
  object space 666112K, 79% used [0x0000000081c00000,0x00000000a1e47550,0x00000000aa680000)
 Metaspace       used 94788K, capacity 106646K, committed 106752K, reserved 1138688K
  class space    used 14512K, capacity 17657K, committed 17664K, reserved 1048576K
}
Event: 220.223 GC heap before
{Heap before GC invocations=171 (full 8):
 PSYoungGen      total 459776K, used 173413K [0x00000000d5f00000, 0x0000000100000000, 0x0000000100000000)
  eden space 230400K, 0% used [0x00000000d5f00000,0x00000000d5f00000,0x00000000e4000000)
  from space 229376K, 75% used [0x00000000e4000000,0x00000000ee9597c0,0x00000000f2000000)
  to   space 229376K, 0% used [0x00000000f2000000,0x00000000f2000000,0x0000000100000000)
 ParOldGen       total 666112K, used 526621K [0x0000000081c00000, 0x00000000aa680000, 0x00000000d5f00000)
  object space 666112K, 79% used [0x0000000081c00000,0x00000000a1e47550,0x00000000aa680000)
 Metaspace       used 94788K, capacity 106646K, committed 106752K, reserved 1138688K
  class space    used 14512K, capacity 17657K, committed 17664K, reserved 1048576K
Event: 222.943 GC heap after
Heap after GC invocations=171 (full 8):
 PSYoungGen      total 459776K, used 0K [0x00000000d5f00000, 0x0000000100000000, 0x0000000100000000)
  eden space 230400K, 0% used [0x00000000d5f00000,0x00000000d5f00000,0x00000000e4000000)
  from space 229376K, 0% used [0x00000000e4000000,0x00000000e4000000,0x00000000f2000000)
  to   space 229376K, 0% used [0x00000000f2000000,0x00000000f2000000,0x0000000100000000)
 ParOldGen       total 666112K, used 477785K [0x0000000081c00000, 0x00000000aa680000, 0x00000000d5f00000)
  object space 666112K, 71% used [0x0000000081c00000,0x000000009ee96738,0x00000000aa680000)
 Metaspace       used 94783K, capacity 106632K, committed 106752K, reserved 1138688K
  class space    used 14510K, capacity 17654K, committed 17664K, reserved 1048576K
}
Event: 224.591 GC heap before
{Heap before GC invocations=172 (full 8):
 PSYoungGen      total 459776K, used 230400K [0x00000000d5f00000, 0x0000000100000000, 0x0000000100000000)
  eden space 230400K, 100% used [0x00000000d5f00000,0x00000000e4000000,0x00000000e4000000)
  from space 229376K, 0% used [0x00000000e4000000,0x00000000e4000000,0x00000000f2000000)
  to   space 229376K, 0% used [0x00000000f2000000,0x00000000f2000000,0x0000000100000000)
 ParOldGen       total 666112K, used 477785K [0x0000000081c00000, 0x00000000aa680000, 0x00000000d5f00000)
  object space 666112K, 71% used [0x0000000081c00000,0x000000009ee96738,0x00000000aa680000)
 Metaspace       used 95389K, capacity 107494K, committed 107648K, reserved 1138688K
  class space    used 14591K, capacity 17765K, committed 17792K, reserved 1048576K
Event: 224.667 GC heap after
Heap after GC invocations=172 (full 8):
 PSYoungGen      total 459776K, used 86084K [0x00000000d5f00000, 0x0000000100000000, 0x0000000100000000)
  eden space 230400K, 0% used [0x00000000d5f00000,0x00000000d5f00000,0x00000000e4000000)
  from space 229376K, 37% used [0x00000000f2000000,0x00000000f74112b0,0x0000000100000000)
  to   space 229376K, 0% used [0x00000000e4000000,0x00000000e4000000,0x00000000f2000000)
 ParOldGen       total 666112K, used 477793K [0x0000000081c00000, 0x00000000aa680000, 0x00000000d5f00000)
  object space 666112K, 71% used [0x0000000081c00000,0x000000009ee98738,0x00000000aa680000)
 Metaspace       used 95389K, capacity 107494K, committed 107648K, reserved 1138688K
  class space    used 14591K, capacity 17765K, committed 17792K, reserved 1048576K
}
Event: 225.962 GC heap before
{Heap before GC invocations=173 (full 8):
 PSYoungGen      total 459776K, used 316484K [0x00000000d5f00000, 0x0000000100000000, 0x0000000100000000)
  eden space 230400K, 100% used [0x00000000d5f00000,0x00000000e4000000,0x00000000e4000000)
  from space 229376K, 37% used [0x00000000f2000000,0x00000000f74112b0,0x0000000100000000)
  to   space 229376K, 0% used [0x00000000e4000000,0x00000000e4000000,0x00000000f2000000)
 ParOldGen       total 666112K, used 477793K [0x0000000081c00000, 0x00000000aa680000, 0x00000000d5f00000)
  object space 666112K, 71% used [0x0000000081c00000,0x000000009ee98738,0x00000000aa680000)
 Metaspace       used 95969K, capacity 108190K, committed 108288K, reserved 1140736K
  class space    used 14684K, capacity 17907K, committed 17920K, reserved 1048576K
Event: 226.056 GC heap after
Heap after GC invocations=173 (full 8):
 PSYoungGen      total 459776K, used 110360K [0x00000000d5f00000, 0x0000000100000000, 0x0000000100000000)
  eden space 230400K, 0% used [0x00000000d5f00000,0x00000000d5f00000,0x00000000e4000000)
  from space 229376K, 48% used [0x00000000e4000000,0x00000000eabc62b0,0x00000000f2000000)
  to   space 229376K, 0% used [0x00000000f2000000,0x00000000f2000000,0x0000000100000000)
 ParOldGen       total 666112K, used 477801K [0x0000000081c00000, 0x00000000aa680000, 0x00000000d5f00000)
  object space 666112K, 71% used [0x0000000081c00000,0x000000009ee9a738,0x00000000aa680000)
 Metaspace       used 95969K, capacity 108190K, committed 108288K, reserved 1140736K
  class space    used 14684K, capacity 17907K, committed 17920K, reserved 1048576K
}

