# JRE version: Java(TM) SE Runtime Environment (8.0_51-b16) (build 1.8.0_51-b16)
# Java VM: Java HotSpot(TM) 64-Bit Server VM (25.51-b03 mixed mode windows-amd64 compressed oops)
Heap:
 PSYoungGen      total 459776K, used 220413K [0x00000000d5f00000, 0x0000000100000000, 0x0000000100000000)
  eden space 230400K, 35% used [0x00000000d5f00000,0x00000000dafda470,0x00000000e4000000)
  from space 229376K, 59% used [0x00000000e4000000,0x00000000ec664ff8,0x00000000f2000000)
  to   space 229376K, 0% used [0x00000000f2000000,0x00000000f2000000,0x0000000100000000)
 ParOldGen       total 731648K, used 526112K [0x0000000081c00000, 0x00000000ae680000, 0x00000000d5f00000)
  object space 731648K, 71% used [0x0000000081c00000,0x00000000a1dc81f8,0x00000000ae680000)
 Metaspace       used 99225K, capacity 112056K, committed 112256K, reserved 1142784K
  class space    used 15874K, capacity 19482K, committed 19584K, reserved 1048576K
GC Heap History (10 events):
Event: 156.576 GC heap before
{Heap before GC invocations=159 (full 8):
 PSYoungGen      total 505344K, used 505315K [0x00000000d5f00000, 0x0000000100000000, 0x0000000100000000)
  eden space 370688K, 100% used [0x00000000d5f00000,0x00000000ec900000,0x00000000ec900000)
  from space 134656K, 99% used [0x00000000f7c80000,0x00000000ffff8f30,0x0000000100000000)
  to   space 159232K, 0% used [0x00000000ec900000,0x00000000ec900000,0x00000000f6480000)
 ParOldGen       total 731648K, used 516350K [0x0000000081c00000, 0x00000000ae680000, 0x00000000d5f00000)
  object space 731648K, 70% used [0x0000000081c00000,0x00000000a143fb68,0x00000000ae680000)
 Metaspace       used 88550K, capacity 99788K, committed 99968K, reserved 1132544K
  class space    used 14440K, capacity 17739K, committed 17792K, reserved 1048576K
Event: 156.788 GC heap after
Heap after GC invocations=159 (full 8):
 PSYoungGen      total 507392K, used 136406K [0x00000000d5f00000, 0x0000000100000000, 0x0000000100000000)
  eden space 370688K, 0% used [0x00000000d5f00000,0x00000000d5f00000,0x00000000ec900000)
  from space 136704K, 99% used [0x00000000ec900000,0x00000000f4e35848,0x00000000f4e80000)
  to   space 178688K, 0% used [0x00000000f5180000,0x00000000f5180000,0x0000000100000000)
 ParOldGen       total 731648K, used 516358K [0x0000000081c00000, 0x00000000ae680000, 0x00000000d5f00000)
  object space 731648K, 70% used [0x0000000081c00000,0x00000000a1441b68,0x00000000ae680000)
 Metaspace       used 88550K, capacity 99788K, committed 99968K, reserved 1132544K
  class space    used 14440K, capacity 17739K, committed 17792K, reserved 1048576K
}
Event: 159.469 GC heap before
{Heap before GC invocations=160 (full 8):
 PSYoungGen      total 507392K, used 507094K [0x00000000d5f00000, 0x0000000100000000, 0x0000000100000000)
  eden space 370688K, 100% used [0x00000000d5f00000,0x00000000ec900000,0x00000000ec900000)
  from space 136704K, 99% used [0x00000000ec900000,0x00000000f4e35848,0x00000000f4e80000)
  to   space 178688K, 0% used [0x00000000f5180000,0x00000000f5180000,0x0000000100000000)
 ParOldGen       total 731648K, used 516358K [0x0000000081c00000, 0x00000000ae680000, 0x00000000d5f00000)
  object space 731648K, 70% used [0x0000000081c00000,0x00000000a1441b68,0x00000000ae680000)
 Metaspace       used 91540K, capacity 103320K, committed 103552K, reserved 1134592K
  class space    used 14789K, capacity 18196K, committed 18304K, reserved 1048576K
Event: 159.702 GC heap after
Heap after GC invocations=160 (full 8):
 PSYoungGen      total 440832K, used 178662K [0x00000000d5f00000, 0x0000000100000000, 0x0000000100000000)
  eden space 262144K, 0% used [0x00000000d5f00000,0x00000000d5f00000,0x00000000e5f00000)
  from space 178688K, 99% used [0x00000000f5180000,0x00000000ffff9800,0x0000000100000000)
  to   space 213504K, 0% used [0x00000000e5f00000,0x00000000e5f00000,0x00000000f2f80000)
 ParOldGen       total 731648K, used 526088K [0x0000000081c00000, 0x00000000ae680000, 0x00000000d5f00000)
  object space 731648K, 71% used [0x0000000081c00000,0x00000000a1dc21c0,0x00000000ae680000)
 Metaspace       used 91540K, capacity 103320K, committed 103552K, reserved 1134592K
  class space    used 14789K, capacity 18196K, committed 18304K, reserved 1048576K
}
Event: 163.684 GC heap before
{Heap before GC invocations=161 (full 8):
 PSYoungGen      total 440832K, used 440806K [0x00000000d5f00000, 0x0000000100000000, 0x0000000100000000)
  eden space 262144K, 100% used [0x00000000d5f00000,0x00000000e5f00000,0x00000000e5f00000)
  from space 178688K, 99% used [0x00000000f5180000,0x00000000ffff9800,0x0000000100000000)
  to   space 213504K, 0% used [0x00000000e5f00000,0x00000000e5f00000,0x00000000f2f80000)
 ParOldGen       total 731648K, used 526088K [0x0000000081c00000, 0x00000000ae680000, 0x00000000d5f00000)
  object space 731648K, 71% used [0x0000000081c00000,0x00000000a1dc21c0,0x00000000ae680000)
 Metaspace       used 96024K, capacity 108180K, committed 108544K, reserved 1138688K
  class space    used 15395K, capacity 18864K, committed 18944K, reserved 1048576K
Event: 163.800 GC heap after
Heap after GC invocations=161 (full 8):
 PSYoungGen      total 475648K, used 104161K [0x00000000d5f00000, 0x0000000100000000, 0x0000000100000000)
  eden space 262144K, 0% used [0x00000000d5f00000,0x00000000d5f00000,0x00000000e5f00000)
  from space 213504K, 48% used [0x00000000e5f00000,0x00000000ec4b85e0,0x00000000f2f80000)
  to   space 210432K, 0% used [0x00000000f3280000,0x00000000f3280000,0x0000000100000000)
 ParOldGen       total 731648K, used 526096K [0x0000000081c00000, 0x00000000ae680000, 0x00000000d5f00000)
  object space 731648K, 71% used [0x0000000081c00000,0x00000000a1dc41c0,0x00000000ae680000)
 Metaspace       used 96024K, capacity 108180K, committed 108544K, reserved 1138688K
  class space    used 15395K, capacity 18864K, committed 18944K, reserved 1048576K
}
Event: 165.112 GC heap before
{Heap before GC invocations=162 (full 8):
 PSYoungGen      total 475648K, used 366305K [0x00000000d5f00000, 0x0000000100000000, 0x0000000100000000)
  eden space 262144K, 100% used [0x00000000d5f00000,0x00000000e5f00000,0x00000000e5f00000)
  from space 213504K, 48% used [0x00000000e5f00000,0x00000000ec4b85e0,0x00000000f2f80000)
  to   space 210432K, 0% used [0x00000000f3280000,0x00000000f3280000,0x0000000100000000)
 ParOldGen       total 731648K, used 526096K [0x0000000081c00000, 0x00000000ae680000, 0x00000000d5f00000)
  object space 731648K, 71% used [0x0000000081c00000,0x00000000a1dc41c0,0x00000000ae680000)
 Metaspace       used 97142K, capacity 109362K, committed 109568K, reserved 1140736K
  class space    used 15607K, capacity 19111K, committed 19200K, reserved 1048576K
Event: 165.368 GC heap after
Heap after GC invocations=162 (full 8):
 PSYoungGen      total 440832K, used 195044K [0x00000000d5f00000, 0x0000000100000000, 0x0000000100000000)
  eden space 230400K, 0% used [0x00000000d5f00000,0x00000000d5f00000,0x00000000e4000000)
  from space 210432K, 92% used [0x00000000f3280000,0x00000000ff0f91b0,0x0000000100000000)
  to   space 229376K, 0% used [0x00000000e4000000,0x00000000e4000000,0x00000000f2000000)
 ParOldGen       total 731648K, used 526104K [0x0000000081c00000, 0x00000000ae680000, 0x00000000d5f00000)
  object space 731648K, 71% used [0x0000000081c00000,0x00000000a1dc61c0,0x00000000ae680000)
 Metaspace       used 97142K, capacity 109362K, committed 109568K, reserved 1140736K
  class space    used 15607K, capacity 19111K, committed 19200K, reserved 1048576K
}
Event: 167.247 GC heap before
{Heap before GC invocations=163 (full 8):
 PSYoungGen      total 440832K, used 425444K [0x00000000d5f00000, 0x0000000100000000, 0x0000000100000000)
  eden space 230400K, 100% used [0x00000000d5f00000,0x00000000e4000000,0x00000000e4000000)
  from space 210432K, 92% used [0x00000000f3280000,0x00000000ff0f91b0,0x0000000100000000)
  to   space 229376K, 0% used [0x00000000e4000000,0x00000000e4000000,0x00000000f2000000)
 ParOldGen       total 731648K, used 526104K [0x0000000081c00000, 0x00000000ae680000, 0x00000000d5f00000)
  object space 731648K, 71% used [0x0000000081c00000,0x00000000a1dc61f8,0x00000000ae680000)
 Metaspace       used 98984K, capacity 111766K, committed 111872K, reserved 1142784K
  class space    used 15850K, capacity 19427K, committed 19456K, reserved 1048576K
Event: 167.444 GC heap after
Heap after GC invocations=163 (full 8):
 PSYoungGen      total 459776K, used 137619K [0x00000000d5f00000, 0x0000000100000000, 0x0000000100000000)
  eden space 230400K, 0% used [0x00000000d5f00000,0x00000000d5f00000,0x00000000e4000000)
  from space 229376K, 59% used [0x00000000e4000000,0x00000000ec664ff8,0x00000000f2000000)
  to   space 229376K, 0% used [0x00000000f2000000,0x00000000f2000000,0x0000000100000000)
 ParOldGen       total 731648K, used 526112K [0x0000000081c00000, 0x00000000ae680000, 0x00000000d5f00000)
  object space 731648K, 71% used [0x0000000081c00000,0x00000000a1dc81f8,0x00000000ae680000)
 Metaspace       used 98984K, capacity 111766K, committed 111872K, reserved 1142784K
  class space    used 15850K, capacity 19427K, committed 19456K, reserved 1048576K
}

