# JRE version: Java(TM) SE Runtime Environment (8.0_51-b16) (build 1.8.0_51-b16)
# Java VM: Java HotSpot(TM) 64-Bit Server VM (25.51-b03 mixed mode windows-amd64 compressed oops)
Heap:
 PSYoungGen      total 393728K, used 301399K [0x00000000d5f00000, 0x00000000fa200000, 0x0000000100000000)
  eden space 311808K, 90% used [0x00000000d5f00000,0x00000000e7164810,0x00000000e8f80000)
  from space 81920K, 24% used [0x00000000f0400000,0x00000000f17f17c0,0x00000000f5400000)
  to   space 119296K, 0% used [0x00000000e8f80000,0x00000000e8f80000,0x00000000f0400000)
 ParOldGen       total 274432K, used 162774K [0x0000000081c00000, 0x0000000092800000, 0x00000000d5f00000)
  object space 274432K, 59% used [0x0000000081c00000,0x000000008baf59d8,0x0000000092800000)
 Metaspace       used 40812K, capacity 43187K, committed 43520K, reserved 1087488K
  class space    used 5281K, capacity 6020K, committed 6144K, reserved 1048576K
GC Heap History (10 events):
Event: 18.058 GC heap before
{Heap before GC invocations=15 (full 2):
 PSYoungGen      total 220160K, used 188871K [0x00000000d5f00000, 0x00000000e6e80000, 0x0000000100000000)
  eden space 173568K, 100% used [0x00000000d5f00000,0x00000000e0880000,0x00000000e0880000)
  from space 46592K, 32% used [0x00000000e4100000,0x00000000e4ff1db0,0x00000000e6e80000)
  to   space 52224K, 0% used [0x00000000e0880000,0x00000000e0880000,0x00000000e3b80000)
 ParOldGen       total 136704K, used 67984K [0x0000000081c00000, 0x000000008a180000, 0x00000000d5f00000)
  object space 136704K, 49% used [0x0000000081c00000,0x0000000085e643d0,0x000000008a180000)
 Metaspace       used 35036K, capacity 36941K, committed 37120K, reserved 1081344K
  class space    used 4258K, capacity 4832K, committed 4864K, reserved 1048576K
Event: 18.226 GC heap after
Heap after GC invocations=15 (full 2):
 PSYoungGen      total 225792K, used 49454K [0x00000000d5f00000, 0x00000000ec580000, 0x0000000100000000)
  eden space 173568K, 0% used [0x00000000d5f00000,0x00000000d5f00000,0x00000000e0880000)
  from space 52224K, 94% used [0x00000000e0880000,0x00000000e38cbbe0,0x00000000e3b80000)
  to   space 59904K, 0% used [0x00000000e8b00000,0x00000000e8b00000,0x00000000ec580000)
 ParOldGen       total 136704K, used 78177K [0x0000000081c00000, 0x000000008a180000, 0x00000000d5f00000)
  object space 136704K, 57% used [0x0000000081c00000,0x0000000086858400,0x000000008a180000)
 Metaspace       used 35036K, capacity 36941K, committed 37120K, reserved 1081344K
  class space    used 4258K, capacity 4832K, committed 4864K, reserved 1048576K
}
Event: 20.462 GC heap before
{Heap before GC invocations=16 (full 2):
 PSYoungGen      total 225792K, used 223022K [0x00000000d5f00000, 0x00000000ec580000, 0x0000000100000000)
  eden space 173568K, 100% used [0x00000000d5f00000,0x00000000e0880000,0x00000000e0880000)
  from space 52224K, 94% used [0x00000000e0880000,0x00000000e38cbbe0,0x00000000e3b80000)
  to   space 59904K, 0% used [0x00000000e8b00000,0x00000000e8b00000,0x00000000ec580000)
 ParOldGen       total 136704K, used 78179K [0x0000000081c00000, 0x000000008a180000, 0x00000000d5f00000)
  object space 136704K, 57% used [0x0000000081c00000,0x0000000086858f68,0x000000008a180000)
 Metaspace       used 35753K, capacity 37773K, committed 38016K, reserved 1083392K
  class space    used 4334K, capacity 4920K, committed 4992K, reserved 1048576K
Event: 20.675 GC heap after
Heap after GC invocations=16 (full 2):
 PSYoungGen      total 302592K, used 45365K [0x00000000d5f00000, 0x00000000ed000000, 0x0000000100000000)
  eden space 242688K, 0% used [0x00000000d5f00000,0x00000000d5f00000,0x00000000e4c00000)
  from space 59904K, 75% used [0x00000000e8b00000,0x00000000eb74d5b8,0x00000000ec580000)
  to   space 64512K, 0% used [0x00000000e4c00000,0x00000000e4c00000,0x00000000e8b00000)
 ParOldGen       total 136704K, used 80318K [0x0000000081c00000, 0x000000008a180000, 0x00000000d5f00000)
  object space 136704K, 58% used [0x0000000081c00000,0x0000000086a6f908,0x000000008a180000)
 Metaspace       used 35753K, capacity 37773K, committed 38016K, reserved 1083392K
  class space    used 4334K, capacity 4920K, committed 4992K, reserved 1048576K
}
Event: 23.477 GC heap before
{Heap before GC invocations=17 (full 2):
 PSYoungGen      total 302592K, used 288053K [0x00000000d5f00000, 0x00000000ed000000, 0x0000000100000000)
  eden space 242688K, 100% used [0x00000000d5f00000,0x00000000e4c00000,0x00000000e4c00000)
  from space 59904K, 75% used [0x00000000e8b00000,0x00000000eb74d5b8,0x00000000ec580000)
  to   space 64512K, 0% used [0x00000000e4c00000,0x00000000e4c00000,0x00000000e8b00000)
 ParOldGen       total 136704K, used 80318K [0x0000000081c00000, 0x000000008a180000, 0x00000000d5f00000)
  object space 136704K, 58% used [0x0000000081c00000,0x0000000086a6f908,0x000000008a180000)
 Metaspace       used 37549K, capacity 39777K, committed 39936K, reserved 1083392K
  class space    used 4604K, capacity 5278K, committed 5376K, reserved 1048576K
Event: 23.757 GC heap after
Heap after GC invocations=17 (full 2):
 PSYoungGen      total 307200K, used 64504K [0x00000000d5f00000, 0x00000000f5400000, 0x0000000100000000)
  eden space 242688K, 0% used [0x00000000d5f00000,0x00000000d5f00000,0x00000000e4c00000)
  from space 64512K, 99% used [0x00000000e4c00000,0x00000000e8afe130,0x00000000e8b00000)
  to   space 81920K, 0% used [0x00000000f0400000,0x00000000f0400000,0x00000000f5400000)
 ParOldGen       total 136704K, used 98452K [0x0000000081c00000, 0x000000008a180000, 0x00000000d5f00000)
  object space 136704K, 72% used [0x0000000081c00000,0x0000000087c251e8,0x000000008a180000)
 Metaspace       used 37549K, capacity 39777K, committed 39936K, reserved 1083392K
  class space    used 4604K, capacity 5278K, committed 5376K, reserved 1048576K
}
Event: 27.064 GC heap before
{Heap before GC invocations=18 (full 2):
 PSYoungGen      total 307200K, used 307192K [0x00000000d5f00000, 0x00000000f5400000, 0x0000000100000000)
  eden space 242688K, 100% used [0x00000000d5f00000,0x00000000e4c00000,0x00000000e4c00000)
  from space 64512K, 99% used [0x00000000e4c00000,0x00000000e8afe130,0x00000000e8b00000)
  to   space 81920K, 0% used [0x00000000f0400000,0x00000000f0400000,0x00000000f5400000)
 ParOldGen       total 136704K, used 98452K [0x0000000081c00000, 0x000000008a180000, 0x00000000d5f00000)
  object space 136704K, 72% used [0x0000000081c00000,0x0000000087c251e8,0x000000008a180000)
 Metaspace       used 38850K, capacity 40969K, committed 41216K, reserved 1085440K
  class space    used 4942K, capacity 5605K, committed 5632K, reserved 1048576K
Event: 27.612 GC heap after
Heap after GC invocations=18 (full 2):
 PSYoungGen      total 393728K, used 81908K [0x00000000d5f00000, 0x00000000fa200000, 0x0000000100000000)
  eden space 311808K, 0% used [0x00000000d5f00000,0x00000000d5f00000,0x00000000e8f80000)
  from space 81920K, 99% used [0x00000000f0400000,0x00000000f53fd070,0x00000000f5400000)
  to   space 119296K, 0% used [0x00000000e8f80000,0x00000000e8f80000,0x00000000f0400000)
 ParOldGen       total 162816K, used 162769K [0x0000000081c00000, 0x000000008bb00000, 0x00000000d5f00000)
  object space 162816K, 99% used [0x0000000081c00000,0x000000008baf46c0,0x000000008bb00000)
 Metaspace       used 38850K, capacity 40969K, committed 41216K, reserved 1085440K
  class space    used 4942K, capacity 5605K, committed 5632K, reserved 1048576K
}
Event: 27.612 GC heap before
{Heap before GC invocations=19 (full 3):
 PSYoungGen      total 393728K, used 81908K [0x00000000d5f00000, 0x00000000fa200000, 0x0000000100000000)
  eden space 311808K, 0% used [0x00000000d5f00000,0x00000000d5f00000,0x00000000e8f80000)
  from space 81920K, 99% used [0x00000000f0400000,0x00000000f53fd070,0x00000000f5400000)
  to   space 119296K, 0% used [0x00000000e8f80000,0x00000000e8f80000,0x00000000f0400000)
 ParOldGen       total 162816K, used 162769K [0x0000000081c00000, 0x000000008bb00000, 0x00000000d5f00000)
  object space 162816K, 99% used [0x0000000081c00000,0x000000008baf46c0,0x000000008bb00000)
 Metaspace       used 38850K, capacity 40969K, committed 41216K, reserved 1085440K
  class space    used 4942K, capacity 5605K, committed 5632K, reserved 1048576K
Event: 28.671 GC heap after
Heap after GC invocations=19 (full 3):
 PSYoungGen      total 393728K, used 20421K [0x00000000d5f00000, 0x00000000fa200000, 0x0000000100000000)
  eden space 311808K, 0% used [0x00000000d5f00000,0x00000000d5f00000,0x00000000e8f80000)
  from space 81920K, 24% used [0x00000000f0400000,0x00000000f17f17c0,0x00000000f5400000)
  to   space 119296K, 0% used [0x00000000e8f80000,0x00000000e8f80000,0x00000000f0400000)
 ParOldGen       total 274432K, used 162774K [0x0000000081c00000, 0x0000000092800000, 0x00000000d5f00000)
  object space 274432K, 59% used [0x0000000081c00000,0x000000008baf59d8,0x0000000092800000)
 Metaspace       used 38850K, capacity 40969K, committed 41216K, reserved 1085440K
  class space    used 4942K, capacity 5605K, committed 5632K, reserved 1048576K
}

