# JRE version: Java(TM) SE Runtime Environment (8.0_51-b16) (build 1.8.0_51-b16)
# Java VM: Java HotSpot(TM) 64-Bit Server VM (25.51-b03 mixed mode windows-amd64 compressed oops)
Heap:
 PSYoungGen      total 656896K, used 493727K [0x00000000d5f00000, 0x0000000100000000, 0x0000000100000000)
  eden space 634368K, 75% used [0x00000000d5f00000,0x00000000f2fd6fa8,0x00000000fca80000)
  from space 22528K, 97% used [0x00000000fca80000,0x00000000fe008060,0x00000000fe080000)
  to   space 28672K, 0% used [0x00000000fe400000,0x00000000fe400000,0x0000000100000000)
 ParOldGen       total 371200K, used 284941K [0x0000000081c00000, 0x0000000098680000, 0x00000000d5f00000)
  object space 371200K, 76% used [0x0000000081c00000,0x0000000093243508,0x0000000098680000)
 Metaspace       used 78723K, capacity 87146K, committed 87296K, reserved 1122304K
  class space    used 12624K, capacity 15246K, committed 15360K, reserved 1048576K
GC Heap History (10 events):
Event: 80.984 GC heap before
{Heap before GC invocations=124 (full 5):
 PSYoungGen      total 658944K, used 645216K [0x00000000d5f00000, 0x00000000ffe00000, 0x0000000100000000)
  eden space 630784K, 100% used [0x00000000d5f00000,0x00000000fc700000,0x00000000fc700000)
  from space 28160K, 51% used [0x00000000fe200000,0x00000000ff018080,0x00000000ffd80000)
  to   space 27648K, 0% used [0x00000000fc700000,0x00000000fc700000,0x00000000fe200000)
 ParOldGen       total 371200K, used 278939K [0x0000000081c00000, 0x0000000098680000, 0x00000000d5f00000)
  object space 371200K, 75% used [0x0000000081c00000,0x0000000092c66c48,0x0000000098680000)
 Metaspace       used 78668K, capacity 87058K, committed 87296K, reserved 1122304K
  class space    used 12622K, capacity 15242K, committed 15360K, reserved 1048576K
Event: 81.004 GC heap after
Heap after GC invocations=124 (full 5):
 PSYoungGen      total 658432K, used 14880K [0x00000000d5f00000, 0x00000000ffe80000, 0x0000000100000000)
  eden space 630784K, 0% used [0x00000000d5f00000,0x00000000d5f00000,0x00000000fc700000)
  from space 27648K, 53% used [0x00000000fc700000,0x00000000fd588070,0x00000000fe200000)
  to   space 27136K, 0% used [0x00000000fe400000,0x00000000fe400000,0x00000000ffe80000)
 ParOldGen       total 371200K, used 279795K [0x0000000081c00000, 0x0000000098680000, 0x00000000d5f00000)
  object space 371200K, 75% used [0x0000000081c00000,0x0000000092d3cc68,0x0000000098680000)
 Metaspace       used 78668K, capacity 87058K, committed 87296K, reserved 1122304K
  class space    used 12622K, capacity 15242K, committed 15360K, reserved 1048576K
}
Event: 81.741 GC heap before
{Heap before GC invocations=125 (full 5):
 PSYoungGen      total 658432K, used 645664K [0x00000000d5f00000, 0x00000000ffe80000, 0x0000000100000000)
  eden space 630784K, 100% used [0x00000000d5f00000,0x00000000fc700000,0x00000000fc700000)
  from space 27648K, 53% used [0x00000000fc700000,0x00000000fd588070,0x00000000fe200000)
  to   space 27136K, 0% used [0x00000000fe400000,0x00000000fe400000,0x00000000ffe80000)
 ParOldGen       total 371200K, used 279795K [0x0000000081c00000, 0x0000000098680000, 0x00000000d5f00000)
  object space 371200K, 75% used [0x0000000081c00000,0x0000000092d3cc68,0x0000000098680000)
 Metaspace       used 78678K, capacity 87134K, committed 87296K, reserved 1122304K
  class space    used 12623K, capacity 15244K, committed 15360K, reserved 1048576K
Event: 81.767 GC heap after
Heap after GC invocations=125 (full 5):
 PSYoungGen      total 660992K, used 15168K [0x00000000d5f00000, 0x00000000ffe80000, 0x0000000100000000)
  eden space 633856K, 0% used [0x00000000d5f00000,0x00000000d5f00000,0x00000000fca00000)
  from space 27136K, 55% used [0x00000000fe400000,0x00000000ff2d0070,0x00000000ffe80000)
  to   space 26624K, 0% used [0x00000000fca00000,0x00000000fca00000,0x00000000fe400000)
 ParOldGen       total 371200K, used 280203K [0x0000000081c00000, 0x0000000098680000, 0x00000000d5f00000)
  object space 371200K, 75% used [0x0000000081c00000,0x0000000092da2c68,0x0000000098680000)
 Metaspace       used 78678K, capacity 87134K, committed 87296K, reserved 1122304K
  class space    used 12623K, capacity 15244K, committed 15360K, reserved 1048576K
}
Event: 82.614 GC heap before
{Heap before GC invocations=126 (full 5):
 PSYoungGen      total 660992K, used 649024K [0x00000000d5f00000, 0x00000000ffe80000, 0x0000000100000000)
  eden space 633856K, 100% used [0x00000000d5f00000,0x00000000fca00000,0x00000000fca00000)
  from space 27136K, 55% used [0x00000000fe400000,0x00000000ff2d0070,0x00000000ffe80000)
  to   space 26624K, 0% used [0x00000000fca00000,0x00000000fca00000,0x00000000fe400000)
 ParOldGen       total 371200K, used 280203K [0x0000000081c00000, 0x0000000098680000, 0x00000000d5f00000)
  object space 371200K, 75% used [0x0000000081c00000,0x0000000092da2c68,0x0000000098680000)
 Metaspace       used 78708K, capacity 87134K, committed 87296K, reserved 1122304K
  class space    used 12623K, capacity 15244K, committed 15360K, reserved 1048576K
Event: 82.639 GC heap after
Heap after GC invocations=126 (full 5):
 PSYoungGen      total 660480K, used 15360K [0x00000000d5f00000, 0x00000000ffe80000, 0x0000000100000000)
  eden space 633856K, 0% used [0x00000000d5f00000,0x00000000d5f00000,0x00000000fca00000)
  from space 26624K, 57% used [0x00000000fca00000,0x00000000fd900070,0x00000000fe400000)
  to   space 26112K, 0% used [0x00000000fe500000,0x00000000fe500000,0x00000000ffe80000)
 ParOldGen       total 371200K, used 281275K [0x0000000081c00000, 0x0000000098680000, 0x00000000d5f00000)
  object space 371200K, 75% used [0x0000000081c00000,0x0000000092eaec68,0x0000000098680000)
 Metaspace       used 78708K, capacity 87134K, committed 87296K, reserved 1122304K
  class space    used 12623K, capacity 15244K, committed 15360K, reserved 1048576K
}
Event: 83.373 GC heap before
{Heap before GC invocations=127 (full 5):
 PSYoungGen      total 660480K, used 649216K [0x00000000d5f00000, 0x00000000ffe80000, 0x0000000100000000)
  eden space 633856K, 100% used [0x00000000d5f00000,0x00000000fca00000,0x00000000fca00000)
  from space 26624K, 57% used [0x00000000fca00000,0x00000000fd900070,0x00000000fe400000)
  to   space 26112K, 0% used [0x00000000fe500000,0x00000000fe500000,0x00000000ffe80000)
 ParOldGen       total 371200K, used 283443K [0x0000000081c00000, 0x0000000098680000, 0x00000000d5f00000)
  object space 371200K, 76% used [0x0000000081c00000,0x00000000930ccca8,0x0000000098680000)
 Metaspace       used 78720K, capacity 87146K, committed 87296K, reserved 1122304K
  class space    used 12624K, capacity 15246K, committed 15360K, reserved 1048576K
Event: 83.406 GC heap after
Heap after GC invocations=127 (full 5):
 PSYoungGen      total 660480K, used 18432K [0x00000000d5f00000, 0x0000000100000000, 0x0000000100000000)
  eden space 634368K, 0% used [0x00000000d5f00000,0x00000000d5f00000,0x00000000fca80000)
  from space 26112K, 70% used [0x00000000fe500000,0x00000000ff700060,0x00000000ffe80000)
  to   space 27136K, 0% used [0x00000000fca80000,0x00000000fca80000,0x00000000fe500000)
 ParOldGen       total 371200K, used 284067K [0x0000000081c00000, 0x0000000098680000, 0x00000000d5f00000)
  object space 371200K, 76% used [0x0000000081c00000,0x0000000093168cb8,0x0000000098680000)
 Metaspace       used 78720K, capacity 87146K, committed 87296K, reserved 1122304K
  class space    used 12624K, capacity 15246K, committed 15360K, reserved 1048576K
}
Event: 84.517 GC heap before
{Heap before GC invocations=128 (full 5):
 PSYoungGen      total 660480K, used 652800K [0x00000000d5f00000, 0x0000000100000000, 0x0000000100000000)
  eden space 634368K, 100% used [0x00000000d5f00000,0x00000000fca80000,0x00000000fca80000)
  from space 26112K, 70% used [0x00000000fe500000,0x00000000ff700060,0x00000000ffe80000)
  to   space 27136K, 0% used [0x00000000fca80000,0x00000000fca80000,0x00000000fe500000)
 ParOldGen       total 371200K, used 284349K [0x0000000081c00000, 0x0000000098680000, 0x00000000d5f00000)
  object space 371200K, 76% used [0x0000000081c00000,0x00000000931af508,0x0000000098680000)
 Metaspace       used 78721K, capacity 87146K, committed 87296K, reserved 1122304K
  class space    used 12624K, capacity 15246K, committed 15360K, reserved 1048576K
Event: 84.547 GC heap after
Heap after GC invocations=128 (full 5):
 PSYoungGen      total 656896K, used 22048K [0x00000000d5f00000, 0x0000000100000000, 0x0000000100000000)
  eden space 634368K, 0% used [0x00000000d5f00000,0x00000000d5f00000,0x00000000fca80000)
  from space 22528K, 97% used [0x00000000fca80000,0x00000000fe008060,0x00000000fe080000)
  to   space 28672K, 0% used [0x00000000fe400000,0x00000000fe400000,0x0000000100000000)
 ParOldGen       total 371200K, used 284941K [0x0000000081c00000, 0x0000000098680000, 0x00000000d5f00000)
  object space 371200K, 76% used [0x0000000081c00000,0x0000000093243508,0x0000000098680000)
 Metaspace       used 78721K, capacity 87146K, committed 87296K, reserved 1122304K
  class space    used 12624K, capacity 15246K, committed 15360K, reserved 1048576K
}

