# JRE version: Java(TM) SE Runtime Environment (8.0_51-b16) (build 1.8.0_51-b16)
# Java VM: Java HotSpot(TM) 64-Bit Server VM (25.51-b03 mixed mode windows-amd64 compressed oops)
Heap:
 PSYoungGen      total 259584K, used 193536K [0x00000000d5f00000, 0x00000000ea900000, 0x0000000100000000)
  eden space 193536K, 100% used [0x00000000d5f00000,0x00000000e1c00000,0x00000000e1c00000)
  from space 66048K, 0% used [0x00000000e1c00000,0x00000000e1c00000,0x00000000e5c80000)
  to   space 57344K, 33% used [0x00000000e5c80000,0x00000000e6f32ae0,0x00000000e9480000)
 ParOldGen       total 322048K, used 183308K [0x0000000081c00000, 0x0000000095680000, 0x00000000d5f00000)
  object space 322048K, 56% used [0x0000000081c00000,0x000000008cf03138,0x0000000095680000)
 Metaspace       used 46284K, capacity 50010K, committed 50176K, reserved 1091584K
  class space    used 6135K, capacity 7066K, committed 7168K, reserved 1048576K
GC Heap History (10 events):
Event: 32.703 GC heap before
{Heap before GC invocations=22 (full 4):
 PSYoungGen      total 259584K, used 258363K [0x00000000d5f00000, 0x00000000ea900000, 0x0000000100000000)
  eden space 193536K, 100% used [0x00000000d5f00000,0x00000000e1c00000,0x00000000e1c00000)
  from space 66048K, 98% used [0x00000000e1c00000,0x00000000e5b4ec20,0x00000000e5c80000)
  to   space 57344K, 0% used [0x00000000e5c80000,0x00000000e5c80000,0x00000000e9480000)
 ParOldGen       total 219648K, used 111998K [0x0000000081c00000, 0x000000008f280000, 0x00000000d5f00000)
  object space 219648K, 50% used [0x0000000081c00000,0x000000008895f858,0x000000008f280000)
 Metaspace       used 41542K, capacity 43933K, committed 44032K, reserved 1087488K
  class space    used 5395K, capacity 6139K, committed 6144K, reserved 1048576K
Event: 32.801 GC heap after
Heap after GC invocations=22 (full 4):
 PSYoungGen      total 250880K, used 49825K [0x00000000d5f00000, 0x00000000ea900000, 0x0000000100000000)
  eden space 193536K, 0% used [0x00000000d5f00000,0x00000000d5f00000,0x00000000e1c00000)
  from space 57344K, 86% used [0x00000000e5c80000,0x00000000e8d28530,0x00000000e9480000)
  to   space 66048K, 0% used [0x00000000e1c00000,0x00000000e1c00000,0x00000000e5c80000)
 ParOldGen       total 219648K, used 116550K [0x0000000081c00000, 0x000000008f280000, 0x00000000d5f00000)
  object space 219648K, 53% used [0x0000000081c00000,0x0000000088dd1878,0x000000008f280000)
 Metaspace       used 41542K, capacity 43933K, committed 44032K, reserved 1087488K
  class space    used 5395K, capacity 6139K, committed 6144K, reserved 1048576K
}
Event: 34.101 GC heap before
{Heap before GC invocations=23 (full 4):
 PSYoungGen      total 250880K, used 243361K [0x00000000d5f00000, 0x00000000ea900000, 0x0000000100000000)
  eden space 193536K, 100% used [0x00000000d5f00000,0x00000000e1c00000,0x00000000e1c00000)
  from space 57344K, 86% used [0x00000000e5c80000,0x00000000e8d28530,0x00000000e9480000)
  to   space 66048K, 0% used [0x00000000e1c00000,0x00000000e1c00000,0x00000000e5c80000)
 ParOldGen       total 219648K, used 116550K [0x0000000081c00000, 0x000000008f280000, 0x00000000d5f00000)
  object space 219648K, 53% used [0x0000000081c00000,0x0000000088dd1878,0x000000008f280000)
 Metaspace       used 41884K, capacity 44275K, committed 44416K, reserved 1087488K
  class space    used 5453K, capacity 6190K, committed 6272K, reserved 1048576K
Event: 34.225 GC heap after
Heap after GC invocations=23 (full 4):
 PSYoungGen      total 259584K, used 31293K [0x00000000d5f00000, 0x00000000ea900000, 0x0000000100000000)
  eden space 193536K, 0% used [0x00000000d5f00000,0x00000000d5f00000,0x00000000e1c00000)
  from space 66048K, 47% used [0x00000000e1c00000,0x00000000e3a8f550,0x00000000e5c80000)
  to   space 57344K, 0% used [0x00000000e5c80000,0x00000000e5c80000,0x00000000e9480000)
 ParOldGen       total 219648K, used 125571K [0x0000000081c00000, 0x000000008f280000, 0x00000000d5f00000)
  object space 219648K, 57% used [0x0000000081c00000,0x00000000896a0ce8,0x000000008f280000)
 Metaspace       used 41884K, capacity 44275K, committed 44416K, reserved 1087488K
  class space    used 5453K, capacity 6190K, committed 6272K, reserved 1048576K
}
Event: 35.980 GC heap before
{Heap before GC invocations=24 (full 4):
 PSYoungGen      total 259584K, used 224829K [0x00000000d5f00000, 0x00000000ea900000, 0x0000000100000000)
  eden space 193536K, 100% used [0x00000000d5f00000,0x00000000e1c00000,0x00000000e1c00000)
  from space 66048K, 47% used [0x00000000e1c00000,0x00000000e3a8f550,0x00000000e5c80000)
  to   space 57344K, 0% used [0x00000000e5c80000,0x00000000e5c80000,0x00000000e9480000)
 ParOldGen       total 219648K, used 125571K [0x0000000081c00000, 0x000000008f280000, 0x00000000d5f00000)
  object space 219648K, 57% used [0x0000000081c00000,0x00000000896a0ce8,0x000000008f280000)
 Metaspace       used 42603K, capacity 45083K, committed 45312K, reserved 1087488K
  class space    used 5568K, capacity 6364K, committed 6400K, reserved 1048576K
Event: 36.193 GC heap after
Heap after GC invocations=24 (full 4):
 PSYoungGen      total 250880K, used 57319K [0x00000000d5f00000, 0x00000000ea900000, 0x0000000100000000)
  eden space 193536K, 0% used [0x00000000d5f00000,0x00000000d5f00000,0x00000000e1c00000)
  from space 57344K, 99% used [0x00000000e5c80000,0x00000000e9479fe0,0x00000000e9480000)
  to   space 66048K, 0% used [0x00000000e1c00000,0x00000000e1c00000,0x00000000e5c80000)
 ParOldGen       total 219648K, used 171965K [0x0000000081c00000, 0x000000008f280000, 0x00000000d5f00000)
  object space 219648K, 78% used [0x0000000081c00000,0x000000008c3ef688,0x000000008f280000)
 Metaspace       used 42603K, capacity 45083K, committed 45312K, reserved 1087488K
  class space    used 5568K, capacity 6364K, committed 6400K, reserved 1048576K
}
Event: 37.369 GC heap before
{Heap before GC invocations=25 (full 4):
 PSYoungGen      total 250880K, used 250855K [0x00000000d5f00000, 0x00000000ea900000, 0x0000000100000000)
  eden space 193536K, 100% used [0x00000000d5f00000,0x00000000e1c00000,0x00000000e1c00000)
  from space 57344K, 99% used [0x00000000e5c80000,0x00000000e9479fe0,0x00000000e9480000)
  to   space 66048K, 0% used [0x00000000e1c00000,0x00000000e1c00000,0x00000000e5c80000)
 ParOldGen       total 219648K, used 171965K [0x0000000081c00000, 0x000000008f280000, 0x00000000d5f00000)
  object space 219648K, 78% used [0x0000000081c00000,0x000000008c3ef688,0x000000008f280000)
 Metaspace       used 44099K, capacity 46775K, committed 47104K, reserved 1089536K
  class space    used 5768K, capacity 6566K, committed 6656K, reserved 1048576K
Event: 37.582 GC heap after
Heap after GC invocations=25 (full 4):
 PSYoungGen      total 259584K, used 66041K [0x00000000d5f00000, 0x00000000ea900000, 0x0000000100000000)
  eden space 193536K, 0% used [0x00000000d5f00000,0x00000000d5f00000,0x00000000e1c00000)
  from space 66048K, 99% used [0x00000000e1c00000,0x00000000e5c7e5a0,0x00000000e5c80000)
  to   space 57344K, 0% used [0x00000000e5c80000,0x00000000e5c80000,0x00000000e9480000)
 ParOldGen       total 222720K, used 222422K [0x0000000081c00000, 0x000000008f580000, 0x00000000d5f00000)
  object space 222720K, 99% used [0x0000000081c00000,0x000000008f535928,0x000000008f580000)
 Metaspace       used 44099K, capacity 46775K, committed 47104K, reserved 1089536K
  class space    used 5768K, capacity 6566K, committed 6656K, reserved 1048576K
}
Event: 37.582 GC heap before
{Heap before GC invocations=26 (full 5):
 PSYoungGen      total 259584K, used 66041K [0x00000000d5f00000, 0x00000000ea900000, 0x0000000100000000)
  eden space 193536K, 0% used [0x00000000d5f00000,0x00000000d5f00000,0x00000000e1c00000)
  from space 66048K, 99% used [0x00000000e1c00000,0x00000000e5c7e5a0,0x00000000e5c80000)
  to   space 57344K, 0% used [0x00000000e5c80000,0x00000000e5c80000,0x00000000e9480000)
 ParOldGen       total 222720K, used 222422K [0x0000000081c00000, 0x000000008f580000, 0x00000000d5f00000)
  object space 222720K, 99% used [0x0000000081c00000,0x000000008f535928,0x000000008f580000)
 Metaspace       used 44099K, capacity 46775K, committed 47104K, reserved 1089536K
  class space    used 5768K, capacity 6566K, committed 6656K, reserved 1048576K
Event: 38.230 GC heap after
Heap after GC invocations=26 (full 5):
 PSYoungGen      total 259584K, used 0K [0x00000000d5f00000, 0x00000000ea900000, 0x0000000100000000)
  eden space 193536K, 0% used [0x00000000d5f00000,0x00000000d5f00000,0x00000000e1c00000)
  from space 66048K, 0% used [0x00000000e1c00000,0x00000000e1c00000,0x00000000e5c80000)
  to   space 57344K, 0% used [0x00000000e5c80000,0x00000000e5c80000,0x00000000e9480000)
 ParOldGen       total 322048K, used 183300K [0x0000000081c00000, 0x0000000095680000, 0x00000000d5f00000)
  object space 322048K, 56% used [0x0000000081c00000,0x000000008cf01138,0x0000000095680000)
 Metaspace       used 44099K, capacity 46775K, committed 47104K, reserved 1089536K
  class space    used 5768K, capacity 6566K, committed 6656K, reserved 1048576K
}

