# JRE version: Java(TM) SE Runtime Environment (8.0_51-b16) (build 1.8.0_51-b16)
# Java VM: Java HotSpot(TM) 64-Bit Server VM (25.51-b03 mixed mode windows-amd64 compressed oops)
Heap:
 PSYoungGen      total 291328K, used 25330K [0x00000000d5f00000, 0x00000000eca80000, 0x0000000100000000)
  eden space 219648K, 11% used [0x00000000d5f00000,0x00000000d77bcbb8,0x00000000e3580000)
  from space 71680K, 0% used [0x00000000e3580000,0x00000000e3580000,0x00000000e7b80000)
  to   space 65024K, 0% used [0x00000000e7b80000,0x00000000e7b80000,0x00000000ebb00000)
 ParOldGen       total 251904K, used 136834K [0x0000000081c00000, 0x0000000091200000, 0x00000000d5f00000)
  object space 251904K, 54% used [0x0000000081c00000,0x000000008a1a0a40,0x0000000091200000)
 Metaspace       used 41231K, capacity 43675K, committed 43776K, reserved 1087488K
  class space    used 5336K, capacity 6052K, committed 6144K, reserved 1048576K
GC Heap History (10 events):
Event: 33.057 GC heap before
{Heap before GC invocations=17 (full 2):
 PSYoungGen      total 284672K, used 271305K [0x00000000d5f00000, 0x00000000eca80000, 0x0000000100000000)
  eden space 219648K, 100% used [0x00000000d5f00000,0x00000000e3580000,0x00000000e3580000)
  from space 65024K, 79% used [0x00000000e7b80000,0x00000000eadf26f0,0x00000000ebb00000)
  to   space 71680K, 0% used [0x00000000e3580000,0x00000000e3580000,0x00000000e7b80000)
 ParOldGen       total 137216K, used 93266K [0x0000000081c00000, 0x000000008a200000, 0x00000000d5f00000)
  object space 137216K, 67% used [0x0000000081c00000,0x0000000087714b88,0x000000008a200000)
 Metaspace       used 38520K, capacity 40709K, committed 40832K, reserved 1085440K
  class space    used 4836K, capacity 5502K, committed 5504K, reserved 1048576K
Event: 33.196 GC heap after
Heap after GC invocations=17 (full 2):
 PSYoungGen      total 291328K, used 71651K [0x00000000d5f00000, 0x00000000eca80000, 0x0000000100000000)
  eden space 219648K, 0% used [0x00000000d5f00000,0x00000000d5f00000,0x00000000e3580000)
  from space 71680K, 99% used [0x00000000e3580000,0x00000000e7b78d78,0x00000000e7b80000)
  to   space 65024K, 0% used [0x00000000e7b80000,0x00000000e7b80000,0x00000000ebb00000)
 ParOldGen       total 137216K, used 115193K [0x0000000081c00000, 0x000000008a200000, 0x00000000d5f00000)
  object space 137216K, 83% used [0x0000000081c00000,0x0000000088c7e690,0x000000008a200000)
 Metaspace       used 38520K, capacity 40709K, committed 40832K, reserved 1085440K
  class space    used 4836K, capacity 5502K, committed 5504K, reserved 1048576K
}
Event: 33.196 GC heap before
{Heap before GC invocations=18 (full 3):
 PSYoungGen      total 291328K, used 71651K [0x00000000d5f00000, 0x00000000eca80000, 0x0000000100000000)
  eden space 219648K, 0% used [0x00000000d5f00000,0x00000000d5f00000,0x00000000e3580000)
  from space 71680K, 99% used [0x00000000e3580000,0x00000000e7b78d78,0x00000000e7b80000)
  to   space 65024K, 0% used [0x00000000e7b80000,0x00000000e7b80000,0x00000000ebb00000)
 ParOldGen       total 137216K, used 115193K [0x0000000081c00000, 0x000000008a200000, 0x00000000d5f00000)
  object space 137216K, 83% used [0x0000000081c00000,0x0000000088c7e690,0x000000008a200000)
 Metaspace       used 38520K, capacity 40709K, committed 40832K, reserved 1085440K
  class space    used 4836K, capacity 5502K, committed 5504K, reserved 1048576K
Event: 33.562 GC heap after
Heap after GC invocations=18 (full 3):
 PSYoungGen      total 291328K, used 0K [0x00000000d5f00000, 0x00000000eca80000, 0x0000000100000000)
  eden space 219648K, 0% used [0x00000000d5f00000,0x00000000d5f00000,0x00000000e3580000)
  from space 71680K, 0% used [0x00000000e3580000,0x00000000e3580000,0x00000000e7b80000)
  to   space 65024K, 0% used [0x00000000e7b80000,0x00000000e7b80000,0x00000000ebb00000)
 ParOldGen       total 219136K, used 131482K [0x0000000081c00000, 0x000000008f200000, 0x00000000d5f00000)
  object space 219136K, 60% used [0x0000000081c00000,0x0000000089c66810,0x000000008f200000)
 Metaspace       used 38520K, capacity 40709K, committed 40832K, reserved 1085440K
  class space    used 4836K, capacity 5502K, committed 5504K, reserved 1048576K
}
Event: 34.620 GC heap before
{Heap before GC invocations=19 (full 3):
 PSYoungGen      total 291328K, used 219648K [0x00000000d5f00000, 0x00000000eca80000, 0x0000000100000000)
  eden space 219648K, 100% used [0x00000000d5f00000,0x00000000e3580000,0x00000000e3580000)
  from space 71680K, 0% used [0x00000000e3580000,0x00000000e3580000,0x00000000e7b80000)
  to   space 65024K, 0% used [0x00000000e7b80000,0x00000000e7b80000,0x00000000ebb00000)
 ParOldGen       total 219136K, used 131482K [0x0000000081c00000, 0x000000008f200000, 0x00000000d5f00000)
  object space 219136K, 60% used [0x0000000081c00000,0x0000000089c66810,0x000000008f200000)
 Metaspace       used 39831K, capacity 42119K, committed 42240K, reserved 1085440K
  class space    used 5145K, capacity 5866K, committed 5888K, reserved 1048576K
Event: 34.792 GC heap after
Heap after GC invocations=19 (full 3):
 PSYoungGen      total 284672K, used 65015K [0x00000000d5f00000, 0x00000000eca80000, 0x0000000100000000)
  eden space 219648K, 0% used [0x00000000d5f00000,0x00000000d5f00000,0x00000000e3580000)
  from space 65024K, 99% used [0x00000000e7b80000,0x00000000ebafded8,0x00000000ebb00000)
  to   space 71680K, 0% used [0x00000000e3580000,0x00000000e3580000,0x00000000e7b80000)
 ParOldGen       total 219136K, used 175748K [0x0000000081c00000, 0x000000008f200000, 0x00000000d5f00000)
  object space 219136K, 80% used [0x0000000081c00000,0x000000008c7a1188,0x000000008f200000)
 Metaspace       used 39831K, capacity 42119K, committed 42240K, reserved 1085440K
  class space    used 5145K, capacity 5866K, committed 5888K, reserved 1048576K
}
Event: 36.110 GC heap before
{Heap before GC invocations=20 (full 3):
 PSYoungGen      total 284672K, used 284663K [0x00000000d5f00000, 0x00000000eca80000, 0x0000000100000000)
  eden space 219648K, 100% used [0x00000000d5f00000,0x00000000e3580000,0x00000000e3580000)
  from space 65024K, 99% used [0x00000000e7b80000,0x00000000ebafded8,0x00000000ebb00000)
  to   space 71680K, 0% used [0x00000000e3580000,0x00000000e3580000,0x00000000e7b80000)
 ParOldGen       total 219136K, used 176846K [0x0000000081c00000, 0x000000008f200000, 0x00000000d5f00000)
  object space 219136K, 80% used [0x0000000081c00000,0x000000008c8b3a80,0x000000008f200000)
 Metaspace       used 41066K, capacity 43505K, committed 43776K, reserved 1087488K
  class space    used 5312K, capacity 6037K, committed 6144K, reserved 1048576K
Event: 36.249 GC heap after
Heap after GC invocations=20 (full 3):
 PSYoungGen      total 291328K, used 71652K [0x00000000d5f00000, 0x00000000eca80000, 0x0000000100000000)
  eden space 219648K, 0% used [0x00000000d5f00000,0x00000000d5f00000,0x00000000e3580000)
  from space 71680K, 99% used [0x00000000e3580000,0x00000000e7b792b8,0x00000000e7b80000)
  to   space 65024K, 0% used [0x00000000e7b80000,0x00000000e7b80000,0x00000000ebb00000)
 ParOldGen       total 219136K, used 199725K [0x0000000081c00000, 0x000000008f200000, 0x00000000d5f00000)
  object space 219136K, 91% used [0x0000000081c00000,0x000000008df0b6d0,0x000000008f200000)
 Metaspace       used 41066K, capacity 43505K, committed 43776K, reserved 1087488K
  class space    used 5312K, capacity 6037K, committed 6144K, reserved 1048576K
}
Event: 36.249 GC heap before
{Heap before GC invocations=21 (full 4):
 PSYoungGen      total 291328K, used 71652K [0x00000000d5f00000, 0x00000000eca80000, 0x0000000100000000)
  eden space 219648K, 0% used [0x00000000d5f00000,0x00000000d5f00000,0x00000000e3580000)
  from space 71680K, 99% used [0x00000000e3580000,0x00000000e7b792b8,0x00000000e7b80000)
  to   space 65024K, 0% used [0x00000000e7b80000,0x00000000e7b80000,0x00000000ebb00000)
 ParOldGen       total 219136K, used 199725K [0x0000000081c00000, 0x000000008f200000, 0x00000000d5f00000)
  object space 219136K, 91% used [0x0000000081c00000,0x000000008df0b6d0,0x000000008f200000)
 Metaspace       used 41066K, capacity 43505K, committed 43776K, reserved 1087488K
  class space    used 5312K, capacity 6037K, committed 6144K, reserved 1048576K
Event: 36.546 GC heap after
Heap after GC invocations=21 (full 4):
 PSYoungGen      total 291328K, used 0K [0x00000000d5f00000, 0x00000000eca80000, 0x0000000100000000)
  eden space 219648K, 0% used [0x00000000d5f00000,0x00000000d5f00000,0x00000000e3580000)
  from space 71680K, 0% used [0x00000000e3580000,0x00000000e3580000,0x00000000e7b80000)
  to   space 65024K, 0% used [0x00000000e7b80000,0x00000000e7b80000,0x00000000ebb00000)
 ParOldGen       total 251904K, used 136834K [0x0000000081c00000, 0x0000000091200000, 0x00000000d5f00000)
  object space 251904K, 54% used [0x0000000081c00000,0x000000008a1a0a40,0x0000000091200000)
 Metaspace       used 41066K, capacity 43505K, committed 43776K, reserved 1087488K
  class space    used 5312K, capacity 6037K, committed 6144K, reserved 1048576K
}

