# JRE version: Java(TM) SE Runtime Environment (8.0_51-b16) (build 1.8.0_51-b16)
# Java VM: Java HotSpot(TM) 64-Bit Server VM (25.51-b03 mixed mode windows-amd64 compressed oops)
Heap:
 PSYoungGen      total 459776K, used 52048K [0x00000000d5f00000, 0x0000000100000000, 0x0000000100000000)
  eden space 230400K, 6% used [0x00000000d5f00000,0x00000000d6d5f898,0x00000000e4000000)
  from space 229376K, 16% used [0x00000000f2000000,0x00000000f4474890,0x0000000100000000)
  to   space 229376K, 0% used [0x00000000e4000000,0x00000000e4000000,0x00000000f2000000)
 ParOldGen       total 639488K, used 480480K [0x0000000081c00000, 0x00000000a8c80000, 0x00000000d5f00000)
  object space 639488K, 75% used [0x0000000081c00000,0x000000009f138308,0x00000000a8c80000)
 Metaspace       used 98348K, capacity 111250K, committed 111360K, reserved 1142784K
  class space    used 15210K, capacity 18637K, committed 18688K, reserved 1048576K
GC Heap History (10 events):
Event: 156.309 GC heap before
{Heap before GC invocations=164 (full 9):
 PSYoungGen      total 459776K, used 459769K [0x00000000d5f00000, 0x0000000100000000, 0x0000000100000000)
  eden space 230400K, 100% used [0x00000000d5f00000,0x00000000e4000000,0x00000000e4000000)
  from space 229376K, 99% used [0x00000000f2000000,0x00000000ffffe7e8,0x0000000100000000)
  to   space 229376K, 0% used [0x00000000e4000000,0x00000000e4000000,0x00000000f2000000)
 ParOldGen       total 639488K, used 452744K [0x0000000081c00000, 0x00000000a8c80000, 0x00000000d5f00000)
  object space 639488K, 70% used [0x0000000081c00000,0x000000009d6220a0,0x00000000a8c80000)
 Metaspace       used 95721K, capacity 107976K, committed 108160K, reserved 1138688K
  class space    used 14890K, capacity 18192K, committed 18304K, reserved 1048576K
Event: 156.561 GC heap after
Heap after GC invocations=164 (full 9):
 PSYoungGen      total 459776K, used 229355K [0x00000000d5f00000, 0x0000000100000000, 0x0000000100000000)
  eden space 230400K, 0% used [0x00000000d5f00000,0x00000000d5f00000,0x00000000e4000000)
  from space 229376K, 99% used [0x00000000e4000000,0x00000000f1ffaec0,0x00000000f2000000)
  to   space 229376K, 0% used [0x00000000f2000000,0x00000000f2000000,0x0000000100000000)
 ParOldGen       total 639488K, used 478473K [0x0000000081c00000, 0x00000000a8c80000, 0x00000000d5f00000)
  object space 639488K, 74% used [0x0000000081c00000,0x000000009ef427a0,0x00000000a8c80000)
 Metaspace       used 95721K, capacity 107976K, committed 108160K, reserved 1138688K
  class space    used 14890K, capacity 18192K, committed 18304K, reserved 1048576K
}
Event: 157.926 GC heap before
{Heap before GC invocations=165 (full 9):
 PSYoungGen      total 459776K, used 459724K [0x00000000d5f00000, 0x0000000100000000, 0x0000000100000000)
  eden space 230400K, 99% used [0x00000000d5f00000,0x00000000e3ff8380,0x00000000e4000000)
  from space 229376K, 99% used [0x00000000e4000000,0x00000000f1ffaec0,0x00000000f2000000)
  to   space 229376K, 0% used [0x00000000f2000000,0x00000000f2000000,0x0000000100000000)
 ParOldGen       total 639488K, used 478473K [0x0000000081c00000, 0x00000000a8c80000, 0x00000000d5f00000)
  object space 639488K, 74% used [0x0000000081c00000,0x000000009ef427a0,0x00000000a8c80000)
 Metaspace       used 97276K, capacity 109802K, committed 109824K, reserved 1140736K
  class space    used 15037K, capacity 18411K, committed 18432K, reserved 1048576K
Event: 158.134 GC heap after
Heap after GC invocations=165 (full 9):
 PSYoungGen      total 459776K, used 205549K [0x00000000d5f00000, 0x0000000100000000, 0x0000000100000000)
  eden space 230400K, 0% used [0x00000000d5f00000,0x00000000d5f00000,0x00000000e4000000)
  from space 229376K, 89% used [0x00000000f2000000,0x00000000fe8bb440,0x0000000100000000)
  to   space 229376K, 0% used [0x00000000e4000000,0x00000000e4000000,0x00000000f2000000)
 ParOldGen       total 639488K, used 492106K [0x0000000081c00000, 0x00000000a8c80000, 0x00000000d5f00000)
  object space 639488K, 76% used [0x0000000081c00000,0x000000009fc92ad0,0x00000000a8c80000)
 Metaspace       used 97276K, capacity 109802K, committed 109824K, reserved 1140736K
  class space    used 15037K, capacity 18411K, committed 18432K, reserved 1048576K
}
Event: 159.689 GC heap before
{Heap before GC invocations=166 (full 9):
 PSYoungGen      total 459776K, used 435949K [0x00000000d5f00000, 0x0000000100000000, 0x0000000100000000)
  eden space 230400K, 100% used [0x00000000d5f00000,0x00000000e4000000,0x00000000e4000000)
  from space 229376K, 89% used [0x00000000f2000000,0x00000000fe8bb440,0x0000000100000000)
  to   space 229376K, 0% used [0x00000000e4000000,0x00000000e4000000,0x00000000f2000000)
 ParOldGen       total 639488K, used 492106K [0x0000000081c00000, 0x00000000a8c80000, 0x00000000d5f00000)
  object space 639488K, 76% used [0x0000000081c00000,0x000000009fc92ad0,0x00000000a8c80000)
 Metaspace       used 97641K, capacity 110272K, committed 110464K, reserved 1140736K
  class space    used 15081K, capacity 18458K, committed 18560K, reserved 1048576K
Event: 159.804 GC heap after
Heap after GC invocations=166 (full 9):
 PSYoungGen      total 459776K, used 82182K [0x00000000d5f00000, 0x0000000100000000, 0x0000000100000000)
  eden space 230400K, 0% used [0x00000000d5f00000,0x00000000d5f00000,0x00000000e4000000)
  from space 229376K, 35% used [0x00000000e4000000,0x00000000e9041a90,0x00000000f2000000)
  to   space 229376K, 0% used [0x00000000f2000000,0x00000000f2000000,0x0000000100000000)
 ParOldGen       total 639488K, used 588166K [0x0000000081c00000, 0x00000000a8c80000, 0x00000000d5f00000)
  object space 639488K, 91% used [0x0000000081c00000,0x00000000a5a61af0,0x00000000a8c80000)
 Metaspace       used 97641K, capacity 110272K, committed 110464K, reserved 1140736K
  class space    used 15081K, capacity 18458K, committed 18560K, reserved 1048576K
}
Event: 159.804 GC heap before
{Heap before GC invocations=167 (full 10):
 PSYoungGen      total 459776K, used 82182K [0x00000000d5f00000, 0x0000000100000000, 0x0000000100000000)
  eden space 230400K, 0% used [0x00000000d5f00000,0x00000000d5f00000,0x00000000e4000000)
  from space 229376K, 35% used [0x00000000e4000000,0x00000000e9041a90,0x00000000f2000000)
  to   space 229376K, 0% used [0x00000000f2000000,0x00000000f2000000,0x0000000100000000)
 ParOldGen       total 639488K, used 588166K [0x0000000081c00000, 0x00000000a8c80000, 0x00000000d5f00000)
  object space 639488K, 91% used [0x0000000081c00000,0x00000000a5a61af0,0x00000000a8c80000)
 Metaspace       used 97641K, capacity 110272K, committed 110464K, reserved 1140736K
  class space    used 15081K, capacity 18458K, committed 18560K, reserved 1048576K
Event: 161.028 GC heap after
Heap after GC invocations=167 (full 10):
 PSYoungGen      total 459776K, used 0K [0x00000000d5f00000, 0x0000000100000000, 0x0000000100000000)
  eden space 230400K, 0% used [0x00000000d5f00000,0x00000000d5f00000,0x00000000e4000000)
  from space 229376K, 0% used [0x00000000e4000000,0x00000000e4000000,0x00000000f2000000)
  to   space 229376K, 0% used [0x00000000f2000000,0x00000000f2000000,0x0000000100000000)
 ParOldGen       total 639488K, used 480472K [0x0000000081c00000, 0x00000000a8c80000, 0x00000000d5f00000)
  object space 639488K, 75% used [0x0000000081c00000,0x000000009f136308,0x00000000a8c80000)
 Metaspace       used 97641K, capacity 110272K, committed 110464K, reserved 1140736K
  class space    used 15081K, capacity 18458K, committed 18560K, reserved 1048576K
}
Event: 163.286 GC heap before
{Heap before GC invocations=168 (full 10):
 PSYoungGen      total 459776K, used 230400K [0x00000000d5f00000, 0x0000000100000000, 0x0000000100000000)
  eden space 230400K, 100% used [0x00000000d5f00000,0x00000000e4000000,0x00000000e4000000)
  from space 229376K, 0% used [0x00000000e4000000,0x00000000e4000000,0x00000000f2000000)
  to   space 229376K, 0% used [0x00000000f2000000,0x00000000f2000000,0x0000000100000000)
 ParOldGen       total 639488K, used 480472K [0x0000000081c00000, 0x00000000a8c80000, 0x00000000d5f00000)
  object space 639488K, 75% used [0x0000000081c00000,0x000000009f136308,0x00000000a8c80000)
 Metaspace       used 98336K, capacity 111184K, committed 111360K, reserved 1142784K
  class space    used 15209K, capacity 18636K, committed 18688K, reserved 1048576K
Event: 163.377 GC heap after
Heap after GC invocations=168 (full 10):
 PSYoungGen      total 459776K, used 37330K [0x00000000d5f00000, 0x0000000100000000, 0x0000000100000000)
  eden space 230400K, 0% used [0x00000000d5f00000,0x00000000d5f00000,0x00000000e4000000)
  from space 229376K, 16% used [0x00000000f2000000,0x00000000f4474890,0x0000000100000000)
  to   space 229376K, 0% used [0x00000000e4000000,0x00000000e4000000,0x00000000f2000000)
 ParOldGen       total 639488K, used 480480K [0x0000000081c00000, 0x00000000a8c80000, 0x00000000d5f00000)
  object space 639488K, 75% used [0x0000000081c00000,0x000000009f138308,0x00000000a8c80000)
 Metaspace       used 98336K, capacity 111184K, committed 111360K, reserved 1142784K
  class space    used 15209K, capacity 18636K, committed 18688K, reserved 1048576K
}

