# JRE version: Java(TM) SE Runtime Environment (8.0_51-b16) (build 1.8.0_51-b16)
# Java VM: Java HotSpot(TM) 64-Bit Server VM (25.51-b03 mixed mode windows-amd64 compressed oops)
Heap:
 PSYoungGen      total 620032K, used 259069K [0x00000000d5f00000, 0x0000000100000000, 0x0000000100000000)
  eden space 552448K, 38% used [0x00000000d5f00000,0x00000000e2f10008,0x00000000f7a80000)
  from space 67584K, 68% used [0x00000000f7a80000,0x00000000fa76f428,0x00000000fbc80000)
  to   space 68608K, 0% used [0x00000000fbd00000,0x00000000fbd00000,0x0000000100000000)
 ParOldGen       total 308736K, used 268618K [0x0000000081c00000, 0x0000000094980000, 0x00000000d5f00000)
  object space 308736K, 87% used [0x0000000081c00000,0x0000000092252ab0,0x0000000094980000)
 Metaspace       used 75421K, capacity 82998K, committed 83200K, reserved 1118208K
  class space    used 11842K, capacity 14224K, committed 14336K, reserved 1048576K
GC Heap History (10 events):
Event: 61.291 GC heap before
{Heap before GC invocations=92 (full 5):
 PSYoungGen      total 617472K, used 603043K [0x00000000d5f00000, 0x0000000100000000, 0x0000000100000000)
  eden space 553984K, 100% used [0x00000000d5f00000,0x00000000f7c00000,0x00000000f7c00000)
  from space 63488K, 77% used [0x00000000fbc00000,0x00000000febe8f58,0x00000000ffa00000)
  to   space 65536K, 0% used [0x00000000f7c00000,0x00000000f7c00000,0x00000000fbc00000)
 ParOldGen       total 308736K, used 262074K [0x0000000081c00000, 0x0000000094980000, 0x00000000d5f00000)
  object space 308736K, 84% used [0x0000000081c00000,0x0000000091beebe0,0x0000000094980000)
 Metaspace       used 72226K, capacity 79366K, committed 79744K, reserved 1116160K
  class space    used 11350K, capacity 13614K, committed 13696K, reserved 1048576K
Event: 61.324 GC heap after
Heap after GC invocations=92 (full 5):
 PSYoungGen      total 619520K, used 23189K [0x00000000d5f00000, 0x0000000100000000, 0x0000000100000000)
  eden space 553984K, 0% used [0x00000000d5f00000,0x00000000d5f00000,0x00000000f7c00000)
  from space 65536K, 35% used [0x00000000f7c00000,0x00000000f92a5770,0x00000000fbc00000)
  to   space 65536K, 0% used [0x00000000fc000000,0x00000000fc000000,0x0000000100000000)
 ParOldGen       total 308736K, used 263068K [0x0000000081c00000, 0x0000000094980000, 0x00000000d5f00000)
  object space 308736K, 85% used [0x0000000081c00000,0x0000000091ce7248,0x0000000094980000)
 Metaspace       used 72226K, capacity 79366K, committed 79744K, reserved 1116160K
  class space    used 11350K, capacity 13614K, committed 13696K, reserved 1048576K
}
Event: 61.878 GC heap before
{Heap before GC invocations=93 (full 5):
 PSYoungGen      total 619520K, used 577173K [0x00000000d5f00000, 0x0000000100000000, 0x0000000100000000)
  eden space 553984K, 100% used [0x00000000d5f00000,0x00000000f7c00000,0x00000000f7c00000)
  from space 65536K, 35% used [0x00000000f7c00000,0x00000000f92a5770,0x00000000fbc00000)
  to   space 65536K, 0% used [0x00000000fc000000,0x00000000fc000000,0x0000000100000000)
 ParOldGen       total 308736K, used 263453K [0x0000000081c00000, 0x0000000094980000, 0x00000000d5f00000)
  object space 308736K, 85% used [0x0000000081c00000,0x0000000091d474e8,0x0000000094980000)
 Metaspace       used 72711K, capacity 80016K, committed 80128K, reserved 1116160K
  class space    used 11433K, capacity 13729K, committed 13824K, reserved 1048576K
Event: 61.967 GC heap after
Heap after GC invocations=93 (full 5):
 PSYoungGen      total 616448K, used 54627K [0x00000000d5f00000, 0x0000000100000000, 0x0000000100000000)
  eden space 550912K, 0% used [0x00000000d5f00000,0x00000000d5f00000,0x00000000f7900000)
  from space 65536K, 83% used [0x00000000fc000000,0x00000000ff558f30,0x0000000100000000)
  to   space 69120K, 0% used [0x00000000f7900000,0x00000000f7900000,0x00000000fbc80000)
 ParOldGen       total 308736K, used 264309K [0x0000000081c00000, 0x0000000094980000, 0x00000000d5f00000)
  object space 308736K, 85% used [0x0000000081c00000,0x0000000091e1d4f8,0x0000000094980000)
 Metaspace       used 72711K, capacity 80016K, committed 80128K, reserved 1116160K
  class space    used 11433K, capacity 13729K, committed 13824K, reserved 1048576K
}
Event: 62.529 GC heap before
{Heap before GC invocations=94 (full 5):
 PSYoungGen      total 616448K, used 605539K [0x00000000d5f00000, 0x0000000100000000, 0x0000000100000000)
  eden space 550912K, 100% used [0x00000000d5f00000,0x00000000f7900000,0x00000000f7900000)
  from space 65536K, 83% used [0x00000000fc000000,0x00000000ff558f30,0x0000000100000000)
  to   space 69120K, 0% used [0x00000000f7900000,0x00000000f7900000,0x00000000fbc80000)
 ParOldGen       total 308736K, used 264310K [0x0000000081c00000, 0x0000000094980000, 0x00000000d5f00000)
  object space 308736K, 85% used [0x0000000081c00000,0x0000000091e1d850,0x0000000094980000)
 Metaspace       used 73452K, capacity 80964K, committed 81024K, reserved 1116160K
  class space    used 11540K, capacity 13903K, committed 13952K, reserved 1048576K
Event: 62.576 GC heap after
Heap after GC invocations=94 (full 5):
 PSYoungGen      total 620032K, used 30245K [0x00000000d5f00000, 0x0000000100000000, 0x0000000100000000)
  eden space 550912K, 0% used [0x00000000d5f00000,0x00000000d5f00000,0x00000000f7900000)
  from space 69120K, 43% used [0x00000000f7900000,0x00000000f9689730,0x00000000fbc80000)
  to   space 67584K, 0% used [0x00000000fbe00000,0x00000000fbe00000,0x0000000100000000)
 ParOldGen       total 308736K, used 265279K [0x0000000081c00000, 0x0000000094980000, 0x00000000d5f00000)
  object space 308736K, 85% used [0x0000000081c00000,0x0000000091f0ff78,0x0000000094980000)
 Metaspace       used 73452K, capacity 80964K, committed 81024K, reserved 1116160K
  class space    used 11540K, capacity 13903K, committed 13952K, reserved 1048576K
}
Event: 63.468 GC heap before
{Heap before GC invocations=95 (full 5):
 PSYoungGen      total 620032K, used 581157K [0x00000000d5f00000, 0x0000000100000000, 0x0000000100000000)
  eden space 550912K, 100% used [0x00000000d5f00000,0x00000000f7900000,0x00000000f7900000)
  from space 69120K, 43% used [0x00000000f7900000,0x00000000f9689730,0x00000000fbc80000)
  to   space 67584K, 0% used [0x00000000fbe00000,0x00000000fbe00000,0x0000000100000000)
 ParOldGen       total 308736K, used 265279K [0x0000000081c00000, 0x0000000094980000, 0x00000000d5f00000)
  object space 308736K, 85% used [0x0000000081c00000,0x0000000091f0ff78,0x0000000094980000)
 Metaspace       used 74226K, capacity 81676K, committed 81920K, reserved 1118208K
  class space    used 11665K, capacity 14037K, committed 14080K, reserved 1048576K
Event: 63.494 GC heap after
Heap after GC invocations=95 (full 5):
 PSYoungGen      total 618496K, used 17633K [0x00000000d5f00000, 0x00000000ffe80000, 0x0000000100000000)
  eden space 552448K, 0% used [0x00000000d5f00000,0x00000000d5f00000,0x00000000f7a80000)
  from space 66048K, 26% used [0x00000000fbe00000,0x00000000fcf38710,0x00000000ffe80000)
  to   space 67584K, 0% used [0x00000000f7a80000,0x00000000f7a80000,0x00000000fbc80000)
 ParOldGen       total 308736K, used 267737K [0x0000000081c00000, 0x0000000094980000, 0x00000000d5f00000)
  object space 308736K, 86% used [0x0000000081c00000,0x0000000092176650,0x0000000094980000)
 Metaspace       used 74226K, capacity 81676K, committed 81920K, reserved 1118208K
  class space    used 11665K, capacity 14037K, committed 14080K, reserved 1048576K
}
Event: 64.164 GC heap before
{Heap before GC invocations=96 (full 5):
 PSYoungGen      total 618496K, used 570081K [0x00000000d5f00000, 0x00000000ffe80000, 0x0000000100000000)
  eden space 552448K, 100% used [0x00000000d5f00000,0x00000000f7a80000,0x00000000f7a80000)
  from space 66048K, 26% used [0x00000000fbe00000,0x00000000fcf38710,0x00000000ffe80000)
  to   space 67584K, 0% used [0x00000000f7a80000,0x00000000f7a80000,0x00000000fbc80000)
 ParOldGen       total 308736K, used 267737K [0x0000000081c00000, 0x0000000094980000, 0x00000000d5f00000)
  object space 308736K, 86% used [0x0000000081c00000,0x0000000092176650,0x0000000094980000)
 Metaspace       used 75317K, capacity 82814K, committed 82816K, reserved 1118208K
  class space    used 11820K, capacity 14206K, committed 14208K, reserved 1048576K
Event: 64.230 GC heap after
Heap after GC invocations=96 (full 5):
 PSYoungGen      total 620032K, used 46013K [0x00000000d5f00000, 0x0000000100000000, 0x0000000100000000)
  eden space 552448K, 0% used [0x00000000d5f00000,0x00000000d5f00000,0x00000000f7a80000)
  from space 67584K, 68% used [0x00000000f7a80000,0x00000000fa76f428,0x00000000fbc80000)
  to   space 68608K, 0% used [0x00000000fbd00000,0x00000000fbd00000,0x0000000100000000)
 ParOldGen       total 308736K, used 268618K [0x0000000081c00000, 0x0000000094980000, 0x00000000d5f00000)
  object space 308736K, 87% used [0x0000000081c00000,0x0000000092252ab0,0x0000000094980000)
 Metaspace       used 75317K, capacity 82814K, committed 82816K, reserved 1118208K
  class space    used 11820K, capacity 14206K, committed 14208K, reserved 1048576K
}

