# JRE version: Java(TM) SE Runtime Environment (8.0_51-b16) (build 1.8.0_51-b16)
# Java VM: Java HotSpot(TM) 64-Bit Server VM (25.51-b03 mixed mode windows-amd64 compressed oops)
Heap:
 PSYoungGen      total 476160K, used 298642K [0x00000000d5f00000, 0x00000000f9980000, 0x0000000100000000)
  eden space 400896K, 68% used [0x00000000d5f00000,0x00000000e6c96b08,0x00000000ee680000)
  from space 75264K, 30% used [0x00000000ee680000,0x00000000efc8de78,0x00000000f3000000)
  to   space 94720K, 0% used [0x00000000f3000000,0x00000000f3000000,0x00000000f8c80000)
 ParOldGen       total 306176K, used 249592K [0x0000000081c00000, 0x0000000094700000, 0x00000000d5f00000)
  object space 306176K, 81% used [0x0000000081c00000,0x0000000090fbe238,0x0000000094700000)
 Metaspace       used 55555K, capacity 60340K, committed 60672K, reserved 1099776K
  class space    used 8209K, capacity 9627K, committed 9728K, reserved 1048576K
GC Heap History (10 events):
Event: 45.895 GC heap before
{Heap before GC invocations=52 (full 5):
 PSYoungGen      total 473088K, used 398129K [0x00000000d5f00000, 0x00000000f8c80000, 0x0000000100000000)
  eden space 378368K, 100% used [0x00000000d5f00000,0x00000000ed080000,0x00000000ed080000)
  from space 94720K, 20% used [0x00000000f3000000,0x00000000f434c4f8,0x00000000f8c80000)
  to   space 96256K, 0% used [0x00000000ed080000,0x00000000ed080000,0x00000000f2e80000)
 ParOldGen       total 306176K, used 247306K [0x0000000081c00000, 0x0000000094700000, 0x00000000d5f00000)
  object space 306176K, 80% used [0x0000000081c00000,0x0000000090d828b8,0x0000000094700000)
 Metaspace       used 54196K, capacity 58792K, committed 59008K, reserved 1099776K
  class space    used 7952K, capacity 9259K, committed 9344K, reserved 1048576K
Event: 45.954 GC heap after
Heap after GC invocations=52 (full 5):
 PSYoungGen      total 474624K, used 24337K [0x00000000d5f00000, 0x00000000f8c80000, 0x0000000100000000)
  eden space 378368K, 0% used [0x00000000d5f00000,0x00000000d5f00000,0x00000000ed080000)
  from space 96256K, 25% used [0x00000000ed080000,0x00000000ee844610,0x00000000f2e80000)
  to   space 94720K, 0% used [0x00000000f3000000,0x00000000f3000000,0x00000000f8c80000)
 ParOldGen       total 306176K, used 247722K [0x0000000081c00000, 0x0000000094700000, 0x00000000d5f00000)
  object space 306176K, 80% used [0x0000000081c00000,0x0000000090dea8b8,0x0000000094700000)
 Metaspace       used 54196K, capacity 58792K, committed 59008K, reserved 1099776K
  class space    used 7952K, capacity 9259K, committed 9344K, reserved 1048576K
}
Event: 46.500 GC heap before
{Heap before GC invocations=53 (full 5):
 PSYoungGen      total 474624K, used 402705K [0x00000000d5f00000, 0x00000000f8c80000, 0x0000000100000000)
  eden space 378368K, 100% used [0x00000000d5f00000,0x00000000ed080000,0x00000000ed080000)
  from space 96256K, 25% used [0x00000000ed080000,0x00000000ee844610,0x00000000f2e80000)
  to   space 94720K, 0% used [0x00000000f3000000,0x00000000f3000000,0x00000000f8c80000)
 ParOldGen       total 306176K, used 247722K [0x0000000081c00000, 0x0000000094700000, 0x00000000d5f00000)
  object space 306176K, 80% used [0x0000000081c00000,0x0000000090deaa48,0x0000000094700000)
 Metaspace       used 54650K, capacity 59328K, committed 59648K, reserved 1099776K
  class space    used 8029K, capacity 9395K, committed 9472K, reserved 1048576K
Event: 46.612 GC heap after
Heap after GC invocations=53 (full 5):
 PSYoungGen      total 495616K, used 45308K [0x00000000d5f00000, 0x00000000f9980000, 0x0000000100000000)
  eden space 400896K, 0% used [0x00000000d5f00000,0x00000000d5f00000,0x00000000ee680000)
  from space 94720K, 47% used [0x00000000f3000000,0x00000000f5c3f2a8,0x00000000f8c80000)
  to   space 75264K, 0% used [0x00000000ee680000,0x00000000ee680000,0x00000000f3000000)
 ParOldGen       total 306176K, used 248133K [0x0000000081c00000, 0x0000000094700000, 0x00000000d5f00000)
  object space 306176K, 81% used [0x0000000081c00000,0x0000000090e51798,0x0000000094700000)
 Metaspace       used 54650K, capacity 59328K, committed 59648K, reserved 1099776K
  class space    used 8029K, capacity 9395K, committed 9472K, reserved 1048576K
}
Event: 46.922 GC heap before
{Heap before GC invocations=54 (full 5):
 PSYoungGen      total 495616K, used 446204K [0x00000000d5f00000, 0x00000000f9980000, 0x0000000100000000)
  eden space 400896K, 100% used [0x00000000d5f00000,0x00000000ee680000,0x00000000ee680000)
  from space 94720K, 47% used [0x00000000f3000000,0x00000000f5c3f2a8,0x00000000f8c80000)
  to   space 75264K, 0% used [0x00000000ee680000,0x00000000ee680000,0x00000000f3000000)
 ParOldGen       total 306176K, used 248134K [0x0000000081c00000, 0x0000000094700000, 0x00000000d5f00000)
  object space 306176K, 81% used [0x0000000081c00000,0x0000000090e51bd0,0x0000000094700000)
 Metaspace       used 54822K, capacity 59488K, committed 59648K, reserved 1099776K
  class space    used 8057K, capacity 9411K, committed 9472K, reserved 1048576K
Event: 46.975 GC heap after
Heap after GC invocations=54 (full 5):
 PSYoungGen      total 476160K, used 23961K [0x00000000d5f00000, 0x00000000f9980000, 0x0000000100000000)
  eden space 400896K, 0% used [0x00000000d5f00000,0x00000000d5f00000,0x00000000ee680000)
  from space 75264K, 31% used [0x00000000ee680000,0x00000000efde64c0,0x00000000f3000000)
  to   space 94720K, 0% used [0x00000000f3000000,0x00000000f3000000,0x00000000f8c80000)
 ParOldGen       total 306176K, used 248462K [0x0000000081c00000, 0x0000000094700000, 0x00000000d5f00000)
  object space 306176K, 81% used [0x0000000081c00000,0x0000000090ea3be0,0x0000000094700000)
 Metaspace       used 54822K, capacity 59488K, committed 59648K, reserved 1099776K
  class space    used 8057K, capacity 9411K, committed 9472K, reserved 1048576K
}
Event: 47.232 GC heap before
{Heap before GC invocations=55 (full 5):
 PSYoungGen      total 476160K, used 424857K [0x00000000d5f00000, 0x00000000f9980000, 0x0000000100000000)
  eden space 400896K, 100% used [0x00000000d5f00000,0x00000000ee680000,0x00000000ee680000)
  from space 75264K, 31% used [0x00000000ee680000,0x00000000efde64c0,0x00000000f3000000)
  to   space 94720K, 0% used [0x00000000f3000000,0x00000000f3000000,0x00000000f8c80000)
 ParOldGen       total 306176K, used 248462K [0x0000000081c00000, 0x0000000094700000, 0x00000000d5f00000)
  object space 306176K, 81% used [0x0000000081c00000,0x0000000090ea3be0,0x0000000094700000)
 Metaspace       used 55008K, capacity 59692K, committed 59904K, reserved 1099776K
  class space    used 8088K, capacity 9465K, committed 9472K, reserved 1048576K
Event: 47.281 GC heap after
Heap after GC invocations=55 (full 5):
 PSYoungGen      total 495616K, used 24009K [0x00000000d5f00000, 0x00000000f9980000, 0x0000000100000000)
  eden space 400896K, 0% used [0x00000000d5f00000,0x00000000d5f00000,0x00000000ee680000)
  from space 94720K, 25% used [0x00000000f3000000,0x00000000f47724b0,0x00000000f8c80000)
  to   space 75264K, 0% used [0x00000000ee680000,0x00000000ee680000,0x00000000f3000000)
 ParOldGen       total 306176K, used 249472K [0x0000000081c00000, 0x0000000094700000, 0x00000000d5f00000)
  object space 306176K, 81% used [0x0000000081c00000,0x0000000090fa0238,0x0000000094700000)
 Metaspace       used 55008K, capacity 59692K, committed 59904K, reserved 1099776K
  class space    used 8088K, capacity 9465K, committed 9472K, reserved 1048576K
}
Event: 47.553 GC heap before
{Heap before GC invocations=56 (full 5):
 PSYoungGen      total 495616K, used 424905K [0x00000000d5f00000, 0x00000000f9980000, 0x0000000100000000)
  eden space 400896K, 100% used [0x00000000d5f00000,0x00000000ee680000,0x00000000ee680000)
  from space 94720K, 25% used [0x00000000f3000000,0x00000000f47724b0,0x00000000f8c80000)
  to   space 75264K, 0% used [0x00000000ee680000,0x00000000ee680000,0x00000000f3000000)
 ParOldGen       total 306176K, used 249472K [0x0000000081c00000, 0x0000000094700000, 0x00000000d5f00000)
  object space 306176K, 81% used [0x0000000081c00000,0x0000000090fa0238,0x0000000094700000)
 Metaspace       used 55312K, capacity 60062K, committed 60288K, reserved 1099776K
  class space    used 8163K, capacity 9568K, committed 9600K, reserved 1048576K
Event: 47.598 GC heap after
Heap after GC invocations=56 (full 5):
 PSYoungGen      total 476160K, used 22583K [0x00000000d5f00000, 0x00000000f9980000, 0x0000000100000000)
  eden space 400896K, 0% used [0x00000000d5f00000,0x00000000d5f00000,0x00000000ee680000)
  from space 75264K, 30% used [0x00000000ee680000,0x00000000efc8de78,0x00000000f3000000)
  to   space 94720K, 0% used [0x00000000f3000000,0x00000000f3000000,0x00000000f8c80000)
 ParOldGen       total 306176K, used 249592K [0x0000000081c00000, 0x0000000094700000, 0x00000000d5f00000)
  object space 306176K, 81% used [0x0000000081c00000,0x0000000090fbe238,0x0000000094700000)
 Metaspace       used 55312K, capacity 60062K, committed 60288K, reserved 1099776K
  class space    used 8163K, capacity 9568K, committed 9600K, reserved 1048576K
}

