# JRE version: Java(TM) SE Runtime Environment (8.0_51-b16) (build 1.8.0_51-b16)
# Java VM: Java HotSpot(TM) 64-Bit Server VM (25.51-b03 mixed mode windows-amd64 compressed oops)
Heap:
 PSYoungGen      total 609280K, used 517685K [0x00000000d5f00000, 0x00000000ff900000, 0x0000000100000000)
  eden space 557056K, 86% used [0x00000000d5f00000,0x00000000f34b7078,0x00000000f7f00000)
  from space 52224K, 70% used [0x00000000f7f00000,0x00000000fa2d6648,0x00000000fb200000)
  to   space 53760K, 0% used [0x00000000fc480000,0x00000000fc480000,0x00000000ff900000)
 ParOldGen       total 677376K, used 615622K [0x0000000081c00000, 0x00000000ab180000, 0x00000000d5f00000)
  object space 677376K, 90% used [0x0000000081c00000,0x00000000a7531818,0x00000000ab180000)
 Metaspace       used 102036K, capacity 116306K, committed 116608K, reserved 1146880K
  class space    used 15255K, capacity 18681K, committed 18816K, reserved 1048576K
GC Heap History (10 events):
Event: 2243.484 GC heap before
{Heap before GC invocations=375 (full 10):
 PSYoungGen      total 579584K, used 551761K [0x00000000d5f00000, 0x00000000fc800000, 0x0000000100000000)
  eden space 532480K, 100% used [0x00000000d5f00000,0x00000000f6700000,0x00000000f6700000)
  from space 47104K, 40% used [0x00000000f9a00000,0x00000000facd4510,0x00000000fc800000)
  to   space 49664K, 0% used [0x00000000f6700000,0x00000000f6700000,0x00000000f9780000)
 ParOldGen       total 677376K, used 612379K [0x0000000081c00000, 0x00000000ab180000, 0x00000000d5f00000)
  object space 677376K, 90% used [0x0000000081c00000,0x00000000a7206f50,0x00000000ab180000)
 Metaspace       used 101929K, capacity 116154K, committed 116608K, reserved 1146880K
  class space    used 15241K, capacity 18663K, committed 18816K, reserved 1048576K
Event: 2243.501 GC heap after
Heap after GC invocations=375 (full 10):
 PSYoungGen      total 582144K, used 19872K [0x00000000d5f00000, 0x00000000fd000000, 0x0000000100000000)
  eden space 532480K, 0% used [0x00000000d5f00000,0x00000000d5f00000,0x00000000f6700000)
  from space 49664K, 40% used [0x00000000f6700000,0x00000000f7a68110,0x00000000f9780000)
  to   space 47616K, 0% used [0x00000000fa180000,0x00000000fa180000,0x00000000fd000000)
 ParOldGen       total 677376K, used 612614K [0x0000000081c00000, 0x00000000ab180000, 0x00000000d5f00000)
  object space 677376K, 90% used [0x0000000081c00000,0x00000000a7241ae0,0x00000000ab180000)
 Metaspace       used 101929K, capacity 116154K, committed 116608K, reserved 1146880K
  class space    used 15241K, capacity 18663K, committed 18816K, reserved 1048576K
}
Event: 2246.073 GC heap before
{Heap before GC invocations=376 (full 10):
 PSYoungGen      total 582144K, used 552352K [0x00000000d5f00000, 0x00000000fd000000, 0x0000000100000000)
  eden space 532480K, 100% used [0x00000000d5f00000,0x00000000f6700000,0x00000000f6700000)
  from space 49664K, 40% used [0x00000000f6700000,0x00000000f7a68110,0x00000000f9780000)
  to   space 47616K, 0% used [0x00000000fa180000,0x00000000fa180000,0x00000000fd000000)
 ParOldGen       total 677376K, used 612615K [0x0000000081c00000, 0x00000000ab180000, 0x00000000d5f00000)
  object space 677376K, 90% used [0x0000000081c00000,0x00000000a7241f30,0x00000000ab180000)
 Metaspace       used 101984K, capacity 116254K, committed 116608K, reserved 1146880K
  class space    used 15255K, capacity 18681K, committed 18816K, reserved 1048576K
Event: 2246.101 GC heap after
Heap after GC invocations=376 (full 10):
 PSYoungGen      total 590848K, used 33278K [0x00000000d5f00000, 0x00000000fd580000, 0x0000000100000000)
  eden space 543232K, 0% used [0x00000000d5f00000,0x00000000d5f00000,0x00000000f7180000)
  from space 47616K, 69% used [0x00000000fa180000,0x00000000fc1ff9b0,0x00000000fd000000)
  to   space 49152K, 0% used [0x00000000f7180000,0x00000000f7180000,0x00000000fa180000)
 ParOldGen       total 677376K, used 612735K [0x0000000081c00000, 0x00000000ab180000, 0x00000000d5f00000)
  object space 677376K, 90% used [0x0000000081c00000,0x00000000a725ff30,0x00000000ab180000)
 Metaspace       used 101984K, capacity 116254K, committed 116608K, reserved 1146880K
  class space    used 15255K, capacity 18681K, committed 18816K, reserved 1048576K
}
Event: 2249.207 GC heap before
{Heap before GC invocations=377 (full 10):
 PSYoungGen      total 590848K, used 576510K [0x00000000d5f00000, 0x00000000fd580000, 0x0000000100000000)
  eden space 543232K, 100% used [0x00000000d5f00000,0x00000000f7180000,0x00000000f7180000)
  from space 47616K, 69% used [0x00000000fa180000,0x00000000fc1ff9b0,0x00000000fd000000)
  to   space 49152K, 0% used [0x00000000f7180000,0x00000000f7180000,0x00000000fa180000)
 ParOldGen       total 677376K, used 612735K [0x0000000081c00000, 0x00000000ab180000, 0x00000000d5f00000)
  object space 677376K, 90% used [0x0000000081c00000,0x00000000a725ff30,0x00000000ab180000)
 Metaspace       used 102001K, capacity 116262K, committed 116608K, reserved 1146880K
  class space    used 15255K, capacity 18681K, committed 18816K, reserved 1048576K
Event: 2249.230 GC heap after
Heap after GC invocations=377 (full 10):
 PSYoungGen      total 592384K, used 33728K [0x00000000d5f00000, 0x00000000fe300000, 0x0000000100000000)
  eden space 543232K, 0% used [0x00000000d5f00000,0x00000000d5f00000,0x00000000f7180000)
  from space 49152K, 68% used [0x00000000f7180000,0x00000000f9270288,0x00000000fa180000)
  to   space 50176K, 0% used [0x00000000fb200000,0x00000000fb200000,0x00000000fe300000)
 ParOldGen       total 677376K, used 612799K [0x0000000081c00000, 0x00000000ab180000, 0x00000000d5f00000)
  object space 677376K, 90% used [0x0000000081c00000,0x00000000a726ff30,0x00000000ab180000)
 Metaspace       used 102001K, capacity 116262K, committed 116608K, reserved 1146880K
  class space    used 15255K, capacity 18681K, committed 18816K, reserved 1048576K
}
Event: 2253.760 GC heap before
{Heap before GC invocations=378 (full 10):
 PSYoungGen      total 592384K, used 576960K [0x00000000d5f00000, 0x00000000fe300000, 0x0000000100000000)
  eden space 543232K, 100% used [0x00000000d5f00000,0x00000000f7180000,0x00000000f7180000)
  from space 49152K, 68% used [0x00000000f7180000,0x00000000f9270288,0x00000000fa180000)
  to   space 50176K, 0% used [0x00000000fb200000,0x00000000fb200000,0x00000000fe300000)
 ParOldGen       total 677376K, used 612799K [0x0000000081c00000, 0x00000000ab180000, 0x00000000d5f00000)
  object space 677376K, 90% used [0x0000000081c00000,0x00000000a726ff30,0x00000000ab180000)
 Metaspace       used 102034K, capacity 116306K, committed 116608K, reserved 1146880K
  class space    used 15255K, capacity 18681K, committed 18816K, reserved 1048576K
Event: 2253.787 GC heap after
Heap after GC invocations=378 (full 10):
 PSYoungGen      total 607232K, used 36155K [0x00000000d5f00000, 0x00000000fe680000, 0x0000000100000000)
  eden space 557056K, 0% used [0x00000000d5f00000,0x00000000d5f00000,0x00000000f7f00000)
  from space 50176K, 72% used [0x00000000fb200000,0x00000000fd54ef78,0x00000000fe300000)
  to   space 52224K, 0% used [0x00000000f7f00000,0x00000000f7f00000,0x00000000fb200000)
 ParOldGen       total 677376K, used 612927K [0x0000000081c00000, 0x00000000ab180000, 0x00000000d5f00000)
  object space 677376K, 90% used [0x0000000081c00000,0x00000000a728ff30,0x00000000ab180000)
 Metaspace       used 102034K, capacity 116306K, committed 116608K, reserved 1146880K
  class space    used 15255K, capacity 18681K, committed 18816K, reserved 1048576K
}
Event: 2256.619 GC heap before
{Heap before GC invocations=379 (full 10):
 PSYoungGen      total 607232K, used 593211K [0x00000000d5f00000, 0x00000000fe680000, 0x0000000100000000)
  eden space 557056K, 100% used [0x00000000d5f00000,0x00000000f7f00000,0x00000000f7f00000)
  from space 50176K, 72% used [0x00000000fb200000,0x00000000fd54ef78,0x00000000fe300000)
  to   space 52224K, 0% used [0x00000000f7f00000,0x00000000f7f00000,0x00000000fb200000)
 ParOldGen       total 677376K, used 612927K [0x0000000081c00000, 0x00000000ab180000, 0x00000000d5f00000)
  object space 677376K, 90% used [0x0000000081c00000,0x00000000a728ff30,0x00000000ab180000)
 Metaspace       used 102036K, capacity 116306K, committed 116608K, reserved 1146880K
  class space    used 15255K, capacity 18681K, committed 18816K, reserved 1048576K
Event: 2256.646 GC heap after
Heap after GC invocations=379 (full 10):
 PSYoungGen      total 609280K, used 36697K [0x00000000d5f00000, 0x00000000ff900000, 0x0000000100000000)
  eden space 557056K, 0% used [0x00000000d5f00000,0x00000000d5f00000,0x00000000f7f00000)
  from space 52224K, 70% used [0x00000000f7f00000,0x00000000fa2d6648,0x00000000fb200000)
  to   space 53760K, 0% used [0x00000000fc480000,0x00000000fc480000,0x00000000ff900000)
 ParOldGen       total 677376K, used 615622K [0x0000000081c00000, 0x00000000ab180000, 0x00000000d5f00000)
  object space 677376K, 90% used [0x0000000081c00000,0x00000000a7531818,0x00000000ab180000)
 Metaspace       used 102036K, capacity 116306K, committed 116608K, reserved 1146880K
  class space    used 15255K, capacity 18681K, committed 18816K, reserved 1048576K
}

