# JRE version: Java(TM) SE Runtime Environment (8.0_51-b16) (build 1.8.0_51-b16)
# Java VM: Java HotSpot(TM) 64-Bit Server VM (25.51-b03 mixed mode windows-amd64 compressed oops)
Heap:
 PSYoungGen      total 576512K, used 505055K [0x00000000d5f00000, 0x0000000100000000, 0x0000000100000000)
  eden space 544768K, 86% used [0x00000000d5f00000,0x00000000f2d3b8f0,0x00000000f7300000)
  from space 31744K, 99% used [0x00000000fe100000,0x00000000ffffc340,0x0000000100000000)
  to   space 72192K, 0% used [0x00000000f7300000,0x00000000f7300000,0x00000000fb980000)
 ParOldGen       total 477696K, used 373943K [0x0000000081c00000, 0x000000009ee80000, 0x00000000d5f00000)
  object space 477696K, 78% used [0x0000000081c00000,0x000000009892dc58,0x000000009ee80000)
 Metaspace       used 80851K, capacity 90242K, committed 90368K, reserved 1124352K
  class space    used 12630K, capacity 15310K, committed 15360K, reserved 1048576K
GC Heap History (10 events):
Event: 109.569 GC heap before
{Heap before GC invocations=149 (full 6):
 PSYoungGen      total 657408K, used 631744K [0x00000000d5f00000, 0x0000000100000000, 0x0000000100000000)
  eden space 626688K, 100% used [0x00000000d5f00000,0x00000000fc300000,0x00000000fc300000)
  from space 30720K, 16% used [0x00000000fe200000,0x00000000fe6f0050,0x0000000100000000)
  to   space 31232K, 0% used [0x00000000fc300000,0x00000000fc300000,0x00000000fe180000)
 ParOldGen       total 361984K, used 308351K [0x0000000081c00000, 0x0000000097d80000, 0x00000000d5f00000)
  object space 361984K, 85% used [0x0000000081c00000,0x000000009491fde0,0x0000000097d80000)
 Metaspace       used 76282K, capacity 84378K, committed 84480K, reserved 1120256K
  class space    used 11901K, capacity 14306K, committed 14336K, reserved 1048576K
Event: 109.592 GC heap after
Heap after GC invocations=149 (full 6):
 PSYoungGen      total 657920K, used 5216K [0x00000000d5f00000, 0x0000000100000000, 0x0000000100000000)
  eden space 626688K, 0% used [0x00000000d5f00000,0x00000000d5f00000,0x00000000fc300000)
  from space 31232K, 16% used [0x00000000fc300000,0x00000000fc818050,0x00000000fe180000)
  to   space 31232K, 0% used [0x00000000fe180000,0x00000000fe180000,0x0000000100000000)
 ParOldGen       total 361984K, used 308647K [0x0000000081c00000, 0x0000000097d80000, 0x00000000d5f00000)
  object space 361984K, 85% used [0x0000000081c00000,0x0000000094969de0,0x0000000097d80000)
 Metaspace       used 76282K, capacity 84378K, committed 84480K, reserved 1120256K
  class space    used 11901K, capacity 14306K, committed 14336K, reserved 1048576K
}
Event: 110.700 GC heap before
{Heap before GC invocations=150 (full 6):
 PSYoungGen      total 657920K, used 631904K [0x00000000d5f00000, 0x0000000100000000, 0x0000000100000000)
  eden space 626688K, 100% used [0x00000000d5f00000,0x00000000fc300000,0x00000000fc300000)
  from space 31232K, 16% used [0x00000000fc300000,0x00000000fc818050,0x00000000fe180000)
  to   space 31232K, 0% used [0x00000000fe180000,0x00000000fe180000,0x0000000100000000)
 ParOldGen       total 361984K, used 308648K [0x0000000081c00000, 0x0000000097d80000, 0x00000000d5f00000)
  object space 361984K, 85% used [0x0000000081c00000,0x000000009496a170,0x0000000097d80000)
 Metaspace       used 76289K, capacity 84378K, committed 84480K, reserved 1120256K
  class space    used 11901K, capacity 14306K, committed 14336K, reserved 1048576K
Event: 110.719 GC heap after
Heap after GC invocations=150 (full 6):
 PSYoungGen      total 656896K, used 6561K [0x00000000d5f00000, 0x00000000fff00000, 0x0000000100000000)
  eden space 626688K, 0% used [0x00000000d5f00000,0x00000000d5f00000,0x00000000fc300000)
  from space 30208K, 21% used [0x00000000fe180000,0x00000000fe7e8698,0x00000000fff00000)
  to   space 30720K, 0% used [0x00000000fc300000,0x00000000fc300000,0x00000000fe100000)
 ParOldGen       total 361984K, used 308944K [0x0000000081c00000, 0x0000000097d80000, 0x00000000d5f00000)
  object space 361984K, 85% used [0x0000000081c00000,0x00000000949b4170,0x0000000097d80000)
 Metaspace       used 76289K, capacity 84378K, committed 84480K, reserved 1120256K
  class space    used 11901K, capacity 14306K, committed 14336K, reserved 1048576K
}
Event: 115.668 GC heap before
{Heap before GC invocations=151 (full 6):
 PSYoungGen      total 656896K, used 633249K [0x00000000d5f00000, 0x00000000fff00000, 0x0000000100000000)
  eden space 626688K, 100% used [0x00000000d5f00000,0x00000000fc300000,0x00000000fc300000)
  from space 30208K, 21% used [0x00000000fe180000,0x00000000fe7e8698,0x00000000fff00000)
  to   space 30720K, 0% used [0x00000000fc300000,0x00000000fc300000,0x00000000fe100000)
 ParOldGen       total 361984K, used 308944K [0x0000000081c00000, 0x0000000097d80000, 0x00000000d5f00000)
  object space 361984K, 85% used [0x0000000081c00000,0x00000000949b4170,0x0000000097d80000)
 Metaspace       used 77277K, capacity 85452K, committed 85760K, reserved 1120256K
  class space    used 12053K, capacity 14493K, committed 14592K, reserved 1048576K
Event: 115.822 GC heap after
Heap after GC invocations=151 (full 6):
 PSYoungGen      total 657408K, used 30714K [0x00000000d5f00000, 0x0000000100000000, 0x0000000100000000)
  eden space 626688K, 0% used [0x00000000d5f00000,0x00000000d5f00000,0x00000000fc300000)
  from space 30720K, 99% used [0x00000000fc300000,0x00000000fe0fe8b0,0x00000000fe100000)
  to   space 31744K, 0% used [0x00000000fe100000,0x00000000fe100000,0x0000000100000000)
 ParOldGen       total 361984K, used 361402K [0x0000000081c00000, 0x0000000097d80000, 0x00000000d5f00000)
  object space 361984K, 99% used [0x0000000081c00000,0x0000000097ceebd8,0x0000000097d80000)
 Metaspace       used 77277K, capacity 85452K, committed 85760K, reserved 1120256K
  class space    used 12053K, capacity 14493K, committed 14592K, reserved 1048576K
}
Event: 115.822 GC heap before
{Heap before GC invocations=152 (full 7):
 PSYoungGen      total 657408K, used 30714K [0x00000000d5f00000, 0x0000000100000000, 0x0000000100000000)
  eden space 626688K, 0% used [0x00000000d5f00000,0x00000000d5f00000,0x00000000fc300000)
  from space 30720K, 99% used [0x00000000fc300000,0x00000000fe0fe8b0,0x00000000fe100000)
  to   space 31744K, 0% used [0x00000000fe100000,0x00000000fe100000,0x0000000100000000)
 ParOldGen       total 361984K, used 361402K [0x0000000081c00000, 0x0000000097d80000, 0x00000000d5f00000)
  object space 361984K, 99% used [0x0000000081c00000,0x0000000097ceebd8,0x0000000097d80000)
 Metaspace       used 77277K, capacity 85452K, committed 85760K, reserved 1120256K
  class space    used 12053K, capacity 14493K, committed 14592K, reserved 1048576K
Event: 117.249 GC heap after
Heap after GC invocations=152 (full 7):
 PSYoungGen      total 657408K, used 0K [0x00000000d5f00000, 0x0000000100000000, 0x0000000100000000)
  eden space 626688K, 0% used [0x00000000d5f00000,0x00000000d5f00000,0x00000000fc300000)
  from space 30720K, 0% used [0x00000000fc300000,0x00000000fc300000,0x00000000fe100000)
  to   space 31744K, 0% used [0x00000000fe100000,0x00000000fe100000,0x0000000100000000)
 ParOldGen       total 477696K, used 329013K [0x0000000081c00000, 0x000000009ee80000, 0x00000000d5f00000)
  object space 477696K, 68% used [0x0000000081c00000,0x0000000095d4d730,0x000000009ee80000)
 Metaspace       used 77273K, capacity 85446K, committed 85760K, reserved 1120256K
  class space    used 12051K, capacity 14490K, committed 14592K, reserved 1048576K
}
Event: 124.311 GC heap before
{Heap before GC invocations=153 (full 7):
 PSYoungGen      total 657408K, used 626688K [0x00000000d5f00000, 0x0000000100000000, 0x0000000100000000)
  eden space 626688K, 100% used [0x00000000d5f00000,0x00000000fc300000,0x00000000fc300000)
  from space 30720K, 0% used [0x00000000fc300000,0x00000000fc300000,0x00000000fe100000)
  to   space 31744K, 0% used [0x00000000fe100000,0x00000000fe100000,0x0000000100000000)
 ParOldGen       total 477696K, used 329013K [0x0000000081c00000, 0x000000009ee80000, 0x00000000d5f00000)
  object space 477696K, 68% used [0x0000000081c00000,0x0000000095d4d730,0x000000009ee80000)
 Metaspace       used 77932K, capacity 86212K, committed 86400K, reserved 1120256K
  class space    used 12123K, capacity 14601K, committed 14720K, reserved 1048576K
Event: 124.450 GC heap after
Heap after GC invocations=153 (full 7):
 PSYoungGen      total 576512K, used 31728K [0x00000000d5f00000, 0x0000000100000000, 0x0000000100000000)
  eden space 544768K, 0% used [0x00000000d5f00000,0x00000000d5f00000,0x00000000f7300000)
  from space 31744K, 99% used [0x00000000fe100000,0x00000000ffffc340,0x0000000100000000)
  to   space 72192K, 0% used [0x00000000f7300000,0x00000000f7300000,0x00000000fb980000)
 ParOldGen       total 477696K, used 373943K [0x0000000081c00000, 0x000000009ee80000, 0x00000000d5f00000)
  object space 477696K, 78% used [0x0000000081c00000,0x000000009892dc58,0x000000009ee80000)
 Metaspace       used 77932K, capacity 86212K, committed 86400K, reserved 1120256K
  class space    used 12123K, capacity 14601K, committed 14720K, reserved 1048576K
}

