# JRE version: Java(TM) SE Runtime Environment (8.0_51-b16) (build 1.8.0_51-b16)
# Java VM: Java HotSpot(TM) 64-Bit Server VM (25.51-b03 mixed mode windows-amd64 compressed oops)
Heap:
 PSYoungGen      total 195584K, used 161265K [0x00000000d5f00000, 0x00000000e5e80000, 0x0000000100000000)
  eden space 152576K, 77% used [0x00000000d5f00000,0x00000000dd2811c8,0x00000000df400000)
  from space 43008K, 99% used [0x00000000e2780000,0x00000000e517b588,0x00000000e5180000)
  to   space 52736K, 0% used [0x00000000df400000,0x00000000df400000,0x00000000e2780000)
 ParOldGen       total 137216K, used 75449K [0x0000000081c00000, 0x000000008a200000, 0x00000000d5f00000)
  object space 137216K, 54% used [0x0000000081c00000,0x00000000865ae5e0,0x000000008a200000)
 Metaspace       used 33624K, capacity 35545K, committed 35712K, reserved 1081344K
  class space    used 4147K, capacity 4710K, committed 4736K, reserved 1048576K
GC Heap History (10 events):
Event: 11.198 GC heap before
{Heap before GC invocations=8 (full 1):
 PSYoungGen      total 72192K, used 72092K [0x00000000d5f00000, 0x00000000db680000, 0x0000000100000000)
  eden space 62464K, 100% used [0x00000000d5f00000,0x00000000d9c00000,0x00000000d9c00000)
  from space 9728K, 98% used [0x00000000dad00000,0x00000000db667090,0x00000000db680000)
  to   space 13312K, 0% used [0x00000000d9c80000,0x00000000d9c80000,0x00000000da980000)
 ParOldGen       total 62976K, used 18169K [0x0000000081c00000, 0x0000000085980000, 0x00000000d5f00000)
  object space 62976K, 28% used [0x0000000081c00000,0x0000000082dbe7a0,0x0000000085980000)
 Metaspace       used 29168K, capacity 30605K, committed 30720K, reserved 1075200K
  class space    used 3633K, capacity 4080K, committed 4096K, reserved 1048576K
Event: 11.232 GC heap after
Heap after GC invocations=8 (full 1):
 PSYoungGen      total 76288K, used 13283K [0x00000000d5f00000, 0x00000000df200000, 0x0000000100000000)
  eden space 62976K, 0% used [0x00000000d5f00000,0x00000000d5f00000,0x00000000d9c80000)
  from space 13312K, 99% used [0x00000000d9c80000,0x00000000da978e58,0x00000000da980000)
  to   space 17408K, 0% used [0x00000000de100000,0x00000000de100000,0x00000000df200000)
 ParOldGen       total 62976K, used 22316K [0x0000000081c00000, 0x0000000085980000, 0x00000000d5f00000)
  object space 62976K, 35% used [0x0000000081c00000,0x00000000831cb100,0x0000000085980000)
 Metaspace       used 29168K, capacity 30605K, committed 30720K, reserved 1075200K
  class space    used 3633K, capacity 4080K, committed 4096K, reserved 1048576K
}
Event: 12.702 GC heap before
{Heap before GC invocations=9 (full 1):
 PSYoungGen      total 76288K, used 76259K [0x00000000d5f00000, 0x00000000df200000, 0x0000000100000000)
  eden space 62976K, 100% used [0x00000000d5f00000,0x00000000d9c80000,0x00000000d9c80000)
  from space 13312K, 99% used [0x00000000d9c80000,0x00000000da978e58,0x00000000da980000)
  to   space 17408K, 0% used [0x00000000de100000,0x00000000de100000,0x00000000df200000)
 ParOldGen       total 62976K, used 22316K [0x0000000081c00000, 0x0000000085980000, 0x00000000d5f00000)
  object space 62976K, 35% used [0x0000000081c00000,0x00000000831cb100,0x0000000085980000)
 Metaspace       used 31043K, capacity 32829K, committed 32896K, reserved 1077248K
  class space    used 3873K, capacity 4416K, committed 4480K, reserved 1048576K
Event: 12.778 GC heap after
Heap after GC invocations=9 (full 1):
 PSYoungGen      total 123904K, used 17386K [0x00000000d5f00000, 0x00000000e0400000, 0x0000000100000000)
  eden space 106496K, 0% used [0x00000000d5f00000,0x00000000d5f00000,0x00000000dc700000)
  from space 17408K, 99% used [0x00000000de100000,0x00000000df1fab08,0x00000000df200000)
  to   space 26624K, 0% used [0x00000000dc700000,0x00000000dc700000,0x00000000de100000)
 ParOldGen       total 62976K, used 38062K [0x0000000081c00000, 0x0000000085980000, 0x00000000d5f00000)
  object space 62976K, 60% used [0x0000000081c00000,0x000000008412ba80,0x0000000085980000)
 Metaspace       used 31043K, capacity 32829K, committed 32896K, reserved 1077248K
  class space    used 3873K, capacity 4416K, committed 4480K, reserved 1048576K
}
Event: 13.737 GC heap before
{Heap before GC invocations=10 (full 1):
 PSYoungGen      total 123904K, used 123882K [0x00000000d5f00000, 0x00000000e0400000, 0x0000000100000000)
  eden space 106496K, 100% used [0x00000000d5f00000,0x00000000dc700000,0x00000000dc700000)
  from space 17408K, 99% used [0x00000000de100000,0x00000000df1fab08,0x00000000df200000)
  to   space 26624K, 0% used [0x00000000dc700000,0x00000000dc700000,0x00000000de100000)
 ParOldGen       total 62976K, used 38062K [0x0000000081c00000, 0x0000000085980000, 0x00000000d5f00000)
  object space 62976K, 60% used [0x0000000081c00000,0x000000008412ba80,0x0000000085980000)
 Metaspace       used 32111K, capacity 33913K, committed 34048K, reserved 1079296K
  class space    used 3947K, capacity 4506K, committed 4608K, reserved 1048576K
Event: 13.890 GC heap after
Heap after GC invocations=10 (full 1):
 PSYoungGen      total 133120K, used 26603K [0x00000000d5f00000, 0x00000000e5180000, 0x0000000100000000)
  eden space 106496K, 0% used [0x00000000d5f00000,0x00000000d5f00000,0x00000000dc700000)
  from space 26624K, 99% used [0x00000000dc700000,0x00000000de0faee8,0x00000000de100000)
  to   space 43008K, 0% used [0x00000000e2780000,0x00000000e2780000,0x00000000e5180000)
 ParOldGen       total 68608K, used 68110K [0x0000000081c00000, 0x0000000085f00000, 0x00000000d5f00000)
  object space 68608K, 99% used [0x0000000081c00000,0x0000000085e83b70,0x0000000085f00000)
 Metaspace       used 32111K, capacity 33913K, committed 34048K, reserved 1079296K
  class space    used 3947K, capacity 4506K, committed 4608K, reserved 1048576K
}
Event: 13.890 GC heap before
{Heap before GC invocations=11 (full 2):
 PSYoungGen      total 133120K, used 26603K [0x00000000d5f00000, 0x00000000e5180000, 0x0000000100000000)
  eden space 106496K, 0% used [0x00000000d5f00000,0x00000000d5f00000,0x00000000dc700000)
  from space 26624K, 99% used [0x00000000dc700000,0x00000000de0faee8,0x00000000de100000)
  to   space 43008K, 0% used [0x00000000e2780000,0x00000000e2780000,0x00000000e5180000)
 ParOldGen       total 68608K, used 68110K [0x0000000081c00000, 0x0000000085f00000, 0x00000000d5f00000)
  object space 68608K, 99% used [0x0000000081c00000,0x0000000085e83b70,0x0000000085f00000)
 Metaspace       used 32111K, capacity 33913K, committed 34048K, reserved 1079296K
  class space    used 3947K, capacity 4506K, committed 4608K, reserved 1048576K
Event: 14.133 GC heap after
Heap after GC invocations=11 (full 2):
 PSYoungGen      total 133120K, used 3559K [0x00000000d5f00000, 0x00000000e5180000, 0x0000000100000000)
  eden space 106496K, 0% used [0x00000000d5f00000,0x00000000d5f00000,0x00000000dc700000)
  from space 26624K, 13% used [0x00000000dc700000,0x00000000dca79e28,0x00000000de100000)
  to   space 43008K, 0% used [0x00000000e2780000,0x00000000e2780000,0x00000000e5180000)
 ParOldGen       total 137216K, used 68144K [0x0000000081c00000, 0x000000008a200000, 0x00000000d5f00000)
  object space 137216K, 49% used [0x0000000081c00000,0x0000000085e8c1e8,0x000000008a200000)
 Metaspace       used 32111K, capacity 33913K, committed 34048K, reserved 1079296K
  class space    used 3947K, capacity 4506K, committed 4608K, reserved 1048576K
}
Event: 14.784 GC heap before
{Heap before GC invocations=12 (full 2):
 PSYoungGen      total 133120K, used 110055K [0x00000000d5f00000, 0x00000000e5180000, 0x0000000100000000)
  eden space 106496K, 100% used [0x00000000d5f00000,0x00000000dc700000,0x00000000dc700000)
  from space 26624K, 13% used [0x00000000dc700000,0x00000000dca79e28,0x00000000de100000)
  to   space 43008K, 0% used [0x00000000e2780000,0x00000000e2780000,0x00000000e5180000)
 ParOldGen       total 137216K, used 68144K [0x0000000081c00000, 0x000000008a200000, 0x00000000d5f00000)
  object space 137216K, 49% used [0x0000000081c00000,0x0000000085e8c1e8,0x000000008a200000)
 Metaspace       used 32493K, capacity 34351K, committed 34560K, reserved 1079296K
  class space    used 3994K, capacity 4539K, committed 4608K, reserved 1048576K
Event: 14.943 GC heap after
Heap after GC invocations=12 (full 2):
 PSYoungGen      total 195584K, used 42989K [0x00000000d5f00000, 0x00000000e5e80000, 0x0000000100000000)
  eden space 152576K, 0% used [0x00000000d5f00000,0x00000000d5f00000,0x00000000df400000)
  from space 43008K, 99% used [0x00000000e2780000,0x00000000e517b588,0x00000000e5180000)
  to   space 52736K, 0% used [0x00000000df400000,0x00000000df400000,0x00000000e2780000)
 ParOldGen       total 137216K, used 75449K [0x0000000081c00000, 0x000000008a200000, 0x00000000d5f00000)
  object space 137216K, 54% used [0x0000000081c00000,0x00000000865ae5e0,0x000000008a200000)
 Metaspace       used 32493K, capacity 34351K, committed 34560K, reserved 1079296K
  class space    used 3994K, capacity 4539K, committed 4608K, reserved 1048576K
}

