# JRE version: Java(TM) SE Runtime Environment (8.0_51-b16) (build 1.8.0_51-b16)
# Java VM: Java HotSpot(TM) 64-Bit Server VM (25.51-b03 mixed mode windows-amd64 compressed oops)
Heap:
 PSYoungGen      total 524288K, used 116281K [0x00000000d5f00000, 0x00000000fea00000, 0x0000000100000000)
  eden space 383488K, 8% used [0x00000000d5f00000,0x00000000d80b0238,0x00000000ed580000)
  from space 140800K, 58% used [0x00000000ed700000,0x00000000f26de4f0,0x00000000f6080000)
  to   space 116736K, 0% used [0x00000000f7800000,0x00000000f7800000,0x00000000fea00000)
 ParOldGen       total 199168K, used 199165K [0x0000000081c00000, 0x000000008de80000, 0x00000000d5f00000)
  object space 199168K, 99% used [0x0000000081c00000,0x000000008de7f4b0,0x000000008de80000)
 Metaspace       used 46399K, capacity 50284K, committed 50560K, reserved 1093632K
  class space    used 6254K, capacity 7217K, committed 7296K, reserved 1048576K
GC Heap History (10 events):
Event: 23.500 GC heap before
{Heap before GC invocations=19 (full 4):
 PSYoungGen      total 388608K, used 300020K [0x00000000d5f00000, 0x00000000fef80000, 0x0000000100000000)
  eden space 292864K, 100% used [0x00000000d5f00000,0x00000000e7d00000,0x00000000e7d00000)
  from space 95744K, 7% used [0x00000000e7d00000,0x00000000e83fd0f0,0x00000000eda80000)
  to   space 122368K, 0% used [0x00000000f7800000,0x00000000f7800000,0x00000000fef80000)
 ParOldGen       total 157184K, used 157070K [0x0000000081c00000, 0x000000008b580000, 0x00000000d5f00000)
  object space 157184K, 99% used [0x0000000081c00000,0x000000008b563aa0,0x000000008b580000)
 Metaspace       used 40219K, capacity 42585K, committed 42880K, reserved 1085440K
  class space    used 5249K, capacity 5973K, committed 6016K, reserved 1048576K
Event: 24.177 GC heap after
Heap after GC invocations=19 (full 4):
 PSYoungGen      total 388608K, used 11911K [0x00000000d5f00000, 0x00000000fef80000, 0x0000000100000000)
  eden space 292864K, 4% used [0x00000000d5f00000,0x00000000d6aa1d08,0x00000000e7d00000)
  from space 95744K, 0% used [0x00000000e7d00000,0x00000000e7d00000,0x00000000eda80000)
  to   space 122368K, 0% used [0x00000000f7800000,0x00000000f7800000,0x00000000fef80000)
 ParOldGen       total 157184K, used 156816K [0x0000000081c00000, 0x000000008b580000, 0x00000000d5f00000)
  object space 157184K, 99% used [0x0000000081c00000,0x000000008b5241e0,0x000000008b580000)
 Metaspace       used 40219K, capacity 42585K, committed 42880K, reserved 1085440K
  class space    used 5249K, capacity 5973K, committed 6016K, reserved 1048576K
}
Event: 26.257 GC heap before
{Heap before GC invocations=20 (full 5):
 PSYoungGen      total 388608K, used 292864K [0x00000000d5f00000, 0x00000000fef80000, 0x0000000100000000)
  eden space 292864K, 100% used [0x00000000d5f00000,0x00000000e7d00000,0x00000000e7d00000)
  from space 95744K, 0% used [0x00000000e7d00000,0x00000000e7d00000,0x00000000eda80000)
  to   space 122368K, 0% used [0x00000000f7800000,0x00000000f7800000,0x00000000fef80000)
 ParOldGen       total 157184K, used 156816K [0x0000000081c00000, 0x000000008b580000, 0x00000000d5f00000)
  object space 157184K, 99% used [0x0000000081c00000,0x000000008b5241e0,0x000000008b580000)
 Metaspace       used 41363K, capacity 43749K, committed 43904K, reserved 1087488K
  class space    used 5443K, capacity 6191K, committed 6272K, reserved 1048576K
Event: 26.696 GC heap after
Heap after GC invocations=20 (full 5):
 PSYoungGen      total 388608K, used 0K [0x00000000d5f00000, 0x00000000fef80000, 0x0000000100000000)
  eden space 292864K, 0% used [0x00000000d5f00000,0x00000000d5f00000,0x00000000e7d00000)
  from space 95744K, 0% used [0x00000000e7d00000,0x00000000e7d00000,0x00000000eda80000)
  to   space 122368K, 0% used [0x00000000f7800000,0x00000000f7800000,0x00000000fef80000)
 ParOldGen       total 157184K, used 117714K [0x0000000081c00000, 0x000000008b580000, 0x00000000d5f00000)
  object space 157184K, 74% used [0x0000000081c00000,0x0000000088ef4a40,0x000000008b580000)
 Metaspace       used 41363K, capacity 43749K, committed 43904K, reserved 1087488K
  class space    used 5443K, capacity 6191K, committed 6272K, reserved 1048576K
}
Event: 28.129 GC heap before
{Heap before GC invocations=21 (full 5):
 PSYoungGen      total 388608K, used 292864K [0x00000000d5f00000, 0x00000000fef80000, 0x0000000100000000)
  eden space 292864K, 100% used [0x00000000d5f00000,0x00000000e7d00000,0x00000000e7d00000)
  from space 95744K, 0% used [0x00000000e7d00000,0x00000000e7d00000,0x00000000eda80000)
  to   space 122368K, 0% used [0x00000000f7800000,0x00000000f7800000,0x00000000fef80000)
 ParOldGen       total 157184K, used 117714K [0x0000000081c00000, 0x000000008b580000, 0x00000000d5f00000)
  object space 157184K, 74% used [0x0000000081c00000,0x0000000088ef4a40,0x000000008b580000)
 Metaspace       used 42150K, capacity 44589K, committed 44800K, reserved 1087488K
  class space    used 5569K, capacity 6333K, committed 6400K, reserved 1048576K
Event: 28.496 GC heap after
Heap after GC invocations=21 (full 5):
 PSYoungGen      total 500224K, used 116513K [0x00000000d5f00000, 0x00000000fea00000, 0x0000000100000000)
  eden space 383488K, 0% used [0x00000000d5f00000,0x00000000d5f00000,0x00000000ed580000)
  from space 116736K, 99% used [0x00000000f7800000,0x00000000fe9c8598,0x00000000fea00000)
  to   space 140800K, 0% used [0x00000000ed700000,0x00000000ed700000,0x00000000f6080000)
 ParOldGen       total 157184K, used 117722K [0x0000000081c00000, 0x000000008b580000, 0x00000000d5f00000)
  object space 157184K, 74% used [0x0000000081c00000,0x0000000088ef6a40,0x000000008b580000)
 Metaspace       used 42150K, capacity 44589K, committed 44800K, reserved 1087488K
  class space    used 5569K, capacity 6333K, committed 6400K, reserved 1048576K
}
Event: 31.675 GC heap before
{Heap before GC invocations=22 (full 5):
 PSYoungGen      total 500224K, used 500001K [0x00000000d5f00000, 0x00000000fea00000, 0x0000000100000000)
  eden space 383488K, 100% used [0x00000000d5f00000,0x00000000ed580000,0x00000000ed580000)
  from space 116736K, 99% used [0x00000000f7800000,0x00000000fe9c8598,0x00000000fea00000)
  to   space 140800K, 0% used [0x00000000ed700000,0x00000000ed700000,0x00000000f6080000)
 ParOldGen       total 157184K, used 117722K [0x0000000081c00000, 0x000000008b580000, 0x00000000d5f00000)
  object space 157184K, 74% used [0x0000000081c00000,0x0000000088ef6a40,0x000000008b580000)
 Metaspace       used 45957K, capacity 49840K, committed 49920K, reserved 1091584K
  class space    used 6169K, capacity 7143K, committed 7168K, reserved 1048576K
Event: 32.330 GC heap after
Heap after GC invocations=22 (full 5):
 PSYoungGen      total 524288K, used 140782K [0x00000000d5f00000, 0x00000000fea00000, 0x0000000100000000)
  eden space 383488K, 0% used [0x00000000d5f00000,0x00000000d5f00000,0x00000000ed580000)
  from space 140800K, 99% used [0x00000000ed700000,0x00000000f607b888,0x00000000f6080000)
  to   space 116736K, 0% used [0x00000000f7800000,0x00000000f7800000,0x00000000fea00000)
 ParOldGen       total 199168K, used 198960K [0x0000000081c00000, 0x000000008de80000, 0x00000000d5f00000)
  object space 199168K, 99% used [0x0000000081c00000,0x000000008de4c1e8,0x000000008de80000)
 Metaspace       used 45957K, capacity 49840K, committed 49920K, reserved 1091584K
  class space    used 6169K, capacity 7143K, committed 7168K, reserved 1048576K
}
Event: 32.330 GC heap before
{Heap before GC invocations=23 (full 6):
 PSYoungGen      total 524288K, used 140782K [0x00000000d5f00000, 0x00000000fea00000, 0x0000000100000000)
  eden space 383488K, 0% used [0x00000000d5f00000,0x00000000d5f00000,0x00000000ed580000)
  from space 140800K, 99% used [0x00000000ed700000,0x00000000f607b888,0x00000000f6080000)
  to   space 116736K, 0% used [0x00000000f7800000,0x00000000f7800000,0x00000000fea00000)
 ParOldGen       total 199168K, used 198960K [0x0000000081c00000, 0x000000008de80000, 0x00000000d5f00000)
  object space 199168K, 99% used [0x0000000081c00000,0x000000008de4c1e8,0x000000008de80000)
 Metaspace       used 45957K, capacity 49840K, committed 49920K, reserved 1091584K
  class space    used 6169K, capacity 7143K, committed 7168K, reserved 1048576K
Event: 33.432 GC heap after
Heap after GC invocations=23 (full 6):
 PSYoungGen      total 524288K, used 81785K [0x00000000d5f00000, 0x00000000fea00000, 0x0000000100000000)
  eden space 383488K, 0% used [0x00000000d5f00000,0x00000000d5f00000,0x00000000ed580000)
  from space 140800K, 58% used [0x00000000ed700000,0x00000000f26de4f0,0x00000000f6080000)
  to   space 116736K, 0% used [0x00000000f7800000,0x00000000f7800000,0x00000000fea00000)
 ParOldGen       total 199168K, used 199165K [0x0000000081c00000, 0x000000008de80000, 0x00000000d5f00000)
  object space 199168K, 99% used [0x0000000081c00000,0x000000008de7f4b0,0x000000008de80000)
 Metaspace       used 45957K, capacity 49840K, committed 49920K, reserved 1091584K
  class space    used 6169K, capacity 7143K, committed 7168K, reserved 1048576K
}

