# JRE version: Java(TM) SE Runtime Environment (8.0_51-b16) (build 1.8.0_51-b16)
# Java VM: Java HotSpot(TM) 64-Bit Server VM (25.51-b03 mixed mode windows-amd64 compressed oops)
Heap:
 PSYoungGen      total 599552K, used 122484K [0x00000000d5f00000, 0x00000000ff800000, 0x0000000100000000)
  eden space 523264K, 18% used [0x00000000d5f00000,0x00000000dbb958e8,0x00000000f5e00000)
  from space 76288K, 36% used [0x00000000fad80000,0x00000000fc887718,0x00000000ff800000)
  to   space 78848K, 0% used [0x00000000f5e00000,0x00000000f5e00000,0x00000000fab00000)
 ParOldGen       total 429568K, used 377421K [0x0000000081c00000, 0x000000009bf80000, 0x00000000d5f00000)
  object space 429568K, 87% used [0x0000000081c00000,0x0000000098c93688,0x000000009bf80000)
 Metaspace       used 58080K, capacity 63052K, committed 63104K, reserved 1101824K
  class space    used 8621K, capacity 10097K, committed 10112K, reserved 1048576K
GC Heap History (10 events):
Event: 40.399 GC heap after
Heap after GC invocations=54 (full 5):
 PSYoungGen      total 599552K, used 59241K [0x00000000d5f00000, 0x0000000100000000, 0x0000000100000000)
  eden space 516096K, 0% used [0x00000000d5f00000,0x00000000d5f00000,0x00000000f5700000)
  from space 83456K, 70% used [0x00000000f5700000,0x00000000f90da798,0x00000000fa880000)
  to   space 86528K, 0% used [0x00000000fab80000,0x00000000fab80000,0x0000000100000000)
 ParOldGen       total 429568K, used 363720K [0x0000000081c00000, 0x000000009bf80000, 0x00000000d5f00000)
  object space 429568K, 84% used [0x0000000081c00000,0x0000000097f32158,0x000000009bf80000)
 Metaspace       used 56847K, capacity 61792K, committed 61952K, reserved 1101824K
  class space    used 8448K, capacity 9901K, committed 9984K, reserved 1048576K
}
Event: 40.793 GC heap before
{Heap before GC invocations=55 (full 5):
 PSYoungGen      total 599552K, used 575337K [0x00000000d5f00000, 0x0000000100000000, 0x0000000100000000)
  eden space 516096K, 100% used [0x00000000d5f00000,0x00000000f5700000,0x00000000f5700000)
  from space 83456K, 70% used [0x00000000f5700000,0x00000000f90da798,0x00000000fa880000)
  to   space 86528K, 0% used [0x00000000fab80000,0x00000000fab80000,0x0000000100000000)
 ParOldGen       total 429568K, used 363720K [0x0000000081c00000, 0x000000009bf80000, 0x00000000d5f00000)
  object space 429568K, 84% used [0x0000000081c00000,0x0000000097f32158,0x000000009bf80000)
 Metaspace       used 57131K, capacity 62106K, committed 62336K, reserved 1101824K
  class space    used 8494K, capacity 9994K, committed 10112K, reserved 1048576K
Event: 40.862 GC heap after
Heap after GC invocations=55 (full 5):
 PSYoungGen      total 602624K, used 45679K [0x00000000d5f00000, 0x00000000ffd00000, 0x0000000100000000)
  eden space 519168K, 0% used [0x00000000d5f00000,0x00000000d5f00000,0x00000000f5a00000)
  from space 83456K, 54% used [0x00000000fab80000,0x00000000fd81bc90,0x00000000ffd00000)
  to   space 83456K, 0% used [0x00000000f5a00000,0x00000000f5a00000,0x00000000fab80000)
 ParOldGen       total 429568K, used 364008K [0x0000000081c00000, 0x000000009bf80000, 0x00000000d5f00000)
  object space 429568K, 84% used [0x0000000081c00000,0x0000000097f7a390,0x000000009bf80000)
 Metaspace       used 57131K, capacity 62106K, committed 62336K, reserved 1101824K
  class space    used 8494K, capacity 9994K, committed 10112K, reserved 1048576K
}
Event: 41.123 GC heap before
{Heap before GC invocations=56 (full 5):
 PSYoungGen      total 602624K, used 564847K [0x00000000d5f00000, 0x00000000ffd00000, 0x0000000100000000)
  eden space 519168K, 100% used [0x00000000d5f00000,0x00000000f5a00000,0x00000000f5a00000)
  from space 83456K, 54% used [0x00000000fab80000,0x00000000fd81bc90,0x00000000ffd00000)
  to   space 83456K, 0% used [0x00000000f5a00000,0x00000000f5a00000,0x00000000fab80000)
 ParOldGen       total 429568K, used 364130K [0x0000000081c00000, 0x000000009bf80000, 0x00000000d5f00000)
  object space 429568K, 84% used [0x0000000081c00000,0x0000000097f988a8,0x000000009bf80000)
 Metaspace       used 57303K, capacity 62310K, committed 62592K, reserved 1101824K
  class space    used 8513K, capacity 10000K, committed 10112K, reserved 1048576K
Event: 41.159 GC heap after
Heap after GC invocations=56 (full 5):
 PSYoungGen      total 602624K, used 23527K [0x00000000d5f00000, 0x00000000ffe00000, 0x0000000100000000)
  eden space 519168K, 0% used [0x00000000d5f00000,0x00000000d5f00000,0x00000000f5a00000)
  from space 83456K, 28% used [0x00000000f5a00000,0x00000000f70f9e68,0x00000000fab80000)
  to   space 82432K, 0% used [0x00000000fad80000,0x00000000fad80000,0x00000000ffe00000)
 ParOldGen       total 429568K, used 365749K [0x0000000081c00000, 0x000000009bf80000, 0x00000000d5f00000)
  object space 429568K, 85% used [0x0000000081c00000,0x000000009812d548,0x000000009bf80000)
 Metaspace       used 57303K, capacity 62310K, committed 62592K, reserved 1101824K
  class space    used 8513K, capacity 10000K, committed 10112K, reserved 1048576K
}
Event: 41.825 GC heap before
{Heap before GC invocations=57 (full 5):
 PSYoungGen      total 602624K, used 542695K [0x00000000d5f00000, 0x00000000ffe00000, 0x0000000100000000)
  eden space 519168K, 100% used [0x00000000d5f00000,0x00000000f5a00000,0x00000000f5a00000)
  from space 83456K, 28% used [0x00000000f5a00000,0x00000000f70f9e68,0x00000000fab80000)
  to   space 82432K, 0% used [0x00000000fad80000,0x00000000fad80000,0x00000000ffe00000)
 ParOldGen       total 429568K, used 365750K [0x0000000081c00000, 0x000000009bf80000, 0x00000000d5f00000)
  object space 429568K, 85% used [0x0000000081c00000,0x000000009812da00,0x000000009bf80000)
 Metaspace       used 57688K, capacity 62726K, committed 62848K, reserved 1101824K
  class space    used 8545K, capacity 10032K, committed 10112K, reserved 1048576K
Event: 41.900 GC heap after
Heap after GC invocations=57 (full 5):
 PSYoungGen      total 599552K, used 36919K [0x00000000d5f00000, 0x00000000ff800000, 0x0000000100000000)
  eden space 523264K, 0% used [0x00000000d5f00000,0x00000000d5f00000,0x00000000f5e00000)
  from space 76288K, 48% used [0x00000000fad80000,0x00000000fd18dde8,0x00000000ff800000)
  to   space 78848K, 0% used [0x00000000f5e00000,0x00000000f5e00000,0x00000000fab00000)
 ParOldGen       total 429568K, used 366238K [0x0000000081c00000, 0x000000009bf80000, 0x00000000d5f00000)
  object space 429568K, 85% used [0x0000000081c00000,0x00000000981a7a10,0x000000009bf80000)
 Metaspace       used 57688K, capacity 62726K, committed 62848K, reserved 1101824K
  class space    used 8545K, capacity 10032K, committed 10112K, reserved 1048576K
}
Event: 42.418 GC heap before
{Heap before GC invocations=58 (full 5):
 PSYoungGen      total 599552K, used 560183K [0x00000000d5f00000, 0x00000000ff800000, 0x0000000100000000)
  eden space 523264K, 100% used [0x00000000d5f00000,0x00000000f5e00000,0x00000000f5e00000)
  from space 76288K, 48% used [0x00000000fad80000,0x00000000fd18dde8,0x00000000ff800000)
  to   space 78848K, 0% used [0x00000000f5e00000,0x00000000f5e00000,0x00000000fab00000)
 ParOldGen       total 429568K, used 366238K [0x0000000081c00000, 0x000000009bf80000, 0x00000000d5f00000)
  object space 429568K, 85% used [0x0000000081c00000,0x00000000981a7a30,0x000000009bf80000)
 Metaspace       used 58003K, capacity 62988K, committed 63104K, reserved 1101824K
  class space    used 8602K, capacity 10097K, committed 10112K, reserved 1048576K
Event: 42.497 GC heap after
Heap after GC invocations=58 (full 5):
 PSYoungGen      total 602112K, used 57036K [0x00000000d5f00000, 0x00000000ff800000, 0x0000000100000000)
  eden space 523264K, 0% used [0x00000000d5f00000,0x00000000d5f00000,0x00000000f5e00000)
  from space 78848K, 72% used [0x00000000f5e00000,0x00000000f95b32f8,0x00000000fab00000)
  to   space 76288K, 0% used [0x00000000fad80000,0x00000000fad80000,0x00000000ff800000)
 ParOldGen       total 429568K, used 366398K [0x0000000081c00000, 0x000000009bf80000, 0x00000000d5f00000)
  object space 429568K, 85% used [0x0000000081c00000,0x00000000981cfa30,0x000000009bf80000)
 Metaspace       used 58003K, capacity 62988K, committed 63104K, reserved 1101824K
  class space    used 8602K, capacity 10097K, committed 10112K, reserved 1048576K
}
Event: 42.824 GC heap before
{Heap before GC invocations=59 (full 5):
 PSYoungGen      total 602112K, used 580300K [0x00000000d5f00000, 0x00000000ff800000, 0x0000000100000000)
  eden space 523264K, 100% used [0x00000000d5f00000,0x00000000f5e00000,0x00000000f5e00000)
  from space 78848K, 72% used [0x00000000f5e00000,0x00000000f95b32f8,0x00000000fab00000)
  to   space 76288K, 0% used [0x00000000fad80000,0x00000000fad80000,0x00000000ff800000)
 ParOldGen       total 429568K, used 366780K [0x0000000081c00000, 0x000000009bf80000, 0x00000000d5f00000)
  object space 429568K, 85% used [0x0000000081c00000,0x000000009822f020,0x000000009bf80000)
 Metaspace       used 58078K, capacity 63052K, committed 63104K, reserved 1101824K
  class space    used 8620K, capacity 10097K, committed 10112K, reserved 1048576K

