# JRE version: Java(TM) SE Runtime Environment (8.0_51-b16) (build 1.8.0_51-b16)
# Java VM: Java HotSpot(TM) 64-Bit Server VM (25.51-b03 mixed mode windows-amd64 compressed oops)
Heap:
 PSYoungGen      total 430592K, used 224089K [0x00000000d5f00000, 0x00000000f9100000, 0x0000000100000000)
  eden space 300544K, 33% used [0x00000000d5f00000,0x00000000dc1bae58,0x00000000e8480000)
  from space 130048K, 94% used [0x00000000e8480000,0x00000000efc9b860,0x00000000f0380000)
  to   space 116224K, 0% used [0x00000000f0380000,0x00000000f0380000,0x00000000f7500000)
 ParOldGen       total 179712K, used 139941K [0x0000000081c00000, 0x000000008cb80000, 0x00000000d5f00000)
  object space 179712K, 77% used [0x0000000081c00000,0x000000008a4a9618,0x000000008cb80000)
 Metaspace       used 46784K, capacity 50880K, committed 50944K, reserved 1093632K
  class space    used 6352K, capacity 7361K, committed 7424K, reserved 1048576K
GC Heap History (10 events):
Event: 28.963 GC heap before
{Heap before GC invocations=19 (full 3):
 PSYoungGen      total 430592K, used 430572K [0x00000000d5f00000, 0x00000000f9100000, 0x0000000100000000)
  eden space 300544K, 100% used [0x00000000d5f00000,0x00000000e8480000,0x00000000e8480000)
  from space 130048K, 99% used [0x00000000e8480000,0x00000000f037b350,0x00000000f0380000)
  to   space 116224K, 0% used [0x00000000f0380000,0x00000000f0380000,0x00000000f7500000)
 ParOldGen       total 179712K, used 147232K [0x0000000081c00000, 0x000000008cb80000, 0x00000000d5f00000)
  object space 179712K, 81% used [0x0000000081c00000,0x000000008abc8130,0x000000008cb80000)
 Metaspace       used 41419K, capacity 43881K, committed 44160K, reserved 1087488K
  class space    used 5448K, capacity 6191K, committed 6272K, reserved 1048576K
Event: 29.204 GC heap after
Heap after GC invocations=19 (full 3):
 PSYoungGen      total 416768K, used 87293K [0x00000000d5f00000, 0x00000000f9100000, 0x0000000100000000)
  eden space 300544K, 0% used [0x00000000d5f00000,0x00000000d5f00000,0x00000000e8480000)
  from space 116224K, 75% used [0x00000000f0380000,0x00000000f58bf7f8,0x00000000f7500000)
  to   space 130048K, 0% used [0x00000000e8480000,0x00000000e8480000,0x00000000f0380000)
 ParOldGen       total 179712K, used 151865K [0x0000000081c00000, 0x000000008cb80000, 0x00000000d5f00000)
  object space 179712K, 84% used [0x0000000081c00000,0x000000008b04e7b8,0x000000008cb80000)
 Metaspace       used 41419K, capacity 43881K, committed 44160K, reserved 1087488K
  class space    used 5448K, capacity 6191K, committed 6272K, reserved 1048576K
}
Event: 29.204 GC heap before
{Heap before GC invocations=20 (full 4):
 PSYoungGen      total 416768K, used 87293K [0x00000000d5f00000, 0x00000000f9100000, 0x0000000100000000)
  eden space 300544K, 0% used [0x00000000d5f00000,0x00000000d5f00000,0x00000000e8480000)
  from space 116224K, 75% used [0x00000000f0380000,0x00000000f58bf7f8,0x00000000f7500000)
  to   space 130048K, 0% used [0x00000000e8480000,0x00000000e8480000,0x00000000f0380000)
 ParOldGen       total 179712K, used 151865K [0x0000000081c00000, 0x000000008cb80000, 0x00000000d5f00000)
  object space 179712K, 84% used [0x0000000081c00000,0x000000008b04e7b8,0x000000008cb80000)
 Metaspace       used 41419K, capacity 43881K, committed 44160K, reserved 1087488K
  class space    used 5448K, capacity 6191K, committed 6272K, reserved 1048576K
Event: 29.718 GC heap after
Heap after GC invocations=20 (full 4):
 PSYoungGen      total 416768K, used 0K [0x00000000d5f00000, 0x00000000f9100000, 0x0000000100000000)
  eden space 300544K, 0% used [0x00000000d5f00000,0x00000000d5f00000,0x00000000e8480000)
  from space 116224K, 0% used [0x00000000f0380000,0x00000000f0380000,0x00000000f7500000)
  to   space 130048K, 0% used [0x00000000e8480000,0x00000000e8480000,0x00000000f0380000)
 ParOldGen       total 179712K, used 128688K [0x0000000081c00000, 0x000000008cb80000, 0x00000000d5f00000)
  object space 179712K, 71% used [0x0000000081c00000,0x00000000899ac080,0x000000008cb80000)
 Metaspace       used 41419K, capacity 43881K, committed 44160K, reserved 1087488K
  class space    used 5448K, capacity 6191K, committed 6272K, reserved 1048576K
}
Event: 31.895 GC heap before
{Heap before GC invocations=21 (full 4):
 PSYoungGen      total 416768K, used 300544K [0x00000000d5f00000, 0x00000000f9100000, 0x0000000100000000)
  eden space 300544K, 100% used [0x00000000d5f00000,0x00000000e8480000,0x00000000e8480000)
  from space 116224K, 0% used [0x00000000f0380000,0x00000000f0380000,0x00000000f7500000)
  to   space 130048K, 0% used [0x00000000e8480000,0x00000000e8480000,0x00000000f0380000)
 ParOldGen       total 179712K, used 128691K [0x0000000081c00000, 0x000000008cb80000, 0x00000000d5f00000)
  object space 179712K, 71% used [0x0000000081c00000,0x00000000899acf90,0x000000008cb80000)
 Metaspace       used 42185K, capacity 44721K, committed 44800K, reserved 1087488K
  class space    used 5576K, capacity 6333K, committed 6400K, reserved 1048576K
Event: 32.173 GC heap after
Heap after GC invocations=21 (full 4):
 PSYoungGen      total 430592K, used 117222K [0x00000000d5f00000, 0x00000000f9100000, 0x0000000100000000)
  eden space 300544K, 0% used [0x00000000d5f00000,0x00000000d5f00000,0x00000000e8480000)
  from space 130048K, 90% used [0x00000000e8480000,0x00000000ef6f9890,0x00000000f0380000)
  to   space 116224K, 0% used [0x00000000f0380000,0x00000000f0380000,0x00000000f7500000)
 ParOldGen       total 179712K, used 128699K [0x0000000081c00000, 0x000000008cb80000, 0x00000000d5f00000)
  object space 179712K, 71% used [0x0000000081c00000,0x00000000899aef90,0x000000008cb80000)
 Metaspace       used 42185K, capacity 44721K, committed 44800K, reserved 1087488K
  class space    used 5576K, capacity 6333K, committed 6400K, reserved 1048576K
}
Event: 33.786 GC heap before
{Heap before GC invocations=22 (full 4):
 PSYoungGen      total 430592K, used 417766K [0x00000000d5f00000, 0x00000000f9100000, 0x0000000100000000)
  eden space 300544K, 100% used [0x00000000d5f00000,0x00000000e8480000,0x00000000e8480000)
  from space 130048K, 90% used [0x00000000e8480000,0x00000000ef6f9890,0x00000000f0380000)
  to   space 116224K, 0% used [0x00000000f0380000,0x00000000f0380000,0x00000000f7500000)
 ParOldGen       total 179712K, used 128699K [0x0000000081c00000, 0x000000008cb80000, 0x00000000d5f00000)
  object space 179712K, 71% used [0x0000000081c00000,0x00000000899aef90,0x000000008cb80000)
 Metaspace       used 43678K, capacity 46385K, committed 46592K, reserved 1089536K
  class space    used 5777K, capacity 6583K, committed 6656K, reserved 1048576K
Event: 34.026 GC heap after
Heap after GC invocations=22 (full 4):
 PSYoungGen      total 416768K, used 98426K [0x00000000d5f00000, 0x00000000f9100000, 0x0000000100000000)
  eden space 300544K, 0% used [0x00000000d5f00000,0x00000000d5f00000,0x00000000e8480000)
  from space 116224K, 84% used [0x00000000f0380000,0x00000000f639eb70,0x00000000f7500000)
  to   space 130048K, 0% used [0x00000000e8480000,0x00000000e8480000,0x00000000f0380000)
 ParOldGen       total 179712K, used 135853K [0x0000000081c00000, 0x000000008cb80000, 0x00000000d5f00000)
  object space 179712K, 75% used [0x0000000081c00000,0x000000008a0ab5f8,0x000000008cb80000)
 Metaspace       used 43678K, capacity 46385K, committed 46592K, reserved 1089536K
  class space    used 5777K, capacity 6583K, committed 6656K, reserved 1048576K
}
Event: 36.467 GC heap before
{Heap before GC invocations=23 (full 4):
 PSYoungGen      total 416768K, used 398970K [0x00000000d5f00000, 0x00000000f9100000, 0x0000000100000000)
  eden space 300544K, 100% used [0x00000000d5f00000,0x00000000e8480000,0x00000000e8480000)
  from space 116224K, 84% used [0x00000000f0380000,0x00000000f639eb70,0x00000000f7500000)
  to   space 130048K, 0% used [0x00000000e8480000,0x00000000e8480000,0x00000000f0380000)
 ParOldGen       total 179712K, used 135853K [0x0000000081c00000, 0x000000008cb80000, 0x00000000d5f00000)
  object space 179712K, 75% used [0x0000000081c00000,0x000000008a0ab5f8,0x000000008cb80000)
 Metaspace       used 46057K, capacity 49936K, committed 50176K, reserved 1091584K
  class space    used 6184K, capacity 7149K, committed 7168K, reserved 1048576K
Event: 36.723 GC heap after
Heap after GC invocations=23 (full 4):
 PSYoungGen      total 430592K, used 122990K [0x00000000d5f00000, 0x00000000f9100000, 0x0000000100000000)
  eden space 300544K, 0% used [0x00000000d5f00000,0x00000000d5f00000,0x00000000e8480000)
  from space 130048K, 94% used [0x00000000e8480000,0x00000000efc9b860,0x00000000f0380000)
  to   space 116224K, 0% used [0x00000000f0380000,0x00000000f0380000,0x00000000f7500000)
 ParOldGen       total 179712K, used 139941K [0x0000000081c00000, 0x000000008cb80000, 0x00000000d5f00000)
  object space 179712K, 77% used [0x0000000081c00000,0x000000008a4a9618,0x000000008cb80000)
 Metaspace       used 46057K, capacity 49936K, committed 50176K, reserved 1091584K
  class space    used 6184K, capacity 7149K, committed 7168K, reserved 1048576K
}

