# JRE version: Java(TM) SE Runtime Environment (8.0_51-b16) (build 1.8.0_51-b16)
# Java VM: Java HotSpot(TM) 64-Bit Server VM (25.51-b03 mixed mode windows-amd64 compressed oops)
Heap:
 PSYoungGen      total 611840K, used 261357K [0x00000000d5f00000, 0x00000000ff880000, 0x0000000100000000)
  eden space 542208K, 46% used [0x00000000d5f00000,0x00000000e55b7dc0,0x00000000f7080000)
  from space 69632K, 12% used [0x00000000f7080000,0x00000000f7903940,0x00000000fb480000)
  to   space 68608K, 0% used [0x00000000fb580000,0x00000000fb580000,0x00000000ff880000)
 ParOldGen       total 322048K, used 293330K [0x0000000081c00000, 0x0000000095680000, 0x00000000d5f00000)
  object space 322048K, 91% used [0x0000000081c00000,0x0000000093a74830,0x0000000095680000)
 Metaspace       used 78257K, capacity 86402K, committed 86528K, reserved 1120256K
  class space    used 12489K, capacity 15096K, committed 15104K, reserved 1048576K
GC Heap History (10 events):
Event: 66.949 GC heap before
{Heap before GC invocations=105 (full 6):
 PSYoungGen      total 609792K, used 537005K [0x00000000d5f00000, 0x0000000100000000, 0x0000000100000000)
  eden space 532992K, 100% used [0x00000000d5f00000,0x00000000f6780000,0x00000000f6780000)
  from space 76800K, 5% used [0x00000000fb300000,0x00000000fb6eb548,0x00000000ffe00000)
  to   space 77312K, 0% used [0x00000000f6780000,0x00000000f6780000,0x00000000fb300000)
 ParOldGen       total 322048K, used 293290K [0x0000000081c00000, 0x0000000095680000, 0x00000000d5f00000)
  object space 322048K, 91% used [0x0000000081c00000,0x0000000093a6a830,0x0000000095680000)
 Metaspace       used 78034K, capacity 86076K, committed 86272K, reserved 1120256K
  class space    used 12471K, capacity 15075K, committed 15104K, reserved 1048576K
Event: 66.958 GC heap after
Heap after GC invocations=105 (full 6):
 PSYoungGen      total 610304K, used 4942K [0x00000000d5f00000, 0x00000000ffe80000, 0x0000000100000000)
  eden space 532992K, 0% used [0x00000000d5f00000,0x00000000d5f00000,0x00000000f6780000)
  from space 77312K, 6% used [0x00000000f6780000,0x00000000f6c539f0,0x00000000fb300000)
  to   space 76288K, 0% used [0x00000000fb400000,0x00000000fb400000,0x00000000ffe80000)
 ParOldGen       total 322048K, used 293298K [0x0000000081c00000, 0x0000000095680000, 0x00000000d5f00000)
  object space 322048K, 91% used [0x0000000081c00000,0x0000000093a6c830,0x0000000095680000)
 Metaspace       used 78034K, capacity 86076K, committed 86272K, reserved 1120256K
  class space    used 12471K, capacity 15075K, committed 15104K, reserved 1048576K
}
Event: 67.472 GC heap before
{Heap before GC invocations=106 (full 6):
 PSYoungGen      total 610304K, used 537934K [0x00000000d5f00000, 0x00000000ffe80000, 0x0000000100000000)
  eden space 532992K, 100% used [0x00000000d5f00000,0x00000000f6780000,0x00000000f6780000)
  from space 77312K, 6% used [0x00000000f6780000,0x00000000f6c539f0,0x00000000fb300000)
  to   space 76288K, 0% used [0x00000000fb400000,0x00000000fb400000,0x00000000ffe80000)
 ParOldGen       total 322048K, used 293298K [0x0000000081c00000, 0x0000000095680000, 0x00000000d5f00000)
  object space 322048K, 91% used [0x0000000081c00000,0x0000000093a6c830,0x0000000095680000)
 Metaspace       used 78070K, capacity 86150K, committed 86272K, reserved 1120256K
  class space    used 12472K, capacity 15076K, committed 15104K, reserved 1048576K
Event: 67.485 GC heap after
Heap after GC invocations=106 (full 6):
 PSYoungGen      total 609280K, used 6588K [0x00000000d5f00000, 0x00000000ffc00000, 0x0000000100000000)
  eden space 535552K, 0% used [0x00000000d5f00000,0x00000000d5f00000,0x00000000f6a00000)
  from space 73728K, 8% used [0x00000000fb400000,0x00000000fba6f240,0x00000000ffc00000)
  to   space 74752K, 0% used [0x00000000f6a00000,0x00000000f6a00000,0x00000000fb300000)
 ParOldGen       total 322048K, used 293306K [0x0000000081c00000, 0x0000000095680000, 0x00000000d5f00000)
  object space 322048K, 91% used [0x0000000081c00000,0x0000000093a6e830,0x0000000095680000)
 Metaspace       used 78070K, capacity 86150K, committed 86272K, reserved 1120256K
  class space    used 12472K, capacity 15076K, committed 15104K, reserved 1048576K
}
Event: 68.382 GC heap before
{Heap before GC invocations=107 (full 6):
 PSYoungGen      total 609280K, used 542140K [0x00000000d5f00000, 0x00000000ffc00000, 0x0000000100000000)
  eden space 535552K, 100% used [0x00000000d5f00000,0x00000000f6a00000,0x00000000f6a00000)
  from space 73728K, 8% used [0x00000000fb400000,0x00000000fba6f240,0x00000000ffc00000)
  to   space 74752K, 0% used [0x00000000f6a00000,0x00000000f6a00000,0x00000000fb300000)
 ParOldGen       total 322048K, used 293306K [0x0000000081c00000, 0x0000000095680000, 0x00000000d5f00000)
  object space 322048K, 91% used [0x0000000081c00000,0x0000000093a6e830,0x0000000095680000)
 Metaspace       used 78176K, capacity 86244K, committed 86272K, reserved 1120256K
  class space    used 12484K, capacity 15093K, committed 15104K, reserved 1048576K
Event: 68.397 GC heap after
Heap after GC invocations=107 (full 6):
 PSYoungGen      total 610304K, used 9056K [0x00000000d5f00000, 0x00000000ffc00000, 0x0000000100000000)
  eden space 535552K, 0% used [0x00000000d5f00000,0x00000000d5f00000,0x00000000f6a00000)
  from space 74752K, 12% used [0x00000000f6a00000,0x00000000f72d83c0,0x00000000fb300000)
  to   space 72192K, 0% used [0x00000000fb580000,0x00000000fb580000,0x00000000ffc00000)
 ParOldGen       total 322048K, used 293314K [0x0000000081c00000, 0x0000000095680000, 0x00000000d5f00000)
  object space 322048K, 91% used [0x0000000081c00000,0x0000000093a70830,0x0000000095680000)
 Metaspace       used 78176K, capacity 86244K, committed 86272K, reserved 1120256K
  class space    used 12484K, capacity 15093K, committed 15104K, reserved 1048576K
}
Event: 69.104 GC heap before
{Heap before GC invocations=108 (full 6):
 PSYoungGen      total 610304K, used 544608K [0x00000000d5f00000, 0x00000000ffc00000, 0x0000000100000000)
  eden space 535552K, 100% used [0x00000000d5f00000,0x00000000f6a00000,0x00000000f6a00000)
  from space 74752K, 12% used [0x00000000f6a00000,0x00000000f72d83c0,0x00000000fb300000)
  to   space 72192K, 0% used [0x00000000fb580000,0x00000000fb580000,0x00000000ffc00000)
 ParOldGen       total 322048K, used 293314K [0x0000000081c00000, 0x0000000095680000, 0x00000000d5f00000)
  object space 322048K, 91% used [0x0000000081c00000,0x0000000093a70830,0x0000000095680000)
 Metaspace       used 78214K, capacity 86330K, committed 86528K, reserved 1120256K
  class space    used 12489K, capacity 15096K, committed 15104K, reserved 1048576K
Event: 69.119 GC heap after
Heap after GC invocations=108 (full 6):
 PSYoungGen      total 610816K, used 9696K [0x00000000d5f00000, 0x00000000ff880000, 0x0000000100000000)
  eden space 542208K, 0% used [0x00000000d5f00000,0x00000000d5f00000,0x00000000f7080000)
  from space 68608K, 14% used [0x00000000fb580000,0x00000000fbef83b0,0x00000000ff880000)
  to   space 69632K, 0% used [0x00000000f7080000,0x00000000f7080000,0x00000000fb480000)
 ParOldGen       total 322048K, used 293322K [0x0000000081c00000, 0x0000000095680000, 0x00000000d5f00000)
  object space 322048K, 91% used [0x0000000081c00000,0x0000000093a72830,0x0000000095680000)
 Metaspace       used 78214K, capacity 86330K, committed 86528K, reserved 1120256K
  class space    used 12489K, capacity 15096K, committed 15104K, reserved 1048576K
}
Event: 69.851 GC heap before
{Heap before GC invocations=109 (full 6):
 PSYoungGen      total 610816K, used 551904K [0x00000000d5f00000, 0x00000000ff880000, 0x0000000100000000)
  eden space 542208K, 100% used [0x00000000d5f00000,0x00000000f7080000,0x00000000f7080000)
  from space 68608K, 14% used [0x00000000fb580000,0x00000000fbef83b0,0x00000000ff880000)
  to   space 69632K, 0% used [0x00000000f7080000,0x00000000f7080000,0x00000000fb480000)
 ParOldGen       total 322048K, used 293322K [0x0000000081c00000, 0x0000000095680000, 0x00000000d5f00000)
  object space 322048K, 91% used [0x0000000081c00000,0x0000000093a72830,0x0000000095680000)
 Metaspace       used 78245K, capacity 86398K, committed 86528K, reserved 1120256K
  class space    used 12489K, capacity 15096K, committed 15104K, reserved 1048576K
Event: 69.864 GC heap after
Heap after GC invocations=109 (full 6):
 PSYoungGen      total 611840K, used 8718K [0x00000000d5f00000, 0x00000000ff880000, 0x0000000100000000)
  eden space 542208K, 0% used [0x00000000d5f00000,0x00000000d5f00000,0x00000000f7080000)
  from space 69632K, 12% used [0x00000000f7080000,0x00000000f7903940,0x00000000fb480000)
  to   space 68608K, 0% used [0x00000000fb580000,0x00000000fb580000,0x00000000ff880000)
 ParOldGen       total 322048K, used 293330K [0x0000000081c00000, 0x0000000095680000, 0x00000000d5f00000)
  object space 322048K, 91% used [0x0000000081c00000,0x0000000093a74830,0x0000000095680000)
 Metaspace       used 78245K, capacity 86398K, committed 86528K, reserved 1120256K
  class space    used 12489K, capacity 15096K, committed 15104K, reserved 1048576K
}

