# JRE version: Java(TM) SE Runtime Environment (8.0_51-b16) (build 1.8.0_51-b16)
# Java VM: Java HotSpot(TM) 64-Bit Server VM (25.51-b03 mixed mode windows-amd64 compressed oops)
Heap:
 PSYoungGen      total 457728K, used 89036K [0x00000000d5f00000, 0x00000000f8800000, 0x0000000100000000)
  eden space 371712K, 11% used [0x00000000d5f00000,0x00000000d87a9bf8,0x00000000eca00000)
  from space 86016K, 55% used [0x00000000f3400000,0x00000000f6249760,0x00000000f8800000)
  to   space 76288K, 0% used [0x00000000eca00000,0x00000000eca00000,0x00000000f1480000)
 ParOldGen       total 819712K, used 790554K [0x0000000081c00000, 0x00000000b3c80000, 0x00000000d5f00000)
  object space 819712K, 96% used [0x0000000081c00000,0x00000000b2006b30,0x00000000b3c80000)
 Metaspace       used 100242K, capacity 113708K, committed 113920K, reserved 1144832K
  class space    used 15231K, capacity 18652K, committed 18688K, reserved 1048576K
GC Heap History (10 events):
Event: 2262.542 GC heap before
{Heap before GC invocations=351 (full 7):
 PSYoungGen      total 448000K, used 433436K [0x00000000d5f00000, 0x00000000f8800000, 0x0000000100000000)
  eden space 371712K, 100% used [0x00000000d5f00000,0x00000000eca00000,0x00000000eca00000)
  from space 76288K, 80% used [0x00000000eca00000,0x00000000f06471b0,0x00000000f1480000)
  to   space 86016K, 0% used [0x00000000f3400000,0x00000000f3400000,0x00000000f8800000)
 ParOldGen       total 819712K, used 787221K [0x0000000081c00000, 0x00000000b3c80000, 0x00000000d5f00000)
  object space 819712K, 96% used [0x0000000081c00000,0x00000000b1cc5528,0x00000000b3c80000)
 Metaspace       used 100242K, capacity 113708K, committed 113920K, reserved 1144832K
  class space    used 15231K, capacity 18652K, committed 18688K, reserved 1048576K
Event: 2262.563 GC heap after
Heap after GC invocations=351 (full 7):
 PSYoungGen      total 457728K, used 58760K [0x00000000d5f00000, 0x00000000f8800000, 0x0000000100000000)
  eden space 371712K, 0% used [0x00000000d5f00000,0x00000000d5f00000,0x00000000eca00000)
  from space 86016K, 68% used [0x00000000f3400000,0x00000000f6d621f0,0x00000000f8800000)
  to   space 76288K, 0% used [0x00000000eca00000,0x00000000eca00000,0x00000000f1480000)
 ParOldGen       total 819712K, used 787221K [0x0000000081c00000, 0x00000000b3c80000, 0x00000000d5f00000)
  object space 819712K, 96% used [0x0000000081c00000,0x00000000b1cc5528,0x00000000b3c80000)
 Metaspace       used 100242K, capacity 113708K, committed 113920K, reserved 1144832K
  class space    used 15231K, capacity 18652K, committed 18688K, reserved 1048576K
}
Event: 2263.596 GC heap before
{Heap before GC invocations=352 (full 7):
 PSYoungGen      total 457728K, used 430472K [0x00000000d5f00000, 0x00000000f8800000, 0x0000000100000000)
  eden space 371712K, 100% used [0x00000000d5f00000,0x00000000eca00000,0x00000000eca00000)
  from space 86016K, 68% used [0x00000000f3400000,0x00000000f6d621f0,0x00000000f8800000)
  to   space 76288K, 0% used [0x00000000eca00000,0x00000000eca00000,0x00000000f1480000)
 ParOldGen       total 819712K, used 787241K [0x0000000081c00000, 0x00000000b3c80000, 0x00000000d5f00000)
  object space 819712K, 96% used [0x0000000081c00000,0x00000000b1cca458,0x00000000b3c80000)
 Metaspace       used 100242K, capacity 113708K, committed 113920K, reserved 1144832K
  class space    used 15231K, capacity 18652K, committed 18688K, reserved 1048576K
Event: 2263.616 GC heap after
Heap after GC invocations=352 (full 7):
 PSYoungGen      total 448000K, used 56092K [0x00000000d5f00000, 0x00000000f8800000, 0x0000000100000000)
  eden space 371712K, 0% used [0x00000000d5f00000,0x00000000d5f00000,0x00000000eca00000)
  from space 76288K, 73% used [0x00000000eca00000,0x00000000f00c7280,0x00000000f1480000)
  to   space 86016K, 0% used [0x00000000f3400000,0x00000000f3400000,0x00000000f8800000)
 ParOldGen       total 819712K, used 787265K [0x0000000081c00000, 0x00000000b3c80000, 0x00000000d5f00000)
  object space 819712K, 96% used [0x0000000081c00000,0x00000000b1cd0458,0x00000000b3c80000)
 Metaspace       used 100242K, capacity 113708K, committed 113920K, reserved 1144832K
  class space    used 15231K, capacity 18652K, committed 18688K, reserved 1048576K
}
Event: 2264.720 GC heap before
{Heap before GC invocations=353 (full 7):
 PSYoungGen      total 448000K, used 427804K [0x00000000d5f00000, 0x00000000f8800000, 0x0000000100000000)
  eden space 371712K, 100% used [0x00000000d5f00000,0x00000000eca00000,0x00000000eca00000)
  from space 76288K, 73% used [0x00000000eca00000,0x00000000f00c7280,0x00000000f1480000)
  to   space 86016K, 0% used [0x00000000f3400000,0x00000000f3400000,0x00000000f8800000)
 ParOldGen       total 819712K, used 787267K [0x0000000081c00000, 0x00000000b3c80000, 0x00000000d5f00000)
  object space 819712K, 96% used [0x0000000081c00000,0x00000000b1cd0d68,0x00000000b3c80000)
 Metaspace       used 100242K, capacity 113708K, committed 113920K, reserved 1144832K
  class space    used 15231K, capacity 18652K, committed 18688K, reserved 1048576K
Event: 2264.741 GC heap after
Heap after GC invocations=353 (full 7):
 PSYoungGen      total 457728K, used 53248K [0x00000000d5f00000, 0x00000000f8800000, 0x0000000100000000)
  eden space 371712K, 0% used [0x00000000d5f00000,0x00000000d5f00000,0x00000000eca00000)
  from space 86016K, 61% used [0x00000000f3400000,0x00000000f68000c0,0x00000000f8800000)
  to   space 76288K, 0% used [0x00000000eca00000,0x00000000eca00000,0x00000000f1480000)
 ParOldGen       total 819712K, used 787291K [0x0000000081c00000, 0x00000000b3c80000, 0x00000000d5f00000)
  object space 819712K, 96% used [0x0000000081c00000,0x00000000b1cd6d68,0x00000000b3c80000)
 Metaspace       used 100242K, capacity 113708K, committed 113920K, reserved 1144832K
  class space    used 15231K, capacity 18652K, committed 18688K, reserved 1048576K
}
Event: 2265.855 GC heap before
{Heap before GC invocations=354 (full 7):
 PSYoungGen      total 457728K, used 424960K [0x00000000d5f00000, 0x00000000f8800000, 0x0000000100000000)
  eden space 371712K, 100% used [0x00000000d5f00000,0x00000000eca00000,0x00000000eca00000)
  from space 86016K, 61% used [0x00000000f3400000,0x00000000f68000c0,0x00000000f8800000)
  to   space 76288K, 0% used [0x00000000eca00000,0x00000000eca00000,0x00000000f1480000)
 ParOldGen       total 819712K, used 790396K [0x0000000081c00000, 0x00000000b3c80000, 0x00000000d5f00000)
  object space 819712K, 96% used [0x0000000081c00000,0x00000000b1fdf000,0x00000000b3c80000)
 Metaspace       used 100242K, capacity 113708K, committed 113920K, reserved 1144832K
  class space    used 15231K, capacity 18652K, committed 18688K, reserved 1048576K
Event: 2265.874 GC heap after
Heap after GC invocations=354 (full 7):
 PSYoungGen      total 448000K, used 50051K [0x00000000d5f00000, 0x00000000f8800000, 0x0000000100000000)
  eden space 371712K, 0% used [0x00000000d5f00000,0x00000000d5f00000,0x00000000eca00000)
  from space 76288K, 65% used [0x00000000eca00000,0x00000000efae0c10,0x00000000f1480000)
  to   space 86016K, 0% used [0x00000000f3400000,0x00000000f3400000,0x00000000f8800000)
 ParOldGen       total 819712K, used 790420K [0x0000000081c00000, 0x00000000b3c80000, 0x00000000d5f00000)
  object space 819712K, 96% used [0x0000000081c00000,0x00000000b1fe5000,0x00000000b3c80000)
 Metaspace       used 100242K, capacity 113708K, committed 113920K, reserved 1144832K
  class space    used 15231K, capacity 18652K, committed 18688K, reserved 1048576K
}
Event: 2266.834 GC heap before
{Heap before GC invocations=355 (full 7):
 PSYoungGen      total 448000K, used 421763K [0x00000000d5f00000, 0x00000000f8800000, 0x0000000100000000)
  eden space 371712K, 100% used [0x00000000d5f00000,0x00000000eca00000,0x00000000eca00000)
  from space 76288K, 65% used [0x00000000eca00000,0x00000000efae0c10,0x00000000f1480000)
  to   space 86016K, 0% used [0x00000000f3400000,0x00000000f3400000,0x00000000f8800000)
 ParOldGen       total 819712K, used 790530K [0x0000000081c00000, 0x00000000b3c80000, 0x00000000d5f00000)
  object space 819712K, 96% used [0x0000000081c00000,0x00000000b2000b30,0x00000000b3c80000)
 Metaspace       used 100242K, capacity 113708K, committed 113920K, reserved 1144832K
  class space    used 15231K, capacity 18652K, committed 18688K, reserved 1048576K
Event: 2266.852 GC heap after
Heap after GC invocations=355 (full 7):
 PSYoungGen      total 457728K, used 47397K [0x00000000d5f00000, 0x00000000f8800000, 0x0000000100000000)
  eden space 371712K, 0% used [0x00000000d5f00000,0x00000000d5f00000,0x00000000eca00000)
  from space 86016K, 55% used [0x00000000f3400000,0x00000000f6249760,0x00000000f8800000)
  to   space 76288K, 0% used [0x00000000eca00000,0x00000000eca00000,0x00000000f1480000)
 ParOldGen       total 819712K, used 790554K [0x0000000081c00000, 0x00000000b3c80000, 0x00000000d5f00000)
  object space 819712K, 96% used [0x0000000081c00000,0x00000000b2006b30,0x00000000b3c80000)
 Metaspace       used 100242K, capacity 113708K, committed 113920K, reserved 1144832K
  class space    used 15231K, capacity 18652K, committed 18688K, reserved 1048576K
}

