# JRE version: Java(TM) SE Runtime Environment (8.0_51-b16) (build 1.8.0_51-b16)
# Java VM: Java HotSpot(TM) 64-Bit Server VM (25.51-b03 mixed mode windows-amd64 compressed oops)
Heap:
 PSYoungGen      total 311808K, used 20744K [0x00000000d5f00000, 0x00000000f8a00000, 0x0000000100000000)
  eden space 251392K, 8% used [0x00000000d5f00000,0x00000000d73423f0,0x00000000e5480000)
  from space 60416K, 0% used [0x00000000e5480000,0x00000000e5480000,0x00000000e8f80000)
  to   space 92672K, 0% used [0x00000000f2f80000,0x00000000f2f80000,0x00000000f8a00000)
 ParOldGen       total 137216K, used 129551K [0x0000000081c00000, 0x000000008a200000, 0x00000000d5f00000)
  object space 137216K, 94% used [0x0000000081c00000,0x0000000089a83c88,0x000000008a200000)
 Metaspace       used 41192K, capacity 43685K, committed 43904K, reserved 1087488K
  class space    used 5407K, capacity 6145K, committed 6272K, reserved 1048576K
GC Heap History (10 events):
Event: 38.712 GC heap before
{Heap before GC invocations=17 (full 2):
 PSYoungGen      total 305152K, used 299953K [0x00000000d5f00000, 0x00000000ed280000, 0x0000000100000000)
  eden space 251392K, 100% used [0x00000000d5f00000,0x00000000e5480000,0x00000000e5480000)
  from space 53760K, 90% used [0x00000000e8f80000,0x00000000ebeec668,0x00000000ec400000)
  to   space 60416K, 0% used [0x00000000e5480000,0x00000000e5480000,0x00000000e8f80000)
 ParOldGen       total 137216K, used 68281K [0x0000000081c00000, 0x000000008a200000, 0x00000000d5f00000)
  object space 137216K, 49% used [0x0000000081c00000,0x0000000085eae628,0x000000008a200000)
 Metaspace       used 37342K, capacity 39481K, committed 39680K, reserved 1083392K
  class space    used 4639K, capacity 5310K, committed 5376K, reserved 1048576K
Event: 39.094 GC heap after
Heap after GC invocations=17 (full 2):
 PSYoungGen      total 311808K, used 60388K [0x00000000d5f00000, 0x00000000f8a00000, 0x0000000100000000)
  eden space 251392K, 0% used [0x00000000d5f00000,0x00000000d5f00000,0x00000000e5480000)
  from space 60416K, 99% used [0x00000000e5480000,0x00000000e8f790b8,0x00000000e8f80000)
  to   space 92672K, 0% used [0x00000000f2f80000,0x00000000f2f80000,0x00000000f8a00000)
 ParOldGen       total 137216K, used 130284K [0x0000000081c00000, 0x000000008a200000, 0x00000000d5f00000)
  object space 137216K, 94% used [0x0000000081c00000,0x0000000089b3b0b0,0x000000008a200000)
 Metaspace       used 37342K, capacity 39481K, committed 39680K, reserved 1083392K
  class space    used 4639K, capacity 5310K, committed 5376K, reserved 1048576K
}
Event: 39.094 GC heap before
{Heap before GC invocations=18 (full 3):
 PSYoungGen      total 311808K, used 60388K [0x00000000d5f00000, 0x00000000f8a00000, 0x0000000100000000)
  eden space 251392K, 0% used [0x00000000d5f00000,0x00000000d5f00000,0x00000000e5480000)
  from space 60416K, 99% used [0x00000000e5480000,0x00000000e8f790b8,0x00000000e8f80000)
  to   space 92672K, 0% used [0x00000000f2f80000,0x00000000f2f80000,0x00000000f8a00000)
 ParOldGen       total 137216K, used 130284K [0x0000000081c00000, 0x000000008a200000, 0x00000000d5f00000)
  object space 137216K, 94% used [0x0000000081c00000,0x0000000089b3b0b0,0x000000008a200000)
 Metaspace       used 37342K, capacity 39481K, committed 39680K, reserved 1083392K
  class space    used 4639K, capacity 5310K, committed 5376K, reserved 1048576K
Event: 39.987 GC heap after
Heap after GC invocations=18 (full 3):
 PSYoungGen      total 311808K, used 20926K [0x00000000d5f00000, 0x00000000f8a00000, 0x0000000100000000)
  eden space 251392K, 0% used [0x00000000d5f00000,0x00000000d5f00000,0x00000000e5480000)
  from space 60416K, 34% used [0x00000000e5480000,0x00000000e68efa50,0x00000000e8f80000)
  to   space 92672K, 0% used [0x00000000f2f80000,0x00000000f2f80000,0x00000000f8a00000)
 ParOldGen       total 137216K, used 137095K [0x0000000081c00000, 0x000000008a200000, 0x00000000d5f00000)
  object space 137216K, 99% used [0x0000000081c00000,0x000000008a1e1d98,0x000000008a200000)
 Metaspace       used 37342K, capacity 39481K, committed 39680K, reserved 1083392K
  class space    used 4639K, capacity 5310K, committed 5376K, reserved 1048576K
}
Event: 43.675 GC heap before
{Heap before GC invocations=19 (full 4):
 PSYoungGen      total 311808K, used 272318K [0x00000000d5f00000, 0x00000000f8a00000, 0x0000000100000000)
  eden space 251392K, 100% used [0x00000000d5f00000,0x00000000e5480000,0x00000000e5480000)
  from space 60416K, 34% used [0x00000000e5480000,0x00000000e68efa50,0x00000000e8f80000)
  to   space 92672K, 0% used [0x00000000f2f80000,0x00000000f2f80000,0x00000000f8a00000)
 ParOldGen       total 137216K, used 137095K [0x0000000081c00000, 0x000000008a200000, 0x00000000d5f00000)
  object space 137216K, 99% used [0x0000000081c00000,0x000000008a1e1d98,0x000000008a200000)
 Metaspace       used 38364K, capacity 40581K, committed 40704K, reserved 1085440K
  class space    used 4926K, capacity 5605K, committed 5632K, reserved 1048576K
Event: 44.425 GC heap after
Heap after GC invocations=19 (full 4):
 PSYoungGen      total 311808K, used 27057K [0x00000000d5f00000, 0x00000000f8a00000, 0x0000000100000000)
  eden space 251392K, 10% used [0x00000000d5f00000,0x00000000d796c720,0x00000000e5480000)
  from space 60416K, 0% used [0x00000000e5480000,0x00000000e5480000,0x00000000e8f80000)
  to   space 92672K, 0% used [0x00000000f2f80000,0x00000000f2f80000,0x00000000f8a00000)
 ParOldGen       total 137216K, used 137134K [0x0000000081c00000, 0x000000008a200000, 0x00000000d5f00000)
  object space 137216K, 99% used [0x0000000081c00000,0x000000008a1eb920,0x000000008a200000)
 Metaspace       used 38364K, capacity 40581K, committed 40704K, reserved 1085440K
  class space    used 4926K, capacity 5605K, committed 5632K, reserved 1048576K
}
Event: 46.800 GC heap before
{Heap before GC invocations=20 (full 5):
 PSYoungGen      total 311808K, used 251392K [0x00000000d5f00000, 0x00000000f8a00000, 0x0000000100000000)
  eden space 251392K, 100% used [0x00000000d5f00000,0x00000000e5480000,0x00000000e5480000)
  from space 60416K, 0% used [0x00000000e5480000,0x00000000e5480000,0x00000000e8f80000)
  to   space 92672K, 0% used [0x00000000f2f80000,0x00000000f2f80000,0x00000000f8a00000)
 ParOldGen       total 137216K, used 137134K [0x0000000081c00000, 0x000000008a200000, 0x00000000d5f00000)
  object space 137216K, 99% used [0x0000000081c00000,0x000000008a1eb920,0x000000008a200000)
 Metaspace       used 39713K, capacity 42071K, committed 42368K, reserved 1085440K
  class space    used 5177K, capacity 5912K, committed 6016K, reserved 1048576K
Event: 47.500 GC heap after
Heap after GC invocations=20 (full 5):
 PSYoungGen      total 311808K, used 19369K [0x00000000d5f00000, 0x00000000f8a00000, 0x0000000100000000)
  eden space 251392K, 7% used [0x00000000d5f00000,0x00000000d71ea520,0x00000000e5480000)
  from space 60416K, 0% used [0x00000000e5480000,0x00000000e5480000,0x00000000e8f80000)
  to   space 92672K, 0% used [0x00000000f2f80000,0x00000000f2f80000,0x00000000f8a00000)
 ParOldGen       total 137216K, used 137109K [0x0000000081c00000, 0x000000008a200000, 0x00000000d5f00000)
  object space 137216K, 99% used [0x0000000081c00000,0x000000008a1e5798,0x000000008a200000)
 Metaspace       used 39713K, capacity 42071K, committed 42368K, reserved 1085440K
  class space    used 5177K, capacity 5912K, committed 6016K, reserved 1048576K
}
Event: 50.861 GC heap before
{Heap before GC invocations=21 (full 6):
 PSYoungGen      total 311808K, used 251392K [0x00000000d5f00000, 0x00000000f8a00000, 0x0000000100000000)
  eden space 251392K, 100% used [0x00000000d5f00000,0x00000000e5480000,0x00000000e5480000)
  from space 60416K, 0% used [0x00000000e5480000,0x00000000e5480000,0x00000000e8f80000)
  to   space 92672K, 0% used [0x00000000f2f80000,0x00000000f2f80000,0x00000000f8a00000)
 ParOldGen       total 137216K, used 137109K [0x0000000081c00000, 0x000000008a200000, 0x00000000d5f00000)
  object space 137216K, 99% used [0x0000000081c00000,0x000000008a1e5798,0x000000008a200000)
 Metaspace       used 41106K, capacity 43617K, committed 43776K, reserved 1087488K
  class space    used 5392K, capacity 6143K, committed 6144K, reserved 1048576K
Event: 51.556 GC heap after
Heap after GC invocations=21 (full 6):
 PSYoungGen      total 311808K, used 0K [0x00000000d5f00000, 0x00000000f8a00000, 0x0000000100000000)
  eden space 251392K, 0% used [0x00000000d5f00000,0x00000000d5f00000,0x00000000e5480000)
  from space 60416K, 0% used [0x00000000e5480000,0x00000000e5480000,0x00000000e8f80000)
  to   space 92672K, 0% used [0x00000000f2f80000,0x00000000f2f80000,0x00000000f8a00000)
 ParOldGen       total 137216K, used 129551K [0x0000000081c00000, 0x000000008a200000, 0x00000000d5f00000)
  object space 137216K, 94% used [0x0000000081c00000,0x0000000089a83c88,0x000000008a200000)
 Metaspace       used 41106K, capacity 43617K, committed 43776K, reserved 1087488K
  class space    used 5392K, capacity 6143K, committed 6144K, reserved 1048576K
}

