# JRE version: Java(TM) SE Runtime Environment (8.0_51-b16) (build 1.8.0_51-b16)
# Java VM: Java HotSpot(TM) 64-Bit Server VM (25.51-b03 mixed mode windows-amd64 compressed oops)
Heap:
 PSYoungGen      total 613376K, used 492556K [0x00000000d5f00000, 0x00000000ffd80000, 0x0000000100000000)
  eden space 542208K, 89% used [0x00000000d5f00000,0x00000000f375c618,0x00000000f7080000)
  from space 71168K, 12% used [0x00000000fb800000,0x00000000fc0a6b78,0x00000000ffd80000)
  to   space 72192K, 0% used [0x00000000f7080000,0x00000000f7080000,0x00000000fb700000)
 ParOldGen       total 282624K, used 216340K [0x0000000081c00000, 0x0000000093000000, 0x00000000d5f00000)
  object space 282624K, 76% used [0x0000000081c00000,0x000000008ef45268,0x0000000093000000)
 Metaspace       used 66836K, capacity 73102K, committed 73344K, reserved 1110016K
  class space    used 10273K, capacity 12108K, committed 12160K, reserved 1048576K
GC Heap History (10 events):
Event: 71.159 GC heap before
{Heap before GC invocations=77 (full 5):
 PSYoungGen      total 617472K, used 574451K [0x00000000d5f00000, 0x0000000100000000, 0x0000000100000000)
  eden space 549888K, 100% used [0x00000000d5f00000,0x00000000f7800000,0x00000000f7800000)
  from space 67584K, 36% used [0x00000000f7800000,0x00000000f8ffce10,0x00000000fba00000)
  to   space 67584K, 0% used [0x00000000fbe00000,0x00000000fbe00000,0x0000000100000000)
 ParOldGen       total 282624K, used 212275K [0x0000000081c00000, 0x0000000093000000, 0x00000000d5f00000)
  object space 282624K, 75% used [0x0000000081c00000,0x000000008eb4ce38,0x0000000093000000)
 Metaspace       used 66622K, capacity 72746K, committed 72832K, reserved 1110016K
  class space    used 10239K, capacity 12076K, committed 12160K, reserved 1048576K
Event: 71.170 GC heap after
Heap after GC invocations=77 (full 5):
 PSYoungGen      total 614400K, used 1472K [0x00000000d5f00000, 0x0000000100000000, 0x0000000100000000)
  eden space 546816K, 0% used [0x00000000d5f00000,0x00000000d5f00000,0x00000000f7500000)
  from space 67584K, 2% used [0x00000000fbe00000,0x00000000fbf70000,0x0000000100000000)
  to   space 71168K, 0% used [0x00000000f7500000,0x00000000f7500000,0x00000000fba80000)
 ParOldGen       total 282624K, used 213451K [0x0000000081c00000, 0x0000000093000000, 0x00000000d5f00000)
  object space 282624K, 75% used [0x0000000081c00000,0x000000008ec72e38,0x0000000093000000)
 Metaspace       used 66622K, capacity 72746K, committed 72832K, reserved 1110016K
  class space    used 10239K, capacity 12076K, committed 12160K, reserved 1048576K
}
Event: 71.938 GC heap before
{Heap before GC invocations=78 (full 5):
 PSYoungGen      total 614400K, used 548288K [0x00000000d5f00000, 0x0000000100000000, 0x0000000100000000)
  eden space 546816K, 100% used [0x00000000d5f00000,0x00000000f7500000,0x00000000f7500000)
  from space 67584K, 2% used [0x00000000fbe00000,0x00000000fbf70000,0x0000000100000000)
  to   space 71168K, 0% used [0x00000000f7500000,0x00000000f7500000,0x00000000fba80000)
 ParOldGen       total 282624K, used 214038K [0x0000000081c00000, 0x0000000093000000, 0x00000000d5f00000)
  object space 282624K, 75% used [0x0000000081c00000,0x000000008ed05a70,0x0000000093000000)
 Metaspace       used 66634K, capacity 72834K, committed 73088K, reserved 1110016K
  class space    used 10239K, capacity 12076K, committed 12160K, reserved 1048576K
Event: 71.951 GC heap after
Heap after GC invocations=78 (full 5):
 PSYoungGen      total 550912K, used 3968K [0x00000000d5f00000, 0x0000000100000000, 0x0000000100000000)
  eden space 546816K, 0% used [0x00000000d5f00000,0x00000000d5f00000,0x00000000f7500000)
  from space 4096K, 96% used [0x00000000f7500000,0x00000000f78e0000,0x00000000f7900000)
  to   space 73216K, 0% used [0x00000000fb880000,0x00000000fb880000,0x0000000100000000)
 ParOldGen       total 282624K, used 215470K [0x0000000081c00000, 0x0000000093000000, 0x00000000d5f00000)
  object space 282624K, 76% used [0x0000000081c00000,0x000000008ee6ba70,0x0000000093000000)
 Metaspace       used 66634K, capacity 72834K, committed 73088K, reserved 1110016K
  class space    used 10239K, capacity 12076K, committed 12160K, reserved 1048576K
}
Event: 72.666 GC heap before
{Heap before GC invocations=79 (full 5):
 PSYoungGen      total 550912K, used 550784K [0x00000000d5f00000, 0x0000000100000000, 0x0000000100000000)
  eden space 546816K, 100% used [0x00000000d5f00000,0x00000000f7500000,0x00000000f7500000)
  from space 4096K, 96% used [0x00000000f7500000,0x00000000f78e0000,0x00000000f7900000)
  to   space 73216K, 0% used [0x00000000fb880000,0x00000000fb880000,0x0000000100000000)
 ParOldGen       total 282624K, used 216339K [0x0000000081c00000, 0x0000000093000000, 0x00000000d5f00000)
  object space 282624K, 76% used [0x0000000081c00000,0x000000008ef44fa0,0x0000000093000000)
 Metaspace       used 66651K, capacity 72858K, committed 73088K, reserved 1110016K
  class space    used 10239K, capacity 12076K, committed 12160K, reserved 1048576K
Event: 72.678 GC heap after
Heap after GC invocations=79 (full 5):
 PSYoungGen      total 614912K, used 5376K [0x00000000d5f00000, 0x0000000100000000, 0x0000000100000000)
  eden space 541696K, 0% used [0x00000000d5f00000,0x00000000d5f00000,0x00000000f7000000)
  from space 73216K, 7% used [0x00000000fb880000,0x00000000fbdc0000,0x0000000100000000)
  to   space 73728K, 0% used [0x00000000f7000000,0x00000000f7000000,0x00000000fb800000)
 ParOldGen       total 282624K, used 216339K [0x0000000081c00000, 0x0000000093000000, 0x00000000d5f00000)
  object space 282624K, 76% used [0x0000000081c00000,0x000000008ef44fa0,0x0000000093000000)
 Metaspace       used 66651K, capacity 72858K, committed 73088K, reserved 1110016K
  class space    used 10239K, capacity 12076K, committed 12160K, reserved 1048576K
}
Event: 73.445 GC heap before
{Heap before GC invocations=80 (full 5):
 PSYoungGen      total 614912K, used 547072K [0x00000000d5f00000, 0x0000000100000000, 0x0000000100000000)
  eden space 541696K, 100% used [0x00000000d5f00000,0x00000000f7000000,0x00000000f7000000)
  from space 73216K, 7% used [0x00000000fb880000,0x00000000fbdc0000,0x0000000100000000)
  to   space 73728K, 0% used [0x00000000f7000000,0x00000000f7000000,0x00000000fb800000)
 ParOldGen       total 282624K, used 216340K [0x0000000081c00000, 0x0000000093000000, 0x00000000d5f00000)
  object space 282624K, 76% used [0x0000000081c00000,0x000000008ef45268,0x0000000093000000)
 Metaspace       used 66665K, capacity 72890K, committed 73088K, reserved 1110016K
  class space    used 10239K, capacity 12076K, committed 12160K, reserved 1048576K
Event: 73.457 GC heap after
Heap after GC invocations=80 (full 5):
 PSYoungGen      total 615424K, used 5664K [0x00000000d5f00000, 0x00000000fff80000, 0x0000000100000000)
  eden space 541696K, 0% used [0x00000000d5f00000,0x00000000d5f00000,0x00000000f7000000)
  from space 73728K, 7% used [0x00000000f7000000,0x00000000f7588000,0x00000000fb800000)
  to   space 73216K, 0% used [0x00000000fb800000,0x00000000fb800000,0x00000000fff80000)
 ParOldGen       total 282624K, used 216340K [0x0000000081c00000, 0x0000000093000000, 0x00000000d5f00000)
  object space 282624K, 76% used [0x0000000081c00000,0x000000008ef45268,0x0000000093000000)
 Metaspace       used 66665K, capacity 72890K, committed 73088K, reserved 1110016K
  class space    used 10239K, capacity 12076K, committed 12160K, reserved 1048576K
}
Event: 74.304 GC heap before
{Heap before GC invocations=81 (full 5):
 PSYoungGen      total 615424K, used 547360K [0x00000000d5f00000, 0x00000000fff80000, 0x0000000100000000)
  eden space 541696K, 100% used [0x00000000d5f00000,0x00000000f7000000,0x00000000f7000000)
  from space 73728K, 7% used [0x00000000f7000000,0x00000000f7588000,0x00000000fb800000)
  to   space 73216K, 0% used [0x00000000fb800000,0x00000000fb800000,0x00000000fff80000)
 ParOldGen       total 282624K, used 216340K [0x0000000081c00000, 0x0000000093000000, 0x00000000d5f00000)
  object space 282624K, 76% used [0x0000000081c00000,0x000000008ef45268,0x0000000093000000)
 Metaspace       used 66687K, capacity 72914K, committed 73088K, reserved 1110016K
  class space    used 10241K, capacity 12076K, committed 12160K, reserved 1048576K
Event: 74.323 GC heap after
Heap after GC invocations=81 (full 5):
 PSYoungGen      total 613376K, used 8858K [0x00000000d5f00000, 0x00000000ffd80000, 0x0000000100000000)
  eden space 542208K, 0% used [0x00000000d5f00000,0x00000000d5f00000,0x00000000f7080000)
  from space 71168K, 12% used [0x00000000fb800000,0x00000000fc0a6b78,0x00000000ffd80000)
  to   space 72192K, 0% used [0x00000000f7080000,0x00000000f7080000,0x00000000fb700000)
 ParOldGen       total 282624K, used 216340K [0x0000000081c00000, 0x0000000093000000, 0x00000000d5f00000)
  object space 282624K, 76% used [0x0000000081c00000,0x000000008ef45268,0x0000000093000000)
 Metaspace       used 66687K, capacity 72914K, committed 73088K, reserved 1110016K
  class space    used 10241K, capacity 12076K, committed 12160K, reserved 1048576K
}

