# JRE version: Java(TM) SE Runtime Environment (8.0_51-b16) (build 1.8.0_51-b16)
# Java VM: Java HotSpot(TM) 64-Bit Server VM (25.51-b03 mixed mode windows-amd64 compressed oops)
Heap:
 PSYoungGen      total 295424K, used 109829K [0x00000000d5f00000, 0x00000000ee800000, 0x0000000100000000)
  eden space 207360K, 52% used [0x00000000d5f00000,0x00000000dca41770,0x00000000e2980000)
  from space 88064K, 0% used [0x00000000e2980000,0x00000000e2980000,0x00000000e7f80000)
  to   space 70144K, 0% used [0x00000000e7f80000,0x00000000e7f80000,0x00000000ec400000)
 ParOldGen       total 174080K, used 96964K [0x0000000081c00000, 0x000000008c600000, 0x00000000d5f00000)
  object space 174080K, 55% used [0x0000000081c00000,0x0000000087ab1340,0x000000008c600000)
 Metaspace       used 41259K, capacity 43645K, committed 43904K, reserved 1087488K
  class space    used 5416K, capacity 6179K, committed 6272K, reserved 1048576K
GC Heap History (10 events):
Event: 19.254 GC heap before
{Heap before GC invocations=16 (full 2):
 PSYoungGen      total 295424K, used 295408K [0x00000000d5f00000, 0x00000000ee800000, 0x0000000100000000)
  eden space 207360K, 100% used [0x00000000d5f00000,0x00000000e2980000,0x00000000e2980000)
  from space 88064K, 99% used [0x00000000e2980000,0x00000000e7f7c098,0x00000000e7f80000)
  to   space 70144K, 0% used [0x00000000e7f80000,0x00000000e7f80000,0x00000000ec400000)
 ParOldGen       total 150528K, used 106749K [0x0000000081c00000, 0x000000008af00000, 0x00000000d5f00000)
  object space 150528K, 70% used [0x0000000081c00000,0x000000008843f460,0x000000008af00000)
 Metaspace       used 38235K, capacity 40397K, committed 40704K, reserved 1085440K
  class space    used 4897K, capacity 5573K, committed 5632K, reserved 1048576K
Event: 19.396 GC heap after
Heap after GC invocations=16 (full 2):
 PSYoungGen      total 277504K, used 70119K [0x00000000d5f00000, 0x00000000ee800000, 0x0000000100000000)
  eden space 207360K, 0% used [0x00000000d5f00000,0x00000000d5f00000,0x00000000e2980000)
  from space 70144K, 99% used [0x00000000e7f80000,0x00000000ec3f9e58,0x00000000ec400000)
  to   space 88064K, 0% used [0x00000000e2980000,0x00000000e2980000,0x00000000e7f80000)
 ParOldGen       total 150528K, used 119488K [0x0000000081c00000, 0x000000008af00000, 0x00000000d5f00000)
  object space 150528K, 79% used [0x0000000081c00000,0x00000000890b00b8,0x000000008af00000)
 Metaspace       used 38235K, capacity 40397K, committed 40704K, reserved 1085440K
  class space    used 4897K, capacity 5573K, committed 5632K, reserved 1048576K
}
Event: 20.742 GC heap before
{Heap before GC invocations=17 (full 2):
 PSYoungGen      total 277504K, used 277479K [0x00000000d5f00000, 0x00000000ee800000, 0x0000000100000000)
  eden space 207360K, 100% used [0x00000000d5f00000,0x00000000e2980000,0x00000000e2980000)
  from space 70144K, 99% used [0x00000000e7f80000,0x00000000ec3f9e58,0x00000000ec400000)
  to   space 88064K, 0% used [0x00000000e2980000,0x00000000e2980000,0x00000000e7f80000)
 ParOldGen       total 150528K, used 119488K [0x0000000081c00000, 0x000000008af00000, 0x00000000d5f00000)
  object space 150528K, 79% used [0x0000000081c00000,0x00000000890b00b8,0x000000008af00000)
 Metaspace       used 39193K, capacity 41425K, committed 41728K, reserved 1085440K
  class space    used 5097K, capacity 5765K, committed 5888K, reserved 1048576K
Event: 20.867 GC heap after
Heap after GC invocations=17 (full 2):
 PSYoungGen      total 295424K, used 73606K [0x00000000d5f00000, 0x00000000ee800000, 0x0000000100000000)
  eden space 207360K, 0% used [0x00000000d5f00000,0x00000000d5f00000,0x00000000e2980000)
  from space 88064K, 83% used [0x00000000e2980000,0x00000000e7161a58,0x00000000e7f80000)
  to   space 70144K, 0% used [0x00000000e7f80000,0x00000000e7f80000,0x00000000ec400000)
 ParOldGen       total 150528K, used 121179K [0x0000000081c00000, 0x000000008af00000, 0x00000000d5f00000)
  object space 150528K, 80% used [0x0000000081c00000,0x0000000089256ff8,0x000000008af00000)
 Metaspace       used 39193K, capacity 41425K, committed 41728K, reserved 1085440K
  class space    used 5097K, capacity 5765K, committed 5888K, reserved 1048576K
}
Event: 21.884 GC heap before
{Heap before GC invocations=18 (full 2):
 PSYoungGen      total 295424K, used 280966K [0x00000000d5f00000, 0x00000000ee800000, 0x0000000100000000)
  eden space 207360K, 100% used [0x00000000d5f00000,0x00000000e2980000,0x00000000e2980000)
  from space 88064K, 83% used [0x00000000e2980000,0x00000000e7161a58,0x00000000e7f80000)
  to   space 70144K, 0% used [0x00000000e7f80000,0x00000000e7f80000,0x00000000ec400000)
 ParOldGen       total 150528K, used 121179K [0x0000000081c00000, 0x000000008af00000, 0x00000000d5f00000)
  object space 150528K, 80% used [0x0000000081c00000,0x0000000089256ff8,0x000000008af00000)
 Metaspace       used 39998K, capacity 42293K, committed 42624K, reserved 1085440K
  class space    used 5210K, capacity 5923K, committed 6016K, reserved 1048576K
Event: 22.006 GC heap after
Heap after GC invocations=18 (full 2):
 PSYoungGen      total 277504K, used 70129K [0x00000000d5f00000, 0x00000000ee800000, 0x0000000100000000)
  eden space 207360K, 0% used [0x00000000d5f00000,0x00000000d5f00000,0x00000000e2980000)
  from space 70144K, 99% used [0x00000000e7f80000,0x00000000ec3fc7f0,0x00000000ec400000)
  to   space 88064K, 0% used [0x00000000e2980000,0x00000000e2980000,0x00000000e7f80000)
 ParOldGen       total 150528K, used 125504K [0x0000000081c00000, 0x000000008af00000, 0x00000000d5f00000)
  object space 150528K, 83% used [0x0000000081c00000,0x0000000089690048,0x000000008af00000)
 Metaspace       used 39998K, capacity 42293K, committed 42624K, reserved 1085440K
  class space    used 5210K, capacity 5923K, committed 6016K, reserved 1048576K
}
Event: 23.130 GC heap before
{Heap before GC invocations=19 (full 2):
 PSYoungGen      total 277504K, used 277489K [0x00000000d5f00000, 0x00000000ee800000, 0x0000000100000000)
  eden space 207360K, 100% used [0x00000000d5f00000,0x00000000e2980000,0x00000000e2980000)
  from space 70144K, 99% used [0x00000000e7f80000,0x00000000ec3fc7f0,0x00000000ec400000)
  to   space 88064K, 0% used [0x00000000e2980000,0x00000000e2980000,0x00000000e7f80000)
 ParOldGen       total 150528K, used 125504K [0x0000000081c00000, 0x000000008af00000, 0x00000000d5f00000)
  object space 150528K, 83% used [0x0000000081c00000,0x0000000089690048,0x000000008af00000)
 Metaspace       used 41026K, capacity 43437K, committed 43520K, reserved 1087488K
  class space    used 5376K, capacity 6131K, committed 6144K, reserved 1048576K
Event: 23.239 GC heap after
Heap after GC invocations=19 (full 2):
 PSYoungGen      total 295424K, used 54211K [0x00000000d5f00000, 0x00000000ee800000, 0x0000000100000000)
  eden space 207360K, 0% used [0x00000000d5f00000,0x00000000d5f00000,0x00000000e2980000)
  from space 88064K, 61% used [0x00000000e2980000,0x00000000e5e70e30,0x00000000e7f80000)
  to   space 70144K, 0% used [0x00000000e7f80000,0x00000000e7f80000,0x00000000ec400000)
 ParOldGen       total 150528K, used 129288K [0x0000000081c00000, 0x000000008af00000, 0x00000000d5f00000)
  object space 150528K, 85% used [0x0000000081c00000,0x0000000089a42088,0x000000008af00000)
 Metaspace       used 41026K, capacity 43437K, committed 43520K, reserved 1087488K
  class space    used 5376K, capacity 6131K, committed 6144K, reserved 1048576K
}
Event: 23.240 GC heap before
{Heap before GC invocations=20 (full 3):
 PSYoungGen      total 295424K, used 54211K [0x00000000d5f00000, 0x00000000ee800000, 0x0000000100000000)
  eden space 207360K, 0% used [0x00000000d5f00000,0x00000000d5f00000,0x00000000e2980000)
  from space 88064K, 61% used [0x00000000e2980000,0x00000000e5e70e30,0x00000000e7f80000)
  to   space 70144K, 0% used [0x00000000e7f80000,0x00000000e7f80000,0x00000000ec400000)
 ParOldGen       total 150528K, used 129288K [0x0000000081c00000, 0x000000008af00000, 0x00000000d5f00000)
  object space 150528K, 85% used [0x0000000081c00000,0x0000000089a42088,0x000000008af00000)
 Metaspace       used 41026K, capacity 43437K, committed 43520K, reserved 1087488K
  class space    used 5376K, capacity 6131K, committed 6144K, reserved 1048576K
Event: 23.603 GC heap after
Heap after GC invocations=20 (full 3):
 PSYoungGen      total 295424K, used 0K [0x00000000d5f00000, 0x00000000ee800000, 0x0000000100000000)
  eden space 207360K, 0% used [0x00000000d5f00000,0x00000000d5f00000,0x00000000e2980000)
  from space 88064K, 0% used [0x00000000e2980000,0x00000000e2980000,0x00000000e7f80000)
  to   space 70144K, 0% used [0x00000000e7f80000,0x00000000e7f80000,0x00000000ec400000)
 ParOldGen       total 174080K, used 96964K [0x0000000081c00000, 0x000000008c600000, 0x00000000d5f00000)
  object space 174080K, 55% used [0x0000000081c00000,0x0000000087ab1340,0x000000008c600000)
 Metaspace       used 41026K, capacity 43437K, committed 43520K, reserved 1087488K
  class space    used 5376K, capacity 6131K, committed 6144K, reserved 1048576K
}

