# JRE version: Java(TM) SE Runtime Environment (8.0_51-b16) (build 1.8.0_51-b16)
# Java VM: Java HotSpot(TM) 64-Bit Server VM (25.51-b03 mixed mode windows-amd64 compressed oops)
Heap:
 PSYoungGen      total 390144K, used 328271K [0x00000000d5f00000, 0x00000000f6400000, 0x0000000100000000)
  eden space 289280K, 99% used [0x00000000d5f00000,0x00000000e76e9ef0,0x00000000e7980000)
  from space 100864K, 41% used [0x00000000e7980000,0x00000000ea229f40,0x00000000edc00000)
  to   space 98816K, 0% used [0x00000000f0380000,0x00000000f0380000,0x00000000f6400000)
 ParOldGen       total 356864K, used 176327K [0x0000000081c00000, 0x0000000097880000, 0x00000000d5f00000)
  object space 356864K, 49% used [0x0000000081c00000,0x000000008c831c68,0x0000000097880000)
 Metaspace       used 49618K, capacity 53618K, committed 53888K, reserved 1095680K
  class space    used 7036K, capacity 8050K, committed 8064K, reserved 1048576K
GC Heap History (10 events):
Event: 41.397 GC heap before
{Heap before GC invocations=30 (full 7):
 PSYoungGen      total 323072K, used 278143K [0x00000000d5f00000, 0x00000000f0500000, 0x0000000100000000)
  eden space 213504K, 100% used [0x00000000d5f00000,0x00000000e2f80000,0x00000000e2f80000)
  from space 109568K, 58% used [0x00000000e9a00000,0x00000000ed91fd90,0x00000000f0500000)
  to   space 109056K, 0% used [0x00000000e2f80000,0x00000000e2f80000,0x00000000e9a00000)
 ParOldGen       total 356864K, used 153234K [0x0000000081c00000, 0x0000000097880000, 0x00000000d5f00000)
  object space 356864K, 42% used [0x0000000081c00000,0x000000008b1a4b50,0x0000000097880000)
 Metaspace       used 48420K, capacity 52400K, committed 52608K, reserved 1093632K
  class space    used 6735K, capacity 7713K, committed 7808K, reserved 1048576K
Event: 41.475 GC heap after
Heap after GC invocations=30 (full 7):
 PSYoungGen      total 322560K, used 57691K [0x00000000d5f00000, 0x00000000f2100000, 0x0000000100000000)
  eden space 213504K, 0% used [0x00000000d5f00000,0x00000000d5f00000,0x00000000e2f80000)
  from space 109056K, 52% used [0x00000000e2f80000,0x00000000e67d6d90,0x00000000e9a00000)
  to   space 105472K, 0% used [0x00000000eba00000,0x00000000eba00000,0x00000000f2100000)
 ParOldGen       total 356864K, used 153234K [0x0000000081c00000, 0x0000000097880000, 0x00000000d5f00000)
  object space 356864K, 42% used [0x0000000081c00000,0x000000008b1a4b50,0x0000000097880000)
 Metaspace       used 48420K, capacity 52400K, committed 52608K, reserved 1093632K
  class space    used 6735K, capacity 7713K, committed 7808K, reserved 1048576K
}
Event: 41.583 GC heap before
{Heap before GC invocations=31 (full 7):
 PSYoungGen      total 322560K, used 271195K [0x00000000d5f00000, 0x00000000f2100000, 0x0000000100000000)
  eden space 213504K, 100% used [0x00000000d5f00000,0x00000000e2f80000,0x00000000e2f80000)
  from space 109056K, 52% used [0x00000000e2f80000,0x00000000e67d6d90,0x00000000e9a00000)
  to   space 105472K, 0% used [0x00000000eba00000,0x00000000eba00000,0x00000000f2100000)
 ParOldGen       total 356864K, used 153980K [0x0000000081c00000, 0x0000000097880000, 0x00000000d5f00000)
  object space 356864K, 43% used [0x0000000081c00000,0x000000008b25f148,0x0000000097880000)
 Metaspace       used 48532K, capacity 52502K, committed 52608K, reserved 1093632K
  class space    used 6762K, capacity 7748K, committed 7808K, reserved 1048576K
Event: 41.650 GC heap after
Heap after GC invocations=31 (full 7):
 PSYoungGen      total 355328K, used 45735K [0x00000000d5f00000, 0x00000000f1d00000, 0x0000000100000000)
  eden space 253952K, 0% used [0x00000000d5f00000,0x00000000d5f00000,0x00000000e5700000)
  from space 101376K, 45% used [0x00000000eba00000,0x00000000ee6a9f18,0x00000000f1d00000)
  to   space 101376K, 0% used [0x00000000e5700000,0x00000000e5700000,0x00000000eba00000)
 ParOldGen       total 356864K, used 153980K [0x0000000081c00000, 0x0000000097880000, 0x00000000d5f00000)
  object space 356864K, 43% used [0x0000000081c00000,0x000000008b25f148,0x0000000097880000)
 Metaspace       used 48532K, capacity 52502K, committed 52608K, reserved 1093632K
  class space    used 6762K, capacity 7748K, committed 7808K, reserved 1048576K
}
Event: 41.831 GC heap before
{Heap before GC invocations=32 (full 7):
 PSYoungGen      total 355328K, used 299687K [0x00000000d5f00000, 0x00000000f1d00000, 0x0000000100000000)
  eden space 253952K, 100% used [0x00000000d5f00000,0x00000000e5700000,0x00000000e5700000)
  from space 101376K, 45% used [0x00000000eba00000,0x00000000ee6a9f18,0x00000000f1d00000)
  to   space 101376K, 0% used [0x00000000e5700000,0x00000000e5700000,0x00000000eba00000)
 ParOldGen       total 356864K, used 153980K [0x0000000081c00000, 0x0000000097880000, 0x00000000d5f00000)
  object space 356864K, 43% used [0x0000000081c00000,0x000000008b25f2e8,0x0000000097880000)
 Metaspace       used 48776K, capacity 52774K, committed 52992K, reserved 1093632K
  class space    used 6827K, capacity 7820K, committed 7936K, reserved 1048576K
Event: 41.927 GC heap after
Heap after GC invocations=32 (full 7):
 PSYoungGen      total 355328K, used 56521K [0x00000000d5f00000, 0x00000000f3c00000, 0x0000000100000000)
  eden space 253952K, 0% used [0x00000000d5f00000,0x00000000d5f00000,0x00000000e5700000)
  from space 101376K, 55% used [0x00000000e5700000,0x00000000e8e324c0,0x00000000eba00000)
  to   space 98304K, 0% used [0x00000000edc00000,0x00000000edc00000,0x00000000f3c00000)
 ParOldGen       total 356864K, used 153980K [0x0000000081c00000, 0x0000000097880000, 0x00000000d5f00000)
  object space 356864K, 43% used [0x0000000081c00000,0x000000008b25f2e8,0x0000000097880000)
 Metaspace       used 48776K, capacity 52774K, committed 52992K, reserved 1093632K
  class space    used 6827K, capacity 7820K, committed 7936K, reserved 1048576K
}
Event: 42.411 GC heap before
{Heap before GC invocations=33 (full 7):
 PSYoungGen      total 355328K, used 310473K [0x00000000d5f00000, 0x00000000f3c00000, 0x0000000100000000)
  eden space 253952K, 100% used [0x00000000d5f00000,0x00000000e5700000,0x00000000e5700000)
  from space 101376K, 55% used [0x00000000e5700000,0x00000000e8e324c0,0x00000000eba00000)
  to   space 98304K, 0% used [0x00000000edc00000,0x00000000edc00000,0x00000000f3c00000)
 ParOldGen       total 356864K, used 154119K [0x0000000081c00000, 0x0000000097880000, 0x00000000d5f00000)
  object space 356864K, 43% used [0x0000000081c00000,0x000000008b281d58,0x0000000097880000)
 Metaspace       used 49274K, capacity 53274K, committed 53632K, reserved 1095680K
  class space    used 6967K, capacity 7974K, committed 8064K, reserved 1048576K
Event: 42.557 GC heap after
Heap after GC invocations=33 (full 7):
 PSYoungGen      total 387584K, used 72698K [0x00000000d5f00000, 0x00000000f4080000, 0x0000000100000000)
  eden space 289280K, 0% used [0x00000000d5f00000,0x00000000d5f00000,0x00000000e7980000)
  from space 98304K, 73% used [0x00000000edc00000,0x00000000f22feb40,0x00000000f3c00000)
  to   space 100864K, 0% used [0x00000000e7980000,0x00000000e7980000,0x00000000edc00000)
 ParOldGen       total 356864K, used 172398K [0x0000000081c00000, 0x0000000097880000, 0x00000000d5f00000)
  object space 356864K, 48% used [0x0000000081c00000,0x000000008c45bb20,0x0000000097880000)
 Metaspace       used 49274K, capacity 53274K, committed 53632K, reserved 1095680K
  class space    used 6967K, capacity 7974K, committed 8064K, reserved 1048576K
}
Event: 42.756 GC heap before
{Heap before GC invocations=34 (full 7):
 PSYoungGen      total 387584K, used 361978K [0x00000000d5f00000, 0x00000000f4080000, 0x0000000100000000)
  eden space 289280K, 100% used [0x00000000d5f00000,0x00000000e7980000,0x00000000e7980000)
  from space 98304K, 73% used [0x00000000edc00000,0x00000000f22feb40,0x00000000f3c00000)
  to   space 100864K, 0% used [0x00000000e7980000,0x00000000e7980000,0x00000000edc00000)
 ParOldGen       total 356864K, used 172399K [0x0000000081c00000, 0x0000000097880000, 0x00000000d5f00000)
  object space 356864K, 48% used [0x0000000081c00000,0x000000008c45bc68,0x0000000097880000)
 Metaspace       used 49443K, capacity 53458K, committed 53632K, reserved 1095680K
  class space    used 7015K, capacity 8018K, committed 8064K, reserved 1048576K
Event: 42.821 GC heap after
Heap after GC invocations=34 (full 7):
 PSYoungGen      total 390144K, used 41639K [0x00000000d5f00000, 0x00000000f6400000, 0x0000000100000000)
  eden space 289280K, 0% used [0x00000000d5f00000,0x00000000d5f00000,0x00000000e7980000)
  from space 100864K, 41% used [0x00000000e7980000,0x00000000ea229f40,0x00000000edc00000)
  to   space 98816K, 0% used [0x00000000f0380000,0x00000000f0380000,0x00000000f6400000)
 ParOldGen       total 356864K, used 176327K [0x0000000081c00000, 0x0000000097880000, 0x00000000d5f00000)
  object space 356864K, 49% used [0x0000000081c00000,0x000000008c831c68,0x0000000097880000)
 Metaspace       used 49443K, capacity 53458K, committed 53632K, reserved 1095680K
  class space    used 7015K, capacity 8018K, committed 8064K, reserved 1048576K
}

