# JRE version: Java(TM) SE Runtime Environment (8.0_51-b16) (build 1.8.0_51-b16)
# Java VM: Java HotSpot(TM) 64-Bit Server VM (25.51-b03 mixed mode windows-amd64 compressed oops)
Heap:
 PSYoungGen      total 653824K, used 424903K [0x00000000d5f00000, 0x00000000ffe80000, 0x0000000100000000)
  eden space 622592K, 64% used [0x00000000d5f00000,0x00000000ee7ad9d8,0x00000000fbf00000)
  from space 31232K, 73% used [0x00000000fdd80000,0x00000000ff3c4560,0x00000000ffc00000)
  to   space 31232K, 0% used [0x00000000fbf00000,0x00000000fbf00000,0x00000000fdd80000)
 ParOldGen       total 1379328K, used 1277828K [0x0000000081c00000, 0x00000000d5f00000, 0x00000000d5f00000)
  object space 1379328K, 92% used [0x0000000081c00000,0x00000000cfbe1300,0x00000000d5f00000)
 Metaspace       used 98440K, capacity 111400K, committed 111744K, reserved 1144832K
  class space    used 14215K, capacity 17156K, committed 17280K, reserved 1048576K
GC Heap History (10 events):
Event: 4922.401 GC heap before
{Heap before GC invocations=684 (full 16):
 PSYoungGen      total 648704K, used 622258K [0x00000000d5f00000, 0x00000000ffd00000, 0x0000000100000000)
  eden space 613888K, 100% used [0x00000000d5f00000,0x00000000fb680000,0x00000000fb680000)
  from space 34816K, 24% used [0x00000000fb680000,0x00000000fbeaca38,0x00000000fd880000)
  to   space 33792K, 0% used [0x00000000fdc00000,0x00000000fdc00000,0x00000000ffd00000)
 ParOldGen       total 1379328K, used 1275249K [0x0000000081c00000, 0x00000000d5f00000, 0x00000000d5f00000)
  object space 1379328K, 92% used [0x0000000081c00000,0x00000000cf95c468,0x00000000d5f00000)
 Metaspace       used 98437K, capacity 111396K, committed 111744K, reserved 1144832K
  class space    used 14215K, capacity 17156K, committed 17280K, reserved 1048576K
Event: 4922.413 GC heap after
Heap after GC invocations=684 (full 16):
 PSYoungGen      total 653312K, used 7507K [0x00000000d5f00000, 0x00000000ffd00000, 0x0000000100000000)
  eden space 619520K, 0% used [0x00000000d5f00000,0x00000000d5f00000,0x00000000fbc00000)
  from space 33792K, 22% used [0x00000000fdc00000,0x00000000fe354fb0,0x00000000ffd00000)
  to   space 32768K, 0% used [0x00000000fbc00000,0x00000000fbc00000,0x00000000fdc00000)
 ParOldGen       total 1379328K, used 1276569K [0x0000000081c00000, 0x00000000d5f00000, 0x00000000d5f00000)
  object space 1379328K, 92% used [0x0000000081c00000,0x00000000cfaa6550,0x00000000d5f00000)
 Metaspace       used 98437K, capacity 111396K, committed 111744K, reserved 1144832K
  class space    used 14215K, capacity 17156K, committed 17280K, reserved 1048576K
}
Event: 4925.986 GC heap before
{Heap before GC invocations=685 (full 16):
 PSYoungGen      total 653312K, used 627027K [0x00000000d5f00000, 0x00000000ffd00000, 0x0000000100000000)
  eden space 619520K, 100% used [0x00000000d5f00000,0x00000000fbc00000,0x00000000fbc00000)
  from space 33792K, 22% used [0x00000000fdc00000,0x00000000fe354fb0,0x00000000ffd00000)
  to   space 32768K, 0% used [0x00000000fbc00000,0x00000000fbc00000,0x00000000fdc00000)
 ParOldGen       total 1379328K, used 1276569K [0x0000000081c00000, 0x00000000d5f00000, 0x00000000d5f00000)
  object space 1379328K, 92% used [0x0000000081c00000,0x00000000cfaa6550,0x00000000d5f00000)
 Metaspace       used 98437K, capacity 111396K, committed 111744K, reserved 1144832K
  class space    used 14215K, capacity 17156K, committed 17280K, reserved 1048576K
Event: 4926.004 GC heap after
Heap after GC invocations=685 (full 16):
 PSYoungGen      total 652288K, used 9041K [0x00000000d5f00000, 0x00000000ffc00000, 0x0000000100000000)
  eden space 619520K, 0% used [0x00000000d5f00000,0x00000000d5f00000,0x00000000fbc00000)
  from space 32768K, 27% used [0x00000000fbc00000,0x00000000fc4d4628,0x00000000fdc00000)
  to   space 31232K, 0% used [0x00000000fdd80000,0x00000000fdd80000,0x00000000ffc00000)
 ParOldGen       total 1379328K, used 1277049K [0x0000000081c00000, 0x00000000d5f00000, 0x00000000d5f00000)
  object space 1379328K, 92% used [0x0000000081c00000,0x00000000cfb1e6c0,0x00000000d5f00000)
 Metaspace       used 98437K, capacity 111396K, committed 111744K, reserved 1144832K
  class space    used 14215K, capacity 17156K, committed 17280K, reserved 1048576K
}
Event: 4929.692 GC heap before
{Heap before GC invocations=686 (full 16):
 PSYoungGen      total 652288K, used 628561K [0x00000000d5f00000, 0x00000000ffc00000, 0x0000000100000000)
  eden space 619520K, 100% used [0x00000000d5f00000,0x00000000fbc00000,0x00000000fbc00000)
  from space 32768K, 27% used [0x00000000fbc00000,0x00000000fc4d4628,0x00000000fdc00000)
  to   space 31232K, 0% used [0x00000000fdd80000,0x00000000fdd80000,0x00000000ffc00000)
 ParOldGen       total 1379328K, used 1277049K [0x0000000081c00000, 0x00000000d5f00000, 0x00000000d5f00000)
  object space 1379328K, 92% used [0x0000000081c00000,0x00000000cfb1e6c0,0x00000000d5f00000)
 Metaspace       used 98437K, capacity 111396K, committed 111744K, reserved 1144832K
  class space    used 14215K, capacity 17156K, committed 17280K, reserved 1048576K
Event: 4929.708 GC heap after
Heap after GC invocations=686 (full 16):
 PSYoungGen      total 653824K, used 17601K [0x00000000d5f00000, 0x00000000ffe80000, 0x0000000100000000)
  eden space 622592K, 0% used [0x00000000d5f00000,0x00000000d5f00000,0x00000000fbf00000)
  from space 31232K, 56% used [0x00000000fdd80000,0x00000000feeb0430,0x00000000ffc00000)
  to   space 31232K, 0% used [0x00000000fbf00000,0x00000000fbf00000,0x00000000fdd80000)
 ParOldGen       total 1379328K, used 1277229K [0x0000000081c00000, 0x00000000d5f00000, 0x00000000d5f00000)
  object space 1379328K, 92% used [0x0000000081c00000,0x00000000cfb4b6d0,0x00000000d5f00000)
 Metaspace       used 98437K, capacity 111396K, committed 111744K, reserved 1144832K
  class space    used 14215K, capacity 17156K, committed 17280K, reserved 1048576K
}
Event: 4932.752 GC heap before
{Heap before GC invocations=687 (full 16):
 PSYoungGen      total 653824K, used 640193K [0x00000000d5f00000, 0x00000000ffe80000, 0x0000000100000000)
  eden space 622592K, 100% used [0x00000000d5f00000,0x00000000fbf00000,0x00000000fbf00000)
  from space 31232K, 56% used [0x00000000fdd80000,0x00000000feeb0430,0x00000000ffc00000)
  to   space 31232K, 0% used [0x00000000fbf00000,0x00000000fbf00000,0x00000000fdd80000)
 ParOldGen       total 1379328K, used 1277229K [0x0000000081c00000, 0x00000000d5f00000, 0x00000000d5f00000)
  object space 1379328K, 92% used [0x0000000081c00000,0x00000000cfb4b6d0,0x00000000d5f00000)
 Metaspace       used 98438K, capacity 111400K, committed 111744K, reserved 1144832K
  class space    used 14215K, capacity 17156K, committed 17280K, reserved 1048576K
Event: 4932.768 GC heap after
Heap after GC invocations=687 (full 16):
 PSYoungGen      total 653824K, used 19690K [0x00000000d5f00000, 0x00000000ffe80000, 0x0000000100000000)
  eden space 622592K, 0% used [0x00000000d5f00000,0x00000000d5f00000,0x00000000fbf00000)
  from space 31232K, 63% used [0x00000000fbf00000,0x00000000fd23a9a0,0x00000000fdd80000)
  to   space 31232K, 0% used [0x00000000fdd80000,0x00000000fdd80000,0x00000000ffc00000)
 ParOldGen       total 1379328K, used 1277578K [0x0000000081c00000, 0x00000000d5f00000, 0x00000000d5f00000)
  object space 1379328K, 92% used [0x0000000081c00000,0x00000000cfba2a90,0x00000000d5f00000)
 Metaspace       used 98438K, capacity 111400K, committed 111744K, reserved 1144832K
  class space    used 14215K, capacity 17156K, committed 17280K, reserved 1048576K
}
Event: 4936.307 GC heap before
{Heap before GC invocations=688 (full 16):
 PSYoungGen      total 653824K, used 642282K [0x00000000d5f00000, 0x00000000ffe80000, 0x0000000100000000)
  eden space 622592K, 100% used [0x00000000d5f00000,0x00000000fbf00000,0x00000000fbf00000)
  from space 31232K, 63% used [0x00000000fbf00000,0x00000000fd23a9a0,0x00000000fdd80000)
  to   space 31232K, 0% used [0x00000000fdd80000,0x00000000fdd80000,0x00000000ffc00000)
 ParOldGen       total 1379328K, used 1277578K [0x0000000081c00000, 0x00000000d5f00000, 0x00000000d5f00000)
  object space 1379328K, 92% used [0x0000000081c00000,0x00000000cfba2a90,0x00000000d5f00000)
 Metaspace       used 98440K, capacity 111400K, committed 111744K, reserved 1144832K
  class space    used 14215K, capacity 17156K, committed 17280K, reserved 1048576K
Event: 4936.325 GC heap after
Heap after GC invocations=688 (full 16):
 PSYoungGen      total 653824K, used 22801K [0x00000000d5f00000, 0x00000000ffe80000, 0x0000000100000000)
  eden space 622592K, 0% used [0x00000000d5f00000,0x00000000d5f00000,0x00000000fbf00000)
  from space 31232K, 73% used [0x00000000fdd80000,0x00000000ff3c4560,0x00000000ffc00000)
  to   space 31232K, 0% used [0x00000000fbf00000,0x00000000fbf00000,0x00000000fdd80000)
 ParOldGen       total 1379328K, used 1277828K [0x0000000081c00000, 0x00000000d5f00000, 0x00000000d5f00000)
  object space 1379328K, 92% used [0x0000000081c00000,0x00000000cfbe1300,0x00000000d5f00000)
 Metaspace       used 98440K, capacity 111400K, committed 111744K, reserved 1144832K
  class space    used 14215K, capacity 17156K, committed 17280K, reserved 1048576K
}

