# JRE version: Java(TM) SE Runtime Environment (8.0_51-b16) (build 1.8.0_51-b16)
# Java VM: Java HotSpot(TM) 64-Bit Server VM (25.51-b03 mixed mode windows-amd64 compressed oops)
Heap:
 PSYoungGen      total 524800K, used 73679K [0x00000000d5f00000, 0x00000000ff680000, 0x0000000100000000)
  eden space 489472K, 7% used [0x00000000d5f00000,0x00000000d84e8858,0x00000000f3d00000)
  from space 35328K, 98% used [0x00000000f3d00000,0x00000000f5f0b520,0x00000000f5f80000)
  to   space 94208K, 0% used [0x00000000f9a80000,0x00000000f9a80000,0x00000000ff680000)
 ParOldGen       total 262144K, used 180453K [0x0000000081c00000, 0x0000000091c00000, 0x00000000d5f00000)
  object space 262144K, 68% used [0x0000000081c00000,0x000000008cc39530,0x0000000091c00000)
 Metaspace       used 55710K, capacity 60604K, committed 60672K, reserved 1099776K
  class space    used 8249K, capacity 9699K, committed 9728K, reserved 1048576K
GC Heap History (10 events):
Event: 45.260 GC heap after
Heap after GC invocations=45 (full 7):
 PSYoungGen      total 570880K, used 32778K [0x00000000d5f00000, 0x00000000ff600000, 0x0000000100000000)
  eden space 473088K, 0% used [0x00000000d5f00000,0x00000000d5f00000,0x00000000f2d00000)
  from space 97792K, 33% used [0x00000000f9680000,0x00000000fb682908,0x00000000ff600000)
  to   space 102912K, 0% used [0x00000000f2d00000,0x00000000f2d00000,0x00000000f9180000)
 ParOldGen       total 262144K, used 179681K [0x0000000081c00000, 0x0000000091c00000, 0x00000000d5f00000)
  object space 262144K, 68% used [0x0000000081c00000,0x000000008cb78698,0x0000000091c00000)
 Metaspace       used 54032K, capacity 58614K, committed 58752K, reserved 1099776K
  class space    used 7929K, capacity 9234K, committed 9344K, reserved 1048576K
}
Event: 45.709 GC heap before
{Heap before GC invocations=46 (full 7):
 PSYoungGen      total 570880K, used 505866K [0x00000000d5f00000, 0x00000000ff600000, 0x0000000100000000)
  eden space 473088K, 100% used [0x00000000d5f00000,0x00000000f2d00000,0x00000000f2d00000)
  from space 97792K, 33% used [0x00000000f9680000,0x00000000fb682908,0x00000000ff600000)
  to   space 102912K, 0% used [0x00000000f2d00000,0x00000000f2d00000,0x00000000f9180000)
 ParOldGen       total 262144K, used 179681K [0x0000000081c00000, 0x0000000091c00000, 0x00000000d5f00000)
  object space 262144K, 68% used [0x0000000081c00000,0x000000008cb78698,0x0000000091c00000)
 Metaspace       used 54251K, capacity 58878K, committed 59008K, reserved 1099776K
  class space    used 7969K, capacity 9314K, committed 9344K, reserved 1048576K
Event: 45.760 GC heap after
Heap after GC invocations=46 (full 7):
 PSYoungGen      total 576000K, used 21000K [0x00000000d5f00000, 0x0000000100000000, 0x0000000100000000)
  eden space 473088K, 0% used [0x00000000d5f00000,0x00000000d5f00000,0x00000000f2d00000)
  from space 102912K, 20% used [0x00000000f2d00000,0x00000000f4182050,0x00000000f9180000)
  to   space 101376K, 0% used [0x00000000f9d00000,0x00000000f9d00000,0x0000000100000000)
 ParOldGen       total 262144K, used 179681K [0x0000000081c00000, 0x0000000091c00000, 0x00000000d5f00000)
  object space 262144K, 68% used [0x0000000081c00000,0x000000008cb78698,0x0000000091c00000)
 Metaspace       used 54251K, capacity 58878K, committed 59008K, reserved 1099776K
  class space    used 7969K, capacity 9314K, committed 9344K, reserved 1048576K
}
Event: 46.459 GC heap before
{Heap before GC invocations=47 (full 7):
 PSYoungGen      total 576000K, used 494088K [0x00000000d5f00000, 0x0000000100000000, 0x0000000100000000)
  eden space 473088K, 100% used [0x00000000d5f00000,0x00000000f2d00000,0x00000000f2d00000)
  from space 102912K, 20% used [0x00000000f2d00000,0x00000000f4182050,0x00000000f9180000)
  to   space 101376K, 0% used [0x00000000f9d00000,0x00000000f9d00000,0x0000000100000000)
 ParOldGen       total 262144K, used 180444K [0x0000000081c00000, 0x0000000091c00000, 0x00000000d5f00000)
  object space 262144K, 68% used [0x0000000081c00000,0x000000008cc37020,0x0000000091c00000)
 Metaspace       used 54622K, capacity 59280K, committed 59392K, reserved 1099776K
  class space    used 8032K, capacity 9399K, committed 9472K, reserved 1048576K
Event: 46.559 GC heap after
Heap after GC invocations=47 (full 7):
 PSYoungGen      total 575488K, used 45330K [0x00000000d5f00000, 0x00000000ff580000, 0x0000000100000000)
  eden space 484864K, 0% used [0x00000000d5f00000,0x00000000d5f00000,0x00000000f3880000)
  from space 90624K, 50% used [0x00000000f9d00000,0x00000000fc944b68,0x00000000ff580000)
  to   space 96768K, 0% used [0x00000000f3880000,0x00000000f3880000,0x00000000f9700000)
 ParOldGen       total 262144K, used 180444K [0x0000000081c00000, 0x0000000091c00000, 0x00000000d5f00000)
  object space 262144K, 68% used [0x0000000081c00000,0x000000008cc37020,0x0000000091c00000)
 Metaspace       used 54622K, capacity 59280K, committed 59392K, reserved 1099776K
  class space    used 8032K, capacity 9399K, committed 9472K, reserved 1048576K
}
Event: 47.722 GC heap before
{Heap before GC invocations=48 (full 7):
 PSYoungGen      total 575488K, used 530194K [0x00000000d5f00000, 0x00000000ff580000, 0x0000000100000000)
  eden space 484864K, 100% used [0x00000000d5f00000,0x00000000f3880000,0x00000000f3880000)
  from space 90624K, 50% used [0x00000000f9d00000,0x00000000fc944b68,0x00000000ff580000)
  to   space 96768K, 0% used [0x00000000f3880000,0x00000000f3880000,0x00000000f9700000)
 ParOldGen       total 262144K, used 180445K [0x0000000081c00000, 0x0000000091c00000, 0x00000000d5f00000)
  object space 262144K, 68% used [0x0000000081c00000,0x000000008cc37530,0x0000000091c00000)
 Metaspace       used 55257K, capacity 60010K, committed 60288K, reserved 1099776K
  class space    used 8163K, capacity 9570K, committed 9600K, reserved 1048576K
Event: 47.886 GC heap after
Heap after GC invocations=48 (full 7):
 PSYoungGen      total 581632K, used 70493K [0x00000000d5f00000, 0x0000000100000000, 0x0000000100000000)
  eden space 484864K, 0% used [0x00000000d5f00000,0x00000000d5f00000,0x00000000f3880000)
  from space 96768K, 72% used [0x00000000f3880000,0x00000000f7d57680,0x00000000f9700000)
  to   space 101376K, 0% used [0x00000000f9d00000,0x00000000f9d00000,0x0000000100000000)
 ParOldGen       total 262144K, used 180445K [0x0000000081c00000, 0x0000000091c00000, 0x00000000d5f00000)
  object space 262144K, 68% used [0x0000000081c00000,0x000000008cc37530,0x0000000091c00000)
 Metaspace       used 55257K, capacity 60010K, committed 60288K, reserved 1099776K
  class space    used 8163K, capacity 9570K, committed 9600K, reserved 1048576K
}
Event: 48.214 GC heap before
{Heap before GC invocations=49 (full 7):
 PSYoungGen      total 581632K, used 555357K [0x00000000d5f00000, 0x0000000100000000, 0x0000000100000000)
  eden space 484864K, 100% used [0x00000000d5f00000,0x00000000f3880000,0x00000000f3880000)
  from space 96768K, 72% used [0x00000000f3880000,0x00000000f7d57680,0x00000000f9700000)
  to   space 101376K, 0% used [0x00000000f9d00000,0x00000000f9d00000,0x0000000100000000)
 ParOldGen       total 262144K, used 180445K [0x0000000081c00000, 0x0000000091c00000, 0x00000000d5f00000)
  object space 262144K, 68% used [0x0000000081c00000,0x000000008cc37530,0x0000000091c00000)
 Metaspace       used 55413K, capacity 60202K, committed 60416K, reserved 1099776K
  class space    used 8192K, capacity 9618K, committed 9728K, reserved 1048576K
Event: 48.289 GC heap after
Heap after GC invocations=49 (full 7):
 PSYoungGen      total 589312K, used 32667K [0x00000000d5f00000, 0x00000000ffe80000, 0x0000000100000000)
  eden space 489472K, 0% used [0x00000000d5f00000,0x00000000d5f00000,0x00000000f3d00000)
  from space 99840K, 32% used [0x00000000f9d00000,0x00000000fbce6c50,0x00000000ffe80000)
  to   space 98304K, 0% used [0x00000000f3d00000,0x00000000f3d00000,0x00000000f9d00000)
 ParOldGen       total 262144K, used 180445K [0x0000000081c00000, 0x0000000091c00000, 0x00000000d5f00000)
  object space 262144K, 68% used [0x0000000081c00000,0x000000008cc37530,0x0000000091c00000)
 Metaspace       used 55413K, capacity 60202K, committed 60416K, reserved 1099776K
  class space    used 8192K, capacity 9618K, committed 9728K, reserved 1048576K
}
Event: 48.846 GC heap before
{Heap before GC invocations=50 (full 7):
 PSYoungGen      total 589312K, used 522139K [0x00000000d5f00000, 0x00000000ffe80000, 0x0000000100000000)
  eden space 489472K, 100% used [0x00000000d5f00000,0x00000000f3d00000,0x00000000f3d00000)
  from space 99840K, 32% used [0x00000000f9d00000,0x00000000fbce6c50,0x00000000ffe80000)
  to   space 98304K, 0% used [0x00000000f3d00000,0x00000000f3d00000,0x00000000f9d00000)
 ParOldGen       total 262144K, used 180445K [0x0000000081c00000, 0x0000000091c00000, 0x00000000d5f00000)
  object space 262144K, 68% used [0x0000000081c00000,0x000000008cc37530,0x0000000091c00000)
 Metaspace       used 55687K, capacity 60596K, committed 60672K, reserved 1099776K
  class space    used 8245K, capacity 9695K, committed 9728K, reserved 1048576K

