# JRE version: Java(TM) SE Runtime Environment (8.0_51-b16) (build 1.8.0_51-b16)
# Java VM: Java HotSpot(TM) 64-Bit Server VM (25.51-b03 mixed mode windows-amd64 compressed oops)
Heap:
 PSYoungGen      total 180736K, used 56898K [0x00000000d5f00000, 0x00000000e4a80000, 0x0000000100000000)
  eden space 139264K, 11% used [0x00000000d5f00000,0x00000000d6e15878,0x00000000de700000)
  from space 41472K, 99% used [0x00000000e1780000,0x00000000e3ffb180,0x00000000e4000000)
  to   space 49664K, 0% used [0x00000000de700000,0x00000000de700000,0x00000000e1780000)
 ParOldGen       total 135680K, used 66382K [0x0000000081c00000, 0x000000008a080000, 0x00000000d5f00000)
  object space 135680K, 48% used [0x0000000081c00000,0x0000000085cd3958,0x000000008a080000)
 Metaspace       used 32424K, capacity 34205K, committed 34304K, reserved 1079296K
  class space    used 3991K, capacity 4538K, committed 4608K, reserved 1048576K
GC Heap History (10 events):
Event: 6.423 GC heap before
{Heap before GC invocations=8 (full 1):
 PSYoungGen      total 70144K, used 70107K [0x00000000d5f00000, 0x00000000db680000, 0x0000000100000000)
  eden space 60416K, 100% used [0x00000000d5f00000,0x00000000d9a00000,0x00000000d9a00000)
  from space 9728K, 99% used [0x00000000dad00000,0x00000000db676f08,0x00000000db680000)
  to   space 13312K, 0% used [0x00000000d9c80000,0x00000000d9c80000,0x00000000da980000)
 ParOldGen       total 62464K, used 15370K [0x0000000081c00000, 0x0000000085900000, 0x00000000d5f00000)
  object space 62464K, 24% used [0x0000000081c00000,0x0000000082b02910,0x0000000085900000)
 Metaspace       used 28791K, capacity 30229K, committed 30464K, reserved 1075200K
  class space    used 3601K, capacity 4040K, committed 4096K, reserved 1048576K
Event: 6.445 GC heap after
Heap after GC invocations=8 (full 1):
 PSYoungGen      total 76288K, used 13283K [0x00000000d5f00000, 0x00000000dea00000, 0x0000000100000000)
  eden space 62976K, 0% used [0x00000000d5f00000,0x00000000d5f00000,0x00000000d9c80000)
  from space 13312K, 99% used [0x00000000d9c80000,0x00000000da978e58,0x00000000da980000)
  to   space 17408K, 0% used [0x00000000dd900000,0x00000000dd900000,0x00000000dea00000)
 ParOldGen       total 62464K, used 19722K [0x0000000081c00000, 0x0000000085900000, 0x00000000d5f00000)
  object space 62464K, 31% used [0x0000000081c00000,0x0000000082f429d0,0x0000000085900000)
 Metaspace       used 28791K, capacity 30229K, committed 30464K, reserved 1075200K
  class space    used 3601K, capacity 4040K, committed 4096K, reserved 1048576K
}
Event: 7.420 GC heap before
{Heap before GC invocations=9 (full 1):
 PSYoungGen      total 76288K, used 75470K [0x00000000d5f00000, 0x00000000dea00000, 0x0000000100000000)
  eden space 62976K, 98% used [0x00000000d5f00000,0x00000000d9bba9e8,0x00000000d9c80000)
  from space 13312K, 99% used [0x00000000d9c80000,0x00000000da978e58,0x00000000da980000)
  to   space 17408K, 0% used [0x00000000dd900000,0x00000000dd900000,0x00000000dea00000)
 ParOldGen       total 62464K, used 19722K [0x0000000081c00000, 0x0000000085900000, 0x00000000d5f00000)
  object space 62464K, 31% used [0x0000000081c00000,0x0000000082f429d0,0x0000000085900000)
 Metaspace       used 30853K, capacity 32581K, committed 32896K, reserved 1077248K
  class space    used 3857K, capacity 4375K, committed 4480K, reserved 1048576K
Event: 7.514 GC heap after
Heap after GC invocations=9 (full 1):
 PSYoungGen      total 116224K, used 17381K [0x00000000d5f00000, 0x00000000e0080000, 0x0000000100000000)
  eden space 98816K, 0% used [0x00000000d5f00000,0x00000000d5f00000,0x00000000dbf80000)
  from space 17408K, 99% used [0x00000000dd900000,0x00000000de9f9738,0x00000000dea00000)
  to   space 26112K, 0% used [0x00000000dbf80000,0x00000000dbf80000,0x00000000dd900000)
 ParOldGen       total 62464K, used 33517K [0x0000000081c00000, 0x0000000085900000, 0x00000000d5f00000)
  object space 62464K, 53% used [0x0000000081c00000,0x0000000083cbb4d0,0x0000000085900000)
 Metaspace       used 30853K, capacity 32581K, committed 32896K, reserved 1077248K
  class space    used 3857K, capacity 4375K, committed 4480K, reserved 1048576K
}
Event: 8.879 GC heap before
{Heap before GC invocations=10 (full 1):
 PSYoungGen      total 116224K, used 116197K [0x00000000d5f00000, 0x00000000e0080000, 0x0000000100000000)
  eden space 98816K, 100% used [0x00000000d5f00000,0x00000000dbf80000,0x00000000dbf80000)
  from space 17408K, 99% used [0x00000000dd900000,0x00000000de9f9738,0x00000000dea00000)
  to   space 26112K, 0% used [0x00000000dbf80000,0x00000000dbf80000,0x00000000dd900000)
 ParOldGen       total 62464K, used 33517K [0x0000000081c00000, 0x0000000085900000, 0x00000000d5f00000)
  object space 62464K, 53% used [0x0000000081c00000,0x0000000083cbb4d0,0x0000000085900000)
 Metaspace       used 31855K, capacity 33773K, committed 34048K, reserved 1079296K
  class space    used 3937K, capacity 4504K, committed 4608K, reserved 1048576K
Event: 9.036 GC heap after
Heap after GC invocations=10 (full 1):
 PSYoungGen      total 124928K, used 26093K [0x00000000d5f00000, 0x00000000e4000000, 0x0000000100000000)
  eden space 98816K, 0% used [0x00000000d5f00000,0x00000000d5f00000,0x00000000dbf80000)
  from space 26112K, 99% used [0x00000000dbf80000,0x00000000dd8fb4c8,0x00000000dd900000)
  to   space 41472K, 0% used [0x00000000e1780000,0x00000000e1780000,0x00000000e4000000)
 ParOldGen       total 62464K, used 61374K [0x0000000081c00000, 0x0000000085900000, 0x00000000d5f00000)
  object space 62464K, 98% used [0x0000000081c00000,0x00000000857efa18,0x0000000085900000)
 Metaspace       used 31855K, capacity 33773K, committed 34048K, reserved 1079296K
  class space    used 3937K, capacity 4504K, committed 4608K, reserved 1048576K
}
Event: 9.036 GC heap before
{Heap before GC invocations=11 (full 2):
 PSYoungGen      total 124928K, used 26093K [0x00000000d5f00000, 0x00000000e4000000, 0x0000000100000000)
  eden space 98816K, 0% used [0x00000000d5f00000,0x00000000d5f00000,0x00000000dbf80000)
  from space 26112K, 99% used [0x00000000dbf80000,0x00000000dd8fb4c8,0x00000000dd900000)
  to   space 41472K, 0% used [0x00000000e1780000,0x00000000e1780000,0x00000000e4000000)
 ParOldGen       total 62464K, used 61374K [0x0000000081c00000, 0x0000000085900000, 0x00000000d5f00000)
  object space 62464K, 98% used [0x0000000081c00000,0x00000000857efa18,0x0000000085900000)
 Metaspace       used 31855K, capacity 33773K, committed 34048K, reserved 1079296K
  class space    used 3937K, capacity 4504K, committed 4608K, reserved 1048576K
Event: 9.324 GC heap after
Heap after GC invocations=11 (full 2):
 PSYoungGen      total 124928K, used 7140K [0x00000000d5f00000, 0x00000000e4000000, 0x0000000100000000)
  eden space 98816K, 0% used [0x00000000d5f00000,0x00000000d5f00000,0x00000000dbf80000)
  from space 26112K, 27% used [0x00000000dbf80000,0x00000000dc6792c0,0x00000000dd900000)
  to   space 41472K, 0% used [0x00000000e1780000,0x00000000e1780000,0x00000000e4000000)
 ParOldGen       total 135680K, used 61936K [0x0000000081c00000, 0x000000008a080000, 0x00000000d5f00000)
  object space 135680K, 45% used [0x0000000081c00000,0x000000008587c2d8,0x000000008a080000)
 Metaspace       used 31855K, capacity 33773K, committed 34048K, reserved 1079296K
  class space    used 3937K, capacity 4504K, committed 4608K, reserved 1048576K
}
Event: 9.939 GC heap before
{Heap before GC invocations=12 (full 2):
 PSYoungGen      total 124928K, used 105956K [0x00000000d5f00000, 0x00000000e4000000, 0x0000000100000000)
  eden space 98816K, 100% used [0x00000000d5f00000,0x00000000dbf80000,0x00000000dbf80000)
  from space 26112K, 27% used [0x00000000dbf80000,0x00000000dc6792c0,0x00000000dd900000)
  to   space 41472K, 0% used [0x00000000e1780000,0x00000000e1780000,0x00000000e4000000)
 ParOldGen       total 135680K, used 61936K [0x0000000081c00000, 0x000000008a080000, 0x00000000d5f00000)
  object space 135680K, 45% used [0x0000000081c00000,0x000000008587c2d8,0x000000008a080000)
 Metaspace       used 32398K, capacity 34205K, committed 34304K, reserved 1079296K
  class space    used 3987K, capacity 4538K, committed 4608K, reserved 1048576K
Event: 10.123 GC heap after
Heap after GC invocations=12 (full 2):
 PSYoungGen      total 180736K, used 41452K [0x00000000d5f00000, 0x00000000e4a80000, 0x0000000100000000)
  eden space 139264K, 0% used [0x00000000d5f00000,0x00000000d5f00000,0x00000000de700000)
  from space 41472K, 99% used [0x00000000e1780000,0x00000000e3ffb180,0x00000000e4000000)
  to   space 49664K, 0% used [0x00000000de700000,0x00000000de700000,0x00000000e1780000)
 ParOldGen       total 135680K, used 66382K [0x0000000081c00000, 0x000000008a080000, 0x00000000d5f00000)
  object space 135680K, 48% used [0x0000000081c00000,0x0000000085cd3958,0x000000008a080000)
 Metaspace       used 32398K, capacity 34205K, committed 34304K, reserved 1079296K
  class space    used 3987K, capacity 4538K, committed 4608K, reserved 1048576K
}

