# JRE version: Java(TM) SE Runtime Environment (8.0_51-b16) (build 1.8.0_51-b16)
# Java VM: Java HotSpot(TM) 64-Bit Server VM (25.51-b03 mixed mode windows-amd64 compressed oops)
Heap:
 PSYoungGen      total 648192K, used 524580K [0x00000000d5f00000, 0x00000000ffb80000, 0x0000000100000000)
  eden space 611840K, 83% used [0x00000000d5f00000,0x00000000f4fc9158,0x00000000fb480000)
  from space 36352K, 43% used [0x00000000fb480000,0x00000000fc400020,0x00000000fd800000)
  to   space 35840K, 0% used [0x00000000fd880000,0x00000000fd880000,0x00000000ffb80000)
 ParOldGen       total 355840K, used 308402K [0x0000000081c00000, 0x0000000097780000, 0x00000000d5f00000)
  object space 355840K, 86% used [0x0000000081c00000,0x000000009492cbe8,0x0000000097780000)
 Metaspace       used 76642K, capacity 84660K, committed 84864K, reserved 1120256K
  class space    used 12031K, capacity 14443K, committed 14464K, reserved 1048576K
GC Heap History (10 events):
Event: 100.279 GC heap before
{Heap before GC invocations=134 (full 5):
 PSYoungGen      total 648192K, used 634656K [0x00000000d5f00000, 0x0000000100000000, 0x0000000100000000)
  eden space 608256K, 100% used [0x00000000d5f00000,0x00000000fb100000,0x00000000fb100000)
  from space 39936K, 66% used [0x00000000fd900000,0x00000000ff2c8050,0x0000000100000000)
  to   space 40448K, 0% used [0x00000000fb100000,0x00000000fb100000,0x00000000fd880000)
 ParOldGen       total 355840K, used 296026K [0x0000000081c00000, 0x0000000097780000, 0x00000000d5f00000)
  object space 355840K, 83% used [0x0000000081c00000,0x0000000093d16ba8,0x0000000097780000)
 Metaspace       used 76604K, capacity 84618K, committed 84864K, reserved 1120256K
  class space    used 12026K, capacity 14436K, committed 14464K, reserved 1048576K
Event: 100.330 GC heap after
Heap after GC invocations=134 (full 5):
 PSYoungGen      total 648704K, used 23616K [0x00000000d5f00000, 0x00000000fff80000, 0x0000000100000000)
  eden space 608256K, 0% used [0x00000000d5f00000,0x00000000d5f00000,0x00000000fb100000)
  from space 40448K, 58% used [0x00000000fb100000,0x00000000fc810050,0x00000000fd880000)
  to   space 39936K, 0% used [0x00000000fd880000,0x00000000fd880000,0x00000000fff80000)
 ParOldGen       total 355840K, used 299098K [0x0000000081c00000, 0x0000000097780000, 0x00000000d5f00000)
  object space 355840K, 84% used [0x0000000081c00000,0x0000000094016ba8,0x0000000097780000)
 Metaspace       used 76604K, capacity 84618K, committed 84864K, reserved 1120256K
  class space    used 12026K, capacity 14436K, committed 14464K, reserved 1048576K
}
Event: 101.123 GC heap before
{Heap before GC invocations=135 (full 5):
 PSYoungGen      total 648704K, used 631872K [0x00000000d5f00000, 0x00000000fff80000, 0x0000000100000000)
  eden space 608256K, 100% used [0x00000000d5f00000,0x00000000fb100000,0x00000000fb100000)
  from space 40448K, 58% used [0x00000000fb100000,0x00000000fc810050,0x00000000fd880000)
  to   space 39936K, 0% used [0x00000000fd880000,0x00000000fd880000,0x00000000fff80000)
 ParOldGen       total 355840K, used 299098K [0x0000000081c00000, 0x0000000097780000, 0x00000000d5f00000)
  object space 355840K, 84% used [0x0000000081c00000,0x0000000094016ba8,0x0000000097780000)
 Metaspace       used 76605K, capacity 84618K, committed 84864K, reserved 1120256K
  class space    used 12026K, capacity 14436K, committed 14464K, reserved 1048576K
Event: 101.156 GC heap after
Heap after GC invocations=135 (full 5):
 PSYoungGen      total 647680K, used 22784K [0x00000000d5f00000, 0x00000000ffe80000, 0x0000000100000000)
  eden space 608768K, 0% used [0x00000000d5f00000,0x00000000d5f00000,0x00000000fb180000)
  from space 38912K, 58% used [0x00000000fd880000,0x00000000feec0020,0x00000000ffe80000)
  to   space 39424K, 0% used [0x00000000fb180000,0x00000000fb180000,0x00000000fd800000)
 ParOldGen       total 355840K, used 300234K [0x0000000081c00000, 0x0000000097780000, 0x00000000d5f00000)
  object space 355840K, 84% used [0x0000000081c00000,0x0000000094132bd8,0x0000000097780000)
 Metaspace       used 76605K, capacity 84618K, committed 84864K, reserved 1120256K
  class space    used 12026K, capacity 14436K, committed 14464K, reserved 1048576K
}
Event: 102.086 GC heap before
{Heap before GC invocations=136 (full 5):
 PSYoungGen      total 647680K, used 631552K [0x00000000d5f00000, 0x00000000ffe80000, 0x0000000100000000)
  eden space 608768K, 100% used [0x00000000d5f00000,0x00000000fb180000,0x00000000fb180000)
  from space 38912K, 58% used [0x00000000fd880000,0x00000000feec0020,0x00000000ffe80000)
  to   space 39424K, 0% used [0x00000000fb180000,0x00000000fb180000,0x00000000fd800000)
 ParOldGen       total 355840K, used 300234K [0x0000000081c00000, 0x0000000097780000, 0x00000000d5f00000)
  object space 355840K, 84% used [0x0000000081c00000,0x0000000094132bd8,0x0000000097780000)
 Metaspace       used 76606K, capacity 84618K, committed 84864K, reserved 1120256K
  class space    used 12026K, capacity 14436K, committed 14464K, reserved 1048576K
Event: 102.500 GC heap after
Heap after GC invocations=136 (full 5):
 PSYoungGen      total 648192K, used 21920K [0x00000000d5f00000, 0x00000000ffd80000, 0x0000000100000000)
  eden space 608768K, 0% used [0x00000000d5f00000,0x00000000d5f00000,0x00000000fb180000)
  from space 39424K, 55% used [0x00000000fb180000,0x00000000fc6e8020,0x00000000fd800000)
  to   space 37888K, 0% used [0x00000000fd880000,0x00000000fd880000,0x00000000ffd80000)
 ParOldGen       total 355840K, used 301530K [0x0000000081c00000, 0x0000000097780000, 0x00000000d5f00000)
  object space 355840K, 84% used [0x0000000081c00000,0x0000000094276bd8,0x0000000097780000)
 Metaspace       used 76606K, capacity 84618K, committed 84864K, reserved 1120256K
  class space    used 12026K, capacity 14436K, committed 14464K, reserved 1048576K
}
Event: 104.346 GC heap before
{Heap before GC invocations=137 (full 5):
 PSYoungGen      total 648192K, used 630688K [0x00000000d5f00000, 0x00000000ffd80000, 0x0000000100000000)
  eden space 608768K, 100% used [0x00000000d5f00000,0x00000000fb180000,0x00000000fb180000)
  from space 39424K, 55% used [0x00000000fb180000,0x00000000fc6e8020,0x00000000fd800000)
  to   space 37888K, 0% used [0x00000000fd880000,0x00000000fd880000,0x00000000ffd80000)
 ParOldGen       total 355840K, used 301530K [0x0000000081c00000, 0x0000000097780000, 0x00000000d5f00000)
  object space 355840K, 84% used [0x0000000081c00000,0x0000000094276bd8,0x0000000097780000)
 Metaspace       used 76606K, capacity 84618K, committed 84864K, reserved 1120256K
  class space    used 12026K, capacity 14436K, committed 14464K, reserved 1048576K
Event: 104.390 GC heap after
Heap after GC invocations=137 (full 5):
 PSYoungGen      total 647680K, used 21024K [0x00000000d5f00000, 0x00000000ffb80000, 0x0000000100000000)
  eden space 611840K, 0% used [0x00000000d5f00000,0x00000000d5f00000,0x00000000fb480000)
  from space 35840K, 58% used [0x00000000fd880000,0x00000000fed08020,0x00000000ffb80000)
  to   space 36352K, 0% used [0x00000000fb480000,0x00000000fb480000,0x00000000fd800000)
 ParOldGen       total 355840K, used 302818K [0x0000000081c00000, 0x0000000097780000, 0x00000000d5f00000)
  object space 355840K, 85% used [0x0000000081c00000,0x00000000943b8bd8,0x0000000097780000)
 Metaspace       used 76606K, capacity 84618K, committed 84864K, reserved 1120256K
  class space    used 12026K, capacity 14436K, committed 14464K, reserved 1048576K
}
Event: 105.619 GC heap before
{Heap before GC invocations=138 (full 5):
 PSYoungGen      total 647680K, used 632864K [0x00000000d5f00000, 0x00000000ffb80000, 0x0000000100000000)
  eden space 611840K, 100% used [0x00000000d5f00000,0x00000000fb480000,0x00000000fb480000)
  from space 35840K, 58% used [0x00000000fd880000,0x00000000fed08020,0x00000000ffb80000)
  to   space 36352K, 0% used [0x00000000fb480000,0x00000000fb480000,0x00000000fd800000)
 ParOldGen       total 355840K, used 302818K [0x0000000081c00000, 0x0000000097780000, 0x00000000d5f00000)
  object space 355840K, 85% used [0x0000000081c00000,0x00000000943b8bd8,0x0000000097780000)
 Metaspace       used 76606K, capacity 84618K, committed 84864K, reserved 1120256K
  class space    used 12026K, capacity 14436K, committed 14464K, reserved 1048576K
Event: 105.652 GC heap after
Heap after GC invocations=138 (full 5):
 PSYoungGen      total 648192K, used 15872K [0x00000000d5f00000, 0x00000000ffb80000, 0x0000000100000000)
  eden space 611840K, 0% used [0x00000000d5f00000,0x00000000d5f00000,0x00000000fb480000)
  from space 36352K, 43% used [0x00000000fb480000,0x00000000fc400020,0x00000000fd800000)
  to   space 35840K, 0% used [0x00000000fd880000,0x00000000fd880000,0x00000000ffb80000)
 ParOldGen       total 355840K, used 308402K [0x0000000081c00000, 0x0000000097780000, 0x00000000d5f00000)
  object space 355840K, 86% used [0x0000000081c00000,0x000000009492cbe8,0x0000000097780000)
 Metaspace       used 76606K, capacity 84618K, committed 84864K, reserved 1120256K
  class space    used 12026K, capacity 14436K, committed 14464K, reserved 1048576K
}

