# JRE version: Java(TM) SE Runtime Environment (8.0_51-b16) (build 1.8.0_51-b16)
# Java VM: Java HotSpot(TM) 64-Bit Server VM (25.51-b03 mixed mode windows-amd64 compressed oops)
Heap:
 PSYoungGen      total 583168K, used 547359K [0x00000000d5f00000, 0x0000000100000000, 0x0000000100000000)
  eden space 527360K, 93% used [0x00000000d5f00000,0x00000000f3f4f9e0,0x00000000f6200000)
  from space 55808K, 99% used [0x00000000f6200000,0x00000000f98383c0,0x00000000f9880000)
  to   space 82432K, 0% used [0x00000000faf80000,0x00000000faf80000,0x0000000100000000)
 ParOldGen       total 1264640K, used 1091604K [0x0000000081c00000, 0x00000000cef00000, 0x00000000d5f00000)
  object space 1264640K, 86% used [0x0000000081c00000,0x00000000c4605010,0x00000000cef00000)
 Metaspace       used 94734K, capacity 106192K, committed 106752K, reserved 1138688K
  class space    used 13849K, capacity 16628K, committed 16896K, reserved 1048576K
GC Heap History (10 events):
Event: 1485.894 GC heap before
{Heap before GC invocations=504 (full 15):
 PSYoungGen      total 599040K, used 576481K [0x00000000d5f00000, 0x00000000ff380000, 0x0000000100000000)
  eden space 528384K, 100% used [0x00000000d5f00000,0x00000000f6300000,0x00000000f6300000)
  from space 70656K, 68% used [0x00000000faa00000,0x00000000fd8f8450,0x00000000fef00000)
  to   space 72704K, 0% used [0x00000000f6300000,0x00000000f6300000,0x00000000faa00000)
 ParOldGen       total 1264640K, used 1076921K [0x0000000081c00000, 0x00000000cef00000, 0x00000000d5f00000)
  object space 1264640K, 85% used [0x0000000081c00000,0x00000000c37ae568,0x00000000cef00000)
 Metaspace       used 94733K, capacity 106192K, committed 106752K, reserved 1138688K
  class space    used 13849K, capacity 16628K, committed 16896K, reserved 1048576K
Event: 1485.923 GC heap after
Heap after GC invocations=504 (full 15):
 PSYoungGen      total 601088K, used 50152K [0x00000000d5f00000, 0x0000000100000000, 0x0000000100000000)
  eden space 528384K, 0% used [0x00000000d5f00000,0x00000000d5f00000,0x00000000f6300000)
  from space 72704K, 68% used [0x00000000f6300000,0x00000000f93fa3a0,0x00000000faa00000)
  to   space 74752K, 0% used [0x00000000fb700000,0x00000000fb700000,0x0000000100000000)
 ParOldGen       total 1264640K, used 1078440K [0x0000000081c00000, 0x00000000cef00000, 0x00000000d5f00000)
  object space 1264640K, 85% used [0x0000000081c00000,0x00000000c392a1a8,0x00000000cef00000)
 Metaspace       used 94733K, capacity 106192K, committed 106752K, reserved 1138688K
  class space    used 13849K, capacity 16628K, committed 16896K, reserved 1048576K
}
Event: 1487.831 GC heap before
{Heap before GC invocations=505 (full 15):
 PSYoungGen      total 601088K, used 578536K [0x00000000d5f00000, 0x0000000100000000, 0x0000000100000000)
  eden space 528384K, 100% used [0x00000000d5f00000,0x00000000f6300000,0x00000000f6300000)
  from space 72704K, 68% used [0x00000000f6300000,0x00000000f93fa3a0,0x00000000faa00000)
  to   space 74752K, 0% used [0x00000000fb700000,0x00000000fb700000,0x0000000100000000)
 ParOldGen       total 1264640K, used 1078442K [0x0000000081c00000, 0x00000000cef00000, 0x00000000d5f00000)
  object space 1264640K, 85% used [0x0000000081c00000,0x00000000c392a9d0,0x00000000cef00000)
 Metaspace       used 94733K, capacity 106192K, committed 106752K, reserved 1138688K
  class space    used 13849K, capacity 16628K, committed 16896K, reserved 1048576K
Event: 1487.857 GC heap after
Heap after GC invocations=505 (full 15):
 PSYoungGen      total 609280K, used 52465K [0x00000000d5f00000, 0x0000000100000000, 0x0000000100000000)
  eden space 534528K, 0% used [0x00000000d5f00000,0x00000000d5f00000,0x00000000f6900000)
  from space 74752K, 70% used [0x00000000fb700000,0x00000000fea3c640,0x0000000100000000)
  to   space 77312K, 0% used [0x00000000f6900000,0x00000000f6900000,0x00000000fb480000)
 ParOldGen       total 1264640K, used 1080560K [0x0000000081c00000, 0x00000000cef00000, 0x00000000d5f00000)
  object space 1264640K, 85% used [0x0000000081c00000,0x00000000c3b3c230,0x00000000cef00000)
 Metaspace       used 94733K, capacity 106192K, committed 106752K, reserved 1138688K
  class space    used 13849K, capacity 16628K, committed 16896K, reserved 1048576K
}
Event: 1489.715 GC heap before
{Heap before GC invocations=506 (full 15):
 PSYoungGen      total 609280K, used 586993K [0x00000000d5f00000, 0x0000000100000000, 0x0000000100000000)
  eden space 534528K, 100% used [0x00000000d5f00000,0x00000000f6900000,0x00000000f6900000)
  from space 74752K, 70% used [0x00000000fb700000,0x00000000fea3c640,0x0000000100000000)
  to   space 77312K, 0% used [0x00000000f6900000,0x00000000f6900000,0x00000000fb480000)
 ParOldGen       total 1264640K, used 1081146K [0x0000000081c00000, 0x00000000cef00000, 0x00000000d5f00000)
  object space 1264640K, 85% used [0x0000000081c00000,0x00000000c3bceb30,0x00000000cef00000)
 Metaspace       used 94733K, capacity 106192K, committed 106752K, reserved 1138688K
  class space    used 13849K, capacity 16628K, committed 16896K, reserved 1048576K
Event: 1489.733 GC heap after
Heap after GC invocations=506 (full 15):
 PSYoungGen      total 587264K, used 52608K [0x00000000d5f00000, 0x0000000100000000, 0x0000000100000000)
  eden space 534528K, 0% used [0x00000000d5f00000,0x00000000d5f00000,0x00000000f6900000)
  from space 52736K, 99% used [0x00000000f6900000,0x00000000f9c60080,0x00000000f9c80000)
  to   space 78848K, 0% used [0x00000000fb300000,0x00000000fb300000,0x0000000100000000)
 ParOldGen       total 1264640K, used 1084338K [0x0000000081c00000, 0x00000000cef00000, 0x00000000d5f00000)
  object space 1264640K, 85% used [0x0000000081c00000,0x00000000c3eeca40,0x00000000cef00000)
 Metaspace       used 94733K, capacity 106192K, committed 106752K, reserved 1138688K
  class space    used 13849K, capacity 16628K, committed 16896K, reserved 1048576K
}
Event: 1491.641 GC heap before
{Heap before GC invocations=507 (full 15):
 PSYoungGen      total 587264K, used 587136K [0x00000000d5f00000, 0x0000000100000000, 0x0000000100000000)
  eden space 534528K, 100% used [0x00000000d5f00000,0x00000000f6900000,0x00000000f6900000)
  from space 52736K, 99% used [0x00000000f6900000,0x00000000f9c60080,0x00000000f9c80000)
  to   space 78848K, 0% used [0x00000000fb300000,0x00000000fb300000,0x0000000100000000)
 ParOldGen       total 1264640K, used 1084678K [0x0000000081c00000, 0x00000000cef00000, 0x00000000d5f00000)
  object space 1264640K, 85% used [0x0000000081c00000,0x00000000c3f41b50,0x00000000cef00000)
 Metaspace       used 94733K, capacity 106192K, committed 106752K, reserved 1138688K
  class space    used 13849K, capacity 16628K, committed 16896K, reserved 1048576K
Event: 1491.658 GC heap after
Heap after GC invocations=507 (full 15):
 PSYoungGen      total 606208K, used 54243K [0x00000000d5f00000, 0x0000000100000000, 0x0000000100000000)
  eden space 527360K, 0% used [0x00000000d5f00000,0x00000000d5f00000,0x00000000f6200000)
  from space 78848K, 68% used [0x00000000fb300000,0x00000000fe7f8ec0,0x0000000100000000)
  to   space 80896K, 0% used [0x00000000f6200000,0x00000000f6200000,0x00000000fb100000)
 ParOldGen       total 1264640K, used 1087147K [0x0000000081c00000, 0x00000000cef00000, 0x00000000d5f00000)
  object space 1264640K, 85% used [0x0000000081c00000,0x00000000c41aafe0,0x00000000cef00000)
 Metaspace       used 94733K, capacity 106192K, committed 106752K, reserved 1138688K
  class space    used 13849K, capacity 16628K, committed 16896K, reserved 1048576K
}
Event: 1493.572 GC heap before
{Heap before GC invocations=508 (full 15):
 PSYoungGen      total 606208K, used 581603K [0x00000000d5f00000, 0x0000000100000000, 0x0000000100000000)
  eden space 527360K, 100% used [0x00000000d5f00000,0x00000000f6200000,0x00000000f6200000)
  from space 78848K, 68% used [0x00000000fb300000,0x00000000fe7f8ec0,0x0000000100000000)
  to   space 80896K, 0% used [0x00000000f6200000,0x00000000f6200000,0x00000000fb100000)
 ParOldGen       total 1264640K, used 1088620K [0x0000000081c00000, 0x00000000cef00000, 0x00000000d5f00000)
  object space 1264640K, 86% used [0x0000000081c00000,0x00000000c431b030,0x00000000cef00000)
 Metaspace       used 94733K, capacity 106192K, committed 106752K, reserved 1138688K
  class space    used 13849K, capacity 16628K, committed 16896K, reserved 1048576K
Event: 1493.592 GC heap after
Heap after GC invocations=508 (full 15):
 PSYoungGen      total 583168K, used 55520K [0x00000000d5f00000, 0x0000000100000000, 0x0000000100000000)
  eden space 527360K, 0% used [0x00000000d5f00000,0x00000000d5f00000,0x00000000f6200000)
  from space 55808K, 99% used [0x00000000f6200000,0x00000000f98383c0,0x00000000f9880000)
  to   space 82432K, 0% used [0x00000000faf80000,0x00000000faf80000,0x0000000100000000)
 ParOldGen       total 1264640K, used 1091604K [0x0000000081c00000, 0x00000000cef00000, 0x00000000d5f00000)
  object space 1264640K, 86% used [0x0000000081c00000,0x00000000c4605010,0x00000000cef00000)
 Metaspace       used 94733K, capacity 106192K, committed 106752K, reserved 1138688K
  class space    used 13849K, capacity 16628K, committed 16896K, reserved 1048576K
}

