# JRE version: Java(TM) SE Runtime Environment (8.0_51-b16) (build 1.8.0_51-b16)
# Java VM: Java HotSpot(TM) 64-Bit Server VM (25.51-b03 mixed mode windows-amd64 compressed oops)
Heap:
 PSYoungGen      total 451584K, used 333582K [0x00000000d5f00000, 0x00000000fd400000, 0x0000000100000000)
  eden space 267776K, 55% used [0x00000000d5f00000,0x00000000df146620,0x00000000e6480000)
  from space 183808K, 99% used [0x00000000f2080000,0x00000000fd3fd320,0x00000000fd400000)
  to   space 162304K, 0% used [0x00000000e6480000,0x00000000e6480000,0x00000000f0300000)
 ParOldGen       total 843776K, used 662564K [0x0000000081c00000, 0x00000000b5400000, 0x00000000d5f00000)
  object space 843776K, 78% used [0x0000000081c00000,0x00000000aa3093d0,0x00000000b5400000)
 Metaspace       used 91691K, capacity 103298K, committed 103552K, reserved 1136640K
  class space    used 14128K, capacity 17207K, committed 17280K, reserved 1048576K
GC Heap History (10 events):
Event: 210.434 GC heap before
{Heap before GC invocations=164 (full 8):
 PSYoungGen      total 430080K, used 364228K [0x00000000d5f00000, 0x00000000fd400000, 0x0000000100000000)
  eden space 267776K, 100% used [0x00000000d5f00000,0x00000000e6480000,0x00000000e6480000)
  from space 162304K, 59% used [0x00000000e6480000,0x00000000ec2b1150,0x00000000f0300000)
  to   space 183808K, 0% used [0x00000000f2080000,0x00000000f2080000,0x00000000fd400000)
 ParOldGen       total 843776K, used 521880K [0x0000000081c00000, 0x00000000b5400000, 0x00000000d5f00000)
  object space 843776K, 61% used [0x0000000081c00000,0x00000000a19a60b8,0x00000000b5400000)
 Metaspace       used 82460K, capacity 92426K, committed 92672K, reserved 1126400K
  class space    used 12931K, capacity 15796K, committed 15872K, reserved 1048576K
Event: 210.760 GC heap after
Heap after GC invocations=164 (full 8):
 PSYoungGen      total 451584K, used 167372K [0x00000000d5f00000, 0x00000000fd400000, 0x0000000100000000)
  eden space 267776K, 0% used [0x00000000d5f00000,0x00000000d5f00000,0x00000000e6480000)
  from space 183808K, 91% used [0x00000000f2080000,0x00000000fc3f3108,0x00000000fd400000)
  to   space 162304K, 0% used [0x00000000e6480000,0x00000000e6480000,0x00000000f0300000)
 ParOldGen       total 843776K, used 524440K [0x0000000081c00000, 0x00000000b5400000, 0x00000000d5f00000)
  object space 843776K, 62% used [0x0000000081c00000,0x00000000a1c26118,0x00000000b5400000)
 Metaspace       used 82460K, capacity 92426K, committed 92672K, reserved 1126400K
  class space    used 12931K, capacity 15796K, committed 15872K, reserved 1048576K
}
Event: 215.726 GC heap before
{Heap before GC invocations=165 (full 8):
 PSYoungGen      total 451584K, used 435148K [0x00000000d5f00000, 0x00000000fd400000, 0x0000000100000000)
  eden space 267776K, 100% used [0x00000000d5f00000,0x00000000e6480000,0x00000000e6480000)
  from space 183808K, 91% used [0x00000000f2080000,0x00000000fc3f3108,0x00000000fd400000)
  to   space 162304K, 0% used [0x00000000e6480000,0x00000000e6480000,0x00000000f0300000)
 ParOldGen       total 843776K, used 524440K [0x0000000081c00000, 0x00000000b5400000, 0x00000000d5f00000)
  object space 843776K, 62% used [0x0000000081c00000,0x00000000a1c26118,0x00000000b5400000)
 Metaspace       used 83503K, capacity 93596K, committed 93824K, reserved 1126400K
  class space    used 13089K, capacity 15963K, committed 16000K, reserved 1048576K
Event: 216.143 GC heap after
Heap after GC invocations=165 (full 8):
 PSYoungGen      total 430080K, used 162303K [0x00000000d5f00000, 0x00000000fd400000, 0x0000000100000000)
  eden space 267776K, 0% used [0x00000000d5f00000,0x00000000d5f00000,0x00000000e6480000)
  from space 162304K, 99% used [0x00000000e6480000,0x00000000f02fff10,0x00000000f0300000)
  to   space 183808K, 0% used [0x00000000f2080000,0x00000000f2080000,0x00000000fd400000)
 ParOldGen       total 843776K, used 579395K [0x0000000081c00000, 0x00000000b5400000, 0x00000000d5f00000)
  object space 843776K, 68% used [0x0000000081c00000,0x00000000a51d0f58,0x00000000b5400000)
 Metaspace       used 83503K, capacity 93596K, committed 93824K, reserved 1126400K
  class space    used 13089K, capacity 15963K, committed 16000K, reserved 1048576K
}
Event: 219.898 GC heap before
{Heap before GC invocations=166 (full 8):
 PSYoungGen      total 430080K, used 430079K [0x00000000d5f00000, 0x00000000fd400000, 0x0000000100000000)
  eden space 267776K, 100% used [0x00000000d5f00000,0x00000000e6480000,0x00000000e6480000)
  from space 162304K, 99% used [0x00000000e6480000,0x00000000f02fff10,0x00000000f0300000)
  to   space 183808K, 0% used [0x00000000f2080000,0x00000000f2080000,0x00000000fd400000)
 ParOldGen       total 843776K, used 579395K [0x0000000081c00000, 0x00000000b5400000, 0x00000000d5f00000)
  object space 843776K, 68% used [0x0000000081c00000,0x00000000a51d0f58,0x00000000b5400000)
 Metaspace       used 84447K, capacity 95032K, committed 95104K, reserved 1128448K
  class space    used 13256K, capacity 16185K, committed 16256K, reserved 1048576K
Event: 220.140 GC heap after
Heap after GC invocations=166 (full 8):
 PSYoungGen      total 451584K, used 140099K [0x00000000d5f00000, 0x00000000fd400000, 0x0000000100000000)
  eden space 267776K, 0% used [0x00000000d5f00000,0x00000000d5f00000,0x00000000e6480000)
  from space 183808K, 76% used [0x00000000f2080000,0x00000000fa950f40,0x00000000fd400000)
  to   space 162304K, 0% used [0x00000000e6480000,0x00000000e6480000,0x00000000f0300000)
 ParOldGen       total 843776K, used 589739K [0x0000000081c00000, 0x00000000b5400000, 0x00000000d5f00000)
  object space 843776K, 69% used [0x0000000081c00000,0x00000000a5beafa8,0x00000000b5400000)
 Metaspace       used 84447K, capacity 95032K, committed 95104K, reserved 1128448K
  class space    used 13256K, capacity 16185K, committed 16256K, reserved 1048576K
}
Event: 222.959 GC heap before
{Heap before GC invocations=167 (full 8):
 PSYoungGen      total 451584K, used 407875K [0x00000000d5f00000, 0x00000000fd400000, 0x0000000100000000)
  eden space 267776K, 100% used [0x00000000d5f00000,0x00000000e6480000,0x00000000e6480000)
  from space 183808K, 76% used [0x00000000f2080000,0x00000000fa950f40,0x00000000fd400000)
  to   space 162304K, 0% used [0x00000000e6480000,0x00000000e6480000,0x00000000f0300000)
 ParOldGen       total 843776K, used 589739K [0x0000000081c00000, 0x00000000b5400000, 0x00000000d5f00000)
  object space 843776K, 69% used [0x0000000081c00000,0x00000000a5beafa8,0x00000000b5400000)
 Metaspace       used 86686K, capacity 97710K, committed 97792K, reserved 1130496K
  class space    used 13545K, capacity 16575K, committed 16640K, reserved 1048576K
Event: 223.380 GC heap after
Heap after GC invocations=167 (full 8):
 PSYoungGen      total 430080K, used 162283K [0x00000000d5f00000, 0x00000000fd400000, 0x0000000100000000)
  eden space 267776K, 0% used [0x00000000d5f00000,0x00000000d5f00000,0x00000000e6480000)
  from space 162304K, 99% used [0x00000000e6480000,0x00000000f02fafd0,0x00000000f0300000)
  to   space 183808K, 0% used [0x00000000f2080000,0x00000000f2080000,0x00000000fd400000)
 ParOldGen       total 843776K, used 651167K [0x0000000081c00000, 0x00000000b5400000, 0x00000000d5f00000)
  object space 843776K, 77% used [0x0000000081c00000,0x00000000a97e7ec0,0x00000000b5400000)
 Metaspace       used 86686K, capacity 97710K, committed 97792K, reserved 1130496K
  class space    used 13545K, capacity 16575K, committed 16640K, reserved 1048576K
}
Event: 226.435 GC heap before
{Heap before GC invocations=168 (full 8):
 PSYoungGen      total 430080K, used 430059K [0x00000000d5f00000, 0x00000000fd400000, 0x0000000100000000)
  eden space 267776K, 100% used [0x00000000d5f00000,0x00000000e6480000,0x00000000e6480000)
  from space 162304K, 99% used [0x00000000e6480000,0x00000000f02fafd0,0x00000000f0300000)
  to   space 183808K, 0% used [0x00000000f2080000,0x00000000f2080000,0x00000000fd400000)
 ParOldGen       total 843776K, used 651167K [0x0000000081c00000, 0x00000000b5400000, 0x00000000d5f00000)
  object space 843776K, 77% used [0x0000000081c00000,0x00000000a97e7ec0,0x00000000b5400000)
 Metaspace       used 87451K, capacity 98574K, committed 98944K, reserved 1132544K
  class space    used 13610K, capacity 16653K, committed 16768K, reserved 1048576K
Event: 226.652 GC heap after
Heap after GC invocations=168 (full 8):
 PSYoungGen      total 451584K, used 183796K [0x00000000d5f00000, 0x00000000fd400000, 0x0000000100000000)
  eden space 267776K, 0% used [0x00000000d5f00000,0x00000000d5f00000,0x00000000e6480000)
  from space 183808K, 99% used [0x00000000f2080000,0x00000000fd3fd320,0x00000000fd400000)
  to   space 162304K, 0% used [0x00000000e6480000,0x00000000e6480000,0x00000000f0300000)
 ParOldGen       total 843776K, used 662564K [0x0000000081c00000, 0x00000000b5400000, 0x00000000d5f00000)
  object space 843776K, 78% used [0x0000000081c00000,0x00000000aa3093d0,0x00000000b5400000)
 Metaspace       used 87451K, capacity 98574K, committed 98944K, reserved 1132544K
  class space    used 13610K, capacity 16653K, committed 16768K, reserved 1048576K
}

