# JRE version: Java(TM) SE Runtime Environment (8.0_51-b16) (build 1.8.0_51-b16)
# Java VM: Java HotSpot(TM) 64-Bit Server VM (25.51-b03 mixed mode windows-amd64 compressed oops)
Heap:
 PSYoungGen      total 615424K, used 171067K [0x00000000d5f00000, 0x0000000100000000, 0x0000000100000000)
  eden space 548864K, 22% used [0x00000000d5f00000,0x00000000dd61cb38,0x00000000f7700000)
  from space 66560K, 73% used [0x00000000f7700000,0x00000000fa6f2200,0x00000000fb800000)
  to   space 68608K, 0% used [0x00000000fbd00000,0x00000000fbd00000,0x0000000100000000)
 ParOldGen       total 344576K, used 267512K [0x0000000081c00000, 0x0000000096c80000, 0x00000000d5f00000)
  object space 344576K, 77% used [0x0000000081c00000,0x000000009213e190,0x0000000096c80000)
 Metaspace       used 76641K, capacity 84540K, committed 84608K, reserved 1118208K
  class space    used 12363K, capacity 14957K, committed 14976K, reserved 1048576K
GC Heap History (10 events):
Event: 63.513 GC heap before
{Heap before GC invocations=95 (full 6):
 PSYoungGen      total 615424K, used 596595K [0x00000000d5f00000, 0x0000000100000000, 0x0000000100000000)
  eden space 546816K, 100% used [0x00000000d5f00000,0x00000000f7500000,0x00000000f7500000)
  from space 68608K, 72% used [0x00000000fbd00000,0x00000000fed9cf28,0x0000000100000000)
  to   space 71168K, 0% used [0x00000000f7500000,0x00000000f7500000,0x00000000fba80000)
 ParOldGen       total 344576K, used 263195K [0x0000000081c00000, 0x0000000096c80000, 0x00000000d5f00000)
  object space 344576K, 76% used [0x0000000081c00000,0x0000000091d06e28,0x0000000096c80000)
 Metaspace       used 74573K, capacity 82206K, committed 82432K, reserved 1118208K
  class space    used 12023K, capacity 14514K, committed 14592K, reserved 1048576K
Event: 63.553 GC heap after
Heap after GC invocations=95 (full 6):
 PSYoungGen      total 617984K, used 28847K [0x00000000d5f00000, 0x00000000ffd80000, 0x0000000100000000)
  eden space 546816K, 0% used [0x00000000d5f00000,0x00000000d5f00000,0x00000000f7500000)
  from space 71168K, 40% used [0x00000000f7500000,0x00000000f912bfc8,0x00000000fba80000)
  to   space 68608K, 0% used [0x00000000fba80000,0x00000000fba80000,0x00000000ffd80000)
 ParOldGen       total 344576K, used 264003K [0x0000000081c00000, 0x0000000096c80000, 0x00000000d5f00000)
  object space 344576K, 76% used [0x0000000081c00000,0x0000000091dd0e48,0x0000000096c80000)
 Metaspace       used 74573K, capacity 82206K, committed 82432K, reserved 1118208K
  class space    used 12023K, capacity 14514K, committed 14592K, reserved 1048576K
}
Event: 64.036 GC heap before
{Heap before GC invocations=96 (full 6):
 PSYoungGen      total 617984K, used 575663K [0x00000000d5f00000, 0x00000000ffd80000, 0x0000000100000000)
  eden space 546816K, 100% used [0x00000000d5f00000,0x00000000f7500000,0x00000000f7500000)
  from space 71168K, 40% used [0x00000000f7500000,0x00000000f912bfc8,0x00000000fba80000)
  to   space 68608K, 0% used [0x00000000fba80000,0x00000000fba80000,0x00000000ffd80000)
 ParOldGen       total 344576K, used 264003K [0x0000000081c00000, 0x0000000096c80000, 0x00000000d5f00000)
  object space 344576K, 76% used [0x0000000081c00000,0x0000000091dd0e48,0x0000000096c80000)
 Metaspace       used 74817K, capacity 82490K, committed 82688K, reserved 1118208K
  class space    used 12074K, capacity 14576K, committed 14592K, reserved 1048576K
Event: 64.134 GC heap after
Heap after GC invocations=96 (full 6):
 PSYoungGen      total 615424K, used 50550K [0x00000000d5f00000, 0x0000000100000000, 0x0000000100000000)
  eden space 546816K, 0% used [0x00000000d5f00000,0x00000000d5f00000,0x00000000f7500000)
  from space 68608K, 73% used [0x00000000fba80000,0x00000000febddb98,0x00000000ffd80000)
  to   space 71168K, 0% used [0x00000000f7500000,0x00000000f7500000,0x00000000fba80000)
 ParOldGen       total 344576K, used 265029K [0x0000000081c00000, 0x0000000096c80000, 0x00000000d5f00000)
  object space 344576K, 76% used [0x0000000081c00000,0x0000000091ed14b0,0x0000000096c80000)
 Metaspace       used 74817K, capacity 82490K, committed 82688K, reserved 1118208K
  class space    used 12074K, capacity 14576K, committed 14592K, reserved 1048576K
}
Event: 64.501 GC heap before
{Heap before GC invocations=97 (full 6):
 PSYoungGen      total 615424K, used 597366K [0x00000000d5f00000, 0x0000000100000000, 0x0000000100000000)
  eden space 546816K, 100% used [0x00000000d5f00000,0x00000000f7500000,0x00000000f7500000)
  from space 68608K, 73% used [0x00000000fba80000,0x00000000febddb98,0x00000000ffd80000)
  to   space 71168K, 0% used [0x00000000f7500000,0x00000000f7500000,0x00000000fba80000)
 ParOldGen       total 344576K, used 265029K [0x0000000081c00000, 0x0000000096c80000, 0x00000000d5f00000)
  object space 344576K, 76% used [0x0000000081c00000,0x0000000091ed14b0,0x0000000096c80000)
 Metaspace       used 75096K, capacity 82776K, committed 82944K, reserved 1118208K
  class space    used 12109K, capacity 14583K, committed 14592K, reserved 1048576K
Event: 64.543 GC heap after
Heap after GC invocations=97 (full 6):
 PSYoungGen      total 617984K, used 28466K [0x00000000d5f00000, 0x00000000ffe80000, 0x0000000100000000)
  eden space 546816K, 0% used [0x00000000d5f00000,0x00000000d5f00000,0x00000000f7500000)
  from space 71168K, 39% used [0x00000000f7500000,0x00000000f90cc9e8,0x00000000fba80000)
  to   space 69120K, 0% used [0x00000000fbb00000,0x00000000fbb00000,0x00000000ffe80000)
 ParOldGen       total 344576K, used 266496K [0x0000000081c00000, 0x0000000096c80000, 0x00000000d5f00000)
  object space 344576K, 77% used [0x0000000081c00000,0x0000000092040150,0x0000000096c80000)
 Metaspace       used 75096K, capacity 82776K, committed 82944K, reserved 1118208K
  class space    used 12109K, capacity 14583K, committed 14592K, reserved 1048576K
}
Event: 64.883 GC heap before
{Heap before GC invocations=98 (full 6):
 PSYoungGen      total 617984K, used 575282K [0x00000000d5f00000, 0x00000000ffe80000, 0x0000000100000000)
  eden space 546816K, 100% used [0x00000000d5f00000,0x00000000f7500000,0x00000000f7500000)
  from space 71168K, 39% used [0x00000000f7500000,0x00000000f90cc9e8,0x00000000fba80000)
  to   space 69120K, 0% used [0x00000000fbb00000,0x00000000fbb00000,0x00000000ffe80000)
 ParOldGen       total 344576K, used 266496K [0x0000000081c00000, 0x0000000096c80000, 0x00000000d5f00000)
  object space 344576K, 77% used [0x0000000081c00000,0x0000000092040150,0x0000000096c80000)
 Metaspace       used 75374K, capacity 83182K, committed 83328K, reserved 1118208K
  class space    used 12164K, capacity 14684K, committed 14720K, reserved 1048576K
Event: 64.928 GC heap after
Heap after GC invocations=98 (full 6):
 PSYoungGen      total 612352K, used 31044K [0x00000000d5f00000, 0x00000000ff900000, 0x0000000100000000)
  eden space 548864K, 0% used [0x00000000d5f00000,0x00000000d5f00000,0x00000000f7700000)
  from space 63488K, 48% used [0x00000000fbb00000,0x00000000fd9513a0,0x00000000ff900000)
  to   space 66560K, 0% used [0x00000000f7700000,0x00000000f7700000,0x00000000fb800000)
 ParOldGen       total 344576K, used 267256K [0x0000000081c00000, 0x0000000096c80000, 0x00000000d5f00000)
  object space 344576K, 77% used [0x0000000081c00000,0x00000000920fe160,0x0000000096c80000)
 Metaspace       used 75374K, capacity 83182K, committed 83328K, reserved 1118208K
  class space    used 12164K, capacity 14684K, committed 14720K, reserved 1048576K
}
Event: 65.804 GC heap before
{Heap before GC invocations=99 (full 6):
 PSYoungGen      total 612352K, used 579908K [0x00000000d5f00000, 0x00000000ff900000, 0x0000000100000000)
  eden space 548864K, 100% used [0x00000000d5f00000,0x00000000f7700000,0x00000000f7700000)
  from space 63488K, 48% used [0x00000000fbb00000,0x00000000fd9513a0,0x00000000ff900000)
  to   space 66560K, 0% used [0x00000000f7700000,0x00000000f7700000,0x00000000fb800000)
 ParOldGen       total 344576K, used 267256K [0x0000000081c00000, 0x0000000096c80000, 0x00000000d5f00000)
  object space 344576K, 77% used [0x0000000081c00000,0x00000000920fe160,0x0000000096c80000)
 Metaspace       used 76587K, capacity 84534K, committed 84608K, reserved 1118208K
  class space    used 12353K, capacity 14954K, committed 14976K, reserved 1048576K
Event: 65.885 GC heap after
Heap after GC invocations=99 (full 6):
 PSYoungGen      total 615424K, used 49096K [0x00000000d5f00000, 0x0000000100000000, 0x0000000100000000)
  eden space 548864K, 0% used [0x00000000d5f00000,0x00000000d5f00000,0x00000000f7700000)
  from space 66560K, 73% used [0x00000000f7700000,0x00000000fa6f2200,0x00000000fb800000)
  to   space 68608K, 0% used [0x00000000fbd00000,0x00000000fbd00000,0x0000000100000000)
 ParOldGen       total 344576K, used 267512K [0x0000000081c00000, 0x0000000096c80000, 0x00000000d5f00000)
  object space 344576K, 77% used [0x0000000081c00000,0x000000009213e190,0x0000000096c80000)
 Metaspace       used 76587K, capacity 84534K, committed 84608K, reserved 1118208K
  class space    used 12353K, capacity 14954K, committed 14976K, reserved 1048576K
}

