# JRE version: Java(TM) SE Runtime Environment (8.0_51-b16) (build 1.8.0_51-b16)
# Java VM: Java HotSpot(TM) 64-Bit Server VM (25.51-b03 mixed mode windows-amd64 compressed oops)
Heap:
 PSYoungGen      total 654848K, used 390258K [0x00000000d5f00000, 0x0000000100000000, 0x0000000100000000)
  eden space 620032K, 61% used [0x00000000d5f00000,0x00000000ed5ec850,0x00000000fbc80000)
  from space 34816K, 18% used [0x00000000fde00000,0x00000000fe430080,0x0000000100000000)
  to   space 34304K, 0% used [0x00000000fbc80000,0x00000000fbc80000,0x00000000fde00000)
 ParOldGen       total 365568K, used 327387K [0x0000000081c00000, 0x0000000098100000, 0x00000000d5f00000)
  object space 365568K, 89% used [0x0000000081c00000,0x0000000095bb6f20,0x0000000098100000)
 Metaspace       used 79078K, capacity 87688K, committed 87808K, reserved 1122304K
  class space    used 12666K, capacity 15289K, committed 15360K, reserved 1048576K
GC Heap History (10 events):
Event: 104.468 GC heap before
{Heap before GC invocations=147 (full 5):
 PSYoungGen      total 653312K, used 633520K [0x00000000d5f00000, 0x00000000fff80000, 0x0000000100000000)
  eden space 620032K, 100% used [0x00000000d5f00000,0x00000000fbc80000,0x00000000fbc80000)
  from space 33280K, 40% used [0x00000000fbc80000,0x00000000fc9ac0a0,0x00000000fdd00000)
  to   space 33280K, 0% used [0x00000000fdf00000,0x00000000fdf00000,0x00000000fff80000)
 ParOldGen       total 365568K, used 314964K [0x0000000081c00000, 0x0000000098100000, 0x00000000d5f00000)
  object space 365568K, 86% used [0x0000000081c00000,0x0000000094f95378,0x0000000098100000)
 Metaspace       used 79012K, capacity 87516K, committed 87808K, reserved 1122304K
  class space    used 12664K, capacity 15285K, committed 15360K, reserved 1048576K
Event: 104.495 GC heap after
Heap after GC invocations=147 (full 5):
 PSYoungGen      total 655360K, used 13440K [0x00000000d5f00000, 0x0000000100000000, 0x0000000100000000)
  eden space 622080K, 0% used [0x00000000d5f00000,0x00000000d5f00000,0x00000000fbe80000)
  from space 33280K, 40% used [0x00000000fdf00000,0x00000000fec20070,0x00000000fff80000)
  to   space 33280K, 0% used [0x00000000fbe80000,0x00000000fbe80000,0x00000000fdf00000)
 ParOldGen       total 365568K, used 315284K [0x0000000081c00000, 0x0000000098100000, 0x00000000d5f00000)
  object space 365568K, 86% used [0x0000000081c00000,0x0000000094fe5378,0x0000000098100000)
 Metaspace       used 79012K, capacity 87516K, committed 87808K, reserved 1122304K
  class space    used 12664K, capacity 15285K, committed 15360K, reserved 1048576K
}
Event: 105.667 GC heap before
{Heap before GC invocations=148 (full 5):
 PSYoungGen      total 655360K, used 635520K [0x00000000d5f00000, 0x0000000100000000, 0x0000000100000000)
  eden space 622080K, 100% used [0x00000000d5f00000,0x00000000fbe80000,0x00000000fbe80000)
  from space 33280K, 40% used [0x00000000fdf00000,0x00000000fec20070,0x00000000fff80000)
  to   space 33280K, 0% used [0x00000000fbe80000,0x00000000fbe80000,0x00000000fdf00000)
 ParOldGen       total 365568K, used 315289K [0x0000000081c00000, 0x0000000098100000, 0x00000000d5f00000)
  object space 365568K, 86% used [0x0000000081c00000,0x0000000094fe6708,0x0000000098100000)
 Metaspace       used 79012K, capacity 87516K, committed 87808K, reserved 1122304K
  class space    used 12664K, capacity 15285K, committed 15360K, reserved 1048576K
Event: 105.694 GC heap after
Heap after GC invocations=148 (full 5):
 PSYoungGen      total 655360K, used 6000K [0x00000000d5f00000, 0x0000000100000000, 0x0000000100000000)
  eden space 622080K, 0% used [0x00000000d5f00000,0x00000000d5f00000,0x00000000fbe80000)
  from space 33280K, 18% used [0x00000000fbe80000,0x00000000fc45c080,0x00000000fdf00000)
  to   space 33792K, 0% used [0x00000000fdf00000,0x00000000fdf00000,0x0000000100000000)
 ParOldGen       total 365568K, used 323089K [0x0000000081c00000, 0x0000000098100000, 0x00000000d5f00000)
  object space 365568K, 88% used [0x0000000081c00000,0x0000000095784708,0x0000000098100000)
 Metaspace       used 79012K, capacity 87516K, committed 87808K, reserved 1122304K
  class space    used 12664K, capacity 15285K, committed 15360K, reserved 1048576K
}
Event: 106.883 GC heap before
{Heap before GC invocations=149 (full 5):
 PSYoungGen      total 655360K, used 628080K [0x00000000d5f00000, 0x0000000100000000, 0x0000000100000000)
  eden space 622080K, 100% used [0x00000000d5f00000,0x00000000fbe80000,0x00000000fbe80000)
  from space 33280K, 18% used [0x00000000fbe80000,0x00000000fc45c080,0x00000000fdf00000)
  to   space 33792K, 0% used [0x00000000fdf00000,0x00000000fdf00000,0x0000000100000000)
 ParOldGen       total 365568K, used 323089K [0x0000000081c00000, 0x0000000098100000, 0x00000000d5f00000)
  object space 365568K, 88% used [0x0000000081c00000,0x0000000095784708,0x0000000098100000)
 Metaspace       used 79012K, capacity 87516K, committed 87808K, reserved 1122304K
  class space    used 12664K, capacity 15285K, committed 15360K, reserved 1048576K
Event: 106.896 GC heap after
Heap after GC invocations=149 (full 5):
 PSYoungGen      total 654336K, used 5472K [0x00000000d5f00000, 0x0000000100000000, 0x0000000100000000)
  eden space 620544K, 0% used [0x00000000d5f00000,0x00000000d5f00000,0x00000000fbd00000)
  from space 33792K, 16% used [0x00000000fdf00000,0x00000000fe458090,0x0000000100000000)
  to   space 34304K, 0% used [0x00000000fbd00000,0x00000000fbd00000,0x00000000fde80000)
 ParOldGen       total 365568K, used 323809K [0x0000000081c00000, 0x0000000098100000, 0x00000000d5f00000)
  object space 365568K, 88% used [0x0000000081c00000,0x0000000095838708,0x0000000098100000)
 Metaspace       used 79012K, capacity 87516K, committed 87808K, reserved 1122304K
  class space    used 12664K, capacity 15285K, committed 15360K, reserved 1048576K
}
Event: 108.126 GC heap before
{Heap before GC invocations=150 (full 5):
 PSYoungGen      total 654336K, used 626016K [0x00000000d5f00000, 0x0000000100000000, 0x0000000100000000)
  eden space 620544K, 100% used [0x00000000d5f00000,0x00000000fbd00000,0x00000000fbd00000)
  from space 33792K, 16% used [0x00000000fdf00000,0x00000000fe458090,0x0000000100000000)
  to   space 34304K, 0% used [0x00000000fbd00000,0x00000000fbd00000,0x00000000fde80000)
 ParOldGen       total 365568K, used 325249K [0x0000000081c00000, 0x0000000098100000, 0x00000000d5f00000)
  object space 365568K, 88% used [0x0000000081c00000,0x00000000959a0670,0x0000000098100000)
 Metaspace       used 79013K, capacity 87516K, committed 87808K, reserved 1122304K
  class space    used 12664K, capacity 15285K, committed 15360K, reserved 1048576K
Event: 108.139 GC heap after
Heap after GC invocations=150 (full 5):
 PSYoungGen      total 626176K, used 5520K [0x00000000d5f00000, 0x0000000100000000, 0x0000000100000000)
  eden space 620544K, 0% used [0x00000000d5f00000,0x00000000d5f00000,0x00000000fbd00000)
  from space 5632K, 98% used [0x00000000fbd00000,0x00000000fc264080,0x00000000fc280000)
  to   space 34816K, 0% used [0x00000000fde00000,0x00000000fde00000,0x0000000100000000)
 ParOldGen       total 365568K, used 325561K [0x0000000081c00000, 0x0000000098100000, 0x00000000d5f00000)
  object space 365568K, 89% used [0x0000000081c00000,0x00000000959ee670,0x0000000098100000)
 Metaspace       used 79013K, capacity 87516K, committed 87808K, reserved 1122304K
  class space    used 12664K, capacity 15285K, committed 15360K, reserved 1048576K
}
Event: 109.485 GC heap before
{Heap before GC invocations=151 (full 5):
 PSYoungGen      total 626176K, used 626064K [0x00000000d5f00000, 0x0000000100000000, 0x0000000100000000)
  eden space 620544K, 100% used [0x00000000d5f00000,0x00000000fbd00000,0x00000000fbd00000)
  from space 5632K, 98% used [0x00000000fbd00000,0x00000000fc264080,0x00000000fc280000)
  to   space 34816K, 0% used [0x00000000fde00000,0x00000000fde00000,0x0000000100000000)
 ParOldGen       total 365568K, used 327067K [0x0000000081c00000, 0x0000000098100000, 0x00000000d5f00000)
  object space 365568K, 89% used [0x0000000081c00000,0x0000000095b66f20,0x0000000098100000)
 Metaspace       used 79031K, capacity 87588K, committed 87808K, reserved 1122304K
  class space    used 12664K, capacity 15285K, committed 15360K, reserved 1048576K
Event: 109.501 GC heap after
Heap after GC invocations=151 (full 5):
 PSYoungGen      total 654848K, used 6336K [0x00000000d5f00000, 0x0000000100000000, 0x0000000100000000)
  eden space 620032K, 0% used [0x00000000d5f00000,0x00000000d5f00000,0x00000000fbc80000)
  from space 34816K, 18% used [0x00000000fde00000,0x00000000fe430080,0x0000000100000000)
  to   space 34304K, 0% used [0x00000000fbc80000,0x00000000fbc80000,0x00000000fde00000)
 ParOldGen       total 365568K, used 327387K [0x0000000081c00000, 0x0000000098100000, 0x00000000d5f00000)
  object space 365568K, 89% used [0x0000000081c00000,0x0000000095bb6f20,0x0000000098100000)
 Metaspace       used 79031K, capacity 87588K, committed 87808K, reserved 1122304K
  class space    used 12664K, capacity 15285K, committed 15360K, reserved 1048576K
}

